-1.00805e-07 1.53501e-07 -2.25832e-08
-1.04594e-07 -2.12765e-07 -9.4485e-08
-9.85879e-08 1.16896e-07 -6.37983e-08
0.00193444 -0.000675376 2.88405e-05
0.00359779 -0.00138499 8.68438e-05
0.00519735 -0.00239089 0.000167843
0.00689034 -0.00430218 1.85622e-05
0.00854766 -0.00638775 0.000163847
0.0105129 -0.00630254 0.000362013
0.0123416 -0.0079256 0.000430276
0.0142942 -0.00858418 0.000577153
0.0165296 -0.00974779 0.000642205
0.018962 -0.0111002 0.000657642
0.0213305 -0.011961 0.000759612
0.0239403 -0.0130716 0.000781009
0.026448 -0.0140237 0.000833064
0.0291644 -0.0150058 0.000847038
0.0319865 -0.015994 0.000893967
0.0348785 -0.0169078 0.000948764
0.0380213 -0.0180547 0.000973014
0.0412989 -0.01919 0.00102823
0.0446598 -0.0204533 0.00105098
0.0479806 -0.0217615 0.00108085
