1.06929e-06 3.86202e-05 1.98253e-06
-3.68782e-05 -8.8214e-05 -1.89452e-06
9.04493e-06 4.98868e-05 2.81285e-08
-0.000370885 -5.02487e-05 1.08247e-05
0.00026731 0.000113339 1.65788e-05
0.000834128 -0.000102659 2.89661e-05
-0.00604209 -0.0166085 0.000249797
0.0125659 -0.0365971 1.04078e-06
-0.095231 0.0910017 -0.000711844
-0.0989701 0.0210488 -0.0025032
-0.0237442 -0.089851 0.000622241
-0.0476147 -0.0138705 0.000388161
-0.105889 -0.0269115 -0.000536936
-0.00120158 -0.00662329 8.16478e-05
-0.0164581 -0.0116762 -0.000238223
-0.00728684 0.00169317 0.0005864
-0.0067719 0.00145707 0.000202612
0.00178992 -0.00140768 0.000271986
-0.00280613 -0.00140395 4.96409e-05
0.00996341 -0.0013128 -0.000817232
-4.70938e-05 -0.000118889 2.15493e-05
-4.08344 -1.25223 0.0102757
-40.3681 73.0733 -2.52229
