3.49469e-06 4.41471e-05 6.20949e-06
4.82859e-06 0.000186489 7.52497e-05
4.83612e-06 0.000187052 7.55846e-05
9.80799e-06 0.000399014 0.000172349
9.8278e-06 0.000403537 0.000172156
9.7698e-06 0.000403007 0.000171946
1.15649e-05 0.000475789 0.000204889
1.10252e-05 0.000480362 0.000205859
1.10221e-05 0.00048034 0.000205901
1.09212e-05 0.000480493 0.000205878
1.09175e-05 0.000480127 0.000205807
1.09235e-05 0.000480457 0.000205837
0.00194547 -0.000195037 0.000234741
0.00360881 -0.000904649 0.000292745
0.00520837 -0.00191055 0.000373744
0.00690137 -0.00382184 0.000224463
0.00855868 -0.00590741 0.000369748
0.010524 -0.0058222 0.000567914
0.0123527 -0.00744526 0.000636177
0.0143052 -0.00810384 0.000783054
0.0165406 -0.00926745 0.000848106
0.018973 -0.0106199 0.000863543
0.0213415 -0.0114806 0.000965513
0.0239513 -0.0125912 0.00098691
0.026459 -0.0135433 0.00103897
0.0291754 -0.0145255 0.00105294
0.0319975 -0.0155137 0.00109987
0.0348895 -0.0164274 0.00115466
0.0380324 -0.0175743 0.00117891
0.04131 -0.0187097 0.00123413
0.0446708 -0.019973 0.00125689
0.0479916 -0.0212812 0.00128675
