-2.82932e-08 2.97375e-07 -2.73594e-08
1.8236e-08 1.26493e-07 -6.77707e-09
-5.29643e-08 3.58883e-07 -3.47749e-08
0.00255885 -0.000723673 -0.000138677
0.00480326 -0.00159951 -0.000278133
0.00699899 -0.00280543 -0.000423318
0.0092867 -0.00461679 -0.000566239
0.0117046 -0.00704183 -0.000710256
0.0143852 -0.00731227 -0.000960324
0.0170153 -0.0090995 -0.00107673
0.0198498 -0.0101211 -0.0012415
0.0229175 -0.0114695 -0.00135922
0.0263945 -0.0129774 -0.00153707
0.0297173 -0.0140861 -0.00163771
0.0331402 -0.015333 -0.0016775
0.0366181 -0.0164913 -0.00167738
0.0402839 -0.0175942 -0.0016318
0.0441269 -0.0187842 -0.00167739
0.0480694 -0.0199025 -0.00173658
0.0524128 -0.021151 -0.0018244
0.0570514 -0.0224579 -0.00197064
0.0617637 -0.0237798 -0.00206033
0.0665991 -0.0252213 -0.0022625
