-0.000165711 -2.02908e-05 3.60286e-09
-0.000159245 -1.79372e-05 3.00903e-09
-0.000154757 -1.69729e-05 -5.5806e-10
-0.000393214 -6.59002e-05 1.00249e-07
-0.000375737 -6.44078e-05 1.16595e-09
-0.000377306 -6.55048e-05 8.36248e-08
-0.000468228 -9.76654e-05 -6.73284e-09
-0.000464375 -8.51141e-05 9.43702e-07
-0.000472225 -9.99394e-05 9.8506e-08
-0.000473201 3.39326e-05 3.86179e-06
-0.000473258 -0.000119705 2.82711e-06
-0.000472872 -0.000120455 -3.54962e-06
0.00135489 0.000284936 7.72363e-06
91.2985 -351.451 5.58222e-06
255.806 -984.769 0.000112703
526.773 -2027.19 0.000394444
956.543 -3682.19 -0.0013835
1500.39 -5775.97 0.00300939
902.763 -3475.84 -0.00092866
1103.71 -4248.07 0.0132635
1240.73 -4774.75 0.000822174
1418.18 -5458.46 0.000193042
1645.59 -6335.91 0.002414
1877.37 -7227.08 -0.000109538
2054.96 -7910.8 0.00048255
2252.43 -8670.87 -6.98243e-05
2439.89 -9392.54 8.85896e-05
2649.9 -10201 -0.000322271
2788.88 -10736 -0.000165842
2881.28 -11091.6 1.31946e-05
2969.85 -11432.6 0.00021389
3089.3 -11892.4 5.55323e-05
