-1.8303e-06 5.75105e-05 9.7375e-06
-2.16202e-06 0.000228782 -5.69102e-05
-2.19917e-06 0.000229799 -5.7071e-05
-4.78952e-06 0.00050313 -0.000130169
-5.16529e-06 0.000502053 -0.000131101
-5.25412e-06 0.000500848 -0.000131063
-5.64441e-06 0.000593629 -0.000155995
-6.06721e-06 0.00059724 -0.000157034
-6.09381e-06 0.000597199 -0.000157078
-6.16012e-06 0.000597386 -0.000157069
-6.17594e-06 0.000596894 -0.000157006
-6.15348e-06 0.000597395 -0.000157007
0.00192056 5.10413e-05 -0.000165669
0.00357438 -0.000539351 -0.000193557
0.00516216 -0.00138367 -0.000251441
0.00684286 -0.00391847 -0.000329662
0.00847738 -0.00607866 -0.000544505
0.0104467 -0.00509128 -0.000468101
0.0122493 -0.00648309 -0.000450353
0.0141816 -0.00682265 -0.000527705
0.0163967 -0.00781295 -0.000531746
0.0188074 -0.0092165 -0.000549076
0.0211483 -0.00978835 -0.000577427
0.0237242 -0.0109074 -0.000580058
0.0261957 -0.0117065 -0.000531503
0.0288754 -0.0126853 -0.000499919
0.03166 -0.0136457 -0.000514245
0.0345222 -0.0144855 -0.000530267
0.0376352 -0.0155875 -0.000521979
0.040891 -0.0165805 -0.000515988
0.0442404 -0.0177462 -0.000494496
0.0475435 -0.0188871 -0.000424816
