1.14841e-06 6.31212e-05 9.70152e-09
2.84962e-06 8.05081e-05 1.90596e-10
5.88292e-06 6.71474e-05 3.57772e-10
-0.000113734 0.00041142 5.1649e-07
-7.56584e-05 0.000307321 7.85985e-07
-5.06591e-05 0.000307806 -5.79575e-10
-7.3612e-05 0.000409138 -6.94502e-09
-0.00015288 0.000368435 5.23167e-06
-7.25715e-05 0.000410974 -1.56808e-09
-8.29707e-05 0.000417022 1.78309e-07
-8.37816e-05 0.000402975 1.43785e-07
-6.5077e-05 0.000397304 1.31002e-09
-0.000438188 0.00148183 -1.25943e-05
-466.565 -97.9252 3.75084e-06
-1077.03 -226.03 0.000582653
-1944.63 -408.241 -0.00162547
-2975.47 -624.53 -0.00252133
-2301.89 -483.055 0.00226387
-3568.53 -748.873 0.0003552
-4025.52 -844.984 -4.42854e-06
-4220.69 -885.779 -0.000293781
-4788.94 -1004.98 0.000133586
-6315.12 -1325.29 -0.00042379
-7030.86 -1475.7 9.89688e-05
-7746.17 -1625.82 0.000268863
-8826.84 -1852.66 -0.00138742
-9323.75 -1957.18 -0.00281421
-10323.5 -2166.81 0.00098062
-10689.5 -2243.61 -8.94632e-05
-10834 -2273.9 1.38791e-06
-10452.5 -2193.84 0.000459319
-10235.3 -2148.14 -0.00765295
