-4.1642e-06 -0.000122591 -2.75772e-05
-4.85508e-06 -0.000124743 -2.76011e-05
-5.24703e-06 -0.000125215 -2.75553e-05
-1.11158e-05 -0.00030737 -5.9249e-05
-1.09763e-05 -0.000306327 -5.97382e-05
-1.09458e-05 -0.000306631 -5.96416e-05
-1.54412e-05 -0.000368203 -7.53486e-05
-1.52758e-05 -0.000367612 -7.52748e-05
-1.52461e-05 -0.000367934 -7.54582e-05
-1.52208e-05 -0.00036764 -7.54617e-05
-1.52186e-05 -0.000367779 -7.54451e-05
-1.52288e-05 -0.000367592 -7.54695e-05
0.00272707 -0.0012119 -8.44971e-05
0.00515295 -0.00220678 -9.11307e-05
0.00754636 -0.00354877 -0.000121405
0.0100633 -0.00553618 -0.000203272
0.0126231 -0.0080563 -0.000189852
0.0156775 -0.00856612 -0.000237931
0.0182839 -0.0103035 -0.00011913
0.0212891 -0.0114251 -5.18545e-05
0.0244535 -0.0128195 1.88672e-05
0.027989 -0.0143332 0.000146734
0.0313202 -0.0154361 0.000256928
0.0347398 -0.0166738 0.000438409
0.038101 -0.0177276 0.000671866
0.041641 -0.0187161 0.000910821
0.0453613 -0.0197714 0.00116383
0.0492566 -0.0208062 0.00142983
0.0535004 -0.0219178 0.00174489
0.0580112 -0.023054 0.00210058
0.0625314 -0.0241809 0.00241436
0.067187 -0.0253937 0.00281036
