7.41662e-08 2.6768e-07 -3.94707e-09
6.4427e-08 1.65606e-07 -5.44087e-09
7.46204e-08 3.01592e-07 2.64331e-09
0.00272376 -0.00055211 1.99182e-06
0.00514644 -0.00121523 1.5211e-05
0.00754223 -0.00233778 8.86315e-06
0.0100525 -0.00472939 -0.000117217
0.012514 -0.00743265 -0.00025483
0.0156496 -0.00686021 -7.05296e-05
0.0180856 -0.00793858 -0.000117684
0.0209968 -0.00872799 -0.000152823
0.0240055 -0.00952015 -0.000197386
0.0273884 -0.0105805 -0.000267668
0.0304976 -0.0111331 -0.000340845
0.0336547 -0.0118443 -0.000420567
0.0367244 -0.0120302 -0.000465681
0.0399525 -0.0123451 -0.000559745
0.0433544 -0.0128282 -0.000679218
0.0469375 -0.0132764 -0.000793596
0.0508198 -0.0137647 -0.000936718
0.0549595 -0.0141064 -0.00106753
0.0591277 -0.0145386 -0.00121035
0.0633776 -0.0147501 -0.00133201
