-2.36491 0.0919368 -0.0128883
0.000197258 -0.00228662 4.49685e-08
0.000198913 -0.00229131 3.10934e-10
0.87768 -0.154133 -0.0021459
0.0134754 -0.00737329 0.000141758
0.000811869 -0.00482446 2.85232e-06
0.0439365 -0.0178419 0.000350957
0.00164734 -0.00591196 7.99197e-06
0.00182624 -0.00495545 -1.47551e-05
-20.7403 173.88 14.9341
20.9555 35.1945 1.58977
15.8891 -34.8493 -3.66242
-0.834798 1.54618 -0.0734029
-8.89132 1.37154 -0.0130976
-8.23502 29.2603 0.329128
-1.91315 -0.0639328 -0.00451071
30.4433 -40.0172 -0.112991
-635.45 -419.19 6.37538
151.499 14.2107 -16.2728
195.09 26.1526 -18.7492
10.1806 0.839359 -0.576181
106.084 -26.5448 -0.739963
184.574 -22.789 -0.293415
-0.0235872 -0.00488699 0.000240231
-0.0373305 -0.0087352 3.3857e-05
-0.0437154 -0.00814428 3.06624e-07
-0.0451562 -0.00806251 -3.78727e-05
-0.0509029 -0.00978518 -1.54228e-06
-0.0581863 -0.00952094 4.42598e-05
-0.0636835 -0.00928627 -8.05626e-05
-0.0713986 -0.00905481 2.15896e-05
-0.0752694 -0.00846816 5.22551e-05
