-2.49118e-05 -6.60106e-05 3.80754e-06
-2.55619e-05 -6.8921e-05 3.07633e-06
-2.56274e-05 -6.93991e-05 3.08851e-06
-6.06018e-05 -0.00017923 6.86275e-06
-6.08933e-05 -0.000177532 7.02032e-06
-6.09035e-05 -0.000177736 7.04038e-06
-7.46344e-05 -0.00021464 9.61326e-06
-7.46983e-05 -0.000214061 9.49079e-06
-7.47189e-05 -0.000214255 9.51602e-06
-7.48176e-05 -0.000213967 9.47826e-06
-7.47304e-05 -0.000214144 9.4943e-06
-7.48571e-05 -0.000213904 9.46992e-06
0.00214986 -0.00088848 -0.000155808
0.00406702 -0.00171459 -0.000315969
0.00592686 -0.0028679 -0.000479215
0.0078808 -0.00462308 -0.000643004
0.00993178 -0.00698842 -0.000829487
0.0121008 -0.00718591 -0.00103043
0.0143715 -0.00892205 -0.00124564
0.0167479 -0.0098779 -0.00148097
0.0194119 -0.0111769 -0.00175968
0.0222962 -0.0126035 -0.00207506
0.0251396 -0.0136522 -0.00237279
0.0282473 -0.0148559 -0.00264716
0.0313417 -0.0159724 -0.0029684
0.0346762 -0.0170448 -0.0032988
0.0381121 -0.0181889 -0.00363976
0.041594 -0.0192582 -0.00399388
0.0454699 -0.0204612 -0.00440358
0.0494855 -0.0217062 -0.00488048
0.0536046 -0.0229762 -0.00538427
0.0577374 -0.0243378 -0.00588066
