-1.50923e-06 -0.000168791 -1.74952e-06
-1.83903e-06 -0.000170891 -1.69247e-06
-2.3424e-06 -0.000171294 -1.67449e-06
1.85775e-06 -0.000425415 -3.2402e-06
2.10653e-06 -0.000426412 -5.36361e-06
2.22871e-06 -0.000427038 -5.38738e-06
3.74368e-06 -0.000514841 -5.03921e-06
4.00368e-06 -0.000514642 -5.19994e-06
4.02969e-06 -0.000515024 -5.24808e-06
4.08175e-06 -0.000514732 -5.26057e-06
4.07135e-06 -0.000514839 -5.25513e-06
4.08034e-06 -0.000514701 -5.26478e-06
0.00270449 -0.00122487 6.93514e-05
0.00509338 -0.00209667 0.000158174
0.00747104 -0.00337627 0.000230146
0.0100546 -0.00557961 0.000179856
0.0125903 -0.00811158 0.000152676
0.0155705 -0.00822472 0.000464828
0.0180015 -0.00947499 0.000610713
0.0209182 -0.0103607 0.000707823
0.0239239 -0.0113082 0.00085972
0.0273259 -0.0124517 0.000996801
0.0304621 -0.0130605 0.00111806
0.0336547 -0.0137809 0.0012013
0.0367267 -0.0141301 0.00135853
0.039992 -0.0144742 0.00147626
0.0434463 -0.0149227 0.00157249
0.0470763 -0.015354 0.00167136
0.0510182 -0.0157726 0.00177132
0.0551974 -0.0161185 0.00191194
0.0594123 -0.0165088 0.0020379
0.0636904 -0.0167905 0.00223127
