7.92012e-05 -3.14889e-05 4.57447e-06
0.000888355 0.00992436 -0.000809946
0.888389 -0.684524 -0.000454896
0.0109175 0.00114795 -6.06931e-05
-0.0996094 0.326553 0.0151075
8.24734 2.39843 0.0196026
-57.9971 -76.342 -2.07576
13.5398 10.5807 -0.451375
1803.7 1481.61 -61.7649
71.0373 60.126 -6.72552
12.4949 43.0395 -5.63455
-0.523969 -1.98457 0.640067
3190.03 1891.87 -311.962
-320.302 -106.577 4.19951
0.20062 -0.0340123 0.00367618
0.205762 0.0017926 0.0146094
0.125785 -0.101443 0.000893732
0.00506731 0.000908947 -0.000100407
0.00486464 -0.00239615 -4.09662e-06
-0.00255372 0.00132502 -0.000117073
-0.00239148 -0.00083163 0.00011876
-0.00253801 -0.0021705 -7.13547e-05
-0.00247876 0.00290461 4.65246e-05
