-9.23029e-08 1.41764e-07 4.76316e-10
-9.9116e-08 -3.03826e-07 -6.3219e-08
-8.89983e-08 7.21437e-08 -1.5849e-08
0.00193258 -0.000635172 3.91435e-05
0.00359362 -0.00128296 8.7677e-05
0.00519037 -0.00219926 0.000160153
0.00688029 -0.0042856 6.5541e-06
0.00853207 -0.0062419 8.44039e-05
0.0104985 -0.00590736 0.000314334
0.0123208 -0.00745493 0.000377018
0.0142685 -0.00795312 0.000505823
0.016499 -0.00904689 0.000561667
0.018926 -0.010393 0.000558356
0.0212878 -0.0111376 0.000656026
0.0238892 -0.0122349 0.000659093
0.026388 -0.0131402 0.000690764
0.0290953 -0.0141194 0.000684552
0.0319082 -0.0150697 0.00070495
0.0347929 -0.0159331 0.00073842
0.0379284 -0.0170591 0.000751338
0.0412006 -0.0181382 0.00079429
0.0445587 -0.0193764 0.00081536
0.0478751 -0.0206547 0.000839438
