-3.45002e-06 5.56498e-05 -2.01037e-05
-4.09169e-06 0.000132429 -9.2778e-05
-4.14121e-06 0.000133139 -9.30972e-05
-8.82303e-06 0.000280694 -0.000215698
-9.30294e-06 0.000279081 -0.0002155
-9.39976e-06 0.000278041 -0.000215271
-1.03934e-05 0.000328138 -0.000256732
-1.07819e-05 0.00033027 -0.000257969
-1.08149e-05 0.000330161 -0.000258029
-1.08714e-05 0.000330345 -0.000258051
-1.08908e-05 0.00032999 -0.000257892
-1.08635e-05 0.000330456 -0.000257961
0.00191359 -0.000255647 -0.000313701
0.00356473 -0.000910271 -0.000387185
0.00514912 -0.0018824 -0.000531314
0.00682657 -0.00448101 -0.00054937
0.00845476 -0.00700606 -0.000904776
0.0104252 -0.00601722 -0.000991694
0.0122205 -0.00740214 -0.000995042
0.0141471 -0.00792234 -0.00120324
0.0163565 -0.00893775 -0.00123985
0.018761 -0.010354 -0.00124155
0.0210941 -0.0110159 -0.00135563
0.0236608 -0.0121285 -0.00134132
0.0261224 -0.0128436 -0.00125669
0.0287921 -0.0137509 -0.0011738
0.0315665 -0.0147275 -0.00118317
0.0344205 -0.015596 -0.00121118
0.0375254 -0.0166818 -0.00119323
0.0407751 -0.0176756 -0.00120043
0.0441214 -0.0188123 -0.00117668
0.0474197 -0.0198389 -0.00106655
