-1.08135e-07 1.88794e-07 -5.01841e-08
-1.0929e-07 -1.08619e-07 -1.16108e-07
-1.06851e-07 2.03254e-07 -1.1263e-07
0.00193601 -0.00069526 9.99651e-06
0.00360132 -0.0014635 7.01141e-05
0.00520327 -0.00254727 0.000145183
0.00689897 -0.00431949 2.46775e-05
0.00856097 -0.00657071 0.000203212
0.0105252 -0.00665398 0.000342235
0.0123593 -0.00834525 0.000411945
0.0143161 -0.00914821 0.000555308
0.0165557 -0.010378 0.000624006
0.0189927 -0.0117558 0.000660914
0.0213669 -0.0127129 0.000752261
0.0239839 -0.013855 0.000795852
0.0264993 -0.0148712 0.000875544
0.0292235 -0.015881 0.000919564
0.0320535 -0.0169291 0.000995247
0.0349518 -0.0179067 0.00107041
0.038101 -0.0190838 0.00110824
0.0413832 -0.0202788 0.00117409
0.0447464 -0.0215656 0.001199
0.048071 -0.022909 0.0012419
