-345.429 -782.175 8.96108e-09
-342.476 -775.489 9.51506e-10
-343.958 -778.843 -1.61653e-09
-743.26 -1683.01 5.21268e-08
-735.339 -1665.07 -3.51791e-06
-735.297 -1664.98 -2.33408e-09
-912.523 -2066.28 2.78556e-10
-908.328 -2056.78 6.35455e-06
-908.585 -2057.36 -6.34799e-11
-907.837 -2055.67 -4.61494e-06
-907.806 -2055.6 -1.10198e-05
-907.877 -2055.76 5.07911e-06
-1054.53 -2387.84 8.73218e-09
-1205.88 -2730.54 1.38484e-05
-1380.81 -3126.65 -6.81716e-06
-1648.67 -3733.18 -0.000274623
-1945.46 -4405.08 -0.000353072
-1927.47 -4364.55 0.00053489
-2129.76 -4822.57 5.94076e-05
-2331.92 -5280.29 -0.000147619
-2510.32 -5684.28 -5.52644e-05
-2742.47 -6097.93 -0.213178
-3024.42 -6722.49 -0.286212
-3318.74 -7514.83 -1.07396e-05
-3597.21 -8145.4 -6.24849e-05
-3891.98 -8812.85 -1.18713e-05
-4163.89 -9428.55 -0.000729623
-4399.32 -9961.66 -0.000147416
-4542.24 -10306.7 0.246543
-4653.78 -10538.5 0.0155643
-4652.68 -10535.4 0.000174972
-4707.98 -10661.2 -0.00716318
