0.0658859 -404.955 0.0101432
-0.044446 0.0104517 0.0033212
-0.000264785 -0.00187934 1.25891e-09
0.407535 0.0389824 -5.56532e-05
-0.000686833 -0.00394261 6.1948e-10
0.00175313 -0.00912594 0.000233725
0.26178 -0.381803 0.0169472
-0.000154834 -0.00566259 4.56875e-05
0.00444871 -0.00307289 0.000432193
-0.00084385 -0.00467312 2.55609e-05
0.00327835 -0.0106924 0.000280122
0.00500529 -0.013226 0.000352409
-0.00213956 -0.00263157 1.7573e-05
-0.00458169 -0.00254413 -3.80005e-05
-0.00595325 -0.00267354 7.69943e-06
0.0457425 -4894.45 -0.000341349
0.0905678 0.116368 0.000574528
-0.016321 -0.00277707 3.28422e-05
-0.0120701 -0.00370119 0.000191332
-0.0175178 -0.0044984 -6.82225e-05
-0.01666 -0.00456798 2.79714e-05
-0.0192053 -0.00507954 -2.58142e-05
-0.0234045 -0.00542471 -0.000190996
-0.0241408 -0.00582451 1.39351e-06
-0.0243109 -0.00643751 -4.41892e-05
-0.0261482 -0.00675652 3.27621e-05
-0.0265345 -0.00544781 -6.6331e-05
-0.0270149 -0.00915771 -0.000114312
-0.0314069 -0.00918361 -0.000151283
-0.0343678 -0.00931429 -5.78416e-05
-0.0335245 -0.00573052 -6.43538e-05
-0.0373939 -0.00573839 0.000110298
