-2.5865e-06 -4.05959e-05 9.42725e-06
8.59751e-07 -2.37838e-05 -1.87761e-06
3.3361e-07 3.58928e-05 8.97557e-06
-0.0116345 -0.00118788 5.52516e-05
-0.236172 -0.05318 0.00201032
73.8024 -30.7558 -1.79851
-67.0303 -2.05796 -4.45419
610.079 -551.411 -6.91032
-123.879 449.779 -2.91797
4.45353 200.816 -3.46143
-30.2796 -49.4126 -3.27656
-33.0542 188.671 3.68375
80.824 146.075 -14.7092
208.229 -152.987 17.1164
-99.5251 17.5456 -0.958833
-8.08394 4.97659 1.97921
-217.443 20.2432 -2.97689
-95.554 -83.4422 -0.637819
-213.27 65.5696 2.9415
-2.96273 7.38242 0.909971
19.1153 15.6301 1.00288
-0.730362 -0.142604 0.000847332
-0.216523 -0.0245591 -0.000680837
