5.66275e-07 -9.42354e-06 6.15842e-06
1.40541e-05 1.44384e-05 3.56104e-06
2.56601e-05 3.08729e-05 -1.33188e-06
-0.0163023 0.0232809 -6.23714e-05
-0.318705 -0.261102 -0.0116787
-31.1418 -21.7115 2.66526
216.341 -187.419 -14.6574
-349.035 368.555 1.26873
-141.26 141.983 -0.523255
-19.9557 -169.123 0.710668
-24.9639 25.8192 -0.646099
-6.98023 -1.30413 -0.17557
-9.14871 1.56164 -0.182708
-33.8883 43.2961 -1.5177
-18.7356 5.18752 0.0420417
12.0637 11.1107 0.31702
3.96018 -12.2352 0.0462745
3.69631 11.8319 0.188282
0.987008 1.44025 -0.00427526
2.26649 -4.67492 0.0929477
0.145686 -0.122564 9.20135e-05
-0.0751921 -0.224251 -0.00883276
1.31852 0.581528 -0.0277536
