3.0026e-05 -6.51366e-05 -7.79214e-06
3.05261e-05 -6.7184e-05 -8.28573e-06
3.05537e-05 -6.72271e-05 -7.66304e-06
7.15848e-05 -0.000185144 -1.98392e-05
7.19927e-05 -0.000185268 -1.99179e-05
7.20362e-05 -0.000185743 -1.99773e-05
8.88882e-05 -0.00022434 -2.56097e-05
8.89162e-05 -0.000224299 -2.56135e-05
8.89599e-05 -0.000224545 -2.56692e-05
8.90515e-05 -0.000224325 -2.5657e-05
8.89954e-05 -0.000224451 -2.56712e-05
8.90742e-05 -0.000224277 -2.56495e-05
0.00236405 -0.000968759 -0.000188291
0.00436025 -0.00180295 -0.000352049
0.0063012 -0.00311682 -0.000520321
0.00820686 -0.00584971 -0.000658831
0.0099918 -0.00893268 -0.000842063
0.0128767 -0.00829772 -0.00112258
0.0146615 -0.00969612 -0.00130306
0.0171148 -0.0106974 -0.00149209
0.0195142 -0.0117813 -0.00169895
0.0221845 -0.0131896 -0.00192863
0.0245976 -0.0140854 -0.00211242
0.0271644 -0.0151065 -0.00227401
0.0296155 -0.0155872 -0.00246615
0.0321065 -0.0162978 -0.00260689
0.0347597 -0.0172048 -0.00275853
0.0375841 -0.0180841 -0.00288835
0.0406269 -0.0190609 -0.00306468
0.0437979 -0.01995 -0.00326534
0.0469893 -0.0209414 -0.00346359
0.0502453 -0.0216942 -0.00372135
