0.000124246 -1.56073e-05 1.01051e-06
-0.00225068 -0.00462896 -1.12469e-05
-0.00331065 -0.00891572 2.51095e-05
-0.276154 -0.0650244 -0.00110717
0.000719122 -0.00383429 0.000188295
-0.00026816 -0.00899179 3.8175e-06
0.00190619 -0.0107197 1.21526e-05
-0.000343403 -0.01079 1.84727e-08
-0.000348103 -0.010795 -5.14456e-09
-0.000349549 -0.0106915 -4.36272e-07
-0.000345533 -0.0108634 6.35446e-06
-0.00034785 -0.0107947 1.4129e-06
-0.182433 -0.0414947 -0.000631145
-0.00481732 -0.0100835 -1.06388e-06
-0.0071827 -0.0122842 2.32657e-05
0.0144135 -0.00108424 0.000154937
0.000509143 -0.010818 2.65706e-05
-0.00785597 -0.0167552 6.42191e-05
-0.0182758 -0.0174738 -1.01382e-05
-0.0169318 -0.0205725 3.07846e-07
-0.0206716 -0.0226465 -1.31237e-05
-0.0272912 -0.0205205 1.62429e-06
-0.027751 -0.0262893 0.000103953
-0.0307277 -0.026914 -0.000106253
-0.0360098 -0.0278315 -3.39462e-05
-0.0394469 -0.0276051 -2.98703e-05
-0.0388892 -0.0281016 -8.05936e-05
-0.0503087 -0.0286173 -5.53996e-05
-0.0419894 -0.0287259 -2.64614e-05
-0.0506732 -0.0324018 4.05636e-05
-0.0543407 -0.0288689 6.13504e-05
-0.0587411 -0.0287461 -1.42937e-05
