-1.50609e-05 -0.000102473 -2.04493e-05
-1.58284e-05 -0.000104715 -2.03492e-05
-1.61654e-05 -0.000105209 -2.02889e-05
-3.74003e-05 -0.000261035 -4.97052e-05
-3.73049e-05 -0.000259764 -4.95741e-05
-3.72843e-05 -0.000260054 -4.9724e-05
-4.90769e-05 -0.000310728 -6.05975e-05
-4.8884e-05 -0.000310163 -6.05844e-05
-4.89158e-05 -0.000310401 -6.06082e-05
-4.89035e-05 -0.000310106 -6.06221e-05
-4.88898e-05 -0.000310258 -6.06029e-05
-4.89163e-05 -0.000310052 -6.06294e-05
0.00267307 -0.00113035 -0.000117489
0.00508073 -0.0021031 -0.000172679
0.00744622 -0.00341106 -0.000234159
0.00991077 -0.00533496 -0.000326016
0.0124679 -0.00784643 -0.000358811
0.0154638 -0.00829528 -0.000487854
0.0181363 -0.0101009 -0.000414343
0.0211523 -0.0112315 -0.000454707
0.0243382 -0.0126471 -0.000453914
0.0279278 -0.014217 -0.000427818
0.0312983 -0.0153576 -0.000416528
0.0347712 -0.0166494 -0.000437064
0.0382327 -0.0178081 -0.000367934
0.0418791 -0.0189075 -0.000271879
0.0457249 -0.020095 -0.000151286
0.0497397 -0.0212566 -7.65694e-05
0.054131 -0.0225274 3.37661e-05
0.058797 -0.0238354 0.000149741
0.0634542 -0.0251149 0.000263095
0.0683059 -0.0265444 0.000454615
