-1.65915e-05 0.000108602 -1.36897e-05
-1.49851e-05 -3.75162e-06 1.36219e-06
7.53748e-06 -0.000104052 -9.4917e-06
-0.0387331 0.00698944 0.000509195
-0.0748989 -0.0421975 -0.000363846
-3.02835 -6.31854 -0.00811944
0.000386681 -0.000172619 -2.85676e-05
0.0112296 0.000843314 -2.31022e-05
37.1939 -4.39147 0.286082
15.7642 -2.79507 -0.258026
-19.1419 -9.76264 0.0595465
0.692435 0.267577 -0.00040621
4.45504 0.61089 0.012081
0.0895173 -0.223845 -0.00554811
0.148223 0.145604 0.000803904
0.00319281 -0.000768351 1.42088e-05
-0.00169597 0.000225071 1.39707e-05
-0.00312146 0.000228791 2.30149e-05
0.00091753 8.0459e-05 -2.69462e-06
-0.000665404 0.000218184 1.00454e-05
-0.00258458 0.00191991 -1.84175e-06
7.31496e-06 -0.00155039 -1.35823e-05
-0.000881927 -0.000849112 8.00678e-06
