-27.8924 -0.0854899 -0.150121 27.8924 0.0854899 0.136613
-18.3586 0.030759 0.366636 18.3586 -0.030759 -0.361776
-31.5737 -0.0878698 0.00319192 31.5737 0.0878698 -0.0170753
2789.08 -66.1316 -225.045 -2789.08 66.1316 214.596
6224.34 -91.3752 -380.231 -6224.34 91.3752 365.794
10983.3 -105.823 -476.782 -10983.3 105.823 460.062
15709.7 -136.104 -657.729 -15709.7 136.104 636.225
21593.9 -156.477 -793.918 -21593.9 156.477 769.194
27594.3 -190.236 -979.559 -27594.3 190.236 949.502
34316.8 -213.616 -1140.3 -34316.8 213.616 1106.55
39921.7 -264.028 -1408.97 -39921.7 264.028 1367.25
46423.3 -311.937 -1676.62 -46423.3 311.937 1627.34
55683.8 -355.456 -1885.83 -55683.8 355.456 1829.67
62324.3 -347.489 -1937.07 -62324.3 347.489 1882.17
69618.5 -357.627 -2061.46 -69618.5 357.627 2004.96
76375.8 -336.705 -2027.79 -76375.8 336.705 1974.59
83856.9 -353.92 -2167.56 -83856.9 353.92 2111.64
93616.4 -343.578 -2189.19 -93616.4 343.578 2134.91
101472 -408.944 -2502.47 -101472 408.944 2437.86
109387 -443.277 -2578.43 -109387 443.277 2508.39
118202 -383.383 -2554.54 -118202 383.383 2493.97
125478 -399.084 -2647.27 -125478 399.084 2584.21
133988 -429.337 -2813.69 -133988 429.337 2745.85
