-23395.5 -1.73627
-22886.7 1.18862
-22995.9 0.537927
-50746.9 -150.505
-51225.1 -160.517
-51258.6 -159.722
-59552.3 -152.608
-59571.8 -152.473
-59608.7 -152.898
-59571.1 -152.689
-59570.7 -152.716
-59571.6 -152.674
-63088.9 80.8845
-67611.3 299.262
-71776.4 466.199
-76995 635.767
-81707.4 837.679
-87899.5 1008.71
-92186.6 1263.38
-98040.6 1469.27
-101854 1735.24
-107827 1968.46
-115518 2222.64
-123405 2455.75
-129586 2816.37
-135570 3213
-144537 3496.61
-150511 3805.71
-159135 4014.22
-166904 4213.55
-172447 4574.59
-178773 4784.63
