-35.0231 -0.323351 -0.0607294 35.0231 0.323351 0.0239214
-35.4651 -0.286545 -0.0468093 35.4651 0.286545 0.0141911
-34.4623 -0.3095 -0.0908587 34.4623 0.3095 0.0556275
3391.13 -69.1613 91.3246 -3391.13 69.1613 -99.1975
7764.83 -217.646 163.701 -7764.83 217.646 -188.476
11690.4 -386.131 297.466 -11690.4 386.131 -341.421
16591.4 -531.994 432.687 -16591.4 531.994 -493.245
21002.3 -671.876 619.831 -21002.3 671.876 -696.313
26773.8 -765.493 804.852 -26773.8 765.493 -891.99
30802.3 -866.228 1017.91 -30802.3 866.228 -1116.51
36278.7 -962.728 1211.6 -36278.7 962.728 -1321.19
39890.9 -1027.07 1410.29 -39890.9 1027.07 -1527.21
45445.7 -1080.06 1647.46 -45445.7 1080.06 -1770.41
52656.3 -1092.35 1879.27 -52656.3 1092.35 -2003.61
60014.8 -1117.26 2118.52 -60014.8 1117.26 -2245.7
65886.6 -1113.7 2374.59 -65886.6 1113.7 -2501.37
71559.8 -1134.27 2650.2 -71559.8 1134.27 -2779.32
79966.4 -1133.93 2910.78 -79966.4 1133.93 -3039.86
85536.2 -1130.45 3190.08 -85536.2 1130.45 -3318.76
93538.6 -1129.72 3465.83 -93538.6 1129.72 -3594.43
100720 -1100.94 3741.84 -100720 1100.94 -3867.16
105884 -1046.65 4057.22 -105884 1046.65 -4176.36
111654 -1036.69 4360.43 -111654 1036.69 -4478.44
