23412 -141.069 111.44 -23412 141.069 -127.561
22903.8 -140.451 110.017 -22903.8 140.451 -126.068
23012.9 -141.43 110.67 -23012.9 141.43 -126.833
50678.9 -355.387 24.1656 -50678.9 355.387 -64.7791
51159.1 -394.237 31.5877 -51159.1 394.237 -76.6409
51190.3 -401.473 31.5596 -51190.3 401.473 -77.4399
59456.9 -377.333 -48.9859 -59456.9 377.333 5.86436
59476.4 -379.211 -48.0559 -59476.4 379.211 4.71982
59513.6 -379.132 -47.1071 -59513.6 379.132 3.78001
59476.1 -378.879 -47.2255 -59476.1 378.879 3.92735
59475.6 -378.896 -47.2058 -59475.6 378.896 3.90565
59476.6 -378.879 -47.2544 -59476.6 378.879 3.95616
63081.7 -578.951 -210.613 -63081.7 578.951 144.451
67766.6 -711.135 -288.161 -67766.6 711.135 206.893
71949.8 -717.398 -440.164 -71949.8 717.398 358.18
77180.6 -719.425 -599.205 -77180.6 719.425 516.99
81921.3 -728.871 -777.047 -81921.3 728.871 693.752
88148.1 -727.582 -919.536 -88148.1 727.582 836.389
92493.2 -793.886 -1123.27 -92493.2 793.886 1032.54
98421.9 -853.297 -1281.53 -98421.9 853.297 1184.02
102280 -909.279 -1500.8 -102280 909.279 1396.89
108334 -941.815 -1665.19 -108334 941.815 1557.56
116177 -1187.18 -1791.43 -116177 1187.18 1655.76
124174 -1377.97 -1929.65 -124174 1377.97 1772.17
130618 -1723.76 -2082.2 -130618 1723.76 1885.21
136871 -2109.81 -2245.77 -136871 2109.81 2004.66
146171 -2425.72 -2238.71 -146171 2425.72 1961.5
152439 -2774.47 -2294.43 -152439 2774.47 1977.36
161382 -3095.86 -2242.75 -161382 3095.86 1888.95
169472 -3468.61 -2180.8 -169472 3468.61 1784.41
175399 -3964.74 -2217.12 -175399 3964.74 1764.03
182138 -4426.38 -2080.43 -182138 4426.38 1574.59
