-5.77519e-06 6.50404e-06
-5.64951e-06 6.3053e-06
-5.67621e-06 6.29169e-06
-1.25264e-05 1.78552e-05
-1.26357e-05 1.60062e-05
-1.26444e-05 1.62306e-05
-1.46948e-05 1.9054e-05
-1.46988e-05 1.89022e-05
-1.4708e-05 1.89355e-05
-1.46988e-05 1.89303e-05
-1.46987e-05 1.89286e-05
-1.46989e-05 1.89358e-05
-1.55821e-05 1.85378e-07
-1.6709e-05 -1.92179e-05
-1.77146e-05 -4.75635e-05
-1.89839e-05 -7.45231e-05
-2.01277e-05 -0.000107236
-2.16334e-05 -0.000137607
-2.26874e-05 -0.000171573
-2.41196e-05 -0.000202766
-2.50715e-05 -0.000233822
-2.65356e-05 -0.000267392
-2.84276e-05 -0.000299453
-3.03605e-05 -0.000331918
-3.19186e-05 -0.000365697
-3.34192e-05 -0.000403679
-3.56257e-05 -0.000438324
-3.71095e-05 -0.000475104
-3.92163e-05 -0.000511237
-4.11132e-05 -0.000546627
-4.24882e-05 -0.000586225
-4.40497e-05 -0.000625301
