-1.18897e-06 9.97844e-06
-1.49848e-06 2.82672e-05
-1.50801e-06 2.83675e-05
-3.12327e-06 6.39473e-05
-3.20872e-06 6.447e-05
-3.21548e-06 6.44499e-05
-3.68221e-06 7.66692e-05
-3.65775e-06 7.71953e-05
-3.66277e-06 7.72153e-05
-3.65537e-06 7.72007e-05
-3.65798e-06 7.71844e-05
-3.65442e-06 7.71789e-05
-4.30806e-06 7.11886e-05
-5.17328e-06 7.69509e-05
-6.39932e-06 8.0683e-05
-7.59659e-06 8.77155e-05
-9.10546e-06 9.16591e-05
-1.06361e-05 9.94179e-05
-1.23465e-05 0.000102357
-1.37587e-05 0.0001104
-1.53938e-05 0.000117553
-1.77828e-05 0.000125098
-1.95237e-05 0.000132026
-2.14281e-05 0.000142908
-2.32458e-05 0.000152851
-2.51852e-05 0.000160899
-2.77741e-05 0.000170059
-2.97639e-05 0.000179821
-3.17931e-05 0.000189973
-3.41851e-05 0.00019887
-3.60747e-05 0.000202288
-3.8267e-05 0.000206913
