-23436.4 -103.696
-22926.6 -101.873
-23035.8 -102.644
-50739.7 -84.0965
-51223.9 -115.838
-51254.7 -116.515
-59538.5 -126.701
-59557.7 -124.926
-59594.8 -125.043
-59557.1 -124.805
-59556.7 -124.834
-59557.7 -124.773
-63326 -129.603
-67999.5 -49.9579
-72260.5 23.5132
-77545.9 122.77
-82425.1 156.709
-88747.8 196.24
-93345.7 143.392
-99377.4 172.706
-103554 90.6005
-109950 -88.6166
-118137 -315.806
-126548 -595.776
-133431 -894.671
-140126 -1186.39
-149799 -1576.85
-156484 -1949.15
-165779 -2364.59
-174233 -2803.04
-180658 -3281.98
-187796 -3831.57
