-23376.9 3.38993
-22867.6 5.49183
-22976.7 4.99871
-50676.4 -142.453
-51151 -140.15
-51182.8 -145.367
-59465.2 -160.233
-59485.6 -163.062
-59521.3 -159.993
-59483.7 -159.775
-59483.2 -159.811
-59484.2 -159.778
-62963.4 114.625
-67435.2 396.683
-71543 614.57
-76798.3 752.089
-81501.4 967.141
-87677.9 1155.84
-91953.7 1430.38
-97780.7 1669.58
-101585 1955.24
-107545 2210.79
-115162 2552.43
-122964 2862.59
-128977 3435.09
-134952 3886.52
-143868 4234.77
-149707 4741.23
-158069 5269.8
-165675 5726.46
-171162 6285.27
-177194 6926.78
