-23433.8 -188.394
-22926.6 -184.535
-23034.6 -186.641
-50789.6 -427.977
-51268 -445.142
-51299.1 -444.98
-59615.2 -553.695
-59630.2 -549.686
-59667.3 -550.053
-59629.6 -549.792
-59629.1 -549.795
-59630.1 -549.781
-63596 -741.775
-68551.3 -928.966
-73097.2 -1121.16
-78660.8 -1278.35
-83792.4 -1473.71
-90340.7 -1636.75
-95077.5 -1810.19
-101356 -2002.36
-105661 -2197.24
-111977 -2284.74
-120081 -2419.49
-128257 -2461.89
-134893 -2509.23
-141585 -2791.37
-151013 -2938.66
-157415 -3024.23
-166417 -3146.79
-174506 -3227.25
-180550 -3326.42
-187121 -3323.08
