23367.5 1258.61 -55.8823 -23367.5 -1258.61 199.57
22859.1 1265.12 -58.1776 -22859.1 -1265.12 202.608
22968.1 1265.98 -57.4201 -22968.1 -1265.98 201.949
50627.5 1682.59 -147.474 -50627.5 -1682.59 339.565
51107.5 1691.47 -138.1 -51107.5 -1691.47 331.204
51138.5 1699.44 -138.269 -51138.5 -1699.44 332.283
59421.5 1459.19 -148.564 -59421.5 -1459.19 315.151
59441 1463.15 -147.316 -59441 -1463.15 314.354
59478.2 1463.68 -146.568 -59478.2 -1463.68 313.667
59440.7 1463.14 -146.642 -59440.7 -1463.14 313.68
59440.3 1463.04 -146.589 -59440.3 -1463.04 313.615
59441.3 1463.04 -146.651 -59441.3 -1463.04 313.678
63150 1276.84 -208.084 -63150 -1276.84 353.853
67870.8 1249.33 -244.794 -67870.8 -1249.33 387.423
72083 1119.67 -375.508 -72083 -1119.67 503.334
77338.2 1008.85 -516.955 -77338.2 -1008.85 632.129
82111.9 888.244 -668.979 -82111.9 -888.244 770.384
88364.1 806.749 -791.584 -88364.1 -806.749 883.686
92768.7 664.442 -941.69 -92768.7 -664.442 1017.55
98721.4 594.884 -1062.62 -98721.4 -594.884 1130.53
102672 421.745 -1215.1 -102672 -421.745 1263.25
108812 124.893 -1309.36 -108812 -124.893 1323.62
116829 -130.699 -1266.61 -116829 130.699 1251.69
125006 -493.703 -1239.89 -125006 493.703 1183.53
131654 -860.936 -1194.59 -131654 860.936 1096.3
138122 -1273.9 -1149.65 -138122 1273.9 1004.22
147632 -1608.13 -939.877 -147632 1608.13 756.287
154104 -1936.67 -795.842 -154104 1936.67 574.744
163231 -2294.41 -567.65 -163231 2294.41 305.711
171525 -2610.4 -302.784 -171525 2610.4 4.77129
177720 -3024.98 -73.4813 -177720 3024.98 -271.862
184707 -3389.23 310.329 -184707 3389.23 -697.256
