-5.55063e-06 -2.53443e-05
-5.41521e-06 -2.63781e-05
-5.44348e-06 -2.61013e-05
-1.19046e-05 -7.5537e-05
-1.20105e-05 -7.78742e-05
-1.20169e-05 -7.80864e-05
-1.39389e-05 -9.46597e-05
-1.39417e-05 -9.49725e-05
-1.39506e-05 -9.49969e-05
-1.3941e-05 -9.5161e-05
-1.39411e-05 -9.50715e-05
-1.3941e-05 -9.51952e-05
-1.47763e-05 -0.000127528
-1.59105e-05 -0.000140851
-1.70147e-05 -0.000125756
-1.83213e-05 -0.00013252
-1.95776e-05 -0.000110943
-2.11379e-05 -0.000104622
-2.23041e-05 -8.79319e-05
-2.37066e-05 -0.000111682
-2.46051e-05 -0.000148252
-2.60539e-05 -0.000172421
-2.81687e-05 -0.000113117
-3.02041e-05 -9.14205e-05
-3.19959e-05 -2.87159e-05
-3.37682e-05 5.32355e-05
-3.60135e-05 5.0517e-05
-3.75427e-05 5.36848e-05
-3.98222e-05 9.48843e-05
-4.18944e-05 0.000139076
-4.35265e-05 0.000206012
-4.53316e-05 0.000280469
