-34.9945 -0.367597 -0.085819 34.9945 0.367597 0.0436136
-35.4446 -0.383477 -0.0673015 35.4446 0.383477 0.0232727
-34.4429 -0.372757 -0.108393 34.4429 0.372757 0.0655949
3455.67 -48.231 31.6641 -3455.67 48.231 -37.2017
7910.33 -118.381 32.2785 -7910.33 118.381 -45.8703
11937.9 -228.487 65.27 -11937.9 228.487 -91.5035
16950.6 -343.193 101.73 -16950.6 343.193 -141.133
21463.2 -542.422 188.806 -21463.2 542.422 -251.084
27330.3 -725.05 281.247 -27330.3 725.05 -364.493
31444.3 -875.004 417.87 -31444.3 875.004 -518.333
37017.9 -1062.48 521.141 -37017.9 1062.48 -643.129
40706.6 -1182.12 659.841 -40706.6 1182.12 -795.565
46320.2 -1288.14 859.46 -46320.2 1288.14 -1007.36
53557.8 -1387.67 1064.03 -53557.8 1387.67 -1223.35
60927 -1445.99 1296.5 -60927 1445.99 -1462.52
66833.8 -1510.45 1540.97 -66833.8 1510.45 -1714.39
72562.3 -1576.07 1793.87 -72562.3 1576.07 -1974.82
80969.6 -1620.9 2065.09 -80969.6 1620.9 -2251.2
86586.4 -1654.65 2346.25 -86586.4 1654.65 -2536.22
94584.6 -1670.49 2637.2 -94584.6 1670.49 -2829
101773 -1677.21 2929.13 -101773 1677.21 -3121.7
106950 -1692.13 3272.19 -106950 1692.13 -3466.47
112716 -1665.98 3613.81 -112716 1665.98 -3805.09
