23419.8 440.713 201.898 -23419.8 -440.713 -157.773
22911.1 337.996 188.012 -22911.1 -337.996 -154.171
23020.3 337.191 189.32 -23020.3 -337.191 -155.56
50745.8 810.914 457.821 -50745.8 -810.914 -376.63
51227.3 527.932 447.598 -51227.3 -527.932 -394.74
51258.5 529.64 447.732 -51258.5 -529.64 -394.703
59559.6 580.278 540.714 -59559.6 -580.278 -482.615
59577.6 566.162 532.79 -59577.6 -566.162 -476.105
59614.6 566.957 532.858 -59614.6 -566.957 -476.093
59576.9 566.749 532.603 -59576.9 -566.749 -475.859
59576.5 566.751 532.609 -59576.5 -566.751 -475.864
59577.5 566.748 532.59 -59577.5 -566.748 -475.845
63567.1 669.971 756.813 -63567.1 -669.971 -689.734
68539.4 766.864 968.992 -68539.4 -766.864 -892.212
73116.4 836.252 1199.69 -73116.4 -836.252 -1115.97
78708.9 923.61 1393.81 -78708.9 -923.61 -1301.34
83861.5 1046.23 1619.81 -83861.5 -1046.23 -1515.06
90428 1312.77 1820.45 -90428 -1312.77 -1689.01
95198.3 1320.95 2030.02 -95198.3 -1320.95 -1897.76
101497 1409.31 2248.91 -101497 -1409.31 -2107.81
105836 1534.61 2488.49 -105836 -1534.61 -2334.84
112184 1691.17 2620.72 -112184 -1691.17 -2451.4
120321 1863.28 2801.62 -120321 -1863.28 -2615.07
128525 2023.29 2883.75 -128525 -2023.29 -2681.18
135233 2310.06 3023.13 -135233 -2310.06 -2791.84
141891 2238.09 3268.58 -141891 -2238.09 -3044.49
151310 2312.8 3412.59 -151310 -2312.8 -3181.03
157769 2457.88 3570.49 -157769 -2457.88 -3324.4
166819 2634.65 3754.64 -166819 -2634.65 -3490.85
174956 2832.81 3895.89 -174956 -2832.81 -3612.26
181069 3122.04 4085.5 -181069 -3122.04 -3772.92
187708 3490.74 4174.29 -187708 -3490.74 -3824.79
