23402.1 -402.948 24.5671 -23402.1 402.948 -82.1887
22890.7 -371.294 11.333 -22890.7 371.294 -64.428
22999.5 -371.211 10.9237 -22999.5 371.211 -64.0069
50688.9 -800.637 5.75377 -50688.9 800.637 -120.245
51167.4 -802.48 7.65313 -51167.4 802.48 -122.408
51199 -810.095 8.87637 -51199 810.095 -124.72
59487.4 -974.905 13.9587 -59487.4 974.905 -153.37
59507.4 -989.296 15.6617 -59507.4 989.296 -157.131
59544.5 -990.37 15.8977 -59544.5 990.37 -157.521
59507 -991.355 15.6629 -59507 991.355 -157.427
59506.5 -991.448 15.6124 -59506.5 991.448 -157.389
59507.5 -991.425 15.6295 -59507.5 991.425 -157.403
63310.3 -1520.58 10.9394 -63310.3 1520.58 -228.382
68119.7 -1936.05 26.7763 -68119.7 1936.05 -303.632
72481 -2335.55 13.532 -72481 2335.55 -347.516
77906.7 -2742.87 8.60402 -77906.7 2742.87 -400.834
82836.7 -3060.22 -12.554 -82836.7 3060.22 -425.058
89221 -3440.79 -34.7754 -89221 3440.79 -457.257
93771.1 -3779.45 -65.1878 -93771.1 3779.45 -475.274
99847.7 -4166.87 -94.8675 -99847.7 4166.87 -500.994
103932 -4476.5 -135.151 -103932 4476.5 -504.988
110106 -4857.81 -211.855 -110106 4857.81 -482.812
118012 -5163.01 -286.961 -118012 5163.01 -451.349
126025 -5449.88 -421.659 -126025 5449.88 -357.675
132536 -5916.01 -526.905 -132536 5916.01 -319.085
138805 -6327.29 -685.506 -138805 6327.29 -219.297
148098 -6622.89 -690.548 -148098 6622.89 -256.526
154397 -7370.8 -757.43 -154397 7370.8 -296.593
163070 -6963.91 -912.03 -163070 6963.91 -83.8087
170884 -6972.33 -1092.44 -170884 6972.33 95.3987
176462 -6798.86 -1419.66 -176462 6798.86 447.418
182711 -6861.34 -1731.57 -182711 6861.34 750.401
