23419 225.168 174.547 -23419 -225.168 -155.256
22910 274.661 173.416 -22910 -274.661 -149.885
23019.2 274.721 174.915 -23019.2 -274.721 -151.378
50748.3 396.606 424.277 -50748.3 -396.606 -390.299
51228.7 490.874 444.408 -51228.7 -490.874 -402.353
51259.8 491.49 444.262 -51259.8 -491.49 -402.154
59565.8 437.123 550.545 -59565.8 -437.123 -513.095
59582 482.193 539.258 -59582 -482.193 -497.947
59619 480.895 539.26 -59619 -480.895 -498.06
59581.3 480.669 539.003 -59581.3 -480.669 -497.822
59580.9 480.668 539.008 -59580.9 -480.668 -497.827
59581.9 480.668 538.99 -59581.9 -480.668 -497.81
63561.1 557.558 751.292 -63561.1 -557.558 -703.524
68523.7 638.136 952.755 -68523.7 -638.136 -898.084
73086.1 758.139 1171.72 -73086.1 -758.139 -1106.77
78667.6 891.316 1357.14 -78667.6 -891.316 -1280.78
83802.3 988.666 1564.04 -83802.3 -988.666 -1479.34
90350.3 1036.79 1733.36 -90350.3 -1036.79 -1644.53
95106.2 1226.51 1938.41 -95106.2 -1226.51 -1833.33
101396 1341.75 2148.97 -101396 -1341.75 -2034.02
105715 1485.07 2369.6 -105715 -1485.07 -2242.37
112044 1627.79 2481.42 -112044 -1627.79 -2341.96
120160 1797.38 2641.02 -120160 -1797.38 -2487.03
128347 1940.34 2704.39 -128347 -1940.34 -2538.16
135011 2190.25 2797.86 -135011 -2190.25 -2610.21
141689 2178.44 3065.32 -141689 -2178.44 -2878.69
151107 2229.61 3206.84 -151107 -2229.61 -3015.82
157544 2460.07 3345.72 -157544 -2460.07 -3134.96
166569 2673.31 3506.67 -166569 -2673.31 -3277.64
174678 2894.92 3621.52 -174678 -2894.92 -3373.5
180747 3125.04 3763.57 -180747 -3125.04 -3495.84
187344 3357.63 3802.8 -187344 -3357.63 -3515.14
