7.43334e-09 -2.84867e-08
4.75975e-09 -2.1894e-08
8.38127e-09 -5.00308e-08
-6.01289e-07 -2.1474e-05
-1.44722e-06 -2.24633e-05
-2.66171e-06 -2.29177e-05
-3.83761e-06 -2.36079e-05
-5.32869e-06 -2.60937e-05
-6.83791e-06 -2.6061e-05
-8.52522e-06 -3.14858e-05
-9.90336e-06 -3.57494e-05
-1.15032e-05 -4.13366e-05
-1.3867e-05 -4.28982e-05
-1.56068e-05 -3.63388e-05
-1.75033e-05 -2.83529e-05
-1.93374e-05 -1.2468e-05
-2.12631e-05 -9.3848e-06
-2.38587e-05 2.17909e-06
-2.58092e-05 -2.26835e-06
-2.78359e-05 6.9732e-06
-3.02424e-05 2.11162e-05
-3.21207e-05 2.04186e-05
-3.42911e-05 1.71242e-05
