23408.9 294.962 135.603 -23408.9 -294.962 -110.926
22900.9 290.216 134.417 -22900.9 -290.216 -110.138
23009.9 291.1 135.019 -23009.9 -291.1 -110.666
50735.7 438.44 382.773 -50735.7 -438.44 -346.093
51214.6 423.876 386.254 -51214.6 -423.876 -350.793
51245.7 417.683 385.652 -51245.7 -417.683 -350.709
59548.2 386.629 482.861 -59548.2 -386.629 -450.516
59567.7 389.239 483.898 -59567.7 -389.239 -451.335
59604.8 387.932 484.217 -59604.8 -387.932 -451.763
59567.2 387.611 483.962 -59567.2 -387.611 -451.535
59566.7 387.589 483.976 -59566.7 -387.589 -451.55
59567.7 387.608 483.965 -59567.7 -387.608 -451.538
63046.5 455.57 211.187 -63046.5 -455.57 -173.074
67598.1 523.542 15.4432 -67598.1 -523.542 28.3561
71654.9 603.277 -261.401 -71654.9 -603.277 311.871
76775.5 674.309 -531.569 -76775.5 -674.309 587.981
81388.2 620.069 -849.121 -81388.2 -620.069 900.995
87549.6 439.091 -1062.25 -87549.6 -439.091 1098.98
91837.3 593.558 -1321.94 -91837.3 -593.558 1371.6
97587 613.243 -1650.29 -97587 -613.243 1701.6
101415 633.978 -1935.62 -101415 -633.978 1988.66
107385 1132.84 -2162.22 -107385 -1132.84 2257
114828 682.714 -2704.94 -114828 -682.714 2762.05
122889 921.812 -2750.95 -122889 -921.812 2828.07
130107 -435.623 -2076.8 -130107 435.623 2040.36
136140 425.199 -2411.87 -136140 -425.199 2447.44
145099 46.9849 -2736.6 -145099 -46.9849 2740.53
151018 424.149 -3071.66 -151018 -424.149 3107.15
159239 1000.55 -3650.47 -159239 -1000.55 3734.17
166969 3403.78 -3776.74 -166969 -3403.78 4061.5
172158 3306.05 -4405.98 -172158 -3306.05 4682.57
178189 2846.13 -4861.24 -178189 -2846.13 5099.34
