-23399.8 -242.874
-22892.3 -240.722
-23001.2 -241.349
-50718.5 -451.191
-51203 -484.916
-51233.6 -484.515
-59541.1 -564.97
-59560.6 -566.419
-59597.7 -566.843
-59560 -566.573
-59559.6 -566.576
-59560.6 -566.573
-63085.5 -334.14
-67655.8 -151.635
-71752.3 88.1831
-76922 312.262
-81562.2 598.308
-87662.7 870.863
-91887.1 1204.65
-97714.7 1444.22
-101594 1675.82
-107579 1893.71
-115414 2015.8
-123220 2334.52
-129338 2779.31
-135419 3081.84
-143780 3994.72
-149819 4297.55
-158138 4939.66
-165759 5198.62
-171549 5335.56
-178138 5384.22
