23387.5 -125.557 -5.01165 -23387.5 125.557 -9.37779
22879.3 -138.089 -7.27541 -22879.3 138.089 -8.55025
22988.3 -137.249 -6.77144 -22988.3 137.249 -8.95798
50699.1 -269.504 138.972 -50699.1 269.504 -169.859
51177 -308.303 136.168 -51177 308.303 -171.501
51209.2 -313.745 141.314 -51209.2 313.745 -177.271
59495.8 -362.565 155.55 -59495.8 362.565 -197.101
59515.6 -356.466 158.458 -59515.6 356.466 -199.311
59552.1 -364.839 155.281 -59552.1 364.839 -197.094
59514.5 -365.146 155.059 -59514.5 365.146 -196.906
59514.1 -365.138 155.095 -59514.1 365.138 -196.942
59515 -365.118 155.062 -59515 365.118 -196.906
62997.6 -404.742 -119.853 -62997.6 404.742 73.4671
67469.1 -401.132 -401.864 -67469.1 401.132 355.893
71595.4 -620.829 -622.589 -71595.4 620.829 551.438
76843.3 -532.749 -758.97 -76843.3 532.749 697.914
81546.1 -529.765 -973.984 -81546.1 529.765 913.27
87723.1 -535.474 -1162.75 -87723.1 535.474 1101.38
91999.1 -537.842 -1437.33 -91999.1 537.842 1375.69
97827.6 -555.016 -1676.75 -97827.6 555.016 1613.14
101632 -551.32 -1962.36 -101632 551.32 1899.18
107593 -561.687 -2218.05 -107593 561.687 2153.67
115211 -583.304 -2559.96 -115211 583.304 2493.11
123024 -717.711 -2871.86 -123024 717.711 2789.61
129063 -1026.9 -3448.35 -129063 1026.9 3330.66
135031 -932.122 -3898.56 -135031 932.122 3791.73
143955 -1034.27 -4248.13 -143955 1034.27 4129.6
149806 -1176.35 -4756.42 -149806 1176.35 4621.61
158209 -1664.75 -5291.31 -158209 1664.75 5100.52
165823 -2027.23 -5752.49 -165823 2027.23 5520.16
171346 -2431.41 -6316.83 -171346 2431.41 6038.18
177434 -3019.37 -6966.41 -177434 3019.37 6620.37
