9.52271e-09 -1.11898e-07
9.55677e-09 -8.77056e-08
9.40478e-09 -1.17481e-07
-8.60117e-07 -1.7705e-05
-2.01072e-06 -2.2562e-05
-3.103e-06 -1.08598e-05
-4.41893e-06 -1.3644e-05
-5.67565e-06 5.8622e-06
-7.28731e-06 2.62913e-05
-8.4375e-06 4.00282e-05
-9.91e-06 3.80421e-05
-1.08837e-05 3.33627e-05
-1.23628e-05 2.50376e-05
-1.44396e-05 6.77524e-05
-1.65174e-05 0.000101505
-1.8228e-05 0.000132598
-1.9995e-05 0.000207613
-2.23475e-05 0.000242239
-2.39178e-05 0.000259181
-2.61932e-05 0.000296647
-2.82647e-05 0.00034085
-2.98534e-05 0.000390897
-3.1633e-05 0.000455317
