-5.70895e-06 -7.43371e-06
-5.58408e-06 -7.4623e-06
-5.61123e-06 -7.37864e-06
-1.23432e-05 -2.22818e-05
-1.24572e-05 -2.31053e-05
-1.2465e-05 -2.3043e-05
-1.44735e-05 -2.88268e-05
-1.44777e-05 -2.89414e-05
-1.44865e-05 -2.9013e-05
-1.44772e-05 -2.90109e-05
-1.44771e-05 -2.90152e-05
-1.44774e-05 -2.90113e-05
-1.53432e-05 -5.68834e-05
-1.64654e-05 -7.97775e-05
-1.74748e-05 -0.00010798
-1.87573e-05 -0.00012939
-1.99184e-05 -0.000153531
-2.14423e-05 -0.00017427
-2.25073e-05 -0.000201074
-2.39502e-05 -0.000225505
-2.49101e-05 -0.00024943
-2.63951e-05 -0.000270716
-2.83036e-05 -0.00029325
-3.02541e-05 -0.000315929
-3.18307e-05 -0.000336058
-3.33498e-05 -0.000361385
-3.55923e-05 -0.000378429
-3.70818e-05 -0.000407575
-3.92224e-05 -0.000426441
-4.11382e-05 -0.000451044
-4.25549e-05 -0.000470666
-4.41176e-05 -0.000496532
