4661.4 -287.003 88.8687 -4661.4 287.003 -114.125
5551.31 0.85026 -268.284 -5551.31 -0.85026 268.358
5588.1 0.791088 -269.337 -5588.1 -0.791088 269.407
11442.2 -6.94994 -639.255 -11442.2 6.94994 638.643
11787.5 -3.04941 -632.226 -11787.5 3.04941 631.958
11815.4 -2.73943 -630.894 -11815.4 2.73943 630.653
13465.9 -4.35778 -757.059 -13465.9 4.35778 756.675
13353.9 -3.35642 -760.345 -13353.9 3.35642 760.049
13374 -3.33862 -760.403 -13374 3.33862 760.109
13343.8 -3.41991 -760.641 -13343.8 3.41991 760.34
13355.1 -3.28827 -760.03 -13355.1 3.28827 759.74
13340.4 -3.41774 -760.419 -13340.4 3.41774 760.118
15904.8 -94.4657 -945.071 -15904.8 94.4657 936.758
19216.6 -132.338 -1102.59 -19216.6 132.338 1090.94
24082.6 -159.429 -1188.19 -24082.6 159.429 1174.16
28723.1 -209.01 -1369 -28723.1 209.01 1350.61
34691.7 -237.382 -1489.56 -34691.7 237.382 1468.67
40683.9 -290.452 -1670.93 -40683.9 290.452 1645.37
47516.2 -309.264 -1804.86 -47516.2 309.264 1777.64
52905.7 -374.656 -2072.35 -52905.7 374.656 2039.38
59218.3 -499.194 -2335.3 -59218.3 499.194 2291.37
68715.6 -546.569 -2518.14 -68715.6 546.569 2470.04
75654.6 -530.455 -2563.67 -75654.6 530.455 2516.99
83162.3 -546.589 -2690.17 -83162.3 546.589 2642.07
90460 -512.192 -2659.25 -90460 512.192 2614.18
98138.3 -540.947 -2789.72 -98138.3 540.947 2742.11
108548 -527.03 -2794.46 -108548 527.03 2748.09
116266 -609.294 -3098.26 -116266 609.294 3044.64
124326 -614.568 -3180.96 -124326 614.568 3126.88
133979 -584.191 -3138.91 -133979 584.191 3087.5
141561 -607.984 -3206.46 -141561 607.984 3152.95
150299 -653.797 -3344.98 -150299 653.797 3287.45
