9.17731e-09 1.45733e-08
9.29815e-09 1.10501e-08
9.04024e-09 1.38087e-08
-9.83591e-07 2.85043e-05
-2.21724e-06 5.45611e-05
-3.35687e-06 8.47867e-05
-4.7162e-06 9.86087e-05
-5.98245e-06 0.00012146
-7.60186e-06 0.000143081
-8.67156e-06 0.00017559
-1.0351e-05 0.000198642
-1.13784e-05 0.000229924
-1.30359e-05 0.000258586
-1.50751e-05 0.000291307
-1.71683e-05 0.00032774
-1.89632e-05 0.000398483
-2.0655e-05 0.000442706
-2.3034e-05 0.000482182
-2.47283e-05 0.000533945
-2.70815e-05 0.000598942
-2.92291e-05 0.000662536
-3.09169e-05 0.000734819
-3.28533e-05 0.000824857
