-5.69041e-06 -1.11841e-05
-5.56755e-06 -1.08444e-05
-5.59495e-06 -1.07492e-05
-1.23281e-05 -2.43122e-05
-1.24498e-05 -2.34146e-05
-1.24572e-05 -2.34931e-05
-1.4467e-05 -2.88437e-05
-1.44707e-05 -2.90966e-05
-1.44795e-05 -2.91713e-05
-1.44703e-05 -2.91641e-05
-1.44702e-05 -2.91643e-05
-1.44705e-05 -2.91631e-05
-1.53671e-05 -4.28671e-05
-1.65111e-05 -5.56303e-05
-1.75577e-05 -6.63083e-05
-1.88629e-05 -7.72705e-05
-2.00485e-05 -9.00523e-05
-2.15986e-05 -9.95327e-05
-2.26995e-05 -0.000109268
-2.4171e-05 -0.000120975
-2.51544e-05 -0.000133323
-2.66837e-05 -0.000135331
-2.863e-05 -0.000141915
-3.06409e-05 -0.000138818
-3.22703e-05 -0.000135764
-3.37866e-05 -0.000162286
-3.60529e-05 -0.000170754
-3.76132e-05 -0.000168498
-3.9788e-05 -0.000173338
-4.17528e-05 -0.000176373
-4.32162e-05 -0.000176316
-4.48531e-05 -0.000168468
