-35.0159 -0.130652 -0.0553668 35.0159 0.130652 0.0404343
-35.4384 -0.163713 -0.063767 35.4384 0.163713 0.0450559
-34.4925 -0.128337 -0.050857 34.4925 0.128337 0.036189
3600.84 107.224 -96.5221 -3600.84 -107.224 108.777
8135.97 203.376 -162.36 -8135.97 -203.376 185.604
12306.1 334.235 -250.376 -12306.1 -334.235 288.577
17446.7 483.827 -319.71 -17446.7 -483.827 375.008
22170.3 622.023 -412.882 -22170.3 -622.023 483.975
28230.7 762.314 -484.666 -28230.7 -762.314 571.793
32630.9 931.256 -600.252 -32630.9 -931.256 706.687
38446.3 1095.68 -705.355 -38446.3 -1095.68 830.583
42419.4 1299.04 -816.982 -42419.4 -1299.04 965.453
48415.6 1502.47 -960.72 -48415.6 -1502.47 1132.44
56146.7 1530.36 -1213.98 -56146.7 -1530.36 1388.89
64074.2 1775.99 -1487.15 -64074.2 -1775.99 1690.13
70390.5 2286.65 -1603.77 -70390.5 -2286.65 1865.12
76770.7 2033.4 -1973.46 -76770.7 -2033.4 2205.86
85608.7 2286.66 -2090.96 -85608.7 -2286.66 2352.31
91706.7 3816.05 -2187.1 -91706.7 -3816.05 2623.25
99941.6 1958.31 -2217 -99941.6 -1958.31 2440.82
107630 2812.11 -2348.81 -107630 -2812.11 2670.21
113456 2025.79 -2639.62 -113456 -2025.79 2871.16
120153 2583.41 -3041.71 -120153 -2583.41 3336.98
