7.31165e-09 1.52064e-08
4.84722e-09 -4.99604e-08
8.25524e-09 -7.32363e-09
-7.41181e-07 2.72851e-05
-1.64894e-06 4.74183e-05
-2.89697e-06 6.02509e-05
-4.14313e-06 8.38492e-05
-5.68575e-06 0.000101759
-7.26623e-06 0.00012608
-9.02708e-06 0.000147021
-1.05095e-05 0.00018158
-1.22205e-05 0.000216126
-1.46663e-05 0.000243152
-1.64044e-05 0.000251325
-1.83206e-05 0.000268467
-2.00985e-05 0.000265778
-2.20674e-05 0.000284514
-2.46401e-05 0.000288562
-2.6715e-05 0.000328912
-2.87553e-05 0.000340473
-3.11107e-05 0.000338609
-3.30245e-05 0.000350891
-3.52632e-05 0.000372586
