9.20565e-09 1.77403e-09
9.32531e-09 -1.35672e-09
9.0597e-09 4.88465e-09
-9.16671e-07 -1.74005e-07
-2.10272e-06 6.42264e-06
-3.179e-06 1.0165e-05
-4.51623e-06 1.44109e-05
-5.71968e-06 1.09178e-05
-7.28042e-06 7.57709e-06
-8.37315e-06 -4.22408e-06
-9.85479e-06 -9.75745e-06
-1.08325e-05 -2.33109e-05
-1.23127e-05 -4.57317e-05
-1.42173e-05 -7.0055e-05
-1.61531e-05 -9.90785e-05
-1.77025e-05 -0.000130248
-1.92074e-05 -0.000161317
-2.14081e-05 -0.000198033
-2.28758e-05 -0.000235277
-2.49708e-05 -0.000274743
-2.68503e-05 -0.000314969
-2.82047e-05 -0.000361915
-2.97056e-05 -0.000411279
