-23457.4 -181.454
-22948.5 -184.654
-23057.2 -183.062
-50824 -439.754
-51306.6 -450.058
-51338.2 -451.428
-59649.2 -530.068
-59669.7 -536.067
-59706.9 -536.806
-59669.3 -536.605
-59668.9 -536.619
-59669.9 -536.591
-63687.7 -779.929
-68674.5 -1000
-73287.3 -1259.03
-78898.5 -1464.76
-84077.4 -1705.36
-90684.3 -1928.89
-95507.3 -2184.78
-101835 -2426.87
-106217 -2694.46
-112641 -2888.82
-120839 -3122.44
-129145 -3292.26
-136012 -3549.37
-142640 -3781.95
-152124 -3984.19
-158657 -4198.47
-167748 -4407.81
-175905 -4555.39
-182180 -4879.89
-188926 -5052.05
