9.23325e-09 -8.66443e-09
9.34067e-09 -5.57811e-09
9.09046e-09 -6.35292e-09
-9.04698e-07 -5.08987e-06
-2.06406e-06 -1.0084e-05
-3.12428e-06 -1.25919e-05
-4.44364e-06 -1.54831e-05
-5.65374e-06 -1.5761e-05
-7.22032e-06 -1.61636e-05
-8.3393e-06 -1.60639e-05
-9.83274e-06 -1.60115e-05
-1.08429e-05 -1.47789e-05
-1.23829e-05 -1.015e-05
-1.43561e-05 -3.7183e-06
-1.63847e-05 8.65975e-06
-1.80161e-05 1.49014e-05
-1.96164e-05 2.68686e-05
-2.19003e-05 2.74949e-05
-2.34429e-05 2.58772e-05
-2.56892e-05 5.06323e-05
-2.77081e-05 7.13153e-05
-2.92543e-05 0.000107448
-3.09441e-05 0.000138997
