-5.7698e-06 4.86398e-06
-5.64481e-06 4.76437e-06
-5.67149e-06 4.7472e-06
-1.25405e-05 2.04556e-05
-1.26503e-05 1.84551e-05
-1.26574e-05 1.83222e-05
-1.46946e-05 1.92751e-05
-1.47005e-05 1.95127e-05
-1.47097e-05 1.95349e-05
-1.47005e-05 1.95407e-05
-1.47003e-05 1.95378e-05
-1.47006e-05 1.95439e-05
-1.56276e-05 1.97003e-05
-1.6817e-05 2.79332e-05
-1.78984e-05 3.41869e-05
-1.92415e-05 4.14055e-05
-2.04511e-05 4.09982e-05
-2.20191e-05 4.12543e-05
-2.31183e-05 3.27206e-05
-2.46077e-05 3.11691e-05
-2.55903e-05 2.01679e-05
-2.70756e-05 4.23366e-07
-2.89842e-05 -2.14586e-05
-3.09234e-05 -4.84398e-05
-3.24766e-05 -7.73911e-05
-3.39853e-05 -0.000106285
-3.61882e-05 -0.000141417
-3.76588e-05 -0.0001769
-3.97557e-05 -0.000214954
-4.16368e-05 -0.000254023
-4.29932e-05 -0.000299731
-4.44993e-05 -0.000348697
