-5.74563e-06 3.25269e-06
-5.6213e-06 3.28869e-06
-5.64798e-06 3.28291e-06
-1.24585e-05 9.09683e-06
-1.25754e-05 9.31914e-06
-1.25831e-05 9.3667e-06
-1.46196e-05 9.83804e-06
-1.46242e-05 9.81895e-06
-1.46334e-05 9.82841e-06
-1.46242e-05 9.82732e-06
-1.4624e-05 9.82382e-06
-1.46243e-05 9.829e-06
-1.54839e-05 -2.03027e-05
-1.65924e-05 -4.96344e-05
-1.75876e-05 -8.61929e-05
-1.88528e-05 -0.000117757
-1.99999e-05 -0.000151817
-2.15079e-05 -0.000181935
-2.25675e-05 -0.000215624
-2.40017e-05 -0.000246868
-2.49583e-05 -0.000277596
-2.64264e-05 -0.000308341
-2.83247e-05 -0.00033675
-3.02621e-05 -0.000364689
-3.18186e-05 -0.000395353
-3.33278e-05 -0.000431353
-3.55427e-05 -0.000460321
-3.70295e-05 -0.000492809
-3.91409e-05 -0.000525685
-4.10429e-05 -0.000556919
-4.2155e-05 -0.000594679
-4.399e-05 -0.000623839
