9.21831e-09 -2.95104e-09
9.34849e-09 -1.06407e-08
9.08636e-09 -5.95516e-09
-8.48825e-07 -3.14406e-05
-1.96072e-06 -5.94541e-05
-2.96137e-06 -9.30753e-05
-4.23395e-06 -0.000119966
-5.38702e-06 -0.000149144
-6.90258e-06 -0.000174236
-7.96329e-06 -0.000205121
-9.4022e-06 -0.000232394
-1.03597e-05 -0.000259916
-1.18355e-05 -0.000285816
-1.37366e-05 -0.00031146
-1.56791e-05 -0.000336595
-1.72414e-05 -0.000363099
-1.87496e-05 -0.000396639
-2.09786e-05 -0.000418574
-2.24636e-05 -0.000450056
-2.4587e-05 -0.000475863
-2.64932e-05 -0.00050448
-2.78508e-05 -0.000524449
-2.94509e-05 -0.000562382
