-1.14165e-06 7.07275e-07
-1.49433e-06 2.80637e-05
-1.50394e-06 2.81819e-05
-3.1276e-06 6.60234e-05
-3.20969e-06 6.54306e-05
-3.21598e-06 6.53088e-05
-3.68503e-06 7.80085e-05
-3.65897e-06 7.82361e-05
-3.66397e-06 7.82506e-05
-3.65663e-06 7.82602e-05
-3.65913e-06 7.82047e-05
-3.65569e-06 7.82376e-05
-4.38283e-06 9.89529e-05
-5.28112e-06 0.000116253
-6.52703e-06 0.000127201
-7.76378e-06 0.000147504
-9.30096e-06 0.000162575
-1.08703e-05 0.000183606
-1.26272e-05 0.000200838
-1.40933e-05 0.000230194
-1.57717e-05 0.000259672
-1.8212e-05 0.000282699
-1.99651e-05 0.000289978
-2.18736e-05 0.0003062
-2.36633e-05 0.000305891
-2.5626e-05 0.000322508
-2.82036e-05 0.00032752
-3.02601e-05 0.000361797
-3.22936e-05 0.000373521
-3.46609e-05 0.000373365
-3.65698e-05 0.000383876
-3.87993e-05 0.000402158
