-4.84681e-06 -0.000216547
-4.68195e-06 -0.000245329
-4.70593e-06 -0.000246406
-1.08908e-05 -0.000559201
-1.10099e-05 -0.000553473
-1.10187e-05 -0.000552243
-1.2904e-05 -0.000652655
-1.29101e-05 -0.000654772
-1.29184e-05 -0.000654915
-1.29098e-05 -0.000654533
-1.29098e-05 -0.000654372
-1.29099e-05 -0.000654625
-1.38516e-05 -0.000601639
-1.49779e-05 -0.000594467
-1.60347e-05 -0.000560376
-1.72972e-05 -0.000572372
-1.84546e-05 -0.000577075
-1.99062e-05 -0.000639983
-2.09885e-05 -0.000633793
-2.3843e-05 -0.000698987
-2.33118e-05 -0.000713824
-2.47603e-05 -0.000739085
-2.66763e-05 -0.000748331
-2.8553e-05 -0.000760437
-2.99572e-05 -0.000800469
-8.31247e-07 -0.00204978
-3.30834e-05 -0.00081725
-3.46208e-05 -0.000888047
-3.67244e-05 -0.000924726
-3.87441e-05 -0.000874851
-4.01986e-05 -0.000876251
-4.14605e-05 -0.000972474
