-1.12969e-06 -1.68053e-06
-1.49363e-06 2.809e-05
-1.50324e-06 2.82075e-05
-3.12643e-06 6.59903e-05
-3.2086e-06 6.54287e-05
-3.2149e-06 6.53097e-05
-3.68386e-06 7.79962e-05
-3.65785e-06 7.82321e-05
-3.66285e-06 7.82468e-05
-3.6555e-06 7.82557e-05
-3.65801e-06 7.82013e-05
-3.65457e-06 7.82332e-05
-4.37936e-06 9.82184e-05
-5.27673e-06 0.000115198
-6.52213e-06 0.000125943
-7.75909e-06 0.000145784
-9.29437e-06 0.000160627
-1.08649e-05 0.000181244
-1.26135e-05 0.000198209
-1.40764e-05 0.000227026
-1.57619e-05 0.000255946
-1.82032e-05 0.000278415
-1.99477e-05 0.000285682
-2.18607e-05 0.000301678
-2.36511e-05 0.000301654
-2.56132e-05 0.000318033
-2.81911e-05 0.00032316
-3.02458e-05 0.000356757
-3.22791e-05 0.000368438
-3.46471e-05 0.000368533
-3.65556e-05 0.000378847
-3.8784e-05 0.00039675
