-23389.9 -112.145
-22881.9 -111.052
-22990.9 -111.562
-50740.2 -379.833
-51216.3 -380.613
-51247.4 -380.154
-59559.5 -486.991
-59579.2 -488.143
-59616.1 -488.342
-59578.5 -488.124
-59578.1 -488.137
-59579.1 -488.126
-63061.8 -215.862
-67614.5 -18.6662
-71674.6 258.22
-76796.3 529.822
-81396.1 855.328
-87519.3 1089.9
-91820.2 1345.91
-97566 1678.02
-101377 1976.03
-107409 2172.73
-114828 2718.88
-122831 2813.82
-129800 2276.6
-135904 2586.53
-144798 2941.69
-150775 3264.26
-159051 3844.01
-167173 3785.71
-172487 4388.34
-178434 4886.17
