-35.0599 0.200474 0.00827417 35.0599 -0.200474 0.0147158
-35.5126 0.214267 0.0309791 35.5126 -0.214267 -0.00640734
-34.5237 0.219273 0.00161557 34.5237 -0.219273 0.0235301
3676.91 -69.4996 -181.502 -3676.91 69.4996 173.532
8327.85 -160.121 -372.783 -8327.85 160.121 354.421
12529.1 -187.754 -500.597 -12529.1 187.754 479.065
17719.5 -178.085 -622.942 -17719.5 178.085 602.52
22495.1 -224.405 -778.209 -22495.1 224.405 752.475
28616.8 -278.122 -917.18 -28616.8 278.122 885.285
33091.8 -342.453 -1109.4 -33091.8 342.453 1070.13
38946.4 -407.852 -1276.8 -38946.4 407.852 1230.03
42994.5 -481.02 -1475.33 -42994.5 481.02 1420.16
49011.7 -542.879 -1658.6 -49011.7 542.879 1596.35
56698.2 -715.249 -1888.84 -56698.2 715.249 1806.82
64506.1 -830.512 -2083.72 -64506.1 830.512 1988.48
70985.4 -1151.26 -2407.87 -70985.4 1151.26 2275.85
77298.2 -1306.03 -2731.07 -77298.2 1306.03 2581.3
86240.9 -1472.23 -2981.48 -86240.9 1472.23 2812.64
92406.2 -1760.96 -3275.79 -92406.2 1760.96 3073.85
100968 -2218.49 -3537.92 -100968 2218.49 3283.51
108694 -2605.59 -3781.17 -108694 2605.59 3482.36
114543 -2938.8 -4118.53 -114543 2938.8 3781.52
120927 -3497.58 -4399.22 -120927 3497.58 3998.12
