-28.0117 -0.0532094 0.0142519 28.0117 0.0532094 -0.0189343
-18.2699 0.0215833 0.261977 18.2699 -0.0215833 -0.260078
-31.5958 -0.0521558 0.168565 31.5958 0.0521558 -0.173155
2583.15 -61.2042 -46.4363 -2583.15 61.2042 41.0503
5912.71 -85.5913 -124.959 -5912.71 85.5913 117.427
10608.5 -100.51 -173.756 -10608.5 100.51 164.911
15212.5 -129.88 -266.659 -15212.5 129.88 255.23
20997.7 -154.725 -329.81 -20997.7 154.725 316.194
26867.7 -183.427 -427.507 -26867.7 183.427 411.366
33432.6 -215.474 -494.676 -33432.6 215.474 475.714
38887 -262.522 -621.029 -38887 262.522 597.927
45193.5 -311.213 -743.347 -45193.5 311.213 715.96
54339.5 -346.021 -846.545 -54339.5 346.021 816.095
60955.7 -347.437 -895.58 -60955.7 347.437 865.005
68208.6 -358.512 -986.972 -68208.6 358.512 955.423
75065.9 -335.809 -1020.7 -75065.9 335.809 991.144
82470.8 -354.792 -1104.01 -82470.8 354.792 1072.79
92289.3 -345.61 -1151.78 -92289.3 345.61 1121.37
99953.4 -399.919 -1300.63 -99953.4 399.919 1265.44
107667 -403.406 -1375.25 -107667 403.406 1339.75
116716 -383.358 -1404.95 -116716 383.358 1371.21
123931 -399.078 -1450.7 -123931 399.078 1415.58
132324 -429.328 -1526.64 -132324 429.328 1488.86
