-5.79121e-06 1.46954e-05
-5.668e-06 1.49809e-05
-5.69467e-06 1.49737e-05
-1.25571e-05 3.26147e-05
-1.26688e-05 3.15375e-05
-1.26774e-05 3.17681e-05
-1.47336e-05 3.72359e-05
-1.47388e-05 3.73212e-05
-1.47477e-05 3.72932e-05
-1.47385e-05 3.72826e-05
-1.47384e-05 3.72762e-05
-1.47386e-05 3.72822e-05
-1.56733e-05 4.11572e-05
-1.68599e-05 4.75949e-05
-1.79547e-05 5.92053e-05
-1.93168e-05 7.3533e-05
-2.05606e-05 8.73106e-05
-2.21621e-05 0.000100917
-2.33085e-05 0.000112603
-2.48376e-05 0.000126729
-2.58666e-05 0.000136494
-2.73991e-05 0.000137917
-2.93436e-05 0.000131429
-3.13237e-05 0.000122713
-3.29137e-05 0.000110374
-3.446e-05 9.80609e-05
-3.66888e-05 7.44617e-05
-3.81932e-05 5.40642e-05
-4.03177e-05 2.82174e-05
-4.22195e-05 -1.37537e-06
-4.36096e-05 -3.17939e-05
-4.51296e-05 -7.3999e-05
