-4683.58 29.5618
-5552.86 272.532
-5589.66 273.323
-11450.4 610.445
-11789.1 619.654
-11817 619.808
-13467.5 739.007
-13355.7 746.729
-13375.8 746.867
-13345.9 746.745
-13356.8 746.715
-13342.5 746.534
-16244.3 535.064
-19701.8 520.903
-24659.5 499.632
-29458.7 483.581
-35582.1 439.366
-41726.5 424.273
-48707.3 348.46
-54397.3 299.134
-61018 231.998
-70679 185.2
-77643.2 220.681
-85213.5 273.223
-92382.3 394.057
-100168 397.664
-110526 463.79
-118553 404.615
-126632 464.022
-136171 555.968
-143843 518.434
-152753 454.7
