0 -1.55857e-06
0 2.56825e+07
0 2.56825e+07
-1.57337e+08 1.8302e+08
-2.12143e+08 2.37826e+08
-2.37933e+08 2.63616e+08
-2.56807e+08 2.82489e+08
-2.68889e+08 2.94572e+08
-2.74484e+08 3.00166e+08
-2.77393e+08 3.03075e+08
-2.78558e+08 3.0424e+08
-2.7794e+08 3.03622e+08
-2.7611e+08 3.01792e+08
-2.73086e+08 2.98768e+08
-2.68837e+08 2.94519e+08
-2.63096e+08 2.88778e+08
-2.55365e+08 2.81048e+08
-2.44538e+08 2.70221e+08
-2.27978e+08 2.53661e+08
-2.00684e+08 2.26366e+08
-1.55291e+08 1.80973e+08
-1.15256e+08 1.40939e+08
-8.08079e+07 1.0649e+08
-5.02241e+07 7.59066e+07
-2.08204e+07 4.65029e+07
9.97972e+06 1.57028e+07
4.44083e+07 -1.87258e+07
8.04669e+07 -5.47844e+07
1.72691e+08 -1.47009e+08
2.04378e+08 -1.76391e+08
2.37573e+08 0
2.37573e+08 0
2.37573e+08 0
2.37573e+08 0
2.37573e+08 0
2.37573e+08 0
2.37573e+08 0
2.37573e+08 0
2.37573e+08 0
2.37573e+08 0
2.37573e+08 0
2.37573e+08 0
2.37573e+08 0
2.37573e+08 0
2.37573e+08 0
2.37573e+08 0
2.37573e+08 0
2.37573e+08 0
2.37573e+08 0
2.37573e+08 0
2.37573e+08 0
2.37573e+08 0
2.37573e+08 0
2.37573e+08 0
2.37573e+08 0
2.37573e+08 0
2.37573e+08 0
2.37573e+08 0
2.37573e+08 0
2.37573e+08 0
2.37573e+08 0
2.37573e+08 0
2.37573e+08 0
2.37573e+08 0
2.37573e+08 0
2.37573e+08 0
2.37573e+08 0
2.37573e+08 0
2.37573e+08 0
2.37573e+08 0
2.37573e+08 0
2.37573e+08 0
2.37573e+08 0
2.37573e+08 0
2.37573e+08 0
2.37573e+08 0
2.37573e+08 0
2.37573e+08 0
2.37573e+08 0
2.37573e+08 0
2.37573e+08 0
2.37573e+08 0
2.37573e+08 0
2.37573e+08 0
2.37573e+08 0
2.37573e+08 0
2.37573e+08 0
2.37573e+08 0
2.37573e+08 0
2.37573e+08 0
2.37573e+08 0
2.37573e+08 0
2.37573e+08 0
2.37573e+08 0
2.37573e+08 0
2.37573e+08 0
2.37573e+08 0
2.37573e+08 0
2.37573e+08 0
2.37573e+08 0
2.37573e+08 0
2.37573e+08 0
2.37573e+08 0
