0 1.72528e-06
0 -9.80005e+07
0 -9.80005e+07
9.7348e+07 -1.95348e+08
1.18485e+08 -2.16485e+08
1.31218e+08 -2.29218e+08
1.40841e+08 -2.38842e+08
1.47057e+08 -2.45058e+08
1.52287e+08 -2.50287e+08
1.55028e+08 -2.53029e+08
1.56763e+08 -2.54764e+08
1.57756e+08 -2.55756e+08
1.58186e+08 -2.56186e+08
1.5812e+08 -2.5612e+08
1.57601e+08 -2.55601e+08
1.56644e+08 -2.54645e+08
1.55246e+08 -2.53247e+08
1.53408e+08 -2.51409e+08
1.51089e+08 -2.4909e+08
1.48224e+08 -2.46225e+08
1.44754e+08 -2.42754e+08
1.40578e+08 -2.38578e+08
1.35524e+08 -2.33525e+08
1.29361e+08 -2.27361e+08
1.21657e+08 -2.19658e+08
1.11652e+08 -2.09652e+08
1.01199e+08 -1.99199e+08
9.25966e+07 -1.90597e+08
8.50334e+07 -1.83034e+08
7.54459e+07 -1.73446e+08
6.21483e+07 -1.60149e+08
4.74692e+07 -1.4547e+08
3.34875e+07 -1.31488e+08
2.02433e+07 -1.18244e+08
7.60776e+06 -1.05608e+08
-4.59278e+06 -9.34077e+07
-1.73191e+07 -8.06814e+07
-3.17467e+07 -6.62538e+07
1.1389e+08 0
1.1389e+08 0
1.1389e+08 0
1.1389e+08 0
1.1389e+08 0
1.1389e+08 0
1.1389e+08 0
1.1389e+08 0
1.1389e+08 0
1.1389e+08 0
1.1389e+08 0
1.1389e+08 0
1.1389e+08 0
1.1389e+08 0
1.1389e+08 0
1.1389e+08 0
1.1389e+08 0
1.1389e+08 0
1.1389e+08 0
1.1389e+08 0
1.1389e+08 0
1.1389e+08 0
1.1389e+08 0
1.1389e+08 0
1.1389e+08 0
1.1389e+08 0
1.1389e+08 0
1.1389e+08 0
1.1389e+08 0
1.1389e+08 0
1.1389e+08 0
1.1389e+08 0
1.1389e+08 0
1.1389e+08 0
1.1389e+08 0
1.1389e+08 0
1.1389e+08 0
1.1389e+08 0
1.1389e+08 0
1.1389e+08 0
1.1389e+08 0
1.1389e+08 0
1.1389e+08 0
1.1389e+08 0
1.1389e+08 0
1.1389e+08 0
1.1389e+08 0
1.1389e+08 0
1.1389e+08 0
1.1389e+08 0
1.1389e+08 0
1.1389e+08 0
1.1389e+08 0
1.1389e+08 0
1.1389e+08 0
1.1389e+08 0
1.1389e+08 0
1.1389e+08 0
1.1389e+08 0
1.1389e+08 0
1.1389e+08 0
1.1389e+08 0
1.1389e+08 0
1.1389e+08 0
1.1389e+08 0
