0 -6.18278e-07
0 0.000139515
0 -587323
-15 -587323
-30 -587323
-45 -587323
-60 -587323
-75 -587323
-90 -587323
-105 -587323
-120 -587323
-135 -587323
-150 -587323
-165 -587323
-180 -587323
-195 -587323
-210 -587323
-225 -587323
-240 -587323
-255 -587323
-270 -587323
-285 -587323
-300 -587323
-315 -587323
-330 -587323
-345 -587323
-360 -587323
-375 -587323
-390 -587323
-405 -587323
-420 -587323
-435 -587323
-450 -587323
-465 -587323
-480 -587323
-495 -587323
-510 -587323
-525 -587323
-540 -587323
-555 -587323
-570 -587323
-585 -587323
-600 -587323
-615 -587323
-630 -587323
-645 -587323
-660 -587323
-675 -587323
-690 -587323
-705 -587323
-720 -587323
-735 -587323
-750 -587323
-765 -587323
-780 -587323
-795 -587323
-810 -587323
-825 -587323
-840 -587323
-855 -587323
-870 -587323
-885.001 -587323
-900.001 -587323
-915.001 -587323
-930.001 -587323
-945.001 -587323
-960.001 -587323
-975.001 -587323
-990.001 -587323
-1005 -587323
-1020 -587323
-1035 -587323
-1050 -587323
-1065 -587323
-1080 -587323
-1095 -587323
-1110 -587323
-1125 -587323
-1140 -587323
-1155 -587323
-1170 -587323
-1185 -587323
-1200 -587323
-1215 -587323
-1230 -587323
-1245 -587323
-1260 -587323
-1275 -587323
-1290 -587323
-1305 -587323
-1320 -587323
-1335 -587323
-1350 -587323
-1365 -587323
-1380 -587323
-1395 -587323
-1410 -587323
-1425 -587323
-1440 -587323
-1455 -587323
-1470 -587323
-1485 -587323
-1500 -587323
