0 0
0 0.000372934
0 -651744
-15 -651744
-30 -651744
-45 -651744
-60 -651744
-75 -651744
-90 -651744
-105 -651744
-120 -651744
-135 -651744
-150 -651744
-165 -651744
-180 -651744
-195 -651744
-210 -651744
-225 -651744
-240 -651744
-255 -651744
-270 -651744
-285 -651744
-300 -651744
-315 -651744
-330 -651744
-345 -651744
-360 -651744
-375 -651744
-390 -651744
-405 -651744
-420 -651744
-435 -651744
-450 -651744
-465 -651744
-480 -651744
-495 -651744
-510 -651744
-525 -651744
-540 -651744
-555 -651744
-570 -651744
-585 -651744
-600 -651744
-615 -651744
-630 -651744
-645 -651744
-660 -651744
-675 -651744
-690 -651744
-705 -651744
-720 -651744
-735 -651744
-750 -651744
-765 -651744
-780 -651744
-795 -651744
-810 -651744
-825 -651744
-840 -651744
-855 -651744
-870.001 -651744
-885.001 -651744
-900.001 -651744
-915.001 -651744
-930.001 -651744
-945.001 -651744
-960.001 -651744
-975.001 -651744
-990.001 -651744
-1005 -651744
-1020 -651744
-1035 -651744
-1050 -651744
-1065 -651744
-1080 -651744
-1095 -651744
-1110 -651744
-1125 -651744
-1140 -651744
-1155 -651744
-1170 -651744
-1185 -651744
-1200 -651744
-1215 -651744
-1230 -651744
-1245 -651744
-1260 -651744
-1275 -651744
-1290 -651744
-1305 -651744
-1320 -651744
-1335 -651744
-1350 -651744
-1365 -651744
-1380 -651744
-1395 -651744
-1410 -651744
-1425 -651744
-1440 -651744
-1455 -651744
-1470 -651744
-1485 -651744
-1500 -651744
