0 -2.04607e-06
0 -3.40855e-05
0 -669052
-15 -669052
-30 -669052
-45 -669052
-60 -669052
-75 -669052
-90 -669052
-105 -669052
-120 -669052
-135 -669052
-150 -669052
-165 -669052
-180 -669052
-195 -669052
-210 -669052
-225 -669052
-240 -669052
-255 -669052
-270 -669052
-285 -669052
-300 -669052
-315 -669052
-330 -669052
-345 -669052
-360 -669052
-375 -669052
-390 -669052
-405 -669052
-420 -669052
-435 -669052
-450 -669052
-465 -669052
-480 -669052
-495 -669052
-510 -669052
-525 -669052
-540 -669052
-555 -669052
-570 -669052
-585 -669052
-600 -669052
-615 -669052
-630 -669052
-645 -669052
-660 -669052
-675 -669052
-690 -669052
-705 -669052
-720 -669052
-735 -669052
-750 -669052
-765 -669052
-780 -669052
-795 -669052
-810 -669052
-825 -669052
-840 -669052
-855 -669052
-870 -669052
-885 -669052
-900 -669052
-915 -669052
-930 -669052
-945 -669052
-960 -669052
-975 -669052
-990 -669052
-1005 -669052
-1020 -669052
-1035 -669052
-1050 -669052
-1065 -669052
-1080 -669052
-1095 -669052
-1110 -669052
-1125 -669052
-1140 -669052
-1155 -669052
-1170 -669052
-1185 -669052
-1200 -669052
-1215 -669052
-1230 -669052
-1245 -669052
-1260 -669052
-1275 -669052
-1290 -669052
-1305 -669052
-1320 -669052
-1335 -669052
-1350 -669052
-1365 -669052
-1380 -669052
-1395 -669052
-1410 -669052
-1425 -669052
-1440 -669052
-1455 -669052
-1470 -669052
-1485 -669052
-1500 -669052
