0 -3.99612e-06
0 1.74764e-05
0 1.11314e-05
1.29001e+08 2.11314e-05
1.69013e+08 3.11314e-05
1.85562e+08 4.11314e-05
1.90704e+08 5.11314e-05
1.90828e+08 6.11314e-05
1.88214e+08 7.11314e-05
1.83639e+08 8.11314e-05
1.77451e+08 9.11314e-05
1.68983e+08 0.000101131
1.57854e+08 0.000111131
1.43361e+08 0.000121131
1.23471e+08 0.000131131
9.26419e+07 0.000141131
4.41675e+07 0.000151131
-7.85052e+07 0.000161131
3.83774e+08 0.000171131
3.83774e+08 0.000181131
3.83774e+08 0.000191131
3.83774e+08 0.000201131
3.83774e+08 0.000211131
3.83774e+08 0.000221131
3.83774e+08 0.000231131
3.83774e+08 0.000241131
3.83774e+08 0.000251131
3.83774e+08 0.000261131
3.83774e+08 0.000271131
3.83774e+08 0.000281131
3.83774e+08 0.000291131
3.83774e+08 0.000301131
3.83774e+08 0.000311131
3.83774e+08 0.000321131
3.83774e+08 0.000331131
3.83774e+08 0.000341131
3.83774e+08 0.000351131
3.83774e+08 0.000361131
3.83774e+08 0.000371131
3.83774e+08 0.000381131
3.83774e+08 0.000391131
3.83774e+08 0.000401131
3.83774e+08 0.000411131
3.83774e+08 0.000421131
3.83774e+08 0.000431131
3.83774e+08 0.000441131
3.83774e+08 0.000451131
3.83774e+08 0.000461131
3.83774e+08 0.000471131
3.83774e+08 0.000481131
3.83774e+08 0.000491131
3.83774e+08 0.000501131
3.83774e+08 0.000511131
3.83774e+08 0.000521131
3.83774e+08 0.000531131
3.83774e+08 0.000541131
3.83774e+08 0.000551131
3.83774e+08 0.000561131
3.83774e+08 0.000571131
3.83774e+08 0.000581131
3.83774e+08 0.000591131
3.83774e+08 0.000601131
3.83774e+08 0.000611131
3.83774e+08 0.000621131
3.83774e+08 0.000631131
3.83774e+08 0.000641131
3.83774e+08 0.000651131
3.83774e+08 0.000661131
3.83774e+08 0.000671131
3.83774e+08 0.000681131
3.83774e+08 0.000691131
3.83774e+08 0.000701131
3.83774e+08 0.000711131
3.83774e+08 0.000721131
3.83774e+08 0.000731131
3.83774e+08 0.000741131
3.83774e+08 0.000751131
3.83774e+08 0.000761131
3.83774e+08 0.000771131
3.83774e+08 0.000781131
3.83774e+08 0.000791131
3.83774e+08 0.000801131
3.83774e+08 0.000811131
3.83774e+08 0.000821131
3.83774e+08 0.000831131
3.83774e+08 0.000841131
3.83774e+08 0.000851131
3.83774e+08 0.000861131
3.83774e+08 0.000871131
3.83774e+08 0.000881131
3.83774e+08 0.000891131
3.83774e+08 0.000901131
3.83774e+08 0.000911131
3.83774e+08 0.000921131
3.83774e+08 0.000931131
3.83774e+08 0.000941131
3.83774e+08 0.000951131
3.83774e+08 0.000961131
3.83774e+08 0.000971131
3.83774e+08 0.000981131
3.83774e+08 0.000991131
3.83774e+08 0.00100113
3.83774e+08 0.00101113
