0 -2.23185e-06
0 2.0158e-05
0 1.22214e-05
8.22479e+07 2.22214e-05
1.08106e+08 3.22214e-05
1.20674e+08 4.22214e-05
1.27775e+08 5.22214e-05
1.31926e+08 6.22214e-05
1.34034e+08 7.22214e-05
1.3486e+08 8.22214e-05
1.348e+08 9.22214e-05
1.34061e+08 0.000102221
1.32725e+08 0.000112221
1.3083e+08 0.000122221
1.28396e+08 0.000132221
1.25415e+08 0.000142221
1.21883e+08 0.000152221
1.1777e+08 0.000162221
1.12996e+08 0.000172221
1.07469e+08 0.000182221
1.01074e+08 0.000192221
9.36259e+07 0.000202221
8.48194e+07 0.000212221
7.47642e+07 0.000222221
6.09353e+07 0.000232221
3.86832e+07 0.000242221
-3.34838e+07 0.000252221
-7.48411e+08 0.000262221
1.98208e+08 0.000272221
1.98208e+08 0.000282221
1.98208e+08 0.000292221
1.98208e+08 0.000302221
1.98208e+08 0.000312221
1.98208e+08 0.000322221
1.98208e+08 0.000332221
1.98208e+08 0.000342221
1.98208e+08 0.000352221
1.98208e+08 0.000362221
1.98208e+08 0.000372221
1.98208e+08 0.000382221
1.98208e+08 0.000392221
1.98208e+08 0.000402221
1.98208e+08 0.000412221
1.98208e+08 0.000422221
1.98208e+08 0.000432221
1.98208e+08 0.000442221
1.98208e+08 0.000452221
1.98208e+08 0.000462221
1.98208e+08 0.000472221
1.98208e+08 0.000482221
1.98208e+08 0.000492221
1.98208e+08 0.000502221
1.98208e+08 0.000512221
1.98208e+08 0.000522221
1.98208e+08 0.000532221
1.98208e+08 0.000542221
1.98208e+08 0.000552221
1.98208e+08 0.000562221
1.98208e+08 0.000572221
1.98208e+08 0.000582221
1.98208e+08 0.000592221
1.98208e+08 0.000602221
1.98208e+08 0.000612221
1.98208e+08 0.000622221
1.98208e+08 0.000632221
1.98208e+08 0.000642221
1.98208e+08 0.000652221
1.98208e+08 0.000662221
1.98208e+08 0.000672221
1.98208e+08 0.000682221
1.98208e+08 0.000692221
1.98208e+08 0.000702221
1.98208e+08 0.000712221
1.98208e+08 0.000722221
1.98208e+08 0.000732221
1.98208e+08 0.000742221
1.98208e+08 0.000752221
1.98208e+08 0.000762221
1.98208e+08 0.000772221
1.98208e+08 0.000782221
1.98208e+08 0.000792221
1.98208e+08 0.000802221
1.98208e+08 0.000812221
1.98208e+08 0.000822221
1.98208e+08 0.000832221
1.98208e+08 0.000842221
1.98208e+08 0.000852221
1.98208e+08 0.000862221
1.98208e+08 0.000872221
1.98208e+08 0.000882221
1.98208e+08 0.000892221
1.98208e+08 0.000902221
1.98208e+08 0.000912221
1.98208e+08 0.000922221
1.98208e+08 0.000932221
1.98208e+08 0.000942221
1.98208e+08 0.000952221
1.98208e+08 0.000962221
1.98208e+08 0.000972221
1.98208e+08 0.000982221
1.98208e+08 0.000992221
1.98208e+08 0.00100222
1.98208e+08 0.00101222
