0 -1.89915e-06
0 3.51867e-05
0 0.000237299
-3.37078e+07 0.000247299
1.76832e+08 0.000257299
1.76832e+08 0.000267299
1.76832e+08 0.000277299
1.76832e+08 0.000287299
1.76832e+08 0.000297299
1.76832e+08 0.000307299
1.76832e+08 0.000317299
1.76832e+08 0.000327299
1.76832e+08 0.000337299
1.76832e+08 0.000347299
1.76832e+08 0.000357299
1.76832e+08 0.000367299
1.76832e+08 0.000377299
1.76832e+08 0.000387299
1.76832e+08 0.000397299
1.76832e+08 0.000407299
1.76832e+08 0.000417299
1.76832e+08 0.000427299
1.76832e+08 0.000437299
1.76832e+08 0.000447299
1.76832e+08 0.000457299
1.76832e+08 0.000467299
1.76832e+08 0.000477299
1.76832e+08 0.000487299
1.76832e+08 0.000497299
1.76832e+08 0.000507299
1.76832e+08 0.000517299
1.76832e+08 0.000527299
1.76832e+08 0.000537299
1.76832e+08 0.000547299
1.76832e+08 0.000557299
1.76832e+08 0.000567299
1.76832e+08 0.000577299
1.76832e+08 0.000587299
1.76832e+08 0.000597299
1.76832e+08 0.000607299
1.76832e+08 0.000617299
1.76832e+08 0.000627299
1.76832e+08 0.000637299
1.76832e+08 0.000647299
1.76832e+08 0.000657299
1.76832e+08 0.000667299
1.76832e+08 0.000677299
1.76832e+08 0.000687299
1.76832e+08 0.000697299
1.76832e+08 0.000707299
1.76832e+08 0.000717299
1.76832e+08 0.000727299
1.76832e+08 0.000737299
1.76832e+08 0.000747299
1.76832e+08 0.000757299
1.76832e+08 0.000767299
1.76832e+08 0.000777299
1.76832e+08 0.000787299
1.76832e+08 0.000797299
1.76832e+08 0.000807299
1.76832e+08 0.000817299
1.76832e+08 0.000827299
1.76832e+08 0.000837299
1.76832e+08 0.000847299
1.76832e+08 0.000857299
1.76832e+08 0.000867299
1.76832e+08 0.000877299
1.76832e+08 0.000887299
1.76832e+08 0.000897299
1.76832e+08 0.000907299
1.76832e+08 0.000917299
1.76832e+08 0.000927299
1.76832e+08 0.000937299
1.76832e+08 0.000947299
1.76832e+08 0.000957299
1.76832e+08 0.000967299
1.76832e+08 0.000977299
1.76832e+08 0.000987299
1.76832e+08 0.000997299
1.76832e+08 0.0010073
1.76832e+08 0.0010173
1.76832e+08 0.0010273
1.76832e+08 0.0010373
1.76832e+08 0.0010473
1.76832e+08 0.0010573
1.76832e+08 0.0010673
1.76832e+08 0.0010773
1.76832e+08 0.0010873
1.76832e+08 0.0010973
1.76832e+08 0.0011073
1.76832e+08 0.0011173
1.76832e+08 0.0011273
1.76832e+08 0.0011373
1.76832e+08 0.0011473
1.76832e+08 0.0011573
1.76832e+08 0.0011673
1.76832e+08 0.0011773
1.76832e+08 0.0011873
1.76832e+08 0.0011973
1.76832e+08 0.0012073
1.76832e+08 0.0012173
1.76832e+08 0.0012273
1.76832e+08 0.0012373
