0 -2.20459e-06
0 -2.00035e-05
0 -544581
-15 -544581
-30 -544581
-45 -544581
-60 -544581
-75 -544581
-90 -544581
-105 -544581
-120 -544581
-135 -544581
-150 -544581
-165 -544581
-180 -544581
-195 -544581
-210 -544581
-225 -544581
-240 -544581
-255 -544581
-270 -544581
-285 -544581
-300 -544581
-315 -544581
-330 -544581
-345 -544581
-360 -544581
-375 -544581
-390 -544581
-405 -544581
-420 -544581
-435 -544581
-450 -544581
-465 -544581
-480 -544581
-495 -544581
-510 -544581
-525 -544581
-540 -544581
-555 -544581
-570 -544581
-585 -544581
-600 -544581
-615 -544581
-630 -544581
-645 -544581
-660 -544581
-675 -544581
-690 -544581
-705 -544581
-720 -544581
-735 -544581
-750 -544581
-765 -544581
-780 -544581
-795 -544581
-810 -544581
-825 -544581
-840 -544581
-855 -544581
-870 -544581
-885 -544581
-900 -544581
-915 -544581
-930 -544581
-945 -544581
-960 -544581
-975 -544581
-990 -544581
-1005 -544581
-1020 -544581
-1035 -544581
-1050 -544581
-1065 -544581
-1080 -544581
-1095 -544581
-1110 -544581
-1125 -544581
-1140 -544581
-1155 -544581
-1170 -544581
-1185 -544581
-1200 -544581
-1215 -544581
-1230 -544581
-1245 -544581
-1260 -544581
-1275 -544581
-1290 -544581
-1305 -544581
-1320 -544581
-1335 -544581
-1350 -544581
-1365 -544581
-1380 -544581
-1395 -544581
-1410 -544581
-1425 -544581
-1440 -544581
-1455 -544581
-1470 -544581
-1485 -544581
-1500 -544581
