0 -5.19794e-08
0 -8.73115e-10
0 2.98023e-08
1.0908e+08 -1.0908e+08
1.23371e+08 -1.23371e+08
1.27392e+08 -1.27392e+08
1.31312e+08 -1.31312e+08
1.35194e+08 -1.35194e+08
1.39041e+08 -1.39041e+08
1.42809e+08 -1.42809e+08
1.46417e+08 -1.46417e+08
1.49562e+08 -1.49562e+08
1.52299e+08 -1.52299e+08
1.53994e+08 -1.53994e+08
1.55426e+08 -1.55426e+08
1.56666e+08 -1.56666e+08
1.57776e+08 -1.57776e+08
1.58753e+08 -1.58753e+08
1.59612e+08 -1.59612e+08
1.60384e+08 -1.60384e+08
1.61065e+08 -1.61065e+08
1.61667e+08 -1.61667e+08
1.62193e+08 -1.62193e+08
1.62666e+08 -1.62666e+08
1.63092e+08 -1.63092e+08
1.63476e+08 -1.63476e+08
1.63818e+08 -1.63818e+08
1.64124e+08 -1.64124e+08
1.64401e+08 -1.64401e+08
1.64654e+08 -1.64654e+08
1.64879e+08 -1.64879e+08
1.65078e+08 -1.65078e+08
1.65248e+08 -1.65248e+08
1.65399e+08 -1.65399e+08
1.65535e+08 -1.65535e+08
1.65655e+08 -1.65655e+08
1.65758e+08 -1.65758e+08
1.65842e+08 -1.65842e+08
1.65904e+08 -1.65904e+08
1.65949e+08 -1.65949e+08
1.65978e+08 -1.65978e+08
1.65997e+08 -1.65997e+08
1.66003e+08 -1.66003e+08
1.65993e+08 -1.65993e+08
1.65962e+08 -1.65962e+08
1.65911e+08 -1.65911e+08
1.65845e+08 -1.65845e+08
1.65758e+08 -1.65758e+08
1.65647e+08 -1.65647e+08
1.65514e+08 -1.65514e+08
1.65352e+08 -1.65352e+08
1.65162e+08 -1.65162e+08
1.64946e+08 -1.64946e+08
1.64671e+08 -1.64671e+08
1.64318e+08 -1.64318e+08
1.63901e+08 -1.63901e+08
1.63414e+08 -1.63414e+08
1.6281e+08 -1.6281e+08
1.61946e+08 -1.61946e+08
1.61204e+08 -1.61204e+08
1.60322e+08 -1.60322e+08
1.59348e+08 -1.59348e+08
1.58291e+08 -1.58291e+08
1.57373e+08 -1.57373e+08
1.56099e+08 -1.56099e+08
1.54872e+08 -1.54872e+08
1.53749e+08 -1.53749e+08
1.52322e+08 -1.52322e+08
1.50842e+08 -1.50842e+08
1.49715e+08 -1.49715e+08
1.48655e+08 -1.48655e+08
1.47357e+08 -1.47357e+08
1.46279e+08 -1.46279e+08
1.45483e+08 -1.45483e+08
1.44633e+08 -1.44633e+08
6.21781e+07 -6.21781e+07
6.17564e+07 -6.17564e+07
6.1147e+07 -6.1147e+07
6.03988e+07 -6.03988e+07
5.9663e+07 -5.9663e+07
5.90937e+07 -5.90937e+07
5.85379e+07 -5.85379e+07
5.75475e+07 -5.75475e+07
5.67189e+07 -5.67189e+07
5.62095e+07 -5.62095e+07
5.56362e+07 -5.56362e+07
5.49747e+07 -5.49747e+07
5.4194e+07 -5.4194e+07
5.35205e+07 -5.35205e+07
5.2956e+07 -5.2956e+07
5.25221e+07 -5.25221e+07
5.20119e+07 -5.20119e+07
5.13398e+07 -5.13398e+07
5.07776e+07 -5.07776e+07
5.02513e+07 -5.02513e+07
4.97667e+07 -4.97667e+07
4.93981e+07 -4.93981e+07
4.90514e+07 -4.90514e+07
4.84552e+07 -4.84552e+07
4.79031e+07 -4.79031e+07
4.74654e+07 -4.74654e+07
4.71572e+07 -4.71572e+07
4.68566e+07 -4.68566e+07
