0 -9.12696e-08
0 2.12381e+08
0 2.12381e+08
3.39152e+07 1.78466e+08
7.58858e+07 1.36495e+08
1.23648e+08 8.87331e+07
1.63967e+08 4.84143e+07
2.25787e+08 -1.34057e+07
3.0551e+08 -9.31291e+07
3.8119e+08 -1.68809e+08
4.20408e+08 -1.97935e+08
5.74447e+08 0
5.74447e+08 0
5.74447e+08 0
5.74447e+08 0
5.74447e+08 0
5.74447e+08 0
5.74447e+08 0
5.74447e+08 0
5.74447e+08 0
5.74447e+08 0
5.74447e+08 0
5.74447e+08 0
5.74447e+08 0
5.74447e+08 0
5.74447e+08 0
5.74447e+08 0
5.74447e+08 0
5.74447e+08 0
5.74447e+08 0
5.74447e+08 0
5.74447e+08 0
5.74447e+08 0
5.74447e+08 0
5.74447e+08 0
5.74447e+08 0
5.74447e+08 0
5.74447e+08 0
5.74447e+08 0
5.74447e+08 0
5.74447e+08 0
5.74447e+08 0
5.74447e+08 0
5.74447e+08 0
5.74447e+08 0
5.74447e+08 0
5.74447e+08 0
5.74447e+08 0
5.74447e+08 0
5.74447e+08 0
5.74447e+08 0
5.74447e+08 0
5.74447e+08 0
5.74447e+08 0
5.74447e+08 0
5.74447e+08 0
5.74447e+08 0
5.74447e+08 0
5.74447e+08 0
5.74447e+08 0
5.74447e+08 0
5.74447e+08 0
5.74447e+08 0
5.74447e+08 0
5.74447e+08 0
5.74447e+08 0
5.74447e+08 0
5.74447e+08 0
5.74447e+08 0
5.74447e+08 0
5.74447e+08 0
5.74447e+08 0
5.74447e+08 0
5.74447e+08 0
5.74447e+08 0
5.74447e+08 0
5.74447e+08 0
5.74447e+08 0
5.74447e+08 0
5.74447e+08 0
5.74447e+08 0
5.74447e+08 0
5.74447e+08 0
5.74447e+08 0
5.74447e+08 0
5.74447e+08 0
5.74447e+08 0
5.74447e+08 0
5.74447e+08 0
5.74447e+08 0
5.74447e+08 0
5.74447e+08 0
5.74447e+08 0
5.74447e+08 0
5.74447e+08 0
5.74447e+08 0
5.74447e+08 0
5.74447e+08 0
5.74447e+08 0
5.74447e+08 0
5.74447e+08 0
5.74447e+08 0
5.74447e+08 0
