0 0
0 -7.17884e-05
0 -351775
-15 -351775
-30 -351775
-45 -351775
-60 -351775
-75 -351775
-90 -351775
-105 -351775
-120 -351775
-135 -351775
-150 -351775
-165 -351775
-180 -351775
-195 -351775
-210 -351775
-225 -351775
-240 -351775
-255 -351775
-270 -351775
-285 -351775
-300 -351775
-315 -351775
-330 -351775
-345 -351775
-360 -351775
-375 -351775
-390 -351775
-405 -351775
-420 -351775
-435 -351775
-450 -351775
-465 -351775
-480 -351775
-495 -351775
-510 -351775
-525 -351775
-540 -351775
-555 -351775
-570 -351775
-585 -351775
-600 -351775
-615 -351775
-630 -351775
-645 -351775
-660 -351775
-675 -351775
-690 -351775
-705 -351775
-720 -351775
-735 -351775
-750 -351775
-765 -351775
-780 -351775
-795.001 -351775
-810.001 -351775
-825.001 -351775
-840.001 -351775
-855.001 -351775
-870.001 -351775
-885.001 -351775
-900.001 -351775
-915.001 -351775
-930.001 -351775
-945.001 -351775
-960.001 -351775
-975.001 -351775
-990.001 -351775
-1005 -351775
-1020 -351775
-1035 -351775
-1050 -351775
-1065 -351775
-1080 -351775
-1095 -351775
-1110 -351775
-1125 -351775
-1140 -351775
-1155 -351775
-1170 -351775
-1185 -351775
-1200 -351775
-1215 -351775
-1230 -351775
-1245 -351775
-1260 -351775
-1275 -351775
-1290 -351775
-1305 -351775
-1320 -351775
-1335 -351775
-1350 -351775
-1365 -351775
-1380 -351775
-1395 -351775
-1410 -351775
-1425 -351775
-1440 -351775
-1455 -351775
-1470 -351775
-1485 -351775
-1500 -351775
