0 -2.95977e-06
0 3.31062e-05
0 -3.30177e-05
-14.9401 -2.30177e-05
-120.204 -1.30177e-05
-285.967 -3.01772e-06
-451.731 6.98227e-06
-617.495 1.69823e-05
-783.258 2.69823e-05
-949.022 3.69823e-05
-1114.79 4.69823e-05
-1280.55 5.69823e-05
-1446.31 6.69823e-05
-1612.08 7.69822e-05
-1777.84 8.69822e-05
-1943.6 9.69822e-05
-2109.37 0.000106982
-2275.13 0.000116982
-2440.9 0.000126982
-2606.66 0.000136982
-2772.42 0.000146982
-2938.19 0.000156982
-3103.95 0.000166982
-3269.72 0.000176982
-3435.48 0.000186982
-3601.24 0.000196982
-3767.01 0.000206982
-3932.77 0.000216982
-4098.54 0.000226982
-4264.3 0.000236982
-4430.07 0.000246982
-4595.83 0.000256982
-4761.59 0.000266982
-4927.36 0.000276982
-5093.12 0.000286982
-5258.89 0.000296982
-5424.65 0.000306982
-5590.42 0.000316982
-5756.18 0.000326982
-5921.95 0.000336982
-6087.71 0.000346982
-6253.48 0.000356982
-6419.24 0.000366982
-6585.01 0.000376982
-6750.77 0.000386982
-6916.53 0.000396982
-7082.3 0.000406982
-7248.06 0.000416982
-7413.83 0.000426982
-7579.59 0.000436982
-7745.36 0.000446982
-7911.12 0.000456982
-8076.89 0.000466982
-8242.65 0.000476982
-8408.42 0.000486982
-8574.18 0.000496982
-8739.95 0.000506982
-8905.71 0.000516982
-9071.48 0.000526982
-9237.24 0.000536982
-9403.01 0.000546982
-9568.78 0.000556982
-9734.54 0.000566982
-9900.31 0.000576982
-10066.1 0.000586982
-10231.8 0.000596982
-10397.6 0.000606982
-10563.4 0.000616982
-10729.1 0.000626982
-10894.9 0.000636982
-11060.7 0.000646982
-11226.4 0.000656982
-11392.2 0.000666982
-11558 0.000676982
-11723.7 0.000686982
-11889.5 0.000696982
-12055.3 0.000706982
-12221 0.000716982
-12386.8 0.000726982
-12552.6 0.000736982
-12718.3 0.000746982
-12884.1 0.000756982
-13049.9 0.000766982
-13215.6 0.000776982
-13381.4 0.000786982
-13547.2 0.000796982
-13712.9 0.000806982
-13878.7 0.000816982
-14044.4 0.000826982
-14210.2 0.000836982
-14376 0.000846982
-14541.7 0.000856982
-14707.5 0.000866982
-14873.3 0.000876982
-15039 0.000886982
-15204.8 0.000896982
-15370.6 0.000906982
-15536.3 0.000916982
-15702.1 0.000926982
-15867.9 0.000936982
-16033.6 0.000946982
-16199.4 0.000956982
-16365.2 0.000966982
