0 -2.26332e-06
0 8.32948e-05
0 -512689
-15 -512689
-30 -512689
-45 -512689
-60 -512689
-75 -512689
-90 -512689
-105 -512689
-120 -512689
-135 -512689
-150 -512689
-165 -512689
-180 -512689
-195 -512689
-210 -512689
-225 -512689
-240 -512689
-255 -512689
-270 -512689
-285 -512689
-300 -512689
-315 -512689
-330 -512689
-345 -512689
-360 -512689
-375 -512689
-390 -512689
-405 -512689
-420 -512689
-435 -512689
-450 -512689
-465 -512689
-480 -512689
-495 -512689
-510 -512689
-525 -512689
-540 -512689
-555 -512689
-570 -512689
-585 -512689
-600 -512689
-615 -512689
-630 -512689
-645 -512689
-660 -512689
-675 -512689
-690 -512689
-705 -512689
-720 -512689
-735 -512689
-750 -512689
-765 -512689
-780 -512689
-795 -512689
-810 -512689
-825 -512689
-840 -512689
-855 -512689
-870 -512689
-885.001 -512689
-900.001 -512689
-915.001 -512689
-930.001 -512689
-945.001 -512689
-960.001 -512689
-975.001 -512689
-990.001 -512689
-1005 -512689
-1020 -512689
-1035 -512689
-1050 -512689
-1065 -512689
-1080 -512689
-1095 -512689
-1110 -512689
-1125 -512689
-1140 -512689
-1155 -512689
-1170 -512689
-1185 -512689
-1200 -512689
-1215 -512689
-1230 -512689
-1245 -512689
-1260 -512689
-1275 -512689
-1290 -512689
-1305 -512689
-1320 -512689
-1335 -512689
-1350 -512689
-1365 -512689
-1380 -512689
-1395 -512689
-1410 -512689
-1425 -512689
-1440 -512689
-1455 -512689
-1470 -512689
-1485 -512689
-1500 -512689
