0 -7.67495e-08
0 2.92785e-06
0 5.74037e-07
1.60469e+08 1.0574e-05
2.62329e+08 2.0574e-05
2.98797e+08 3.0574e-05
3.13989e+08 4.0574e-05
3.195e+08 5.0574e-05
3.1998e+08 6.0574e-05
3.17674e+08 7.0574e-05
3.13388e+08 8.0574e-05
3.07283e+08 9.0574e-05
2.98936e+08 0.000100574
2.88558e+08 0.000110574
2.74888e+08 0.000120574
2.55792e+08 0.000130574
2.26435e+08 0.000140574
1.78636e+08 0.000150574
7.26605e+07 0.000160574
5.12535e+08 0.000170574
5.12535e+08 0.000180574
5.12535e+08 0.000190574
5.12535e+08 0.000200574
5.12535e+08 0.000210574
5.12535e+08 0.000220574
5.12535e+08 0.000230574
5.12535e+08 0.000240574
5.12535e+08 0.000250574
5.12535e+08 0.000260574
5.12535e+08 0.000270574
5.12535e+08 0.000280574
5.12535e+08 0.000290574
5.12535e+08 0.000300574
5.12535e+08 0.000310574
5.12535e+08 0.000320574
5.12535e+08 0.000330574
5.12535e+08 0.000340574
5.12535e+08 0.000350574
5.12535e+08 0.000360574
5.12535e+08 0.000370574
5.12535e+08 0.000380574
5.12535e+08 0.000390574
5.12535e+08 0.000400574
5.12535e+08 0.000410574
5.12535e+08 0.000420574
5.12535e+08 0.000430574
5.12535e+08 0.000440574
5.12535e+08 0.000450574
5.12535e+08 0.000460574
5.12535e+08 0.000470574
5.12535e+08 0.000480574
5.12535e+08 0.000490574
5.12535e+08 0.000500574
5.12535e+08 0.000510574
5.12535e+08 0.000520574
5.12535e+08 0.000530574
5.12535e+08 0.000540574
5.12535e+08 0.000550574
5.12535e+08 0.000560574
5.12535e+08 0.000570574
5.12535e+08 0.000580574
5.12535e+08 0.000590574
5.12535e+08 0.000600574
5.12535e+08 0.000610574
5.12535e+08 0.000620574
5.12535e+08 0.000630574
5.12535e+08 0.000640574
5.12535e+08 0.000650574
5.12535e+08 0.000660574
5.12535e+08 0.000670574
5.12535e+08 0.000680574
5.12535e+08 0.000690574
5.12535e+08 0.000700574
5.12535e+08 0.000710574
5.12535e+08 0.000720574
5.12535e+08 0.000730574
5.12535e+08 0.000740574
5.12535e+08 0.000750574
5.12535e+08 0.000760574
5.12535e+08 0.000770574
5.12535e+08 0.000780574
5.12535e+08 0.000790574
5.12535e+08 0.000800574
5.12535e+08 0.000810574
5.12535e+08 0.000820574
5.12535e+08 0.000830574
5.12535e+08 0.000840574
5.12535e+08 0.000850574
5.12535e+08 0.000860574
5.12535e+08 0.000870574
5.12535e+08 0.000880574
5.12535e+08 0.000890574
5.12535e+08 0.000900574
5.12535e+08 0.000910574
5.12535e+08 0.000920574
5.12535e+08 0.000930574
5.12535e+08 0.000940574
5.12535e+08 0.000950574
5.12535e+08 0.000960574
5.12535e+08 0.000970574
5.12535e+08 0.000980574
5.12535e+08 0.000990574
5.12535e+08 0.00100057
