0 -1.41796e-06
0 -7.66161e-06
0 -7.16488e-06
-4.62937e+07 -1.71649e-05
3.79306e+07 -2.71649e-05
1.28229e+09 -3.71649e-05
1.28229e+09 -4.71649e-05
1.28229e+09 -5.71649e-05
1.28229e+09 -6.71649e-05
1.28229e+09 -7.71649e-05
1.28229e+09 -8.71649e-05
1.28229e+09 -9.71649e-05
1.28229e+09 -0.000107165
1.28229e+09 -0.000117165
1.28229e+09 -0.000127165
1.28229e+09 -0.000137165
1.28229e+09 -0.000147165
1.28229e+09 -0.000157165
1.28229e+09 -0.000167165
1.28229e+09 -0.000177165
1.28229e+09 -0.000187165
1.28229e+09 -0.000197165
1.28229e+09 -0.000207165
1.28229e+09 -0.000217165
1.28229e+09 -0.000227165
1.28229e+09 -0.000237165
1.28229e+09 -0.000247165
1.28229e+09 -0.000257165
1.28229e+09 -0.000267165
1.28229e+09 -0.000277165
1.28229e+09 -0.000287165
1.28229e+09 -0.000297165
1.28229e+09 -0.000307165
1.28229e+09 -0.000317165
1.28229e+09 -0.000327165
1.28229e+09 -0.000337165
1.28229e+09 -0.000347165
1.28229e+09 -0.000357165
1.28229e+09 -0.000367165
1.28229e+09 -0.000377165
1.28229e+09 -0.000387165
1.28229e+09 -0.000397165
1.28229e+09 -0.000407165
1.28229e+09 -0.000417165
1.28229e+09 -0.000427165
1.28229e+09 -0.000437165
1.28229e+09 -0.000447165
1.28229e+09 -0.000457165
1.28229e+09 -0.000467165
1.28229e+09 -0.000477165
1.28229e+09 -0.000487165
1.28229e+09 -0.000497165
1.28229e+09 -0.000507165
1.28229e+09 -0.000517165
1.28229e+09 -0.000527165
1.28229e+09 -0.000537165
1.28229e+09 -0.000547165
1.28229e+09 -0.000557165
1.28229e+09 -0.000567165
1.28229e+09 -0.000577165
1.28229e+09 -0.000587165
1.28229e+09 -0.000597165
1.28229e+09 -0.000607165
1.28229e+09 -0.000617165
1.28229e+09 -0.000627165
1.28229e+09 -0.000637165
1.28229e+09 -0.000647165
1.28229e+09 -0.000657165
1.28229e+09 -0.000667165
1.28229e+09 -0.000677165
1.28229e+09 -0.000687165
1.28229e+09 -0.000697165
1.28229e+09 -0.000707165
1.28229e+09 -0.000717165
1.28229e+09 -0.000727165
1.28229e+09 -0.000737165
1.28229e+09 -0.000747165
1.28229e+09 -0.000757165
1.28229e+09 -0.000767165
1.28229e+09 -0.000777165
1.28229e+09 -0.000787165
1.28229e+09 -0.000797165
1.28229e+09 -0.000807165
1.28229e+09 -0.000817165
1.28229e+09 -0.000827165
1.28229e+09 -0.000837165
1.28229e+09 -0.000847165
1.28229e+09 -0.000857165
1.28229e+09 -0.000867165
1.28229e+09 -0.000877165
1.28229e+09 -0.000887165
1.28229e+09 -0.000897165
1.28229e+09 -0.000907165
1.28229e+09 -0.000917165
1.28229e+09 -0.000927165
1.28229e+09 -0.000937165
1.28229e+09 -0.000947165
1.28229e+09 -0.000957165
1.28229e+09 -0.000967165
1.28229e+09 -0.000977165
1.28229e+09 -0.000987165
1.28229e+09 -0.000997165
1.28229e+09 -0.00100716
