0 5.83008e-07
0 -1.95889e+08
0 -1.95889e+08
1.78969e+07 -2.13785e+08
-1.88464e+07 -1.77042e+08
-9.54952e+07 -1.00393e+08
-1.37645e+08 -1.0167e+08
2.34041e+07 -1.1353e+08
-6.06014e+08 1.03743e+08
8.90308e+08 0
8.90308e+08 0
8.90308e+08 0
8.90308e+08 0
8.90308e+08 0
8.90308e+08 0
8.90308e+08 0
8.90308e+08 0
8.90308e+08 0
8.90308e+08 0
8.90308e+08 0
8.90308e+08 0
8.90308e+08 0
8.90308e+08 0
8.90308e+08 0
8.90308e+08 0
8.90308e+08 0
8.90308e+08 0
8.90308e+08 0
8.90308e+08 0
8.90308e+08 0
8.90308e+08 0
8.90308e+08 0
8.90308e+08 0
8.90308e+08 0
8.90308e+08 0
8.90308e+08 0
8.90308e+08 0
8.90308e+08 0
8.90308e+08 0
8.90308e+08 0
8.90308e+08 0
8.90308e+08 0
8.90308e+08 0
8.90308e+08 0
8.90308e+08 0
8.90308e+08 0
8.90308e+08 0
8.90308e+08 0
8.90308e+08 0
8.90308e+08 0
8.90308e+08 0
8.90308e+08 0
8.90308e+08 0
8.90308e+08 0
8.90308e+08 0
8.90308e+08 0
8.90308e+08 0
8.90308e+08 0
8.90308e+08 0
8.90308e+08 0
8.90308e+08 0
8.90308e+08 0
8.90308e+08 0
8.90308e+08 0
8.90308e+08 0
8.90308e+08 0
8.90308e+08 0
8.90308e+08 0
8.90308e+08 0
8.90308e+08 0
8.90308e+08 0
8.90308e+08 0
8.90308e+08 0
8.90308e+08 0
8.90308e+08 0
8.90308e+08 0
8.90308e+08 0
8.90308e+08 0
8.90308e+08 0
8.90308e+08 0
8.90308e+08 0
8.90308e+08 0
8.90308e+08 0
8.90308e+08 0
8.90308e+08 0
8.90308e+08 0
8.90308e+08 0
8.90308e+08 0
8.90308e+08 0
8.90308e+08 0
8.90308e+08 0
8.90308e+08 0
8.90308e+08 0
8.90308e+08 0
8.90308e+08 0
8.90308e+08 0
8.90308e+08 0
8.90308e+08 0
8.90308e+08 0
8.90308e+08 0
8.90308e+08 0
8.90308e+08 0
8.90308e+08 0
