0 -2.47477e-06
0 -1.39972e-05
0 -7.71245e-06
-1.45315e+08 -1.77124e-05
-1.95853e+08 -2.77124e-05
-2.14333e+08 -3.77124e-05
-2.20096e+08 -4.77124e-05
-2.19756e+08 -5.77124e-05
-2.1477e+08 -6.77124e-05
-2.05215e+08 -7.77124e-05
-1.90952e+08 -8.77124e-05
-1.69645e+08 -9.77124e-05
-1.37851e+08 -0.000107712
-8.48348e+07 -0.000117712
2.31002e+07 -0.000127712
1.39567e+08 -0.000137712
4.68148e+08 -0.000147712
4.68148e+08 -0.000157712
4.68148e+08 -0.000167712
4.68148e+08 -0.000177712
4.68148e+08 -0.000187712
4.68148e+08 -0.000197712
4.68148e+08 -0.000207712
4.68148e+08 -0.000217712
4.68148e+08 -0.000227712
4.68148e+08 -0.000237712
4.68148e+08 -0.000247712
4.68148e+08 -0.000257712
4.68148e+08 -0.000267712
4.68148e+08 -0.000277712
4.68148e+08 -0.000287712
4.68148e+08 -0.000297712
4.68148e+08 -0.000307712
4.68148e+08 -0.000317712
4.68148e+08 -0.000327712
4.68148e+08 -0.000337712
4.68148e+08 -0.000347712
4.68148e+08 -0.000357712
4.68148e+08 -0.000367712
4.68148e+08 -0.000377712
4.68148e+08 -0.000387712
4.68148e+08 -0.000397712
4.68148e+08 -0.000407712
4.68148e+08 -0.000417712
4.68148e+08 -0.000427712
4.68148e+08 -0.000437712
4.68148e+08 -0.000447712
4.68148e+08 -0.000457712
4.68148e+08 -0.000467712
4.68148e+08 -0.000477712
4.68148e+08 -0.000487712
4.68148e+08 -0.000497712
4.68148e+08 -0.000507712
4.68148e+08 -0.000517712
4.68148e+08 -0.000527712
4.68148e+08 -0.000537712
4.68148e+08 -0.000547712
4.68148e+08 -0.000557712
4.68148e+08 -0.000567712
4.68148e+08 -0.000577712
4.68148e+08 -0.000587712
4.68148e+08 -0.000597712
4.68148e+08 -0.000607712
4.68148e+08 -0.000617712
4.68148e+08 -0.000627712
4.68148e+08 -0.000637712
4.68148e+08 -0.000647712
4.68148e+08 -0.000657712
4.68148e+08 -0.000667712
4.68148e+08 -0.000677712
4.68148e+08 -0.000687712
4.68148e+08 -0.000697712
4.68148e+08 -0.000707712
4.68148e+08 -0.000717712
4.68148e+08 -0.000727712
4.68148e+08 -0.000737712
4.68148e+08 -0.000747712
4.68148e+08 -0.000757712
4.68148e+08 -0.000767712
4.68148e+08 -0.000777712
4.68148e+08 -0.000787712
4.68148e+08 -0.000797712
4.68148e+08 -0.000807712
4.68148e+08 -0.000817712
4.68148e+08 -0.000827712
4.68148e+08 -0.000837712
4.68148e+08 -0.000847712
4.68148e+08 -0.000857712
4.68148e+08 -0.000867712
4.68148e+08 -0.000877712
4.68148e+08 -0.000887712
4.68148e+08 -0.000897712
4.68148e+08 -0.000907712
4.68148e+08 -0.000917712
4.68148e+08 -0.000927712
4.68148e+08 -0.000937712
4.68148e+08 -0.000947712
4.68148e+08 -0.000957712
4.68148e+08 -0.000967712
4.68148e+08 -0.000977712
4.68148e+08 -0.000987712
4.68148e+08 -0.000997712
4.68148e+08 -0.00100771
