0 -3.18611e-06
0 -3.42261e-06
0 6.33299e-08
-1.68285e+08 1.68285e+08
-2.64039e+08 2.64039e+08
-2.99214e+08 2.99214e+08
-3.19785e+08 3.19785e+08
-3.33205e+08 3.33205e+08
-3.40945e+08 3.40945e+08
-3.44319e+08 3.44319e+08
-3.44702e+08 3.44702e+08
-3.41747e+08 3.41747e+08
-3.36967e+08 3.36967e+08
-3.30197e+08 3.30197e+08
-3.21123e+08 3.21123e+08
-3.08904e+08 3.08904e+08
-2.92141e+08 2.92141e+08
-2.68709e+08 2.68709e+08
-2.36843e+08 2.36843e+08
-2.01582e+08 2.01582e+08
-1.61742e+08 1.61742e+08
-1.13121e+08 1.13121e+08
-6.21234e+07 6.21234e+07
-1.29184e+06 1.29184e+06
7.75119e+07 -7.75119e+07
1.54353e+08 -1.54353e+08
3.62066e+08 0
3.62066e+08 0
3.62066e+08 0
3.62066e+08 0
3.62066e+08 0
3.62066e+08 0
3.62066e+08 0
3.62066e+08 0
3.62066e+08 0
3.62066e+08 0
3.62066e+08 0
3.62066e+08 0
3.62066e+08 0
3.62066e+08 0
3.62066e+08 0
3.62066e+08 0
3.62066e+08 0
3.62066e+08 0
3.62066e+08 0
3.62066e+08 0
3.62066e+08 0
3.62066e+08 0
3.62066e+08 0
3.62066e+08 0
3.62066e+08 0
3.62066e+08 0
3.62066e+08 0
3.62066e+08 0
3.62066e+08 0
3.62066e+08 0
3.62066e+08 0
3.62066e+08 0
3.62066e+08 0
3.62066e+08 0
3.62066e+08 0
3.62066e+08 0
3.62066e+08 0
3.62066e+08 0
3.62066e+08 0
3.62066e+08 0
3.62066e+08 0
3.62066e+08 0
3.62066e+08 0
3.62066e+08 0
3.62066e+08 0
3.62066e+08 0
3.62066e+08 0
3.62066e+08 0
3.62066e+08 0
3.62066e+08 0
3.62066e+08 0
3.62066e+08 0
3.62066e+08 0
3.62066e+08 0
3.62066e+08 0
3.62066e+08 0
3.62066e+08 0
3.62066e+08 0
3.62066e+08 0
3.62066e+08 0
3.62066e+08 0
3.62066e+08 0
3.62066e+08 0
3.62066e+08 0
3.62066e+08 0
3.62066e+08 0
3.62066e+08 0
3.62066e+08 0
3.62066e+08 0
3.62066e+08 0
3.62066e+08 0
3.62066e+08 0
3.62066e+08 0
3.62066e+08 0
3.62066e+08 0
3.62066e+08 0
3.62066e+08 0
