0 -1.97906e-08
0 9.78465e+07
0 9.78465e+07
-1.65658e+08 2.63504e+08
-2.28149e+08 3.25996e+08
-2.41552e+08 3.39398e+08
-2.41241e+08 3.39088e+08
-2.33451e+08 3.31297e+08
-2.19479e+08 3.17325e+08
-1.98088e+08 2.95934e+08
-1.66776e+08 2.64622e+08
-1.18365e+08 2.16212e+08
-2.0249e+07 1.18095e+08
2.60528e+08 -1.62681e+08
5.21628e+08 0
5.21628e+08 0
5.21628e+08 0
5.21628e+08 0
5.21628e+08 0
5.21628e+08 0
5.21628e+08 0
5.21628e+08 0
5.21628e+08 0
5.21628e+08 0
5.21628e+08 0
5.21628e+08 0
5.21628e+08 0
5.21628e+08 0
5.21628e+08 0
5.21628e+08 0
5.21628e+08 0
5.21628e+08 0
5.21628e+08 0
5.21628e+08 0
5.21628e+08 0
5.21628e+08 0
5.21628e+08 0
5.21628e+08 0
5.21628e+08 0
5.21628e+08 0
5.21628e+08 0
5.21628e+08 0
5.21628e+08 0
5.21628e+08 0
5.21628e+08 0
5.21628e+08 0
5.21628e+08 0
5.21628e+08 0
5.21628e+08 0
5.21628e+08 0
5.21628e+08 0
5.21628e+08 0
5.21628e+08 0
5.21628e+08 0
5.21628e+08 0
5.21628e+08 0
5.21628e+08 0
5.21628e+08 0
5.21628e+08 0
5.21628e+08 0
5.21628e+08 0
5.21628e+08 0
5.21628e+08 0
5.21628e+08 0
5.21628e+08 0
5.21628e+08 0
5.21628e+08 0
5.21628e+08 0
5.21628e+08 0
5.21628e+08 0
5.21628e+08 0
5.21628e+08 0
5.21628e+08 0
5.21628e+08 0
5.21628e+08 0
5.21628e+08 0
5.21628e+08 0
5.21628e+08 0
5.21628e+08 0
5.21628e+08 0
5.21628e+08 0
5.21628e+08 0
5.21628e+08 0
5.21628e+08 0
5.21628e+08 0
5.21628e+08 0
5.21628e+08 0
5.21628e+08 0
5.21628e+08 0
5.21628e+08 0
5.21628e+08 0
5.21628e+08 0
5.21628e+08 0
5.21628e+08 0
5.21628e+08 0
5.21628e+08 0
5.21628e+08 0
5.21628e+08 0
5.21628e+08 0
5.21628e+08 0
5.21628e+08 0
5.21628e+08 0
5.21628e+08 0
