0 -2.27115e-06
0 3.0467e-05
0 0.000142872
3.55268e+08 0.000152872
3.55268e+08 0.000162872
3.55268e+08 0.000172872
3.55268e+08 0.000182872
3.55268e+08 0.000192872
3.55268e+08 0.000202872
3.55268e+08 0.000212872
3.55268e+08 0.000222872
3.55268e+08 0.000232872
3.55268e+08 0.000242872
3.55268e+08 0.000252872
3.55268e+08 0.000262872
3.55268e+08 0.000272872
3.55268e+08 0.000282872
3.55268e+08 0.000292872
3.55268e+08 0.000302872
3.55268e+08 0.000312872
3.55268e+08 0.000322872
3.55268e+08 0.000332872
3.55268e+08 0.000342872
3.55268e+08 0.000352872
3.55268e+08 0.000362872
3.55268e+08 0.000372872
3.55268e+08 0.000382872
3.55268e+08 0.000392872
3.55268e+08 0.000402872
3.55268e+08 0.000412872
3.55268e+08 0.000422872
3.55268e+08 0.000432872
3.55268e+08 0.000442872
3.55268e+08 0.000452872
3.55268e+08 0.000462872
3.55268e+08 0.000472872
3.55268e+08 0.000482872
3.55268e+08 0.000492872
3.55268e+08 0.000502872
3.55268e+08 0.000512872
3.55268e+08 0.000522872
3.55268e+08 0.000532872
3.55268e+08 0.000542872
3.55268e+08 0.000552872
3.55268e+08 0.000562872
3.55268e+08 0.000572872
3.55268e+08 0.000582872
3.55268e+08 0.000592872
3.55268e+08 0.000602872
3.55268e+08 0.000612872
3.55268e+08 0.000622872
3.55268e+08 0.000632872
3.55268e+08 0.000642872
3.55268e+08 0.000652872
3.55268e+08 0.000662872
3.55268e+08 0.000672872
3.55268e+08 0.000682872
3.55268e+08 0.000692872
3.55268e+08 0.000702872
3.55268e+08 0.000712872
3.55268e+08 0.000722872
3.55268e+08 0.000732872
3.55268e+08 0.000742872
3.55268e+08 0.000752872
3.55268e+08 0.000762872
3.55268e+08 0.000772872
3.55268e+08 0.000782872
3.55268e+08 0.000792872
3.55268e+08 0.000802872
3.55268e+08 0.000812872
3.55268e+08 0.000822872
3.55268e+08 0.000832872
3.55268e+08 0.000842872
3.55268e+08 0.000852872
3.55268e+08 0.000862872
3.55268e+08 0.000872872
3.55268e+08 0.000882872
3.55268e+08 0.000892872
3.55268e+08 0.000902872
3.55268e+08 0.000912872
3.55268e+08 0.000922872
3.55268e+08 0.000932872
3.55268e+08 0.000942872
3.55268e+08 0.000952872
3.55268e+08 0.000962872
3.55268e+08 0.000972872
3.55268e+08 0.000982872
3.55268e+08 0.000992872
3.55268e+08 0.00100287
3.55268e+08 0.00101287
3.55268e+08 0.00102287
3.55268e+08 0.00103287
3.55268e+08 0.00104287
3.55268e+08 0.00105287
3.55268e+08 0.00106287
3.55268e+08 0.00107287
3.55268e+08 0.00108287
3.55268e+08 0.00109287
3.55268e+08 0.00110287
3.55268e+08 0.00111287
3.55268e+08 0.00112287
3.55268e+08 0.00113287
3.55268e+08 0.00114287
