0 -3.87846e-07
0 -5.1203e-06
0 -3.9904e-06
-1.74491e+08 -1.39904e-05
-2.72924e+08 -2.39904e-05
-2.86986e+08 -3.39904e-05
-2.80896e+08 -4.39904e-05
-2.64038e+08 -5.39904e-05
-2.38389e+08 -6.39904e-05
-1.99551e+08 -7.39904e-05
-1.39479e+08 -8.39904e-05
-5.11358e+06 -9.39904e-05
5.44312e+08 -0.00010399
5.44312e+08 -0.00011399
5.44312e+08 -0.00012399
5.44312e+08 -0.00013399
5.44312e+08 -0.00014399
5.44312e+08 -0.00015399
5.44312e+08 -0.00016399
5.44312e+08 -0.00017399
5.44312e+08 -0.00018399
5.44312e+08 -0.00019399
5.44312e+08 -0.00020399
5.44312e+08 -0.00021399
5.44312e+08 -0.00022399
5.44312e+08 -0.00023399
5.44312e+08 -0.00024399
5.44312e+08 -0.00025399
5.44312e+08 -0.00026399
5.44312e+08 -0.00027399
5.44312e+08 -0.00028399
5.44312e+08 -0.00029399
5.44312e+08 -0.00030399
5.44312e+08 -0.00031399
5.44312e+08 -0.00032399
5.44312e+08 -0.00033399
5.44312e+08 -0.00034399
5.44312e+08 -0.00035399
5.44312e+08 -0.00036399
5.44312e+08 -0.00037399
5.44312e+08 -0.00038399
5.44312e+08 -0.00039399
5.44312e+08 -0.00040399
5.44312e+08 -0.00041399
5.44312e+08 -0.00042399
5.44312e+08 -0.00043399
5.44312e+08 -0.00044399
5.44312e+08 -0.00045399
5.44312e+08 -0.00046399
5.44312e+08 -0.00047399
5.44312e+08 -0.00048399
5.44312e+08 -0.00049399
5.44312e+08 -0.00050399
5.44312e+08 -0.00051399
5.44312e+08 -0.00052399
5.44312e+08 -0.00053399
5.44312e+08 -0.00054399
5.44312e+08 -0.00055399
5.44312e+08 -0.00056399
5.44312e+08 -0.00057399
5.44312e+08 -0.00058399
5.44312e+08 -0.00059399
5.44312e+08 -0.00060399
5.44312e+08 -0.00061399
5.44312e+08 -0.00062399
5.44312e+08 -0.00063399
5.44312e+08 -0.00064399
5.44312e+08 -0.00065399
5.44312e+08 -0.00066399
5.44312e+08 -0.00067399
5.44312e+08 -0.00068399
5.44312e+08 -0.00069399
5.44312e+08 -0.00070399
5.44312e+08 -0.00071399
5.44312e+08 -0.00072399
5.44312e+08 -0.00073399
5.44312e+08 -0.00074399
5.44312e+08 -0.00075399
5.44312e+08 -0.00076399
5.44312e+08 -0.00077399
5.44312e+08 -0.00078399
5.44312e+08 -0.00079399
5.44312e+08 -0.00080399
5.44312e+08 -0.00081399
5.44312e+08 -0.00082399
5.44312e+08 -0.00083399
5.44312e+08 -0.00084399
5.44312e+08 -0.00085399
5.44312e+08 -0.00086399
5.44312e+08 -0.00087399
5.44312e+08 -0.00088399
5.44312e+08 -0.00089399
5.44312e+08 -0.00090399
5.44312e+08 -0.00091399
5.44312e+08 -0.00092399
5.44312e+08 -0.00093399
5.44312e+08 -0.00094399
5.44312e+08 -0.00095399
5.44312e+08 -0.00096399
5.44312e+08 -0.00097399
5.44312e+08 -0.00098399
5.44312e+08 -0.00099399
5.44312e+08 -0.00100399
