0 -6.39163e-07
0 -9.76248e-05
0 -749934
-15 -749934
-30 -749934
-45 -749934
-60 -749934
-75 -749934
-90 -749934
-105 -749934
-120 -749934
-135 -749934
-150 -749934
-165 -749934
-180 -749934
-195 -749934
-210 -749934
-225 -749934
-240 -749934
-255 -749934
-270 -749934
-285 -749934
-300 -749934
-315 -749934
-330 -749934
-345 -749934
-360 -749934
-375 -749934
-390 -749934
-405 -749934
-420 -749934
-435 -749934
-450 -749934
-465 -749934
-480 -749934
-495 -749934
-510 -749934
-525 -749934
-540 -749934
-555 -749934
-570 -749934
-585 -749934
-600 -749934
-615 -749934
-630 -749934
-645 -749934
-660 -749934
-675 -749934
-690 -749934
-705 -749934
-720 -749934
-735 -749934
-750 -749934
-765 -749934
-780 -749934
-795 -749934
-810 -749934
-825 -749934
-840 -749934
-855 -749934
-870 -749934
-885 -749934
-900 -749934
-915 -749934
-930 -749934
-945 -749934
-960 -749934
-975 -749934
-990 -749934
-1005 -749934
-1020 -749934
-1035 -749934
-1050 -749934
-1065 -749934
-1080 -749934
-1095 -749934
-1110 -749934
-1125 -749934
-1140 -749934
-1155 -749934
-1170 -749934
-1185 -749934
-1200 -749934
-1215 -749934
-1230 -749934
-1245 -749934
-1260 -749934
-1275 -749934
-1290 -749934
-1305 -749934
-1320 -749934
-1335 -749934
-1350 -749934
-1365 -749934
-1380 -749934
-1395 -749934
-1410 -749934
-1425 -749934
-1440 -749934
-1455 -749934
-1470 -749934
-1485 -749934
-1500 -749934
