0 -2.37577e-06
0 -1.74142e-05
0 -1.05206e-05
-1.37706e+08 -2.05206e-05
-1.54243e+08 -3.05206e-05
-1.29867e+08 -4.05206e-05
-8.41563e+07 -5.05206e-05
-1.21069e+07 -6.05206e-05
1.43785e+08 -7.05206e-05
7.79652e+08 -8.05206e-05
7.79652e+08 -9.05206e-05
7.79652e+08 -0.000100521
7.79652e+08 -0.000110521
7.79652e+08 -0.000120521
7.79652e+08 -0.000130521
7.79652e+08 -0.000140521
7.79652e+08 -0.000150521
7.79652e+08 -0.000160521
7.79652e+08 -0.000170521
7.79652e+08 -0.000180521
7.79652e+08 -0.000190521
7.79652e+08 -0.000200521
7.79652e+08 -0.000210521
7.79652e+08 -0.000220521
7.79652e+08 -0.000230521
7.79652e+08 -0.000240521
7.79652e+08 -0.000250521
7.79652e+08 -0.000260521
7.79652e+08 -0.000270521
7.79652e+08 -0.000280521
7.79652e+08 -0.000290521
7.79652e+08 -0.000300521
7.79652e+08 -0.000310521
7.79652e+08 -0.000320521
7.79652e+08 -0.000330521
7.79652e+08 -0.000340521
7.79652e+08 -0.000350521
7.79652e+08 -0.000360521
7.79652e+08 -0.000370521
7.79652e+08 -0.000380521
7.79652e+08 -0.000390521
7.79652e+08 -0.000400521
7.79652e+08 -0.000410521
7.79652e+08 -0.000420521
7.79652e+08 -0.000430521
7.79652e+08 -0.000440521
7.79652e+08 -0.000450521
7.79652e+08 -0.000460521
7.79652e+08 -0.000470521
7.79652e+08 -0.000480521
7.79652e+08 -0.000490521
7.79652e+08 -0.000500521
7.79652e+08 -0.000510521
7.79652e+08 -0.000520521
7.79652e+08 -0.000530521
7.79652e+08 -0.000540521
7.79652e+08 -0.000550521
7.79652e+08 -0.000560521
7.79652e+08 -0.000570521
7.79652e+08 -0.000580521
7.79652e+08 -0.000590521
7.79652e+08 -0.000600521
7.79652e+08 -0.000610521
7.79652e+08 -0.000620521
7.79652e+08 -0.000630521
7.79652e+08 -0.000640521
7.79652e+08 -0.000650521
7.79652e+08 -0.000660521
7.79652e+08 -0.000670521
7.79652e+08 -0.000680521
7.79652e+08 -0.000690521
7.79652e+08 -0.000700521
7.79652e+08 -0.000710521
7.79652e+08 -0.000720521
7.79652e+08 -0.000730521
7.79652e+08 -0.000740521
7.79652e+08 -0.000750521
7.79652e+08 -0.000760521
7.79652e+08 -0.000770521
7.79652e+08 -0.000780521
7.79652e+08 -0.000790521
7.79652e+08 -0.000800521
7.79652e+08 -0.000810521
7.79652e+08 -0.000820521
7.79652e+08 -0.000830521
7.79652e+08 -0.000840521
7.79652e+08 -0.000850521
7.79652e+08 -0.000860521
7.79652e+08 -0.000870521
7.79652e+08 -0.000880521
7.79652e+08 -0.000890521
7.79652e+08 -0.000900521
7.79652e+08 -0.000910521
7.79652e+08 -0.000920521
7.79652e+08 -0.000930521
7.79652e+08 -0.000940521
7.79652e+08 -0.000950521
7.79652e+08 -0.000960521
7.79652e+08 -0.000970521
7.79652e+08 -0.000980521
7.79652e+08 -0.000990521
7.79652e+08 -0.00100052
7.79652e+08 -0.00101052
