0 -1.70711e-06
0 1.89296e+07
0 1.89296e+07
-1.75789e+08 1.94718e+08
-2.97198e+08 3.16127e+08
-3.17539e+08 3.36469e+08
-3.13784e+08 3.32714e+08
-2.987e+08 3.17629e+08
-2.74779e+08 2.93709e+08
-2.38523e+08 2.57452e+08
-1.8333e+08 2.0226e+08
-8.09115e+07 9.98411e+07
3.13791e+07 2.66709e+07
5.13341e+08 0
5.13341e+08 0
5.13341e+08 0
5.13341e+08 0
5.13341e+08 0
5.13341e+08 0
5.13341e+08 0
5.13341e+08 0
5.13341e+08 0
5.13341e+08 0
5.13341e+08 0
5.13341e+08 0
5.13341e+08 0
5.13341e+08 0
5.13341e+08 0
5.13341e+08 0
5.13341e+08 0
5.13341e+08 0
5.13341e+08 0
5.13341e+08 0
5.13341e+08 0
5.13341e+08 0
5.13341e+08 0
5.13341e+08 0
5.13341e+08 0
5.13341e+08 0
5.13341e+08 0
5.13341e+08 0
5.13341e+08 0
5.13341e+08 0
5.13341e+08 0
5.13341e+08 0
5.13341e+08 0
5.13341e+08 0
5.13341e+08 0
5.13341e+08 0
5.13341e+08 0
5.13341e+08 0
5.13341e+08 0
5.13341e+08 0
5.13341e+08 0
5.13341e+08 0
5.13341e+08 0
5.13341e+08 0
5.13341e+08 0
5.13341e+08 0
5.13341e+08 0
5.13341e+08 0
5.13341e+08 0
5.13341e+08 0
5.13341e+08 0
5.13341e+08 0
5.13341e+08 0
5.13341e+08 0
5.13341e+08 0
5.13341e+08 0
5.13341e+08 0
5.13341e+08 0
5.13341e+08 0
5.13341e+08 0
5.13341e+08 0
5.13341e+08 0
5.13341e+08 0
5.13341e+08 0
5.13341e+08 0
5.13341e+08 0
5.13341e+08 0
5.13341e+08 0
5.13341e+08 0
5.13341e+08 0
5.13341e+08 0
5.13341e+08 0
5.13341e+08 0
5.13341e+08 0
5.13341e+08 0
5.13341e+08 0
5.13341e+08 0
5.13341e+08 0
5.13341e+08 0
5.13341e+08 0
5.13341e+08 0
5.13341e+08 0
5.13341e+08 0
5.13341e+08 0
5.13341e+08 0
5.13341e+08 0
5.13341e+08 0
5.13341e+08 0
5.13341e+08 0
5.13341e+08 0
