0 -1.93224e-06
0 -1.31351e-05
0 -6.77387e-06
-1.28492e+08 -1.67739e-05
-1.67629e+08 -2.67739e-05
-1.91091e+08 -3.67739e-05
-2.05329e+08 -4.67739e-05
-2.12954e+08 -5.67739e-05
-2.15958e+08 -6.67739e-05
-2.16719e+08 -7.67739e-05
-2.16262e+08 -8.67739e-05
-2.14716e+08 -9.67739e-05
-1.75769e+08 -0.000106774
-1.72978e+08 -0.000116774
-1.69075e+08 -0.000126774
-1.63933e+08 -0.000136774
-1.5712e+08 -0.000146774
-1.47836e+08 -0.000156774
-1.34257e+08 -0.000166774
-1.12343e+08 -0.000176774
-6.98252e+07 -0.000186774
-2.55485e+07 -0.000196774
1.53321e+07 -0.000206774
5.56329e+07 -0.000216774
9.86172e+07 -0.000226774
1.4498e+08 -0.000236774
1.86929e+08 -0.000246774
2.94745e+08 -0.000256774
2.71386e+08 -0.000266774
3.97987e+08 -0.000276774
3.97987e+08 -0.000286774
3.97987e+08 -0.000296774
3.97987e+08 -0.000306774
3.97987e+08 -0.000316774
3.97987e+08 -0.000326774
3.97987e+08 -0.000336774
3.97987e+08 -0.000346774
3.97987e+08 -0.000356774
3.97987e+08 -0.000366774
3.97987e+08 -0.000376774
3.97987e+08 -0.000386774
3.97987e+08 -0.000396774
3.97987e+08 -0.000406774
3.97987e+08 -0.000416774
3.97987e+08 -0.000426774
3.97987e+08 -0.000436774
3.97987e+08 -0.000446774
3.97987e+08 -0.000456774
3.97987e+08 -0.000466774
3.97987e+08 -0.000476774
3.97987e+08 -0.000486774
3.97987e+08 -0.000496774
3.97987e+08 -0.000506774
3.97987e+08 -0.000516774
3.97987e+08 -0.000526774
3.97987e+08 -0.000536774
3.97987e+08 -0.000546774
3.97987e+08 -0.000556774
3.97987e+08 -0.000566774
3.97987e+08 -0.000576774
3.97987e+08 -0.000586774
3.97987e+08 -0.000596774
3.97987e+08 -0.000606774
3.97987e+08 -0.000616774
3.97987e+08 -0.000626774
3.97987e+08 -0.000636774
3.97987e+08 -0.000646774
3.97987e+08 -0.000656774
3.97987e+08 -0.000666774
3.97987e+08 -0.000676774
3.97987e+08 -0.000686774
3.97987e+08 -0.000696774
3.97987e+08 -0.000706774
3.97987e+08 -0.000716774
3.97987e+08 -0.000726774
3.97987e+08 -0.000736774
3.97987e+08 -0.000746774
3.97987e+08 -0.000756774
3.97987e+08 -0.000766774
3.97987e+08 -0.000776774
3.97987e+08 -0.000786774
3.97987e+08 -0.000796774
3.97987e+08 -0.000806774
3.97987e+08 -0.000816774
3.97987e+08 -0.000826774
3.97987e+08 -0.000836774
3.97987e+08 -0.000846774
3.97987e+08 -0.000856774
3.97987e+08 -0.000866774
3.97987e+08 -0.000876774
3.97987e+08 -0.000886774
3.97987e+08 -0.000896774
3.97987e+08 -0.000906774
3.97987e+08 -0.000916774
3.97987e+08 -0.000926774
3.97987e+08 -0.000936774
3.97987e+08 -0.000946774
3.97987e+08 -0.000956774
3.97987e+08 -0.000966774
3.97987e+08 -0.000976774
3.97987e+08 -0.000986774
3.97987e+08 -0.000996774
3.97987e+08 -0.00100677
