0 -2.72976e-07
0 -6.30491e-05
0 -840006
-15 -840006
-30 -840006
-45 -840006
-60 -840006
-75 -840006
-90 -840006
-105 -840006
-120 -840006
-135 -840006
-150 -840006
-165 -840006
-180 -840006
-195 -840006
-210 -840006
-225 -840006
-240 -840006
-255 -840006
-270 -840006
-285 -840006
-300 -840006
-315 -840006
-330 -840006
-345 -840006
-360 -840006
-375 -840006
-390 -840006
-405 -840006
-420 -840006
-435 -840006
-450 -840006
-465 -840006
-480 -840006
-495 -840006
-510 -840006
-525 -840006
-540 -840006
-555 -840006
-570 -840006
-585 -840006
-600 -840006
-615 -840006
-630 -840006
-645 -840006
-660 -840006
-675 -840006
-690 -840006
-705 -840006
-720 -840006
-735 -840006
-750 -840006
-765 -840006
-780 -840006
-795 -840006
-810 -840006
-825 -840006
-840 -840006
-855 -840006
-870 -840006
-885 -840006
-900 -840006
-915 -840006
-930 -840006
-945 -840006
-960 -840006
-975 -840006
-990 -840006
-1005 -840006
-1020 -840006
-1035 -840006
-1050 -840006
-1065 -840006
-1080 -840006
-1095 -840006
-1110 -840006
-1125 -840006
-1140 -840006
-1155 -840006
-1170 -840006
-1185 -840006
-1200 -840006
-1215 -840006
-1230 -840006
-1245 -840006
-1260 -840006
-1275 -840006
-1290 -840006
-1305 -840006
-1320 -840006
-1335 -840006
-1350 -840006
-1365 -840006
-1380 -840006
-1395 -840006
-1410 -840006
-1425 -840006
-1440 -840006
-1455 -840006
-1470 -840006
-1485 -840006
-1500 -840006
