0 -1.21307e-06
0 -2.01198e-06
0 -2.21646e-06
-1.64818e+08 -1.22165e-05
-2.89454e+08 -2.22165e-05
-3.25027e+08 -3.22165e-05
-3.22664e+08 -4.22165e-05
-3.04397e+08 -5.22165e-05
-2.7402e+08 -6.22165e-05
-2.30685e+08 -7.22165e-05
-1.68993e+08 -8.22165e-05
-5.21555e+07 -9.22165e-05
7.44809e+08 -0.000102216
7.44809e+08 -0.000112216
7.44809e+08 -0.000122216
7.44809e+08 -0.000132216
7.44809e+08 -0.000142216
7.44809e+08 -0.000152216
7.44809e+08 -0.000162216
7.44809e+08 -0.000172216
7.44809e+08 -0.000182216
7.44809e+08 -0.000192216
7.44809e+08 -0.000202216
7.44809e+08 -0.000212216
7.44809e+08 -0.000222216
7.44809e+08 -0.000232216
7.44809e+08 -0.000242216
7.44809e+08 -0.000252216
7.44809e+08 -0.000262216
7.44809e+08 -0.000272216
7.44809e+08 -0.000282216
7.44809e+08 -0.000292216
7.44809e+08 -0.000302216
7.44809e+08 -0.000312216
7.44809e+08 -0.000322216
7.44809e+08 -0.000332216
7.44809e+08 -0.000342216
7.44809e+08 -0.000352216
7.44809e+08 -0.000362216
7.44809e+08 -0.000372216
7.44809e+08 -0.000382216
7.44809e+08 -0.000392216
7.44809e+08 -0.000402216
7.44809e+08 -0.000412216
7.44809e+08 -0.000422216
7.44809e+08 -0.000432216
7.44809e+08 -0.000442216
7.44809e+08 -0.000452216
7.44809e+08 -0.000462216
7.44809e+08 -0.000472216
7.44809e+08 -0.000482216
7.44809e+08 -0.000492216
7.44809e+08 -0.000502216
7.44809e+08 -0.000512216
7.44809e+08 -0.000522216
7.44809e+08 -0.000532216
7.44809e+08 -0.000542216
7.44809e+08 -0.000552216
7.44809e+08 -0.000562216
7.44809e+08 -0.000572216
7.44809e+08 -0.000582216
7.44809e+08 -0.000592216
7.44809e+08 -0.000602216
7.44809e+08 -0.000612216
7.44809e+08 -0.000622216
7.44809e+08 -0.000632216
7.44809e+08 -0.000642216
7.44809e+08 -0.000652216
7.44809e+08 -0.000662216
7.44809e+08 -0.000672216
7.44809e+08 -0.000682216
7.44809e+08 -0.000692216
7.44809e+08 -0.000702216
7.44809e+08 -0.000712216
7.44809e+08 -0.000722216
7.44809e+08 -0.000732216
7.44809e+08 -0.000742216
7.44809e+08 -0.000752216
7.44809e+08 -0.000762216
7.44809e+08 -0.000772216
7.44809e+08 -0.000782216
7.44809e+08 -0.000792216
7.44809e+08 -0.000802216
7.44809e+08 -0.000812216
7.44809e+08 -0.000822216
7.44809e+08 -0.000832216
7.44809e+08 -0.000842216
7.44809e+08 -0.000852216
7.44809e+08 -0.000862216
7.44809e+08 -0.000872216
7.44809e+08 -0.000882216
7.44809e+08 -0.000892216
7.44809e+08 -0.000902216
7.44809e+08 -0.000912216
7.44809e+08 -0.000922216
7.44809e+08 -0.000932216
7.44809e+08 -0.000942216
7.44809e+08 -0.000952216
7.44809e+08 -0.000962216
7.44809e+08 -0.000972216
7.44809e+08 -0.000982216
7.44809e+08 -0.000992216
7.44809e+08 -0.00100222
