0 -2.40274e-06
0 -2.80717e-05
0 -252906
-15 -252906
-30 -252906
-45 -252906
-60 -252906
-75 -252906
-90 -252906
-105 -252906
-120 -252906
-135 -252906
-150 -252906
-165 -252906
-180 -252906
-195 -252906
-210 -252906
-225 -252906
-240 -252906
-255 -252906
-270 -252906
-285 -252906
-300 -252906
-315 -252906
-330 -252906
-345 -252906
-360 -252906
-375 -252906
-390 -252906
-405 -252906
-420 -252906
-435 -252906
-450 -252906
-465 -252906
-480 -252906
-495 -252906
-510 -252906
-525 -252906
-540 -252906
-555 -252906
-570 -252906
-585 -252906
-600 -252906
-615.001 -252906
-630.001 -252906
-645.001 -252906
-660.001 -252906
-675.001 -252906
-690.001 -252906
-705.001 -252906
-720.001 -252906
-735.001 -252906
-750.001 -252906
-765.001 -252906
-780.001 -252906
-795.001 -252906
-810.001 -252906
-825.001 -252906
-840.001 -252906
-855.001 -252906
-870.001 -252906
-885.001 -252906
-900.001 -252906
-915.001 -252906
-930.001 -252906
-945.001 -252906
-960.001 -252906
-975.001 -252906
-990.001 -252906
-1005 -252906
-1020 -252906
-1035 -252906
-1050 -252906
-1065 -252906
-1080 -252906
-1095 -252906
-1110 -252906
-1125 -252906
-1140 -252906
-1155 -252906
-1170 -252906
-1185 -252906
-1200 -252906
-1215 -252906
-1230 -252906
-1245 -252906
-1260 -252906
-1275 -252906
-1290 -252906
-1305 -252906
-1320 -252906
-1335 -252906
-1350 -252906
-1365 -252906
-1380 -252906
-1395 -252906
-1410 -252906
-1425 -252906
-1440 -252906
-1455 -252906
-1470 -252906
-1485 -252906
-1500 -252906
