0 -2.84651e-06
0 3.00355e-05
0 0.000114976
-1.17731e+08 0.000124976
4.35911e+08 0.000134976
4.35911e+08 0.000144976
4.35911e+08 0.000154976
4.35911e+08 0.000164976
4.35911e+08 0.000174976
4.35911e+08 0.000184976
4.35911e+08 0.000194976
4.35911e+08 0.000204976
4.35911e+08 0.000214976
4.35911e+08 0.000224976
4.35911e+08 0.000234976
4.35911e+08 0.000244976
4.35911e+08 0.000254976
4.35911e+08 0.000264976
4.35911e+08 0.000274976
4.35911e+08 0.000284976
4.35911e+08 0.000294976
4.35911e+08 0.000304976
4.35911e+08 0.000314976
4.35911e+08 0.000324976
4.35911e+08 0.000334976
4.35911e+08 0.000344976
4.35911e+08 0.000354976
4.35911e+08 0.000364976
4.35911e+08 0.000374976
4.35911e+08 0.000384976
4.35911e+08 0.000394976
4.35911e+08 0.000404976
4.35911e+08 0.000414976
4.35911e+08 0.000424976
4.35911e+08 0.000434976
4.35911e+08 0.000444976
4.35911e+08 0.000454976
4.35911e+08 0.000464976
4.35911e+08 0.000474976
4.35911e+08 0.000484976
4.35911e+08 0.000494976
4.35911e+08 0.000504976
4.35911e+08 0.000514976
4.35911e+08 0.000524976
4.35911e+08 0.000534976
4.35911e+08 0.000544976
4.35911e+08 0.000554976
4.35911e+08 0.000564976
4.35911e+08 0.000574976
4.35911e+08 0.000584976
4.35911e+08 0.000594976
4.35911e+08 0.000604976
4.35911e+08 0.000614976
4.35911e+08 0.000624976
4.35911e+08 0.000634976
4.35911e+08 0.000644976
4.35911e+08 0.000654976
4.35911e+08 0.000664976
4.35911e+08 0.000674976
4.35911e+08 0.000684976
4.35911e+08 0.000694976
4.35911e+08 0.000704976
4.35911e+08 0.000714976
4.35911e+08 0.000724976
4.35911e+08 0.000734976
4.35911e+08 0.000744976
4.35911e+08 0.000754976
4.35911e+08 0.000764976
4.35911e+08 0.000774976
4.35911e+08 0.000784976
4.35911e+08 0.000794976
4.35911e+08 0.000804976
4.35911e+08 0.000814976
4.35911e+08 0.000824976
4.35911e+08 0.000834976
4.35911e+08 0.000844976
4.35911e+08 0.000854976
4.35911e+08 0.000864976
4.35911e+08 0.000874976
4.35911e+08 0.000884976
4.35911e+08 0.000894976
4.35911e+08 0.000904976
4.35911e+08 0.000914976
4.35911e+08 0.000924976
4.35911e+08 0.000934976
4.35911e+08 0.000944976
4.35911e+08 0.000954976
4.35911e+08 0.000964976
4.35911e+08 0.000974976
4.35911e+08 0.000984976
4.35911e+08 0.000994976
4.35911e+08 0.00100498
4.35911e+08 0.00101498
4.35911e+08 0.00102498
4.35911e+08 0.00103498
4.35911e+08 0.00104498
4.35911e+08 0.00105498
4.35911e+08 0.00106498
4.35911e+08 0.00107498
4.35911e+08 0.00108498
4.35911e+08 0.00109498
4.35911e+08 0.00110498
4.35911e+08 0.00111498
