0 8.9407e-08
0 1.40471e+08
0 1.40471e+08
-7.93839e+06 1.4841e+08
-1.30685e+07 1.5354e+08
-1.71941e+07 1.57665e+08
-2.0541e+07 1.61012e+08
-2.33071e+07 1.63778e+08
-2.56186e+07 1.6609e+08
-2.75224e+07 1.67994e+08
-2.91604e+07 1.69632e+08
-3.05078e+07 1.70979e+08
-3.16945e+07 1.72166e+08
-3.26596e+07 1.73131e+08
-3.34813e+07 1.73953e+08
-3.42052e+07 1.74676e+08
-3.48316e+07 1.75303e+08
-3.53361e+07 1.75807e+08
-3.57642e+07 1.76235e+08
-3.61366e+07 1.76608e+08
-3.64588e+07 1.7693e+08
-3.67462e+07 1.77217e+08
-1.98437e+07 1.60315e+08
-2.02018e+07 1.60673e+08
-2.05583e+07 1.6103e+08
-2.08394e+07 1.61311e+08
-2.10295e+07 1.61501e+08
-2.1183e+07 1.61654e+08
-2.13089e+07 1.6178e+08
-2.14146e+07 1.61886e+08
-2.15107e+07 1.61982e+08
-2.15869e+07 1.62058e+08
-2.16415e+07 1.62113e+08
-2.16831e+07 1.62154e+08
-2.17121e+07 1.62183e+08
-2.17334e+07 1.62205e+08
-2.17479e+07 1.62219e+08
7.78279e+07 6.26433e+07
7.77285e+07 6.27428e+07
7.76381e+07 6.28331e+07
7.75602e+07 6.29111e+07
7.74846e+07 6.29866e+07
7.74272e+07 6.30441e+07
7.7374e+07 6.30972e+07
7.7323e+07 6.31482e+07
7.72739e+07 6.31973e+07
7.72267e+07 6.32445e+07
7.71814e+07 6.32899e+07
7.71378e+07 6.33334e+07
7.70966e+07 6.33747e+07
7.70644e+07 6.34069e+07
7.70452e+07 6.3426e+07
7.7032e+07 6.34393e+07
7.70225e+07 6.34487e+07
7.70146e+07 6.34567e+07
7.70076e+07 6.34637e+07
7.70093e+07 6.3462e+07
7.70153e+07 6.3456e+07
7.70221e+07 6.34491e+07
7.7029e+07 6.34422e+07
7.70358e+07 6.34354e+07
7.70441e+07 6.34272e+07
7.70567e+07 6.34145e+07
7.70726e+07 6.33987e+07
7.70893e+07 6.33819e+07
7.71065e+07 6.33648e+07
7.71235e+07 6.33478e+07
7.71402e+07 6.3331e+07
7.71568e+07 6.33145e+07
7.71731e+07 6.32981e+07
7.71892e+07 6.32821e+07
7.7207e+07 6.32643e+07
7.72258e+07 6.32455e+07
7.72451e+07 6.32261e+07
7.72648e+07 6.32065e+07
7.72847e+07 6.31865e+07
7.73048e+07 6.31664e+07
7.73248e+07 6.31464e+07
7.73446e+07 6.31266e+07
7.73642e+07 6.3107e+07
7.73846e+07 6.30866e+07
7.74072e+07 6.3064e+07
7.7431e+07 6.30403e+07
7.74557e+07 6.30155e+07
7.74812e+07 6.299e+07
7.75068e+07 6.29644e+07
7.75323e+07 6.2939e+07
7.75576e+07 6.29137e+07
7.75828e+07 6.28885e+07
7.76079e+07 6.28634e+07
7.76328e+07 6.28384e+07
7.76577e+07 6.28136e+07
7.76824e+07 6.27888e+07
7.77071e+07 6.27642e+07
7.77316e+07 6.27396e+07
7.77561e+07 6.27151e+07
7.77812e+07 6.26901e+07
7.78069e+07 6.26644e+07
1.40471e+08 0
1.40471e+08 0
1.40471e+08 0
1.40471e+08 0
1.40471e+08 0
