0 -1.97469e-06
0 -3.12846e-05
0 -920150
-15 -920150
-30 -920150
-45 -920150
-60 -920150
-75 -920150
-90 -920150
-105 -920150
-120 -920150
-135 -920150
-150 -920150
-165 -920150
-180 -920150
-195 -920150
-210 -920150
-225 -920150
-240 -920150
-255 -920150
-270 -920150
-285 -920150
-300 -920150
-315 -920150
-330 -920150
-345 -920150
-360 -920150
-375 -920150
-390 -920150
-405 -920150
-420 -920150
-435 -920150
-450 -920150
-465 -920150
-480 -920150
-495 -920150
-510 -920150
-525 -920150
-540 -920150
-555 -920150
-570 -920150
-585 -920150
-600 -920150
-615 -920150
-630 -920150
-645 -920150
-660 -920150
-675 -920150
-690 -920150
-705 -920150
-720 -920150
-735 -920150
-750 -920150
-765 -920150
-780 -920150
-795 -920150
-810 -920150
-825 -920150
-840 -920150
-855 -920150
-870 -920150
-885 -920150
-900 -920150
-915 -920150
-930 -920150
-945 -920150
-960 -920150
-975 -920150
-990 -920150
-1005 -920150
-1020 -920150
-1035 -920150
-1050 -920150
-1065 -920150
-1080 -920150
-1095 -920150
-1110 -920150
-1125 -920150
-1140 -920150
-1155 -920150
-1170 -920150
-1185 -920150
-1200 -920150
-1215 -920150
-1230 -920150
-1245 -920150
-1260 -920150
-1275 -920150
-1290 -920150
-1305 -920150
-1320 -920150
-1335 -920150
-1350 -920150
-1365 -920150
-1380 -920150
-1395 -920150
-1410 -920150
-1425 -920150
-1440 -920150
-1455 -920150
-1470 -920150
-1485 -920150
-1500 -920150
