0 -4.25006e-06
0 1.98781e-05
0 1.39947e-05
4.81153e+07 2.39947e-05
2.11717e+07 3.39947e-05
-4.73522e+07 4.39947e-05
9.32248e+08 5.39947e-05
9.32248e+08 6.39947e-05
9.32248e+08 7.39947e-05
9.32248e+08 8.39947e-05
9.32248e+08 9.39947e-05
9.32248e+08 0.000103995
9.32248e+08 0.000113995
9.32248e+08 0.000123995
9.32248e+08 0.000133995
9.32248e+08 0.000143995
9.32248e+08 0.000153995
9.32248e+08 0.000163995
9.32248e+08 0.000173995
9.32248e+08 0.000183995
9.32248e+08 0.000193995
9.32248e+08 0.000203995
9.32248e+08 0.000213995
9.32248e+08 0.000223995
9.32248e+08 0.000233995
9.32248e+08 0.000243995
9.32248e+08 0.000253995
9.32248e+08 0.000263995
9.32248e+08 0.000273995
9.32248e+08 0.000283995
9.32248e+08 0.000293995
9.32248e+08 0.000303995
9.32248e+08 0.000313995
9.32248e+08 0.000323995
9.32248e+08 0.000333995
9.32248e+08 0.000343995
9.32248e+08 0.000353995
9.32248e+08 0.000363995
9.32248e+08 0.000373995
9.32248e+08 0.000383995
9.32248e+08 0.000393995
9.32248e+08 0.000403995
9.32248e+08 0.000413995
9.32248e+08 0.000423995
9.32248e+08 0.000433995
9.32248e+08 0.000443995
9.32248e+08 0.000453995
9.32248e+08 0.000463995
9.32248e+08 0.000473995
9.32248e+08 0.000483995
9.32248e+08 0.000493995
9.32248e+08 0.000503995
9.32248e+08 0.000513995
9.32248e+08 0.000523995
9.32248e+08 0.000533995
9.32248e+08 0.000543995
9.32248e+08 0.000553995
9.32248e+08 0.000563995
9.32248e+08 0.000573995
9.32248e+08 0.000583995
9.32248e+08 0.000593995
9.32248e+08 0.000603995
9.32248e+08 0.000613995
9.32248e+08 0.000623995
9.32248e+08 0.000633995
9.32248e+08 0.000643995
9.32248e+08 0.000653995
9.32248e+08 0.000663995
9.32248e+08 0.000673995
9.32248e+08 0.000683995
9.32248e+08 0.000693995
9.32248e+08 0.000703995
9.32248e+08 0.000713995
9.32248e+08 0.000723995
9.32248e+08 0.000733995
9.32248e+08 0.000743995
9.32248e+08 0.000753995
9.32248e+08 0.000763995
9.32248e+08 0.000773995
9.32248e+08 0.000783995
9.32248e+08 0.000793995
9.32248e+08 0.000803995
9.32248e+08 0.000813995
9.32248e+08 0.000823995
9.32248e+08 0.000833995
9.32248e+08 0.000843995
9.32248e+08 0.000853995
9.32248e+08 0.000863995
9.32248e+08 0.000873995
9.32248e+08 0.000883995
9.32248e+08 0.000893995
9.32248e+08 0.000903995
9.32248e+08 0.000913995
9.32248e+08 0.000923995
9.32248e+08 0.000933995
9.32248e+08 0.000943995
9.32248e+08 0.000953995
9.32248e+08 0.000963995
9.32248e+08 0.000973995
9.32248e+08 0.000983995
9.32248e+08 0.000993995
9.32248e+08 0.00100399
9.32248e+08 0.00101399
