0 -3.16509e-06
0 4.0214e-05
0 -114897
-15 -114897
-30 -114897
-45 -114897
-60 -114897
-75 -114897
-90 -114897
-105 -114897
-120 -114897
-135 -114897
-150 -114897
-165 -114897
-180 -114897
-195 -114897
-210 -114897
-225 -114897
-240 -114897
-255 -114897
-270 -114897
-285 -114897
-300 -114897
-315 -114897
-330 -114897
-345 -114897
-360 -114897
-375 -114897
-390.001 -114897
-405.001 -114897
-420.001 -114897
-435.001 -114897
-450.001 -114897
-465.001 -114897
-480.001 -114897
-495.001 -114897
-510.001 -114897
-525.001 -114897
-540.001 -114897
-555.001 -114897
-570.001 -114897
-585.001 -114897
-600.001 -114897
-615.001 -114897
-630.001 -114897
-645.001 -114897
-660.002 -114897
-675.002 -114897
-690.002 -114897
-705.002 -114897
-720.002 -114897
-735.002 -114897
-750.002 -114897
-765.002 -114897
-780.002 -114897
-795.002 -114897
-810.002 -114897
-825.002 -114897
-840.002 -114897
-855.003 -114897
-870.003 -114897
-885.003 -114897
-900.003 -114897
-915.003 -114897
-930.003 -114897
-945.003 -114897
-960.003 -114897
-975.003 -114897
-990.003 -114897
-1005 -114897
-1020 -114897
-1035 -114897
-1050 -114897
-1065 -114897
-1080 -114897
-1095 -114897
-1110 -114897
-1125 -114897
-1140 -114897
-1155 -114897
-1170 -114897
-1185 -114897
-1200.01 -114897
-1215.01 -114897
-1230.01 -114897
-1245.01 -114897
-1260.01 -114897
-1275.01 -114897
-1290.01 -114897
-1305.01 -114897
-1320.01 -114897
-1335.01 -114897
-1350.01 -114897
-1365.01 -114897
-1380.01 -114897
-1395.01 -114897
-1410.01 -114897
-1425.01 -114897
-1440.01 -114897
-1455.01 -114897
-1470.01 -114897
-1485.01 -114897
-1500.01 -114897
