0 -1.97095e-06
0 1.7068e-05
0 8.86287e-06
9.69348e+07 1.88629e-05
1.30195e+08 2.88629e-05
1.44144e+08 3.88629e-05
1.49236e+08 4.88629e-05
1.50657e+08 5.88629e-05
1.50338e+08 6.88629e-05
1.47587e+08 7.88629e-05
1.43628e+08 8.88629e-05
1.38239e+08 9.88629e-05
1.31354e+08 0.000108863
1.22712e+08 0.000118863
1.11602e+08 0.000128863
9.34253e+07 0.000138863
5.60532e+07 0.000148863
-6.60074e+07 0.000158863
-2.78144e+08 0.000168863
-2.66319e+08 0.000178863
1.8655e+08 0.000188863
1.8655e+08 0.000198863
1.8655e+08 0.000208863
1.8655e+08 0.000218863
1.8655e+08 0.000228863
1.8655e+08 0.000238863
1.8655e+08 0.000248863
1.8655e+08 0.000258863
1.8655e+08 0.000268863
1.8655e+08 0.000278863
1.8655e+08 0.000288863
1.8655e+08 0.000298863
1.8655e+08 0.000308863
1.8655e+08 0.000318863
1.8655e+08 0.000328863
1.8655e+08 0.000338863
1.8655e+08 0.000348863
1.8655e+08 0.000358863
1.8655e+08 0.000368863
1.8655e+08 0.000378863
1.8655e+08 0.000388863
1.8655e+08 0.000398863
1.8655e+08 0.000408863
1.8655e+08 0.000418863
1.8655e+08 0.000428863
1.8655e+08 0.000438863
1.8655e+08 0.000448863
1.8655e+08 0.000458863
1.8655e+08 0.000468863
1.8655e+08 0.000478863
1.8655e+08 0.000488863
1.8655e+08 0.000498863
1.8655e+08 0.000508863
1.8655e+08 0.000518863
1.8655e+08 0.000528863
1.8655e+08 0.000538863
1.8655e+08 0.000548863
1.8655e+08 0.000558863
1.8655e+08 0.000568863
1.8655e+08 0.000578863
1.8655e+08 0.000588863
1.8655e+08 0.000598863
1.8655e+08 0.000608863
1.8655e+08 0.000618863
1.8655e+08 0.000628863
1.8655e+08 0.000638863
1.8655e+08 0.000648863
1.8655e+08 0.000658863
1.8655e+08 0.000668863
1.8655e+08 0.000678863
1.8655e+08 0.000688863
1.8655e+08 0.000698863
1.8655e+08 0.000708863
1.8655e+08 0.000718863
1.8655e+08 0.000728863
1.8655e+08 0.000738863
1.8655e+08 0.000748863
1.8655e+08 0.000758863
1.8655e+08 0.000768863
1.8655e+08 0.000778863
1.8655e+08 0.000788863
1.8655e+08 0.000798863
1.8655e+08 0.000808863
1.8655e+08 0.000818863
1.8655e+08 0.000828863
1.8655e+08 0.000838863
1.8655e+08 0.000848863
1.8655e+08 0.000858863
1.8655e+08 0.000868863
1.8655e+08 0.000878863
1.8655e+08 0.000888863
1.8655e+08 0.000898863
1.8655e+08 0.000908863
1.8655e+08 0.000918863
1.8655e+08 0.000928863
1.8655e+08 0.000938863
1.8655e+08 0.000948863
1.8655e+08 0.000958863
1.8655e+08 0.000968863
1.8655e+08 0.000978863
1.8655e+08 0.000988863
1.8655e+08 0.000998863
1.8655e+08 0.00100886
