0 0
0 1.59228e-05
0 -412590
-15 -412590
-30 -412590
-45 -412590
-60 -412590
-75 -412590
-90 -412590
-105 -412590
-120 -412590
-135 -412590
-150 -412590
-165 -412590
-180 -412590
-195 -412590
-210 -412590
-225 -412590
-240 -412590
-255 -412590
-270 -412590
-285 -412590
-300 -412590
-315 -412590
-330 -412590
-345 -412590
-360 -412590
-375 -412590
-390 -412590
-405 -412590
-420 -412590
-435 -412590
-450 -412590
-465 -412590
-480 -412590
-495 -412590
-510 -412590
-525 -412590
-540 -412590
-555 -412590
-570 -412590
-585 -412590
-600 -412590
-615 -412590
-630 -412590
-645 -412590
-660 -412590
-675 -412590
-690 -412590
-705 -412590
-720 -412590
-735 -412590
-750 -412590
-765 -412590
-780 -412590
-795 -412590
-810 -412590
-825.001 -412590
-840.001 -412590
-855.001 -412590
-870.001 -412590
-885.001 -412590
-900.001 -412590
-915.001 -412590
-930.001 -412590
-945.001 -412590
-960.001 -412590
-975.001 -412590
-990.001 -412590
-1005 -412590
-1020 -412590
-1035 -412590
-1050 -412590
-1065 -412590
-1080 -412590
-1095 -412590
-1110 -412590
-1125 -412590
-1140 -412590
-1155 -412590
-1170 -412590
-1185 -412590
-1200 -412590
-1215 -412590
-1230 -412590
-1245 -412590
-1260 -412590
-1275 -412590
-1290 -412590
-1305 -412590
-1320 -412590
-1335 -412590
-1350 -412590
-1365 -412590
-1380 -412590
-1395 -412590
-1410 -412590
-1425 -412590
-1440 -412590
-1455 -412590
-1470 -412590
-1485 -412590
-1500 -412590
