0 -2.23185e-06
0 -5.59103e-05
0 -148723
-15 -148723
-30 -148723
-45 -148723
-60 -148723
-75 -148723
-90 -148723
-105 -148723
-120 -148723
-135 -148723
-150 -148723
-165 -148723
-180 -148723
-195 -148723
-210 -148723
-225 -148723
-240 -148723
-255 -148723
-270 -148723
-285 -148723
-300 -148723
-315 -148723
-330 -148723
-345 -148723
-360 -148723
-375 -148723
-390 -148723
-405 -148723
-420 -148723
-435 -148723
-450 -148723
-465 -148723
-480.001 -148723
-495.001 -148723
-510.001 -148723
-525.001 -148723
-540.001 -148723
-555.001 -148723
-570.001 -148723
-585.001 -148723
-600.001 -148723
-615.001 -148723
-630.001 -148723
-645.001 -148723
-660.001 -148723
-675.001 -148723
-690.001 -148723
-705.001 -148723
-720.001 -148723
-735.001 -148723
-750.001 -148723
-765.001 -148723
-780.001 -148723
-795.001 -148723
-810.001 -148723
-825.002 -148723
-840.002 -148723
-855.002 -148723
-870.002 -148723
-885.002 -148723
-900.002 -148723
-915.002 -148723
-930.002 -148723
-945.002 -148723
-960.002 -148723
-975.002 -148723
-990.002 -148723
-1005 -148723
-1020 -148723
-1035 -148723
-1050 -148723
-1065 -148723
-1080 -148723
-1095 -148723
-1110 -148723
-1125 -148723
-1140 -148723
-1155 -148723
-1170 -148723
-1185 -148723
-1200 -148723
-1215 -148723
-1230 -148723
-1245 -148723
-1260 -148723
-1275 -148723
-1290 -148723
-1305 -148723
-1320 -148723
-1335 -148723
-1350 -148723
-1365 -148723
-1380 -148723
-1395 -148723
-1410 -148723
-1425 -148723
-1440 -148723
-1455 -148723
-1470 -148723
-1485 -148723
-1500.01 -148723
