0 -1.89915e-06
0 -2.90247e-05
0 -1.41996e-05
-7.9754e+07 -2.41996e-05
-1.12864e+08 -3.41996e-05
-1.34519e+08 -4.41996e-05
-1.46896e+08 -5.41996e-05
-1.53058e+08 -6.41996e-05
-1.55425e+08 -7.41996e-05
-1.53841e+08 -8.41996e-05
-1.49759e+08 -9.41996e-05
-1.43603e+08 -0.0001042
-1.35144e+08 -0.0001142
-1.23699e+08 -0.0001242
-1.07979e+08 -0.0001342
-8.58933e+07 -0.0001442
-5.36588e+07 -0.0001542
-1.32254e+07 -0.0001642
3.48081e+07 -0.0001742
9.39876e+07 -0.0001842
1.49643e+08 -0.0001942
2.2362e+08 -0.0002042
3.10077e+08 -0.0002142
3.95016e+08 -0.0002242
4.55438e+08 -0.0002342
4.1128e+08 -0.0002442
5.61919e+08 -0.0002542
5.61919e+08 -0.0002642
5.61919e+08 -0.0002742
5.61919e+08 -0.0002842
5.61919e+08 -0.0002942
5.61919e+08 -0.0003042
5.61919e+08 -0.0003142
5.61919e+08 -0.0003242
5.61919e+08 -0.0003342
5.61919e+08 -0.0003442
5.61919e+08 -0.0003542
5.61919e+08 -0.0003642
5.61919e+08 -0.0003742
5.61919e+08 -0.0003842
5.61919e+08 -0.0003942
5.61919e+08 -0.0004042
5.61919e+08 -0.0004142
5.61919e+08 -0.0004242
5.61919e+08 -0.0004342
5.61919e+08 -0.0004442
5.61919e+08 -0.0004542
5.61919e+08 -0.0004642
5.61919e+08 -0.0004742
5.61919e+08 -0.0004842
5.61919e+08 -0.0004942
5.61919e+08 -0.0005042
5.61919e+08 -0.0005142
5.61919e+08 -0.0005242
5.61919e+08 -0.0005342
5.61919e+08 -0.0005442
5.61919e+08 -0.0005542
5.61919e+08 -0.0005642
5.61919e+08 -0.0005742
5.61919e+08 -0.0005842
5.61919e+08 -0.0005942
5.61919e+08 -0.0006042
5.61919e+08 -0.0006142
5.61919e+08 -0.0006242
5.61919e+08 -0.0006342
5.61919e+08 -0.0006442
5.61919e+08 -0.0006542
5.61919e+08 -0.0006642
5.61919e+08 -0.0006742
5.61919e+08 -0.0006842
5.61919e+08 -0.0006942
5.61919e+08 -0.0007042
5.61919e+08 -0.0007142
5.61919e+08 -0.0007242
5.61919e+08 -0.0007342
5.61919e+08 -0.0007442
5.61919e+08 -0.0007542
5.61919e+08 -0.0007642
5.61919e+08 -0.0007742
5.61919e+08 -0.0007842
5.61919e+08 -0.0007942
5.61919e+08 -0.0008042
5.61919e+08 -0.0008142
5.61919e+08 -0.0008242
5.61919e+08 -0.0008342
5.61919e+08 -0.0008442
5.61919e+08 -0.0008542
5.61919e+08 -0.0008642
5.61919e+08 -0.0008742
5.61919e+08 -0.0008842
5.61919e+08 -0.0008942
5.61919e+08 -0.0009042
5.61919e+08 -0.0009142
5.61919e+08 -0.0009242
5.61919e+08 -0.0009342
5.61919e+08 -0.0009442
5.61919e+08 -0.0009542
5.61919e+08 -0.0009642
5.61919e+08 -0.0009742
5.61919e+08 -0.0009842
5.61919e+08 -0.0009942
5.61919e+08 -0.0010042
5.61919e+08 -0.0010142
