0 -2.02749e-06
0 -1.50418e+08
0 2.42366e+07
-15 2.42366e+07
-30 2.42366e+07
-45 2.42366e+07
-60 2.42366e+07
-75 2.42366e+07
-90 2.42367e+07
-105 2.42367e+07
-120 2.42367e+07
-135 2.42367e+07
-150 2.42367e+07
-165 2.42367e+07
-180 2.42367e+07
-195 2.42367e+07
-210 2.42369e+07
-225 2.42369e+07
-240 2.42369e+07
-255 2.42369e+07
-270 2.42369e+07
-285 2.42369e+07
-300 2.42369e+07
-315 2.42369e+07
-330 2.42369e+07
-345 2.4237e+07
-360 2.4237e+07
-375 2.4237e+07
-390 2.4237e+07
-405 2.4237e+07
-420 2.4237e+07
-435 2.4237e+07
-450 2.4237e+07
-465 2.4237e+07
-480 2.42372e+07
-495 2.42372e+07
-510 2.42372e+07
-525 2.42372e+07
-540 2.42372e+07
-555 2.42372e+07
-570 2.42372e+07
-585 2.42372e+07
-600 2.42373e+07
-615 2.42373e+07
-630 2.42373e+07
-645 2.42373e+07
-660 2.42373e+07
-675 2.42373e+07
-690 2.42373e+07
-705 2.42373e+07
-720 2.42373e+07
-735 2.42375e+07
-750 2.42375e+07
-765 2.42375e+07
-780 2.42375e+07
-795 2.42375e+07
-810 2.42375e+07
-825 2.42375e+07
-840 2.42375e+07
-855 2.42375e+07
-870 2.42375e+07
-885 2.42376e+07
-900 2.42376e+07
-915 2.42376e+07
-930 2.42376e+07
-945 2.42376e+07
-960 2.42376e+07
-975 2.42376e+07
-990 2.42378e+07
-1005 2.42378e+07
-1020 2.42378e+07
-1035 2.42378e+07
-1050 2.42378e+07
-1065 2.42378e+07
-1080 2.42378e+07
-1095 2.42378e+07
-1110 2.42378e+07
-1125 2.42378e+07
-1140 2.4238e+07
-1155 2.4238e+07
-1170 2.4238e+07
-1185 2.4238e+07
-1200 2.4238e+07
-1215 2.4238e+07
-1230 2.4238e+07
-1245 2.4238e+07
-1260 2.4238e+07
-1275 2.42381e+07
-1290 2.42381e+07
-1305 2.42381e+07
-1320 2.42381e+07
-1335 2.42381e+07
-1350 2.42381e+07
-1365 2.42381e+07
-1380 2.42381e+07
-1395 2.42381e+07
-1410 2.42383e+07
-1425 2.42383e+07
-1440 2.42383e+07
-1455 2.42383e+07
-1470 2.42383e+07
-1485 2.42383e+07
-1500 2.42383e+07
