0 -6.10016e-08
0 -1.61136e+08
0 -1.61136e+08
9.98373e+07 -2.60973e+08
1.3424e+08 -2.95376e+08
1.49049e+08 -3.10185e+08
1.54444e+08 -3.1558e+08
1.56009e+08 -3.17146e+08
1.55799e+08 -3.16935e+08
1.53078e+08 -3.14214e+08
1.4917e+08 -3.10306e+08
1.4383e+08 -3.04966e+08
1.36985e+08 -2.98121e+08
1.28402e+08 -2.89538e+08
1.17389e+08 -2.78525e+08
9.9467e+07 -2.60603e+08
6.38809e+07 -2.25017e+08
-5.16738e+07 -1.09462e+08
1.92015e+08 0
1.92015e+08 0
1.92015e+08 0
1.92015e+08 0
1.92015e+08 0
1.92015e+08 0
1.92015e+08 0
1.92015e+08 0
1.92015e+08 0
1.92015e+08 0
1.92015e+08 0
1.92015e+08 0
1.92015e+08 0
1.92015e+08 0
1.92015e+08 0
1.92015e+08 0
1.92015e+08 0
1.92015e+08 0
1.92015e+08 0
1.92015e+08 0
1.92015e+08 0
1.92015e+08 0
1.92015e+08 0
1.92015e+08 0
1.92015e+08 0
1.92015e+08 0
1.92015e+08 0
1.92015e+08 0
1.92015e+08 0
1.92015e+08 0
1.92015e+08 0
1.92015e+08 0
1.92015e+08 0
1.92015e+08 0
1.92015e+08 0
1.92015e+08 0
1.92015e+08 0
1.92015e+08 0
1.92015e+08 0
1.92015e+08 0
1.92015e+08 0
1.92015e+08 0
1.92015e+08 0
1.92015e+08 0
1.92015e+08 0
1.92015e+08 0
1.92015e+08 0
1.92015e+08 0
1.92015e+08 0
1.92015e+08 0
1.92015e+08 0
1.92015e+08 0
1.92015e+08 0
1.92015e+08 0
1.92015e+08 0
1.92015e+08 0
1.92015e+08 0
1.92015e+08 0
1.92015e+08 0
1.92015e+08 0
1.92015e+08 0
1.92015e+08 0
1.92015e+08 0
1.92015e+08 0
1.92015e+08 0
1.92015e+08 0
1.92015e+08 0
1.92015e+08 0
1.92015e+08 0
1.92015e+08 0
1.92015e+08 0
1.92015e+08 0
1.92015e+08 0
1.92015e+08 0
1.92015e+08 0
1.92015e+08 0
1.92015e+08 0
1.92015e+08 0
1.92015e+08 0
1.92015e+08 0
1.92015e+08 0
1.92015e+08 0
1.92015e+08 0
1.92015e+08 0
1.92015e+08 0
