0 -2.95977e-06
0 3.31062e-05
0 -148047
-15 -148047
-30 -148047
-45 -148047
-60 -148047
-75 -148047
-90 -148047
-105 -148047
-120 -148047
-135 -148047
-150 -148047
-165 -148047
-180 -148047
-195 -148047
-210 -148047
-225 -148047
-240 -148047
-255 -148047
-270 -148047
-285 -148047
-300 -148047
-315 -148047
-330 -148047
-345 -148047
-360 -148047
-375 -148047
-390 -148047
-405 -148047
-420 -148047
-435 -148047
-450 -148047
-465 -148047
-480 -148047
-495.001 -148047
-510.001 -148047
-525.001 -148047
-540.001 -148047
-555.001 -148047
-570.001 -148047
-585.001 -148047
-600.001 -148047
-615.001 -148047
-630.001 -148047
-645.001 -148047
-660.001 -148047
-675.001 -148047
-690.001 -148047
-705.001 -148047
-720.001 -148047
-735.001 -148047
-750.001 -148047
-765.001 -148047
-780.001 -148047
-795.001 -148047
-810.001 -148047
-825.001 -148047
-840.001 -148047
-855.001 -148047
-870.002 -148047
-885.002 -148047
-900.002 -148047
-915.002 -148047
-930.002 -148047
-945.002 -148047
-960.002 -148047
-975.002 -148047
-990.002 -148047
-1005 -148047
-1020 -148047
-1035 -148047
-1050 -148047
-1065 -148047
-1080 -148047
-1095 -148047
-1110 -148047
-1125 -148047
-1140 -148047
-1155 -148047
-1170 -148047
-1185 -148047
-1200 -148047
-1215 -148047
-1230 -148047
-1245 -148047
-1260 -148047
-1275 -148047
-1290 -148047
-1305 -148047
-1320 -148047
-1335 -148047
-1350 -148047
-1365 -148047
-1380 -148047
-1395 -148047
-1410 -148047
-1425 -148047
-1440 -148047
-1455 -148047
-1470 -148047
-1485 -148047
-1500 -148047
