0 -1.60735e-06
0 4.73685e-05
0 -8.85714e-05
4.04068 -7.85714e-05
21.2978 -6.85714e-05
46.2365 -5.85714e-05
76.3256 -4.85714e-05
110.058 -3.85714e-05
146.559 -2.85714e-05
184.995 -1.85714e-05
224.629 -8.57135e-06
264.799 1.42865e-06
305.184 1.14286e-05
345.655 2.14286e-05
386.091 3.14286e-05
426.361 4.14286e-05
466.305 5.14286e-05
505.705 6.14286e-05
544.218 7.14286e-05
581.118 8.14286e-05
616.731 9.14286e-05
654.586 0.000101429
699.719 0.000111429
744.851 0.000121429
789.983 0.000131429
835.115 0.000141429
880.247 0.000151429
925.379 0.000161429
970.511 0.000171429
1015.64 0.000181429
1060.78 0.000191429
1105.91 0.000201429
1151.04 0.000211429
1196.17 0.000221429
1241.3 0.000231429
1286.44 0.000241429
1331.57 0.000251429
1376.7 0.000261429
1421.83 0.000271429
1466.96 0.000281429
1512.1 0.000291429
1557.23 0.000301429
1602.36 0.000311429
1647.49 0.000321429
1692.62 0.000331429
1737.76 0.000341429
1782.89 0.000351429
1828.02 0.000361429
1873.15 0.000371429
1918.28 0.000381429
1963.42 0.000391429
2008.55 0.000401429
2053.68 0.000411429
2098.81 0.000421429
2143.94 0.000431429
2189.08 0.000441429
2234.21 0.000451429
2279.34 0.000461429
2324.47 0.000471429
2369.6 0.000481429
2414.73 0.000491429
2459.87 0.000501429
2505 0.000511429
2550.13 0.000521429
2595.26 0.000531429
2640.39 0.000541429
2685.53 0.000551429
2730.66 0.000561429
2775.79 0.000571429
2820.92 0.000581429
2866.05 0.000591429
2911.19 0.000601429
2956.32 0.000611429
3001.45 0.000621429
3046.58 0.000631429
3091.71 0.000641429
3136.84 0.000651429
3181.98 0.000661429
3227.11 0.000671429
3272.24 0.000681429
3317.37 0.000691429
3362.5 0.000701429
3407.64 0.000711429
3452.77 0.000721429
3497.9 0.000731429
3543.03 0.000741429
3588.16 0.000751429
3633.3 0.000761429
3678.43 0.000771429
3723.56 0.000781429
3768.69 0.000791429
3813.82 0.000801429
3858.95 0.000811429
3904.09 0.000821429
3949.22 0.000831429
3994.35 0.000841429
4039.48 0.000851429
4084.61 0.000861429
4129.74 0.000871429
4174.88 0.000881429
4220.01 0.000891429
4265.14 0.000901429
4310.27 0.000911429
