0 -3.91338e-06
0 -2.33532e-05
0 -222257
-15 -222257
-30 -222257
-45 -222257
-60 -222257
-75 -222257
-90 -222257
-105 -222257
-120 -222257
-135 -222257
-150 -222257
-165 -222257
-180 -222257
-195 -222257
-210 -222257
-225 -222257
-240 -222257
-255 -222257
-270 -222257
-285 -222257
-300 -222257
-315 -222257
-330 -222257
-345 -222257
-360 -222257
-375 -222257
-390 -222257
-405 -222257
-420 -222257
-435 -222257
-450 -222257
-465 -222257
-480 -222257
-495 -222257
-510 -222257
-525 -222257
-540 -222257
-555 -222257
-570 -222257
-585 -222257
-600.001 -222257
-615.001 -222257
-630.001 -222257
-645.001 -222257
-660.001 -222257
-675.001 -222257
-690.001 -222257
-705.001 -222257
-720.001 -222257
-735.001 -222257
-750.001 -222257
-765.001 -222257
-780.001 -222257
-795.001 -222257
-810.001 -222257
-825.001 -222257
-840.001 -222257
-855.001 -222257
-870.001 -222257
-885.001 -222257
-900.001 -222257
-915.001 -222257
-930.001 -222257
-945.001 -222257
-960.001 -222257
-975.001 -222257
-990.001 -222257
-1005 -222257
-1020 -222257
-1035 -222257
-1050 -222257
-1065 -222257
-1080 -222257
-1095 -222257
-1110 -222257
-1125 -222257
-1140 -222257
-1155 -222257
-1170 -222257
-1185 -222257
-1200 -222257
-1215 -222257
-1230 -222257
-1245 -222257
-1260 -222257
-1275 -222257
-1290 -222257
-1305 -222257
-1320 -222257
-1335 -222257
-1350 -222257
-1365 -222257
-1380 -222257
-1395 -222257
-1410 -222257
-1425 -222257
-1440 -222257
-1455 -222257
-1470 -222257
-1485 -222257
-1500 -222257
