0 -2.67073e-06
0 4.82348e-05
0 -700839
-15 -700839
-30 -700839
-45 -700839
-60 -700839
-75 -700839
-90 -700839
-105 -700839
-120 -700839
-135 -700839
-150 -700839
-165 -700839
-180 -700839
-195 -700839
-210 -700839
-225 -700839
-240 -700839
-255 -700839
-270 -700839
-285 -700839
-300 -700839
-315 -700839
-330 -700839
-345 -700839
-360 -700839
-375 -700839
-390 -700839
-405 -700839
-420 -700839
-435 -700839
-450 -700839
-465 -700839
-480 -700839
-495 -700839
-510 -700839
-525 -700839
-540 -700839
-555 -700839
-570 -700839
-585 -700839
-600 -700839
-615 -700839
-630 -700839
-645 -700839
-660 -700839
-675 -700839
-690 -700839
-705 -700839
-720 -700839
-735 -700839
-750 -700839
-765 -700839
-780 -700839
-795 -700839
-810 -700839
-825 -700839
-840 -700839
-855 -700839
-870 -700839
-885 -700839
-900 -700839
-915 -700839
-930 -700839
-945 -700839
-960 -700839
-975 -700839
-990 -700839
-1005 -700839
-1020 -700839
-1035 -700839
-1050 -700839
-1065 -700839
-1080 -700839
-1095 -700839
-1110 -700839
-1125 -700839
-1140 -700839
-1155 -700839
-1170 -700839
-1185 -700839
-1200 -700839
-1215 -700839
-1230 -700839
-1245 -700839
-1260 -700839
-1275 -700839
-1290 -700839
-1305 -700839
-1320 -700839
-1335 -700839
-1350 -700839
-1365 -700839
-1380 -700839
-1395 -700839
-1410 -700839
-1425 -700839
-1440 -700839
-1455 -700839
-1470 -700839
-1485 -700839
-1500 -700839
