0 -5.55772e-06
0 -2.29263e-05
0 -949807
-15 -949807
-30 -949807
-45 -949807
-60 -949807
-75 -949807
-90 -949807
-105 -949807
-120 -949807
-135 -949807
-150 -949807
-165 -949807
-180 -949807
-195 -949807
-210 -949807
-225 -949807
-240 -949807
-255 -949807
-270 -949807
-285 -949807
-300 -949807
-315 -949807
-330 -949807
-345 -949807
-360 -949807
-375 -949807
-390 -949807
-405 -949807
-420 -949807
-435 -949807
-450 -949807
-465 -949807
-480 -949807
-495 -949807
-510 -949807
-525 -949807
-540 -949807
-555 -949807
-570 -949807
-585 -949807
-600 -949807
-615 -949807
-630 -949807
-645 -949807
-660 -949807
-675 -949807
-690 -949807
-705 -949807
-720 -949807
-735 -949807
-750 -949807
-765 -949807
-780 -949807
-795 -949807
-810 -949807
-825 -949807
-840 -949807
-855 -949807
-870 -949807
-885 -949807
-900 -949807
-915 -949807
-930 -949807
-945 -949807
-960 -949807
-975 -949807
-990 -949807
-1005 -949807
-1020 -949807
-1035 -949807
-1050 -949807
-1065 -949807
-1080 -949807
-1095 -949807
-1110 -949807
-1125 -949807
-1140 -949807
-1155 -949807
-1170 -949807
-1185 -949807
-1200 -949807
-1215 -949807
-1230 -949807
-1245 -949807
-1260 -949807
-1275 -949807
-1290 -949807
-1305 -949807
-1320 -949807
-1335 -949807
-1350 -949807
-1365 -949807
-1380 -949807
-1395 -949807
-1410 -949807
-1425 -949807
-1440 -949807
-1455 -949807
-1470 -949807
-1485 -949807
-1500 -949807
