0 -3.63216e-08
0 8.4045e+07
0 8.4045e+07
-1.60541e+08 2.44586e+08
-2.27332e+08 3.11377e+08
-2.55577e+08 3.39622e+08
-2.68206e+08 3.52251e+08
-2.72327e+08 3.56372e+08
-2.71265e+08 3.5531e+08
-2.66028e+08 3.50073e+08
-2.56759e+08 3.40804e+08
-2.43262e+08 3.27307e+08
-2.24592e+08 3.08637e+08
-1.9905e+08 2.83095e+08
-1.63106e+08 2.47151e+08
-1.11386e+08 1.95431e+08
-4.97811e+07 1.33826e+08
3.1895e+07 5.215e+07
1.89416e+08 -1.05371e+08
5.44498e+08 0
5.44498e+08 0
5.44498e+08 0
5.44498e+08 0
5.44498e+08 0
5.44498e+08 0
5.44498e+08 0
5.44498e+08 0
5.44498e+08 0
5.44498e+08 0
5.44498e+08 0
5.44498e+08 0
5.44498e+08 0
5.44498e+08 0
5.44498e+08 0
5.44498e+08 0
5.44498e+08 0
5.44498e+08 0
5.44498e+08 0
5.44498e+08 0
5.44498e+08 0
5.44498e+08 0
5.44498e+08 0
5.44498e+08 0
5.44498e+08 0
5.44498e+08 0
5.44498e+08 0
5.44498e+08 0
5.44498e+08 0
5.44498e+08 0
5.44498e+08 0
5.44498e+08 0
5.44498e+08 0
5.44498e+08 0
5.44498e+08 0
5.44498e+08 0
5.44498e+08 0
5.44498e+08 0
5.44498e+08 0
5.44498e+08 0
5.44498e+08 0
5.44498e+08 0
5.44498e+08 0
5.44498e+08 0
5.44498e+08 0
5.44498e+08 0
5.44498e+08 0
5.44498e+08 0
5.44498e+08 0
5.44498e+08 0
5.44498e+08 0
5.44498e+08 0
5.44498e+08 0
5.44498e+08 0
5.44498e+08 0
5.44498e+08 0
5.44498e+08 0
5.44498e+08 0
5.44498e+08 0
5.44498e+08 0
5.44498e+08 0
5.44498e+08 0
5.44498e+08 0
5.44498e+08 0
5.44498e+08 0
5.44498e+08 0
5.44498e+08 0
5.44498e+08 0
5.44498e+08 0
5.44498e+08 0
5.44498e+08 0
5.44498e+08 0
5.44498e+08 0
5.44498e+08 0
5.44498e+08 0
5.44498e+08 0
5.44498e+08 0
5.44498e+08 0
5.44498e+08 0
5.44498e+08 0
5.44498e+08 0
5.44498e+08 0
5.44498e+08 0
5.44498e+08 0
