0 -3.06676e-07
0 -9.8206e-05
0 -812066
-15 -812066
-30 -812066
-45 -812066
-60 -812066
-75 -812066
-90 -812066
-105 -812066
-120 -812066
-135 -812066
-150 -812066
-165 -812066
-180 -812066
-195 -812066
-210 -812066
-225 -812066
-240 -812066
-255 -812066
-270 -812066
-285 -812066
-300 -812066
-315 -812066
-330 -812066
-345 -812066
-360 -812066
-375 -812066
-390 -812066
-405 -812066
-420 -812066
-435 -812066
-450 -812066
-465 -812066
-480 -812066
-495 -812066
-510 -812066
-525 -812066
-540 -812066
-555 -812066
-570 -812066
-585 -812066
-600 -812066
-615 -812066
-630 -812066
-645 -812066
-660 -812066
-675 -812066
-690 -812066
-705 -812066
-720 -812066
-735 -812066
-750 -812066
-765 -812066
-780 -812066
-795 -812066
-810 -812066
-825 -812066
-840 -812066
-855 -812066
-870 -812066
-885 -812066
-900 -812066
-915 -812066
-930 -812066
-945 -812066
-960 -812066
-975 -812066
-990 -812066
-1005 -812066
-1020 -812066
-1035 -812066
-1050 -812066
-1065 -812066
-1080 -812066
-1095 -812066
-1110 -812066
-1125 -812066
-1140 -812066
-1155 -812066
-1170 -812066
-1185 -812066
-1200 -812066
-1215 -812066
-1230 -812066
-1245 -812066
-1260 -812066
-1275 -812066
-1290 -812066
-1305 -812066
-1320 -812066
-1335 -812066
-1350 -812066
-1365 -812066
-1380 -812066
-1395 -812066
-1410 -812066
-1425 -812066
-1440 -812066
-1455 -812066
-1470 -812066
-1485 -812066
-1500 -812066
