0 -3.11919e-06
0 1.6606e-05
0 -58828
-15 -58828
-30 -58828
-45 -58828
-60 -58828
-75 -58828
-90 -58828
-105 -58828
-120 -58828
-135 -58828
-150 -58828
-165 -58828
-180 -58828
-195 -58828
-210 -58828
-225 -58828
-240 -58828
-255 -58828
-270 -58828
-285 -58828
-300 -58828
-315 -58828
-330 -58828
-345 -58828
-360 -58828
-375.001 -58828
-390.001 -58828
-405.001 -58828
-420.001 -58828
-435.001 -58828
-450.001 -58828
-465.001 -58828
-480.001 -58828
-495.001 -58828
-510.001 -58828
-525.001 -58828
-540.001 -58828
-555.001 -58828
-570.001 -58828
-585.001 -58828
-600.001 -58828
-615.001 -58828
-630.001 -58828
-645.001 -58828
-660.002 -58828
-675.002 -58828
-690.002 -58828
-705.002 -58828
-720.002 -58828
-735.002 -58828
-750.002 -58828
-765.002 -58828
-780.002 -58828
-795.002 -58828
-810.002 -58828
-825.002 -58828
-840.003 -58828
-855.003 -58828
-870.003 -58828
-885.003 -58828
-900.003 -58828
-915.003 -58828
-930.003 -58828
-945.003 -58828
-960.003 -58828
-975.003 -58828
-990.004 -58828
-1005 -58828
-1020 -58828
-1035 -58828
-1050 -58828
-1065 -58828
-1080 -58828
-1095 -58828
-1110 -58828
-1125 -58828
-1140 -58828
-1155 -58828
-1170 -58828
-1185.01 -58828
-1200.01 -58828
-1215.01 -58828
-1230.01 -58828
-1245.01 -58828
-1260.01 -58828
-1275.01 -58828
-1290.01 -58828
-1305.01 -58828
-1320.01 -58828
-1335.01 -58828
-1350.01 -58828
-1365.01 -58828
-1380.01 -58828
-1395.01 -58828
-1410.01 -58828
-1425.01 -58828
-1440.01 -58828
-1455.01 -58828
-1470.01 -58828
-1485.01 -58828
-1500.01 -58828
