0 -1.39226e-06
0 -2.29056e-05
0 -57041.4
-15 -57041.4
-30 -57041.4
-45 -57041.4
-60 -57041.4
-75 -57041.4
-90 -57041.4
-105 -57041.4
-120 -57041.4
-135 -57041.4
-150 -57041.4
-165 -57041.4
-180 -57041.4
-195 -57041.4
-210 -57041.4
-225 -57041.4
-240 -57041.4
-255 -57041.4
-270 -57041.4
-285 -57041.4
-300 -57041.4
-315 -57041.4
-330 -57041.4
-345 -57041.4
-360.001 -57041.4
-375.001 -57041.4
-390.001 -57041.4
-405.001 -57041.4
-420.001 -57041.4
-435.001 -57041.4
-450.001 -57041.4
-465.001 -57041.4
-480.001 -57041.4
-495.001 -57041.4
-510.001 -57041.4
-525.001 -57041.4
-540.001 -57041.4
-555.001 -57041.4
-570.001 -57041.4
-585.001 -57041.4
-600.001 -57041.4
-615.002 -57041.4
-630.002 -57041.4
-645.002 -57041.4
-660.002 -57041.4
-675.002 -57041.4
-690.002 -57041.4
-705.002 -57041.4
-720.002 -57041.4
-735.002 -57041.4
-750.002 -57041.4
-765.002 -57041.4
-780.002 -57041.4
-795.003 -57041.4
-810.003 -57041.4
-825.003 -57041.4
-840.003 -57041.4
-855.003 -57041.4
-870.003 -57041.4
-885.003 -57041.4
-900.003 -57041.4
-915.003 -57041.4
-930.004 -57041.4
-945.004 -57041.4
-960.004 -57041.4
-975.004 -57041.4
-990.004 -57041.4
-1005 -57041.4
-1020 -57041.4
-1035 -57041.4
-1050 -57041.4
-1065 -57041.4
-1080 -57041.4
-1095 -57041.4
-1110.01 -57041.4
-1125.01 -57041.4
-1140.01 -57041.4
-1155.01 -57041.4
-1170.01 -57041.4
-1185.01 -57041.4
-1200.01 -57041.4
-1215.01 -57041.4
-1230.01 -57041.4
-1245.01 -57041.4
-1260.01 -57041.4
-1275.01 -57041.4
-1290.01 -57041.4
-1305.01 -57041.4
-1320.01 -57041.4
-1335.01 -57041.4
-1350.01 -57041.4
-1365.01 -57041.4
-1380.01 -57041.4
-1395.01 -57041.4
-1410.01 -57041.4
-1425.01 -57041.4
-1440.01 -57041.4
-1455.01 -57041.4
-1470.01 -57041.4
-1485.01 -57041.4
-1500.01 -57041.4
