0 -1.97469e-06
0 3.8393e-05
0 -145844
-15 -145844
-30 -145844
-45 -145844
-60 -145844
-75 -145844
-90 -145844
-105 -145844
-120 -145844
-135 -145844
-150 -145844
-165 -145844
-180 -145844
-195 -145844
-210 -145844
-225 -145844
-240 -145844
-255 -145844
-270 -145844
-285 -145844
-300 -145844
-315 -145844
-330 -145844
-345 -145844
-360 -145844
-375 -145844
-390 -145844
-405 -145844
-420 -145844
-435 -145844
-450 -145844
-465 -145844
-480 -145844
-495 -145844
-510 -145844
-525.001 -145844
-540.001 -145844
-555.001 -145844
-570.001 -145844
-585.001 -145844
-600.001 -145844
-615.001 -145844
-630.001 -145844
-645.001 -145844
-660.001 -145844
-675.001 -145844
-690.001 -145844
-705.001 -145844
-720.001 -145844
-735.001 -145844
-750.001 -145844
-765.001 -145844
-780.001 -145844
-795.001 -145844
-810.001 -145844
-825.001 -145844
-840.001 -145844
-855.001 -145844
-870.001 -145844
-885.001 -145844
-900.002 -145844
-915.002 -145844
-930.002 -145844
-945.002 -145844
-960.002 -145844
-975.002 -145844
-990.002 -145844
-1005 -145844
-1020 -145844
-1035 -145844
-1050 -145844
-1065 -145844
-1080 -145844
-1095 -145844
-1110 -145844
-1125 -145844
-1140 -145844
-1155 -145844
-1170 -145844
-1185 -145844
-1200 -145844
-1215 -145844
-1230 -145844
-1245 -145844
-1260 -145844
-1275 -145844
-1290 -145844
-1305 -145844
-1320 -145844
-1335 -145844
-1350 -145844
-1365 -145844
-1380 -145844
-1395 -145844
-1410 -145844
-1425 -145844
-1440 -145844
-1455 -145844
-1470 -145844
-1485 -145844
-1500 -145844
