0 -2.77182e-06
0 -2.43091e-05
0 -1.5737e-05
-7.70849e+07 -2.5737e-05
-7.28632e+07 -3.5737e-05
-3.58329e+07 -4.5737e-05
2.75399e+07 -5.5737e-05
1.3492e+08 -6.5737e-05
1.1059e+09 -7.5737e-05
1.1059e+09 -8.5737e-05
1.1059e+09 -9.5737e-05
1.1059e+09 -0.000105737
1.1059e+09 -0.000115737
1.1059e+09 -0.000125737
1.1059e+09 -0.000135737
1.1059e+09 -0.000145737
1.1059e+09 -0.000155737
1.1059e+09 -0.000165737
1.1059e+09 -0.000175737
1.1059e+09 -0.000185737
1.1059e+09 -0.000195737
1.1059e+09 -0.000205737
1.1059e+09 -0.000215737
1.1059e+09 -0.000225737
1.1059e+09 -0.000235737
1.1059e+09 -0.000245737
1.1059e+09 -0.000255737
1.1059e+09 -0.000265737
1.1059e+09 -0.000275737
1.1059e+09 -0.000285737
1.1059e+09 -0.000295737
1.1059e+09 -0.000305737
1.1059e+09 -0.000315737
1.1059e+09 -0.000325737
1.1059e+09 -0.000335737
1.1059e+09 -0.000345737
1.1059e+09 -0.000355737
1.1059e+09 -0.000365737
1.1059e+09 -0.000375737
1.1059e+09 -0.000385737
1.1059e+09 -0.000395737
1.1059e+09 -0.000405737
1.1059e+09 -0.000415737
1.1059e+09 -0.000425737
1.1059e+09 -0.000435737
1.1059e+09 -0.000445737
1.1059e+09 -0.000455737
1.1059e+09 -0.000465737
1.1059e+09 -0.000475737
1.1059e+09 -0.000485737
1.1059e+09 -0.000495737
1.1059e+09 -0.000505737
1.1059e+09 -0.000515737
1.1059e+09 -0.000525737
1.1059e+09 -0.000535737
1.1059e+09 -0.000545737
1.1059e+09 -0.000555737
1.1059e+09 -0.000565737
1.1059e+09 -0.000575737
1.1059e+09 -0.000585737
1.1059e+09 -0.000595737
1.1059e+09 -0.000605737
1.1059e+09 -0.000615737
1.1059e+09 -0.000625737
1.1059e+09 -0.000635737
1.1059e+09 -0.000645737
1.1059e+09 -0.000655737
1.1059e+09 -0.000665737
1.1059e+09 -0.000675737
1.1059e+09 -0.000685737
1.1059e+09 -0.000695737
1.1059e+09 -0.000705737
1.1059e+09 -0.000715737
1.1059e+09 -0.000725737
1.1059e+09 -0.000735737
1.1059e+09 -0.000745737
1.1059e+09 -0.000755737
1.1059e+09 -0.000765737
1.1059e+09 -0.000775737
1.1059e+09 -0.000785737
1.1059e+09 -0.000795737
1.1059e+09 -0.000805737
1.1059e+09 -0.000815737
1.1059e+09 -0.000825737
1.1059e+09 -0.000835737
1.1059e+09 -0.000845737
1.1059e+09 -0.000855737
1.1059e+09 -0.000865737
1.1059e+09 -0.000875737
1.1059e+09 -0.000885737
1.1059e+09 -0.000895737
1.1059e+09 -0.000905737
1.1059e+09 -0.000915737
1.1059e+09 -0.000925737
1.1059e+09 -0.000935737
1.1059e+09 -0.000945737
1.1059e+09 -0.000955737
1.1059e+09 -0.000965737
1.1059e+09 -0.000975737
1.1059e+09 -0.000985737
1.1059e+09 -0.000995737
1.1059e+09 -0.00100574
1.1059e+09 -0.00101574
