0 -8.31079e-07
0 -4.9833e-06
0 -3.28832e-06
-1.61719e+08 -1.32883e-05
-2.33077e+08 -2.32883e-05
-2.63434e+08 -3.32883e-05
-2.81889e+08 -4.32883e-05
-2.93775e+08 -5.32883e-05
-3.00328e+08 -6.32883e-05
-3.02724e+08 -7.32883e-05
-3.01639e+08 -8.32883e-05
-2.98746e+08 -9.32883e-05
-2.93456e+08 -0.000103288
-2.86377e+08 -0.000113288
-2.76597e+08 -0.000123288
-2.63396e+08 -0.000133288
-2.45195e+08 -0.000143288
-2.19533e+08 -0.000153288
-1.86414e+08 -0.000163288
-1.50151e+08 -0.000173288
-1.0853e+08 -0.000183288
-5.75721e+07 -0.000193288
-6.32358e+06 -0.000203288
6.16653e+07 -0.000213288
1.41803e+08 -0.000223288
2.18045e+08 -0.000233288
2.55647e+08 -0.000243288
4.03882e+08 -0.000253288
4.03882e+08 -0.000263288
4.03882e+08 -0.000273288
4.03882e+08 -0.000283288
4.03882e+08 -0.000293288
4.03882e+08 -0.000303288
4.03882e+08 -0.000313288
4.03882e+08 -0.000323288
4.03882e+08 -0.000333288
4.03882e+08 -0.000343288
4.03882e+08 -0.000353288
4.03882e+08 -0.000363288
4.03882e+08 -0.000373288
4.03882e+08 -0.000383288
4.03882e+08 -0.000393288
4.03882e+08 -0.000403288
4.03882e+08 -0.000413288
4.03882e+08 -0.000423288
4.03882e+08 -0.000433288
4.03882e+08 -0.000443288
4.03882e+08 -0.000453288
4.03882e+08 -0.000463288
4.03882e+08 -0.000473288
4.03882e+08 -0.000483288
4.03882e+08 -0.000493288
4.03882e+08 -0.000503288
4.03882e+08 -0.000513288
4.03882e+08 -0.000523288
4.03882e+08 -0.000533288
4.03882e+08 -0.000543288
4.03882e+08 -0.000553288
4.03882e+08 -0.000563288
4.03882e+08 -0.000573288
4.03882e+08 -0.000583288
4.03882e+08 -0.000593288
4.03882e+08 -0.000603288
4.03882e+08 -0.000613288
4.03882e+08 -0.000623288
4.03882e+08 -0.000633288
4.03882e+08 -0.000643288
4.03882e+08 -0.000653288
4.03882e+08 -0.000663288
4.03882e+08 -0.000673288
4.03882e+08 -0.000683288
4.03882e+08 -0.000693288
4.03882e+08 -0.000703288
4.03882e+08 -0.000713288
4.03882e+08 -0.000723288
4.03882e+08 -0.000733288
4.03882e+08 -0.000743288
4.03882e+08 -0.000753288
4.03882e+08 -0.000763288
4.03882e+08 -0.000773288
4.03882e+08 -0.000783288
4.03882e+08 -0.000793288
4.03882e+08 -0.000803288
4.03882e+08 -0.000813288
4.03882e+08 -0.000823288
4.03882e+08 -0.000833288
4.03882e+08 -0.000843288
4.03882e+08 -0.000853288
4.03882e+08 -0.000863288
4.03882e+08 -0.000873288
4.03882e+08 -0.000883288
4.03882e+08 -0.000893288
4.03882e+08 -0.000903288
4.03882e+08 -0.000913288
4.03882e+08 -0.000923288
4.03882e+08 -0.000933288
4.03882e+08 -0.000943288
4.03882e+08 -0.000953288
4.03882e+08 -0.000963288
4.03882e+08 -0.000973288
4.03882e+08 -0.000983288
4.03882e+08 -0.000993288
4.03882e+08 -0.00100329
