0 3.91155e-08
0 -1.12165e+08
0 -1.12165e+08
1.1167e+08 -2.23836e+08
1.42637e+08 -2.54802e+08
1.5978e+08 -2.71945e+08
1.69604e+08 -2.81769e+08
1.75531e+08 -2.87696e+08
1.77584e+08 -2.89749e+08
1.78483e+08 -2.90648e+08
1.78171e+08 -2.90336e+08
1.76927e+08 -2.89093e+08
1.74849e+08 -2.87014e+08
1.71961e+08 -2.84127e+08
1.68282e+08 -2.80447e+08
1.63776e+08 -2.75942e+08
1.58316e+08 -2.70481e+08
1.51691e+08 -2.63856e+08
1.43657e+08 -2.55823e+08
1.33598e+08 -2.45763e+08
1.19398e+08 -2.31896e+08
8.70192e+07 -1.99184e+08
4.11935e+07 -1.53359e+08
-8.22999e+06 -1.03935e+08
-5.89554e+07 -5.32098e+07
1.70356e+08 0
1.70356e+08 0
1.70356e+08 0
1.70356e+08 0
1.70356e+08 0
1.70356e+08 0
1.70356e+08 0
1.70356e+08 0
1.70356e+08 0
1.70356e+08 0
1.70356e+08 0
1.70356e+08 0
1.70356e+08 0
1.70356e+08 0
1.70356e+08 0
1.70356e+08 0
1.70356e+08 0
1.70356e+08 0
1.70356e+08 0
1.70356e+08 0
1.70356e+08 0
1.70356e+08 0
1.70356e+08 0
1.70356e+08 0
1.70356e+08 0
1.70356e+08 0
1.70356e+08 0
1.70356e+08 0
1.70356e+08 0
1.70356e+08 0
1.70356e+08 0
1.70356e+08 0
1.70356e+08 0
1.70356e+08 0
1.70356e+08 0
1.70356e+08 0
1.70356e+08 0
1.70356e+08 0
1.70356e+08 0
1.70356e+08 0
1.70356e+08 0
1.70356e+08 0
1.70356e+08 0
1.70356e+08 0
1.70356e+08 0
1.70356e+08 0
1.70356e+08 0
1.70356e+08 0
1.70356e+08 0
1.70356e+08 0
1.70356e+08 0
1.70356e+08 0
1.70356e+08 0
1.70356e+08 0
1.70356e+08 0
1.70356e+08 0
1.70356e+08 0
1.70356e+08 0
1.70356e+08 0
1.70356e+08 0
1.70356e+08 0
1.70356e+08 0
1.70356e+08 0
1.70356e+08 0
1.70356e+08 0
1.70356e+08 0
1.70356e+08 0
1.70356e+08 0
1.70356e+08 0
1.70356e+08 0
1.70356e+08 0
1.70356e+08 0
1.70356e+08 0
1.70356e+08 0
1.70356e+08 0
1.70356e+08 0
1.70356e+08 0
1.70356e+08 0
