0 -1.42309e-06
0 3.07935e-05
0 122694
-15 122694
-30 122694
-45 122694
-60 122694
-75 122694
-90 122694
-105 122694
-120 122694
-135 122694
-150 122694
-165 122694
-180 122694
-195 122694
-210 122694
-225 122694
-240 122694
-255 122694
-270 122694
-285 122694
-300 122694
-315 122694
-330 122694
-345 122694
-360 122694
-375 122694
-390 122694
-405 122694
-420 122694
-435 122694
-450 122694
-465 122694
-480 122694
-494.999 122694
-509.999 122694
-524.999 122694
-539.999 122694
-554.999 122694
-569.999 122694
-584.999 122694
-599.999 122694
-614.999 122694
-629.999 122694
-644.999 122694
-659.999 122694
-674.999 122694
-689.999 122694
-704.999 122694
-719.999 122694
-734.999 122694
-749.999 122694
-764.999 122694
-779.999 122694
-794.999 122694
-809.999 122694
-824.999 122694
-839.999 122694
-854.998 122694
-869.998 122694
-884.998 122694
-899.998 122694
-914.998 122694
-929.998 122694
-944.998 122694
-959.998 122694
-974.998 122694
-989.998 122694
-1005 122694
-1020 122694
-1035 122694
-1050 122694
-1065 122694
-1080 122694
-1095 122694
-1110 122694
-1125 122694
-1140 122694
-1155 122694
-1170 122694
-1185 122694
-1200 122694
-1215 122694
-1230 122694
-1245 122694
-1260 122694
-1275 122694
-1290 122694
-1305 122694
-1320 122694
-1335 122694
-1350 122694
-1365 122694
-1380 122694
-1395 122694
-1410 122694
-1425 122694
-1440 122694
-1455 122694
-1470 122694
-1485 122694
-1500 122694
