0 -1.12237e-06
0 3.37138e-05
0 -159185
-15 -159185
-30 -159185
-45 -159185
-60 -159185
-75 -159185
-90 -159185
-105 -159185
-120 -159185
-135 -159185
-150 -159185
-165 -159185
-180 -159185
-195 -159185
-210 -159185
-225 -159185
-240 -159185
-255 -159185
-270 -159185
-285 -159185
-300 -159185
-315 -159185
-330 -159185
-345 -159185
-360 -159185
-375 -159185
-390 -159185
-405 -159185
-420 -159185
-435 -159185
-450 -159185
-465 -159185
-480 -159185
-495 -159185
-510 -159185
-525 -159185
-540 -159185
-555 -159185
-570 -159185
-585 -159185
-600 -159185
-615 -159185
-630 -159185
-645.001 -159185
-660.001 -159185
-675.001 -159185
-690.001 -159185
-705.001 -159185
-720.001 -159185
-735.001 -159185
-750.001 -159185
-765.001 -159185
-780.001 -159185
-795.001 -159185
-810.001 -159185
-825.001 -159185
-840.001 -159185
-855.001 -159185
-870.001 -159185
-885.001 -159185
-900.001 -159185
-915.001 -159185
-930.001 -159185
-945.001 -159185
-960.001 -159185
-975.001 -159185
-990.001 -159185
-1005 -159185
-1020 -159185
-1035 -159185
-1050 -159185
-1065 -159185
-1080 -159185
-1095 -159185
-1110 -159185
-1125 -159185
-1140 -159185
-1155 -159185
-1170 -159185
-1185 -159185
-1200 -159185
-1215 -159185
-1230 -159185
-1245 -159185
-1260 -159185
-1275 -159185
-1290 -159185
-1305 -159185
-1320 -159185
-1335 -159185
-1350 -159185
-1365 -159185
-1380 -159185
-1395 -159185
-1410 -159185
-1425 -159185
-1440 -159185
-1455 -159185
-1470 -159185
-1485 -159185
-1500 -159185
