0 7.82311e-08
0 1.6922e+08
0 1.26298e+08
-24.0582 1.01722e+08
-58.6556 7.20914e+07
-104.578 3.9882e+07
-162.527 5.62006e+06
-233.117 -3.04239e+07
-316.021 -6.55472e+07
-410.004 -9.74891e+07
-514.502 -1.27725e+08
-629.07 -1.56646e+08
-753.535 -1.85122e+08
-880.69 -1.7547e+08
-995.347 0
-1164.12 0
-1332.89 0
-1501.66 0
-1670.44 0
-1839.21 0
-2007.98 0
-2176.76 0
-2345.53 0
-2514.3 0
-2683.07 0
-2851.85 0
-3020.62 0
-3189.39 0
-3358.16 0
-3526.94 0
-3695.71 0
-3864.48 0
-4033.26 0
-4202.03 0
-4370.8 0
-4539.57 0
-4708.35 0
-4877.12 0
-5045.89 0
-5214.67 0
-5383.44 0
-5552.21 0
-5720.99 0
-5889.76 0
-6058.53 0
-6227.31 0
-6396.08 0
-6564.85 0
-6733.63 0
-6902.4 0
-7071.17 0
-7239.95 0
-7408.72 0
-7577.49 0
-7746.27 0
-7915.04 0
-8083.81 0
-8252.59 0
-8421.36 0
-8590.13 0
-8758.91 0
-8927.68 0
-9096.45 0
-9265.23 0
-9434 0
-9602.77 0
-9771.55 0
-9940.32 0
-10109.1 0
-10277.9 0
-10446.6 0
-10615.4 0
-10784.2 0
-10953 0
-11121.7 0
-11290.5 0
-11459.3 0
-11628.1 0
-11796.8 0
-11965.6 0
-12134.4 0
-12303.2 0
-12471.9 0
-12640.7 0
-12809.5 0
-12978.2 0
-13147 0
-13315.8 0
-13484.6 0
-13653.3 0
-13822.1 0
-13990.9 0
-14159.7 0
-14328.4 0
-14497.2 0
-14666 0
-14834.8 0
-15003.5 0
-15172.3 0
-15341.1 0
-15509.9 0
-15678.6 0
-15847.4 0
