0 -2.89046e-06
0 -1.29796e-05
0 -77896.1
-15 -77896.1
-30 -77896.1
-45 -77896.1
-60 -77896.1
-75 -77896.1
-90 -77896.1
-105 -77896.1
-120 -77896.1
-135 -77896.1
-150 -77896.1
-165 -77896.1
-180 -77896.1
-195 -77896.1
-210 -77896.1
-225 -77896.1
-240 -77896.1
-255 -77896.1
-270 -77896.1
-285 -77896.1
-300 -77896.1
-315 -77896.1
-330 -77896.1
-345 -77896.1
-360 -77896.1
-375 -77896.1
-390 -77896.1
-405 -77896.1
-420.001 -77896.1
-435.001 -77896.1
-450.001 -77896.1
-465.001 -77896.1
-480.001 -77896.1
-495.001 -77896.1
-510.001 -77896.1
-525.001 -77896.1
-540.001 -77896.1
-555.001 -77896.1
-570.001 -77896.1
-585.001 -77896.1
-600.001 -77896.1
-615.001 -77896.1
-630.001 -77896.1
-645.001 -77896.1
-660.001 -77896.1
-675.001 -77896.1
-690.001 -77896.1
-705.002 -77896.1
-720.002 -77896.1
-735.002 -77896.1
-750.002 -77896.1
-765.002 -77896.1
-780.002 -77896.1
-795.002 -77896.1
-810.002 -77896.1
-825.002 -77896.1
-840.002 -77896.1
-855.002 -77896.1
-870.002 -77896.1
-885.002 -77896.1
-900.002 -77896.1
-915.003 -77896.1
-930.003 -77896.1
-945.003 -77896.1
-960.003 -77896.1
-975.003 -77896.1
-990.003 -77896.1
-1005 -77896.1
-1020 -77896.1
-1035 -77896.1
-1050 -77896.1
-1065 -77896.1
-1080 -77896.1
-1095 -77896.1
-1110 -77896.1
-1125 -77896.1
-1140 -77896.1
-1155 -77896.1
-1170 -77896.1
-1185 -77896.1
-1200 -77896.1
-1215 -77896.1
-1230 -77896.1
-1245 -77896.1
-1260 -77896.1
-1275 -77896.1
-1290.01 -77896.1
-1305.01 -77896.1
-1320.01 -77896.1
-1335.01 -77896.1
-1350.01 -77896.1
-1365.01 -77896.1
-1380.01 -77896.1
-1395.01 -77896.1
-1410.01 -77896.1
-1425.01 -77896.1
-1440.01 -77896.1
-1455.01 -77896.1
-1470.01 -77896.1
-1485.01 -77896.1
-1500.01 -77896.1
