0 -1.29379e-07
0 -4.83783e-06
0 -3.22879e-06
-1.6256e+08 -1.32288e-05
-2.28382e+08 -2.32288e-05
-2.55664e+08 -3.32288e-05
-2.69978e+08 -4.32288e-05
-2.77453e+08 -5.32288e-05
-2.80498e+08 -6.32288e-05
-2.79626e+08 -7.32288e-05
-2.75625e+08 -8.32288e-05
-2.69674e+08 -9.32288e-05
-2.60667e+08 -0.000103229
-2.47931e+08 -0.000113229
-2.29477e+08 -0.000123229
-1.99607e+08 -0.000133229
-1.39961e+08 -0.000143229
-6.35379e+07 -0.000153229
-3.49607e+06 -0.000163229
6.17633e+07 -0.000173229
1.49161e+08 -0.000183229
2.38957e+08 -0.000193229
3.27822e+08 -0.000203229
3.27822e+08 -0.000213229
3.27822e+08 -0.000223229
3.27822e+08 -0.000233229
3.27822e+08 -0.000243229
3.27822e+08 -0.000253229
3.27822e+08 -0.000263229
3.27822e+08 -0.000273229
3.27822e+08 -0.000283229
3.27822e+08 -0.000293229
3.27822e+08 -0.000303229
3.27822e+08 -0.000313229
3.27822e+08 -0.000323229
3.27822e+08 -0.000333229
3.27822e+08 -0.000343229
3.27822e+08 -0.000353229
3.27822e+08 -0.000363229
3.27822e+08 -0.000373229
3.27822e+08 -0.000383229
3.27822e+08 -0.000393229
3.27822e+08 -0.000403229
3.27822e+08 -0.000413229
3.27822e+08 -0.000423229
3.27822e+08 -0.000433229
3.27822e+08 -0.000443229
3.27822e+08 -0.000453229
3.27822e+08 -0.000463229
3.27822e+08 -0.000473229
3.27822e+08 -0.000483229
3.27822e+08 -0.000493229
3.27822e+08 -0.000503229
3.27822e+08 -0.000513229
3.27822e+08 -0.000523229
3.27822e+08 -0.000533229
3.27822e+08 -0.000543229
3.27822e+08 -0.000553229
3.27822e+08 -0.000563229
3.27822e+08 -0.000573229
3.27822e+08 -0.000583229
3.27822e+08 -0.000593229
3.27822e+08 -0.000603229
3.27822e+08 -0.000613229
3.27822e+08 -0.000623229
3.27822e+08 -0.000633229
3.27822e+08 -0.000643229
3.27822e+08 -0.000653229
3.27822e+08 -0.000663229
3.27822e+08 -0.000673229
3.27822e+08 -0.000683229
3.27822e+08 -0.000693229
3.27822e+08 -0.000703229
3.27822e+08 -0.000713229
3.27822e+08 -0.000723229
3.27822e+08 -0.000733229
3.27822e+08 -0.000743229
3.27822e+08 -0.000753229
3.27822e+08 -0.000763229
3.27822e+08 -0.000773229
3.27822e+08 -0.000783229
3.27822e+08 -0.000793229
3.27822e+08 -0.000803229
3.27822e+08 -0.000813229
3.27822e+08 -0.000823229
3.27822e+08 -0.000833229
3.27822e+08 -0.000843229
3.27822e+08 -0.000853229
3.27822e+08 -0.000863229
3.27822e+08 -0.000873229
3.27822e+08 -0.000883229
3.27822e+08 -0.000893229
3.27822e+08 -0.000903229
3.27822e+08 -0.000913229
3.27822e+08 -0.000923229
3.27822e+08 -0.000933229
3.27822e+08 -0.000943229
3.27822e+08 -0.000953229
3.27822e+08 -0.000963229
3.27822e+08 -0.000973229
3.27822e+08 -0.000983229
3.27822e+08 -0.000993229
3.27822e+08 -0.00100323
