0 -1.89915e-06
0 3.51867e-05
0 -0.000100919
-4570.63 -9.09191e-05
-48078.4 -8.09191e-05
-91590.4 -7.09191e-05
-135107 -6.09191e-05
-178627 -5.09191e-05
-222151 -4.09191e-05
-265680 -3.09191e-05
-309213 -2.09191e-05
-352750 -1.09191e-05
-396291 -9.19071e-07
-439837 9.08093e-06
-483386 1.90809e-05
-526940 2.90809e-05
-570498 3.90809e-05
-614060 4.90809e-05
-657627 5.90809e-05
-701197 6.90809e-05
-744772 7.90809e-05
-788351 8.90809e-05
-831934 9.90809e-05
-875521 0.000109081
-919112 0.000119081
-962708 0.000129081
-1.00631e+06 0.000139081
-1.04991e+06 0.000149081
-1.09352e+06 0.000159081
-1.13713e+06 0.000169081
-1.18075e+06 0.000179081
-1.22437e+06 0.000189081
-1.26799e+06 0.000199081
-1.31162e+06 0.000209081
-1.35526e+06 0.000219081
-1.39889e+06 0.000229081
-1.44254e+06 0.000239081
-1.48618e+06 0.000249081
-1.52983e+06 0.000259081
-1.57349e+06 0.000269081
-1.61715e+06 0.000279081
-1.66081e+06 0.000289081
-1.70447e+06 0.000299081
-1.74815e+06 0.000309081
-1.79182e+06 0.000319081
-1.8355e+06 0.000329081
-1.87918e+06 0.000339081
-1.92287e+06 0.000349081
-1.96656e+06 0.000359081
-2.01026e+06 0.000369081
-2.05396e+06 0.000379081
-2.09766e+06 0.000389081
-2.14137e+06 0.000399081
-2.18509e+06 0.000409081
-2.2288e+06 0.000419081
-2.27253e+06 0.000429081
-2.31625e+06 0.000439081
-2.35998e+06 0.000449081
-2.40371e+06 0.000459081
-2.44745e+06 0.000469081
-2.4912e+06 0.000479081
-2.53494e+06 0.000489081
-2.57869e+06 0.000499081
-2.62245e+06 0.000509081
-2.66621e+06 0.000519081
-2.70997e+06 0.000529081
-2.75374e+06 0.000539081
-2.79751e+06 0.000549081
-2.84129e+06 0.000559081
-2.88507e+06 0.000569081
-2.92885e+06 0.000579081
-2.97264e+06 0.000589081
-3.01643e+06 0.000599081
-3.06023e+06 0.000609081
-3.10403e+06 0.000619081
-3.14783e+06 0.000629081
-3.19164e+06 0.000639081
-3.23546e+06 0.000649081
-3.27928e+06 0.000659081
-3.3231e+06 0.000669081
-3.36693e+06 0.000679081
-3.41076e+06 0.000689081
-3.45459e+06 0.000699081
-3.49843e+06 0.000709081
-3.54227e+06 0.000719081
-3.58612e+06 0.000729081
-3.62997e+06 0.000739081
-3.67383e+06 0.000749081
-3.71769e+06 0.000759081
-3.76155e+06 0.000769081
-3.80542e+06 0.000779081
-3.84929e+06 0.000789081
-3.89317e+06 0.000799081
-3.93705e+06 0.000809081
-3.98094e+06 0.000819081
-4.02483e+06 0.000829081
-4.06872e+06 0.000839081
-4.11262e+06 0.000849081
-4.15652e+06 0.000859081
-4.20043e+06 0.000869081
-4.24434e+06 0.000879081
-4.28825e+06 0.000889081
-4.33217e+06 0.000899081
