0 -2.17975e-06
0 -4.24987e-05
0 -151533
-15 -151533
-30 -151533
-45 -151533
-60 -151533
-75 -151533
-90 -151533
-105 -151533
-120 -151533
-135 -151533
-150 -151533
-165 -151533
-180 -151533
-195 -151533
-210 -151533
-225 -151533
-240 -151533
-255 -151533
-270 -151533
-285 -151533
-300 -151533
-315 -151533
-330 -151533
-345 -151533
-360 -151533
-375 -151533
-390 -151533
-405 -151533
-420 -151533
-435 -151533
-450 -151533
-465 -151533
-480.001 -151533
-495.001 -151533
-510.001 -151533
-525.001 -151533
-540.001 -151533
-555.001 -151533
-570.001 -151533
-585.001 -151533
-600.001 -151533
-615.001 -151533
-630.001 -151533
-645.001 -151533
-660.001 -151533
-675.001 -151533
-690.001 -151533
-705.001 -151533
-720.001 -151533
-735.001 -151533
-750.001 -151533
-765.001 -151533
-780.001 -151533
-795.001 -151533
-810.002 -151533
-825.002 -151533
-840.002 -151533
-855.002 -151533
-870.002 -151533
-885.002 -151533
-900.002 -151533
-915.002 -151533
-930.002 -151533
-945.002 -151533
-960.002 -151533
-975.002 -151533
-990.002 -151533
-1005 -151533
-1020 -151533
-1035 -151533
-1050 -151533
-1065 -151533
-1080 -151533
-1095 -151533
-1110 -151533
-1125 -151533
-1140 -151533
-1155 -151533
-1170 -151533
-1185 -151533
-1200 -151533
-1215 -151533
-1230 -151533
-1245 -151533
-1260 -151533
-1275 -151533
-1290 -151533
-1305 -151533
-1320 -151533
-1335 -151533
-1350 -151533
-1365 -151533
-1380 -151533
-1395 -151533
-1410 -151533
-1425 -151533
-1440 -151533
-1455 -151533
-1470 -151533
-1485.01 -151533
-1500.01 -151533
