0 -1.59413e-07
0 1.3025e-05
0 -705006
-15 -705006
-30 -705006
-45 -705006
-60 -705006
-75 -705006
-90 -705006
-105 -705006
-120 -705006
-135 -705006
-150 -705006
-165 -705006
-180 -705006
-195 -705006
-210 -705006
-225 -705006
-240 -705006
-255 -705006
-270 -705006
-285 -705006
-300 -705006
-315 -705006
-330 -705006
-345 -705006
-360 -705006
-375 -705006
-390 -705006
-405 -705006
-420 -705006
-435 -705006
-450 -705006
-465 -705006
-480 -705006
-495 -705006
-510 -705006
-525 -705006
-540 -705006
-555 -705006
-570 -705006
-585 -705006
-600 -705006
-615 -705006
-630 -705006
-645 -705006
-660 -705006
-675 -705006
-690 -705006
-705 -705006
-720 -705006
-735 -705006
-750 -705006
-765 -705006
-780 -705006
-795 -705006
-810 -705006
-825 -705006
-840 -705006
-855 -705006
-870 -705006
-885 -705006
-900 -705006
-915 -705006
-930 -705006
-945 -705006
-960 -705006
-975.001 -705006
-990.001 -705006
-1005 -705006
-1020 -705006
-1035 -705006
-1050 -705006
-1065 -705006
-1080 -705006
-1095 -705006
-1110 -705006
-1125 -705006
-1140 -705006
-1155 -705006
-1170 -705006
-1185 -705006
-1200 -705006
-1215 -705006
-1230 -705006
-1245 -705006
-1260 -705006
-1275 -705006
-1290 -705006
-1305 -705006
-1320 -705006
-1335 -705006
-1350 -705006
-1365 -705006
-1380 -705006
-1395 -705006
-1410 -705006
-1425 -705006
-1440 -705006
-1455 -705006
-1470 -705006
-1485 -705006
-1500 -705006
