0 -4.91663e-07
0 5.8142e-05
0 -665991
-15 -665991
-30 -665991
-45 -665991
-60 -665991
-75 -665991
-90 -665991
-105 -665991
-120 -665991
-135 -665991
-150 -665991
-165 -665991
-180 -665991
-195 -665991
-210 -665991
-225 -665991
-240 -665991
-255 -665991
-270 -665991
-285 -665991
-300 -665991
-315 -665991
-330 -665991
-345 -665991
-360 -665991
-375 -665991
-390 -665991
-405 -665991
-420 -665991
-435 -665991
-450 -665991
-465 -665991
-480 -665991
-495 -665991
-510 -665991
-525 -665991
-540 -665991
-555 -665991
-570 -665991
-585 -665991
-600 -665991
-615 -665991
-630 -665991
-645 -665991
-660 -665991
-675 -665991
-690 -665991
-705 -665991
-720 -665991
-735 -665991
-750 -665991
-765 -665991
-780 -665991
-795 -665991
-810 -665991
-825 -665991
-840 -665991
-855 -665991
-870 -665991
-885 -665991
-900 -665991
-915 -665991
-930 -665991
-945 -665991
-960.001 -665991
-975.001 -665991
-990.001 -665991
-1005 -665991
-1020 -665991
-1035 -665991
-1050 -665991
-1065 -665991
-1080 -665991
-1095 -665991
-1110 -665991
-1125 -665991
-1140 -665991
-1155 -665991
-1170 -665991
-1185 -665991
-1200 -665991
-1215 -665991
-1230 -665991
-1245 -665991
-1260 -665991
-1275 -665991
-1290 -665991
-1305 -665991
-1320 -665991
-1335 -665991
-1350 -665991
-1365 -665991
-1380 -665991
-1395 -665991
-1410 -665991
-1425 -665991
-1440 -665991
-1455 -665991
-1470 -665991
-1485 -665991
-1500 -665991
