0 7.45058e-09
0 1.89109e+08
0 1.89109e+08
-1.06e+08 2.95109e+08
-1.15852e+08 3.0496e+08
-9.54264e+07 2.84535e+08
-5.7194e+07 2.46303e+08
-433866 1.89543e+08
9.09468e+07 9.8162e+07
1.01792e+09 0
1.01792e+09 0
1.01792e+09 0
1.01792e+09 0
1.01792e+09 0
1.01792e+09 0
1.01792e+09 0
1.01792e+09 0
1.01792e+09 0
1.01792e+09 0
1.01792e+09 0
1.01792e+09 0
1.01792e+09 0
1.01792e+09 0
1.01792e+09 0
1.01792e+09 0
1.01792e+09 0
1.01792e+09 0
1.01792e+09 0
1.01792e+09 0
1.01792e+09 0
1.01792e+09 0
1.01792e+09 0
1.01792e+09 0
1.01792e+09 0
1.01792e+09 0
1.01792e+09 0
1.01792e+09 0
1.01792e+09 0
1.01792e+09 0
1.01792e+09 0
1.01792e+09 0
1.01792e+09 0
1.01792e+09 0
1.01792e+09 0
1.01792e+09 0
1.01792e+09 0
1.01792e+09 0
1.01792e+09 0
1.01792e+09 0
1.01792e+09 0
1.01792e+09 0
1.01792e+09 0
1.01792e+09 0
1.01792e+09 0
1.01792e+09 0
1.01792e+09 0
1.01792e+09 0
1.01792e+09 0
1.01792e+09 0
1.01792e+09 0
1.01792e+09 0
1.01792e+09 0
1.01792e+09 0
1.01792e+09 0
1.01792e+09 0
1.01792e+09 0
1.01792e+09 0
1.01792e+09 0
1.01792e+09 0
1.01792e+09 0
1.01792e+09 0
1.01792e+09 0
1.01792e+09 0
1.01792e+09 0
1.01792e+09 0
1.01792e+09 0
1.01792e+09 0
1.01792e+09 0
1.01792e+09 0
1.01792e+09 0
1.01792e+09 0
1.01792e+09 0
1.01792e+09 0
1.01792e+09 0
1.01792e+09 0
1.01792e+09 0
1.01792e+09 0
1.01792e+09 0
1.01792e+09 0
1.01792e+09 0
1.01792e+09 0
1.01792e+09 0
1.01792e+09 0
1.01792e+09 0
1.01792e+09 0
1.01792e+09 0
1.01792e+09 0
1.01792e+09 0
1.01792e+09 0
1.01792e+09 0
1.01792e+09 0
1.01792e+09 0
1.01792e+09 0
