0 -1.97906e-08
0 1.60979e+07
0 2.62032e+07
-223.096 1.15821e+08
-448.341 1.65031e+08
-743.657 2.11909e+08
-1100.36 2.53347e+08
-1492.42 2.7794e+08
-1897.39 2.87999e+08
-2310.49 2.93955e+08
-2726.26 2.95974e+08
-3141.73 2.95939e+08
-3554.75 2.94402e+08
-3963.68 2.91734e+08
-4367.25 2.88189e+08
-4764.41 2.83931e+08
-5154.3 2.79071e+08
-5536.16 2.73694e+08
-5909.32 2.6787e+08
-6273.19 2.6164e+08
-6627.21 2.55034e+08
-6970.89 2.48085e+08
-7303.72 2.40804e+08
-7625.21 2.33183e+08
-7934.83 2.2521e+08
-8231.95 2.16822e+08
-8516.78 2.0856e+08
-8790.51 2.01049e+08
-9054.2 1.9422e+08
-9308.58 1.87916e+08
-9554.34 1.82084e+08
-9792.47 1.76887e+08
-10023.5 1.72072e+08
-10248 1.67614e+08
-10466.2 1.63426e+08
-10678.8 1.59606e+08
-10887.2 1.56782e+08
-11090.2 1.53101e+08
-11288.1 1.49698e+08
-11481.9 1.46796e+08
-11671.2 1.43902e+08
-11856.3 1.40943e+08
-12037.4 1.3836e+08
-12214.8 1.35769e+08
-12388.1 1.33025e+08
-12558 1.30778e+08
-12724.3 1.28241e+08
-12887 1.25959e+08
-13046.7 1.23806e+08
-13203 1.21586e+08
-13356.7 1.19759e+08
-13507.3 1.17716e+08
-13655.5 1.16073e+08
-13689.6 0
-13722.3 0
-13755 0
-13787.6 0
-13820.3 0
-13852.9 0
-13885.6 0
-13918.3 0
-13950.9 0
-13983.6 0
-14016.3 0
-14048.9 0
-14081.6 0
-14114.2 0
-14146.9 0
-14179.6 0
-14212.2 0
-14244.9 0
-14277.6 0
-14310.2 0
-14342.9 0
-14375.5 0
-14408.2 0
-14440.9 0
-14473.5 0
-14506.2 0
-14538.8 0
-14571.5 0
-14604.2 0
-14636.8 0
-14669.5 0
-14702.2 0
-14734.8 0
-14767.5 0
-14800.1 0
-14832.8 0
-14865.5 0
-14898.1 0
-14930.8 0
-14963.4 0
-14996.1 0
-15028.8 0
-15061.4 0
-15094.1 0
-15126.7 0
-15159.4 0
-15192.1 0
-15224.7 0
-15257.4 0
-15290.1 0
