0 -1.97469e-06
0 -3.12846e-05
0 -0.000195876
3.20885e+07 -0.000205876
6.73199e+07 -0.000215876
9.72449e+07 -0.000225876
1.22659e+08 -0.000235876
1.44323e+08 -0.000245876
1.64253e+08 -0.000255876
1.89633e+08 -0.000265876
2.25844e+08 -0.000275876
2.63341e+08 -0.000285876
2.987e+08 -0.000295876
3.31077e+08 -0.000305876
3.60534e+08 -0.000315876
4.76503e+08 -0.000325876
4.76503e+08 -0.000335876
4.76503e+08 -0.000345876
4.76503e+08 -0.000355876
4.76503e+08 -0.000365876
4.76503e+08 -0.000375876
4.76503e+08 -0.000385876
4.76503e+08 -0.000395876
4.76503e+08 -0.000405876
4.76503e+08 -0.000415876
4.76503e+08 -0.000425876
4.76503e+08 -0.000435876
4.76503e+08 -0.000445876
4.76503e+08 -0.000455876
4.76503e+08 -0.000465876
4.76503e+08 -0.000475876
4.76503e+08 -0.000485876
4.76503e+08 -0.000495876
4.76503e+08 -0.000505876
4.76503e+08 -0.000515876
4.76503e+08 -0.000525876
4.76503e+08 -0.000535876
4.76503e+08 -0.000545876
4.76503e+08 -0.000555876
4.76503e+08 -0.000565876
4.76503e+08 -0.000575876
4.76503e+08 -0.000585876
4.76503e+08 -0.000595876
4.76503e+08 -0.000605876
4.76503e+08 -0.000615876
4.76503e+08 -0.000625876
4.76503e+08 -0.000635876
4.76503e+08 -0.000645876
4.76503e+08 -0.000655876
4.76503e+08 -0.000665876
4.76503e+08 -0.000675876
4.76503e+08 -0.000685876
4.76503e+08 -0.000695876
4.76503e+08 -0.000705876
4.76503e+08 -0.000715876
4.76503e+08 -0.000725876
4.76503e+08 -0.000735876
4.76503e+08 -0.000745876
4.76503e+08 -0.000755876
4.76503e+08 -0.000765876
4.76503e+08 -0.000775876
4.76503e+08 -0.000785876
4.76503e+08 -0.000795876
4.76503e+08 -0.000805876
4.76503e+08 -0.000815876
4.76503e+08 -0.000825876
4.76503e+08 -0.000835876
4.76503e+08 -0.000845876
4.76503e+08 -0.000855876
4.76503e+08 -0.000865876
4.76503e+08 -0.000875876
4.76503e+08 -0.000885876
4.76503e+08 -0.000895876
4.76503e+08 -0.000905876
4.76503e+08 -0.000915876
4.76503e+08 -0.000925876
4.76503e+08 -0.000935876
4.76503e+08 -0.000945876
4.76503e+08 -0.000955876
4.76503e+08 -0.000965876
4.76503e+08 -0.000975876
4.76503e+08 -0.000985876
4.76503e+08 -0.000995876
4.76503e+08 -0.00100588
4.76503e+08 -0.00101588
4.76503e+08 -0.00102588
4.76503e+08 -0.00103588
4.76503e+08 -0.00104588
4.76503e+08 -0.00105588
4.76503e+08 -0.00106588
4.76503e+08 -0.00107588
4.76503e+08 -0.00108588
4.76503e+08 -0.00109588
4.76503e+08 -0.00110588
4.76503e+08 -0.00111588
4.76503e+08 -0.00112588
4.76503e+08 -0.00113588
4.76503e+08 -0.00114588
4.76503e+08 -0.00115588
4.76503e+08 -0.00116588
4.76503e+08 -0.00117588
4.76503e+08 -0.00118588
4.76503e+08 -0.00119588
