0 -7.23812e-08
0 8.27855e+07
0 8.27855e+07
-1.76164e+08 1.26409e+08
8.59718e+08 0
8.59718e+08 0
8.59718e+08 0
8.59718e+08 0
8.59718e+08 0
8.59718e+08 0
8.59718e+08 0
8.59718e+08 0
8.59718e+08 0
8.59718e+08 0
8.59718e+08 0
8.59718e+08 0
8.59718e+08 0
8.59718e+08 0
8.59718e+08 0
8.59718e+08 0
8.59718e+08 0
8.59718e+08 0
8.59718e+08 0
8.59718e+08 0
8.59718e+08 0
8.59718e+08 0
8.59718e+08 0
8.59718e+08 0
8.59718e+08 0
8.59718e+08 0
8.59718e+08 0
8.59718e+08 0
8.59718e+08 0
8.59718e+08 0
8.59718e+08 0
8.59718e+08 0
8.59718e+08 0
8.59718e+08 0
8.59718e+08 0
8.59718e+08 0
8.59718e+08 0
8.59718e+08 0
8.59718e+08 0
8.59718e+08 0
8.59718e+08 0
8.59718e+08 0
8.59718e+08 0
8.59718e+08 0
8.59718e+08 0
8.59718e+08 0
8.59718e+08 0
8.59718e+08 0
8.59718e+08 0
8.59718e+08 0
8.59718e+08 0
8.59718e+08 0
8.59718e+08 0
8.59718e+08 0
8.59718e+08 0
8.59718e+08 0
8.59718e+08 0
8.59718e+08 0
8.59718e+08 0
8.59718e+08 0
8.59718e+08 0
8.59718e+08 0
8.59718e+08 0
8.59718e+08 0
8.59718e+08 0
8.59718e+08 0
8.59718e+08 0
8.59718e+08 0
8.59718e+08 0
8.59718e+08 0
8.59718e+08 0
8.59718e+08 0
8.59718e+08 0
8.59718e+08 0
8.59718e+08 0
8.59718e+08 0
8.59718e+08 0
8.59718e+08 0
8.59718e+08 0
8.59718e+08 0
8.59718e+08 0
8.59718e+08 0
8.59718e+08 0
8.59718e+08 0
8.59718e+08 0
8.59718e+08 0
8.59718e+08 0
8.59718e+08 0
8.59718e+08 0
8.59718e+08 0
8.59718e+08 0
8.59718e+08 0
8.59718e+08 0
8.59718e+08 0
8.59718e+08 0
8.59718e+08 0
8.59718e+08 0
8.59718e+08 0
8.59718e+08 0
