0 -3.16509e-06
0 4.0214e-05
0 -712369
-15 -712369
-30 -712369
-45 -712369
-60 -712369
-75 -712369
-90 -712369
-105 -712369
-120 -712369
-135 -712369
-150 -712369
-165 -712369
-180 -712369
-195 -712369
-210 -712369
-225 -712369
-240 -712369
-255 -712369
-270 -712369
-285 -712369
-300 -712369
-315 -712369
-330 -712369
-345 -712369
-360 -712369
-375 -712369
-390 -712369
-405 -712369
-420 -712369
-435 -712369
-450 -712369
-465 -712369
-480 -712369
-495 -712369
-510 -712369
-525 -712369
-540 -712369
-555 -712369
-570 -712369
-585 -712369
-600 -712369
-615 -712369
-630 -712369
-645 -712369
-660 -712369
-675 -712369
-690 -712369
-705 -712369
-720 -712369
-735 -712369
-750 -712369
-765 -712369
-780 -712369
-795 -712369
-810 -712369
-825 -712369
-840 -712369
-855 -712369
-870 -712369
-885 -712369
-900 -712369
-915 -712369
-930 -712369
-945 -712369
-960 -712369
-975 -712369
-990 -712369
-1005 -712369
-1020 -712369
-1035 -712369
-1050 -712369
-1065 -712369
-1080 -712369
-1095 -712369
-1110 -712369
-1125 -712369
-1140 -712369
-1155 -712369
-1170 -712369
-1185 -712369
-1200 -712369
-1215 -712369
-1230 -712369
-1245 -712369
-1260 -712369
-1275 -712369
-1290 -712369
-1305 -712369
-1320 -712369
-1335 -712369
-1350 -712369
-1365 -712369
-1380 -712369
-1395 -712369
-1410 -712369
-1425 -712369
-1440 -712369
-1455 -712369
-1470 -712369
-1485 -712369
-1500 -712369
