0 3.81842e-08
0 -1.80321e+08
0 -1.80321e+08
1.28962e+08 -3.09283e+08
1.46578e+08 -3.26899e+08
1.3424e+08 -3.14561e+08
1.05681e+08 -2.86001e+08
5.98264e+07 -2.40147e+08
-1.80778e+07 -1.62243e+08
-2.08025e+08 3.57347e+07
4.55351e+08 0
4.55351e+08 0
4.55351e+08 0
4.55351e+08 0
4.55351e+08 0
4.55351e+08 0
4.55351e+08 0
4.55351e+08 0
4.55351e+08 0
4.55351e+08 0
4.55351e+08 0
4.55351e+08 0
4.55351e+08 0
4.55351e+08 0
4.55351e+08 0
4.55351e+08 0
4.55351e+08 0
4.55351e+08 0
4.55351e+08 0
4.55351e+08 0
4.55351e+08 0
4.55351e+08 0
4.55351e+08 0
4.55351e+08 0
4.55351e+08 0
4.55351e+08 0
4.55351e+08 0
4.55351e+08 0
4.55351e+08 0
4.55351e+08 0
4.55351e+08 0
4.55351e+08 0
4.55351e+08 0
4.55351e+08 0
4.55351e+08 0
4.55351e+08 0
4.55351e+08 0
4.55351e+08 0
4.55351e+08 0
4.55351e+08 0
4.55351e+08 0
4.55351e+08 0
4.55351e+08 0
4.55351e+08 0
4.55351e+08 0
4.55351e+08 0
4.55351e+08 0
4.55351e+08 0
4.55351e+08 0
4.55351e+08 0
4.55351e+08 0
4.55351e+08 0
4.55351e+08 0
4.55351e+08 0
4.55351e+08 0
4.55351e+08 0
4.55351e+08 0
4.55351e+08 0
4.55351e+08 0
4.55351e+08 0
4.55351e+08 0
4.55351e+08 0
4.55351e+08 0
4.55351e+08 0
4.55351e+08 0
4.55351e+08 0
4.55351e+08 0
4.55351e+08 0
4.55351e+08 0
4.55351e+08 0
4.55351e+08 0
4.55351e+08 0
4.55351e+08 0
4.55351e+08 0
4.55351e+08 0
4.55351e+08 0
4.55351e+08 0
4.55351e+08 0
4.55351e+08 0
4.55351e+08 0
4.55351e+08 0
4.55351e+08 0
4.55351e+08 0
4.55351e+08 0
4.55351e+08 0
4.55351e+08 0
4.55351e+08 0
4.55351e+08 0
4.55351e+08 0
4.55351e+08 0
4.55351e+08 0
4.55351e+08 0
4.55351e+08 0
