0 -5.40167e-08
0 1.9162e+08
0 1.2192e+08
9.07345 1.0349e+08
-62.1285 0
-154.449 0
-246.77 0
-339.09 0
-431.411 0
-523.731 0
-616.052 0
-708.372 0
-800.693 0
-893.013 0
-985.334 0
-1077.65 0
-1169.98 0
-1262.3 0
-1354.62 0
-1446.94 0
-1539.26 0
-1631.58 0
-1723.9 0
-1816.22 0
-1908.54 0
-2000.86 0
-2093.18 0
-2185.5 0
-2277.82 0
-2370.14 0
-2462.46 0
-2554.78 0
-2647.11 0
-2739.43 0
-2831.75 0
-2924.07 0
-3016.39 0
-3108.71 0
-3201.03 0
-3293.35 0
-3385.67 0
-3477.99 0
-3570.31 0
-3662.63 0
-3754.95 0
-3847.28 0
-3939.6 0
-4031.92 0
-4124.24 0
-4216.56 0
-4308.88 0
-4401.2 0
-4493.52 0
-4585.84 0
-4678.16 0
-4770.48 0
-4862.8 0
-4955.13 0
-5047.45 0
-5139.77 0
-5232.09 0
-5324.41 0
-5416.73 0
-5509.05 0
-5601.37 0
-5693.69 0
-5786.01 0
-5878.33 0
-5970.66 0
-6062.98 0
-6155.3 0
-6247.62 0
-6339.94 0
-6432.26 0
-6524.58 0
-6616.9 0
-6709.22 0
-6801.55 0
-6893.87 0
-6986.19 0
-7078.51 0
-7170.83 0
-7263.15 0
-7355.47 0
-7447.79 0
-7540.11 0
-7632.43 0
-7724.76 0
-7817.08 0
-7909.4 0
-8001.72 0
-8094.04 0
-8186.36 0
-8278.68 0
-8371 0
-8463.33 0
-8555.65 0
-8647.97 0
-8740.29 0
-8832.61 0
-8924.93 0
-9017.25 0
-9109.57 0
