0 -4.78745e-06
0 1.0153e-05
0 6.57067e-06
1.44317e+08 1.65707e-05
2.14711e+08 2.65707e-05
2.26351e+08 3.65707e-05
2.15041e+08 4.65707e-05
1.90553e+08 5.65707e-05
1.52296e+08 6.65707e-05
9.40049e+07 7.65707e-05
-1.33205e+07 8.65707e-05
7.12008e+08 9.65707e-05
7.12008e+08 0.000106571
7.12008e+08 0.000116571
7.12008e+08 0.000126571
7.12008e+08 0.000136571
7.12008e+08 0.000146571
7.12008e+08 0.000156571
7.12008e+08 0.000166571
7.12008e+08 0.000176571
7.12008e+08 0.000186571
7.12008e+08 0.000196571
7.12008e+08 0.000206571
7.12008e+08 0.000216571
7.12008e+08 0.000226571
7.12008e+08 0.000236571
7.12008e+08 0.000246571
7.12008e+08 0.000256571
7.12008e+08 0.000266571
7.12008e+08 0.000276571
7.12008e+08 0.000286571
7.12008e+08 0.000296571
7.12008e+08 0.000306571
7.12008e+08 0.000316571
7.12008e+08 0.000326571
7.12008e+08 0.000336571
7.12008e+08 0.000346571
7.12008e+08 0.000356571
7.12008e+08 0.000366571
7.12008e+08 0.000376571
7.12008e+08 0.000386571
7.12008e+08 0.000396571
7.12008e+08 0.000406571
7.12008e+08 0.000416571
7.12008e+08 0.000426571
7.12008e+08 0.000436571
7.12008e+08 0.000446571
7.12008e+08 0.000456571
7.12008e+08 0.000466571
7.12008e+08 0.000476571
7.12008e+08 0.000486571
7.12008e+08 0.000496571
7.12008e+08 0.000506571
7.12008e+08 0.000516571
7.12008e+08 0.000526571
7.12008e+08 0.000536571
7.12008e+08 0.000546571
7.12008e+08 0.000556571
7.12008e+08 0.000566571
7.12008e+08 0.000576571
7.12008e+08 0.000586571
7.12008e+08 0.000596571
7.12008e+08 0.000606571
7.12008e+08 0.000616571
7.12008e+08 0.000626571
7.12008e+08 0.000636571
7.12008e+08 0.000646571
7.12008e+08 0.000656571
7.12008e+08 0.000666571
7.12008e+08 0.000676571
7.12008e+08 0.000686571
7.12008e+08 0.000696571
7.12008e+08 0.000706571
7.12008e+08 0.000716571
7.12008e+08 0.000726571
7.12008e+08 0.000736571
7.12008e+08 0.000746571
7.12008e+08 0.000756571
7.12008e+08 0.000766571
7.12008e+08 0.000776571
7.12008e+08 0.000786571
7.12008e+08 0.000796571
7.12008e+08 0.000806571
7.12008e+08 0.000816571
7.12008e+08 0.000826571
7.12008e+08 0.000836571
7.12008e+08 0.000846571
7.12008e+08 0.000856571
7.12008e+08 0.000866571
7.12008e+08 0.000876571
7.12008e+08 0.000886571
7.12008e+08 0.000896571
7.12008e+08 0.000906571
7.12008e+08 0.000916571
7.12008e+08 0.000926571
7.12008e+08 0.000936571
7.12008e+08 0.000946571
7.12008e+08 0.000956571
7.12008e+08 0.000966571
7.12008e+08 0.000976571
7.12008e+08 0.000986571
7.12008e+08 0.000996571
7.12008e+08 0.00100657
