0 -2.56444e-06
0 -1.48293e-05
0 -9.07378e-06
-1.25988e+08 -1.90738e-05
-1.40784e+08 -2.90738e-05
-1.0357e+08 -3.90738e-05
-3.41779e+07 -4.90738e-05
9.93776e+07 -5.90738e-05
-1.85914e+07 -6.90738e-05
8.25265e+08 -7.90738e-05
8.25265e+08 -8.90738e-05
8.25265e+08 -9.90738e-05
8.25265e+08 -0.000109074
8.25265e+08 -0.000119074
8.25265e+08 -0.000129074
8.25265e+08 -0.000139074
8.25265e+08 -0.000149074
8.25265e+08 -0.000159074
8.25265e+08 -0.000169074
8.25265e+08 -0.000179074
8.25265e+08 -0.000189074
8.25265e+08 -0.000199074
8.25265e+08 -0.000209074
8.25265e+08 -0.000219074
8.25265e+08 -0.000229074
8.25265e+08 -0.000239074
8.25265e+08 -0.000249074
8.25265e+08 -0.000259074
8.25265e+08 -0.000269074
8.25265e+08 -0.000279074
8.25265e+08 -0.000289074
8.25265e+08 -0.000299074
8.25265e+08 -0.000309074
8.25265e+08 -0.000319074
8.25265e+08 -0.000329074
8.25265e+08 -0.000339074
8.25265e+08 -0.000349074
8.25265e+08 -0.000359074
8.25265e+08 -0.000369074
8.25265e+08 -0.000379074
8.25265e+08 -0.000389074
8.25265e+08 -0.000399074
8.25265e+08 -0.000409074
8.25265e+08 -0.000419074
8.25265e+08 -0.000429074
8.25265e+08 -0.000439074
8.25265e+08 -0.000449074
8.25265e+08 -0.000459074
8.25265e+08 -0.000469074
8.25265e+08 -0.000479074
8.25265e+08 -0.000489074
8.25265e+08 -0.000499074
8.25265e+08 -0.000509074
8.25265e+08 -0.000519074
8.25265e+08 -0.000529074
8.25265e+08 -0.000539074
8.25265e+08 -0.000549074
8.25265e+08 -0.000559074
8.25265e+08 -0.000569074
8.25265e+08 -0.000579074
8.25265e+08 -0.000589074
8.25265e+08 -0.000599074
8.25265e+08 -0.000609074
8.25265e+08 -0.000619074
8.25265e+08 -0.000629074
8.25265e+08 -0.000639074
8.25265e+08 -0.000649074
8.25265e+08 -0.000659074
8.25265e+08 -0.000669074
8.25265e+08 -0.000679074
8.25265e+08 -0.000689074
8.25265e+08 -0.000699074
8.25265e+08 -0.000709074
8.25265e+08 -0.000719074
8.25265e+08 -0.000729074
8.25265e+08 -0.000739074
8.25265e+08 -0.000749074
8.25265e+08 -0.000759074
8.25265e+08 -0.000769074
8.25265e+08 -0.000779074
8.25265e+08 -0.000789074
8.25265e+08 -0.000799074
8.25265e+08 -0.000809074
8.25265e+08 -0.000819074
8.25265e+08 -0.000829074
8.25265e+08 -0.000839074
8.25265e+08 -0.000849074
8.25265e+08 -0.000859074
8.25265e+08 -0.000869074
8.25265e+08 -0.000879074
8.25265e+08 -0.000889074
8.25265e+08 -0.000899074
8.25265e+08 -0.000909074
8.25265e+08 -0.000919074
8.25265e+08 -0.000929074
8.25265e+08 -0.000939074
8.25265e+08 -0.000949074
8.25265e+08 -0.000959074
8.25265e+08 -0.000969074
8.25265e+08 -0.000979074
8.25265e+08 -0.000989074
8.25265e+08 -0.000999074
8.25265e+08 -0.00100907
