0 1.79036e-07
0 1.79036e-07
0 -2.42562e-06
-1.08792e+08 -1.24256e-05
-8.70556e+07 -2.24256e-05
9.18192e+08 -3.24256e-05
9.18192e+08 -4.24256e-05
9.18192e+08 -5.24256e-05
9.18192e+08 -6.24256e-05
9.18192e+08 -7.24256e-05
9.18192e+08 -8.24256e-05
9.18192e+08 -9.24256e-05
9.18192e+08 -0.000102426
9.18192e+08 -0.000112426
9.18192e+08 -0.000122426
9.18192e+08 -0.000132426
9.18192e+08 -0.000142426
9.18192e+08 -0.000152426
9.18192e+08 -0.000162426
9.18192e+08 -0.000172426
9.18192e+08 -0.000182426
9.18192e+08 -0.000192426
9.18192e+08 -0.000202426
9.18192e+08 -0.000212426
9.18192e+08 -0.000222426
9.18192e+08 -0.000232426
9.18192e+08 -0.000242426
9.18192e+08 -0.000252426
9.18192e+08 -0.000262426
9.18192e+08 -0.000272426
9.18192e+08 -0.000282426
9.18192e+08 -0.000292426
9.18192e+08 -0.000302426
9.18192e+08 -0.000312426
9.18192e+08 -0.000322426
9.18192e+08 -0.000332426
9.18192e+08 -0.000342426
9.18192e+08 -0.000352426
9.18192e+08 -0.000362426
9.18192e+08 -0.000372426
9.18192e+08 -0.000382426
9.18192e+08 -0.000392426
9.18192e+08 -0.000402426
9.18192e+08 -0.000412426
9.18192e+08 -0.000422426
9.18192e+08 -0.000432426
9.18192e+08 -0.000442426
9.18192e+08 -0.000452426
9.18192e+08 -0.000462426
9.18192e+08 -0.000472426
9.18192e+08 -0.000482426
9.18192e+08 -0.000492426
9.18192e+08 -0.000502426
9.18192e+08 -0.000512426
9.18192e+08 -0.000522426
9.18192e+08 -0.000532426
9.18192e+08 -0.000542426
9.18192e+08 -0.000552426
9.18192e+08 -0.000562426
9.18192e+08 -0.000572426
9.18192e+08 -0.000582426
9.18192e+08 -0.000592426
9.18192e+08 -0.000602426
9.18192e+08 -0.000612426
9.18192e+08 -0.000622426
9.18192e+08 -0.000632426
9.18192e+08 -0.000642426
9.18192e+08 -0.000652426
9.18192e+08 -0.000662426
9.18192e+08 -0.000672426
9.18192e+08 -0.000682426
9.18192e+08 -0.000692426
9.18192e+08 -0.000702426
9.18192e+08 -0.000712426
9.18192e+08 -0.000722426
9.18192e+08 -0.000732426
9.18192e+08 -0.000742426
9.18192e+08 -0.000752426
9.18192e+08 -0.000762426
9.18192e+08 -0.000772426
9.18192e+08 -0.000782426
9.18192e+08 -0.000792426
9.18192e+08 -0.000802426
9.18192e+08 -0.000812426
9.18192e+08 -0.000822426
9.18192e+08 -0.000832426
9.18192e+08 -0.000842426
9.18192e+08 -0.000852426
9.18192e+08 -0.000862426
9.18192e+08 -0.000872426
9.18192e+08 -0.000882426
9.18192e+08 -0.000892426
9.18192e+08 -0.000902426
9.18192e+08 -0.000912426
9.18192e+08 -0.000922426
9.18192e+08 -0.000932426
9.18192e+08 -0.000942426
9.18192e+08 -0.000952426
9.18192e+08 -0.000962426
9.18192e+08 -0.000972426
9.18192e+08 -0.000982426
9.18192e+08 -0.000992426
9.18192e+08 -0.00100243
