0 7.35745e-08
0 -1.89489e+08
0 -1.89489e+08
1.23815e+08 -3.13304e+08
1.62685e+08 -3.52173e+08
1.66059e+08 -3.55547e+08
1.57881e+08 -3.4737e+08
1.42833e+08 -3.32322e+08
1.20542e+08 -3.1003e+08
8.90954e+07 -2.78584e+08
4.19287e+07 -2.31417e+08
-4.90928e+07 -1.40396e+08
5.34642e+08 0
5.34642e+08 0
5.34642e+08 0
5.34642e+08 0
5.34642e+08 0
5.34642e+08 0
5.34642e+08 0
5.34642e+08 0
5.34642e+08 0
5.34642e+08 0
5.34642e+08 0
5.34642e+08 0
5.34642e+08 0
5.34642e+08 0
5.34642e+08 0
5.34642e+08 0
5.34642e+08 0
5.34642e+08 0
5.34642e+08 0
5.34642e+08 0
5.34642e+08 0
5.34642e+08 0
5.34642e+08 0
5.34642e+08 0
5.34642e+08 0
5.34642e+08 0
5.34642e+08 0
5.34642e+08 0
5.34642e+08 0
5.34642e+08 0
5.34642e+08 0
5.34642e+08 0
5.34642e+08 0
5.34642e+08 0
5.34642e+08 0
5.34642e+08 0
5.34642e+08 0
5.34642e+08 0
5.34642e+08 0
5.34642e+08 0
5.34642e+08 0
5.34642e+08 0
5.34642e+08 0
5.34642e+08 0
5.34642e+08 0
5.34642e+08 0
5.34642e+08 0
5.34642e+08 0
5.34642e+08 0
5.34642e+08 0
5.34642e+08 0
5.34642e+08 0
5.34642e+08 0
5.34642e+08 0
5.34642e+08 0
5.34642e+08 0
5.34642e+08 0
5.34642e+08 0
5.34642e+08 0
5.34642e+08 0
5.34642e+08 0
5.34642e+08 0
5.34642e+08 0
5.34642e+08 0
5.34642e+08 0
5.34642e+08 0
5.34642e+08 0
5.34642e+08 0
5.34642e+08 0
5.34642e+08 0
5.34642e+08 0
5.34642e+08 0
5.34642e+08 0
5.34642e+08 0
5.34642e+08 0
5.34642e+08 0
5.34642e+08 0
5.34642e+08 0
5.34642e+08 0
5.34642e+08 0
5.34642e+08 0
5.34642e+08 0
5.34642e+08 0
5.34642e+08 0
5.34642e+08 0
5.34642e+08 0
5.34642e+08 0
5.34642e+08 0
5.34642e+08 0
5.34642e+08 0
5.34642e+08 0
