0 -1.03233e-06
0 9.79543e-05
0 -45904.5
-15 -45904.5
-30 -45904.5
-45 -45904.5
-60 -45904.5
-75 -45904.5
-90 -45904.5
-105 -45904.5
-120 -45904.5
-135 -45904.5
-150 -45904.5
-165 -45904.5
-180 -45904.5
-195 -45904.5
-210 -45904.5
-225 -45904.5
-240 -45904.5
-255 -45904.5
-270 -45904.5
-285 -45904.5
-300 -45904.5
-315 -45904.5
-330.001 -45904.5
-345.001 -45904.5
-360.001 -45904.5
-375.001 -45904.5
-390.001 -45904.5
-405.001 -45904.5
-420.001 -45904.5
-435.001 -45904.5
-450.001 -45904.5
-465.001 -45904.5
-480.001 -45904.5
-495.001 -45904.5
-510.001 -45904.5
-525.001 -45904.5
-540.001 -45904.5
-555.001 -45904.5
-570.002 -45904.5
-585.002 -45904.5
-600.002 -45904.5
-615.002 -45904.5
-630.002 -45904.5
-645.002 -45904.5
-660.002 -45904.5
-675.002 -45904.5
-690.002 -45904.5
-705.002 -45904.5
-720.002 -45904.5
-735.003 -45904.5
-750.003 -45904.5
-765.003 -45904.5
-780.003 -45904.5
-795.003 -45904.5
-810.003 -45904.5
-825.003 -45904.5
-840.003 -45904.5
-855.003 -45904.5
-870.004 -45904.5
-885.004 -45904.5
-900.004 -45904.5
-915.004 -45904.5
-930.004 -45904.5
-945.004 -45904.5
-960.004 -45904.5
-975.004 -45904.5
-990.005 -45904.5
-1005 -45904.5
-1020 -45904.5
-1035.01 -45904.5
-1050.01 -45904.5
-1065.01 -45904.5
-1080.01 -45904.5
-1095.01 -45904.5
-1110.01 -45904.5
-1125.01 -45904.5
-1140.01 -45904.5
-1155.01 -45904.5
-1170.01 -45904.5
-1185.01 -45904.5
-1200.01 -45904.5
-1215.01 -45904.5
-1230.01 -45904.5
-1245.01 -45904.5
-1260.01 -45904.5
-1275.01 -45904.5
-1290.01 -45904.5
-1305.01 -45904.5
-1320.01 -45904.5
-1335.01 -45904.5
-1350.01 -45904.5
-1365.01 -45904.5
-1380.01 -45904.5
-1395.01 -45904.5
-1410.01 -45904.5
-1425.01 -45904.5
-1440.01 -45904.5
-1455.01 -45904.5
-1470.01 -45904.5
-1485.01 -45904.5
-1500.01 -45904.5
