0 4.0516e-06
0 -1.16439e-06
0 9.68575e-08
9.61243e+07 -6.86108e+07
6.33615e+08 0
6.33615e+08 0
6.33615e+08 0
6.33615e+08 0
6.33615e+08 0
6.33615e+08 0
6.33615e+08 0
6.33615e+08 0
6.33615e+08 0
6.33615e+08 0
6.33615e+08 0
6.33615e+08 0
6.33615e+08 0
6.33615e+08 0
6.33615e+08 0
6.33615e+08 0
6.33615e+08 0
6.33615e+08 0
6.33615e+08 0
6.33615e+08 0
6.33615e+08 0
6.33615e+08 0
6.33615e+08 0
6.33615e+08 0
6.33615e+08 0
6.33615e+08 0
6.33615e+08 0
6.33615e+08 0
6.33615e+08 0
6.33615e+08 0
6.33615e+08 0
6.33615e+08 0
6.33615e+08 0
6.33615e+08 0
6.33615e+08 0
6.33615e+08 0
6.33615e+08 0
6.33615e+08 0
6.33615e+08 0
6.33615e+08 0
6.33615e+08 0
6.33615e+08 0
6.33615e+08 0
6.33615e+08 0
6.33615e+08 0
6.33615e+08 0
6.33615e+08 0
6.33615e+08 0
6.33615e+08 0
6.33615e+08 0
6.33615e+08 0
6.33615e+08 0
6.33615e+08 0
6.33615e+08 0
6.33615e+08 0
6.33615e+08 0
6.33615e+08 0
6.33615e+08 0
6.33615e+08 0
6.33615e+08 0
6.33615e+08 0
6.33615e+08 0
6.33615e+08 0
6.33615e+08 0
6.33615e+08 0
6.33615e+08 0
6.33615e+08 0
6.33615e+08 0
6.33615e+08 0
6.33615e+08 0
6.33615e+08 0
6.33615e+08 0
6.33615e+08 0
6.33615e+08 0
6.33615e+08 0
6.33615e+08 0
6.33615e+08 0
6.33615e+08 0
6.33615e+08 0
6.33615e+08 0
6.33615e+08 0
6.33615e+08 0
6.33615e+08 0
6.33615e+08 0
6.33615e+08 0
6.33615e+08 0
6.33615e+08 0
6.33615e+08 0
6.33615e+08 0
6.33615e+08 0
6.33615e+08 0
6.33615e+08 0
6.33615e+08 0
6.33615e+08 0
6.33615e+08 0
6.33615e+08 0
6.33615e+08 0
6.33615e+08 0
6.33615e+08 0
