0 -1.32346e-06
0 7.6241e-05
0 -739196
-15 -739196
-30 -739196
-45 -739196
-60 -739196
-75 -739196
-90 -739196
-105 -739196
-120 -739196
-135 -739196
-150 -739196
-165 -739196
-180 -739196
-195 -739196
-210 -739196
-225 -739196
-240 -739196
-255 -739196
-270 -739196
-285 -739196
-300 -739196
-315 -739196
-330 -739196
-345 -739196
-360 -739196
-375 -739196
-390 -739196
-405 -739196
-420 -739196
-435 -739196
-450 -739196
-465 -739196
-480 -739196
-495 -739196
-510 -739196
-525 -739196
-540 -739196
-555 -739196
-570 -739196
-585 -739196
-600 -739196
-615 -739196
-630 -739196
-645 -739196
-660 -739196
-675 -739196
-690 -739196
-705 -739196
-720 -739196
-735 -739196
-750 -739196
-765 -739196
-780 -739196
-795 -739196
-810 -739196
-825 -739196
-840 -739196
-855 -739196
-870 -739196
-885 -739196
-900 -739196
-915 -739196
-930 -739196
-945 -739196
-960 -739196
-975 -739196
-990 -739196
-1005 -739196
-1020 -739196
-1035 -739196
-1050 -739196
-1065 -739196
-1080 -739196
-1095 -739196
-1110 -739196
-1125 -739196
-1140 -739196
-1155 -739196
-1170 -739196
-1185 -739196
-1200 -739196
-1215 -739196
-1230 -739196
-1245 -739196
-1260 -739196
-1275 -739196
-1290 -739196
-1305 -739196
-1320 -739196
-1335 -739196
-1350 -739196
-1365 -739196
-1380 -739196
-1395 -739196
-1410 -739196
-1425 -739196
-1440 -739196
-1455 -739196
-1470 -739196
-1485 -739196
-1500 -739196
