0 -5.94933e-07
0 -5.82571e-05
0 -89746.3
-15 -89746.3
-30 -89746.3
-45 -89746.3
-60 -89746.3
-75 -89746.3
-90 -89746.3
-105 -89746.3
-120 -89746.3
-135 -89746.3
-150 -89746.3
-165 -89746.3
-180 -89746.3
-195 -89746.3
-210 -89746.3
-225 -89746.3
-240 -89746.3
-255 -89746.3
-270 -89746.3
-285 -89746.3
-300 -89746.3
-315 -89746.3
-330 -89746.3
-345 -89746.3
-360 -89746.3
-375 -89746.3
-390 -89746.3
-405 -89746.3
-420 -89746.3
-435.001 -89746.3
-450.001 -89746.3
-465.001 -89746.3
-480.001 -89746.3
-495.001 -89746.3
-510.001 -89746.3
-525.001 -89746.3
-540.001 -89746.3
-555.001 -89746.3
-570.001 -89746.3
-585.001 -89746.3
-600.001 -89746.3
-615.001 -89746.3
-630.001 -89746.3
-645.001 -89746.3
-660.001 -89746.3
-675.001 -89746.3
-690.001 -89746.3
-705.001 -89746.3
-720.001 -89746.3
-735.001 -89746.3
-750.002 -89746.3
-765.002 -89746.3
-780.002 -89746.3
-795.002 -89746.3
-810.002 -89746.3
-825.002 -89746.3
-840.002 -89746.3
-855.002 -89746.3
-870.002 -89746.3
-885.002 -89746.3
-900.002 -89746.3
-915.002 -89746.3
-930.002 -89746.3
-945.002 -89746.3
-960.003 -89746.3
-975.003 -89746.3
-990.003 -89746.3
-1005 -89746.3
-1020 -89746.3
-1035 -89746.3
-1050 -89746.3
-1065 -89746.3
-1080 -89746.3
-1095 -89746.3
-1110 -89746.3
-1125 -89746.3
-1140 -89746.3
-1155 -89746.3
-1170 -89746.3
-1185 -89746.3
-1200 -89746.3
-1215 -89746.3
-1230 -89746.3
-1245 -89746.3
-1260 -89746.3
-1275 -89746.3
-1290 -89746.3
-1305 -89746.3
-1320 -89746.3
-1335 -89746.3
-1350 -89746.3
-1365.01 -89746.3
-1380.01 -89746.3
-1395.01 -89746.3
-1410.01 -89746.3
-1425.01 -89746.3
-1440.01 -89746.3
-1455.01 -89746.3
-1470.01 -89746.3
-1485.01 -89746.3
-1500.01 -89746.3
