0 -9.80856e-07
0 5.8689e-05
0 -96534.1
-15 -96534.1
-30 -96534.1
-45 -96534.1
-60 -96534.1
-75 -96534.1
-90 -96534.1
-105 -96534.1
-120 -96534.1
-135 -96534.1
-150 -96534.1
-165 -96534.1
-180 -96534.1
-195 -96534.1
-210 -96534.1
-225 -96534.1
-240 -96534.1
-255 -96534.1
-270 -96534.1
-285 -96534.1
-300 -96534.1
-315 -96534.1
-330 -96534.1
-345 -96534.1
-360 -96534.1
-375 -96534.1
-390 -96534.1
-405 -96534.1
-420 -96534.1
-435.001 -96534.1
-450.001 -96534.1
-465.001 -96534.1
-480.001 -96534.1
-495.001 -96534.1
-510.001 -96534.1
-525.001 -96534.1
-540.001 -96534.1
-555.001 -96534.1
-570.001 -96534.1
-585.001 -96534.1
-600.001 -96534.1
-615.001 -96534.1
-630.001 -96534.1
-645.001 -96534.1
-660.001 -96534.1
-675.001 -96534.1
-690.001 -96534.1
-705.001 -96534.1
-720.001 -96534.1
-735.001 -96534.1
-750.002 -96534.1
-765.002 -96534.1
-780.002 -96534.1
-795.002 -96534.1
-810.002 -96534.1
-825.002 -96534.1
-840.002 -96534.1
-855.002 -96534.1
-870.002 -96534.1
-885.002 -96534.1
-900.002 -96534.1
-915.002 -96534.1
-930.002 -96534.1
-945.002 -96534.1
-960.002 -96534.1
-975.003 -96534.1
-990.003 -96534.1
-1005 -96534.1
-1020 -96534.1
-1035 -96534.1
-1050 -96534.1
-1065 -96534.1
-1080 -96534.1
-1095 -96534.1
-1110 -96534.1
-1125 -96534.1
-1140 -96534.1
-1155 -96534.1
-1170 -96534.1
-1185 -96534.1
-1200 -96534.1
-1215 -96534.1
-1230 -96534.1
-1245 -96534.1
-1260 -96534.1
-1275 -96534.1
-1290 -96534.1
-1305 -96534.1
-1320 -96534.1
-1335 -96534.1
-1350 -96534.1
-1365.01 -96534.1
-1380.01 -96534.1
-1395.01 -96534.1
-1410.01 -96534.1
-1425.01 -96534.1
-1440.01 -96534.1
-1455.01 -96534.1
-1470.01 -96534.1
-1485.01 -96534.1
-1500.01 -96534.1
