0 -7.40401e-08
0 4.98985e+07
0 4.98985e+07
-1.63136e+08 2.13034e+08
-2.24387e+08 2.74285e+08
-2.51512e+08 3.0141e+08
-2.65619e+08 3.15517e+08
-2.72973e+08 3.22872e+08
-2.75918e+08 3.25817e+08
-2.75343e+08 3.25241e+08
-2.71312e+08 3.2121e+08
-2.64857e+08 3.14755e+08
-2.55772e+08 3.0567e+08
-2.43537e+08 2.93436e+08
-2.24339e+08 2.74237e+08
-1.94169e+08 2.44068e+08
-1.3371e+08 1.83609e+08
-5.77967e+07 1.07695e+08
2.0421e+06 4.78564e+07
6.85778e+07 -1.86793e+07
1.56189e+08 -1.06291e+08
2.37193e+08 -1.8553e+08
3.32419e+08 0
3.32419e+08 0
3.32419e+08 0
3.32419e+08 0
3.32419e+08 0
3.32419e+08 0
3.32419e+08 0
3.32419e+08 0
3.32419e+08 0
3.32419e+08 0
3.32419e+08 0
3.32419e+08 0
3.32419e+08 0
3.32419e+08 0
3.32419e+08 0
3.32419e+08 0
3.32419e+08 0
3.32419e+08 0
3.32419e+08 0
3.32419e+08 0
3.32419e+08 0
3.32419e+08 0
3.32419e+08 0
3.32419e+08 0
3.32419e+08 0
3.32419e+08 0
3.32419e+08 0
3.32419e+08 0
3.32419e+08 0
3.32419e+08 0
3.32419e+08 0
3.32419e+08 0
3.32419e+08 0
3.32419e+08 0
3.32419e+08 0
3.32419e+08 0
3.32419e+08 0
3.32419e+08 0
3.32419e+08 0
3.32419e+08 0
3.32419e+08 0
3.32419e+08 0
3.32419e+08 0
3.32419e+08 0
3.32419e+08 0
3.32419e+08 0
3.32419e+08 0
3.32419e+08 0
3.32419e+08 0
3.32419e+08 0
3.32419e+08 0
3.32419e+08 0
3.32419e+08 0
3.32419e+08 0
3.32419e+08 0
3.32419e+08 0
3.32419e+08 0
3.32419e+08 0
3.32419e+08 0
3.32419e+08 0
3.32419e+08 0
3.32419e+08 0
3.32419e+08 0
3.32419e+08 0
3.32419e+08 0
3.32419e+08 0
3.32419e+08 0
3.32419e+08 0
3.32419e+08 0
3.32419e+08 0
3.32419e+08 0
3.32419e+08 0
3.32419e+08 0
3.32419e+08 0
3.32419e+08 0
3.32419e+08 0
3.32419e+08 0
3.32419e+08 0
3.32419e+08 0
3.32419e+08 0
3.32419e+08 0
