0 -7.59359e-07
0 9.64759e-05
0 15821.3
-15 15821.3
-30 15821.3
-44.9999 15821.3
-59.9999 15821.3
-74.9998 15821.3
-89.9997 15821.3
-105 15821.3
-120 15821.3
-134.999 15821.3
-149.999 15821.3
-164.999 15821.3
-179.999 15821.3
-194.999 15821.3
-209.999 15821.3
-224.998 15821.3
-239.998 15821.3
-254.998 15821.3
-269.998 15821.3
-284.997 15821.3
-299.997 15821.3
-314.997 15821.3
-329.997 15821.3
-344.996 15821.3
-359.996 15821.3
-374.996 15821.3
-389.995 15821.3
-404.995 15821.3
-419.994 15821.3
-434.994 15821.3
-449.994 15821.3
-464.993 15821.3
-479.993 15821.3
-494.992 15821.3
-509.992 15821.3
-524.991 15821.3
-539.991 15821.3
-554.99 15821.3
-569.99 15821.3
-584.989 15821.3
-599.989 15821.3
-614.988 15821.3
-629.988 15821.3
-644.987 15821.3
-659.986 15821.3
-674.986 15821.3
-689.985 15821.3
-704.984 15821.3
-719.984 15821.3
-734.983 15821.3
-749.982 15821.3
-764.982 15821.3
-779.981 15821.3
-794.98 15821.3
-809.979 15821.3
-824.979 15821.3
-839.978 15821.3
-854.977 15821.3
-869.976 15821.3
-884.975 15821.3
-899.975 15821.3
-914.974 15821.3
-929.973 15821.3
-944.972 15821.3
-959.971 15821.3
-974.97 15821.3
-989.969 15821.3
-1004.97 15821.3
-1019.97 15821.3
-1034.97 15821.3
-1049.97 15821.3
-1064.96 15821.3
-1079.96 15821.3
-1094.96 15821.3
-1109.96 15821.3
-1124.96 15821.3
-1139.96 15821.3
-1154.96 15821.3
-1169.96 15821.3
-1184.96 15821.3
-1199.95 15821.3
-1214.95 15821.3
-1229.95 15821.3
-1244.95 15821.3
-1259.95 15821.3
-1274.95 15821.3
-1289.95 15821.3
-1304.95 15821.3
-1319.95 15821.3
-1334.94 15821.3
-1349.94 15821.3
-1364.94 15821.3
-1379.94 15821.3
-1394.94 15821.3
-1409.94 15821.3
-1424.94 15821.3
-1439.93 15821.3
-1454.93 15821.3
-1469.93 15821.3
-1484.93 15821.3
-1499.93 15821.3
