0 -2.01698e-06
0 -9.35965e-06
0 -1.13935e-05
-2.07131e+07 -2.13935e-05
6.01458e+07 -3.13935e-05
1.26904e+09 -4.13935e-05
1.26904e+09 -5.13935e-05
1.26904e+09 -6.13935e-05
1.26904e+09 -7.13935e-05
1.26904e+09 -8.13935e-05
1.26904e+09 -9.13935e-05
1.26904e+09 -0.000101394
1.26904e+09 -0.000111394
1.26904e+09 -0.000121394
1.26904e+09 -0.000131394
1.26904e+09 -0.000141394
1.26904e+09 -0.000151394
1.26904e+09 -0.000161394
1.26904e+09 -0.000171394
1.26904e+09 -0.000181394
1.26904e+09 -0.000191394
1.26904e+09 -0.000201394
1.26904e+09 -0.000211394
1.26904e+09 -0.000221394
1.26904e+09 -0.000231394
1.26904e+09 -0.000241394
1.26904e+09 -0.000251394
1.26904e+09 -0.000261394
1.26904e+09 -0.000271394
1.26904e+09 -0.000281394
1.26904e+09 -0.000291394
1.26904e+09 -0.000301394
1.26904e+09 -0.000311394
1.26904e+09 -0.000321394
1.26904e+09 -0.000331394
1.26904e+09 -0.000341394
1.26904e+09 -0.000351394
1.26904e+09 -0.000361394
1.26904e+09 -0.000371394
1.26904e+09 -0.000381394
1.26904e+09 -0.000391394
1.26904e+09 -0.000401394
1.26904e+09 -0.000411394
1.26904e+09 -0.000421394
1.26904e+09 -0.000431394
1.26904e+09 -0.000441394
1.26904e+09 -0.000451394
1.26904e+09 -0.000461394
1.26904e+09 -0.000471394
1.26904e+09 -0.000481394
1.26904e+09 -0.000491394
1.26904e+09 -0.000501394
1.26904e+09 -0.000511394
1.26904e+09 -0.000521394
1.26904e+09 -0.000531394
1.26904e+09 -0.000541394
1.26904e+09 -0.000551394
1.26904e+09 -0.000561394
1.26904e+09 -0.000571394
1.26904e+09 -0.000581394
1.26904e+09 -0.000591394
1.26904e+09 -0.000601394
1.26904e+09 -0.000611394
1.26904e+09 -0.000621394
1.26904e+09 -0.000631394
1.26904e+09 -0.000641394
1.26904e+09 -0.000651394
1.26904e+09 -0.000661394
1.26904e+09 -0.000671394
1.26904e+09 -0.000681394
1.26904e+09 -0.000691394
1.26904e+09 -0.000701394
1.26904e+09 -0.000711394
1.26904e+09 -0.000721394
1.26904e+09 -0.000731394
1.26904e+09 -0.000741394
1.26904e+09 -0.000751394
1.26904e+09 -0.000761394
1.26904e+09 -0.000771394
1.26904e+09 -0.000781394
1.26904e+09 -0.000791394
1.26904e+09 -0.000801394
1.26904e+09 -0.000811394
1.26904e+09 -0.000821394
1.26904e+09 -0.000831394
1.26904e+09 -0.000841394
1.26904e+09 -0.000851394
1.26904e+09 -0.000861394
1.26904e+09 -0.000871394
1.26904e+09 -0.000881394
1.26904e+09 -0.000891394
1.26904e+09 -0.000901394
1.26904e+09 -0.000911394
1.26904e+09 -0.000921394
1.26904e+09 -0.000931394
1.26904e+09 -0.000941394
1.26904e+09 -0.000951394
1.26904e+09 -0.000961394
1.26904e+09 -0.000971394
1.26904e+09 -0.000981394
1.26904e+09 -0.000991394
1.26904e+09 -0.00100139
1.26904e+09 -0.00101139
