0 -1.16095e-06
0 8.16548e-06
0 5.02314e-06
9.7348e+07 1.50231e-05
1.18485e+08 2.50231e-05
1.31218e+08 3.50231e-05
1.40841e+08 4.50231e-05
1.47057e+08 5.50231e-05
1.52287e+08 6.50231e-05
1.55028e+08 7.50231e-05
1.56763e+08 8.50231e-05
1.57756e+08 9.50231e-05
1.58186e+08 0.000105023
1.5812e+08 0.000115023
1.57601e+08 0.000125023
1.56644e+08 0.000135023
1.55246e+08 0.000145023
1.53408e+08 0.000155023
1.51089e+08 0.000165023
1.48224e+08 0.000175023
1.44754e+08 0.000185023
1.40578e+08 0.000195023
1.35524e+08 0.000205023
1.29361e+08 0.000215023
1.21657e+08 0.000225023
1.11652e+08 0.000235023
1.01199e+08 0.000245023
9.25966e+07 0.000255023
8.50334e+07 0.000265023
7.54459e+07 0.000275023
6.21483e+07 0.000285023
4.74692e+07 0.000295023
3.34875e+07 0.000305023
2.02433e+07 0.000315023
7.60776e+06 0.000325023
-4.59278e+06 0.000335023
-1.73191e+07 0.000345023
-3.17467e+07 0.000355023
1.1389e+08 0.000365023
1.1389e+08 0.000375023
1.1389e+08 0.000385023
1.1389e+08 0.000395023
1.1389e+08 0.000405023
1.1389e+08 0.000415023
1.1389e+08 0.000425023
1.1389e+08 0.000435023
1.1389e+08 0.000445023
1.1389e+08 0.000455023
1.1389e+08 0.000465023
1.1389e+08 0.000475023
1.1389e+08 0.000485023
1.1389e+08 0.000495023
1.1389e+08 0.000505023
1.1389e+08 0.000515023
1.1389e+08 0.000525023
1.1389e+08 0.000535023
1.1389e+08 0.000545023
1.1389e+08 0.000555023
1.1389e+08 0.000565023
1.1389e+08 0.000575023
1.1389e+08 0.000585023
1.1389e+08 0.000595023
1.1389e+08 0.000605023
1.1389e+08 0.000615023
1.1389e+08 0.000625023
1.1389e+08 0.000635023
1.1389e+08 0.000645023
1.1389e+08 0.000655023
1.1389e+08 0.000665023
1.1389e+08 0.000675023
1.1389e+08 0.000685023
1.1389e+08 0.000695023
1.1389e+08 0.000705023
1.1389e+08 0.000715023
1.1389e+08 0.000725023
1.1389e+08 0.000735023
1.1389e+08 0.000745023
1.1389e+08 0.000755023
1.1389e+08 0.000765023
1.1389e+08 0.000775023
1.1389e+08 0.000785023
1.1389e+08 0.000795023
1.1389e+08 0.000805023
1.1389e+08 0.000815023
1.1389e+08 0.000825023
1.1389e+08 0.000835023
1.1389e+08 0.000845023
1.1389e+08 0.000855023
1.1389e+08 0.000865023
1.1389e+08 0.000875023
1.1389e+08 0.000885023
1.1389e+08 0.000895023
1.1389e+08 0.000905023
1.1389e+08 0.000915023
1.1389e+08 0.000925023
1.1389e+08 0.000935023
1.1389e+08 0.000945023
1.1389e+08 0.000955023
1.1389e+08 0.000965023
1.1389e+08 0.000975023
1.1389e+08 0.000985023
1.1389e+08 0.000995023
1.1389e+08 0.00100502
