0 -8.31079e-07
0 1.05346e-05
0 5.1768e-06
1.22736e+08 1.51768e-05
1.60135e+08 2.51768e-05
1.77425e+08 3.51768e-05
1.86809e+08 4.51768e-05
1.926e+08 5.51768e-05
1.9616e+08 6.51768e-05
1.97972e+08 7.51768e-05
1.98691e+08 8.51768e-05
1.98589e+08 9.51768e-05
1.9788e+08 0.000105177
1.96609e+08 0.000115177
1.94838e+08 0.000125177
1.92574e+08 0.000135177
1.89812e+08 0.000145177
1.86557e+08 0.000155177
1.82783e+08 0.000165177
1.78433e+08 0.000175177
1.73425e+08 0.000185177
1.67683e+08 0.000195177
1.61061e+08 0.000205177
1.53403e+08 0.000215177
1.45438e+08 0.000225177
1.35724e+08 0.000235177
1.23402e+08 0.000245177
1.03022e+08 0.000255177
3.56422e+07 0.000265177
2.60074e+08 0.000275177
2.60074e+08 0.000285177
2.60074e+08 0.000295177
2.60074e+08 0.000305177
2.60074e+08 0.000315177
2.60074e+08 0.000325177
2.60074e+08 0.000335177
2.60074e+08 0.000345177
2.60074e+08 0.000355177
2.60074e+08 0.000365177
2.60074e+08 0.000375177
2.60074e+08 0.000385177
2.60074e+08 0.000395177
2.60074e+08 0.000405177
2.60074e+08 0.000415177
2.60074e+08 0.000425177
2.60074e+08 0.000435177
2.60074e+08 0.000445177
2.60074e+08 0.000455177
2.60074e+08 0.000465177
2.60074e+08 0.000475177
2.60074e+08 0.000485177
2.60074e+08 0.000495177
2.60074e+08 0.000505177
2.60074e+08 0.000515177
2.60074e+08 0.000525177
2.60074e+08 0.000535177
2.60074e+08 0.000545177
2.60074e+08 0.000555177
2.60074e+08 0.000565177
2.60074e+08 0.000575177
2.60074e+08 0.000585177
2.60074e+08 0.000595177
2.60074e+08 0.000605177
2.60074e+08 0.000615177
2.60074e+08 0.000625177
2.60074e+08 0.000635177
2.60074e+08 0.000645177
2.60074e+08 0.000655177
2.60074e+08 0.000665177
2.60074e+08 0.000675177
2.60074e+08 0.000685177
2.60074e+08 0.000695177
2.60074e+08 0.000705177
2.60074e+08 0.000715177
2.60074e+08 0.000725177
2.60074e+08 0.000735177
2.60074e+08 0.000745177
2.60074e+08 0.000755177
2.60074e+08 0.000765177
2.60074e+08 0.000775177
2.60074e+08 0.000785177
2.60074e+08 0.000795177
2.60074e+08 0.000805177
2.60074e+08 0.000815177
2.60074e+08 0.000825177
2.60074e+08 0.000835177
2.60074e+08 0.000845177
2.60074e+08 0.000855177
2.60074e+08 0.000865177
2.60074e+08 0.000875177
2.60074e+08 0.000885177
2.60074e+08 0.000895177
2.60074e+08 0.000905177
2.60074e+08 0.000915177
2.60074e+08 0.000925177
2.60074e+08 0.000935177
2.60074e+08 0.000945177
2.60074e+08 0.000955177
2.60074e+08 0.000965177
2.60074e+08 0.000975177
2.60074e+08 0.000985177
2.60074e+08 0.000995177
2.60074e+08 0.00100518
