0 -3.39826e-06
0 1.98059e-05
0 93766.1
-15 93766.1
-30 93766.1
-45 93766.1
-60 93766.1
-75 93766.1
-90 93766.1
-105 93766.1
-120 93766.1
-135 93766.1
-150 93766.1
-165 93766.1
-180 93766.1
-195 93766.1
-210 93766.1
-225 93766.1
-240 93766.1
-255 93766.1
-270 93766.1
-285 93766.1
-300 93766.1
-315 93766.1
-330 93766.1
-345 93766.1
-360 93766.1
-375 93766.1
-390 93766.1
-405 93766.1
-419.999 93766.1
-434.999 93766.1
-449.999 93766.1
-464.999 93766.1
-479.999 93766.1
-494.999 93766.1
-509.999 93766.1
-524.999 93766.1
-539.999 93766.1
-554.999 93766.1
-569.999 93766.1
-584.999 93766.1
-599.999 93766.1
-614.999 93766.1
-629.999 93766.1
-644.999 93766.1
-659.999 93766.1
-674.999 93766.1
-689.999 93766.1
-704.999 93766.1
-719.999 93766.1
-734.998 93766.1
-749.998 93766.1
-764.998 93766.1
-779.998 93766.1
-794.998 93766.1
-809.998 93766.1
-824.998 93766.1
-839.998 93766.1
-854.998 93766.1
-869.998 93766.1
-884.998 93766.1
-899.998 93766.1
-914.998 93766.1
-929.998 93766.1
-944.997 93766.1
-959.997 93766.1
-974.997 93766.1
-989.997 93766.1
-1005 93766.1
-1020 93766.1
-1035 93766.1
-1050 93766.1
-1065 93766.1
-1080 93766.1
-1095 93766.1
-1110 93766.1
-1125 93766.1
-1140 93766.1
-1155 93766.1
-1170 93766.1
-1185 93766.1
-1200 93766.1
-1215 93766.1
-1230 93766.1
-1245 93766.1
-1260 93766.1
-1275 93766.1
-1290 93766.1
-1305 93766.1
-1320 93766.1
-1334.99 93766.1
-1349.99 93766.1
-1364.99 93766.1
-1379.99 93766.1
-1394.99 93766.1
-1409.99 93766.1
-1424.99 93766.1
-1439.99 93766.1
-1454.99 93766.1
-1469.99 93766.1
-1484.99 93766.1
-1499.99 93766.1
