0 -1.80781e-06
0 -1.04242e-05
0 -7.20838e-06
-1.43393e+08 -1.72084e-05
-2.15713e+08 -2.72084e-05
-2.18134e+08 -3.72084e-05
-1.94132e+08 -4.72084e-05
-1.52688e+08 -5.72084e-05
-9.16113e+07 -6.72084e-05
1.30717e+07 -7.72084e-05
3.08797e+08 -8.72084e-05
9.13425e+08 -9.72084e-05
9.13425e+08 -0.000107208
9.13425e+08 -0.000117208
9.13425e+08 -0.000127208
9.13425e+08 -0.000137208
9.13425e+08 -0.000147208
9.13425e+08 -0.000157208
9.13425e+08 -0.000167208
9.13425e+08 -0.000177208
9.13425e+08 -0.000187208
9.13425e+08 -0.000197208
9.13425e+08 -0.000207208
9.13425e+08 -0.000217208
9.13425e+08 -0.000227208
9.13425e+08 -0.000237208
9.13425e+08 -0.000247208
9.13425e+08 -0.000257208
9.13425e+08 -0.000267208
9.13425e+08 -0.000277208
9.13425e+08 -0.000287208
9.13425e+08 -0.000297208
9.13425e+08 -0.000307208
9.13425e+08 -0.000317208
9.13425e+08 -0.000327208
9.13425e+08 -0.000337208
9.13425e+08 -0.000347208
9.13425e+08 -0.000357208
9.13425e+08 -0.000367208
9.13425e+08 -0.000377208
9.13425e+08 -0.000387208
9.13425e+08 -0.000397208
9.13425e+08 -0.000407208
9.13425e+08 -0.000417208
9.13425e+08 -0.000427208
9.13425e+08 -0.000437208
9.13425e+08 -0.000447208
9.13425e+08 -0.000457208
9.13425e+08 -0.000467208
9.13425e+08 -0.000477208
9.13425e+08 -0.000487208
9.13425e+08 -0.000497208
9.13425e+08 -0.000507208
9.13425e+08 -0.000517208
9.13425e+08 -0.000527208
9.13425e+08 -0.000537208
9.13425e+08 -0.000547208
9.13425e+08 -0.000557208
9.13425e+08 -0.000567208
9.13425e+08 -0.000577208
9.13425e+08 -0.000587208
9.13425e+08 -0.000597208
9.13425e+08 -0.000607208
9.13425e+08 -0.000617208
9.13425e+08 -0.000627208
9.13425e+08 -0.000637208
9.13425e+08 -0.000647208
9.13425e+08 -0.000657208
9.13425e+08 -0.000667208
9.13425e+08 -0.000677208
9.13425e+08 -0.000687208
9.13425e+08 -0.000697208
9.13425e+08 -0.000707208
9.13425e+08 -0.000717208
9.13425e+08 -0.000727208
9.13425e+08 -0.000737208
9.13425e+08 -0.000747208
9.13425e+08 -0.000757208
9.13425e+08 -0.000767208
9.13425e+08 -0.000777208
9.13425e+08 -0.000787208
9.13425e+08 -0.000797208
9.13425e+08 -0.000807208
9.13425e+08 -0.000817208
9.13425e+08 -0.000827208
9.13425e+08 -0.000837208
9.13425e+08 -0.000847208
9.13425e+08 -0.000857208
9.13425e+08 -0.000867208
9.13425e+08 -0.000877208
9.13425e+08 -0.000887208
9.13425e+08 -0.000897208
9.13425e+08 -0.000907208
9.13425e+08 -0.000917208
9.13425e+08 -0.000927208
9.13425e+08 -0.000937208
9.13425e+08 -0.000947208
9.13425e+08 -0.000957208
9.13425e+08 -0.000967208
9.13425e+08 -0.000977208
9.13425e+08 -0.000987208
9.13425e+08 -0.000997208
9.13425e+08 -0.00100721
