0 -6.75209e-08
0 1.0057e+08
0 1.0057e+08
-2.36044e+06 1.0293e+08
-4.32499e+06 1.04895e+08
-5.98028e+06 1.0655e+08
-7.38081e+06 1.07951e+08
-8.56846e+06 1.09138e+08
-9.57036e+06 1.1014e+08
-1.0424e+07 1.10994e+08
-1.11546e+07 1.11725e+08
-1.17811e+07 1.12351e+08
-1.23217e+07 1.12892e+08
-1.27908e+07 1.13361e+08
-1.31951e+07 1.13765e+08
-1.35485e+07 1.14118e+08
-1.38601e+07 1.1443e+08
3.96242e+06 9.66076e+07
3.73675e+06 9.68333e+07
3.53757e+06 9.70324e+07
3.36085e+06 9.72092e+07
3.20321e+06 9.73668e+07
3.06156e+06 9.75084e+07
2.93728e+06 9.76327e+07
2.82856e+06 9.77414e+07
2.73326e+06 9.78367e+07
2.64969e+06 9.79203e+07
2.5766e+06 9.79934e+07
2.51298e+06 9.8057e+07
2.45797e+06 9.8112e+07
2.41082e+06 9.81592e+07
2.37082e+06 9.81992e+07
2.73698e+07 0
2.73698e+07 0
2.73698e+07 0
2.73698e+07 0
2.73698e+07 0
2.73698e+07 0
2.73698e+07 0
2.73698e+07 0
2.73698e+07 0
2.73698e+07 0
2.73698e+07 0
2.73698e+07 0
2.73698e+07 0
2.73698e+07 0
2.73698e+07 0
2.73698e+07 0
2.73698e+07 0
2.73698e+07 0
2.73698e+07 0
2.73698e+07 0
2.73698e+07 0
2.73698e+07 0
2.73698e+07 0
2.73698e+07 0
2.73698e+07 0
2.73698e+07 0
2.73698e+07 0
2.73698e+07 0
2.73698e+07 0
2.73698e+07 0
2.73698e+07 0
2.73698e+07 0
2.73698e+07 0
2.73698e+07 0
2.73698e+07 0
2.73698e+07 0
2.73698e+07 0
2.73698e+07 0
2.73698e+07 0
2.73698e+07 0
2.73698e+07 0
2.73698e+07 0
2.73698e+07 0
2.73698e+07 0
2.73698e+07 0
2.73698e+07 0
2.73698e+07 0
2.73698e+07 0
2.73698e+07 0
2.73698e+07 0
2.73698e+07 0
2.73698e+07 0
2.73698e+07 0
2.73698e+07 0
2.73698e+07 0
2.73698e+07 0
2.73698e+07 0
2.73698e+07 0
2.73698e+07 0
2.73698e+07 0
2.73698e+07 0
2.73698e+07 0
2.73698e+07 0
2.73698e+07 0
2.73698e+07 0
2.73698e+07 0
2.73698e+07 0
2.73698e+07 0
2.73698e+07 0
2.73698e+07 0
2.73698e+07 0
