0 -6.95075e-06
0 9.85493e-06
0 -233137
-15 -233137
-30 -233137
-45 -233137
-60 -233137
-75 -233137
-90 -233137
-105 -233137
-120 -233137
-135 -233137
-150 -233137
-165 -233137
-180 -233137
-195 -233137
-210 -233137
-225 -233137
-240 -233137
-255 -233137
-270 -233137
-285 -233137
-300 -233137
-315 -233137
-330 -233137
-345 -233137
-360 -233137
-375 -233137
-390 -233137
-405 -233137
-420 -233137
-435 -233137
-450 -233137
-465 -233137
-480 -233137
-495 -233137
-510 -233137
-525 -233137
-540 -233137
-555 -233137
-570 -233137
-585 -233137
-600.001 -233137
-615.001 -233137
-630.001 -233137
-645.001 -233137
-660.001 -233137
-675.001 -233137
-690.001 -233137
-705.001 -233137
-720.001 -233137
-735.001 -233137
-750.001 -233137
-765.001 -233137
-780.001 -233137
-795.001 -233137
-810.001 -233137
-825.001 -233137
-840.001 -233137
-855.001 -233137
-870.001 -233137
-885.001 -233137
-900.001 -233137
-915.001 -233137
-930.001 -233137
-945.001 -233137
-960.001 -233137
-975.001 -233137
-990.001 -233137
-1005 -233137
-1020 -233137
-1035 -233137
-1050 -233137
-1065 -233137
-1080 -233137
-1095 -233137
-1110 -233137
-1125 -233137
-1140 -233137
-1155 -233137
-1170 -233137
-1185 -233137
-1200 -233137
-1215 -233137
-1230 -233137
-1245 -233137
-1260 -233137
-1275 -233137
-1290 -233137
-1305 -233137
-1320 -233137
-1335 -233137
-1350 -233137
-1365 -233137
-1380 -233137
-1395 -233137
-1410 -233137
-1425 -233137
-1440 -233137
-1455 -233137
-1470 -233137
-1485 -233137
-1500 -233137
