0 1.68779e-06
0 -5.50785e+07
0 -5.50785e+07
1.48816e+08 -2.03894e+08
2.57951e+08 -3.13029e+08
2.97839e+08 -3.52918e+08
3.0484e+08 -3.59919e+08
2.98203e+08 -3.53281e+08
2.84723e+08 -3.39802e+08
2.62725e+08 -3.17804e+08
2.31091e+08 -2.86169e+08
1.83261e+08 -2.38339e+08
9.11721e+07 -1.46251e+08
-1.25672e+08 7.47684e+07
6.81646e+08 0
6.81646e+08 0
6.81646e+08 0
6.81646e+08 0
6.81646e+08 0
6.81646e+08 0
6.81646e+08 0
6.81646e+08 0
6.81646e+08 0
6.81646e+08 0
6.81646e+08 0
6.81646e+08 0
6.81646e+08 0
6.81646e+08 0
6.81646e+08 0
6.81646e+08 0
6.81646e+08 0
6.81646e+08 0
6.81646e+08 0
6.81646e+08 0
6.81646e+08 0
6.81646e+08 0
6.81646e+08 0
6.81646e+08 0
6.81646e+08 0
6.81646e+08 0
6.81646e+08 0
6.81646e+08 0
6.81646e+08 0
6.81646e+08 0
6.81646e+08 0
6.81646e+08 0
6.81646e+08 0
6.81646e+08 0
6.81646e+08 0
6.81646e+08 0
6.81646e+08 0
6.81646e+08 0
6.81646e+08 0
6.81646e+08 0
6.81646e+08 0
6.81646e+08 0
6.81646e+08 0
6.81646e+08 0
6.81646e+08 0
6.81646e+08 0
6.81646e+08 0
6.81646e+08 0
6.81646e+08 0
6.81646e+08 0
6.81646e+08 0
6.81646e+08 0
6.81646e+08 0
6.81646e+08 0
6.81646e+08 0
6.81646e+08 0
6.81646e+08 0
6.81646e+08 0
6.81646e+08 0
6.81646e+08 0
6.81646e+08 0
6.81646e+08 0
6.81646e+08 0
6.81646e+08 0
6.81646e+08 0
6.81646e+08 0
6.81646e+08 0
6.81646e+08 0
6.81646e+08 0
6.81646e+08 0
6.81646e+08 0
6.81646e+08 0
6.81646e+08 0
6.81646e+08 0
6.81646e+08 0
6.81646e+08 0
6.81646e+08 0
6.81646e+08 0
6.81646e+08 0
6.81646e+08 0
6.81646e+08 0
6.81646e+08 0
6.81646e+08 0
6.81646e+08 0
6.81646e+08 0
6.81646e+08 0
6.81646e+08 0
6.81646e+08 0
6.81646e+08 0
