0 -6.39163e-07
0 0.000183828
0 -464415
-15 -464415
-30 -464415
-45 -464415
-60 -464415
-75 -464415
-90 -464415
-105 -464415
-120 -464415
-135 -464415
-150 -464415
-165 -464415
-180 -464415
-195 -464415
-210 -464415
-225 -464415
-240 -464415
-255 -464415
-270 -464415
-285 -464415
-300 -464415
-315 -464415
-330 -464415
-345 -464415
-360 -464415
-375 -464415
-390 -464415
-405 -464415
-420 -464415
-435 -464415
-450 -464415
-465 -464415
-480 -464415
-495 -464415
-510 -464415
-525 -464415
-540 -464415
-555 -464415
-570 -464415
-585 -464415
-600 -464415
-615 -464415
-630 -464415
-645 -464415
-660 -464415
-675 -464415
-690 -464415
-705 -464415
-720 -464415
-735 -464415
-750 -464415
-765.001 -464415
-780.001 -464415
-795.001 -464415
-810.001 -464415
-825.001 -464415
-840.001 -464415
-855.001 -464415
-870.001 -464415
-885.001 -464415
-900.001 -464415
-915.001 -464415
-930.001 -464415
-945.001 -464415
-960.001 -464415
-975.001 -464415
-990.001 -464415
-1005 -464415
-1020 -464415
-1035 -464415
-1050 -464415
-1065 -464415
-1080 -464415
-1095 -464415
-1110 -464415
-1125 -464415
-1140 -464415
-1155 -464415
-1170 -464415
-1185 -464415
-1200 -464415
-1215 -464415
-1230 -464415
-1245 -464415
-1260 -464415
-1275 -464415
-1290 -464415
-1305 -464415
-1320 -464415
-1335 -464415
-1350 -464415
-1365 -464415
-1380 -464415
-1395 -464415
-1410 -464415
-1425 -464415
-1440 -464415
-1455 -464415
-1470 -464415
-1485 -464415
-1500 -464415
