0 -7.41339e-07
0 -5.38445e-06
0 -9.40807e-06
-1.74896e+07 -1.94081e-05
-3.05929e+07 -2.94081e-05
-3.85151e+07 -3.94081e-05
-4.37314e+07 -4.94081e-05
-4.79065e+07 -5.94081e-05
-5.12872e+07 -6.94081e-05
-5.40642e+07 -7.94081e-05
-5.63719e+07 -8.94081e-05
-5.8294e+07 -9.94081e-05
-5.99147e+07 -0.000109408
-6.12877e+07 -0.000119408
-6.24476e+07 -0.000129408
-6.34267e+07 -0.000139408
-6.42658e+07 -0.000149408
-6.49836e+07 -0.000159408
-6.55967e+07 -0.000169408
-6.61289e+07 -0.000179408
-6.65885e+07 -0.000189408
-6.69854e+07 -0.000199408
-6.73329e+07 -0.000209408
-4.95624e+07 -0.000219408
-4.98156e+07 -0.000229408
-5.00373e+07 -0.000239408
-5.02327e+07 -0.000249408
-5.04066e+07 -0.000259408
-5.05627e+07 -0.000269408
-5.07025e+07 -0.000279408
-5.08249e+07 -0.000289408
-5.0932e+07 -0.000299408
-5.10258e+07 -0.000309408
-5.1108e+07 -0.000319408
-5.11799e+07 -0.000329408
-5.12423e+07 -0.000339408
-5.12963e+07 -0.000349408
-5.13425e+07 -0.000359408
-5.13816e+07 -0.000369408
-2.63765e+07 -0.000379408
-2.63765e+07 -0.000389408
-2.63765e+07 -0.000399408
-2.63765e+07 -0.000409408
-2.63765e+07 -0.000419408
-2.63765e+07 -0.000429408
-2.63765e+07 -0.000439408
-2.63765e+07 -0.000449408
-2.63765e+07 -0.000459408
-2.63765e+07 -0.000469408
-2.63765e+07 -0.000479408
-2.63765e+07 -0.000489408
-2.63765e+07 -0.000499408
-2.63765e+07 -0.000509408
-2.63765e+07 -0.000519408
-2.63765e+07 -0.000529408
-2.63765e+07 -0.000539408
-2.63765e+07 -0.000549408
-2.63765e+07 -0.000559408
-2.63765e+07 -0.000569408
-2.63765e+07 -0.000579408
-2.63765e+07 -0.000589408
-2.63765e+07 -0.000599408
-2.63765e+07 -0.000609408
-2.63765e+07 -0.000619408
-2.63765e+07 -0.000629408
-2.63765e+07 -0.000639408
-2.63765e+07 -0.000649408
-2.63765e+07 -0.000659408
-2.63765e+07 -0.000669408
-2.63765e+07 -0.000679408
-2.63765e+07 -0.000689408
-2.63765e+07 -0.000699408
-2.63765e+07 -0.000709408
-2.63765e+07 -0.000719408
-2.63765e+07 -0.000729408
-2.63765e+07 -0.000739408
-2.63765e+07 -0.000749408
-2.63765e+07 -0.000759408
-2.63765e+07 -0.000769408
-2.63765e+07 -0.000779408
-2.63765e+07 -0.000789408
-2.63765e+07 -0.000799408
-2.63765e+07 -0.000809408
-2.63765e+07 -0.000819408
-2.63765e+07 -0.000829408
-2.63765e+07 -0.000839408
-2.63765e+07 -0.000849408
-2.63765e+07 -0.000859408
-2.63765e+07 -0.000869408
-2.63765e+07 -0.000879408
-2.63765e+07 -0.000889408
-2.63765e+07 -0.000899408
-2.63765e+07 -0.000909408
-2.63765e+07 -0.000919408
-2.63765e+07 -0.000929408
-2.63765e+07 -0.000939408
-2.63765e+07 -0.000949408
-2.63765e+07 -0.000959408
-2.63765e+07 -0.000969408
-2.63765e+07 -0.000979408
-2.63765e+07 -0.000989408
-2.63765e+07 -0.000999408
-2.63765e+07 -0.00100941
