0 -2.7321e-06
0 4.77374e-06
0 3.31854e-06
1.55281e+08 1.33185e-05
2.30747e+08 2.33185e-05
2.52685e+08 3.33185e-05
2.58131e+08 4.33185e-05
2.57654e+08 5.33185e-05
2.53958e+08 6.33185e-05
2.47728e+08 7.33185e-05
2.3872e+08 8.33185e-05
2.25657e+08 9.33185e-05
2.07248e+08 0.000103319
1.78894e+08 0.000113319
1.17582e+08 0.000123319
3.47052e+08 0.000133319
3.47052e+08 0.000143319
3.47052e+08 0.000153319
3.47052e+08 0.000163319
3.47052e+08 0.000173319
3.47052e+08 0.000183319
3.47052e+08 0.000193319
3.47052e+08 0.000203319
3.47052e+08 0.000213319
3.47052e+08 0.000223319
3.47052e+08 0.000233319
3.47052e+08 0.000243319
3.47052e+08 0.000253319
3.47052e+08 0.000263319
3.47052e+08 0.000273319
3.47052e+08 0.000283319
3.47052e+08 0.000293319
3.47052e+08 0.000303319
3.47052e+08 0.000313319
3.47052e+08 0.000323319
3.47052e+08 0.000333319
3.47052e+08 0.000343319
3.47052e+08 0.000353319
3.47052e+08 0.000363319
3.47052e+08 0.000373319
3.47052e+08 0.000383319
3.47052e+08 0.000393319
3.47052e+08 0.000403319
3.47052e+08 0.000413319
3.47052e+08 0.000423319
3.47052e+08 0.000433319
3.47052e+08 0.000443319
3.47052e+08 0.000453319
3.47052e+08 0.000463319
3.47052e+08 0.000473319
3.47052e+08 0.000483319
3.47052e+08 0.000493319
3.47052e+08 0.000503319
3.47052e+08 0.000513319
3.47052e+08 0.000523319
3.47052e+08 0.000533319
3.47052e+08 0.000543319
3.47052e+08 0.000553319
3.47052e+08 0.000563319
3.47052e+08 0.000573319
3.47052e+08 0.000583319
3.47052e+08 0.000593319
3.47052e+08 0.000603319
3.47052e+08 0.000613319
3.47052e+08 0.000623319
3.47052e+08 0.000633319
3.47052e+08 0.000643319
3.47052e+08 0.000653319
3.47052e+08 0.000663319
3.47052e+08 0.000673319
3.47052e+08 0.000683319
3.47052e+08 0.000693319
3.47052e+08 0.000703319
3.47052e+08 0.000713319
3.47052e+08 0.000723319
3.47052e+08 0.000733319
3.47052e+08 0.000743319
3.47052e+08 0.000753319
3.47052e+08 0.000763319
3.47052e+08 0.000773319
3.47052e+08 0.000783319
3.47052e+08 0.000793319
3.47052e+08 0.000803319
3.47052e+08 0.000813319
3.47052e+08 0.000823319
3.47052e+08 0.000833319
3.47052e+08 0.000843319
3.47052e+08 0.000853319
3.47052e+08 0.000863319
3.47052e+08 0.000873319
3.47052e+08 0.000883319
3.47052e+08 0.000893319
3.47052e+08 0.000903319
3.47052e+08 0.000913319
3.47052e+08 0.000923319
3.47052e+08 0.000933319
3.47052e+08 0.000943319
3.47052e+08 0.000953319
3.47052e+08 0.000963319
3.47052e+08 0.000973319
3.47052e+08 0.000983319
3.47052e+08 0.000993319
3.47052e+08 0.00100332
