0 -2.25057e-07
0 9.00096e-05
0 -504482
-15 -504482
-30 -504482
-45 -504482
-60 -504482
-75 -504482
-90 -504482
-105 -504482
-120 -504482
-135 -504482
-150 -504482
-165 -504482
-180 -504482
-195 -504482
-210 -504482
-225 -504482
-240 -504482
-255 -504482
-270 -504482
-285 -504482
-300 -504482
-315 -504482
-330 -504482
-345 -504482
-360 -504482
-375 -504482
-390 -504482
-405 -504482
-420 -504482
-435 -504482
-450 -504482
-465 -504482
-480 -504482
-495 -504482
-510 -504482
-525 -504482
-540 -504482
-555 -504482
-570 -504482
-585 -504482
-600 -504482
-615 -504482
-630 -504482
-645 -504482
-660 -504482
-675 -504482
-690 -504482
-705 -504482
-720 -504482
-735 -504482
-750 -504482
-765 -504482
-780 -504482
-795 -504482
-810 -504482
-825 -504482
-840 -504482
-855 -504482
-870 -504482
-885 -504482
-900 -504482
-915.001 -504482
-930.001 -504482
-945.001 -504482
-960.001 -504482
-975.001 -504482
-990.001 -504482
-1005 -504482
-1020 -504482
-1035 -504482
-1050 -504482
-1065 -504482
-1080 -504482
-1095 -504482
-1110 -504482
-1125 -504482
-1140 -504482
-1155 -504482
-1170 -504482
-1185 -504482
-1200 -504482
-1215 -504482
-1230 -504482
-1245 -504482
-1260 -504482
-1275 -504482
-1290 -504482
-1305 -504482
-1320 -504482
-1335 -504482
-1350 -504482
-1365 -504482
-1380 -504482
-1395 -504482
-1410 -504482
-1425 -504482
-1440 -504482
-1455 -504482
-1470 -504482
-1485 -504482
-1500 -504482
