0 6.07688e-08
0 1.09329e+08
0 1.09329e+08
-1.12436e+08 2.21765e+08
-1.52141e+08 2.6147e+08
-1.36638e+08 2.45967e+08
-9.48674e+07 2.04196e+08
-2.74438e+07 1.36773e+08
9.11755e+07 1.81535e+07
3.02253e+08 -1.48672e+08
1.01449e+09 0
1.01449e+09 0
1.01449e+09 0
1.01449e+09 0
1.01449e+09 0
1.01449e+09 0
1.01449e+09 0
1.01449e+09 0
1.01449e+09 0
1.01449e+09 0
1.01449e+09 0
1.01449e+09 0
1.01449e+09 0
1.01449e+09 0
1.01449e+09 0
1.01449e+09 0
1.01449e+09 0
1.01449e+09 0
1.01449e+09 0
1.01449e+09 0
1.01449e+09 0
1.01449e+09 0
1.01449e+09 0
1.01449e+09 0
1.01449e+09 0
1.01449e+09 0
1.01449e+09 0
1.01449e+09 0
1.01449e+09 0
1.01449e+09 0
1.01449e+09 0
1.01449e+09 0
1.01449e+09 0
1.01449e+09 0
1.01449e+09 0
1.01449e+09 0
1.01449e+09 0
1.01449e+09 0
1.01449e+09 0
1.01449e+09 0
1.01449e+09 0
1.01449e+09 0
1.01449e+09 0
1.01449e+09 0
1.01449e+09 0
1.01449e+09 0
1.01449e+09 0
1.01449e+09 0
1.01449e+09 0
1.01449e+09 0
1.01449e+09 0
1.01449e+09 0
1.01449e+09 0
1.01449e+09 0
1.01449e+09 0
1.01449e+09 0
1.01449e+09 0
1.01449e+09 0
1.01449e+09 0
1.01449e+09 0
1.01449e+09 0
1.01449e+09 0
1.01449e+09 0
1.01449e+09 0
1.01449e+09 0
1.01449e+09 0
1.01449e+09 0
1.01449e+09 0
1.01449e+09 0
1.01449e+09 0
1.01449e+09 0
1.01449e+09 0
1.01449e+09 0
1.01449e+09 0
1.01449e+09 0
1.01449e+09 0
1.01449e+09 0
1.01449e+09 0
1.01449e+09 0
1.01449e+09 0
1.01449e+09 0
1.01449e+09 0
1.01449e+09 0
1.01449e+09 0
1.01449e+09 0
1.01449e+09 0
1.01449e+09 0
1.01449e+09 0
1.01449e+09 0
1.01449e+09 0
1.01449e+09 0
1.01449e+09 0
1.01449e+09 0
