0 -1.68569e-06
0 1.51609e+08
0 1.51609e+08
7.67277e+06 1.43936e+08
7.6938e+07 7.46708e+07
1.23781e+09 0
1.23781e+09 0
1.23781e+09 0
1.23781e+09 0
1.23781e+09 0
1.23781e+09 0
1.23781e+09 0
1.23781e+09 0
1.23781e+09 0
1.23781e+09 0
1.23781e+09 0
1.23781e+09 0
1.23781e+09 0
1.23781e+09 0
1.23781e+09 0
1.23781e+09 0
1.23781e+09 0
1.23781e+09 0
1.23781e+09 0
1.23781e+09 0
1.23781e+09 0
1.23781e+09 0
1.23781e+09 0
1.23781e+09 0
1.23781e+09 0
1.23781e+09 0
1.23781e+09 0
1.23781e+09 0
1.23781e+09 0
1.23781e+09 0
1.23781e+09 0
1.23781e+09 0
1.23781e+09 0
1.23781e+09 0
1.23781e+09 0
1.23781e+09 0
1.23781e+09 0
1.23781e+09 0
1.23781e+09 0
1.23781e+09 0
1.23781e+09 0
1.23781e+09 0
1.23781e+09 0
1.23781e+09 0
1.23781e+09 0
1.23781e+09 0
1.23781e+09 0
1.23781e+09 0
1.23781e+09 0
1.23781e+09 0
1.23781e+09 0
1.23781e+09 0
1.23781e+09 0
1.23781e+09 0
1.23781e+09 0
1.23781e+09 0
1.23781e+09 0
1.23781e+09 0
1.23781e+09 0
1.23781e+09 0
1.23781e+09 0
1.23781e+09 0
1.23781e+09 0
1.23781e+09 0
1.23781e+09 0
1.23781e+09 0
1.23781e+09 0
1.23781e+09 0
1.23781e+09 0
1.23781e+09 0
1.23781e+09 0
1.23781e+09 0
1.23781e+09 0
1.23781e+09 0
1.23781e+09 0
1.23781e+09 0
1.23781e+09 0
1.23781e+09 0
1.23781e+09 0
1.23781e+09 0
1.23781e+09 0
1.23781e+09 0
1.23781e+09 0
1.23781e+09 0
1.23781e+09 0
1.23781e+09 0
1.23781e+09 0
1.23781e+09 0
1.23781e+09 0
1.23781e+09 0
1.23781e+09 0
1.23781e+09 0
1.23781e+09 0
1.23781e+09 0
1.23781e+09 0
1.23781e+09 0
1.23781e+09 0
1.23781e+09 0
