0 -3.99612e-06
0 -1.79902e-05
0 -234553
-15 -234553
-30 -234553
-45 -234553
-60 -234553
-75 -234553
-90 -234553
-105 -234553
-120 -234553
-135 -234553
-150 -234553
-165 -234553
-180 -234553
-195 -234553
-210 -234553
-225 -234553
-240 -234553
-255 -234553
-270 -234553
-285 -234553
-300 -234553
-315 -234553
-330 -234553
-345 -234553
-360 -234553
-375 -234553
-390 -234553
-405 -234553
-420 -234553
-435 -234553
-450 -234553
-465 -234553
-480 -234553
-495 -234553
-510 -234553
-525 -234553
-540 -234553
-555 -234553
-570 -234553
-585 -234553
-600 -234553
-615 -234553
-630.001 -234553
-645.001 -234553
-660.001 -234553
-675.001 -234553
-690.001 -234553
-705.001 -234553
-720.001 -234553
-735.001 -234553
-750.001 -234553
-765.001 -234553
-780.001 -234553
-795.001 -234553
-810.001 -234553
-825.001 -234553
-840.001 -234553
-855.001 -234553
-870.001 -234553
-885.001 -234553
-900.001 -234553
-915.001 -234553
-930.001 -234553
-945.001 -234553
-960.001 -234553
-975.001 -234553
-990.001 -234553
-1005 -234553
-1020 -234553
-1035 -234553
-1050 -234553
-1065 -234553
-1080 -234553
-1095 -234553
-1110 -234553
-1125 -234553
-1140 -234553
-1155 -234553
-1170 -234553
-1185 -234553
-1200 -234553
-1215 -234553
-1230 -234553
-1245 -234553
-1260 -234553
-1275 -234553
-1290 -234553
-1305 -234553
-1320 -234553
-1335 -234553
-1350 -234553
-1365 -234553
-1380 -234553
-1395 -234553
-1410 -234553
-1425 -234553
-1440 -234553
-1455 -234553
-1470 -234553
-1485 -234553
-1500 -234553
