0 -1.54914e-06
0 1.01952e+08
0 1.01952e+08
-2.27956e+07 1.27162e+08
-5.62256e+07 1.96393e+08
1.02286e+09 0
1.02286e+09 0
1.02286e+09 0
1.02286e+09 0
1.02286e+09 0
1.02286e+09 0
1.02286e+09 0
1.02286e+09 0
1.02286e+09 0
1.02286e+09 0
1.02286e+09 0
1.02286e+09 0
1.02286e+09 0
1.02286e+09 0
1.02286e+09 0
1.02286e+09 0
1.02286e+09 0
1.02286e+09 0
1.02286e+09 0
1.02286e+09 0
1.02286e+09 0
1.02286e+09 0
1.02286e+09 0
1.02286e+09 0
1.02286e+09 0
1.02286e+09 0
1.02286e+09 0
1.02286e+09 0
1.02286e+09 0
1.02286e+09 0
1.02286e+09 0
1.02286e+09 0
1.02286e+09 0
1.02286e+09 0
1.02286e+09 0
1.02286e+09 0
1.02286e+09 0
1.02286e+09 0
1.02286e+09 0
1.02286e+09 0
1.02286e+09 0
1.02286e+09 0
1.02286e+09 0
1.02286e+09 0
1.02286e+09 0
1.02286e+09 0
1.02286e+09 0
1.02286e+09 0
1.02286e+09 0
1.02286e+09 0
1.02286e+09 0
1.02286e+09 0
1.02286e+09 0
1.02286e+09 0
1.02286e+09 0
1.02286e+09 0
1.02286e+09 0
1.02286e+09 0
1.02286e+09 0
1.02286e+09 0
1.02286e+09 0
1.02286e+09 0
1.02286e+09 0
1.02286e+09 0
1.02286e+09 0
1.02286e+09 0
1.02286e+09 0
1.02286e+09 0
1.02286e+09 0
1.02286e+09 0
1.02286e+09 0
1.02286e+09 0
1.02286e+09 0
1.02286e+09 0
1.02286e+09 0
1.02286e+09 0
1.02286e+09 0
1.02286e+09 0
1.02286e+09 0
1.02286e+09 0
1.02286e+09 0
1.02286e+09 0
1.02286e+09 0
1.02286e+09 0
1.02286e+09 0
1.02286e+09 0
1.02286e+09 0
1.02286e+09 0
1.02286e+09 0
1.02286e+09 0
1.02286e+09 0
1.02286e+09 0
1.02286e+09 0
1.02286e+09 0
1.02286e+09 0
1.02286e+09 0
1.02286e+09 0
1.02286e+09 0
