0 -2.5235e-06
0 6.84703e-06
0 5.03432e-06
6.5187e+07 1.50343e-05
7.67402e+07 2.50343e-05
8.54783e+07 3.50343e-05
9.29712e+07 4.50343e-05
1.00203e+08 5.50343e-05
1.05486e+08 6.50343e-05
1.09603e+08 7.50343e-05
1.12789e+08 8.50343e-05
1.15334e+08 9.50343e-05
1.17397e+08 0.000105034
1.19012e+08 0.000115034
1.20165e+08 0.000125034
1.20891e+08 0.000135034
1.21286e+08 0.000145034
1.21424e+08 0.000155034
1.2137e+08 0.000165034
1.21518e+08 0.000175034
1.2136e+08 0.000185034
1.20911e+08 0.000195034
1.20276e+08 0.000205034
1.19463e+08 0.000215034
1.18398e+08 0.000225034
1.17091e+08 0.000235034
1.1542e+08 0.000245034
1.13369e+08 0.000255034
1.10813e+08 0.000265034
1.07685e+08 0.000275034
1.03872e+08 0.000285034
9.92046e+07 0.000295034
9.33539e+07 0.000305034
8.76287e+07 0.000315034
8.25843e+07 0.000325034
7.80878e+07 0.000335034
7.42197e+07 0.000345034
7.07532e+07 0.000355034
6.7717e+07 0.000365034
6.49885e+07 0.000375034
6.2622e+07 0.000385034
5.22387e+07 0.000395034
5.21488e+07 0.000405034
5.13373e+07 0.000415034
5.00787e+07 0.000425034
4.87297e+07 0.000435034
4.73945e+07 0.000445034
4.61889e+07 0.000455034
4.52055e+07 0.000465034
4.42024e+07 0.000475034
4.3319e+07 0.000485034
4.24964e+07 0.000495034
4.18524e+07 0.000505034
4.12144e+07 0.000515034
4.05728e+07 0.000525034
4.00338e+07 0.000535034
3.94961e+07 0.000545034
3.90595e+07 0.000555034
3.84903e+07 0.000565034
3.82826e+07 0.000575034
3.77493e+07 0.000585034
3.71402e+07 0.000595034
4.77894e+07 0.000605034
4.77894e+07 0.000615034
4.77894e+07 0.000625034
4.77894e+07 0.000635034
4.77894e+07 0.000645034
4.77894e+07 0.000655034
4.77894e+07 0.000665034
4.77894e+07 0.000675034
4.77894e+07 0.000685034
4.77894e+07 0.000695034
4.77894e+07 0.000705034
4.77894e+07 0.000715034
4.77894e+07 0.000725034
4.77894e+07 0.000735034
4.77894e+07 0.000745034
4.77894e+07 0.000755034
4.77894e+07 0.000765034
4.77894e+07 0.000775034
4.77894e+07 0.000785034
4.77894e+07 0.000795034
4.77894e+07 0.000805034
4.77894e+07 0.000815034
4.77894e+07 0.000825034
4.77894e+07 0.000835034
4.77894e+07 0.000845034
4.77894e+07 0.000855034
4.77894e+07 0.000865034
4.77894e+07 0.000875034
4.77894e+07 0.000885034
4.77894e+07 0.000895034
4.77894e+07 0.000905034
4.77894e+07 0.000915034
4.77894e+07 0.000925034
4.77894e+07 0.000935034
4.77894e+07 0.000945034
4.77894e+07 0.000955034
4.77894e+07 0.000965034
4.77894e+07 0.000975034
4.77894e+07 0.000985034
4.77894e+07 0.000995034
4.77894e+07 0.00100503
