0 1.73133e-06
0 1.52112e+08
0 1.52112e+08
-1.41695e+08 2.93807e+08
-1.80535e+08 3.32647e+08
-1.88092e+08 3.40204e+08
-1.84975e+08 3.37086e+08
-1.75465e+08 3.27577e+08
-1.58674e+08 3.10786e+08
-1.34344e+08 2.86456e+08
-9.8366e+07 2.50478e+08
-4.0455e+07 1.92567e+08
9.54025e+07 5.67092e+07
4.08979e+08 -2.3403e+08
5.75893e+08 0
5.75893e+08 0
5.75893e+08 0
5.75893e+08 0
5.75893e+08 0
5.75893e+08 0
5.75893e+08 0
5.75893e+08 0
5.75893e+08 0
5.75893e+08 0
5.75893e+08 0
5.75893e+08 0
5.75893e+08 0
5.75893e+08 0
5.75893e+08 0
5.75893e+08 0
5.75893e+08 0
5.75893e+08 0
5.75893e+08 0
5.75893e+08 0
5.75893e+08 0
5.75893e+08 0
5.75893e+08 0
5.75893e+08 0
5.75893e+08 0
5.75893e+08 0
5.75893e+08 0
5.75893e+08 0
5.75893e+08 0
5.75893e+08 0
5.75893e+08 0
5.75893e+08 0
5.75893e+08 0
5.75893e+08 0
5.75893e+08 0
5.75893e+08 0
5.75893e+08 0
5.75893e+08 0
5.75893e+08 0
5.75893e+08 0
5.75893e+08 0
5.75893e+08 0
5.75893e+08 0
5.75893e+08 0
5.75893e+08 0
5.75893e+08 0
5.75893e+08 0
5.75893e+08 0
5.75893e+08 0
5.75893e+08 0
5.75893e+08 0
5.75893e+08 0
5.75893e+08 0
5.75893e+08 0
5.75893e+08 0
5.75893e+08 0
5.75893e+08 0
5.75893e+08 0
5.75893e+08 0
5.75893e+08 0
5.75893e+08 0
5.75893e+08 0
5.75893e+08 0
5.75893e+08 0
5.75893e+08 0
5.75893e+08 0
5.75893e+08 0
5.75893e+08 0
5.75893e+08 0
5.75893e+08 0
5.75893e+08 0
5.75893e+08 0
5.75893e+08 0
5.75893e+08 0
5.75893e+08 0
5.75893e+08 0
5.75893e+08 0
5.75893e+08 0
5.75893e+08 0
5.75893e+08 0
5.75893e+08 0
5.75893e+08 0
5.75893e+08 0
5.75893e+08 0
5.75893e+08 0
5.75893e+08 0
5.75893e+08 0
5.75893e+08 0
5.75893e+08 0
