0 -2.2101e-06
0 -2.43422e-05
0 -778889
-15 -778889
-30 -778889
-45 -778889
-60 -778889
-75 -778889
-90 -778889
-105 -778889
-120 -778889
-135 -778889
-150 -778889
-165 -778889
-180 -778889
-195 -778889
-210 -778889
-225 -778889
-240 -778889
-255 -778889
-270 -778889
-285 -778889
-300 -778889
-315 -778889
-330 -778889
-345 -778889
-360 -778889
-375 -778889
-390 -778889
-405 -778889
-420 -778889
-435 -778889
-450 -778889
-465 -778889
-480 -778889
-495 -778889
-510 -778889
-525 -778889
-540 -778889
-555 -778889
-570 -778889
-585 -778889
-600 -778889
-615 -778889
-630 -778889
-645 -778889
-660 -778889
-675 -778889
-690 -778889
-705 -778889
-720 -778889
-735 -778889
-750 -778889
-765 -778889
-780 -778889
-795 -778889
-810 -778889
-825 -778889
-840 -778889
-855 -778889
-870 -778889
-885 -778889
-900 -778889
-915 -778889
-930 -778889
-945 -778889
-960 -778889
-975 -778889
-990 -778889
-1005 -778889
-1020 -778889
-1035 -778889
-1050 -778889
-1065 -778889
-1080 -778889
-1095 -778889
-1110 -778889
-1125 -778889
-1140 -778889
-1155 -778889
-1170 -778889
-1185 -778889
-1200 -778889
-1215 -778889
-1230 -778889
-1245 -778889
-1260 -778889
-1275 -778889
-1290 -778889
-1305 -778889
-1320 -778889
-1335 -778889
-1350 -778889
-1365 -778889
-1380 -778889
-1395 -778889
-1410 -778889
-1425 -778889
-1440 -778889
-1455 -778889
-1470 -778889
-1485 -778889
-1500 -778889
