0 -9.52277e-08
0 1.07302e+08
0 1.07302e+08
6.50401e+08 0
6.50401e+08 0
6.50401e+08 0
6.50401e+08 0
6.50401e+08 0
6.50401e+08 0
6.50401e+08 0
6.50401e+08 0
6.50401e+08 0
6.50401e+08 0
6.50401e+08 0
6.50401e+08 0
6.50401e+08 0
6.50401e+08 0
6.50401e+08 0
6.50401e+08 0
6.50401e+08 0
6.50401e+08 0
6.50401e+08 0
6.50401e+08 0
6.50401e+08 0
6.50401e+08 0
6.50401e+08 0
6.50401e+08 0
6.50401e+08 0
6.50401e+08 0
6.50401e+08 0
6.50401e+08 0
6.50401e+08 0
6.50401e+08 0
6.50401e+08 0
6.50401e+08 0
6.50401e+08 0
6.50401e+08 0
6.50401e+08 0
6.50401e+08 0
6.50401e+08 0
6.50401e+08 0
6.50401e+08 0
6.50401e+08 0
6.50401e+08 0
6.50401e+08 0
6.50401e+08 0
6.50401e+08 0
6.50401e+08 0
6.50401e+08 0
6.50401e+08 0
6.50401e+08 0
6.50401e+08 0
6.50401e+08 0
6.50401e+08 0
6.50401e+08 0
6.50401e+08 0
6.50401e+08 0
6.50401e+08 0
6.50401e+08 0
6.50401e+08 0
6.50401e+08 0
6.50401e+08 0
6.50401e+08 0
6.50401e+08 0
6.50401e+08 0
6.50401e+08 0
6.50401e+08 0
6.50401e+08 0
6.50401e+08 0
6.50401e+08 0
6.50401e+08 0
6.50401e+08 0
6.50401e+08 0
6.50401e+08 0
6.50401e+08 0
6.50401e+08 0
6.50401e+08 0
6.50401e+08 0
6.50401e+08 0
6.50401e+08 0
6.50401e+08 0
6.50401e+08 0
6.50401e+08 0
6.50401e+08 0
6.50401e+08 0
6.50401e+08 0
6.50401e+08 0
6.50401e+08 0
6.50401e+08 0
6.50401e+08 0
6.50401e+08 0
6.50401e+08 0
6.50401e+08 0
6.50401e+08 0
6.50401e+08 0
6.50401e+08 0
6.50401e+08 0
6.50401e+08 0
6.50401e+08 0
6.50401e+08 0
6.50401e+08 0
6.50401e+08 0
6.50401e+08 0
