0 3.72529e-08
0 -9.41215e+07
0 -9.41215e+07
1.40751e+08 -2.34873e+08
1.89923e+08 -2.84045e+08
2.11293e+08 -3.05414e+08
2.19414e+08 -3.13535e+08
2.22268e+08 -3.16389e+08
2.22397e+08 -3.16519e+08
2.20892e+08 -3.15013e+08
2.17528e+08 -3.11649e+08
2.12752e+08 -3.06874e+08
2.06483e+08 -3.00605e+08
1.98629e+08 -2.9275e+08
1.88373e+08 -2.82495e+08
1.74042e+08 -2.68163e+08
1.48347e+08 -2.42468e+08
7.56738e+07 -1.69795e+08
-3.40807e+07 -6.00409e+07
2.59029e+08 0
2.59029e+08 0
2.59029e+08 0
2.59029e+08 0
2.59029e+08 0
2.59029e+08 0
2.59029e+08 0
2.59029e+08 0
2.59029e+08 0
2.59029e+08 0
2.59029e+08 0
2.59029e+08 0
2.59029e+08 0
2.59029e+08 0
2.59029e+08 0
2.59029e+08 0
2.59029e+08 0
2.59029e+08 0
2.59029e+08 0
2.59029e+08 0
2.59029e+08 0
2.59029e+08 0
2.59029e+08 0
2.59029e+08 0
2.59029e+08 0
2.59029e+08 0
2.59029e+08 0
2.59029e+08 0
2.59029e+08 0
2.59029e+08 0
2.59029e+08 0
2.59029e+08 0
2.59029e+08 0
2.59029e+08 0
2.59029e+08 0
2.59029e+08 0
2.59029e+08 0
2.59029e+08 0
2.59029e+08 0
2.59029e+08 0
2.59029e+08 0
2.59029e+08 0
2.59029e+08 0
2.59029e+08 0
2.59029e+08 0
2.59029e+08 0
2.59029e+08 0
2.59029e+08 0
2.59029e+08 0
2.59029e+08 0
2.59029e+08 0
2.59029e+08 0
2.59029e+08 0
2.59029e+08 0
2.59029e+08 0
2.59029e+08 0
2.59029e+08 0
2.59029e+08 0
2.59029e+08 0
2.59029e+08 0
2.59029e+08 0
2.59029e+08 0
2.59029e+08 0
2.59029e+08 0
2.59029e+08 0
2.59029e+08 0
2.59029e+08 0
2.59029e+08 0
2.59029e+08 0
2.59029e+08 0
2.59029e+08 0
2.59029e+08 0
2.59029e+08 0
2.59029e+08 0
2.59029e+08 0
2.59029e+08 0
2.59029e+08 0
2.59029e+08 0
2.59029e+08 0
2.59029e+08 0
2.59029e+08 0
2.59029e+08 0
2.59029e+08 0
2.59029e+08 0
