0 3.81842e-08
0 4.69633e+07
0 4.69632e+07
-1.6382e+08 2.10783e+08
-2.26675e+08 2.73638e+08
-2.54103e+08 3.01066e+08
-2.68378e+08 3.15341e+08
-2.7582e+08 3.22784e+08
-2.78834e+08 3.25797e+08
-2.78323e+08 3.25286e+08
-2.74331e+08 3.21294e+08
-2.67918e+08 3.14881e+08
-2.58882e+08 3.05845e+08
-2.46739e+08 2.93702e+08
-2.27659e+08 2.74623e+08
-1.97756e+08 2.44719e+08
-1.38082e+08 1.85046e+08
-6.18646e+07 1.08828e+08
-1.89715e+06 4.88604e+07
6.40629e+07 -1.70997e+07
1.51496e+08 -1.04532e+08
2.4099e+08 -1.93545e+08
3.29484e+08 0
3.29484e+08 0
3.29484e+08 0
3.29484e+08 0
3.29484e+08 0
3.29484e+08 0
3.29484e+08 0
3.29484e+08 0
3.29484e+08 0
3.29484e+08 0
3.29484e+08 0
3.29484e+08 0
3.29484e+08 0
3.29484e+08 0
3.29484e+08 0
3.29484e+08 0
3.29484e+08 0
3.29484e+08 0
3.29484e+08 0
3.29484e+08 0
3.29484e+08 0
3.29484e+08 0
3.29484e+08 0
3.29484e+08 0
3.29484e+08 0
3.29484e+08 0
3.29484e+08 0
3.29484e+08 0
3.29484e+08 0
3.29484e+08 0
3.29484e+08 0
3.29484e+08 0
3.29484e+08 0
3.29484e+08 0
3.29484e+08 0
3.29484e+08 0
3.29484e+08 0
3.29484e+08 0
3.29484e+08 0
3.29484e+08 0
3.29484e+08 0
3.29484e+08 0
3.29484e+08 0
3.29484e+08 0
3.29484e+08 0
3.29484e+08 0
3.29484e+08 0
3.29484e+08 0
3.29484e+08 0
3.29484e+08 0
3.29484e+08 0
3.29484e+08 0
3.29484e+08 0
3.29484e+08 0
3.29484e+08 0
3.29484e+08 0
3.29484e+08 0
3.29484e+08 0
3.29484e+08 0
3.29484e+08 0
3.29484e+08 0
3.29484e+08 0
3.29484e+08 0
3.29484e+08 0
3.29484e+08 0
3.29484e+08 0
3.29484e+08 0
3.29484e+08 0
3.29484e+08 0
3.29484e+08 0
3.29484e+08 0
3.29484e+08 0
3.29484e+08 0
3.29484e+08 0
3.29484e+08 0
3.29484e+08 0
3.29484e+08 0
3.29484e+08 0
3.29484e+08 0
3.29484e+08 0
3.29484e+08 0
