0 -1.80781e-06
0 0.000109638
0 -460099
-15 -460099
-30 -460099
-45 -460099
-60 -460099
-75 -460099
-90 -460099
-105 -460099
-120 -460099
-135 -460099
-150 -460099
-165 -460099
-180 -460099
-195 -460099
-210 -460099
-225 -460099
-240 -460099
-255 -460099
-270 -460099
-285 -460099
-300 -460099
-315 -460099
-330 -460099
-345 -460099
-360 -460099
-375 -460099
-390 -460099
-405 -460099
-420 -460099
-435 -460099
-450 -460099
-465 -460099
-480 -460099
-495 -460099
-510 -460099
-525 -460099
-540 -460099
-555 -460099
-570 -460099
-585 -460099
-600 -460099
-615 -460099
-630 -460099
-645 -460099
-660 -460099
-675 -460099
-690 -460099
-705 -460099
-720 -460099
-735 -460099
-750 -460099
-765 -460099
-780 -460099
-795.001 -460099
-810.001 -460099
-825.001 -460099
-840.001 -460099
-855.001 -460099
-870.001 -460099
-885.001 -460099
-900.001 -460099
-915.001 -460099
-930.001 -460099
-945.001 -460099
-960.001 -460099
-975.001 -460099
-990.001 -460099
-1005 -460099
-1020 -460099
-1035 -460099
-1050 -460099
-1065 -460099
-1080 -460099
-1095 -460099
-1110 -460099
-1125 -460099
-1140 -460099
-1155 -460099
-1170 -460099
-1185 -460099
-1200 -460099
-1215 -460099
-1230 -460099
-1245 -460099
-1260 -460099
-1275 -460099
-1290 -460099
-1305 -460099
-1320 -460099
-1335 -460099
-1350 -460099
-1365 -460099
-1380 -460099
-1395 -460099
-1410 -460099
-1425 -460099
-1440 -460099
-1455 -460099
-1470 -460099
-1485 -460099
-1500 -460099
