0 -1.47801e-06
0 1.84998e+08
0 1.84998e+08
-1.16743e+08 3.01741e+08
-1.58691e+08 3.43689e+08
-1.72117e+08 3.57114e+08
-1.72182e+08 3.5718e+08
-1.65172e+08 3.5017e+08
-1.52306e+08 3.37304e+08
-1.33473e+08 3.18471e+08
-1.07619e+08 2.92616e+08
-7.2012e+07 2.5701e+08
-2.02312e+07 2.05229e+08
5.64356e+07 1.28562e+08
2.01292e+08 -1.6294e+07
7.37541e+08 0
7.37541e+08 0
7.37541e+08 0
7.37541e+08 0
7.37541e+08 0
7.37541e+08 0
7.37541e+08 0
7.37541e+08 0
7.37541e+08 0
7.37541e+08 0
7.37541e+08 0
7.37541e+08 0
7.37541e+08 0
7.37541e+08 0
7.37541e+08 0
7.37541e+08 0
7.37541e+08 0
7.37541e+08 0
7.37541e+08 0
7.37541e+08 0
7.37541e+08 0
7.37541e+08 0
7.37541e+08 0
7.37541e+08 0
7.37541e+08 0
7.37541e+08 0
7.37541e+08 0
7.37541e+08 0
7.37541e+08 0
7.37541e+08 0
7.37541e+08 0
7.37541e+08 0
7.37541e+08 0
7.37541e+08 0
7.37541e+08 0
7.37541e+08 0
7.37541e+08 0
7.37541e+08 0
7.37541e+08 0
7.37541e+08 0
7.37541e+08 0
7.37541e+08 0
7.37541e+08 0
7.37541e+08 0
7.37541e+08 0
7.37541e+08 0
7.37541e+08 0
7.37541e+08 0
7.37541e+08 0
7.37541e+08 0
7.37541e+08 0
7.37541e+08 0
7.37541e+08 0
7.37541e+08 0
7.37541e+08 0
7.37541e+08 0
7.37541e+08 0
7.37541e+08 0
7.37541e+08 0
7.37541e+08 0
7.37541e+08 0
7.37541e+08 0
7.37541e+08 0
7.37541e+08 0
7.37541e+08 0
7.37541e+08 0
7.37541e+08 0
7.37541e+08 0
7.37541e+08 0
7.37541e+08 0
7.37541e+08 0
7.37541e+08 0
7.37541e+08 0
7.37541e+08 0
7.37541e+08 0
7.37541e+08 0
7.37541e+08 0
7.37541e+08 0
7.37541e+08 0
7.37541e+08 0
7.37541e+08 0
7.37541e+08 0
7.37541e+08 0
7.37541e+08 0
7.37541e+08 0
7.37541e+08 0
7.37541e+08 0
7.37541e+08 0
