0 -3.75549e-06
0 -2.17304e-05
0 -178526
-15 -178526
-30 -178526
-45 -178526
-60 -178526
-75 -178526
-90 -178526
-105 -178526
-120 -178526
-135 -178526
-150 -178526
-165 -178526
-180 -178526
-195 -178526
-210 -178526
-225 -178526
-240 -178526
-255 -178526
-270 -178526
-285 -178526
-300 -178526
-315 -178526
-330 -178526
-345 -178526
-360 -178526
-375 -178526
-390 -178526
-405 -178526
-420 -178526
-435 -178526
-450 -178526
-465 -178526
-480 -178526
-495 -178526
-510 -178526
-525 -178526
-540 -178526
-555 -178526
-570 -178526
-585 -178526
-600 -178526
-615 -178526
-630 -178526
-645 -178526
-660 -178526
-675 -178526
-690 -178526
-705 -178526
-720 -178526
-735 -178526
-750 -178526
-765 -178526
-780 -178526
-795 -178526
-810 -178526
-825 -178526
-840 -178526
-855 -178526
-870 -178526
-885 -178526
-900 -178526
-915 -178526
-930 -178526
-945 -178526
-960 -178526
-975 -178526
-990 -178526
-1005 -178526
-1020 -178526
-1035 -178526
-1050 -178526
-1065 -178526
-1080 -178526
-1095 -178526
-1110 -178526
-1125 -178526
-1140 -178526
-1155 -178526
-1170 -178526
-1185 -178526
-1200 -178526
-1215 -178526
-1230 -178526
-1245 -178526
-1260 -178526
-1275 -178526
-1290 -178526
-1305 -178526
-1320 -178526
-1335 -178526
-1350 -178526
-1365 -178526
-1380 -178526
-1395 -178526
-1410 -178526
-1425 -178526
-1440 -178526
-1455 -178526
-1470 -178526
-1485 -178526
-1500 -178526
