0 0
0 -7.31734e-05
0 -988782
-15 -988782
-30 -988782
-45 -988782
-60 -988782
-75 -988782
-90 -988782
-105 -988782
-120 -988782
-135 -988782
-150 -988782
-165 -988782
-180 -988782
-195 -988782
-210 -988782
-225 -988782
-240 -988782
-255 -988782
-270 -988782
-285 -988782
-300 -988782
-315 -988782
-330 -988782
-345 -988782
-360 -988782
-375 -988782
-390 -988782
-405 -988782
-420 -988782
-435 -988782
-450 -988782
-465 -988782
-480 -988782
-495 -988782
-510 -988782
-525 -988782
-540 -988782
-555 -988782
-570 -988782
-585 -988782
-600 -988782
-615 -988782
-630 -988782
-645 -988782
-660 -988782
-675 -988782
-690 -988782
-705 -988782
-720 -988782
-735 -988782
-750 -988782
-765 -988782
-780 -988782
-795 -988782
-810 -988782
-825 -988782
-840 -988782
-855 -988782
-870 -988782
-885 -988782
-900 -988782
-915 -988782
-930 -988782
-945 -988782
-960 -988782
-975 -988782
-990 -988782
-1005 -988782
-1020 -988782
-1035 -988782
-1050 -988782
-1065 -988782
-1080 -988782
-1095 -988782
-1110 -988782
-1125 -988782
-1140 -988782
-1155 -988782
-1170 -988782
-1185 -988782
-1200 -988782
-1215 -988782
-1230 -988782
-1245 -988782
-1260 -988782
-1275 -988782
-1290 -988782
-1305 -988782
-1320 -988782
-1335 -988782
-1350 -988782
-1365 -988782
-1380 -988782
-1395 -988782
-1410 -988782
-1425 -988782
-1440 -988782
-1455 -988782
-1470 -988782
-1485 -988782
-1500 -988782
