0 -2.64153e-06
0 2.59672e-05
0 178812
-15 178812
-30 178812
-45 178812
-60 178812
-75 178812
-90 178812
-105 178812
-120 178812
-135 178812
-150 178812
-165 178812
-180 178812
-195 178812
-210 178812
-225 178812
-240 178812
-255 178812
-270 178812
-285 178812
-300 178812
-315 178812
-330 178812
-345 178812
-360 178812
-375 178812
-390 178812
-405 178812
-420 178812
-435 178812
-450 178812
-465 178812
-480 178812
-495 178812
-510 178812
-524.999 178812
-539.999 178812
-554.999 178812
-569.999 178812
-584.999 178812
-599.999 178812
-614.999 178812
-629.999 178812
-644.999 178812
-659.999 178812
-674.999 178812
-689.999 178812
-704.999 178812
-719.999 178812
-734.999 178812
-749.999 178812
-764.999 178812
-779.999 178812
-794.999 178812
-809.999 178812
-824.999 178812
-839.999 178812
-854.999 178812
-869.999 178812
-884.999 178812
-899.998 178812
-914.998 178812
-929.998 178812
-944.998 178812
-959.998 178812
-974.998 178812
-989.998 178812
-1005 178812
-1020 178812
-1035 178812
-1050 178812
-1065 178812
-1080 178812
-1095 178812
-1110 178812
-1125 178812
-1140 178812
-1155 178812
-1170 178812
-1185 178812
-1200 178812
-1215 178812
-1230 178812
-1245 178812
-1260 178812
-1275 178812
-1290 178812
-1305 178812
-1320 178812
-1335 178812
-1350 178812
-1365 178812
-1380 178812
-1395 178812
-1410 178812
-1425 178812
-1440 178812
-1455 178812
-1470 178812
-1485 178812
-1500 178812
