0 -1.59413e-07
0 -1.27666e-05
0 0.000126671
7.365e+08 0.000116671
7.365e+08 0.000106671
7.365e+08 9.66706e-05
7.365e+08 8.66706e-05
7.365e+08 7.66706e-05
7.365e+08 6.66706e-05
7.365e+08 5.66706e-05
7.365e+08 4.66706e-05
7.365e+08 3.66706e-05
7.365e+08 2.66706e-05
7.365e+08 1.66706e-05
7.365e+08 6.67062e-06
7.365e+08 -3.32938e-06
7.365e+08 -1.33294e-05
7.365e+08 -2.33294e-05
7.365e+08 -3.33294e-05
7.365e+08 -4.33294e-05
7.365e+08 -5.33294e-05
7.365e+08 -6.33294e-05
7.365e+08 -7.33294e-05
7.365e+08 -8.33294e-05
7.365e+08 -9.33294e-05
7.365e+08 -0.000103329
7.365e+08 -0.000113329
7.365e+08 -0.000123329
7.365e+08 -0.000133329
7.365e+08 -0.000143329
7.365e+08 -0.000153329
7.365e+08 -0.000163329
7.365e+08 -0.000173329
7.365e+08 -0.000183329
7.365e+08 -0.000193329
7.365e+08 -0.000203329
7.365e+08 -0.000213329
7.365e+08 -0.000223329
7.365e+08 -0.000233329
7.365e+08 -0.000243329
7.365e+08 -0.000253329
7.365e+08 -0.000263329
7.365e+08 -0.000273329
7.365e+08 -0.000283329
7.365e+08 -0.000293329
7.365e+08 -0.000303329
7.365e+08 -0.000313329
7.365e+08 -0.000323329
7.365e+08 -0.000333329
7.365e+08 -0.000343329
7.365e+08 -0.000353329
7.365e+08 -0.000363329
7.365e+08 -0.000373329
7.365e+08 -0.000383329
7.365e+08 -0.000393329
7.365e+08 -0.000403329
7.365e+08 -0.000413329
7.365e+08 -0.000423329
7.365e+08 -0.000433329
7.365e+08 -0.000443329
7.365e+08 -0.000453329
7.365e+08 -0.000463329
7.365e+08 -0.000473329
7.365e+08 -0.000483329
7.365e+08 -0.000493329
7.365e+08 -0.000503329
7.365e+08 -0.000513329
7.365e+08 -0.000523329
7.365e+08 -0.000533329
7.365e+08 -0.000543329
7.365e+08 -0.000553329
7.365e+08 -0.000563329
7.365e+08 -0.000573329
7.365e+08 -0.000583329
7.365e+08 -0.000593329
7.365e+08 -0.000603329
7.365e+08 -0.000613329
7.365e+08 -0.000623329
7.365e+08 -0.000633329
7.365e+08 -0.000643329
7.365e+08 -0.000653329
7.365e+08 -0.000663329
7.365e+08 -0.000673329
7.365e+08 -0.000683329
7.365e+08 -0.000693329
7.365e+08 -0.000703329
7.365e+08 -0.000713329
7.365e+08 -0.000723329
7.365e+08 -0.000733329
7.365e+08 -0.000743329
7.365e+08 -0.000753329
7.365e+08 -0.000763329
7.365e+08 -0.000773329
7.365e+08 -0.000783329
7.365e+08 -0.000793329
7.365e+08 -0.000803329
7.365e+08 -0.000813329
7.365e+08 -0.000823329
7.365e+08 -0.000833329
7.365e+08 -0.000843329
7.365e+08 -0.000853329
7.365e+08 -0.000863329
7.365e+08 -0.000873329
