0 5.4948e-07
0 7.99245e+07
0 7.99245e+07
-8.36916e+07 1.63616e+08
-6.44126e+07 1.44337e+08
2.9499e+07 5.04255e+07
9.27487e+08 0
9.27487e+08 0
9.27487e+08 0
9.27487e+08 0
9.27487e+08 0
9.27487e+08 0
9.27487e+08 0
9.27487e+08 0
9.27487e+08 0
9.27487e+08 0
9.27487e+08 0
9.27487e+08 0
9.27487e+08 0
9.27487e+08 0
9.27487e+08 0
9.27487e+08 0
9.27487e+08 0
9.27487e+08 0
9.27487e+08 0
9.27487e+08 0
9.27487e+08 0
9.27487e+08 0
9.27487e+08 0
9.27487e+08 0
9.27487e+08 0
9.27487e+08 0
9.27487e+08 0
9.27487e+08 0
9.27487e+08 0
9.27487e+08 0
9.27487e+08 0
9.27487e+08 0
9.27487e+08 0
9.27487e+08 0
9.27487e+08 0
9.27487e+08 0
9.27487e+08 0
9.27487e+08 0
9.27487e+08 0
9.27487e+08 0
9.27487e+08 0
9.27487e+08 0
9.27487e+08 0
9.27487e+08 0
9.27487e+08 0
9.27487e+08 0
9.27487e+08 0
9.27487e+08 0
9.27487e+08 0
9.27487e+08 0
9.27487e+08 0
9.27487e+08 0
9.27487e+08 0
9.27487e+08 0
9.27487e+08 0
9.27487e+08 0
9.27487e+08 0
9.27487e+08 0
9.27487e+08 0
9.27487e+08 0
9.27487e+08 0
9.27487e+08 0
9.27487e+08 0
9.27487e+08 0
9.27487e+08 0
9.27487e+08 0
9.27487e+08 0
9.27487e+08 0
9.27487e+08 0
9.27487e+08 0
9.27487e+08 0
9.27487e+08 0
9.27487e+08 0
9.27487e+08 0
9.27487e+08 0
9.27487e+08 0
9.27487e+08 0
9.27487e+08 0
9.27487e+08 0
9.27487e+08 0
9.27487e+08 0
9.27487e+08 0
9.27487e+08 0
9.27487e+08 0
9.27487e+08 0
9.27487e+08 0
9.27487e+08 0
9.27487e+08 0
9.27487e+08 0
9.27487e+08 0
9.27487e+08 0
9.27487e+08 0
9.27487e+08 0
9.27487e+08 0
9.27487e+08 0
9.27487e+08 0
9.27487e+08 0
