0 -4.62668e-06
0 -2.42878e-05
0 -582166
-15 -582166
-30 -582166
-45 -582166
-60 -582166
-75 -582166
-90 -582166
-105 -582166
-120 -582166
-135 -582166
-150 -582166
-165 -582166
-180 -582166
-195 -582166
-210 -582166
-225 -582166
-240 -582166
-255 -582166
-270 -582166
-285 -582166
-300 -582166
-315 -582166
-330 -582166
-345 -582166
-360 -582166
-375 -582166
-390 -582166
-405 -582166
-420 -582166
-435 -582166
-450 -582166
-465 -582166
-480 -582166
-495 -582166
-510 -582166
-525 -582166
-540 -582166
-555 -582166
-570 -582166
-585 -582166
-600 -582166
-615 -582166
-630 -582166
-645 -582166
-660 -582166
-675 -582166
-690 -582166
-705 -582166
-720 -582166
-735 -582166
-750 -582166
-765 -582166
-780 -582166
-795 -582166
-810 -582166
-825 -582166
-840 -582166
-855 -582166
-870 -582166
-885 -582166
-900.001 -582166
-915.001 -582166
-930.001 -582166
-945.001 -582166
-960.001 -582166
-975.001 -582166
-990.001 -582166
-1005 -582166
-1020 -582166
-1035 -582166
-1050 -582166
-1065 -582166
-1080 -582166
-1095 -582166
-1110 -582166
-1125 -582166
-1140 -582166
-1155 -582166
-1170 -582166
-1185 -582166
-1200 -582166
-1215 -582166
-1230 -582166
-1245 -582166
-1260 -582166
-1275 -582166
-1290 -582166
-1305 -582166
-1320 -582166
-1335 -582166
-1350 -582166
-1365 -582166
-1380 -582166
-1395 -582166
-1410 -582166
-1425 -582166
-1440 -582166
-1455 -582166
-1470 -582166
-1485 -582166
-1500 -582166
