0 -6.17556e-06
0 -2.30096e-05
0 -2.56559e-05
-5.61797e+06 -3.56559e-05
4.91402e+08 -4.56559e-05
1.2701e+09 -5.56559e-05
1.2701e+09 -6.56559e-05
1.2701e+09 -7.56559e-05
1.2701e+09 -8.56559e-05
1.2701e+09 -9.56559e-05
1.2701e+09 -0.000105656
1.2701e+09 -0.000115656
1.2701e+09 -0.000125656
1.2701e+09 -0.000135656
1.2701e+09 -0.000145656
1.2701e+09 -0.000155656
1.2701e+09 -0.000165656
1.2701e+09 -0.000175656
1.2701e+09 -0.000185656
1.2701e+09 -0.000195656
1.2701e+09 -0.000205656
1.2701e+09 -0.000215656
1.2701e+09 -0.000225656
1.2701e+09 -0.000235656
1.2701e+09 -0.000245656
1.2701e+09 -0.000255656
1.2701e+09 -0.000265656
1.2701e+09 -0.000275656
1.2701e+09 -0.000285656
1.2701e+09 -0.000295656
1.2701e+09 -0.000305656
1.2701e+09 -0.000315656
1.2701e+09 -0.000325656
1.2701e+09 -0.000335656
1.2701e+09 -0.000345656
1.2701e+09 -0.000355656
1.2701e+09 -0.000365656
1.2701e+09 -0.000375656
1.2701e+09 -0.000385656
1.2701e+09 -0.000395656
1.2701e+09 -0.000405656
1.2701e+09 -0.000415656
1.2701e+09 -0.000425656
1.2701e+09 -0.000435656
1.2701e+09 -0.000445656
1.2701e+09 -0.000455656
1.2701e+09 -0.000465656
1.2701e+09 -0.000475656
1.2701e+09 -0.000485656
1.2701e+09 -0.000495656
1.2701e+09 -0.000505656
1.2701e+09 -0.000515656
1.2701e+09 -0.000525656
1.2701e+09 -0.000535656
1.2701e+09 -0.000545656
1.2701e+09 -0.000555656
1.2701e+09 -0.000565656
1.2701e+09 -0.000575656
1.2701e+09 -0.000585656
1.2701e+09 -0.000595656
1.2701e+09 -0.000605656
1.2701e+09 -0.000615656
1.2701e+09 -0.000625656
1.2701e+09 -0.000635656
1.2701e+09 -0.000645656
1.2701e+09 -0.000655656
1.2701e+09 -0.000665656
1.2701e+09 -0.000675656
1.2701e+09 -0.000685656
1.2701e+09 -0.000695656
1.2701e+09 -0.000705656
1.2701e+09 -0.000715656
1.2701e+09 -0.000725656
1.2701e+09 -0.000735656
1.2701e+09 -0.000745656
1.2701e+09 -0.000755656
1.2701e+09 -0.000765656
1.2701e+09 -0.000775656
1.2701e+09 -0.000785656
1.2701e+09 -0.000795656
1.2701e+09 -0.000805656
1.2701e+09 -0.000815656
1.2701e+09 -0.000825656
1.2701e+09 -0.000835656
1.2701e+09 -0.000845656
1.2701e+09 -0.000855656
1.2701e+09 -0.000865656
1.2701e+09 -0.000875656
1.2701e+09 -0.000885656
1.2701e+09 -0.000895656
1.2701e+09 -0.000905656
1.2701e+09 -0.000915656
1.2701e+09 -0.000925656
1.2701e+09 -0.000935656
1.2701e+09 -0.000945656
1.2701e+09 -0.000955656
1.2701e+09 -0.000965656
1.2701e+09 -0.000975656
1.2701e+09 -0.000985656
1.2701e+09 -0.000995656
1.2701e+09 -0.00100566
1.2701e+09 -0.00101566
1.2701e+09 -0.00102566
