0 -1.91386e-06
0 3.626e-05
0 47436.2
-15 47436.2
-30 47436.2
-45 47436.2
-60 47436.2
-75 47436.2
-90 47436.2
-105 47436.2
-120 47436.2
-135 47436.2
-150 47436.2
-165 47436.2
-180 47436.2
-195 47436.2
-210 47436.2
-225 47436.2
-240 47436.2
-255 47436.2
-270 47436.2
-285 47436.2
-300 47436.2
-314.999 47436.2
-329.999 47436.2
-344.999 47436.2
-359.999 47436.2
-374.999 47436.2
-389.999 47436.2
-404.999 47436.2
-419.999 47436.2
-434.999 47436.2
-449.999 47436.2
-464.999 47436.2
-479.999 47436.2
-494.999 47436.2
-509.999 47436.2
-524.999 47436.2
-539.999 47436.2
-554.998 47436.2
-569.998 47436.2
-584.998 47436.2
-599.998 47436.2
-614.998 47436.2
-629.998 47436.2
-644.998 47436.2
-659.998 47436.2
-674.998 47436.2
-689.998 47436.2
-704.997 47436.2
-719.997 47436.2
-734.997 47436.2
-749.997 47436.2
-764.997 47436.2
-779.997 47436.2
-794.997 47436.2
-809.997 47436.2
-824.997 47436.2
-839.996 47436.2
-854.996 47436.2
-869.996 47436.2
-884.996 47436.2
-899.996 47436.2
-914.996 47436.2
-929.996 47436.2
-944.995 47436.2
-959.995 47436.2
-974.995 47436.2
-989.995 47436.2
-1004.99 47436.2
-1019.99 47436.2
-1034.99 47436.2
-1049.99 47436.2
-1064.99 47436.2
-1079.99 47436.2
-1094.99 47436.2
-1109.99 47436.2
-1124.99 47436.2
-1139.99 47436.2
-1154.99 47436.2
-1169.99 47436.2
-1184.99 47436.2
-1199.99 47436.2
-1214.99 47436.2
-1229.99 47436.2
-1244.99 47436.2
-1259.99 47436.2
-1274.99 47436.2
-1289.99 47436.2
-1304.99 47436.2
-1319.99 47436.2
-1334.99 47436.2
-1349.99 47436.2
-1364.99 47436.2
-1379.99 47436.2
-1394.99 47436.2
-1409.99 47436.2
-1424.99 47436.2
-1439.99 47436.2
-1454.99 47436.2
-1469.99 47436.2
-1484.99 47436.2
-1499.99 47436.2
