0 -4.10946e-08
0 5.36512e+07
0 5.36512e+07
-1.62714e+08 2.16365e+08
-2.45954e+08 2.99605e+08
-2.76145e+08 3.29797e+08
-2.91735e+08 3.45386e+08
-2.9811e+08 3.51761e+08
-2.98893e+08 3.52544e+08
-2.95525e+08 3.49176e+08
-2.88386e+08 3.42037e+08
-2.77457e+08 3.31108e+08
-2.62252e+08 3.15903e+08
-2.41578e+08 2.95229e+08
-2.13298e+08 2.66949e+08
-1.72989e+08 2.2664e+08
-1.24146e+08 1.77797e+08
-6.96633e+07 1.23315e+08
3.35897e+06 5.02923e+07
1.55715e+08 -1.02063e+08
2.84605e+08 -2.21947e+08
5.06233e+08 0
5.06233e+08 0
5.06233e+08 0
5.06233e+08 0
5.06233e+08 0
5.06233e+08 0
5.06233e+08 0
5.06233e+08 0
5.06233e+08 0
5.06233e+08 0
5.06233e+08 0
5.06233e+08 0
5.06233e+08 0
5.06233e+08 0
5.06233e+08 0
5.06233e+08 0
5.06233e+08 0
5.06233e+08 0
5.06233e+08 0
5.06233e+08 0
5.06233e+08 0
5.06233e+08 0
5.06233e+08 0
5.06233e+08 0
5.06233e+08 0
5.06233e+08 0
5.06233e+08 0
5.06233e+08 0
5.06233e+08 0
5.06233e+08 0
5.06233e+08 0
5.06233e+08 0
5.06233e+08 0
5.06233e+08 0
5.06233e+08 0
5.06233e+08 0
5.06233e+08 0
5.06233e+08 0
5.06233e+08 0
5.06233e+08 0
5.06233e+08 0
5.06233e+08 0
5.06233e+08 0
5.06233e+08 0
5.06233e+08 0
5.06233e+08 0
5.06233e+08 0
5.06233e+08 0
5.06233e+08 0
5.06233e+08 0
5.06233e+08 0
5.06233e+08 0
5.06233e+08 0
5.06233e+08 0
5.06233e+08 0
5.06233e+08 0
5.06233e+08 0
5.06233e+08 0
5.06233e+08 0
5.06233e+08 0
5.06233e+08 0
5.06233e+08 0
5.06233e+08 0
5.06233e+08 0
5.06233e+08 0
5.06233e+08 0
5.06233e+08 0
5.06233e+08 0
5.06233e+08 0
5.06233e+08 0
5.06233e+08 0
5.06233e+08 0
5.06233e+08 0
5.06233e+08 0
5.06233e+08 0
5.06233e+08 0
5.06233e+08 0
5.06233e+08 0
5.06233e+08 0
5.06233e+08 0
5.06233e+08 0
5.06233e+08 0
