0 7.35745e-08
0 1.06982e+08
0 1.06982e+08
-1.16449e+08 2.23431e+08
-1.54919e+08 2.61901e+08
-1.38929e+08 2.45912e+08
-9.64601e+07 2.03442e+08
-2.81808e+07 1.35163e+08
9.22476e+07 1.47347e+07
1.01215e+09 0
1.01215e+09 0
1.01215e+09 0
1.01215e+09 0
1.01215e+09 0
1.01215e+09 0
1.01215e+09 0
1.01215e+09 0
1.01215e+09 0
1.01215e+09 0
1.01215e+09 0
1.01215e+09 0
1.01215e+09 0
1.01215e+09 0
1.01215e+09 0
1.01215e+09 0
1.01215e+09 0
1.01215e+09 0
1.01215e+09 0
1.01215e+09 0
1.01215e+09 0
1.01215e+09 0
1.01215e+09 0
1.01215e+09 0
1.01215e+09 0
1.01215e+09 0
1.01215e+09 0
1.01215e+09 0
1.01215e+09 0
1.01215e+09 0
1.01215e+09 0
1.01215e+09 0
1.01215e+09 0
1.01215e+09 0
1.01215e+09 0
1.01215e+09 0
1.01215e+09 0
1.01215e+09 0
1.01215e+09 0
1.01215e+09 0
1.01215e+09 0
1.01215e+09 0
1.01215e+09 0
1.01215e+09 0
1.01215e+09 0
1.01215e+09 0
1.01215e+09 0
1.01215e+09 0
1.01215e+09 0
1.01215e+09 0
1.01215e+09 0
1.01215e+09 0
1.01215e+09 0
1.01215e+09 0
1.01215e+09 0
1.01215e+09 0
1.01215e+09 0
1.01215e+09 0
1.01215e+09 0
1.01215e+09 0
1.01215e+09 0
1.01215e+09 0
1.01215e+09 0
1.01215e+09 0
1.01215e+09 0
1.01215e+09 0
1.01215e+09 0
1.01215e+09 0
1.01215e+09 0
1.01215e+09 0
1.01215e+09 0
1.01215e+09 0
1.01215e+09 0
1.01215e+09 0
1.01215e+09 0
1.01215e+09 0
1.01215e+09 0
1.01215e+09 0
1.01215e+09 0
1.01215e+09 0
1.01215e+09 0
1.01215e+09 0
1.01215e+09 0
1.01215e+09 0
1.01215e+09 0
1.01215e+09 0
1.01215e+09 0
1.01215e+09 0
1.01215e+09 0
1.01215e+09 0
1.01215e+09 0
1.01215e+09 0
1.01215e+09 0
1.01215e+09 0
