0 1.51317e-06
0 -1.11433e+08
0 -1.11434e+08
1.38609e+08 -2.50043e+08
2.14731e+08 -3.26165e+08
2.40264e+08 -3.51698e+08
2.47664e+08 -3.59098e+08
2.46572e+08 -3.58006e+08
2.4055e+08 -3.51984e+08
2.31072e+08 -3.42506e+08
2.1757e+08 -3.29004e+08
1.99074e+08 -3.10507e+08
1.73302e+08 -2.84735e+08
1.33932e+08 -2.45365e+08
5.98019e+07 -1.71235e+08
-1.82018e+08 6.58074e+07
5.22181e+08 0
5.22181e+08 0
5.22181e+08 0
5.22181e+08 0
5.22181e+08 0
5.22181e+08 0
5.22181e+08 0
5.22181e+08 0
5.22181e+08 0
5.22181e+08 0
5.22181e+08 0
5.22181e+08 0
5.22181e+08 0
5.22181e+08 0
5.22181e+08 0
5.22181e+08 0
5.22181e+08 0
5.22181e+08 0
5.22181e+08 0
5.22181e+08 0
5.22181e+08 0
5.22181e+08 0
5.22181e+08 0
5.22181e+08 0
5.22181e+08 0
5.22181e+08 0
5.22181e+08 0
5.22181e+08 0
5.22181e+08 0
5.22181e+08 0
5.22181e+08 0
5.22181e+08 0
5.22181e+08 0
5.22181e+08 0
5.22181e+08 0
5.22181e+08 0
5.22181e+08 0
5.22181e+08 0
5.22181e+08 0
5.22181e+08 0
5.22181e+08 0
5.22181e+08 0
5.22181e+08 0
5.22181e+08 0
5.22181e+08 0
5.22181e+08 0
5.22181e+08 0
5.22181e+08 0
5.22181e+08 0
5.22181e+08 0
5.22181e+08 0
5.22181e+08 0
5.22181e+08 0
5.22181e+08 0
5.22181e+08 0
5.22181e+08 0
5.22181e+08 0
5.22181e+08 0
5.22181e+08 0
5.22181e+08 0
5.22181e+08 0
5.22181e+08 0
5.22181e+08 0
5.22181e+08 0
5.22181e+08 0
5.22181e+08 0
5.22181e+08 0
5.22181e+08 0
5.22181e+08 0
5.22181e+08 0
5.22181e+08 0
5.22181e+08 0
5.22181e+08 0
5.22181e+08 0
5.22181e+08 0
5.22181e+08 0
5.22181e+08 0
5.22181e+08 0
5.22181e+08 0
5.22181e+08 0
5.22181e+08 0
5.22181e+08 0
5.22181e+08 0
5.22181e+08 0
5.22181e+08 0
5.22181e+08 0
5.22181e+08 0
