0 -1.64448e-06
0 4.90303e-05
0 54985.4
-15 54985.4
-30 54985.4
-45 54985.4
-60 54985.4
-75 54985.4
-90 54985.4
-105 54985.4
-120 54985.4
-135 54985.4
-150 54985.4
-165 54985.4
-180 54985.4
-195 54985.4
-210 54985.4
-225 54985.4
-240 54985.4
-255 54985.4
-270 54985.4
-285 54985.4
-300 54985.4
-314.999 54985.4
-329.999 54985.4
-344.999 54985.4
-359.999 54985.4
-374.999 54985.4
-389.999 54985.4
-404.999 54985.4
-419.999 54985.4
-434.999 54985.4
-449.999 54985.4
-464.999 54985.4
-479.999 54985.4
-494.999 54985.4
-509.999 54985.4
-524.999 54985.4
-539.999 54985.4
-554.998 54985.4
-569.998 54985.4
-584.998 54985.4
-599.998 54985.4
-614.998 54985.4
-629.998 54985.4
-644.998 54985.4
-659.998 54985.4
-674.998 54985.4
-689.998 54985.4
-704.997 54985.4
-719.997 54985.4
-734.997 54985.4
-749.997 54985.4
-764.997 54985.4
-779.997 54985.4
-794.997 54985.4
-809.997 54985.4
-824.997 54985.4
-839.996 54985.4
-854.996 54985.4
-869.996 54985.4
-884.996 54985.4
-899.996 54985.4
-914.996 54985.4
-929.996 54985.4
-944.996 54985.4
-959.995 54985.4
-974.995 54985.4
-989.995 54985.4
-1004.99 54985.4
-1019.99 54985.4
-1034.99 54985.4
-1049.99 54985.4
-1064.99 54985.4
-1079.99 54985.4
-1094.99 54985.4
-1109.99 54985.4
-1124.99 54985.4
-1139.99 54985.4
-1154.99 54985.4
-1169.99 54985.4
-1184.99 54985.4
-1199.99 54985.4
-1214.99 54985.4
-1229.99 54985.4
-1244.99 54985.4
-1259.99 54985.4
-1274.99 54985.4
-1289.99 54985.4
-1304.99 54985.4
-1319.99 54985.4
-1334.99 54985.4
-1349.99 54985.4
-1364.99 54985.4
-1379.99 54985.4
-1394.99 54985.4
-1409.99 54985.4
-1424.99 54985.4
-1439.99 54985.4
-1454.99 54985.4
-1469.99 54985.4
-1484.99 54985.4
-1499.99 54985.4
