0 -2.9124e-06
0 -1.64125e-05
0 -9.63968e-06
-1.55667e+08 -1.96397e-05
-2.12612e+08 -2.96397e-05
-2.24689e+08 -3.96397e-05
-2.20124e+08 -4.96397e-05
-2.05977e+08 -5.96397e-05
-1.83466e+08 -6.96397e-05
-1.51899e+08 -7.96397e-05
-1.08205e+08 -8.96397e-05
-4.44941e+07 -9.96397e-05
7.96825e+07 -0.00010964
1.63172e+08 -0.00011964
7.71549e+08 -0.00012964
7.71549e+08 -0.00013964
7.71549e+08 -0.00014964
7.71549e+08 -0.00015964
7.71549e+08 -0.00016964
7.71549e+08 -0.00017964
7.71549e+08 -0.00018964
7.71549e+08 -0.00019964
7.71549e+08 -0.00020964
7.71549e+08 -0.00021964
7.71549e+08 -0.00022964
7.71549e+08 -0.00023964
7.71549e+08 -0.00024964
7.71549e+08 -0.00025964
7.71549e+08 -0.00026964
7.71549e+08 -0.00027964
7.71549e+08 -0.00028964
7.71549e+08 -0.00029964
7.71549e+08 -0.00030964
7.71549e+08 -0.00031964
7.71549e+08 -0.00032964
7.71549e+08 -0.00033964
7.71549e+08 -0.00034964
7.71549e+08 -0.00035964
7.71549e+08 -0.00036964
7.71549e+08 -0.00037964
7.71549e+08 -0.00038964
7.71549e+08 -0.00039964
7.71549e+08 -0.00040964
7.71549e+08 -0.00041964
7.71549e+08 -0.00042964
7.71549e+08 -0.00043964
7.71549e+08 -0.00044964
7.71549e+08 -0.00045964
7.71549e+08 -0.00046964
7.71549e+08 -0.00047964
7.71549e+08 -0.00048964
7.71549e+08 -0.00049964
7.71549e+08 -0.00050964
7.71549e+08 -0.00051964
7.71549e+08 -0.00052964
7.71549e+08 -0.00053964
7.71549e+08 -0.00054964
7.71549e+08 -0.00055964
7.71549e+08 -0.00056964
7.71549e+08 -0.00057964
7.71549e+08 -0.00058964
7.71549e+08 -0.00059964
7.71549e+08 -0.00060964
7.71549e+08 -0.00061964
7.71549e+08 -0.00062964
7.71549e+08 -0.00063964
7.71549e+08 -0.00064964
7.71549e+08 -0.00065964
7.71549e+08 -0.00066964
7.71549e+08 -0.00067964
7.71549e+08 -0.00068964
7.71549e+08 -0.00069964
7.71549e+08 -0.00070964
7.71549e+08 -0.00071964
7.71549e+08 -0.00072964
7.71549e+08 -0.00073964
7.71549e+08 -0.00074964
7.71549e+08 -0.00075964
7.71549e+08 -0.00076964
7.71549e+08 -0.00077964
7.71549e+08 -0.00078964
7.71549e+08 -0.00079964
7.71549e+08 -0.00080964
7.71549e+08 -0.00081964
7.71549e+08 -0.00082964
7.71549e+08 -0.00083964
7.71549e+08 -0.00084964
7.71549e+08 -0.00085964
7.71549e+08 -0.00086964
7.71549e+08 -0.00087964
7.71549e+08 -0.00088964
7.71549e+08 -0.00089964
7.71549e+08 -0.00090964
7.71549e+08 -0.00091964
7.71549e+08 -0.00092964
7.71549e+08 -0.00093964
7.71549e+08 -0.00094964
7.71549e+08 -0.00095964
7.71549e+08 -0.00096964
7.71549e+08 -0.00097964
7.71549e+08 -0.00098964
7.71549e+08 -0.00099964
7.71549e+08 -0.00100964
