0 -4.50681e-06
0 1.41233e-05
0 1.06143e-05
2.81207e+07 2.06143e-05
-1.03516e+07 3.06143e-05
-4.86045e+07 4.06143e-05
1.03745e+09 5.06143e-05
1.03745e+09 6.06143e-05
1.03745e+09 7.06143e-05
1.03745e+09 8.06143e-05
1.03745e+09 9.06143e-05
1.03745e+09 0.000100614
1.03745e+09 0.000110614
1.03745e+09 0.000120614
1.03745e+09 0.000130614
1.03745e+09 0.000140614
1.03745e+09 0.000150614
1.03745e+09 0.000160614
1.03745e+09 0.000170614
1.03745e+09 0.000180614
1.03745e+09 0.000190614
1.03745e+09 0.000200614
1.03745e+09 0.000210614
1.03745e+09 0.000220614
1.03745e+09 0.000230614
1.03745e+09 0.000240614
1.03745e+09 0.000250614
1.03745e+09 0.000260614
1.03745e+09 0.000270614
1.03745e+09 0.000280614
1.03745e+09 0.000290614
1.03745e+09 0.000300614
1.03745e+09 0.000310614
1.03745e+09 0.000320614
1.03745e+09 0.000330614
1.03745e+09 0.000340614
1.03745e+09 0.000350614
1.03745e+09 0.000360614
1.03745e+09 0.000370614
1.03745e+09 0.000380614
1.03745e+09 0.000390614
1.03745e+09 0.000400614
1.03745e+09 0.000410614
1.03745e+09 0.000420614
1.03745e+09 0.000430614
1.03745e+09 0.000440614
1.03745e+09 0.000450614
1.03745e+09 0.000460614
1.03745e+09 0.000470614
1.03745e+09 0.000480614
1.03745e+09 0.000490614
1.03745e+09 0.000500614
1.03745e+09 0.000510614
1.03745e+09 0.000520614
1.03745e+09 0.000530614
1.03745e+09 0.000540614
1.03745e+09 0.000550614
1.03745e+09 0.000560614
1.03745e+09 0.000570614
1.03745e+09 0.000580614
1.03745e+09 0.000590614
1.03745e+09 0.000600614
1.03745e+09 0.000610614
1.03745e+09 0.000620614
1.03745e+09 0.000630614
1.03745e+09 0.000640614
1.03745e+09 0.000650614
1.03745e+09 0.000660614
1.03745e+09 0.000670614
1.03745e+09 0.000680614
1.03745e+09 0.000690614
1.03745e+09 0.000700614
1.03745e+09 0.000710614
1.03745e+09 0.000720614
1.03745e+09 0.000730614
1.03745e+09 0.000740614
1.03745e+09 0.000750614
1.03745e+09 0.000760614
1.03745e+09 0.000770614
1.03745e+09 0.000780614
1.03745e+09 0.000790614
1.03745e+09 0.000800614
1.03745e+09 0.000810614
1.03745e+09 0.000820614
1.03745e+09 0.000830614
1.03745e+09 0.000840614
1.03745e+09 0.000850614
1.03745e+09 0.000860614
1.03745e+09 0.000870614
1.03745e+09 0.000880614
1.03745e+09 0.000890614
1.03745e+09 0.000900614
1.03745e+09 0.000910614
1.03745e+09 0.000920614
1.03745e+09 0.000930614
1.03745e+09 0.000940614
1.03745e+09 0.000950614
1.03745e+09 0.000960614
1.03745e+09 0.000970614
1.03745e+09 0.000980614
1.03745e+09 0.000990614
1.03745e+09 0.00100061
1.03745e+09 0.00101061
