0 -3.55113e-06
0 -7.35515e-06
0 -2.8893e-06
-1.49864e+08 -1.28893e-05
-2.01007e+08 -2.28893e-05
-2.27121e+08 -3.28893e-05
-2.46497e+08 -4.28893e-05
-2.58829e+08 -5.28893e-05
-2.65507e+08 -6.28893e-05
-2.67826e+08 -7.28893e-05
-2.68509e+08 -8.28893e-05
-2.67804e+08 -9.28893e-05
-2.65854e+08 -0.000102889
-2.62673e+08 -0.000112889
-2.58215e+08 -0.000122889
-2.52215e+08 -0.000132889
-2.4415e+08 -0.000142889
-2.33027e+08 -0.000152889
-2.17333e+08 -0.000162889
-1.89438e+08 -0.000172889
-1.47248e+08 -0.000182889
-1.09135e+08 -0.000192889
-7.60559e+07 -0.000202889
-4.70575e+07 -0.000212889
-1.96003e+07 -0.000222889
8.40014e+06 -0.000232889
3.94786e+07 -0.000242889
7.43891e+07 -0.000252889
1.66262e+08 -0.000262889
2.13707e+08 -0.000272889
2.46721e+08 -0.000282889
2.46721e+08 -0.000292889
2.46721e+08 -0.000302889
2.46721e+08 -0.000312889
2.46721e+08 -0.000322889
2.46721e+08 -0.000332889
2.46721e+08 -0.000342889
2.46721e+08 -0.000352889
2.46721e+08 -0.000362889
2.46721e+08 -0.000372889
2.46721e+08 -0.000382889
2.46721e+08 -0.000392889
2.46721e+08 -0.000402889
2.46721e+08 -0.000412889
2.46721e+08 -0.000422889
2.46721e+08 -0.000432889
2.46721e+08 -0.000442889
2.46721e+08 -0.000452889
2.46721e+08 -0.000462889
2.46721e+08 -0.000472889
2.46721e+08 -0.000482889
2.46721e+08 -0.000492889
2.46721e+08 -0.000502889
2.46721e+08 -0.000512889
2.46721e+08 -0.000522889
2.46721e+08 -0.000532889
2.46721e+08 -0.000542889
2.46721e+08 -0.000552889
2.46721e+08 -0.000562889
2.46721e+08 -0.000572889
2.46721e+08 -0.000582889
2.46721e+08 -0.000592889
2.46721e+08 -0.000602889
2.46721e+08 -0.000612889
2.46721e+08 -0.000622889
2.46721e+08 -0.000632889
2.46721e+08 -0.000642889
2.46721e+08 -0.000652889
2.46721e+08 -0.000662889
2.46721e+08 -0.000672889
2.46721e+08 -0.000682889
2.46721e+08 -0.000692889
2.46721e+08 -0.000702889
2.46721e+08 -0.000712889
2.46721e+08 -0.000722889
2.46721e+08 -0.000732889
2.46721e+08 -0.000742889
2.46721e+08 -0.000752889
2.46721e+08 -0.000762889
2.46721e+08 -0.000772889
2.46721e+08 -0.000782889
2.46721e+08 -0.000792889
2.46721e+08 -0.000802889
2.46721e+08 -0.000812889
2.46721e+08 -0.000822889
2.46721e+08 -0.000832889
2.46721e+08 -0.000842889
2.46721e+08 -0.000852889
2.46721e+08 -0.000862889
2.46721e+08 -0.000872889
2.46721e+08 -0.000882889
2.46721e+08 -0.000892889
2.46721e+08 -0.000902889
2.46721e+08 -0.000912889
2.46721e+08 -0.000922889
2.46721e+08 -0.000932889
2.46721e+08 -0.000942889
2.46721e+08 -0.000952889
2.46721e+08 -0.000962889
2.46721e+08 -0.000972889
2.46721e+08 -0.000982889
2.46721e+08 -0.000992889
2.46721e+08 -0.00100289
