0 -4.04738e-06
0 -9.96337e-06
0 -4.95178e-06
-1.67476e+08 -1.49518e-05
-2.50039e+08 -2.49518e-05
-2.81513e+08 -3.49518e-05
-2.96071e+08 -4.49518e-05
-3.01255e+08 -5.49518e-05
-3.00948e+08 -6.49518e-05
-2.9639e+08 -7.49518e-05
-2.87804e+08 -8.49518e-05
-2.75054e+08 -9.49518e-05
-2.57361e+08 -0.000104952
-2.33186e+08 -0.000114952
-1.99447e+08 -0.000124952
-1.5022e+08 -0.000134952
-9.08934e+07 -0.000144952
-1.60115e+07 -0.000154952
1.26559e+08 -0.000164952
5.15146e+08 -0.000174952
5.15146e+08 -0.000184952
5.15146e+08 -0.000194952
5.15146e+08 -0.000204952
5.15146e+08 -0.000214952
5.15146e+08 -0.000224952
5.15146e+08 -0.000234952
5.15146e+08 -0.000244952
5.15146e+08 -0.000254952
5.15146e+08 -0.000264952
5.15146e+08 -0.000274952
5.15146e+08 -0.000284952
5.15146e+08 -0.000294952
5.15146e+08 -0.000304952
5.15146e+08 -0.000314952
5.15146e+08 -0.000324952
5.15146e+08 -0.000334952
5.15146e+08 -0.000344952
5.15146e+08 -0.000354952
5.15146e+08 -0.000364952
5.15146e+08 -0.000374952
5.15146e+08 -0.000384952
5.15146e+08 -0.000394952
5.15146e+08 -0.000404952
5.15146e+08 -0.000414952
5.15146e+08 -0.000424952
5.15146e+08 -0.000434952
5.15146e+08 -0.000444952
5.15146e+08 -0.000454952
5.15146e+08 -0.000464952
5.15146e+08 -0.000474952
5.15146e+08 -0.000484952
5.15146e+08 -0.000494952
5.15146e+08 -0.000504952
5.15146e+08 -0.000514952
5.15146e+08 -0.000524952
5.15146e+08 -0.000534952
5.15146e+08 -0.000544952
5.15146e+08 -0.000554952
5.15146e+08 -0.000564952
5.15146e+08 -0.000574952
5.15146e+08 -0.000584952
5.15146e+08 -0.000594952
5.15146e+08 -0.000604952
5.15146e+08 -0.000614952
5.15146e+08 -0.000624952
5.15146e+08 -0.000634952
5.15146e+08 -0.000644952
5.15146e+08 -0.000654952
5.15146e+08 -0.000664952
5.15146e+08 -0.000674952
5.15146e+08 -0.000684952
5.15146e+08 -0.000694952
5.15146e+08 -0.000704952
5.15146e+08 -0.000714952
5.15146e+08 -0.000724952
5.15146e+08 -0.000734952
5.15146e+08 -0.000744952
5.15146e+08 -0.000754952
5.15146e+08 -0.000764952
5.15146e+08 -0.000774952
5.15146e+08 -0.000784952
5.15146e+08 -0.000794952
5.15146e+08 -0.000804952
5.15146e+08 -0.000814952
5.15146e+08 -0.000824952
5.15146e+08 -0.000834952
5.15146e+08 -0.000844952
5.15146e+08 -0.000854952
5.15146e+08 -0.000864952
5.15146e+08 -0.000874952
5.15146e+08 -0.000884952
5.15146e+08 -0.000894952
5.15146e+08 -0.000904952
5.15146e+08 -0.000914952
5.15146e+08 -0.000924952
5.15146e+08 -0.000934952
5.15146e+08 -0.000944952
5.15146e+08 -0.000954952
5.15146e+08 -0.000964952
5.15146e+08 -0.000974952
5.15146e+08 -0.000984952
5.15146e+08 -0.000994952
5.15146e+08 -0.00100495
