0 -1.62347e-06
0 2.4082e-05
0 -176834
-15 -176834
-30 -176834
-45 -176834
-60 -176834
-75 -176834
-90 -176834
-105 -176834
-120 -176834
-135 -176834
-150 -176834
-165 -176834
-180 -176834
-195 -176834
-210 -176834
-225 -176834
-240 -176834
-255 -176834
-270 -176834
-285 -176834
-300 -176834
-315 -176834
-330 -176834
-345 -176834
-360 -176834
-375 -176834
-390 -176834
-405 -176834
-420 -176834
-435 -176834
-450 -176834
-465 -176834
-480 -176834
-495 -176834
-510 -176834
-525 -176834
-540 -176834
-555 -176834
-570 -176834
-585 -176834
-600 -176834
-615 -176834
-630 -176834
-645 -176834
-660 -176834
-675 -176834
-690 -176834
-705 -176834
-720 -176834
-735.001 -176834
-750.001 -176834
-765.001 -176834
-780.001 -176834
-795.001 -176834
-810.001 -176834
-825.001 -176834
-840.001 -176834
-855.001 -176834
-870.001 -176834
-885.001 -176834
-900.001 -176834
-915.001 -176834
-930.001 -176834
-945.001 -176834
-960.001 -176834
-975.001 -176834
-990.001 -176834
-1005 -176834
-1020 -176834
-1035 -176834
-1050 -176834
-1065 -176834
-1080 -176834
-1095 -176834
-1110 -176834
-1125 -176834
-1140 -176834
-1155 -176834
-1170 -176834
-1185 -176834
-1200 -176834
-1215 -176834
-1230 -176834
-1245 -176834
-1260 -176834
-1275 -176834
-1290 -176834
-1305 -176834
-1320 -176834
-1335 -176834
-1350 -176834
-1365 -176834
-1380 -176834
-1395 -176834
-1410 -176834
-1425 -176834
-1440 -176834
-1455 -176834
-1470 -176834
-1485 -176834
-1500 -176834
