0 -6.79865e-08
0 -1.46274e+08
0 -8.80309e+07
-4.75997 -1.20563e+08
-21.0112 -8.51438e+07
-49.1723 -3.96709e+07
-91.7009 1.55586e+07
-158.565 1.00878e+08
-5535.34 0
-9828.58 0
-14121.8 0
-18415.1 0
-22708.4 0
-27001.8 0
-31295.1 0
-35588.5 0
-39881.9 0
-44175.3 0
-48468.7 0
-52762.2 0
-57055.7 0
-61349.2 0
-65642.7 0
-69936.3 0
-74229.8 0
-78523.4 0
-82817 0
-87110.7 0
-91404.3 0
-95698 0
-99991.7 0
-104285 0
-108579 0
-112873 0
-117167 0
-121461 0
-125754 0
-130048 0
-134342 0
-138636 0
-142930 0
-147224 0
-151518 0
-155812 0
-160106 0
-164400 0
-168694 0
-172988 0
-177282 0
-181576 0
-185870 0
-190164 0
-194459 0
-198753 0
-203047 0
-207341 0
-211636 0
-215930 0
-220224 0
-224519 0
-228813 0
-233107 0
-237402 0
-241696 0
-245991 0
-250285 0
-254579 0
-258874 0
-263169 0
-267463 0
-271758 0
-276052 0
-280347 0
-284642 0
-288936 0
-293231 0
-297526 0
-301820 0
-306115 0
-310410 0
-314705 0
-318999 0
-323294 0
-327589 0
-331884 0
-336179 0
-340474 0
-344769 0
-349064 0
-353359 0
-357654 0
-361949 0
-366244 0
-370539 0
-374834 0
-379129 0
-383424 0
-387719 0
-392015 0
-396310 0
-400605 0
-404900 0
-409196 0
