0 -3.23264e-07
0 -6.07963e-06
0 -3.65674e-06
-1.22342e+08 -1.36567e-05
-1.5769e+08 -2.36567e-05
-1.80214e+08 -3.36567e-05
-1.98929e+08 -4.36567e-05
-2.11583e+08 -5.36567e-05
-2.1955e+08 -6.36567e-05
-2.25499e+08 -7.36567e-05
-2.29235e+08 -8.36567e-05
-2.31771e+08 -9.36567e-05
-2.33389e+08 -0.000103657
-2.34371e+08 -0.000113657
-2.34804e+08 -0.000123657
-2.34778e+08 -0.000133657
-2.34353e+08 -0.000143657
-2.33554e+08 -0.000153657
-2.32384e+08 -0.000163657
-2.3084e+08 -0.000173657
-2.28905e+08 -0.000183657
-2.26498e+08 -0.000193657
-2.23507e+08 -0.000203657
-2.1979e+08 -0.000213657
-2.14993e+08 -0.000223657
-2.0845e+08 -0.000233657
-1.98667e+08 -0.000243657
-1.85905e+08 -0.000253657
-1.71257e+08 -0.000263657
-1.54094e+08 -0.000273657
-1.34161e+08 -0.000283657
-1.15298e+08 -0.000293657
-9.83876e+07 -0.000303657
-8.31569e+07 -0.000313657
-6.9385e+07 -0.000323657
-5.67716e+07 -0.000333657
-4.4884e+07 -0.000343657
-3.38691e+07 -0.000353657
-2.306e+07 -0.000363657
-1.27362e+07 -0.000373657
-2.42522e+06 -0.000383657
8.59779e+06 -0.000393657
2.04893e+07 -0.000403657
3.25717e+07 -0.000413657
4.4907e+07 -0.000423657
5.74293e+07 -0.000433657
6.99436e+07 -0.000443657
8.1567e+07 -0.000453657
9.26761e+07 -0.000463657
1.03538e+08 -0.000473657
1.13384e+08 -0.000483657
1.22621e+08 -0.000493657
1.32135e+08 -0.000503657
1.40264e+08 -0.000513657
1.86203e+08 -0.000523657
1.94791e+08 -0.000533657
1.85692e+08 -0.000543657
2.40556e+08 -0.000553657
2.40556e+08 -0.000563657
2.40556e+08 -0.000573657
2.40556e+08 -0.000583657
2.40556e+08 -0.000593657
2.40556e+08 -0.000603657
2.40556e+08 -0.000613657
2.40556e+08 -0.000623657
2.40556e+08 -0.000633657
2.40556e+08 -0.000643657
2.40556e+08 -0.000653657
2.40556e+08 -0.000663657
2.40556e+08 -0.000673657
2.40556e+08 -0.000683657
2.40556e+08 -0.000693657
2.40556e+08 -0.000703657
2.40556e+08 -0.000713657
2.40556e+08 -0.000723657
2.40556e+08 -0.000733657
2.40556e+08 -0.000743657
2.40556e+08 -0.000753657
2.40556e+08 -0.000763657
2.40556e+08 -0.000773657
2.40556e+08 -0.000783657
2.40556e+08 -0.000793657
2.40556e+08 -0.000803657
2.40556e+08 -0.000813657
2.40556e+08 -0.000823657
2.40556e+08 -0.000833657
2.40556e+08 -0.000843657
2.40556e+08 -0.000853657
2.40556e+08 -0.000863657
2.40556e+08 -0.000873657
2.40556e+08 -0.000883657
2.40556e+08 -0.000893657
2.40556e+08 -0.000903657
2.40556e+08 -0.000913657
2.40556e+08 -0.000923657
2.40556e+08 -0.000933657
2.40556e+08 -0.000943657
2.40556e+08 -0.000953657
2.40556e+08 -0.000963657
2.40556e+08 -0.000973657
2.40556e+08 -0.000983657
2.40556e+08 -0.000993657
2.40556e+08 -0.00100366
