0 -8.31079e-07
0 1.05346e-05
0 -2.06721e-05
20.2154 -1.06721e-05
1497.11 -6.72081e-07
3163.14 9.32792e-06
4829.16 1.93279e-05
6495.18 2.93279e-05
8161.2 3.93279e-05
9827.22 4.93279e-05
11493.2 5.93279e-05
13159.2 6.93279e-05
14825.3 7.93279e-05
16491.3 8.93279e-05
18157.3 9.93279e-05
19823.3 0.000109328
21489.3 0.000119328
23155.3 0.000129328
24821.3 0.000139328
26487.3 0.000149328
28153.2 0.000159328
29819.2 0.000169328
31485.2 0.000179328
33151.2 0.000189328
34817.2 0.000199328
36483.2 0.000209328
38149.1 0.000219328
39815.1 0.000229328
41481.1 0.000239328
43147.1 0.000249328
44813 0.000259328
46479 0.000269328
48145 0.000279328
49810.9 0.000289328
51476.9 0.000299328
53142.8 0.000309328
54808.8 0.000319328
56474.7 0.000329328
58140.7 0.000339328
59806.6 0.000349328
61472.6 0.000359328
63138.5 0.000369328
64804.4 0.000379328
66470.4 0.000389328
68136.3 0.000399328
69802.2 0.000409328
71468.2 0.000419328
73134.1 0.000429328
74800 0.000439328
76465.9 0.000449328
78131.9 0.000459328
79797.8 0.000469328
81463.7 0.000479328
83129.6 0.000489328
84795.5 0.000499328
86461.4 0.000509328
88127.3 0.000519328
89793.2 0.000529328
91459.1 0.000539328
93125 0.000549328
94790.9 0.000559328
96456.8 0.000569328
98122.7 0.000579328
99788.6 0.000589328
101454 0.000599328
103120 0.000609328
104786 0.000619328
106452 0.000629328
108118 0.000639328
109784 0.000649328
111450 0.000659328
113116 0.000669328
114781 0.000679328
116447 0.000689328
118113 0.000699328
119779 0.000709328
121445 0.000719328
123111 0.000729328
124777 0.000739328
126442 0.000749328
128108 0.000759328
129774 0.000769328
131440 0.000779328
133106 0.000789328
134772 0.000799328
136438 0.000809328
138103 0.000819328
139769 0.000829328
141435 0.000839328
143101 0.000849328
144767 0.000859328
146433 0.000869328
148098 0.000879328
149764 0.000889328
151430 0.000899328
153096 0.000909328
154762 0.000919328
156427 0.000929328
158093 0.000939328
159759 0.000949328
161425 0.000959328
163091 0.000969328
164756 0.000979328
