0 -9.68575e-08
0 1.65384e+08
0 1.65384e+08
-9.66597e+07 2.62043e+08
-1.33766e+08 2.99149e+08
-1.57167e+08 3.22551e+08
-1.71669e+08 3.37053e+08
-1.7912e+08 3.44504e+08
-1.82042e+08 3.47426e+08
-1.81923e+08 3.4704e+08
-1.78143e+08 3.43527e+08
-1.72376e+08 3.3776e+08
-1.64352e+08 3.29735e+08
-1.53527e+08 3.1891e+08
-1.38758e+08 3.04141e+08
-1.18209e+08 2.83592e+08
-8.84844e+07 2.53868e+08
-4.97676e+07 2.15151e+08
-4.63716e+06 1.70021e+08
5.20176e+07 1.13366e+08
1.06998e+08 5.83858e+07
1.71871e+08 -6.48784e+06
2.57449e+08 -9.20653e+07
3.41711e+08 -1.76328e+08
3.76147e+08 -1.97489e+08
5.33746e+08 0
5.33746e+08 0
5.33746e+08 0
5.33746e+08 0
5.33746e+08 0
5.33746e+08 0
5.33746e+08 0
5.33746e+08 0
5.33746e+08 0
5.33746e+08 0
5.33746e+08 0
5.33746e+08 0
5.33746e+08 0
5.33746e+08 0
5.33746e+08 0
5.33746e+08 0
5.33746e+08 0
5.33746e+08 0
5.33746e+08 0
5.33746e+08 0
5.33746e+08 0
5.33746e+08 0
5.33746e+08 0
5.33746e+08 0
5.33746e+08 0
5.33746e+08 0
5.33746e+08 0
5.33746e+08 0
5.33746e+08 0
5.33746e+08 0
5.33746e+08 0
5.33746e+08 0
5.33746e+08 0
5.33746e+08 0
5.33746e+08 0
5.33746e+08 0
5.33746e+08 0
5.33746e+08 0
5.33746e+08 0
5.33746e+08 0
5.33746e+08 0
5.33746e+08 0
5.33746e+08 0
5.33746e+08 0
5.33746e+08 0
5.33746e+08 0
5.33746e+08 0
5.33746e+08 0
5.33746e+08 0
5.33746e+08 0
5.33746e+08 0
5.33746e+08 0
5.33746e+08 0
5.33746e+08 0
5.33746e+08 0
5.33746e+08 0
5.33746e+08 0
5.33746e+08 0
5.33746e+08 0
5.33746e+08 0
5.33746e+08 0
5.33746e+08 0
5.33746e+08 0
5.33746e+08 0
5.33746e+08 0
5.33746e+08 0
5.33746e+08 0
5.33746e+08 0
5.33746e+08 0
5.33746e+08 0
5.33746e+08 0
5.33746e+08 0
5.33746e+08 0
5.33746e+08 0
5.33746e+08 0
5.33746e+08 0
5.33746e+08 0
5.33746e+08 0
