0 2.23983e-06
0 8.73205e+07
0 8.73205e+07
-1.69382e+08 2.56702e+08
-2.41811e+08 3.29132e+08
-2.49026e+08 3.36346e+08
-2.40746e+08 3.28066e+08
-2.21909e+08 3.0923e+08
-1.92925e+08 2.80245e+08
-1.50011e+08 2.37332e+08
-8.2135e+07 1.69455e+08
1.26366e+08 -3.90459e+07
5.81732e+08 0
5.81732e+08 0
5.81732e+08 0
5.81732e+08 0
5.81732e+08 0
5.81732e+08 0
5.81732e+08 0
5.81732e+08 0
5.81732e+08 0
5.81732e+08 0
5.81732e+08 0
5.81732e+08 0
5.81732e+08 0
5.81732e+08 0
5.81732e+08 0
5.81732e+08 0
5.81732e+08 0
5.81732e+08 0
5.81732e+08 0
5.81732e+08 0
5.81732e+08 0
5.81732e+08 0
5.81732e+08 0
5.81732e+08 0
5.81732e+08 0
5.81732e+08 0
5.81732e+08 0
5.81732e+08 0
5.81732e+08 0
5.81732e+08 0
5.81732e+08 0
5.81732e+08 0
5.81732e+08 0
5.81732e+08 0
5.81732e+08 0
5.81732e+08 0
5.81732e+08 0
5.81732e+08 0
5.81732e+08 0
5.81732e+08 0
5.81732e+08 0
5.81732e+08 0
5.81732e+08 0
5.81732e+08 0
5.81732e+08 0
5.81732e+08 0
5.81732e+08 0
5.81732e+08 0
5.81732e+08 0
5.81732e+08 0
5.81732e+08 0
5.81732e+08 0
5.81732e+08 0
5.81732e+08 0
5.81732e+08 0
5.81732e+08 0
5.81732e+08 0
5.81732e+08 0
5.81732e+08 0
5.81732e+08 0
5.81732e+08 0
5.81732e+08 0
5.81732e+08 0
5.81732e+08 0
5.81732e+08 0
5.81732e+08 0
5.81732e+08 0
5.81732e+08 0
5.81732e+08 0
5.81732e+08 0
5.81732e+08 0
5.81732e+08 0
5.81732e+08 0
5.81732e+08 0
5.81732e+08 0
5.81732e+08 0
5.81732e+08 0
5.81732e+08 0
5.81732e+08 0
5.81732e+08 0
5.81732e+08 0
5.81732e+08 0
5.81732e+08 0
5.81732e+08 0
5.81732e+08 0
5.81732e+08 0
5.81732e+08 0
5.81732e+08 0
5.81732e+08 0
5.81732e+08 0
5.81732e+08 0
