0 -7.91624e-08
0 4.82937e+07
0 4.82937e+07
-1.85302e+08 2.33596e+08
-2.81873e+08 3.30167e+08
-3.11258e+08 3.59552e+08
-3.19718e+08 3.68012e+08
-3.20188e+08 3.68482e+08
-3.15787e+08 3.64081e+08
-3.06981e+08 3.55275e+08
-2.93661e+08 3.41955e+08
-2.73849e+08 3.22142e+08
-2.44201e+08 2.92495e+08
-1.94461e+08 2.42755e+08
-7.46796e+07 1.22973e+08
9.41066e+07 -4.58129e+07
1.99875e+08 -1.35384e+08
5.15998e+08 0
5.15998e+08 0
5.15998e+08 0
5.15998e+08 0
5.15998e+08 0
5.15998e+08 0
5.15998e+08 0
5.15998e+08 0
5.15998e+08 0
5.15998e+08 0
5.15998e+08 0
5.15998e+08 0
5.15998e+08 0
5.15998e+08 0
5.15998e+08 0
5.15998e+08 0
5.15998e+08 0
5.15998e+08 0
5.15998e+08 0
5.15998e+08 0
5.15998e+08 0
5.15998e+08 0
5.15998e+08 0
5.15998e+08 0
5.15998e+08 0
5.15998e+08 0
5.15998e+08 0
5.15998e+08 0
5.15998e+08 0
5.15998e+08 0
5.15998e+08 0
5.15998e+08 0
5.15998e+08 0
5.15998e+08 0
5.15998e+08 0
5.15998e+08 0
5.15998e+08 0
5.15998e+08 0
5.15998e+08 0
5.15998e+08 0
5.15998e+08 0
5.15998e+08 0
5.15998e+08 0
5.15998e+08 0
5.15998e+08 0
5.15998e+08 0
5.15998e+08 0
5.15998e+08 0
5.15998e+08 0
5.15998e+08 0
5.15998e+08 0
5.15998e+08 0
5.15998e+08 0
5.15998e+08 0
5.15998e+08 0
5.15998e+08 0
5.15998e+08 0
5.15998e+08 0
5.15998e+08 0
5.15998e+08 0
5.15998e+08 0
5.15998e+08 0
5.15998e+08 0
5.15998e+08 0
5.15998e+08 0
5.15998e+08 0
5.15998e+08 0
5.15998e+08 0
5.15998e+08 0
5.15998e+08 0
5.15998e+08 0
5.15998e+08 0
5.15998e+08 0
5.15998e+08 0
5.15998e+08 0
5.15998e+08 0
5.15998e+08 0
5.15998e+08 0
5.15998e+08 0
5.15998e+08 0
5.15998e+08 0
5.15998e+08 0
5.15998e+08 0
5.15998e+08 0
5.15998e+08 0
5.15998e+08 0
