0 -5.86733e-08
0 1.25449e+08
0 1.25449e+08
-1.30014e+08 2.55464e+08
-1.7563e+08 3.0108e+08
-1.69175e+08 2.94625e+08
-1.42478e+08 2.67928e+08
-1.00063e+08 2.25512e+08
-3.86291e+07 1.64079e+08
6.83143e+07 5.71352e+07
9.40097e+08 0
9.40097e+08 0
9.40097e+08 0
9.40097e+08 0
9.40097e+08 0
9.40097e+08 0
9.40097e+08 0
9.40097e+08 0
9.40097e+08 0
9.40097e+08 0
9.40097e+08 0
9.40097e+08 0
9.40097e+08 0
9.40097e+08 0
9.40097e+08 0
9.40097e+08 0
9.40097e+08 0
9.40097e+08 0
9.40097e+08 0
9.40097e+08 0
9.40097e+08 0
9.40097e+08 0
9.40097e+08 0
9.40097e+08 0
9.40097e+08 0
9.40097e+08 0
9.40097e+08 0
9.40097e+08 0
9.40097e+08 0
9.40097e+08 0
9.40097e+08 0
9.40097e+08 0
9.40097e+08 0
9.40097e+08 0
9.40097e+08 0
9.40097e+08 0
9.40097e+08 0
9.40097e+08 0
9.40097e+08 0
9.40097e+08 0
9.40097e+08 0
9.40097e+08 0
9.40097e+08 0
9.40097e+08 0
9.40097e+08 0
9.40097e+08 0
9.40097e+08 0
9.40097e+08 0
9.40097e+08 0
9.40097e+08 0
9.40097e+08 0
9.40097e+08 0
9.40097e+08 0
9.40097e+08 0
9.40097e+08 0
9.40097e+08 0
9.40097e+08 0
9.40097e+08 0
9.40097e+08 0
9.40097e+08 0
9.40097e+08 0
9.40097e+08 0
9.40097e+08 0
9.40097e+08 0
9.40097e+08 0
9.40097e+08 0
9.40097e+08 0
9.40097e+08 0
9.40097e+08 0
9.40097e+08 0
9.40097e+08 0
9.40097e+08 0
9.40097e+08 0
9.40097e+08 0
9.40097e+08 0
9.40097e+08 0
9.40097e+08 0
9.40097e+08 0
9.40097e+08 0
9.40097e+08 0
9.40097e+08 0
9.40097e+08 0
9.40097e+08 0
9.40097e+08 0
9.40097e+08 0
9.40097e+08 0
9.40097e+08 0
9.40097e+08 0
9.40097e+08 0
9.40097e+08 0
9.40097e+08 0
9.40097e+08 0
9.40097e+08 0
