0 7.82311e-08
0 1.6922e+08
0 1.39617e+08
-2.88556 1.59715e+08
-15.2636 1.45186e+08
-35.7781 1.2976e+08
-64.892 1.12878e+08
-102.555 9.60177e+07
-148.667 7.93339e+07
-203.029 6.3036e+07
-264.917 4.81408e+07
-333.461 3.48784e+07
-408.092 2.27823e+07
-488.399 1.15051e+07
-573.863 1.27155e+06
-663.839 -7.71576e+06
-757.746 -1.55479e+07
-855.09 -2.24121e+07
-955.457 -2.84301e+07
-1058.47 -3.37076e+07
-1163.85 -3.84223e+07
-1271.36 -4.26415e+07
-1380.78 -4.64625e+07
-1491.94 -4.99175e+07
-1604.68 -5.30449e+07
-1718.86 -5.59189e+07
-1834.37 -5.85579e+07
-1951.12 -6.10145e+07
-2069.01 -6.32871e+07
-2187.98 -6.54363e+07
-2307.96 -6.74166e+07
-2428.87 -6.92696e+07
-2550.68 -7.10382e+07
-2673.32 -7.27019e+07
-2796.76 -7.42889e+07
-2920.95 -7.57741e+07
-3045.86 -7.71929e+07
-3171.42 -7.84957e+07
-3297.65 -7.9804e+07
-3424.58 -8.11694e+07
-3557.44 -9.2549e+07
-3694.67 0
-3835.07 0
-3975.46 0
-4115.85 0
-4256.24 0
-4396.64 0
-4537.03 0
-4677.42 0
-4817.81 0
-4958.21 0
-5098.6 0
-5238.99 0
-5379.39 0
-5519.78 0
-5660.17 0
-5800.56 0
-5940.96 0
-6081.35 0
-6221.74 0
-6362.13 0
-6502.53 0
-6642.92 0
-6783.31 0
-6923.71 0
-7064.1 0
-7204.49 0
-7344.88 0
-7485.28 0
-7625.67 0
-7766.06 0
-7906.46 0
-8046.85 0
-8187.24 0
-8327.64 0
-8468.03 0
-8608.42 0
-8748.81 0
-8889.21 0
-9029.6 0
-9169.99 0
-9310.39 0
-9450.78 0
-9591.17 0
-9731.57 0
-9871.96 0
-10012.4 0
-10152.7 0
-10293.1 0
-10433.5 0
-10573.9 0
-10714.3 0
-10854.7 0
-10995.1 0
-11135.5 0
-11275.9 0
-11416.3 0
-11556.7 0
-11697.1 0
-11837.5 0
-11977.9 0
-12118.3 0
-12258.6 0
