0 -2.23185e-06
0 2.0158e-05
0 103258
-15 103258
-30 103258
-45 103258
-60 103258
-75 103258
-90 103258
-105 103258
-120 103258
-135 103258
-150 103258
-165 103258
-180 103258
-195 103258
-210 103258
-225 103258
-240 103258
-255 103258
-270 103258
-285 103258
-300 103258
-315 103258
-330 103258
-345 103258
-360 103258
-375 103258
-390 103258
-405 103258
-419.999 103258
-434.999 103258
-449.999 103258
-464.999 103258
-479.999 103258
-494.999 103258
-509.999 103258
-524.999 103258
-539.999 103258
-554.999 103258
-569.999 103258
-584.999 103258
-599.999 103258
-614.999 103258
-629.999 103258
-644.999 103258
-659.999 103258
-674.999 103258
-689.999 103258
-704.999 103258
-719.998 103258
-734.998 103258
-749.998 103258
-764.998 103258
-779.998 103258
-794.998 103258
-809.998 103258
-824.998 103258
-839.998 103258
-854.998 103258
-869.998 103258
-884.998 103258
-899.998 103258
-914.998 103258
-929.997 103258
-944.997 103258
-959.997 103258
-974.997 103258
-989.997 103258
-1005 103258
-1020 103258
-1035 103258
-1050 103258
-1065 103258
-1080 103258
-1095 103258
-1110 103258
-1125 103258
-1140 103258
-1155 103258
-1170 103258
-1185 103258
-1200 103258
-1215 103258
-1230 103258
-1245 103258
-1260 103258
-1275 103258
-1290 103258
-1304.99 103258
-1319.99 103258
-1334.99 103258
-1349.99 103258
-1364.99 103258
-1379.99 103258
-1394.99 103258
-1409.99 103258
-1424.99 103258
-1439.99 103258
-1454.99 103258
-1469.99 103258
-1484.99 103258
-1499.99 103258
