0 -6.97496e-07
0 6.24333e-05
0 112716
-15 112716
-30 112716
-45 112716
-60 112716
-75 112716
-90 112716
-105 112716
-120 112716
-135 112716
-150 112716
-165 112716
-180 112716
-195 112716
-210 112716
-225 112716
-240 112716
-255 112716
-270 112716
-285 112716
-300 112716
-315 112716
-330 112716
-345 112716
-360 112716
-375 112716
-390 112716
-405 112716
-420 112716
-435 112716
-449.999 112716
-464.999 112716
-479.999 112716
-494.999 112716
-509.999 112716
-524.999 112716
-539.999 112716
-554.999 112716
-569.999 112716
-584.999 112716
-599.999 112716
-614.999 112716
-629.999 112716
-644.999 112716
-659.999 112716
-674.999 112716
-689.999 112716
-704.999 112716
-719.999 112716
-734.999 112716
-749.999 112716
-764.999 112716
-779.998 112716
-794.998 112716
-809.998 112716
-824.998 112716
-839.998 112716
-854.998 112716
-869.998 112716
-884.998 112716
-899.998 112716
-914.998 112716
-929.998 112716
-944.998 112716
-959.998 112716
-974.998 112716
-989.998 112716
-1005 112716
-1020 112716
-1035 112716
-1050 112716
-1065 112716
-1080 112716
-1095 112716
-1110 112716
-1125 112716
-1140 112716
-1155 112716
-1170 112716
-1185 112716
-1200 112716
-1215 112716
-1230 112716
-1245 112716
-1260 112716
-1275 112716
-1290 112716
-1305 112716
-1320 112716
-1335 112716
-1350 112716
-1365 112716
-1380 112716
-1395 112716
-1410 112716
-1424.99 112716
-1439.99 112716
-1454.99 112716
-1469.99 112716
-1484.99 112716
-1499.99 112716
