0 -2.9898e-06
0 -1.67711e-05
0 -85247.2
-15 -85247.2
-30 -85247.2
-45 -85247.2
-60 -85247.2
-75 -85247.2
-90 -85247.2
-105 -85247.2
-120 -85247.2
-135 -85247.2
-150 -85247.2
-165 -85247.2
-180 -85247.2
-195 -85247.2
-210 -85247.2
-225 -85247.2
-240 -85247.2
-255 -85247.2
-270 -85247.2
-285 -85247.2
-300 -85247.2
-315 -85247.2
-330 -85247.2
-345 -85247.2
-360.001 -85247.2
-375.001 -85247.2
-390.001 -85247.2
-405.001 -85247.2
-420.001 -85247.2
-435.001 -85247.2
-450.001 -85247.2
-465.001 -85247.2
-480.001 -85247.2
-495.001 -85247.2
-510.001 -85247.2
-525.001 -85247.2
-540.001 -85247.2
-555.001 -85247.2
-570.001 -85247.2
-585.001 -85247.2
-600.001 -85247.2
-615.002 -85247.2
-630.002 -85247.2
-645.002 -85247.2
-660.002 -85247.2
-675.002 -85247.2
-690.002 -85247.2
-705.002 -85247.2
-720.002 -85247.2
-735.002 -85247.2
-750.002 -85247.2
-765.002 -85247.2
-780.002 -85247.2
-795.003 -85247.2
-810.003 -85247.2
-825.003 -85247.2
-840.003 -85247.2
-855.003 -85247.2
-870.003 -85247.2
-885.003 -85247.2
-900.003 -85247.2
-915.003 -85247.2
-930.003 -85247.2
-945.004 -85247.2
-960.004 -85247.2
-975.004 -85247.2
-990.004 -85247.2
-1005 -85247.2
-1020 -85247.2
-1035 -85247.2
-1050 -85247.2
-1065 -85247.2
-1080 -85247.2
-1095 -85247.2
-1110 -85247.2
-1125.01 -85247.2
-1140.01 -85247.2
-1155.01 -85247.2
-1170.01 -85247.2
-1185.01 -85247.2
-1200.01 -85247.2
-1215.01 -85247.2
-1230.01 -85247.2
-1245.01 -85247.2
-1260.01 -85247.2
-1275.01 -85247.2
-1290.01 -85247.2
-1305.01 -85247.2
-1320.01 -85247.2
-1335.01 -85247.2
-1350.01 -85247.2
-1365.01 -85247.2
-1380.01 -85247.2
-1395.01 -85247.2
-1410.01 -85247.2
-1425.01 -85247.2
-1440.01 -85247.2
-1455.01 -85247.2
-1470.01 -85247.2
-1485.01 -85247.2
-1500.01 -85247.2
