0 -3.16697e-06
0 -6.39738e-06
0 -2.80782e-06
-1.71175e+08 -1.28078e-05
-2.61248e+08 -2.28078e-05
-2.90778e+08 -3.28078e-05
-3.00938e+08 -4.28078e-05
-3.0318e+08 -5.28078e-05
-3.00361e+08 -6.28078e-05
-2.93068e+08 -7.28078e-05
-2.81393e+08 -8.28078e-05
-2.63623e+08 -9.28078e-05
-2.37611e+08 -0.000102808
-1.97543e+08 -0.000112808
-1.20119e+08 -0.000122808
-1.28335e+07 -0.000132808
1.3296e+08 -0.000142808
3.85331e+08 -0.000152808
3.85331e+08 -0.000162808
3.85331e+08 -0.000172808
3.85331e+08 -0.000182808
3.85331e+08 -0.000192808
3.85331e+08 -0.000202808
3.85331e+08 -0.000212808
3.85331e+08 -0.000222808
3.85331e+08 -0.000232808
3.85331e+08 -0.000242808
3.85331e+08 -0.000252808
3.85331e+08 -0.000262808
3.85331e+08 -0.000272808
3.85331e+08 -0.000282808
3.85331e+08 -0.000292808
3.85331e+08 -0.000302808
3.85331e+08 -0.000312808
3.85331e+08 -0.000322808
3.85331e+08 -0.000332808
3.85331e+08 -0.000342808
3.85331e+08 -0.000352808
3.85331e+08 -0.000362808
3.85331e+08 -0.000372808
3.85331e+08 -0.000382808
3.85331e+08 -0.000392808
3.85331e+08 -0.000402808
3.85331e+08 -0.000412808
3.85331e+08 -0.000422808
3.85331e+08 -0.000432808
3.85331e+08 -0.000442808
3.85331e+08 -0.000452808
3.85331e+08 -0.000462808
3.85331e+08 -0.000472808
3.85331e+08 -0.000482808
3.85331e+08 -0.000492808
3.85331e+08 -0.000502808
3.85331e+08 -0.000512808
3.85331e+08 -0.000522808
3.85331e+08 -0.000532808
3.85331e+08 -0.000542808
3.85331e+08 -0.000552808
3.85331e+08 -0.000562808
3.85331e+08 -0.000572808
3.85331e+08 -0.000582808
3.85331e+08 -0.000592808
3.85331e+08 -0.000602808
3.85331e+08 -0.000612808
3.85331e+08 -0.000622808
3.85331e+08 -0.000632808
3.85331e+08 -0.000642808
3.85331e+08 -0.000652808
3.85331e+08 -0.000662808
3.85331e+08 -0.000672808
3.85331e+08 -0.000682808
3.85331e+08 -0.000692808
3.85331e+08 -0.000702808
3.85331e+08 -0.000712808
3.85331e+08 -0.000722808
3.85331e+08 -0.000732808
3.85331e+08 -0.000742808
3.85331e+08 -0.000752808
3.85331e+08 -0.000762808
3.85331e+08 -0.000772808
3.85331e+08 -0.000782808
3.85331e+08 -0.000792808
3.85331e+08 -0.000802808
3.85331e+08 -0.000812808
3.85331e+08 -0.000822808
3.85331e+08 -0.000832808
3.85331e+08 -0.000842808
3.85331e+08 -0.000852808
3.85331e+08 -0.000862808
3.85331e+08 -0.000872808
3.85331e+08 -0.000882808
3.85331e+08 -0.000892808
3.85331e+08 -0.000902808
3.85331e+08 -0.000912808
3.85331e+08 -0.000922808
3.85331e+08 -0.000932808
3.85331e+08 -0.000942808
3.85331e+08 -0.000952808
3.85331e+08 -0.000962808
3.85331e+08 -0.000972808
3.85331e+08 -0.000982808
3.85331e+08 -0.000992808
3.85331e+08 -0.00100281
