0 -2.53711e-06
0 2.28324e-05
0 1.51093e-05
-21.2379 2.51093e-05
-88.8695 3.51093e-05
-212.238 4.51093e-05
-404.329 5.51093e-05
-689.911 6.51093e-05
-380.785 7.51093e-05
3456.33 8.51093e-05
7293.42 9.51093e-05
11130.5 0.000105109
14967.5 0.000115109
18804.6 0.000125109
22641.6 0.000135109
26478.6 0.000145109
30315.6 0.000155109
34152.5 0.000165109
37989.5 0.000175109
41826.4 0.000185109
45663.3 0.000195109
49500.1 0.000205109
53337 0.000215109
57173.8 0.000225109
61010.6 0.000235109
64847.4 0.000245109
68684.2 0.000255109
72521 0.000265109
76357.7 0.000275109
80194.4 0.000285109
84031.1 0.000295109
87867.8 0.000305109
91704.4 0.000315109
95541.1 0.000325109
99377.7 0.000335109
103214 0.000345109
107051 0.000355109
110887 0.000365109
114724 0.000375109
118560 0.000385109
122397 0.000395109
126233 0.000405109
130070 0.000415109
133906 0.000425109
137743 0.000435109
141579 0.000445109
145415 0.000455109
149252 0.000465109
153088 0.000475109
156924 0.000485109
160761 0.000495109
164597 0.000505109
168433 0.000515109
172270 0.000525109
176106 0.000535109
179942 0.000545109
183778 0.000555109
187614 0.000565109
191450 0.000575109
195287 0.000585109
199123 0.000595109
202959 0.000605109
206795 0.000615109
210631 0.000625109
214467 0.000635109
218303 0.000645109
222139 0.000655109
225975 0.000665109
229811 0.000675109
233647 0.000685109
237482 0.000695109
241318 0.000705109
245154 0.000715109
248990 0.000725109
252826 0.000735109
256662 0.000745109
260497 0.000755109
264333 0.000765109
268169 0.000775109
272005 0.000785109
275840 0.000795109
279676 0.000805109
283512 0.000815109
287347 0.000825109
291183 0.000835109
295018 0.000845109
298854 0.000855109
302690 0.000865109
306525 0.000875109
310361 0.000885109
314196 0.000895109
318032 0.000905109
321867 0.000915109
325703 0.000925109
329538 0.000935109
333373 0.000945109
337209 0.000955109
341044 0.000965109
344879 0.000975109
348715 0.000985109
352550 0.000995109
356385 0.00100511
360221 0.00101511
