0 -2.8385e-06
0 -2.50458e-05
0 -1.51074e-05
-1.06211e+08 -2.51074e-05
-1.19415e+08 -3.51074e-05
-1.02039e+08 -4.51074e-05
-6.79427e+07 -5.51074e-05
-1.76225e+07 -6.51074e-05
5.77706e+07 -7.51074e-05
2.33137e+08 -8.51074e-05
9.96578e+08 -9.51074e-05
9.96578e+08 -0.000105107
9.96578e+08 -0.000115107
9.96578e+08 -0.000125107
9.96578e+08 -0.000135107
9.96578e+08 -0.000145107
9.96578e+08 -0.000155107
9.96578e+08 -0.000165107
9.96578e+08 -0.000175107
9.96578e+08 -0.000185107
9.96578e+08 -0.000195107
9.96578e+08 -0.000205107
9.96578e+08 -0.000215107
9.96578e+08 -0.000225107
9.96578e+08 -0.000235107
9.96578e+08 -0.000245107
9.96578e+08 -0.000255107
9.96578e+08 -0.000265107
9.96578e+08 -0.000275107
9.96578e+08 -0.000285107
9.96578e+08 -0.000295107
9.96578e+08 -0.000305107
9.96578e+08 -0.000315107
9.96578e+08 -0.000325107
9.96578e+08 -0.000335107
9.96578e+08 -0.000345107
9.96578e+08 -0.000355107
9.96578e+08 -0.000365107
9.96578e+08 -0.000375107
9.96578e+08 -0.000385107
9.96578e+08 -0.000395107
9.96578e+08 -0.000405107
9.96578e+08 -0.000415107
9.96578e+08 -0.000425107
9.96578e+08 -0.000435107
9.96578e+08 -0.000445107
9.96578e+08 -0.000455107
9.96578e+08 -0.000465107
9.96578e+08 -0.000475107
9.96578e+08 -0.000485107
9.96578e+08 -0.000495107
9.96578e+08 -0.000505107
9.96578e+08 -0.000515107
9.96578e+08 -0.000525107
9.96578e+08 -0.000535107
9.96578e+08 -0.000545107
9.96578e+08 -0.000555107
9.96578e+08 -0.000565107
9.96578e+08 -0.000575107
9.96578e+08 -0.000585107
9.96578e+08 -0.000595107
9.96578e+08 -0.000605107
9.96578e+08 -0.000615107
9.96578e+08 -0.000625107
9.96578e+08 -0.000635107
9.96578e+08 -0.000645107
9.96578e+08 -0.000655107
9.96578e+08 -0.000665107
9.96578e+08 -0.000675107
9.96578e+08 -0.000685107
9.96578e+08 -0.000695107
9.96578e+08 -0.000705107
9.96578e+08 -0.000715107
9.96578e+08 -0.000725107
9.96578e+08 -0.000735107
9.96578e+08 -0.000745107
9.96578e+08 -0.000755107
9.96578e+08 -0.000765107
9.96578e+08 -0.000775107
9.96578e+08 -0.000785107
9.96578e+08 -0.000795107
9.96578e+08 -0.000805107
9.96578e+08 -0.000815107
9.96578e+08 -0.000825107
9.96578e+08 -0.000835107
9.96578e+08 -0.000845107
9.96578e+08 -0.000855107
9.96578e+08 -0.000865107
9.96578e+08 -0.000875107
9.96578e+08 -0.000885107
9.96578e+08 -0.000895107
9.96578e+08 -0.000905107
9.96578e+08 -0.000915107
9.96578e+08 -0.000925107
9.96578e+08 -0.000935107
9.96578e+08 -0.000945107
9.96578e+08 -0.000955107
9.96578e+08 -0.000965107
9.96578e+08 -0.000975107
9.96578e+08 -0.000985107
9.96578e+08 -0.000995107
9.96578e+08 -0.00100511
9.96578e+08 -0.00101511
