0 -1.76664e-06
0 -5.16464e-05
0 -473249
-15 -473249
-30 -473249
-45 -473249
-60 -473249
-75 -473249
-90 -473249
-105 -473249
-120 -473249
-135 -473249
-150 -473249
-165 -473249
-180 -473249
-195 -473249
-210 -473249
-225 -473249
-240 -473249
-255 -473249
-270 -473249
-285 -473249
-300 -473249
-315 -473249
-330 -473249
-345 -473249
-360 -473249
-375 -473249
-390 -473249
-405 -473249
-420 -473249
-435 -473249
-450 -473249
-465 -473249
-480 -473249
-495 -473249
-510 -473249
-525 -473249
-540 -473249
-555 -473249
-570 -473249
-585 -473249
-600 -473249
-615 -473249
-630 -473249
-645 -473249
-660 -473249
-675 -473249
-690 -473249
-705 -473249
-720 -473249
-735 -473249
-750 -473249
-765 -473249
-780.001 -473249
-795.001 -473249
-810.001 -473249
-825.001 -473249
-840.001 -473249
-855.001 -473249
-870.001 -473249
-885.001 -473249
-900.001 -473249
-915.001 -473249
-930.001 -473249
-945.001 -473249
-960.001 -473249
-975.001 -473249
-990.001 -473249
-1005 -473249
-1020 -473249
-1035 -473249
-1050 -473249
-1065 -473249
-1080 -473249
-1095 -473249
-1110 -473249
-1125 -473249
-1140 -473249
-1155 -473249
-1170 -473249
-1185 -473249
-1200 -473249
-1215 -473249
-1230 -473249
-1245 -473249
-1260 -473249
-1275 -473249
-1290 -473249
-1305 -473249
-1320 -473249
-1335 -473249
-1350 -473249
-1365 -473249
-1380 -473249
-1395 -473249
-1410 -473249
-1425 -473249
-1440 -473249
-1455 -473249
-1470 -473249
-1485 -473249
-1500 -473249
