0 -1.18666e-06
0 -2.92381e-05
0 8.08305e-05
-16.6444 7.08305e-05
-44.5078 6.08305e-05
-72.3712 5.08305e-05
-100.235 4.08305e-05
-128.098 3.08305e-05
-155.961 2.08305e-05
-183.825 1.08305e-05
-211.688 8.30484e-07
-239.552 -9.16952e-06
-267.415 -1.91695e-05
-295.279 -2.91695e-05
-323.142 -3.91695e-05
-351.005 -4.91695e-05
-378.869 -5.91695e-05
-406.732 -6.91695e-05
-434.596 -7.91695e-05
-462.459 -8.91695e-05
-490.323 -9.91695e-05
-518.186 -0.00010917
-546.05 -0.00011917
-573.913 -0.00012917
-601.776 -0.00013917
-629.64 -0.00014917
-657.503 -0.00015917
-685.367 -0.00016917
-713.23 -0.00017917
-741.094 -0.00018917
-768.957 -0.00019917
-796.82 -0.00020917
-824.684 -0.00021917
-852.547 -0.00022917
-880.411 -0.00023917
-908.274 -0.00024917
-936.138 -0.00025917
-964.001 -0.00026917
-991.865 -0.00027917
-1019.73 -0.00028917
-1047.59 -0.00029917
-1075.45 -0.00030917
-1103.32 -0.00031917
-1131.18 -0.00032917
-1159.05 -0.00033917
-1186.91 -0.00034917
-1214.77 -0.00035917
-1242.64 -0.00036917
-1270.5 -0.00037917
-1298.36 -0.00038917
-1326.23 -0.00039917
-1354.09 -0.00040917
-1381.95 -0.00041917
-1409.82 -0.00042917
-1437.68 -0.00043917
-1465.54 -0.00044917
-1493.41 -0.00045917
-1521.27 -0.00046917
-1549.13 -0.00047917
-1577 -0.00048917
-1604.86 -0.00049917
-1632.72 -0.00050917
-1660.59 -0.00051917
-1688.45 -0.00052917
-1716.31 -0.00053917
-1744.18 -0.00054917
-1772.04 -0.00055917
-1799.9 -0.00056917
-1827.77 -0.00057917
-1855.63 -0.00058917
-1883.5 -0.00059917
-1911.36 -0.00060917
-1939.22 -0.00061917
-1967.09 -0.00062917
-1994.95 -0.00063917
-2022.81 -0.00064917
-2050.68 -0.00065917
-2078.54 -0.00066917
-2106.4 -0.00067917
-2134.27 -0.00068917
-2162.13 -0.00069917
-2189.99 -0.00070917
-2217.86 -0.00071917
-2245.72 -0.00072917
-2273.58 -0.00073917
-2301.45 -0.00074917
-2329.31 -0.00075917
-2357.17 -0.00076917
-2385.04 -0.00077917
-2412.9 -0.00078917
-2440.76 -0.00079917
-2468.63 -0.00080917
-2496.49 -0.00081917
-2524.36 -0.00082917
-2552.22 -0.00083917
-2580.08 -0.00084917
-2607.95 -0.00085917
-2635.81 -0.00086917
-2663.67 -0.00087917
-2691.54 -0.00088917
-2719.4 -0.00089917
-2747.26 -0.00090917
-2775.13 -0.00091917
