0 -5.9748e-07
0 -6.55856e-05
0 -142346
-15 -142346
-30 -142346
-45 -142346
-60 -142346
-75 -142346
-90 -142346
-105 -142346
-120 -142346
-135 -142346
-150 -142346
-165 -142346
-180 -142346
-195 -142346
-210 -142346
-225 -142346
-240 -142346
-255 -142346
-270 -142346
-285 -142346
-300 -142346
-315 -142346
-330 -142346
-345 -142346
-360 -142346
-375 -142346
-390 -142346
-405 -142346
-420 -142346
-435 -142346
-450 -142346
-465 -142346
-480 -142346
-495 -142346
-510 -142346
-525.001 -142346
-540.001 -142346
-555.001 -142346
-570.001 -142346
-585.001 -142346
-600.001 -142346
-615.001 -142346
-630.001 -142346
-645.001 -142346
-660.001 -142346
-675.001 -142346
-690.001 -142346
-705.001 -142346
-720.001 -142346
-735.001 -142346
-750.001 -142346
-765.001 -142346
-780.001 -142346
-795.001 -142346
-810.001 -142346
-825.001 -142346
-840.001 -142346
-855.001 -142346
-870.001 -142346
-885.001 -142346
-900.001 -142346
-915.002 -142346
-930.002 -142346
-945.002 -142346
-960.002 -142346
-975.002 -142346
-990.002 -142346
-1005 -142346
-1020 -142346
-1035 -142346
-1050 -142346
-1065 -142346
-1080 -142346
-1095 -142346
-1110 -142346
-1125 -142346
-1140 -142346
-1155 -142346
-1170 -142346
-1185 -142346
-1200 -142346
-1215 -142346
-1230 -142346
-1245 -142346
-1260 -142346
-1275 -142346
-1290 -142346
-1305 -142346
-1320 -142346
-1335 -142346
-1350 -142346
-1365 -142346
-1380 -142346
-1395 -142346
-1410 -142346
-1425 -142346
-1440 -142346
-1455 -142346
-1470 -142346
-1485 -142346
-1500 -142346
