0 -5.84405e-08
0 -1.48086e+08
0 -1.48086e+08
-939592 -1.47146e+08
-2.00189e+06 -1.46084e+08
-3.07674e+06 -1.45009e+08
-4.19255e+06 -1.43893e+08
-5.20582e+06 -1.4288e+08
-6.07999e+06 -1.42006e+08
-8.7679e+07 -6.0407e+07
-8.85196e+07 -5.95664e+07
-8.90843e+07 -5.90017e+07
-8.95636e+07 -5.85224e+07
-9.02193e+07 -5.78667e+07
-9.09687e+07 -5.71173e+07
-9.18742e+07 -5.62118e+07
-9.26137e+07 -5.54723e+07
-9.32244e+07 -5.48616e+07
-9.37689e+07 -5.43171e+07
-9.43988e+07 -5.36872e+07
-9.52332e+07 -5.28528e+07
-9.59799e+07 -5.21061e+07
-9.64718e+07 -5.16142e+07
-9.69761e+07 -5.11164e+07
-9.7429e+07 -5.0657e+07
-9.79727e+07 -5.01133e+07
-9.85449e+07 -4.95411e+07
-9.91265e+07 -4.89595e+07
-9.96517e+07 -4.84343e+07
-1.00118e+08 -4.79678e+07
-1.00518e+08 -4.75602e+07
-1.00853e+08 -4.72334e+07
-1.01174e+08 -4.69117e+07
-1.01635e+08 -4.64511e+07
-1.02154e+08 -4.59317e+07
-1.02657e+08 -4.54291e+07
-1.0296e+08 -4.51257e+07
-1.03271e+08 -4.48152e+07
-1.0358e+08 -4.45058e+07
-1.0384e+08 -4.42373e+07
-1.04147e+08 -4.39394e+07
-1.0452e+08 -4.35663e+07
-1.04925e+08 -4.31608e+07
-1.05243e+08 -4.28307e+07
-1.05503e+08 -4.25834e+07
-1.0579e+08 -4.22959e+07
-1.06036e+08 -4.20497e+07
-1.06284e+08 -4.18022e+07
-1.06556e+08 -4.15303e+07
-1.06723e+08 -4.13626e+07
-1.06933e+08 -4.11527e+07
-1.07339e+08 -4.07472e+07
-1.07657e+08 -4.04291e+07
-1.07902e+08 -4.01836e+07
-1.08117e+08 -3.99688e+07
-1.08285e+08 -3.98008e+07
-1.08408e+08 -3.96423e+07
-1.08599e+08 -3.94868e+07
-1.08757e+08 -3.93367e+07
-1.08909e+08 -3.9182e+07
-1.09174e+08 -3.89117e+07
-1.09459e+08 -3.86271e+07
-1.09878e+08 -3.82082e+07
-1.10084e+08 -3.80022e+07
-1.10186e+08 -3.79001e+07
-1.10281e+08 -3.78045e+07
-1.1038e+08 -3.77055e+07
-1.10486e+08 -3.75997e+07
-1.10599e+08 -3.74871e+07
-1.10722e+08 -3.73642e+07
-1.10869e+08 -3.72165e+07
-1.11388e+08 -3.66983e+07
-1.11534e+08 -3.65519e+07
-1.11719e+08 -3.63675e+07
-1.11903e+08 -3.61832e+07
-1.12054e+08 -3.60321e+07
-1.12167e+08 -3.59189e+07
-1.1227e+08 -3.58157e+07
-1.12366e+08 -3.57202e+07
-1.12439e+08 -3.56473e+07
-1.12499e+08 -3.55872e+07
-1.12584e+08 -3.55024e+07
-1.12698e+08 -3.53451e+07
-1.13758e+08 -3.43276e+07
-1.13873e+08 -3.4213e+07
-1.13869e+08 -3.42165e+07
-1.13839e+08 -3.42467e+07
-1.13845e+08 -3.42414e+07
-1.13875e+08 -3.42111e+07
-1.13925e+08 -3.41611e+07
-1.14009e+08 -3.40766e+07
-1.15596e+08 -3.26733e+07
-1.15212e+08 -3.28743e+07
-1.15171e+08 -3.29149e+07
-1.15146e+08 -3.29381e+07
-1.15187e+08 -3.28994e+07
-1.15204e+08 -3.28816e+07
-1.15244e+08 -3.28417e+07
-1.15316e+08 -3.27704e+07
-1.15405e+08 -3.26812e+07
-1.15476e+08 -3.26056e+07
-1.15634e+08 -3.22305e+07
-1.15516e+08 -3.21591e+07
