0 -2.9124e-06
0 -1.64125e-05
0 -18479.4
-15 -18479.4
-30 -18479.4
-45 -18479.4
-60 -18479.4
-75 -18479.4
-90 -18479.4
-105 -18479.4
-120 -18479.4
-135 -18479.4
-150 -18479.4
-165 -18479.4
-180 -18479.4
-195 -18479.4
-210 -18479.4
-225 -18479.4
-240 -18479.4
-255 -18479.4
-270 -18479.4
-285 -18479.4
-300 -18479.4
-315 -18479.4
-330 -18479.4
-345 -18479.4
-360.001 -18479.4
-375.001 -18479.4
-390.001 -18479.4
-405.001 -18479.4
-420.001 -18479.4
-435.001 -18479.4
-450.001 -18479.4
-465.001 -18479.4
-480.001 -18479.4
-495.001 -18479.4
-510.001 -18479.4
-525.001 -18479.4
-540.001 -18479.4
-555.001 -18479.4
-570.001 -18479.4
-585.001 -18479.4
-600.001 -18479.4
-615.001 -18479.4
-630.002 -18479.4
-645.002 -18479.4
-660.002 -18479.4
-675.002 -18479.4
-690.002 -18479.4
-705.002 -18479.4
-720.002 -18479.4
-735.002 -18479.4
-750.002 -18479.4
-765.002 -18479.4
-780.002 -18479.4
-795.002 -18479.4
-810.003 -18479.4
-825.003 -18479.4
-840.003 -18479.4
-855.003 -18479.4
-870.003 -18479.4
-885.003 -18479.4
-900.003 -18479.4
-915.003 -18479.4
-930.003 -18479.4
-945.004 -18479.4
-960.004 -18479.4
-975.004 -18479.4
-990.004 -18479.4
-1005 -18479.4
-1020 -18479.4
-1035 -18479.4
-1050 -18479.4
-1065 -18479.4
-1080 -18479.4
-1095 -18479.4
-1110 -18479.4
-1125 -18479.4
-1140.01 -18479.4
-1155.01 -18479.4
-1170.01 -18479.4
-1185.01 -18479.4
-1200.01 -18479.4
-1215.01 -18479.4
-1230.01 -18479.4
-1245.01 -18479.4
-1260.01 -18479.4
-1275.01 -18479.4
-1290.01 -18479.4
-1305.01 -18479.4
-1320.01 -18479.4
-1335.01 -18479.4
-1350.01 -18479.4
-1365.01 -18479.4
-1380.01 -18479.4
-1395.01 -18479.4
-1410.01 -18479.4
-1425.01 -18479.4
-1440.01 -18479.4
-1455.01 -18479.4
-1470.01 -18479.4
-1485.01 -18479.4
-1500.01 -18479.4
