0 -7.5304e-07
0 4.57299e-06
0 1.81018e-06
1.52998e+08 1.18102e-05
2.59095e+08 2.18102e-05
2.96053e+08 3.18102e-05
3.07867e+08 4.18102e-05
3.08392e+08 5.18102e-05
3.03047e+08 6.18102e-05
2.93082e+08 7.18102e-05
2.79949e+08 8.18102e-05
2.60847e+08 9.18102e-05
2.3399e+08 0.00010181
1.92535e+08 0.00011181
1.06995e+08 0.00012181
1.87768e+08 0.00013181
5.89556e+08 0.00014181
5.89556e+08 0.00015181
5.89556e+08 0.00016181
5.89556e+08 0.00017181
5.89556e+08 0.00018181
5.89556e+08 0.00019181
5.89556e+08 0.00020181
5.89556e+08 0.00021181
5.89556e+08 0.00022181
5.89556e+08 0.00023181
5.89556e+08 0.00024181
5.89556e+08 0.00025181
5.89556e+08 0.00026181
5.89556e+08 0.00027181
5.89556e+08 0.00028181
5.89556e+08 0.00029181
5.89556e+08 0.00030181
5.89556e+08 0.00031181
5.89556e+08 0.00032181
5.89556e+08 0.00033181
5.89556e+08 0.00034181
5.89556e+08 0.00035181
5.89556e+08 0.00036181
5.89556e+08 0.00037181
5.89556e+08 0.00038181
5.89556e+08 0.00039181
5.89556e+08 0.00040181
5.89556e+08 0.00041181
5.89556e+08 0.00042181
5.89556e+08 0.00043181
5.89556e+08 0.00044181
5.89556e+08 0.00045181
5.89556e+08 0.00046181
5.89556e+08 0.00047181
5.89556e+08 0.00048181
5.89556e+08 0.00049181
5.89556e+08 0.00050181
5.89556e+08 0.00051181
5.89556e+08 0.00052181
5.89556e+08 0.00053181
5.89556e+08 0.00054181
5.89556e+08 0.00055181
5.89556e+08 0.00056181
5.89556e+08 0.00057181
5.89556e+08 0.00058181
5.89556e+08 0.00059181
5.89556e+08 0.00060181
5.89556e+08 0.00061181
5.89556e+08 0.00062181
5.89556e+08 0.00063181
5.89556e+08 0.00064181
5.89556e+08 0.00065181
5.89556e+08 0.00066181
5.89556e+08 0.00067181
5.89556e+08 0.00068181
5.89556e+08 0.00069181
5.89556e+08 0.00070181
5.89556e+08 0.00071181
5.89556e+08 0.00072181
5.89556e+08 0.00073181
5.89556e+08 0.00074181
5.89556e+08 0.00075181
5.89556e+08 0.00076181
5.89556e+08 0.00077181
5.89556e+08 0.00078181
5.89556e+08 0.00079181
5.89556e+08 0.00080181
5.89556e+08 0.00081181
5.89556e+08 0.00082181
5.89556e+08 0.00083181
5.89556e+08 0.00084181
5.89556e+08 0.00085181
5.89556e+08 0.00086181
5.89556e+08 0.00087181
5.89556e+08 0.00088181
5.89556e+08 0.00089181
5.89556e+08 0.00090181
5.89556e+08 0.00091181
5.89556e+08 0.00092181
5.89556e+08 0.00093181
5.89556e+08 0.00094181
5.89556e+08 0.00095181
5.89556e+08 0.00096181
5.89556e+08 0.00097181
5.89556e+08 0.00098181
5.89556e+08 0.00099181
5.89556e+08 0.00100181
