0 -4.50681e-06
0 -1.57088e-05
0 -0.000129753
1.31111e+08 -0.000139753
3.63326e+08 -0.000149753
6.38897e+08 -0.000159753
6.38897e+08 -0.000169753
6.38897e+08 -0.000179753
6.38897e+08 -0.000189753
6.38897e+08 -0.000199753
6.38897e+08 -0.000209753
6.38897e+08 -0.000219753
6.38897e+08 -0.000229753
6.38897e+08 -0.000239753
6.38897e+08 -0.000249753
6.38897e+08 -0.000259753
6.38897e+08 -0.000269753
6.38897e+08 -0.000279753
6.38897e+08 -0.000289753
6.38897e+08 -0.000299753
6.38897e+08 -0.000309753
6.38897e+08 -0.000319753
6.38897e+08 -0.000329753
6.38897e+08 -0.000339753
6.38897e+08 -0.000349753
6.38897e+08 -0.000359753
6.38897e+08 -0.000369753
6.38897e+08 -0.000379753
6.38897e+08 -0.000389753
6.38897e+08 -0.000399753
6.38897e+08 -0.000409753
6.38897e+08 -0.000419753
6.38897e+08 -0.000429753
6.38897e+08 -0.000439753
6.38897e+08 -0.000449753
6.38897e+08 -0.000459753
6.38897e+08 -0.000469753
6.38897e+08 -0.000479753
6.38897e+08 -0.000489753
6.38897e+08 -0.000499753
6.38897e+08 -0.000509753
6.38897e+08 -0.000519753
6.38897e+08 -0.000529753
6.38897e+08 -0.000539753
6.38897e+08 -0.000549753
6.38897e+08 -0.000559753
6.38897e+08 -0.000569753
6.38897e+08 -0.000579753
6.38897e+08 -0.000589753
6.38897e+08 -0.000599753
6.38897e+08 -0.000609753
6.38897e+08 -0.000619753
6.38897e+08 -0.000629753
6.38897e+08 -0.000639753
6.38897e+08 -0.000649753
6.38897e+08 -0.000659753
6.38897e+08 -0.000669753
6.38897e+08 -0.000679753
6.38897e+08 -0.000689753
6.38897e+08 -0.000699753
6.38897e+08 -0.000709753
6.38897e+08 -0.000719753
6.38897e+08 -0.000729753
6.38897e+08 -0.000739753
6.38897e+08 -0.000749753
6.38897e+08 -0.000759753
6.38897e+08 -0.000769753
6.38897e+08 -0.000779753
6.38897e+08 -0.000789753
6.38897e+08 -0.000799753
6.38897e+08 -0.000809753
6.38897e+08 -0.000819753
6.38897e+08 -0.000829753
6.38897e+08 -0.000839753
6.38897e+08 -0.000849753
6.38897e+08 -0.000859753
6.38897e+08 -0.000869753
6.38897e+08 -0.000879753
6.38897e+08 -0.000889753
6.38897e+08 -0.000899753
6.38897e+08 -0.000909753
6.38897e+08 -0.000919753
6.38897e+08 -0.000929753
6.38897e+08 -0.000939753
6.38897e+08 -0.000949753
6.38897e+08 -0.000959753
6.38897e+08 -0.000969753
6.38897e+08 -0.000979753
6.38897e+08 -0.000989753
6.38897e+08 -0.000999753
6.38897e+08 -0.00100975
6.38897e+08 -0.00101975
6.38897e+08 -0.00102975
6.38897e+08 -0.00103975
6.38897e+08 -0.00104975
6.38897e+08 -0.00105975
6.38897e+08 -0.00106975
6.38897e+08 -0.00107975
6.38897e+08 -0.00108975
6.38897e+08 -0.00109975
6.38897e+08 -0.00110975
6.38897e+08 -0.00111975
6.38897e+08 -0.00112975
