0 -2.01748e-06
0 -1.70059e-05
0 -1.00761e-05
-1.49716e+08 -2.00761e-05
-1.82929e+08 -3.00761e-05
-1.82473e+08 -4.00761e-05
-1.70099e+08 -5.00761e-05
-1.47777e+08 -6.00761e-05
-1.1442e+08 -7.00761e-05
-6.43092e+07 -8.00761e-05
2.2256e+07 -9.00761e-05
3.39615e+08 -0.000100076
6.46523e+08 -0.000110076
6.46523e+08 -0.000120076
6.46523e+08 -0.000130076
6.46523e+08 -0.000140076
6.46523e+08 -0.000150076
6.46523e+08 -0.000160076
6.46523e+08 -0.000170076
6.46523e+08 -0.000180076
6.46523e+08 -0.000190076
6.46523e+08 -0.000200076
6.46523e+08 -0.000210076
6.46523e+08 -0.000220076
6.46523e+08 -0.000230076
6.46523e+08 -0.000240076
6.46523e+08 -0.000250076
6.46523e+08 -0.000260076
6.46523e+08 -0.000270076
6.46523e+08 -0.000280076
6.46523e+08 -0.000290076
6.46523e+08 -0.000300076
6.46523e+08 -0.000310076
6.46523e+08 -0.000320076
6.46523e+08 -0.000330076
6.46523e+08 -0.000340076
6.46523e+08 -0.000350076
6.46523e+08 -0.000360076
6.46523e+08 -0.000370076
6.46523e+08 -0.000380076
6.46523e+08 -0.000390076
6.46523e+08 -0.000400076
6.46523e+08 -0.000410076
6.46523e+08 -0.000420076
6.46523e+08 -0.000430076
6.46523e+08 -0.000440076
6.46523e+08 -0.000450076
6.46523e+08 -0.000460076
6.46523e+08 -0.000470076
6.46523e+08 -0.000480076
6.46523e+08 -0.000490076
6.46523e+08 -0.000500076
6.46523e+08 -0.000510076
6.46523e+08 -0.000520076
6.46523e+08 -0.000530076
6.46523e+08 -0.000540076
6.46523e+08 -0.000550076
6.46523e+08 -0.000560076
6.46523e+08 -0.000570076
6.46523e+08 -0.000580076
6.46523e+08 -0.000590076
6.46523e+08 -0.000600076
6.46523e+08 -0.000610076
6.46523e+08 -0.000620076
6.46523e+08 -0.000630076
6.46523e+08 -0.000640076
6.46523e+08 -0.000650076
6.46523e+08 -0.000660076
6.46523e+08 -0.000670076
6.46523e+08 -0.000680076
6.46523e+08 -0.000690076
6.46523e+08 -0.000700076
6.46523e+08 -0.000710076
6.46523e+08 -0.000720076
6.46523e+08 -0.000730076
6.46523e+08 -0.000740076
6.46523e+08 -0.000750076
6.46523e+08 -0.000760076
6.46523e+08 -0.000770076
6.46523e+08 -0.000780076
6.46523e+08 -0.000790076
6.46523e+08 -0.000800076
6.46523e+08 -0.000810076
6.46523e+08 -0.000820076
6.46523e+08 -0.000830076
6.46523e+08 -0.000840076
6.46523e+08 -0.000850076
6.46523e+08 -0.000860076
6.46523e+08 -0.000870076
6.46523e+08 -0.000880076
6.46523e+08 -0.000890076
6.46523e+08 -0.000900076
6.46523e+08 -0.000910076
6.46523e+08 -0.000920076
6.46523e+08 -0.000930076
6.46523e+08 -0.000940076
6.46523e+08 -0.000950076
6.46523e+08 -0.000960076
6.46523e+08 -0.000970076
6.46523e+08 -0.000980076
6.46523e+08 -0.000990076
6.46523e+08 -0.00100008
6.46523e+08 -0.00101008
