0 -2.66513e-07
0 -5.68073e-05
0 -599350
-15 -599350
-30 -599350
-45 -599350
-60 -599350
-75 -599350
-90 -599350
-105 -599350
-120 -599350
-135 -599350
-150 -599350
-165 -599350
-180 -599350
-195 -599350
-210 -599350
-225 -599350
-240 -599350
-255 -599350
-270 -599350
-285 -599350
-300 -599350
-315 -599350
-330 -599350
-345 -599350
-360 -599350
-375 -599350
-390 -599350
-405 -599350
-420 -599350
-435 -599350
-450 -599350
-465 -599350
-480 -599350
-495 -599350
-510 -599350
-525 -599350
-540 -599350
-555 -599350
-570 -599350
-585 -599350
-600 -599350
-615 -599350
-630 -599350
-645 -599350
-660 -599350
-675 -599350
-690 -599350
-705 -599350
-720 -599350
-735 -599350
-750 -599350
-765 -599350
-780 -599350
-795 -599350
-810 -599350
-825 -599350
-840 -599350
-855 -599350
-870 -599350
-885 -599350
-900 -599350
-915 -599350
-930 -599350
-945.001 -599350
-960.001 -599350
-975.001 -599350
-990.001 -599350
-1005 -599350
-1020 -599350
-1035 -599350
-1050 -599350
-1065 -599350
-1080 -599350
-1095 -599350
-1110 -599350
-1125 -599350
-1140 -599350
-1155 -599350
-1170 -599350
-1185 -599350
-1200 -599350
-1215 -599350
-1230 -599350
-1245 -599350
-1260 -599350
-1275 -599350
-1290 -599350
-1305 -599350
-1320 -599350
-1335 -599350
-1350 -599350
-1365 -599350
-1380 -599350
-1395 -599350
-1410 -599350
-1425 -599350
-1440 -599350
-1455 -599350
-1470 -599350
-1485 -599350
-1500 -599350
