0 1.68942e-06
0 1.42176e+08
0 1.42176e+08
-1.29055e+08 2.71231e+08
-1.73114e+08 3.1529e+08
-1.9712e+08 3.39296e+08
-2.06751e+08 3.48927e+08
-2.09179e+08 3.51355e+08
-2.07006e+08 3.49182e+08
-2.00984e+08 3.4316e+08
-1.91173e+08 3.33349e+08
-1.77353e+08 3.19529e+08
-1.58532e+08 3.00708e+08
-1.33091e+08 2.75267e+08
-9.75417e+07 2.39718e+08
-5.10333e+07 1.93209e+08
419515 1.41757e+08
6.07806e+07 8.13955e+07
1.84465e+08 -4.22889e+07
3.59828e+08 -2.17652e+08
5.94758e+08 0
5.94758e+08 0
5.94758e+08 0
5.94758e+08 0
5.94758e+08 0
5.94758e+08 0
5.94758e+08 0
5.94758e+08 0
5.94758e+08 0
5.94758e+08 0
5.94758e+08 0
5.94758e+08 0
5.94758e+08 0
5.94758e+08 0
5.94758e+08 0
5.94758e+08 0
5.94758e+08 0
5.94758e+08 0
5.94758e+08 0
5.94758e+08 0
5.94758e+08 0
5.94758e+08 0
5.94758e+08 0
5.94758e+08 0
5.94758e+08 0
5.94758e+08 0
5.94758e+08 0
5.94758e+08 0
5.94758e+08 0
5.94758e+08 0
5.94758e+08 0
5.94758e+08 0
5.94758e+08 0
5.94758e+08 0
5.94758e+08 0
5.94758e+08 0
5.94758e+08 0
5.94758e+08 0
5.94758e+08 0
5.94758e+08 0
5.94758e+08 0
5.94758e+08 0
5.94758e+08 0
5.94758e+08 0
5.94758e+08 0
5.94758e+08 0
5.94758e+08 0
5.94758e+08 0
5.94758e+08 0
5.94758e+08 0
5.94758e+08 0
5.94758e+08 0
5.94758e+08 0
5.94758e+08 0
5.94758e+08 0
5.94758e+08 0
5.94758e+08 0
5.94758e+08 0
5.94758e+08 0
5.94758e+08 0
5.94758e+08 0
5.94758e+08 0
5.94758e+08 0
5.94758e+08 0
5.94758e+08 0
5.94758e+08 0
5.94758e+08 0
5.94758e+08 0
5.94758e+08 0
5.94758e+08 0
5.94758e+08 0
5.94758e+08 0
5.94758e+08 0
5.94758e+08 0
5.94758e+08 0
5.94758e+08 0
5.94758e+08 0
5.94758e+08 0
5.94758e+08 0
5.94758e+08 0
5.94758e+08 0
5.94758e+08 0
5.94758e+08 0
