0 -4.89031e-06
0 -1.72992e-05
0 -1.01409e-05
-1.34521e+08 -2.01409e-05
-1.98225e+08 -3.01409e-05
-1.9262e+08 -4.01409e-05
-1.65698e+08 -5.01409e-05
-1.22807e+08 -6.01409e-05
-6.0764e+07 -7.01409e-05
4.61412e+07 -8.01409e-05
9.16081e+08 -9.01409e-05
9.16081e+08 -0.000100141
9.16081e+08 -0.000110141
9.16081e+08 -0.000120141
9.16081e+08 -0.000130141
9.16081e+08 -0.000140141
9.16081e+08 -0.000150141
9.16081e+08 -0.000160141
9.16081e+08 -0.000170141
9.16081e+08 -0.000180141
9.16081e+08 -0.000190141
9.16081e+08 -0.000200141
9.16081e+08 -0.000210141
9.16081e+08 -0.000220141
9.16081e+08 -0.000230141
9.16081e+08 -0.000240141
9.16081e+08 -0.000250141
9.16081e+08 -0.000260141
9.16081e+08 -0.000270141
9.16081e+08 -0.000280141
9.16081e+08 -0.000290141
9.16081e+08 -0.000300141
9.16081e+08 -0.000310141
9.16081e+08 -0.000320141
9.16081e+08 -0.000330141
9.16081e+08 -0.000340141
9.16081e+08 -0.000350141
9.16081e+08 -0.000360141
9.16081e+08 -0.000370141
9.16081e+08 -0.000380141
9.16081e+08 -0.000390141
9.16081e+08 -0.000400141
9.16081e+08 -0.000410141
9.16081e+08 -0.000420141
9.16081e+08 -0.000430141
9.16081e+08 -0.000440141
9.16081e+08 -0.000450141
9.16081e+08 -0.000460141
9.16081e+08 -0.000470141
9.16081e+08 -0.000480141
9.16081e+08 -0.000490141
9.16081e+08 -0.000500141
9.16081e+08 -0.000510141
9.16081e+08 -0.000520141
9.16081e+08 -0.000530141
9.16081e+08 -0.000540141
9.16081e+08 -0.000550141
9.16081e+08 -0.000560141
9.16081e+08 -0.000570141
9.16081e+08 -0.000580141
9.16081e+08 -0.000590141
9.16081e+08 -0.000600141
9.16081e+08 -0.000610141
9.16081e+08 -0.000620141
9.16081e+08 -0.000630141
9.16081e+08 -0.000640141
9.16081e+08 -0.000650141
9.16081e+08 -0.000660141
9.16081e+08 -0.000670141
9.16081e+08 -0.000680141
9.16081e+08 -0.000690141
9.16081e+08 -0.000700141
9.16081e+08 -0.000710141
9.16081e+08 -0.000720141
9.16081e+08 -0.000730141
9.16081e+08 -0.000740141
9.16081e+08 -0.000750141
9.16081e+08 -0.000760141
9.16081e+08 -0.000770141
9.16081e+08 -0.000780141
9.16081e+08 -0.000790141
9.16081e+08 -0.000800141
9.16081e+08 -0.000810141
9.16081e+08 -0.000820141
9.16081e+08 -0.000830141
9.16081e+08 -0.000840141
9.16081e+08 -0.000850141
9.16081e+08 -0.000860141
9.16081e+08 -0.000870141
9.16081e+08 -0.000880141
9.16081e+08 -0.000890141
9.16081e+08 -0.000900141
9.16081e+08 -0.000910141
9.16081e+08 -0.000920141
9.16081e+08 -0.000930141
9.16081e+08 -0.000940141
9.16081e+08 -0.000950141
9.16081e+08 -0.000960141
9.16081e+08 -0.000970141
9.16081e+08 -0.000980141
9.16081e+08 -0.000990141
9.16081e+08 -0.00100014
9.16081e+08 -0.00101014
