0 -2.98919e-07
0 0.000314701
0 -841022
-15 -841022
-30 -841022
-45 -841022
-60 -841022
-75 -841022
-90 -841022
-105 -841022
-120 -841022
-135 -841022
-150 -841022
-165 -841022
-180 -841022
-195 -841022
-210 -841022
-225 -841022
-240 -841022
-255 -841022
-270 -841022
-285 -841022
-300 -841022
-315 -841022
-330 -841022
-345 -841022
-360 -841022
-375 -841022
-390 -841022
-405 -841022
-420 -841022
-435 -841022
-450 -841022
-465 -841022
-480 -841022
-495 -841022
-510 -841022
-525 -841022
-540 -841022
-555 -841022
-570 -841022
-585 -841022
-600 -841022
-615 -841022
-630 -841022
-645 -841022
-660 -841022
-675 -841022
-690 -841022
-705 -841022
-720 -841022
-735 -841022
-750 -841022
-765 -841022
-780 -841022
-795 -841022
-810 -841022
-825 -841022
-840 -841022
-855 -841022
-870 -841022
-885 -841022
-900 -841022
-915 -841022
-930 -841022
-945 -841022
-960 -841022
-975 -841022
-990 -841022
-1005 -841022
-1020 -841022
-1035 -841022
-1050 -841022
-1065 -841022
-1080 -841022
-1095 -841022
-1110 -841022
-1125 -841022
-1140 -841022
-1155 -841022
-1170 -841022
-1185 -841022
-1200 -841022
-1215 -841022
-1230 -841022
-1245 -841022
-1260 -841022
-1275 -841022
-1290 -841022
-1305 -841022
-1320 -841022
-1335 -841022
-1350 -841022
-1365 -841022
-1380 -841022
-1395 -841022
-1410 -841022
-1425 -841022
-1440 -841022
-1455 -841022
-1470 -841022
-1485 -841022
-1500 -841022
