0 -4.18372e-06
0 3.58192e-05
0 16793.4
-15 16793.4
-30 16793.4
-45 16793.4
-59.9999 16793.4
-74.9999 16793.4
-89.9998 16793.4
-105 16793.4
-120 16793.4
-135 16793.4
-150 16793.4
-164.999 16793.4
-179.999 16793.4
-194.999 16793.4
-209.999 16793.4
-224.999 16793.4
-239.999 16793.4
-254.999 16793.4
-269.998 16793.4
-284.998 16793.4
-299.998 16793.4
-314.998 16793.4
-329.998 16793.4
-344.997 16793.4
-359.997 16793.4
-374.997 16793.4
-389.997 16793.4
-404.996 16793.4
-419.996 16793.4
-434.996 16793.4
-449.996 16793.4
-464.995 16793.4
-479.995 16793.4
-494.995 16793.4
-509.994 16793.4
-524.994 16793.4
-539.994 16793.4
-554.993 16793.4
-569.993 16793.4
-584.993 16793.4
-599.992 16793.4
-614.992 16793.4
-629.991 16793.4
-644.991 16793.4
-659.991 16793.4
-674.99 16793.4
-689.99 16793.4
-704.989 16793.4
-719.989 16793.4
-734.988 16793.4
-749.988 16793.4
-764.987 16793.4
-779.987 16793.4
-794.986 16793.4
-809.986 16793.4
-824.985 16793.4
-839.985 16793.4
-854.984 16793.4
-869.984 16793.4
-884.983 16793.4
-899.982 16793.4
-914.982 16793.4
-929.981 16793.4
-944.981 16793.4
-959.98 16793.4
-974.979 16793.4
-989.979 16793.4
-1004.98 16793.4
-1019.98 16793.4
-1034.98 16793.4
-1049.98 16793.4
-1064.98 16793.4
-1079.97 16793.4
-1094.97 16793.4
-1109.97 16793.4
-1124.97 16793.4
-1139.97 16793.4
-1154.97 16793.4
-1169.97 16793.4
-1184.97 16793.4
-1199.97 16793.4
-1214.97 16793.4
-1229.97 16793.4
-1244.97 16793.4
-1259.97 16793.4
-1274.96 16793.4
-1289.96 16793.4
-1304.96 16793.4
-1319.96 16793.4
-1334.96 16793.4
-1349.96 16793.4
-1364.96 16793.4
-1379.96 16793.4
-1394.96 16793.4
-1409.96 16793.4
-1424.96 16793.4
-1439.95 16793.4
-1454.95 16793.4
-1469.95 16793.4
-1484.95 16793.4
-1499.95 16793.4
