0 5.58794e-08
0 3.29376e+07
0 3.29376e+07
-1.62677e+08 1.95615e+08
-2.29591e+08 2.62529e+08
-2.13063e+08 2.46001e+08
-1.60938e+08 1.93876e+08
-7.18124e+07 1.0475e+08
7.39239e+08 0
7.39239e+08 0
7.39239e+08 0
7.39239e+08 0
7.39239e+08 0
7.39239e+08 0
7.39239e+08 0
7.39239e+08 0
7.39239e+08 0
7.39239e+08 0
7.39239e+08 0
7.39239e+08 0
7.39239e+08 0
7.39239e+08 0
7.39239e+08 0
7.39239e+08 0
7.39239e+08 0
7.39239e+08 0
7.39239e+08 0
7.39239e+08 0
7.39239e+08 0
7.39239e+08 0
7.39239e+08 0
7.39239e+08 0
7.39239e+08 0
7.39239e+08 0
7.39239e+08 0
7.39239e+08 0
7.39239e+08 0
7.39239e+08 0
7.39239e+08 0
7.39239e+08 0
7.39239e+08 0
7.39239e+08 0
7.39239e+08 0
7.39239e+08 0
7.39239e+08 0
7.39239e+08 0
7.39239e+08 0
7.39239e+08 0
7.39239e+08 0
7.39239e+08 0
7.39239e+08 0
7.39239e+08 0
7.39239e+08 0
7.39239e+08 0
7.39239e+08 0
7.39239e+08 0
7.39239e+08 0
7.39239e+08 0
7.39239e+08 0
7.39239e+08 0
7.39239e+08 0
7.39239e+08 0
7.39239e+08 0
7.39239e+08 0
7.39239e+08 0
7.39239e+08 0
7.39239e+08 0
7.39239e+08 0
7.39239e+08 0
7.39239e+08 0
7.39239e+08 0
7.39239e+08 0
7.39239e+08 0
7.39239e+08 0
7.39239e+08 0
7.39239e+08 0
7.39239e+08 0
7.39239e+08 0
7.39239e+08 0
7.39239e+08 0
7.39239e+08 0
7.39239e+08 0
7.39239e+08 0
7.39239e+08 0
7.39239e+08 0
7.39239e+08 0
7.39239e+08 0
7.39239e+08 0
7.39239e+08 0
7.39239e+08 0
7.39239e+08 0
7.39239e+08 0
7.39239e+08 0
7.39239e+08 0
7.39239e+08 0
7.39239e+08 0
7.39239e+08 0
7.39239e+08 0
7.39239e+08 0
7.39239e+08 0
7.39239e+08 0
7.39239e+08 0
7.39239e+08 0
