0 -4.69589e-06
0 5.06452e-06
0 -1294.29
-15 -1294.29
-30.0001 -1294.29
-45.0002 -1294.29
-60.0003 -1294.29
-75.0004 -1294.29
-90.0006 -1294.29
-105.001 -1294.29
-120.001 -1294.29
-135.001 -1294.29
-150.002 -1294.29
-165.002 -1294.29
-180.003 -1294.29
-195.003 -1294.29
-210.003 -1294.29
-225.004 -1294.29
-240.004 -1294.29
-255.005 -1294.29
-270.006 -1294.29
-285.006 -1294.29
-300.007 -1294.29
-315.008 -1294.29
-330.008 -1294.29
-345.009 -1294.29
-360.01 -1294.29
-375.011 -1294.29
-390.012 -1294.29
-405.013 -1294.29
-420.014 -1294.29
-435.015 -1294.29
-450.016 -1294.29
-465.017 -1294.29
-480.018 -1294.29
-495.019 -1294.29
-510.02 -1294.29
-525.021 -1294.29
-540.023 -1294.29
-555.024 -1294.29
-570.025 -1294.29
-585.027 -1294.29
-600.028 -1294.29
-615.029 -1294.29
-630.031 -1294.29
-645.032 -1294.29
-660.034 -1294.29
-675.035 -1294.29
-690.037 -1294.29
-705.039 -1294.29
-720.04 -1294.29
-735.042 -1294.29
-750.044 -1294.29
-765.045 -1294.29
-780.047 -1294.29
-795.049 -1294.29
-810.051 -1294.29
-825.053 -1294.29
-840.055 -1294.29
-855.057 -1294.29
-870.059 -1294.29
-885.061 -1294.29
-900.063 -1294.29
-915.065 -1294.29
-930.067 -1294.29
-945.069 -1294.29
-960.071 -1294.29
-975.074 -1294.29
-990.076 -1294.29
-1005.08 -1294.29
-1020.08 -1294.29
-1035.08 -1294.29
-1050.09 -1294.29
-1065.09 -1294.29
-1080.09 -1294.29
-1095.09 -1294.29
-1110.1 -1294.29
-1125.1 -1294.29
-1140.1 -1294.29
-1155.1 -1294.29
-1170.11 -1294.29
-1185.11 -1294.29
-1200.11 -1294.29
-1215.11 -1294.29
-1230.12 -1294.29
-1245.12 -1294.29
-1260.12 -1294.29
-1275.13 -1294.29
-1290.13 -1294.29
-1305.13 -1294.29
-1320.14 -1294.29
-1335.14 -1294.29
-1350.14 -1294.29
-1365.14 -1294.29
-1380.15 -1294.29
-1395.15 -1294.29
-1410.15 -1294.29
-1425.16 -1294.29
-1440.16 -1294.29
-1455.16 -1294.29
-1470.17 -1294.29
-1485.17 -1294.29
-1500.17 -1294.29
