0 -3.31685e-06
0 -3.49537e-06
0 1.86265e-08
-1.63167e+08 1.63167e+08
-2.88333e+08 2.88333e+08
-3.27369e+08 3.27369e+08
-3.27414e+08 3.27414e+08
-3.11659e+08 3.11659e+08
-2.84691e+08 2.84691e+08
-2.46325e+08 2.46325e+08
-1.93217e+08 1.93217e+08
-1.10351e+08 1.10351e+08
8.47622e+07 -8.47622e+07
7.24131e+08 0
7.24131e+08 0
7.24131e+08 0
7.24131e+08 0
7.24131e+08 0
7.24131e+08 0
7.24131e+08 0
7.24131e+08 0
7.24131e+08 0
7.24131e+08 0
7.24131e+08 0
7.24131e+08 0
7.24131e+08 0
7.24131e+08 0
7.24131e+08 0
7.24131e+08 0
7.24131e+08 0
7.24131e+08 0
7.24131e+08 0
7.24131e+08 0
7.24131e+08 0
7.24131e+08 0
7.24131e+08 0
7.24131e+08 0
7.24131e+08 0
7.24131e+08 0
7.24131e+08 0
7.24131e+08 0
7.24131e+08 0
7.24131e+08 0
7.24131e+08 0
7.24131e+08 0
7.24131e+08 0
7.24131e+08 0
7.24131e+08 0
7.24131e+08 0
7.24131e+08 0
7.24131e+08 0
7.24131e+08 0
7.24131e+08 0
7.24131e+08 0
7.24131e+08 0
7.24131e+08 0
7.24131e+08 0
7.24131e+08 0
7.24131e+08 0
7.24131e+08 0
7.24131e+08 0
7.24131e+08 0
7.24131e+08 0
7.24131e+08 0
7.24131e+08 0
7.24131e+08 0
7.24131e+08 0
7.24131e+08 0
7.24131e+08 0
7.24131e+08 0
7.24131e+08 0
7.24131e+08 0
7.24131e+08 0
7.24131e+08 0
7.24131e+08 0
7.24131e+08 0
7.24131e+08 0
7.24131e+08 0
7.24131e+08 0
7.24131e+08 0
7.24131e+08 0
7.24131e+08 0
7.24131e+08 0
7.24131e+08 0
7.24131e+08 0
7.24131e+08 0
7.24131e+08 0
7.24131e+08 0
7.24131e+08 0
7.24131e+08 0
7.24131e+08 0
7.24131e+08 0
7.24131e+08 0
7.24131e+08 0
7.24131e+08 0
7.24131e+08 0
7.24131e+08 0
7.24131e+08 0
7.24131e+08 0
7.24131e+08 0
7.24131e+08 0
7.24131e+08 0
7.24131e+08 0
