0 -4.4982e-07
0 7.64663e-05
0 -249309
-15 -249309
-30 -249309
-45 -249309
-60 -249309
-75 -249309
-90 -249309
-105 -249309
-120 -249309
-135 -249309
-150 -249309
-165 -249309
-180 -249309
-195 -249309
-210 -249309
-225 -249309
-240 -249309
-255 -249309
-270 -249309
-285 -249309
-300 -249309
-315 -249309
-330 -249309
-345 -249309
-360 -249309
-375 -249309
-390 -249309
-405 -249309
-420 -249309
-435 -249309
-450 -249309
-465 -249309
-480 -249309
-495 -249309
-510 -249309
-525 -249309
-540 -249309
-555 -249309
-570 -249309
-585 -249309
-600 -249309
-615 -249309
-630 -249309
-645 -249309
-660 -249309
-675.001 -249309
-690.001 -249309
-705.001 -249309
-720.001 -249309
-735.001 -249309
-750.001 -249309
-765.001 -249309
-780.001 -249309
-795.001 -249309
-810.001 -249309
-825.001 -249309
-840.001 -249309
-855.001 -249309
-870.001 -249309
-885.001 -249309
-900.001 -249309
-915.001 -249309
-930.001 -249309
-945.001 -249309
-960.001 -249309
-975.001 -249309
-990.001 -249309
-1005 -249309
-1020 -249309
-1035 -249309
-1050 -249309
-1065 -249309
-1080 -249309
-1095 -249309
-1110 -249309
-1125 -249309
-1140 -249309
-1155 -249309
-1170 -249309
-1185 -249309
-1200 -249309
-1215 -249309
-1230 -249309
-1245 -249309
-1260 -249309
-1275 -249309
-1290 -249309
-1305 -249309
-1320 -249309
-1335 -249309
-1350 -249309
-1365 -249309
-1380 -249309
-1395 -249309
-1410 -249309
-1425 -249309
-1440 -249309
-1455 -249309
-1470 -249309
-1485 -249309
-1500 -249309
