0 -3.65188e-06
0 -1.27037e-05
0 -7.34729e-06
-1.60028e+08 -1.73473e-05
-2.39145e+08 -2.73473e-05
-2.50447e+08 -3.73473e-05
-2.38664e+08 -4.73473e-05
-2.13916e+08 -5.73473e-05
-1.76944e+08 -6.73473e-05
-1.25133e+08 -7.73473e-05
-4.58573e+07 -8.73473e-05
1.53232e+08 -9.73473e-05
8.2077e+08 -0.000107347
8.2077e+08 -0.000117347
8.2077e+08 -0.000127347
8.2077e+08 -0.000137347
8.2077e+08 -0.000147347
8.2077e+08 -0.000157347
8.2077e+08 -0.000167347
8.2077e+08 -0.000177347
8.2077e+08 -0.000187347
8.2077e+08 -0.000197347
8.2077e+08 -0.000207347
8.2077e+08 -0.000217347
8.2077e+08 -0.000227347
8.2077e+08 -0.000237347
8.2077e+08 -0.000247347
8.2077e+08 -0.000257347
8.2077e+08 -0.000267347
8.2077e+08 -0.000277347
8.2077e+08 -0.000287347
8.2077e+08 -0.000297347
8.2077e+08 -0.000307347
8.2077e+08 -0.000317347
8.2077e+08 -0.000327347
8.2077e+08 -0.000337347
8.2077e+08 -0.000347347
8.2077e+08 -0.000357347
8.2077e+08 -0.000367347
8.2077e+08 -0.000377347
8.2077e+08 -0.000387347
8.2077e+08 -0.000397347
8.2077e+08 -0.000407347
8.2077e+08 -0.000417347
8.2077e+08 -0.000427347
8.2077e+08 -0.000437347
8.2077e+08 -0.000447347
8.2077e+08 -0.000457347
8.2077e+08 -0.000467347
8.2077e+08 -0.000477347
8.2077e+08 -0.000487347
8.2077e+08 -0.000497347
8.2077e+08 -0.000507347
8.2077e+08 -0.000517347
8.2077e+08 -0.000527347
8.2077e+08 -0.000537347
8.2077e+08 -0.000547347
8.2077e+08 -0.000557347
8.2077e+08 -0.000567347
8.2077e+08 -0.000577347
8.2077e+08 -0.000587347
8.2077e+08 -0.000597347
8.2077e+08 -0.000607347
8.2077e+08 -0.000617347
8.2077e+08 -0.000627347
8.2077e+08 -0.000637347
8.2077e+08 -0.000647347
8.2077e+08 -0.000657347
8.2077e+08 -0.000667347
8.2077e+08 -0.000677347
8.2077e+08 -0.000687347
8.2077e+08 -0.000697347
8.2077e+08 -0.000707347
8.2077e+08 -0.000717347
8.2077e+08 -0.000727347
8.2077e+08 -0.000737347
8.2077e+08 -0.000747347
8.2077e+08 -0.000757347
8.2077e+08 -0.000767347
8.2077e+08 -0.000777347
8.2077e+08 -0.000787347
8.2077e+08 -0.000797347
8.2077e+08 -0.000807347
8.2077e+08 -0.000817347
8.2077e+08 -0.000827347
8.2077e+08 -0.000837347
8.2077e+08 -0.000847347
8.2077e+08 -0.000857347
8.2077e+08 -0.000867347
8.2077e+08 -0.000877347
8.2077e+08 -0.000887347
8.2077e+08 -0.000897347
8.2077e+08 -0.000907347
8.2077e+08 -0.000917347
8.2077e+08 -0.000927347
8.2077e+08 -0.000937347
8.2077e+08 -0.000947347
8.2077e+08 -0.000957347
8.2077e+08 -0.000967347
8.2077e+08 -0.000977347
8.2077e+08 -0.000987347
8.2077e+08 -0.000997347
8.2077e+08 -0.00100735
