0 -1.68732e-06
0 -5.14915e+07
0 -5.14915e+07
1.48017e+08 -1.99509e+08
2.55745e+08 -3.07237e+08
2.95852e+08 -3.47344e+08
3.04116e+08 -3.55607e+08
2.98851e+08 -3.50343e+08
2.86685e+08 -3.38176e+08
2.67758e+08 -3.19249e+08
2.40264e+08 -2.91755e+08
2.0025e+08 -2.51741e+08
1.33486e+08 -1.84978e+08
-1.15441e+07 -3.99474e+07
6.7264e+08 0
6.7264e+08 0
6.7264e+08 0
6.7264e+08 0
6.7264e+08 0
6.7264e+08 0
6.7264e+08 0
6.7264e+08 0
6.7264e+08 0
6.7264e+08 0
6.7264e+08 0
6.7264e+08 0
6.7264e+08 0
6.7264e+08 0
6.7264e+08 0
6.7264e+08 0
6.7264e+08 0
6.7264e+08 0
6.7264e+08 0
6.7264e+08 0
6.7264e+08 0
6.7264e+08 0
6.7264e+08 0
6.7264e+08 0
6.7264e+08 0
6.7264e+08 0
6.7264e+08 0
6.7264e+08 0
6.7264e+08 0
6.7264e+08 0
6.7264e+08 0
6.7264e+08 0
6.7264e+08 0
6.7264e+08 0
6.7264e+08 0
6.7264e+08 0
6.7264e+08 0
6.7264e+08 0
6.7264e+08 0
6.7264e+08 0
6.7264e+08 0
6.7264e+08 0
6.7264e+08 0
6.7264e+08 0
6.7264e+08 0
6.7264e+08 0
6.7264e+08 0
6.7264e+08 0
6.7264e+08 0
6.7264e+08 0
6.7264e+08 0
6.7264e+08 0
6.7264e+08 0
6.7264e+08 0
6.7264e+08 0
6.7264e+08 0
6.7264e+08 0
6.7264e+08 0
6.7264e+08 0
6.7264e+08 0
6.7264e+08 0
6.7264e+08 0
6.7264e+08 0
6.7264e+08 0
6.7264e+08 0
6.7264e+08 0
6.7264e+08 0
6.7264e+08 0
6.7264e+08 0
6.7264e+08 0
6.7264e+08 0
6.7264e+08 0
6.7264e+08 0
6.7264e+08 0
6.7264e+08 0
6.7264e+08 0
6.7264e+08 0
6.7264e+08 0
6.7264e+08 0
6.7264e+08 0
6.7264e+08 0
6.7264e+08 0
6.7264e+08 0
6.7264e+08 0
6.7264e+08 0
6.7264e+08 0
6.7264e+08 0
6.7264e+08 0
6.7264e+08 0
