0 -1.93156e-06
0 -1.554e+08
0 -1.554e+08
1.08925e+08 -2.64325e+08
1.49198e+08 -3.04598e+08
1.67254e+08 -3.22654e+08
1.7592e+08 -3.3132e+08
1.79367e+08 -3.34767e+08
1.80015e+08 -3.35415e+08
1.78973e+08 -3.34373e+08
1.76711e+08 -3.32111e+08
1.73468e+08 -3.28868e+08
1.69292e+08 -3.24692e+08
1.64178e+08 -3.19578e+08
1.58046e+08 -3.13446e+08
1.5067e+08 -3.0607e+08
1.41112e+08 -2.96512e+08
1.28468e+08 -2.83868e+08
1.09478e+08 -2.64878e+08
7.98255e+07 -2.35225e+08
2.21028e+07 -1.77503e+08
3.05053e+08 0
3.05053e+08 0
3.05053e+08 0
3.05053e+08 0
3.05053e+08 0
3.05053e+08 0
3.05053e+08 0
3.05053e+08 0
3.05053e+08 0
3.05053e+08 0
3.05053e+08 0
3.05053e+08 0
3.05053e+08 0
3.05053e+08 0
3.05053e+08 0
3.05053e+08 0
3.05053e+08 0
3.05053e+08 0
3.05053e+08 0
3.05053e+08 0
3.05053e+08 0
3.05053e+08 0
3.05053e+08 0
3.05053e+08 0
3.05053e+08 0
3.05053e+08 0
3.05053e+08 0
3.05053e+08 0
3.05053e+08 0
3.05053e+08 0
3.05053e+08 0
3.05053e+08 0
3.05053e+08 0
3.05053e+08 0
3.05053e+08 0
3.05053e+08 0
3.05053e+08 0
3.05053e+08 0
3.05053e+08 0
3.05053e+08 0
3.05053e+08 0
3.05053e+08 0
3.05053e+08 0
3.05053e+08 0
3.05053e+08 0
3.05053e+08 0
3.05053e+08 0
3.05053e+08 0
3.05053e+08 0
3.05053e+08 0
3.05053e+08 0
3.05053e+08 0
3.05053e+08 0
3.05053e+08 0
3.05053e+08 0
3.05053e+08 0
3.05053e+08 0
3.05053e+08 0
3.05053e+08 0
3.05053e+08 0
3.05053e+08 0
3.05053e+08 0
3.05053e+08 0
3.05053e+08 0
3.05053e+08 0
3.05053e+08 0
3.05053e+08 0
3.05053e+08 0
3.05053e+08 0
3.05053e+08 0
3.05053e+08 0
3.05053e+08 0
3.05053e+08 0
3.05053e+08 0
3.05053e+08 0
3.05053e+08 0
3.05053e+08 0
3.05053e+08 0
3.05053e+08 0
3.05053e+08 0
3.05053e+08 0
3.05053e+08 0
