0 -3.0991e-06
0 -1.26307e-05
0 -6.88666e-06
-1.68004e+08 -1.68867e-05
-2.43152e+08 -2.68867e-05
-2.50744e+08 -3.68867e-05
-2.42162e+08 -4.68867e-05
-2.22975e+08 -5.68867e-05
-1.93395e+08 -6.68867e-05
-1.49481e+08 -7.68867e-05
-7.95436e+07 -8.68867e-05
1.48798e+08 -9.68867e-05
5.79037e+08 -0.000106887
5.79037e+08 -0.000116887
5.79037e+08 -0.000126887
5.79037e+08 -0.000136887
5.79037e+08 -0.000146887
5.79037e+08 -0.000156887
5.79037e+08 -0.000166887
5.79037e+08 -0.000176887
5.79037e+08 -0.000186887
5.79037e+08 -0.000196887
5.79037e+08 -0.000206887
5.79037e+08 -0.000216887
5.79037e+08 -0.000226887
5.79037e+08 -0.000236887
5.79037e+08 -0.000246887
5.79037e+08 -0.000256887
5.79037e+08 -0.000266887
5.79037e+08 -0.000276887
5.79037e+08 -0.000286887
5.79037e+08 -0.000296887
5.79037e+08 -0.000306887
5.79037e+08 -0.000316887
5.79037e+08 -0.000326887
5.79037e+08 -0.000336887
5.79037e+08 -0.000346887
5.79037e+08 -0.000356887
5.79037e+08 -0.000366887
5.79037e+08 -0.000376887
5.79037e+08 -0.000386887
5.79037e+08 -0.000396887
5.79037e+08 -0.000406887
5.79037e+08 -0.000416887
5.79037e+08 -0.000426887
5.79037e+08 -0.000436887
5.79037e+08 -0.000446887
5.79037e+08 -0.000456887
5.79037e+08 -0.000466887
5.79037e+08 -0.000476887
5.79037e+08 -0.000486887
5.79037e+08 -0.000496887
5.79037e+08 -0.000506887
5.79037e+08 -0.000516887
5.79037e+08 -0.000526887
5.79037e+08 -0.000536887
5.79037e+08 -0.000546887
5.79037e+08 -0.000556887
5.79037e+08 -0.000566887
5.79037e+08 -0.000576887
5.79037e+08 -0.000586887
5.79037e+08 -0.000596887
5.79037e+08 -0.000606887
5.79037e+08 -0.000616887
5.79037e+08 -0.000626887
5.79037e+08 -0.000636887
5.79037e+08 -0.000646887
5.79037e+08 -0.000656887
5.79037e+08 -0.000666887
5.79037e+08 -0.000676887
5.79037e+08 -0.000686887
5.79037e+08 -0.000696887
5.79037e+08 -0.000706887
5.79037e+08 -0.000716887
5.79037e+08 -0.000726887
5.79037e+08 -0.000736887
5.79037e+08 -0.000746887
5.79037e+08 -0.000756887
5.79037e+08 -0.000766887
5.79037e+08 -0.000776887
5.79037e+08 -0.000786887
5.79037e+08 -0.000796887
5.79037e+08 -0.000806887
5.79037e+08 -0.000816887
5.79037e+08 -0.000826887
5.79037e+08 -0.000836887
5.79037e+08 -0.000846887
5.79037e+08 -0.000856887
5.79037e+08 -0.000866887
5.79037e+08 -0.000876887
5.79037e+08 -0.000886887
5.79037e+08 -0.000896887
5.79037e+08 -0.000906887
5.79037e+08 -0.000916887
5.79037e+08 -0.000926887
5.79037e+08 -0.000936887
5.79037e+08 -0.000946887
5.79037e+08 -0.000956887
5.79037e+08 -0.000966887
5.79037e+08 -0.000976887
5.79037e+08 -0.000986887
5.79037e+08 -0.000996887
5.79037e+08 -0.00100689
