0 -2.02546e-06
0 -3.30368e-05
0 -420724
-15 -420724
-30 -420724
-45 -420724
-60 -420724
-75 -420724
-90 -420724
-105 -420724
-120 -420724
-135 -420724
-150 -420724
-165 -420724
-180 -420724
-195 -420724
-210 -420724
-225 -420724
-240 -420724
-255 -420724
-270 -420724
-285 -420724
-300 -420724
-315 -420724
-330 -420724
-345 -420724
-360 -420724
-375 -420724
-390 -420724
-405 -420724
-420 -420724
-435 -420724
-450 -420724
-465 -420724
-480 -420724
-495 -420724
-510 -420724
-525 -420724
-540 -420724
-555 -420724
-570 -420724
-585 -420724
-600 -420724
-615 -420724
-630 -420724
-645 -420724
-660 -420724
-675 -420724
-690 -420724
-705 -420724
-720 -420724
-735 -420724
-750 -420724
-765 -420724
-780 -420724
-795 -420724
-810 -420724
-825 -420724
-840 -420724
-855 -420724
-870.001 -420724
-885.001 -420724
-900.001 -420724
-915.001 -420724
-930.001 -420724
-945.001 -420724
-960.001 -420724
-975.001 -420724
-990.001 -420724
-1005 -420724
-1020 -420724
-1035 -420724
-1050 -420724
-1065 -420724
-1080 -420724
-1095 -420724
-1110 -420724
-1125 -420724
-1140 -420724
-1155 -420724
-1170 -420724
-1185 -420724
-1200 -420724
-1215 -420724
-1230 -420724
-1245 -420724
-1260 -420724
-1275 -420724
-1290 -420724
-1305 -420724
-1320 -420724
-1335 -420724
-1350 -420724
-1365 -420724
-1380 -420724
-1395 -420724
-1410 -420724
-1425 -420724
-1440 -420724
-1455 -420724
-1470 -420724
-1485 -420724
-1500 -420724
