0 0
0 0.000526431
0 -802321
-15 -802321
-30 -802321
-45 -802321
-60 -802321
-75 -802321
-90 -802321
-105 -802321
-120 -802321
-135 -802321
-150 -802321
-165 -802321
-180 -802321
-195 -802321
-210 -802321
-225 -802321
-240 -802321
-255 -802321
-270 -802321
-285 -802321
-300 -802321
-315 -802321
-330 -802321
-345 -802321
-360 -802321
-375 -802321
-390 -802321
-405 -802321
-420 -802321
-435 -802321
-450 -802321
-465 -802321
-480 -802321
-495 -802321
-510 -802321
-525 -802321
-540 -802321
-555 -802321
-570 -802321
-585 -802321
-600 -802321
-615 -802321
-630 -802321
-645 -802321
-660 -802321
-675 -802321
-690 -802321
-705 -802321
-720 -802321
-735 -802321
-750 -802321
-765 -802321
-780 -802321
-795 -802321
-810 -802321
-825 -802321
-840 -802321
-855 -802321
-870 -802321
-885 -802321
-900 -802321
-915 -802321
-930 -802321
-945 -802321
-960 -802321
-975.001 -802321
-990.001 -802321
-1005 -802321
-1020 -802321
-1035 -802321
-1050 -802321
-1065 -802321
-1080 -802321
-1095 -802321
-1110 -802321
-1125 -802321
-1140 -802321
-1155 -802321
-1170 -802321
-1185 -802321
-1200 -802321
-1215 -802321
-1230 -802321
-1245 -802321
-1260 -802321
-1275 -802321
-1290 -802321
-1305 -802321
-1320 -802321
-1335 -802321
-1350 -802321
-1365 -802321
-1380 -802321
-1395 -802321
-1410 -802321
-1425 -802321
-1440 -802321
-1455 -802321
-1470 -802321
-1485 -802321
-1500 -802321
