0 -2.61525e-06
0 -3.62778e-05
0 -293552
-15 -293552
-30 -293552
-45 -293552
-60 -293552
-75 -293552
-90 -293552
-105 -293552
-120 -293552
-135 -293552
-150 -293552
-165 -293552
-180 -293552
-195 -293552
-210 -293552
-225 -293552
-240 -293552
-255 -293552
-270 -293552
-285 -293552
-300 -293552
-315 -293552
-330 -293552
-345 -293552
-360 -293552
-375 -293552
-390 -293552
-405 -293552
-420 -293552
-435 -293552
-450 -293552
-465 -293552
-480 -293552
-495 -293552
-510 -293552
-525 -293552
-540 -293552
-555 -293552
-570 -293552
-585 -293552
-600 -293552
-615 -293552
-630.001 -293552
-645.001 -293552
-660.001 -293552
-675.001 -293552
-690.001 -293552
-705.001 -293552
-720.001 -293552
-735.001 -293552
-750.001 -293552
-765.001 -293552
-780.001 -293552
-795.001 -293552
-810.001 -293552
-825.001 -293552
-840.001 -293552
-855.001 -293552
-870.001 -293552
-885.001 -293552
-900.001 -293552
-915.001 -293552
-930.001 -293552
-945.001 -293552
-960.001 -293552
-975.001 -293552
-990.001 -293552
-1005 -293552
-1020 -293552
-1035 -293552
-1050 -293552
-1065 -293552
-1080 -293552
-1095 -293552
-1110 -293552
-1125 -293552
-1140 -293552
-1155 -293552
-1170 -293552
-1185 -293552
-1200 -293552
-1215 -293552
-1230 -293552
-1245 -293552
-1260 -293552
-1275 -293552
-1290 -293552
-1305 -293552
-1320 -293552
-1335 -293552
-1350 -293552
-1365 -293552
-1380 -293552
-1395 -293552
-1410 -293552
-1425 -293552
-1440 -293552
-1455 -293552
-1470 -293552
-1485 -293552
-1500 -293552
