0 2.45403e-06
0 5.0175e-08
0 1.90781e-06
1.09061e+08 -1.09061e+08
1.22751e+08 -1.22751e+08
1.26285e+08 -1.26285e+08
1.29905e+08 -1.29905e+08
1.33569e+08 -1.33569e+08
1.37248e+08 -1.37248e+08
1.40894e+08 -1.40894e+08
1.44387e+08 -1.44387e+08
1.47439e+08 -1.47439e+08
1.50496e+08 -1.50765e+08
1.51715e+08 -1.51715e+08
1.53104e+08 -1.53104e+08
1.54282e+08 -1.54282e+08
1.55362e+08 -1.55362e+08
1.56295e+08 -1.56295e+08
1.57117e+08 -1.57117e+08
1.57871e+08 -1.57871e+08
1.58542e+08 -1.58542e+08
1.5913e+08 -1.5913e+08
1.59636e+08 -1.59636e+08
1.60098e+08 -1.60098e+08
1.60519e+08 -1.60519e+08
1.609e+08 -1.609e+08
1.61234e+08 -1.61234e+08
1.61539e+08 -1.61539e+08
1.61816e+08 -1.61816e+08
1.62064e+08 -1.62064e+08
1.62287e+08 -1.62287e+08
1.62486e+08 -1.62486e+08
1.62663e+08 -1.62663e+08
1.62818e+08 -1.62818e+08
1.62954e+08 -1.62954e+08
1.63077e+08 -1.63077e+08
1.63186e+08 -1.63186e+08
1.63282e+08 -1.63282e+08
1.63363e+08 -1.63363e+08
1.63424e+08 -1.63424e+08
1.63466e+08 -1.63466e+08
1.63495e+08 -1.63495e+08
1.63515e+08 -1.63515e+08
1.63526e+08 -1.63526e+08
1.63525e+08 -1.63525e+08
1.63508e+08 -1.63508e+08
1.63472e+08 -1.63472e+08
1.63416e+08 -1.63416e+08
1.63343e+08 -1.63343e+08
1.63253e+08 -1.63253e+08
1.63147e+08 -1.63147e+08
1.63021e+08 -1.63021e+08
1.62869e+08 -1.62869e+08
1.62688e+08 -1.62688e+08
1.62478e+08 -1.62478e+08
1.62204e+08 -1.62204e+08
1.61871e+08 -1.61871e+08
1.61488e+08 -1.61488e+08
1.61034e+08 -1.61034e+08
1.60451e+08 -1.60451e+08
1.5982e+08 -1.5982e+08
1.5916e+08 -1.5916e+08
1.58523e+08 -1.58523e+08
1.57686e+08 -1.57686e+08
1.56805e+08 -1.56805e+08
1.56083e+08 -1.56083e+08
1.55131e+08 -1.55131e+08
1.54072e+08 -1.54072e+08
1.53105e+08 -1.53105e+08
1.52156e+08 -1.52156e+08
1.50969e+08 -1.50969e+08
1.49638e+08 -1.49638e+08
1.48612e+08 -1.48612e+08
1.47681e+08 -1.47681e+08
1.46363e+08 -1.46363e+08
6.46892e+07 -6.46892e+07
6.41041e+07 -6.41041e+07
6.32881e+07 -6.32881e+07
6.24528e+07 -6.24528e+07
6.1707e+07 -6.1707e+07
6.11317e+07 -6.11317e+07
6.02401e+07 -6.02401e+07
5.91782e+07 -5.91782e+07
5.85223e+07 -5.85223e+07
5.79095e+07 -5.79095e+07
5.72064e+07 -5.72064e+07
5.6332e+07 -5.6332e+07
5.55748e+07 -5.55748e+07
5.49201e+07 -5.49201e+07
5.44252e+07 -5.44252e+07
5.38349e+07 -5.38415e+07
5.31567e+07 -5.31567e+07
5.25425e+07 -5.25425e+07
5.19401e+07 -5.19401e+07
5.13408e+07 -5.13471e+07
5.09366e+07 -5.09366e+07
5.05859e+07 -5.05859e+07
5.00075e+07 -5.00075e+07
4.93725e+07 -4.93725e+07
4.88502e+07 -4.88502e+07
4.85082e+07 -4.85082e+07
4.81557e+07 -4.81557e+07
4.77892e+07 -4.77892e+07
