0 -5.05012e-06
0 -1.81103e-05
0 -60812.2
-15 -60812.2
-30 -60812.2
-45 -60812.2
-60 -60812.2
-75 -60812.2
-90 -60812.2
-105 -60812.2
-120 -60812.2
-135 -60812.2
-150 -60812.2
-165 -60812.2
-180 -60812.2
-195 -60812.2
-210 -60812.2
-225 -60812.2
-240 -60812.2
-255 -60812.2
-270 -60812.2
-285 -60812.2
-300 -60812.2
-315 -60812.2
-330.001 -60812.2
-345.001 -60812.2
-360.001 -60812.2
-375.001 -60812.2
-390.001 -60812.2
-405.001 -60812.2
-420.001 -60812.2
-435.001 -60812.2
-450.001 -60812.2
-465.001 -60812.2
-480.001 -60812.2
-495.001 -60812.2
-510.001 -60812.2
-525.001 -60812.2
-540.001 -60812.2
-555.001 -60812.2
-570.002 -60812.2
-585.002 -60812.2
-600.002 -60812.2
-615.002 -60812.2
-630.002 -60812.2
-645.002 -60812.2
-660.002 -60812.2
-675.002 -60812.2
-690.002 -60812.2
-705.002 -60812.2
-720.003 -60812.2
-735.003 -60812.2
-750.003 -60812.2
-765.003 -60812.2
-780.003 -60812.2
-795.003 -60812.2
-810.003 -60812.2
-825.003 -60812.2
-840.003 -60812.2
-855.004 -60812.2
-870.004 -60812.2
-885.004 -60812.2
-900.004 -60812.2
-915.004 -60812.2
-930.004 -60812.2
-945.004 -60812.2
-960.004 -60812.2
-975.005 -60812.2
-990.005 -60812.2
-1005 -60812.2
-1020.01 -60812.2
-1035.01 -60812.2
-1050.01 -60812.2
-1065.01 -60812.2
-1080.01 -60812.2
-1095.01 -60812.2
-1110.01 -60812.2
-1125.01 -60812.2
-1140.01 -60812.2
-1155.01 -60812.2
-1170.01 -60812.2
-1185.01 -60812.2
-1200.01 -60812.2
-1215.01 -60812.2
-1230.01 -60812.2
-1245.01 -60812.2
-1260.01 -60812.2
-1275.01 -60812.2
-1290.01 -60812.2
-1305.01 -60812.2
-1320.01 -60812.2
-1335.01 -60812.2
-1350.01 -60812.2
-1365.01 -60812.2
-1380.01 -60812.2
-1395.01 -60812.2
-1410.01 -60812.2
-1425.01 -60812.2
-1440.01 -60812.2
-1455.01 -60812.2
-1470.01 -60812.2
-1485.01 -60812.2
-1500.01 -60812.2
