0 3.62552e-06
0 3.69537e-06
0 5.7742e-08
-1.58338e+08 1.58338e+08
-2.16863e+08 2.16863e+08
-1.91945e+08 1.91945e+08
-1.17732e+08 1.17732e+08
7.76932e+08 0
7.76932e+08 0
7.76932e+08 0
7.76932e+08 0
7.76932e+08 0
7.76932e+08 0
7.76932e+08 0
7.76932e+08 0
7.76932e+08 0
7.76932e+08 0
7.76932e+08 0
7.76932e+08 0
7.76932e+08 0
7.76932e+08 0
7.76932e+08 0
7.76932e+08 0
7.76932e+08 0
7.76932e+08 0
7.76932e+08 0
7.76932e+08 0
7.76932e+08 0
7.76932e+08 0
7.76932e+08 0
7.76932e+08 0
7.76932e+08 0
7.76932e+08 0
7.76932e+08 0
7.76932e+08 0
7.76932e+08 0
7.76932e+08 0
7.76932e+08 0
7.76932e+08 0
7.76932e+08 0
7.76932e+08 0
7.76932e+08 0
7.76932e+08 0
7.76932e+08 0
7.76932e+08 0
7.76932e+08 0
7.76932e+08 0
7.76932e+08 0
7.76932e+08 0
7.76932e+08 0
7.76932e+08 0
7.76932e+08 0
7.76932e+08 0
7.76932e+08 0
7.76932e+08 0
7.76932e+08 0
7.76932e+08 0
7.76932e+08 0
7.76932e+08 0
7.76932e+08 0
7.76932e+08 0
7.76932e+08 0
7.76932e+08 0
7.76932e+08 0
7.76932e+08 0
7.76932e+08 0
7.76932e+08 0
7.76932e+08 0
7.76932e+08 0
7.76932e+08 0
7.76932e+08 0
7.76932e+08 0
7.76932e+08 0
7.76932e+08 0
7.76932e+08 0
7.76932e+08 0
7.76932e+08 0
7.76932e+08 0
7.76932e+08 0
7.76932e+08 0
7.76932e+08 0
7.76932e+08 0
7.76932e+08 0
7.76932e+08 0
7.76932e+08 0
7.76932e+08 0
7.76932e+08 0
7.76932e+08 0
7.76932e+08 0
7.76932e+08 0
7.76932e+08 0
7.76932e+08 0
7.76932e+08 0
7.76932e+08 0
7.76932e+08 0
7.76932e+08 0
7.76932e+08 0
7.76932e+08 0
7.76932e+08 0
7.76932e+08 0
7.76932e+08 0
7.76932e+08 0
7.76932e+08 0
