0 -3.08685e-07
0 -0.000128688
0 -994278
-15 -994278
-30 -994278
-45 -994278
-60 -994278
-75 -994278
-90 -994278
-105 -994278
-120 -994278
-135 -994278
-150 -994278
-165 -994278
-180 -994278
-195 -994278
-210 -994278
-225 -994278
-240 -994278
-255 -994278
-270 -994278
-285 -994278
-300 -994278
-315 -994278
-330 -994278
-345 -994278
-360 -994278
-375 -994278
-390 -994278
-405 -994278
-420 -994278
-435 -994278
-450 -994278
-465 -994278
-480 -994278
-495 -994278
-510 -994278
-525 -994278
-540 -994278
-555 -994278
-570 -994278
-585 -994278
-600 -994278
-615 -994278
-630 -994278
-645 -994278
-660 -994278
-675 -994278
-690 -994278
-705 -994278
-720 -994278
-735 -994278
-750 -994278
-765 -994278
-780 -994278
-795 -994278
-810 -994278
-825 -994278
-840 -994278
-855 -994278
-870 -994278
-885 -994278
-900 -994278
-915 -994278
-930 -994278
-945 -994278
-960 -994278
-975 -994278
-990 -994278
-1005 -994278
-1020 -994278
-1035 -994278
-1050 -994278
-1065 -994278
-1080 -994278
-1095 -994278
-1110 -994278
-1125 -994278
-1140 -994278
-1155 -994278
-1170 -994278
-1185 -994278
-1200 -994278
-1215 -994278
-1230 -994278
-1245 -994278
-1260 -994278
-1275 -994278
-1290 -994278
-1305 -994278
-1320 -994278
-1335 -994278
-1350 -994278
-1365 -994278
-1380 -994278
-1395 -994278
-1410 -994278
-1425 -994278
-1440 -994278
-1455 -994278
-1470 -994278
-1485 -994278
-1500 -994278
