0 -5.84405e-08
0 1.11031e+08
0 1.11032e+08
-727452 1.11759e+08
-1.35126e+06 1.12383e+08
-1.88858e+06 1.1292e+08
-2.3552e+06 1.13387e+08
-2.75752e+06 1.13789e+08
-3.10889e+06 1.1414e+08
1.46658e+07 9.63657e+07
1.441e+07 9.66215e+07
1.41846e+07 9.68469e+07
1.39857e+07 9.70458e+07
1.38096e+07 9.72219e+07
1.36526e+07 9.73789e+07
1.35124e+07 9.75191e+07
1.33892e+07 9.76423e+07
1.32814e+07 9.77501e+07
1.31867e+07 9.78448e+07
1.31037e+07 9.79278e+07
1.30311e+07 9.80004e+07
1.29678e+07 9.80637e+07
1.29132e+07 9.81183e+07
1.28664e+07 9.81651e+07
1.28267e+07 9.82048e+07
3.78313e+07 0
3.78313e+07 0
3.78313e+07 0
3.78313e+07 0
3.78313e+07 0
3.78313e+07 0
3.78313e+07 0
3.78313e+07 0
3.78313e+07 0
3.78313e+07 0
3.78313e+07 0
3.78313e+07 0
3.78313e+07 0
3.78313e+07 0
3.78313e+07 0
3.78313e+07 0
3.78313e+07 0
3.78313e+07 0
3.78313e+07 0
3.78313e+07 0
3.78313e+07 0
3.78313e+07 0
3.78313e+07 0
3.78313e+07 0
3.78313e+07 0
3.78313e+07 0
3.78313e+07 0
3.78313e+07 0
3.78313e+07 0
3.78313e+07 0
3.78313e+07 0
3.78313e+07 0
3.78313e+07 0
3.78313e+07 0
3.78313e+07 0
3.78313e+07 0
3.78313e+07 0
3.78313e+07 0
3.78313e+07 0
3.78313e+07 0
3.78313e+07 0
3.78313e+07 0
3.78313e+07 0
3.78313e+07 0
3.78313e+07 0
3.78313e+07 0
3.78313e+07 0
3.78313e+07 0
3.78313e+07 0
3.78313e+07 0
3.78313e+07 0
3.78313e+07 0
3.78313e+07 0
3.78313e+07 0
3.78313e+07 0
3.78313e+07 0
3.78313e+07 0
3.78313e+07 0
3.78313e+07 0
3.78313e+07 0
3.78313e+07 0
3.78313e+07 0
3.78313e+07 0
3.78313e+07 0
3.78313e+07 0
3.78313e+07 0
3.78313e+07 0
3.78313e+07 0
3.78313e+07 0
3.78313e+07 0
3.78313e+07 0
3.78313e+07 0
3.78313e+07 0
3.78313e+07 0
3.78313e+07 0
3.78313e+07 0
3.78313e+07 0
3.78313e+07 0
