0 -3.83405e-06
0 -1.74148e-05
0 -1.01382e-05
-1.46832e+08 -2.01382e-05
-2.07827e+08 -3.01382e-05
-2.10387e+08 -4.01382e-05
-1.94674e+08 -5.01382e-05
-1.66582e+08 -6.01382e-05
-1.2589e+08 -7.01382e-05
-6.85854e+07 -8.01382e-05
2.74633e+07 -9.01382e-05
1.90395e+08 -0.000100138
8.58891e+08 -0.000110138
8.58891e+08 -0.000120138
8.58891e+08 -0.000130138
8.58891e+08 -0.000140138
8.58891e+08 -0.000150138
8.58891e+08 -0.000160138
8.58891e+08 -0.000170138
8.58891e+08 -0.000180138
8.58891e+08 -0.000190138
8.58891e+08 -0.000200138
8.58891e+08 -0.000210138
8.58891e+08 -0.000220138
8.58891e+08 -0.000230138
8.58891e+08 -0.000240138
8.58891e+08 -0.000250138
8.58891e+08 -0.000260138
8.58891e+08 -0.000270138
8.58891e+08 -0.000280138
8.58891e+08 -0.000290138
8.58891e+08 -0.000300138
8.58891e+08 -0.000310138
8.58891e+08 -0.000320138
8.58891e+08 -0.000330138
8.58891e+08 -0.000340138
8.58891e+08 -0.000350138
8.58891e+08 -0.000360138
8.58891e+08 -0.000370138
8.58891e+08 -0.000380138
8.58891e+08 -0.000390138
8.58891e+08 -0.000400138
8.58891e+08 -0.000410138
8.58891e+08 -0.000420138
8.58891e+08 -0.000430138
8.58891e+08 -0.000440138
8.58891e+08 -0.000450138
8.58891e+08 -0.000460138
8.58891e+08 -0.000470138
8.58891e+08 -0.000480138
8.58891e+08 -0.000490138
8.58891e+08 -0.000500138
8.58891e+08 -0.000510138
8.58891e+08 -0.000520138
8.58891e+08 -0.000530138
8.58891e+08 -0.000540138
8.58891e+08 -0.000550138
8.58891e+08 -0.000560138
8.58891e+08 -0.000570138
8.58891e+08 -0.000580138
8.58891e+08 -0.000590138
8.58891e+08 -0.000600138
8.58891e+08 -0.000610138
8.58891e+08 -0.000620138
8.58891e+08 -0.000630138
8.58891e+08 -0.000640138
8.58891e+08 -0.000650138
8.58891e+08 -0.000660138
8.58891e+08 -0.000670138
8.58891e+08 -0.000680138
8.58891e+08 -0.000690138
8.58891e+08 -0.000700138
8.58891e+08 -0.000710138
8.58891e+08 -0.000720138
8.58891e+08 -0.000730138
8.58891e+08 -0.000740138
8.58891e+08 -0.000750138
8.58891e+08 -0.000760138
8.58891e+08 -0.000770138
8.58891e+08 -0.000780138
8.58891e+08 -0.000790138
8.58891e+08 -0.000800138
8.58891e+08 -0.000810138
8.58891e+08 -0.000820138
8.58891e+08 -0.000830138
8.58891e+08 -0.000840138
8.58891e+08 -0.000850138
8.58891e+08 -0.000860138
8.58891e+08 -0.000870138
8.58891e+08 -0.000880138
8.58891e+08 -0.000890138
8.58891e+08 -0.000900138
8.58891e+08 -0.000910138
8.58891e+08 -0.000920138
8.58891e+08 -0.000930138
8.58891e+08 -0.000940138
8.58891e+08 -0.000950138
8.58891e+08 -0.000960138
8.58891e+08 -0.000970138
8.58891e+08 -0.000980138
8.58891e+08 -0.000990138
8.58891e+08 -0.00100014
8.58891e+08 -0.00101014
