0 -1.53355e-06
0 -1.84466e-05
0 -2.04301e-05
-405.254 -3.04301e-05
-1531.82 -4.04301e-05
-3404.45 -5.04301e-05
-6027.55 -6.04301e-05
-9370.46 -7.04301e-05
-13416.4 -8.04301e-05
-18134.9 -9.04301e-05
-23502.3 -0.00010043
-29431.7 -0.00011043
-35809.9 -0.00012043
-42561.8 -0.00013043
-49619.7 -0.00014043
-56947.6 -0.00015043
-64521.2 -0.00016043
-72309.5 -0.00017043
-80283.8 -0.00018043
-88421.2 -0.00019043
-96703 -0.00020043
-105114 -0.00021043
-113644 -0.00022043
-122278 -0.00023043
-131008 -0.00024043
-139824 -0.00025043
-148721 -0.00026043
-157691 -0.00027043
-166907 -0.00028043
-176186 -0.00029043
-185524 -0.00030043
-194918 -0.00031043
-204365 -0.00032043
-213860 -0.00033043
-223404 -0.00034043
-232992 -0.00035043
-242621 -0.00036043
-252290 -0.00037043
-261998 -0.00038043
-271740 -0.00039043
-281517 -0.00040043
-291326 -0.00041043
-301166 -0.00042043
-311035 -0.00043043
-320931 -0.00044043
-330855 -0.00045043
-340803 -0.00046043
-350776 -0.00047043
-360913 -0.00048043
-371075 -0.00049043
-381264 -0.00050043
-391488 -0.00051043
-402719 -0.00052043
-413577 -0.00053043
-424435 -0.00054043
-435293 -0.00055043
-446151 -0.00056043
-457009 -0.00057043
-467867 -0.00058043
-478725 -0.00059043
-489584 -0.00060043
-500443 -0.00061043
-511301 -0.00062043
-522160 -0.00063043
-533019 -0.00064043
-543878 -0.00065043
-554737 -0.00066043
-565597 -0.00067043
-576456 -0.00068043
-587316 -0.00069043
-598175 -0.00070043
-609035 -0.00071043
-619895 -0.00072043
-630755 -0.00073043
-641615 -0.00074043
-652475 -0.00075043
-663336 -0.00076043
-674196 -0.00077043
-685057 -0.00078043
-695917 -0.00079043
-706778 -0.00080043
-717639 -0.00081043
-728500 -0.00082043
-739361 -0.00083043
-750222 -0.00084043
-761084 -0.00085043
-771945 -0.00086043
-782807 -0.00087043
-793669 -0.00088043
-804531 -0.00089043
-815393 -0.00090043
-826255 -0.00091043
-837117 -0.00092043
-847979 -0.00093043
-858842 -0.00094043
-869704 -0.00095043
-880567 -0.00096043
-891430 -0.00097043
-902293 -0.00098043
-913156 -0.00099043
-924019 -0.00100043
-934882 -0.00101043
-945745 -0.00102043
