0 -2.59192e-06
0 -2.76819e-05
0 -137870
-15 -137870
-30 -137870
-45 -137870
-60 -137870
-75 -137870
-90 -137870
-105 -137870
-120 -137870
-135 -137870
-150 -137870
-165 -137870
-180 -137870
-195 -137870
-210 -137870
-225 -137870
-240 -137870
-255 -137870
-270 -137870
-285 -137870
-300 -137870
-315 -137870
-330 -137870
-345 -137870
-360 -137870
-375 -137870
-390 -137870
-405 -137870
-420 -137870
-435 -137870
-450 -137870
-465 -137870
-480 -137870
-495 -137870
-510 -137870
-525 -137870
-540 -137870
-555 -137870
-570 -137870
-585 -137870
-600.001 -137870
-615.001 -137870
-630.001 -137870
-645.001 -137870
-660.001 -137870
-675.001 -137870
-690.001 -137870
-705.001 -137870
-720.001 -137870
-735.001 -137870
-750.001 -137870
-765.001 -137870
-780.001 -137870
-795.001 -137870
-810.001 -137870
-825.001 -137870
-840.001 -137870
-855.001 -137870
-870.001 -137870
-885.001 -137870
-900.001 -137870
-915.001 -137870
-930.001 -137870
-945.001 -137870
-960.001 -137870
-975.001 -137870
-990.001 -137870
-1005 -137870
-1020 -137870
-1035 -137870
-1050 -137870
-1065 -137870
-1080 -137870
-1095 -137870
-1110 -137870
-1125 -137870
-1140 -137870
-1155 -137870
-1170 -137870
-1185 -137870
-1200 -137870
-1215 -137870
-1230 -137870
-1245 -137870
-1260 -137870
-1275 -137870
-1290 -137870
-1305 -137870
-1320 -137870
-1335 -137870
-1350 -137870
-1365 -137870
-1380 -137870
-1395 -137870
-1410 -137870
-1425 -137870
-1440 -137870
-1455 -137870
-1470 -137870
-1485 -137870
-1500 -137870
