0 -2.56522e-06
0 -1.76675e-05
0 -1.0126e-05
-1.33741e+08 -2.0126e-05
-1.81142e+08 -3.0126e-05
-2.02996e+08 -4.0126e-05
-2.12216e+08 -5.0126e-05
-2.14474e+08 -6.0126e-05
-2.12039e+08 -7.0126e-05
-2.05529e+08 -8.0126e-05
-1.94957e+08 -9.0126e-05
-1.79949e+08 -0.000100126
-1.59307e+08 -0.000110126
-1.30852e+08 -0.000120126
-8.97507e+07 -0.000130126
-3.35068e+07 -0.000140126
3.37773e+07 -0.000150126
1.41113e+08 -0.000160126
3.17368e+08 -0.000170126
4.10968e+08 -0.000180126
6.03025e+08 -0.000190126
6.03025e+08 -0.000200126
6.03025e+08 -0.000210126
6.03025e+08 -0.000220126
6.03025e+08 -0.000230126
6.03025e+08 -0.000240126
6.03025e+08 -0.000250126
6.03025e+08 -0.000260126
6.03025e+08 -0.000270126
6.03025e+08 -0.000280126
6.03025e+08 -0.000290126
6.03025e+08 -0.000300126
6.03025e+08 -0.000310126
6.03025e+08 -0.000320126
6.03025e+08 -0.000330126
6.03025e+08 -0.000340126
6.03025e+08 -0.000350126
6.03025e+08 -0.000360126
6.03025e+08 -0.000370126
6.03025e+08 -0.000380126
6.03025e+08 -0.000390126
6.03025e+08 -0.000400126
6.03025e+08 -0.000410126
6.03025e+08 -0.000420126
6.03025e+08 -0.000430126
6.03025e+08 -0.000440126
6.03025e+08 -0.000450126
6.03025e+08 -0.000460126
6.03025e+08 -0.000470126
6.03025e+08 -0.000480126
6.03025e+08 -0.000490126
6.03025e+08 -0.000500126
6.03025e+08 -0.000510126
6.03025e+08 -0.000520126
6.03025e+08 -0.000530126
6.03025e+08 -0.000540126
6.03025e+08 -0.000550126
6.03025e+08 -0.000560126
6.03025e+08 -0.000570126
6.03025e+08 -0.000580126
6.03025e+08 -0.000590126
6.03025e+08 -0.000600126
6.03025e+08 -0.000610126
6.03025e+08 -0.000620126
6.03025e+08 -0.000630126
6.03025e+08 -0.000640126
6.03025e+08 -0.000650126
6.03025e+08 -0.000660126
6.03025e+08 -0.000670126
6.03025e+08 -0.000680126
6.03025e+08 -0.000690126
6.03025e+08 -0.000700126
6.03025e+08 -0.000710126
6.03025e+08 -0.000720126
6.03025e+08 -0.000730126
6.03025e+08 -0.000740126
6.03025e+08 -0.000750126
6.03025e+08 -0.000760126
6.03025e+08 -0.000770126
6.03025e+08 -0.000780126
6.03025e+08 -0.000790126
6.03025e+08 -0.000800126
6.03025e+08 -0.000810126
6.03025e+08 -0.000820126
6.03025e+08 -0.000830126
6.03025e+08 -0.000840126
6.03025e+08 -0.000850126
6.03025e+08 -0.000860126
6.03025e+08 -0.000870126
6.03025e+08 -0.000880126
6.03025e+08 -0.000890126
6.03025e+08 -0.000900126
6.03025e+08 -0.000910126
6.03025e+08 -0.000920126
6.03025e+08 -0.000930126
6.03025e+08 -0.000940126
6.03025e+08 -0.000950126
6.03025e+08 -0.000960126
6.03025e+08 -0.000970126
6.03025e+08 -0.000980126
6.03025e+08 -0.000990126
6.03025e+08 -0.00100013
6.03025e+08 -0.00101013
