0 -1.02531e-06
0 -0.000100539
0 -772508
-15 -772508
-30 -772508
-45 -772508
-60 -772508
-75 -772508
-90 -772508
-105 -772508
-120 -772508
-135 -772508
-150 -772508
-165 -772508
-180 -772508
-195 -772508
-210 -772508
-225 -772508
-240 -772508
-255 -772508
-270 -772508
-285 -772508
-300 -772508
-315 -772508
-330 -772508
-345 -772508
-360 -772508
-375 -772508
-390 -772508
-405 -772508
-420 -772508
-435 -772508
-450 -772508
-465 -772508
-480 -772508
-495 -772508
-510 -772508
-525 -772508
-540 -772508
-555 -772508
-570 -772508
-585 -772508
-600 -772508
-615 -772508
-630 -772508
-645 -772508
-660 -772508
-675 -772508
-690 -772508
-705 -772508
-720 -772508
-735 -772508
-750 -772508
-765 -772508
-780 -772508
-795 -772508
-810 -772508
-825 -772508
-840 -772508
-855 -772508
-870 -772508
-885 -772508
-900 -772508
-915 -772508
-930 -772508
-945 -772508
-960 -772508
-975 -772508
-990 -772508
-1005 -772508
-1020 -772508
-1035 -772508
-1050 -772508
-1065 -772508
-1080 -772508
-1095 -772508
-1110 -772508
-1125 -772508
-1140 -772508
-1155 -772508
-1170 -772508
-1185 -772508
-1200 -772508
-1215 -772508
-1230 -772508
-1245 -772508
-1260 -772508
-1275 -772508
-1290 -772508
-1305 -772508
-1320 -772508
-1335 -772508
-1350 -772508
-1365 -772508
-1380 -772508
-1395 -772508
-1410 -772508
-1425 -772508
-1440 -772508
-1455 -772508
-1470 -772508
-1485 -772508
-1500 -772508
