0 -2.77068e-08
0 -7.50879e-09
0 -1.89804e-06
1.69508e+08 -1.69508e+08
2.7038e+08 -2.7038e+08
3.06619e+08 -3.06619e+08
3.22964e+08 -3.22964e+08
3.31331e+08 -3.31331e+08
3.34744e+08 -3.34744e+08
3.35395e+08 -3.35395e+08
3.34374e+08 -3.34374e+08
3.32138e+08 -3.32138e+08
3.28902e+08 -3.28902e+08
3.24735e+08 -3.24735e+08
3.19631e+08 -3.19631e+08
3.13511e+08 -3.13511e+08
3.0616e+08 -3.0616e+08
2.9666e+08 -2.9666e+08
2.83961e+08 -2.83961e+08
2.64575e+08 -2.64575e+08
2.33908e+08 -2.33908e+08
1.6757e+08 -1.6757e+08
-1.93938e+08 4.17204e+07
4.60453e+08 0
4.60453e+08 0
4.60453e+08 0
4.60453e+08 0
4.60453e+08 0
4.60453e+08 0
4.60453e+08 0
4.60453e+08 0
4.60453e+08 0
4.60453e+08 0
4.60453e+08 0
4.60453e+08 0
4.60453e+08 0
4.60453e+08 0
4.60453e+08 0
4.60453e+08 0
4.60453e+08 0
4.60453e+08 0
4.60453e+08 0
4.60453e+08 0
4.60453e+08 0
4.60453e+08 0
4.60453e+08 0
4.60453e+08 0
4.60453e+08 0
4.60453e+08 0
4.60453e+08 0
4.60453e+08 0
4.60453e+08 0
4.60453e+08 0
4.60453e+08 0
4.60453e+08 0
4.60453e+08 0
4.60453e+08 0
4.60453e+08 0
4.60453e+08 0
4.60453e+08 0
4.60453e+08 0
4.60453e+08 0
4.60453e+08 0
4.60453e+08 0
4.60453e+08 0
4.60453e+08 0
4.60453e+08 0
4.60453e+08 0
4.60453e+08 0
4.60453e+08 0
4.60453e+08 0
4.60453e+08 0
4.60453e+08 0
4.60453e+08 0
4.60453e+08 0
4.60453e+08 0
4.60453e+08 0
4.60453e+08 0
4.60453e+08 0
4.60453e+08 0
4.60453e+08 0
4.60453e+08 0
4.60453e+08 0
4.60453e+08 0
4.60453e+08 0
4.60453e+08 0
4.60453e+08 0
4.60453e+08 0
4.60453e+08 0
4.60453e+08 0
4.60453e+08 0
4.60453e+08 0
4.60453e+08 0
4.60453e+08 0
4.60453e+08 0
4.60453e+08 0
4.60453e+08 0
4.60453e+08 0
4.60453e+08 0
4.60453e+08 0
4.60453e+08 0
4.60453e+08 0
4.60453e+08 0
