0 -2.59192e-06
0 -2.76819e-05
0 -1.8099e-05
-6.71798e+07 -2.8099e-05
-5.1116e+06 -3.8099e-05
1.18419e+08 -4.8099e-05
1.18544e+09 -5.8099e-05
1.18544e+09 -6.8099e-05
1.18544e+09 -7.8099e-05
1.18544e+09 -8.8099e-05
1.18544e+09 -9.8099e-05
1.18544e+09 -0.000108099
1.18544e+09 -0.000118099
1.18544e+09 -0.000128099
1.18544e+09 -0.000138099
1.18544e+09 -0.000148099
1.18544e+09 -0.000158099
1.18544e+09 -0.000168099
1.18544e+09 -0.000178099
1.18544e+09 -0.000188099
1.18544e+09 -0.000198099
1.18544e+09 -0.000208099
1.18544e+09 -0.000218099
1.18544e+09 -0.000228099
1.18544e+09 -0.000238099
1.18544e+09 -0.000248099
1.18544e+09 -0.000258099
1.18544e+09 -0.000268099
1.18544e+09 -0.000278099
1.18544e+09 -0.000288099
1.18544e+09 -0.000298099
1.18544e+09 -0.000308099
1.18544e+09 -0.000318099
1.18544e+09 -0.000328099
1.18544e+09 -0.000338099
1.18544e+09 -0.000348099
1.18544e+09 -0.000358099
1.18544e+09 -0.000368099
1.18544e+09 -0.000378099
1.18544e+09 -0.000388099
1.18544e+09 -0.000398099
1.18544e+09 -0.000408099
1.18544e+09 -0.000418099
1.18544e+09 -0.000428099
1.18544e+09 -0.000438099
1.18544e+09 -0.000448099
1.18544e+09 -0.000458099
1.18544e+09 -0.000468099
1.18544e+09 -0.000478099
1.18544e+09 -0.000488099
1.18544e+09 -0.000498099
1.18544e+09 -0.000508099
1.18544e+09 -0.000518099
1.18544e+09 -0.000528099
1.18544e+09 -0.000538099
1.18544e+09 -0.000548099
1.18544e+09 -0.000558099
1.18544e+09 -0.000568099
1.18544e+09 -0.000578099
1.18544e+09 -0.000588099
1.18544e+09 -0.000598099
1.18544e+09 -0.000608099
1.18544e+09 -0.000618099
1.18544e+09 -0.000628099
1.18544e+09 -0.000638099
1.18544e+09 -0.000648099
1.18544e+09 -0.000658099
1.18544e+09 -0.000668099
1.18544e+09 -0.000678099
1.18544e+09 -0.000688099
1.18544e+09 -0.000698099
1.18544e+09 -0.000708099
1.18544e+09 -0.000718099
1.18544e+09 -0.000728099
1.18544e+09 -0.000738099
1.18544e+09 -0.000748099
1.18544e+09 -0.000758099
1.18544e+09 -0.000768099
1.18544e+09 -0.000778099
1.18544e+09 -0.000788099
1.18544e+09 -0.000798099
1.18544e+09 -0.000808099
1.18544e+09 -0.000818099
1.18544e+09 -0.000828099
1.18544e+09 -0.000838099
1.18544e+09 -0.000848099
1.18544e+09 -0.000858099
1.18544e+09 -0.000868099
1.18544e+09 -0.000878099
1.18544e+09 -0.000888099
1.18544e+09 -0.000898099
1.18544e+09 -0.000908099
1.18544e+09 -0.000918099
1.18544e+09 -0.000928099
1.18544e+09 -0.000938099
1.18544e+09 -0.000948099
1.18544e+09 -0.000958099
1.18544e+09 -0.000968099
1.18544e+09 -0.000978099
1.18544e+09 -0.000988099
1.18544e+09 -0.000998099
1.18544e+09 -0.0010081
1.18544e+09 -0.0010181
