0 -3.48926e-06
0 -596909
0 -862072
-15 -862072
-30 -862072
-45 -862072
-60 -862072
-75 -862072
-90 -862072
-105 -862072
-120 -862072
-135 -862072
-150 -862072
-165 -862072
-180 -862072
-195 -862072
-210 -862072
-225 -862072
-240 -862072
-255 -862072
-270 -862072
-285 -862072
-300 -862072
-315 -862072
-330 -862072
-345 -862072
-360 -862072
-375 -862072
-390 -862072
-405 -862072
-420 -862072
-435 -862072
-450 -862072
-465 -862072
-480 -862072
-495 -862072
-510 -862072
-525 -862072
-540 -862072
-555 -862072
-570 -862072
-585 -862072
-600 -862072
-615.001 -862072
-630.001 -862072
-645.001 -862072
-660.001 -862072
-675.001 -862072
-690.001 -862072
-705.001 -862072
-720.001 -862072
-735.001 -862072
-750.001 -862072
-765.001 -862072
-780.001 -862072
-795.001 -862072
-810.001 -862072
-825.001 -862072
-840.001 -862072
-855.001 -862072
-870.001 -862072
-885.001 -862072
-900.001 -862072
-915.001 -862072
-930.001 -862072
-945.001 -862072
-960.001 -862072
-975.001 -862072
-990.001 -862072
-1005 -862072
-1020 -862072
-1035 -862072
-1050 -862072
-1065 -862072
-1080 -862072
-1095 -862072
-1110 -862072
-1125 -862072
-1140 -862072
-1155 -862072
-1170 -862072
-1185 -862072
-1200 -862072
-1215 -862072
-1230 -862072
-1245 -862072
-1260 -862072
-1275 -862072
-1290 -862072
-1305 -862072
-1320 -862072
-1335 -862072
-1350 -862072
-1365 -862072
-1380 -862072
-1395 -862072
-1410 -862072
-1425 -862072
-1440 -862072
-1455 -862072
-1470 -862072
-1485 -862072
-1500 -862072
