0 -7.9035e-06
0 1.36749e-05
0 0.000374494
-5.31521e+06 0.000384494
-1.2792e+07 0.000394494
-2.2688e+07 0.000404494
1.59465e+08 0.000414494
1.59465e+08 0.000424494
1.59465e+08 0.000434494
1.59465e+08 0.000444494
1.59465e+08 0.000454494
1.59465e+08 0.000464494
1.59465e+08 0.000474494
1.59465e+08 0.000484494
1.59465e+08 0.000494494
1.59465e+08 0.000504494
1.59465e+08 0.000514494
1.59465e+08 0.000524494
1.59465e+08 0.000534494
1.59465e+08 0.000544494
1.59465e+08 0.000554494
1.59465e+08 0.000564494
1.59465e+08 0.000574494
1.59465e+08 0.000584494
1.59465e+08 0.000594494
1.59465e+08 0.000604494
1.59465e+08 0.000614494
1.59465e+08 0.000624494
1.59465e+08 0.000634494
1.59465e+08 0.000644494
1.59465e+08 0.000654494
1.59465e+08 0.000664494
1.59465e+08 0.000674494
1.59465e+08 0.000684494
1.59465e+08 0.000694494
1.59465e+08 0.000704494
1.59465e+08 0.000714494
1.59465e+08 0.000724494
1.59465e+08 0.000734494
1.59465e+08 0.000744494
1.59465e+08 0.000754494
1.59465e+08 0.000764494
1.59465e+08 0.000774494
1.59465e+08 0.000784494
1.59465e+08 0.000794494
1.59465e+08 0.000804494
1.59465e+08 0.000814494
1.59465e+08 0.000824494
1.59465e+08 0.000834494
1.59465e+08 0.000844494
1.59465e+08 0.000854494
1.59465e+08 0.000864494
1.59465e+08 0.000874494
1.59465e+08 0.000884494
1.59465e+08 0.000894494
1.59465e+08 0.000904494
1.59465e+08 0.000914494
1.59465e+08 0.000924494
1.59465e+08 0.000934494
1.59465e+08 0.000944494
1.59465e+08 0.000954494
1.59465e+08 0.000964494
1.59465e+08 0.000974494
1.59465e+08 0.000984494
1.59465e+08 0.000994494
1.59465e+08 0.00100449
1.59465e+08 0.00101449
1.59465e+08 0.00102449
1.59465e+08 0.00103449
1.59465e+08 0.00104449
1.59465e+08 0.00105449
1.59465e+08 0.00106449
1.59465e+08 0.00107449
1.59465e+08 0.00108449
1.59465e+08 0.00109449
1.59465e+08 0.00110449
1.59465e+08 0.00111449
1.59465e+08 0.00112449
1.59465e+08 0.00113449
1.59465e+08 0.00114449
1.59465e+08 0.00115449
1.59465e+08 0.00116449
1.59465e+08 0.00117449
1.59465e+08 0.00118449
1.59465e+08 0.00119449
1.59465e+08 0.00120449
1.59465e+08 0.00121449
1.59465e+08 0.00122449
1.59465e+08 0.00123449
1.59465e+08 0.00124449
1.59465e+08 0.00125449
1.59465e+08 0.00126449
1.59465e+08 0.00127449
1.59465e+08 0.00128449
1.59465e+08 0.00129449
1.59465e+08 0.00130449
1.59465e+08 0.00131449
1.59465e+08 0.00132449
1.59465e+08 0.00133449
1.59465e+08 0.00134449
1.59465e+08 0.00135449
1.59465e+08 0.00136449
1.59465e+08 0.00137449
