0 -1.76741e-06
0 3.39602e-05
0 -0.000115968
11.7696 -0.000105968
55.7004 -9.59677e-05
358.299 -8.59677e-05
794.204 -7.59677e-05
1230.11 -6.59677e-05
1666.01 -5.59677e-05
2101.91 -4.59677e-05
2537.82 -3.59677e-05
2973.72 -2.59677e-05
3409.62 -1.59677e-05
3845.52 -5.96771e-06
4281.41 4.03229e-06
4717.31 1.40323e-05
5153.21 2.40323e-05
5589.1 3.40323e-05
6025 4.40323e-05
6460.89 5.40323e-05
6896.79 6.40323e-05
7332.68 7.40323e-05
7768.57 8.40323e-05
8204.46 9.40323e-05
8640.35 0.000104032
9076.24 0.000114032
9512.13 0.000124032
9948.01 0.000134032
10383.9 0.000144032
10819.8 0.000154032
11255.7 0.000164032
11691.6 0.000174032
12127.4 0.000184032
12563.3 0.000194032
12999.2 0.000204032
13435.1 0.000214032
13871 0.000224032
14306.8 0.000234032
14742.7 0.000244032
15178.6 0.000254032
15614.5 0.000264032
16050.4 0.000274032
16486.2 0.000284032
16922.1 0.000294032
17358 0.000304032
17793.8 0.000314032
18229.7 0.000324032
18665.6 0.000334032
19101.5 0.000344032
19537.3 0.000354032
19973.2 0.000364032
20409.1 0.000374032
20844.9 0.000384032
21280.8 0.000394032
21716.7 0.000404032
22152.5 0.000414032
22588.4 0.000424032
23024.2 0.000434032
23460.1 0.000444032
23896 0.000454032
24331.8 0.000464032
24767.7 0.000474032
25203.5 0.000484032
25639.4 0.000494032
26075.3 0.000504032
26511.1 0.000514032
26947 0.000524032
27382.8 0.000534032
27818.7 0.000544032
28254.5 0.000554032
28690.4 0.000564032
29126.2 0.000574032
29562.1 0.000584032
29997.9 0.000594032
30433.8 0.000604032
30869.6 0.000614032
31305.5 0.000624032
31741.3 0.000634032
32177.2 0.000644032
32613 0.000654032
33048.8 0.000664032
33484.7 0.000674032
33920.5 0.000684032
34356.4 0.000694032
34792.2 0.000704032
35228.1 0.000714032
35663.9 0.000724032
36099.7 0.000734032
36535.6 0.000744032
36971.4 0.000754032
37407.2 0.000764032
37843.1 0.000774032
38278.9 0.000784032
38714.7 0.000794032
39150.6 0.000804032
39586.4 0.000814032
40022.2 0.000824032
40458.1 0.000834032
40893.9 0.000844032
41329.7 0.000854032
41765.5 0.000864032
42201.4 0.000874032
42637.2 0.000884032
