0 3.52808e-06
0 3.69776e-06
0 -2.85215e-08
5.10991e+07 -5.10991e+07
5.8413e+07 -5.8413e+07
6.09662e+07 -6.09662e+07
6.37817e+07 -6.37817e+07
6.70538e+07 -6.70538e+07
7.02272e+07 -7.02272e+07
7.30537e+07 -7.30537e+07
7.46072e+07 -7.46072e+07
7.59232e+07 -7.59232e+07
7.7096e+07 -7.7096e+07
7.81779e+07 -7.81779e+07
7.91234e+07 -7.91234e+07
7.9986e+07 -7.9986e+07
8.07967e+07 -8.07967e+07
8.15275e+07 -8.15275e+07
8.21867e+07 -8.21867e+07
8.28001e+07 -8.28001e+07
8.33816e+07 -8.33816e+07
8.3933e+07 -8.3933e+07
8.44469e+07 -8.44469e+07
8.49249e+07 -8.49249e+07
8.53713e+07 -8.53713e+07
8.57884e+07 -8.57884e+07
8.61838e+07 -8.61838e+07
8.6563e+07 -8.6563e+07
8.69268e+07 -8.69268e+07
8.72761e+07 -8.72761e+07
8.76003e+07 -8.76003e+07
8.79078e+07 -8.79078e+07
8.82044e+07 -8.82044e+07
8.84865e+07 -8.84865e+07
8.87531e+07 -8.87531e+07
8.90058e+07 -8.90058e+07
8.92467e+07 -8.92467e+07
8.94776e+07 -8.94776e+07
8.96996e+07 -8.96996e+07
8.99131e+07 -8.99131e+07
9.01166e+07 -9.01166e+07
9.03122e+07 -9.03122e+07
9.05017e+07 -9.05017e+07
9.06855e+07 -9.06855e+07
9.08637e+07 -9.08637e+07
9.10371e+07 -9.10371e+07
9.12062e+07 -9.12062e+07
9.13718e+07 -9.13718e+07
9.15303e+07 -9.15303e+07
8.28866e+07 -8.28866e+07
8.30346e+07 -8.30346e+07
8.31798e+07 -8.31798e+07
8.33224e+07 -8.33224e+07
8.34626e+07 -8.34626e+07
8.3601e+07 -8.3601e+07
8.37363e+07 -8.37363e+07
8.38672e+07 -8.38672e+07
8.39955e+07 -8.39955e+07
8.41216e+07 -8.41216e+07
8.42458e+07 -8.42458e+07
8.43684e+07 -8.43684e+07
8.44894e+07 -8.44894e+07
8.4609e+07 -8.4609e+07
8.47272e+07 -8.47272e+07
8.48443e+07 -8.48443e+07
8.49603e+07 -8.49603e+07
8.50751e+07 -8.50751e+07
8.51878e+07 -8.51878e+07
8.52992e+07 -8.52992e+07
8.54103e+07 -8.54103e+07
8.55211e+07 -8.55211e+07
8.56315e+07 -8.56315e+07
8.57414e+07 -8.57414e+07
8.58498e+07 -8.58498e+07
8.59565e+07 -8.59565e+07
8.60616e+07 -8.60616e+07
8.61653e+07 -8.61653e+07
8.62683e+07 -8.62683e+07
8.63706e+07 -8.63706e+07
8.64726e+07 -8.64726e+07
8.65743e+07 -8.65743e+07
8.66758e+07 -8.66758e+07
8.6777e+07 -8.6777e+07
8.6878e+07 -8.6878e+07
8.69789e+07 -8.69789e+07
8.70796e+07 -8.70796e+07
8.71802e+07 -8.71802e+07
8.72806e+07 -8.72806e+07
8.73809e+07 -8.73809e+07
8.74811e+07 -8.74811e+07
8.75812e+07 -8.75812e+07
8.76813e+07 -8.76813e+07
8.77812e+07 -8.77812e+07
8.78811e+07 -8.78811e+07
2.70685e+07 -2.70685e+07
2.90749e+07 -2.90749e+07
3.04887e+07 -3.04887e+07
3.1688e+07 -3.1688e+07
3.27009e+07 -3.27009e+07
3.34635e+07 -3.34635e+07
3.42059e+07 -3.42059e+07
3.50125e+07 -3.5049e+07
3.58381e+07 -3.58381e+07
