0 -3.33073e-06
0 -1.73097e-05
0 -170552
-15 -170552
-30 -170552
-45 -170552
-60 -170552
-75 -170552
-90 -170552
-105 -170552
-120 -170552
-135 -170552
-150 -170552
-165 -170552
-180 -170552
-195 -170552
-210 -170552
-225 -170552
-240 -170552
-255 -170552
-270 -170552
-285 -170552
-300 -170552
-315 -170552
-330 -170552
-345 -170552
-360 -170552
-375 -170552
-390 -170552
-405 -170552
-420 -170552
-435 -170552
-450 -170552
-465 -170552
-480 -170552
-495 -170552
-510 -170552
-525 -170552
-540 -170552
-555.001 -170552
-570.001 -170552
-585.001 -170552
-600.001 -170552
-615.001 -170552
-630.001 -170552
-645.001 -170552
-660.001 -170552
-675.001 -170552
-690.001 -170552
-705.001 -170552
-720.001 -170552
-735.001 -170552
-750.001 -170552
-765.001 -170552
-780.001 -170552
-795.001 -170552
-810.001 -170552
-825.001 -170552
-840.001 -170552
-855.001 -170552
-870.001 -170552
-885.001 -170552
-900.001 -170552
-915.001 -170552
-930.001 -170552
-945.001 -170552
-960.002 -170552
-975.002 -170552
-990.002 -170552
-1005 -170552
-1020 -170552
-1035 -170552
-1050 -170552
-1065 -170552
-1080 -170552
-1095 -170552
-1110 -170552
-1125 -170552
-1140 -170552
-1155 -170552
-1170 -170552
-1185 -170552
-1200 -170552
-1215 -170552
-1230 -170552
-1245 -170552
-1260 -170552
-1275 -170552
-1290 -170552
-1305 -170552
-1320 -170552
-1335 -170552
-1350 -170552
-1365 -170552
-1380 -170552
-1395 -170552
-1410 -170552
-1425 -170552
-1440 -170552
-1455 -170552
-1470 -170552
-1485 -170552
-1500 -170552
