0 -2.23185e-06
0 -1.86632e-05
0 -1.17361e-05
-1.18672e+08 -2.17361e-05
-1.52164e+08 -3.17361e-05
-1.40057e+08 -4.17361e-05
-1.08059e+08 -5.17361e-05
-5.85473e+07 -6.17361e-05
1.62267e+07 -7.17361e-05
1.77057e+08 -8.17361e-05
9.8298e+08 -9.17361e-05
9.8298e+08 -0.000101736
9.8298e+08 -0.000111736
9.8298e+08 -0.000121736
9.8298e+08 -0.000131736
9.8298e+08 -0.000141736
9.8298e+08 -0.000151736
9.8298e+08 -0.000161736
9.8298e+08 -0.000171736
9.8298e+08 -0.000181736
9.8298e+08 -0.000191736
9.8298e+08 -0.000201736
9.8298e+08 -0.000211736
9.8298e+08 -0.000221736
9.8298e+08 -0.000231736
9.8298e+08 -0.000241736
9.8298e+08 -0.000251736
9.8298e+08 -0.000261736
9.8298e+08 -0.000271736
9.8298e+08 -0.000281736
9.8298e+08 -0.000291736
9.8298e+08 -0.000301736
9.8298e+08 -0.000311736
9.8298e+08 -0.000321736
9.8298e+08 -0.000331736
9.8298e+08 -0.000341736
9.8298e+08 -0.000351736
9.8298e+08 -0.000361736
9.8298e+08 -0.000371736
9.8298e+08 -0.000381736
9.8298e+08 -0.000391736
9.8298e+08 -0.000401736
9.8298e+08 -0.000411736
9.8298e+08 -0.000421736
9.8298e+08 -0.000431736
9.8298e+08 -0.000441736
9.8298e+08 -0.000451736
9.8298e+08 -0.000461736
9.8298e+08 -0.000471736
9.8298e+08 -0.000481736
9.8298e+08 -0.000491736
9.8298e+08 -0.000501736
9.8298e+08 -0.000511736
9.8298e+08 -0.000521736
9.8298e+08 -0.000531736
9.8298e+08 -0.000541736
9.8298e+08 -0.000551736
9.8298e+08 -0.000561736
9.8298e+08 -0.000571736
9.8298e+08 -0.000581736
9.8298e+08 -0.000591736
9.8298e+08 -0.000601736
9.8298e+08 -0.000611736
9.8298e+08 -0.000621736
9.8298e+08 -0.000631736
9.8298e+08 -0.000641736
9.8298e+08 -0.000651736
9.8298e+08 -0.000661736
9.8298e+08 -0.000671736
9.8298e+08 -0.000681736
9.8298e+08 -0.000691736
9.8298e+08 -0.000701736
9.8298e+08 -0.000711736
9.8298e+08 -0.000721736
9.8298e+08 -0.000731736
9.8298e+08 -0.000741736
9.8298e+08 -0.000751736
9.8298e+08 -0.000761736
9.8298e+08 -0.000771736
9.8298e+08 -0.000781736
9.8298e+08 -0.000791736
9.8298e+08 -0.000801736
9.8298e+08 -0.000811736
9.8298e+08 -0.000821736
9.8298e+08 -0.000831736
9.8298e+08 -0.000841736
9.8298e+08 -0.000851736
9.8298e+08 -0.000861736
9.8298e+08 -0.000871736
9.8298e+08 -0.000881736
9.8298e+08 -0.000891736
9.8298e+08 -0.000901736
9.8298e+08 -0.000911736
9.8298e+08 -0.000921736
9.8298e+08 -0.000931736
9.8298e+08 -0.000941736
9.8298e+08 -0.000951736
9.8298e+08 -0.000961736
9.8298e+08 -0.000971736
9.8298e+08 -0.000981736
9.8298e+08 -0.000991736
9.8298e+08 -0.00100174
9.8298e+08 -0.00101174
