0 -4.91273e-08
0 -5.44135e+07
0 -5.44135e+07
1.43406e+08 -1.9782e+08
2.41603e+08 -2.96016e+08
2.81262e+08 -3.35676e+08
2.81575e+08 -3.35989e+08
2.67844e+08 -3.22258e+08
2.41574e+08 -2.95988e+08
2.02163e+08 -2.56576e+08
1.4191e+08 -1.96324e+08
2.39677e+07 -7.83812e+07
7.60234e+08 0
7.60234e+08 0
7.60234e+08 0
7.60234e+08 0
7.60234e+08 0
7.60234e+08 0
7.60234e+08 0
7.60234e+08 0
7.60234e+08 0
7.60234e+08 0
7.60234e+08 0
7.60234e+08 0
7.60234e+08 0
7.60234e+08 0
7.60234e+08 0
7.60234e+08 0
7.60234e+08 0
7.60234e+08 0
7.60234e+08 0
7.60234e+08 0
7.60234e+08 0
7.60234e+08 0
7.60234e+08 0
7.60234e+08 0
7.60234e+08 0
7.60234e+08 0
7.60234e+08 0
7.60234e+08 0
7.60234e+08 0
7.60234e+08 0
7.60234e+08 0
7.60234e+08 0
7.60234e+08 0
7.60234e+08 0
7.60234e+08 0
7.60234e+08 0
7.60234e+08 0
7.60234e+08 0
7.60234e+08 0
7.60234e+08 0
7.60234e+08 0
7.60234e+08 0
7.60234e+08 0
7.60234e+08 0
7.60234e+08 0
7.60234e+08 0
7.60234e+08 0
7.60234e+08 0
7.60234e+08 0
7.60234e+08 0
7.60234e+08 0
7.60234e+08 0
7.60234e+08 0
7.60234e+08 0
7.60234e+08 0
7.60234e+08 0
7.60234e+08 0
7.60234e+08 0
7.60234e+08 0
7.60234e+08 0
7.60234e+08 0
7.60234e+08 0
7.60234e+08 0
7.60234e+08 0
7.60234e+08 0
7.60234e+08 0
7.60234e+08 0
7.60234e+08 0
7.60234e+08 0
7.60234e+08 0
7.60234e+08 0
7.60234e+08 0
7.60234e+08 0
7.60234e+08 0
7.60234e+08 0
7.60234e+08 0
7.60234e+08 0
7.60234e+08 0
7.60234e+08 0
7.60234e+08 0
7.60234e+08 0
7.60234e+08 0
7.60234e+08 0
7.60234e+08 0
7.60234e+08 0
7.60234e+08 0
7.60234e+08 0
7.60234e+08 0
7.60234e+08 0
7.60234e+08 0
7.60234e+08 0
