0 -4.81241e-07
0 -5.84672e-06
0 -4.84153e-06
-1.62363e+08 -1.48415e-05
-2.60612e+08 -2.48415e-05
-2.88489e+08 -3.48415e-05
-2.91474e+08 -4.48415e-05
-2.82953e+08 -5.48415e-05
-2.66392e+08 -6.48415e-05
-2.42081e+08 -7.48415e-05
-2.08963e+08 -8.48415e-05
-1.6347e+08 -9.48415e-05
-9.64977e+07 -0.000104842
2.25964e+07 -0.000114842
4.68215e+08 -0.000124842
6.88279e+08 -0.000134842
6.88279e+08 -0.000144842
6.88279e+08 -0.000154842
6.88279e+08 -0.000164842
6.88279e+08 -0.000174842
6.88279e+08 -0.000184842
6.88279e+08 -0.000194842
6.88279e+08 -0.000204842
6.88279e+08 -0.000214842
6.88279e+08 -0.000224842
6.88279e+08 -0.000234842
6.88279e+08 -0.000244842
6.88279e+08 -0.000254842
6.88279e+08 -0.000264842
6.88279e+08 -0.000274842
6.88279e+08 -0.000284842
6.88279e+08 -0.000294842
6.88279e+08 -0.000304842
6.88279e+08 -0.000314842
6.88279e+08 -0.000324842
6.88279e+08 -0.000334842
6.88279e+08 -0.000344842
6.88279e+08 -0.000354842
6.88279e+08 -0.000364842
6.88279e+08 -0.000374842
6.88279e+08 -0.000384842
6.88279e+08 -0.000394842
6.88279e+08 -0.000404842
6.88279e+08 -0.000414842
6.88279e+08 -0.000424842
6.88279e+08 -0.000434842
6.88279e+08 -0.000444842
6.88279e+08 -0.000454842
6.88279e+08 -0.000464842
6.88279e+08 -0.000474842
6.88279e+08 -0.000484842
6.88279e+08 -0.000494842
6.88279e+08 -0.000504842
6.88279e+08 -0.000514842
6.88279e+08 -0.000524842
6.88279e+08 -0.000534842
6.88279e+08 -0.000544842
6.88279e+08 -0.000554842
6.88279e+08 -0.000564842
6.88279e+08 -0.000574842
6.88279e+08 -0.000584842
6.88279e+08 -0.000594842
6.88279e+08 -0.000604842
6.88279e+08 -0.000614842
6.88279e+08 -0.000624842
6.88279e+08 -0.000634842
6.88279e+08 -0.000644842
6.88279e+08 -0.000654842
6.88279e+08 -0.000664842
6.88279e+08 -0.000674842
6.88279e+08 -0.000684842
6.88279e+08 -0.000694842
6.88279e+08 -0.000704842
6.88279e+08 -0.000714842
6.88279e+08 -0.000724842
6.88279e+08 -0.000734842
6.88279e+08 -0.000744842
6.88279e+08 -0.000754842
6.88279e+08 -0.000764842
6.88279e+08 -0.000774842
6.88279e+08 -0.000784842
6.88279e+08 -0.000794842
6.88279e+08 -0.000804842
6.88279e+08 -0.000814842
6.88279e+08 -0.000824842
6.88279e+08 -0.000834842
6.88279e+08 -0.000844842
6.88279e+08 -0.000854842
6.88279e+08 -0.000864842
6.88279e+08 -0.000874842
6.88279e+08 -0.000884842
6.88279e+08 -0.000894842
6.88279e+08 -0.000904842
6.88279e+08 -0.000914842
6.88279e+08 -0.000924842
6.88279e+08 -0.000934842
6.88279e+08 -0.000944842
6.88279e+08 -0.000954842
6.88279e+08 -0.000964842
6.88279e+08 -0.000974842
6.88279e+08 -0.000984842
6.88279e+08 -0.000994842
6.88279e+08 -0.00100484
