0 -3.15207e-07
0 1.11118e-05
0 -817420
-15 -817420
-30 -817420
-45 -817420
-60 -817420
-75 -817420
-90 -817420
-105 -817420
-120 -817420
-135 -817420
-150 -817420
-165 -817420
-180 -817420
-195 -817420
-210 -817420
-225 -817420
-240 -817420
-255 -817420
-270 -817420
-285 -817420
-300 -817420
-315 -817420
-330 -817420
-345 -817420
-360 -817420
-375 -817420
-390 -817420
-405 -817420
-420 -817420
-435 -817420
-450 -817420
-465 -817420
-480 -817420
-495 -817420
-510 -817420
-525 -817420
-540 -817420
-555 -817420
-570 -817420
-585 -817420
-600 -817420
-615 -817420
-630 -817420
-645 -817420
-660 -817420
-675 -817420
-690 -817420
-705 -817420
-720 -817420
-735 -817420
-750 -817420
-765 -817420
-780 -817420
-795 -817420
-810 -817420
-825 -817420
-840 -817420
-855 -817420
-870 -817420
-885 -817420
-900 -817420
-915 -817420
-930 -817420
-945 -817420
-960 -817420
-975 -817420
-990 -817420
-1005 -817420
-1020 -817420
-1035 -817420
-1050 -817420
-1065 -817420
-1080 -817420
-1095 -817420
-1110 -817420
-1125 -817420
-1140 -817420
-1155 -817420
-1170 -817420
-1185 -817420
-1200 -817420
-1215 -817420
-1230 -817420
-1245 -817420
-1260 -817420
-1275 -817420
-1290 -817420
-1305 -817420
-1320 -817420
-1335 -817420
-1350 -817420
-1365 -817420
-1380 -817420
-1395 -817420
-1410 -817420
-1425 -817420
-1440 -817420
-1455 -817420
-1470 -817420
-1485 -817420
-1500 -817420
