0 -1.16095e-06
0 -9.41109e-06
0 -5.43713e-06
-1.23725e+08 -1.54371e-05
-1.60337e+08 -2.54371e-05
-1.83528e+08 -3.54371e-05
-2.00026e+08 -4.54371e-05
-2.09784e+08 -5.54371e-05
-2.13584e+08 -6.54371e-05
-2.16509e+08 -7.54371e-05
-2.16741e+08 -8.54371e-05
-2.15691e+08 -9.54371e-05
-2.13445e+08 -0.000105437
-2.09998e+08 -0.000115437
-2.0527e+08 -0.000125437
-1.98898e+08 -0.000135437
-1.90269e+08 -0.000145437
-1.77891e+08 -0.000155437
-1.5817e+08 -0.000165437
-1.24046e+08 -0.000175437
-7.94069e+07 -0.000185437
-4.15055e+07 -0.000195437
-8.69404e+06 -0.000205437
2.11563e+07 -0.000215437
5.06806e+07 -0.000225437
8.23049e+07 -0.000235437
1.17913e+08 -0.000245437
2.1089e+08 -0.000255437
2.45499e+08 -0.000265437
2.93015e+08 -0.000275437
2.99311e+08 -0.000285437
2.99311e+08 -0.000295437
2.99311e+08 -0.000305437
2.99311e+08 -0.000315437
2.99311e+08 -0.000325437
2.99311e+08 -0.000335437
2.99311e+08 -0.000345437
2.99311e+08 -0.000355437
2.99311e+08 -0.000365437
2.99311e+08 -0.000375437
2.99311e+08 -0.000385437
2.99311e+08 -0.000395437
2.99311e+08 -0.000405437
2.99311e+08 -0.000415437
2.99311e+08 -0.000425437
2.99311e+08 -0.000435437
2.99311e+08 -0.000445437
2.99311e+08 -0.000455437
2.99311e+08 -0.000465437
2.99311e+08 -0.000475437
2.99311e+08 -0.000485437
2.99311e+08 -0.000495437
2.99311e+08 -0.000505437
2.99311e+08 -0.000515437
2.99311e+08 -0.000525437
2.99311e+08 -0.000535437
2.99311e+08 -0.000545437
2.99311e+08 -0.000555437
2.99311e+08 -0.000565437
2.99311e+08 -0.000575437
2.99311e+08 -0.000585437
2.99311e+08 -0.000595437
2.99311e+08 -0.000605437
2.99311e+08 -0.000615437
2.99311e+08 -0.000625437
2.99311e+08 -0.000635437
2.99311e+08 -0.000645437
2.99311e+08 -0.000655437
2.99311e+08 -0.000665437
2.99311e+08 -0.000675437
2.99311e+08 -0.000685437
2.99311e+08 -0.000695437
2.99311e+08 -0.000705437
2.99311e+08 -0.000715437
2.99311e+08 -0.000725437
2.99311e+08 -0.000735437
2.99311e+08 -0.000745437
2.99311e+08 -0.000755437
2.99311e+08 -0.000765437
2.99311e+08 -0.000775437
2.99311e+08 -0.000785437
2.99311e+08 -0.000795437
2.99311e+08 -0.000805437
2.99311e+08 -0.000815437
2.99311e+08 -0.000825437
2.99311e+08 -0.000835437
2.99311e+08 -0.000845437
2.99311e+08 -0.000855437
2.99311e+08 -0.000865437
2.99311e+08 -0.000875437
2.99311e+08 -0.000885437
2.99311e+08 -0.000895437
2.99311e+08 -0.000905437
2.99311e+08 -0.000915437
2.99311e+08 -0.000925437
2.99311e+08 -0.000935437
2.99311e+08 -0.000945437
2.99311e+08 -0.000955437
2.99311e+08 -0.000965437
2.99311e+08 -0.000975437
2.99311e+08 -0.000985437
2.99311e+08 -0.000995437
2.99311e+08 -0.00100544
