0 0
0 -0.000296525
0 -455722
-15 -455722
-30 -455722
-45 -455722
-60 -455722
-75 -455722
-90 -455722
-105 -455722
-120 -455722
-135 -455722
-150 -455722
-165 -455722
-180 -455722
-195 -455722
-210 -455722
-225 -455722
-240 -455722
-255 -455722
-270 -455722
-285 -455722
-300 -455722
-315 -455722
-330 -455722
-345 -455722
-360 -455722
-375 -455722
-390 -455722
-405 -455722
-420 -455722
-435 -455722
-450 -455722
-465 -455722
-480 -455722
-495 -455722
-510 -455722
-525 -455722
-540 -455722
-555 -455722
-570 -455722
-585 -455722
-600 -455722
-615 -455722
-630 -455722
-645 -455722
-660 -455722
-675 -455722
-690 -455722
-705 -455722
-720 -455722
-735 -455722
-750 -455722
-765 -455722
-780 -455722
-795.001 -455722
-810.001 -455722
-825.001 -455722
-840.001 -455722
-855.001 -455722
-870.001 -455722
-885.001 -455722
-900.001 -455722
-915.001 -455722
-930.001 -455722
-945.001 -455722
-960.001 -455722
-975.001 -455722
-990.001 -455722
-1005 -455722
-1020 -455722
-1035 -455722
-1050 -455722
-1065 -455722
-1080 -455722
-1095 -455722
-1110 -455722
-1125 -455722
-1140 -455722
-1155 -455722
-1170 -455722
-1185 -455722
-1200 -455722
-1215 -455722
-1230 -455722
-1245 -455722
-1260 -455722
-1275 -455722
-1290 -455722
-1305 -455722
-1320 -455722
-1335 -455722
-1350 -455722
-1365 -455722
-1380 -455722
-1395 -455722
-1410 -455722
-1425 -455722
-1440 -455722
-1455 -455722
-1470 -455722
-1485 -455722
-1500 -455722
