0 0
0 7.6954e-05
0 -219806
-15 -219806
-30 -219806
-45 -219806
-60 -219806
-75 -219806
-90 -219806
-105 -219806
-120 -219806
-135 -219806
-150 -219806
-165 -219806
-180 -219806
-195 -219806
-210 -219806
-225 -219806
-240 -219806
-255 -219806
-270 -219806
-285 -219806
-300 -219806
-315 -219806
-330 -219806
-345 -219806
-360 -219806
-375 -219806
-390 -219806
-405 -219806
-420 -219806
-435 -219806
-450 -219806
-465 -219806
-480 -219806
-495 -219806
-510 -219806
-525 -219806
-540 -219806
-555.001 -219806
-570.001 -219806
-585.001 -219806
-600.001 -219806
-615.001 -219806
-630.001 -219806
-645.001 -219806
-660.001 -219806
-675.001 -219806
-690.001 -219806
-705.001 -219806
-720.001 -219806
-735.001 -219806
-750.001 -219806
-765.001 -219806
-780.001 -219806
-795.001 -219806
-810.001 -219806
-825.001 -219806
-840.001 -219806
-855.001 -219806
-870.001 -219806
-885.001 -219806
-900.001 -219806
-915.001 -219806
-930.001 -219806
-945.002 -219806
-960.002 -219806
-975.002 -219806
-990.002 -219806
-1005 -219806
-1020 -219806
-1035 -219806
-1050 -219806
-1065 -219806
-1080 -219806
-1095 -219806
-1110 -219806
-1125 -219806
-1140 -219806
-1155 -219806
-1170 -219806
-1185 -219806
-1200 -219806
-1215 -219806
-1230 -219806
-1245 -219806
-1260 -219806
-1275 -219806
-1290 -219806
-1305 -219806
-1320 -219806
-1335 -219806
-1350 -219806
-1365 -219806
-1380 -219806
-1395 -219806
-1410 -219806
-1425 -219806
-1440 -219806
-1455 -219806
-1470 -219806
-1485 -219806
-1500 -219806
