0 -9.69964e-07
0 -6.13021e-05
0 -398809
-15 -398809
-30 -398809
-45 -398809
-60 -398809
-75 -398809
-90 -398809
-105 -398809
-120 -398809
-135 -398809
-150 -398809
-165 -398809
-180 -398809
-195 -398809
-210 -398809
-225 -398809
-240 -398809
-255 -398809
-270 -398809
-285 -398809
-300 -398809
-315 -398809
-330 -398809
-345 -398809
-360 -398809
-375 -398809
-390 -398809
-405 -398809
-420 -398809
-435 -398809
-450 -398809
-465 -398809
-480 -398809
-495 -398809
-510 -398809
-525 -398809
-540 -398809
-555 -398809
-570 -398809
-585 -398809
-600 -398809
-615 -398809
-630 -398809
-645 -398809
-660 -398809
-675 -398809
-690 -398809
-705 -398809
-720 -398809
-735 -398809
-750 -398809
-765 -398809
-780 -398809
-795 -398809
-810 -398809
-825.001 -398809
-840.001 -398809
-855.001 -398809
-870.001 -398809
-885.001 -398809
-900.001 -398809
-915.001 -398809
-930.001 -398809
-945.001 -398809
-960.001 -398809
-975.001 -398809
-990.001 -398809
-1005 -398809
-1020 -398809
-1035 -398809
-1050 -398809
-1065 -398809
-1080 -398809
-1095 -398809
-1110 -398809
-1125 -398809
-1140 -398809
-1155 -398809
-1170 -398809
-1185 -398809
-1200 -398809
-1215 -398809
-1230 -398809
-1245 -398809
-1260 -398809
-1275 -398809
-1290 -398809
-1305 -398809
-1320 -398809
-1335 -398809
-1350 -398809
-1365 -398809
-1380 -398809
-1395 -398809
-1410 -398809
-1425 -398809
-1440 -398809
-1455 -398809
-1470 -398809
-1485 -398809
-1500 -398809
