0 -4.04738e-06
0 -9.96337e-06
0 -9.1221e-06
-4.18622e+07 -1.91221e-05
1.18226e+07 -2.91221e-05
1.25187e+09 -3.91221e-05
1.25187e+09 -4.91221e-05
1.25187e+09 -5.91221e-05
1.25187e+09 -6.91221e-05
1.25187e+09 -7.91221e-05
1.25187e+09 -8.91221e-05
1.25187e+09 -9.91221e-05
1.25187e+09 -0.000109122
1.25187e+09 -0.000119122
1.25187e+09 -0.000129122
1.25187e+09 -0.000139122
1.25187e+09 -0.000149122
1.25187e+09 -0.000159122
1.25187e+09 -0.000169122
1.25187e+09 -0.000179122
1.25187e+09 -0.000189122
1.25187e+09 -0.000199122
1.25187e+09 -0.000209122
1.25187e+09 -0.000219122
1.25187e+09 -0.000229122
1.25187e+09 -0.000239122
1.25187e+09 -0.000249122
1.25187e+09 -0.000259122
1.25187e+09 -0.000269122
1.25187e+09 -0.000279122
1.25187e+09 -0.000289122
1.25187e+09 -0.000299122
1.25187e+09 -0.000309122
1.25187e+09 -0.000319122
1.25187e+09 -0.000329122
1.25187e+09 -0.000339122
1.25187e+09 -0.000349122
1.25187e+09 -0.000359122
1.25187e+09 -0.000369122
1.25187e+09 -0.000379122
1.25187e+09 -0.000389122
1.25187e+09 -0.000399122
1.25187e+09 -0.000409122
1.25187e+09 -0.000419122
1.25187e+09 -0.000429122
1.25187e+09 -0.000439122
1.25187e+09 -0.000449122
1.25187e+09 -0.000459122
1.25187e+09 -0.000469122
1.25187e+09 -0.000479122
1.25187e+09 -0.000489122
1.25187e+09 -0.000499122
1.25187e+09 -0.000509122
1.25187e+09 -0.000519122
1.25187e+09 -0.000529122
1.25187e+09 -0.000539122
1.25187e+09 -0.000549122
1.25187e+09 -0.000559122
1.25187e+09 -0.000569122
1.25187e+09 -0.000579122
1.25187e+09 -0.000589122
1.25187e+09 -0.000599122
1.25187e+09 -0.000609122
1.25187e+09 -0.000619122
1.25187e+09 -0.000629122
1.25187e+09 -0.000639122
1.25187e+09 -0.000649122
1.25187e+09 -0.000659122
1.25187e+09 -0.000669122
1.25187e+09 -0.000679122
1.25187e+09 -0.000689122
1.25187e+09 -0.000699122
1.25187e+09 -0.000709122
1.25187e+09 -0.000719122
1.25187e+09 -0.000729122
1.25187e+09 -0.000739122
1.25187e+09 -0.000749122
1.25187e+09 -0.000759122
1.25187e+09 -0.000769122
1.25187e+09 -0.000779122
1.25187e+09 -0.000789122
1.25187e+09 -0.000799122
1.25187e+09 -0.000809122
1.25187e+09 -0.000819122
1.25187e+09 -0.000829122
1.25187e+09 -0.000839122
1.25187e+09 -0.000849122
1.25187e+09 -0.000859122
1.25187e+09 -0.000869122
1.25187e+09 -0.000879122
1.25187e+09 -0.000889122
1.25187e+09 -0.000899122
1.25187e+09 -0.000909122
1.25187e+09 -0.000919122
1.25187e+09 -0.000929122
1.25187e+09 -0.000939122
1.25187e+09 -0.000949122
1.25187e+09 -0.000959122
1.25187e+09 -0.000969122
1.25187e+09 -0.000979122
1.25187e+09 -0.000989122
1.25187e+09 -0.000999122
1.25187e+09 -0.00100912
