0 -7.82311e-08
0 9.57984e+07
0 9.57984e+07
-1.57224e+08 2.53022e+08
-2.31532e+08 3.27331e+08
-2.49089e+08 3.44887e+08
-2.46783e+08 3.42581e+08
-2.34761e+08 3.30559e+08
-2.1498e+08 3.10778e+08
-1.87193e+08 2.82991e+08
-1.49549e+08 2.45348e+08
-9.71422e+07 1.92941e+08
-1.54338e+07 1.11232e+08
1.41548e+08 -4.57492e+07
7.29413e+08 0
7.29413e+08 0
7.29413e+08 0
7.29413e+08 0
7.29413e+08 0
7.29413e+08 0
7.29413e+08 0
7.29413e+08 0
7.29413e+08 0
7.29413e+08 0
7.29413e+08 0
7.29413e+08 0
7.29413e+08 0
7.29413e+08 0
7.29413e+08 0
7.29413e+08 0
7.29413e+08 0
7.29413e+08 0
7.29413e+08 0
7.29413e+08 0
7.29413e+08 0
7.29413e+08 0
7.29413e+08 0
7.29413e+08 0
7.29413e+08 0
7.29413e+08 0
7.29413e+08 0
7.29413e+08 0
7.29413e+08 0
7.29413e+08 0
7.29413e+08 0
7.29413e+08 0
7.29413e+08 0
7.29413e+08 0
7.29413e+08 0
7.29413e+08 0
7.29413e+08 0
7.29413e+08 0
7.29413e+08 0
7.29413e+08 0
7.29413e+08 0
7.29413e+08 0
7.29413e+08 0
7.29413e+08 0
7.29413e+08 0
7.29413e+08 0
7.29413e+08 0
7.29413e+08 0
7.29413e+08 0
7.29413e+08 0
7.29413e+08 0
7.29413e+08 0
7.29413e+08 0
7.29413e+08 0
7.29413e+08 0
7.29413e+08 0
7.29413e+08 0
7.29413e+08 0
7.29413e+08 0
7.29413e+08 0
7.29413e+08 0
7.29413e+08 0
7.29413e+08 0
7.29413e+08 0
7.29413e+08 0
7.29413e+08 0
7.29413e+08 0
7.29413e+08 0
7.29413e+08 0
7.29413e+08 0
7.29413e+08 0
7.29413e+08 0
7.29413e+08 0
7.29413e+08 0
7.29413e+08 0
7.29413e+08 0
7.29413e+08 0
7.29413e+08 0
7.29413e+08 0
7.29413e+08 0
7.29413e+08 0
7.29413e+08 0
7.29413e+08 0
7.29413e+08 0
7.29413e+08 0
7.29413e+08 0
7.29413e+08 0
7.29413e+08 0
7.29413e+08 0
