0 0
0 2.00413e-06
0 -1.19455e-06
1.38882e+08 8.80545e-06
2.18566e+08 1.88054e-05
2.44319e+08 2.88054e-05
2.26729e+08 3.88054e-05
1.80142e+08 4.88054e-05
1.01087e+08 5.88054e-05
3.57452e+08 6.88054e-05
9.73833e+08 7.88054e-05
9.73833e+08 8.88054e-05
9.73833e+08 9.88054e-05
9.73833e+08 0.000108805
9.73833e+08 0.000118805
9.73833e+08 0.000128805
9.73833e+08 0.000138805
9.73833e+08 0.000148805
9.73833e+08 0.000158805
9.73833e+08 0.000168805
9.73833e+08 0.000178805
9.73833e+08 0.000188805
9.73833e+08 0.000198805
9.73833e+08 0.000208805
9.73833e+08 0.000218805
9.73833e+08 0.000228805
9.73833e+08 0.000238805
9.73833e+08 0.000248805
9.73833e+08 0.000258805
9.73833e+08 0.000268805
9.73833e+08 0.000278805
9.73833e+08 0.000288805
9.73833e+08 0.000298805
9.73833e+08 0.000308805
9.73833e+08 0.000318805
9.73833e+08 0.000328805
9.73833e+08 0.000338805
9.73833e+08 0.000348805
9.73833e+08 0.000358805
9.73833e+08 0.000368805
9.73833e+08 0.000378805
9.73833e+08 0.000388805
9.73833e+08 0.000398805
9.73833e+08 0.000408805
9.73833e+08 0.000418805
9.73833e+08 0.000428805
9.73833e+08 0.000438805
9.73833e+08 0.000448805
9.73833e+08 0.000458805
9.73833e+08 0.000468805
9.73833e+08 0.000478805
9.73833e+08 0.000488805
9.73833e+08 0.000498805
9.73833e+08 0.000508805
9.73833e+08 0.000518805
9.73833e+08 0.000528805
9.73833e+08 0.000538805
9.73833e+08 0.000548805
9.73833e+08 0.000558805
9.73833e+08 0.000568805
9.73833e+08 0.000578805
9.73833e+08 0.000588805
9.73833e+08 0.000598805
9.73833e+08 0.000608805
9.73833e+08 0.000618805
9.73833e+08 0.000628805
9.73833e+08 0.000638805
9.73833e+08 0.000648805
9.73833e+08 0.000658805
9.73833e+08 0.000668805
9.73833e+08 0.000678805
9.73833e+08 0.000688805
9.73833e+08 0.000698805
9.73833e+08 0.000708805
9.73833e+08 0.000718805
9.73833e+08 0.000728805
9.73833e+08 0.000738805
9.73833e+08 0.000748805
9.73833e+08 0.000758805
9.73833e+08 0.000768805
9.73833e+08 0.000778805
9.73833e+08 0.000788805
9.73833e+08 0.000798805
9.73833e+08 0.000808805
9.73833e+08 0.000818805
9.73833e+08 0.000828805
9.73833e+08 0.000838805
9.73833e+08 0.000848805
9.73833e+08 0.000858805
9.73833e+08 0.000868805
9.73833e+08 0.000878805
9.73833e+08 0.000888805
9.73833e+08 0.000898805
9.73833e+08 0.000908805
9.73833e+08 0.000918805
9.73833e+08 0.000928805
9.73833e+08 0.000938805
9.73833e+08 0.000948805
9.73833e+08 0.000958805
9.73833e+08 0.000968805
9.73833e+08 0.000978805
9.73833e+08 0.000988805
9.73833e+08 0.000998805
