0 -5.81442e-07
0 -4.70896e-06
0 -2.95603e-06
-1.49013e+08 -1.2956e-05
-1.97106e+08 -2.2956e-05
-2.22094e+08 -3.2956e-05
-2.40292e+08 -4.2956e-05
-2.51707e+08 -5.2956e-05
-2.56735e+08 -6.2956e-05
-2.59941e+08 -7.2956e-05
-2.60524e+08 -8.2956e-05
-2.59781e+08 -9.2956e-05
-2.57831e+08 -0.000102956
-2.54687e+08 -0.000112956
-2.50304e+08 -0.000122956
-2.4439e+08 -0.000132956
-2.36409e+08 -0.000142956
-2.25144e+08 -0.000152956
-2.07701e+08 -0.000162956
-1.78497e+08 -0.000172956
-1.32907e+08 -0.000182956
-9.33329e+07 -0.000192956
-5.94822e+07 -0.000202956
-2.90097e+07 -0.000212956
590042 -0.000222956
3.17913e+07 -0.000232956
6.69663e+07 -0.000242956
1.02744e+08 -0.000252956
1.94993e+08 -0.000262956
2.13326e+08 -0.000272956
2.55601e+08 -0.000282956
2.55601e+08 -0.000292956
2.55601e+08 -0.000302956
2.55601e+08 -0.000312956
2.55601e+08 -0.000322956
2.55601e+08 -0.000332956
2.55601e+08 -0.000342956
2.55601e+08 -0.000352956
2.55601e+08 -0.000362956
2.55601e+08 -0.000372956
2.55601e+08 -0.000382956
2.55601e+08 -0.000392956
2.55601e+08 -0.000402956
2.55601e+08 -0.000412956
2.55601e+08 -0.000422956
2.55601e+08 -0.000432956
2.55601e+08 -0.000442956
2.55601e+08 -0.000452956
2.55601e+08 -0.000462956
2.55601e+08 -0.000472956
2.55601e+08 -0.000482956
2.55601e+08 -0.000492956
2.55601e+08 -0.000502956
2.55601e+08 -0.000512956
2.55601e+08 -0.000522956
2.55601e+08 -0.000532956
2.55601e+08 -0.000542956
2.55601e+08 -0.000552956
2.55601e+08 -0.000562956
2.55601e+08 -0.000572956
2.55601e+08 -0.000582956
2.55601e+08 -0.000592956
2.55601e+08 -0.000602956
2.55601e+08 -0.000612956
2.55601e+08 -0.000622956
2.55601e+08 -0.000632956
2.55601e+08 -0.000642956
2.55601e+08 -0.000652956
2.55601e+08 -0.000662956
2.55601e+08 -0.000672956
2.55601e+08 -0.000682956
2.55601e+08 -0.000692956
2.55601e+08 -0.000702956
2.55601e+08 -0.000712956
2.55601e+08 -0.000722956
2.55601e+08 -0.000732956
2.55601e+08 -0.000742956
2.55601e+08 -0.000752956
2.55601e+08 -0.000762956
2.55601e+08 -0.000772956
2.55601e+08 -0.000782956
2.55601e+08 -0.000792956
2.55601e+08 -0.000802956
2.55601e+08 -0.000812956
2.55601e+08 -0.000822956
2.55601e+08 -0.000832956
2.55601e+08 -0.000842956
2.55601e+08 -0.000852956
2.55601e+08 -0.000862956
2.55601e+08 -0.000872956
2.55601e+08 -0.000882956
2.55601e+08 -0.000892956
2.55601e+08 -0.000902956
2.55601e+08 -0.000912956
2.55601e+08 -0.000922956
2.55601e+08 -0.000932956
2.55601e+08 -0.000942956
2.55601e+08 -0.000952956
2.55601e+08 -0.000962956
2.55601e+08 -0.000972956
2.55601e+08 -0.000982956
2.55601e+08 -0.000992956
2.55601e+08 -0.00100296
