0 3.91155e-08
0 -1.12165e+08
0 -1.12165e+08
1.25292e+08 -2.37457e+08
1.49042e+08 -2.61207e+08
1.19947e+08 -2.32112e+08
5.37338e+07 -1.65899e+08
-8.05901e+07 -3.15751e+07
6.64767e+08 0
6.64767e+08 0
6.64767e+08 0
6.64767e+08 0
6.64767e+08 0
6.64767e+08 0
6.64767e+08 0
6.64767e+08 0
6.64767e+08 0
6.64767e+08 0
6.64767e+08 0
6.64767e+08 0
6.64767e+08 0
6.64767e+08 0
6.64767e+08 0
6.64767e+08 0
6.64767e+08 0
6.64767e+08 0
6.64767e+08 0
6.64767e+08 0
6.64767e+08 0
6.64767e+08 0
6.64767e+08 0
6.64767e+08 0
6.64767e+08 0
6.64767e+08 0
6.64767e+08 0
6.64767e+08 0
6.64767e+08 0
6.64767e+08 0
6.64767e+08 0
6.64767e+08 0
6.64767e+08 0
6.64767e+08 0
6.64767e+08 0
6.64767e+08 0
6.64767e+08 0
6.64767e+08 0
6.64767e+08 0
6.64767e+08 0
6.64767e+08 0
6.64767e+08 0
6.64767e+08 0
6.64767e+08 0
6.64767e+08 0
6.64767e+08 0
6.64767e+08 0
6.64767e+08 0
6.64767e+08 0
6.64767e+08 0
6.64767e+08 0
6.64767e+08 0
6.64767e+08 0
6.64767e+08 0
6.64767e+08 0
6.64767e+08 0
6.64767e+08 0
6.64767e+08 0
6.64767e+08 0
6.64767e+08 0
6.64767e+08 0
6.64767e+08 0
6.64767e+08 0
6.64767e+08 0
6.64767e+08 0
6.64767e+08 0
6.64767e+08 0
6.64767e+08 0
6.64767e+08 0
6.64767e+08 0
6.64767e+08 0
6.64767e+08 0
6.64767e+08 0
6.64767e+08 0
6.64767e+08 0
6.64767e+08 0
6.64767e+08 0
6.64767e+08 0
6.64767e+08 0
6.64767e+08 0
6.64767e+08 0
6.64767e+08 0
6.64767e+08 0
6.64767e+08 0
6.64767e+08 0
6.64767e+08 0
6.64767e+08 0
6.64767e+08 0
6.64767e+08 0
6.64767e+08 0
6.64767e+08 0
6.64767e+08 0
6.64767e+08 0
6.64767e+08 0
6.64767e+08 0
