0 -2.8871e-08
0 3.072e+07
0 3.072e+07
1.37112e+07 4.33905e+07
1.31999e+09 0
1.31999e+09 0
1.31999e+09 0
1.31999e+09 0
1.31999e+09 0
1.31999e+09 0
1.31999e+09 0
1.31999e+09 0
1.31999e+09 0
1.31999e+09 0
1.31999e+09 0
1.31999e+09 0
1.31999e+09 0
1.31999e+09 0
1.31999e+09 0
1.31999e+09 0
1.31999e+09 0
1.31999e+09 0
1.31999e+09 0
1.31999e+09 0
1.31999e+09 0
1.31999e+09 0
1.31999e+09 0
1.31999e+09 0
1.31999e+09 0
1.31999e+09 0
1.31999e+09 0
1.31999e+09 0
1.31999e+09 0
1.31999e+09 0
1.31999e+09 0
1.31999e+09 0
1.31999e+09 0
1.31999e+09 0
1.31999e+09 0
1.31999e+09 0
1.31999e+09 0
1.31999e+09 0
1.31999e+09 0
1.31999e+09 0
1.31999e+09 0
1.31999e+09 0
1.31999e+09 0
1.31999e+09 0
1.31999e+09 0
1.31999e+09 0
1.31999e+09 0
1.31999e+09 0
1.31999e+09 0
1.31999e+09 0
1.31999e+09 0
1.31999e+09 0
1.31999e+09 0
1.31999e+09 0
1.31999e+09 0
1.31999e+09 0
1.31999e+09 0
1.31999e+09 0
1.31999e+09 0
1.31999e+09 0
1.31999e+09 0
1.31999e+09 0
1.31999e+09 0
1.31999e+09 0
1.31999e+09 0
1.31999e+09 0
1.31999e+09 0
1.31999e+09 0
1.31999e+09 0
1.31999e+09 0
1.31999e+09 0
1.31999e+09 0
1.31999e+09 0
1.31999e+09 0
1.31999e+09 0
1.31999e+09 0
1.31999e+09 0
1.31999e+09 0
1.31999e+09 0
1.31999e+09 0
1.31999e+09 0
1.31999e+09 0
1.31999e+09 0
1.31999e+09 0
1.31999e+09 0
1.31999e+09 0
1.31999e+09 0
1.31999e+09 0
1.31999e+09 0
1.31999e+09 0
1.31999e+09 0
1.31999e+09 0
1.31999e+09 0
1.31999e+09 0
1.31999e+09 0
1.31999e+09 0
1.31999e+09 0
1.31999e+09 0
1.31999e+09 0
