0 -2.71967e-06
0 2.72515e-05
0 96007.7
-15 96007.7
-30 96007.7
-45 96007.7
-60 96007.7
-75 96007.7
-90 96007.7
-105 96007.7
-120 96007.7
-135 96007.7
-150 96007.7
-165 96007.7
-180 96007.7
-195 96007.7
-210 96007.7
-225 96007.7
-240 96007.7
-255 96007.7
-270 96007.7
-285 96007.7
-300 96007.7
-315 96007.7
-330 96007.7
-345 96007.7
-360 96007.7
-375 96007.7
-390 96007.7
-405 96007.7
-420 96007.7
-435 96007.7
-449.999 96007.7
-464.999 96007.7
-479.999 96007.7
-494.999 96007.7
-509.999 96007.7
-524.999 96007.7
-539.999 96007.7
-554.999 96007.7
-569.999 96007.7
-584.999 96007.7
-599.999 96007.7
-614.999 96007.7
-629.999 96007.7
-644.999 96007.7
-659.999 96007.7
-674.999 96007.7
-689.999 96007.7
-704.999 96007.7
-719.999 96007.7
-734.999 96007.7
-749.999 96007.7
-764.998 96007.7
-779.998 96007.7
-794.998 96007.7
-809.998 96007.7
-824.998 96007.7
-839.998 96007.7
-854.998 96007.7
-869.998 96007.7
-884.998 96007.7
-899.998 96007.7
-914.998 96007.7
-929.998 96007.7
-944.998 96007.7
-959.998 96007.7
-974.998 96007.7
-989.997 96007.7
-1005 96007.7
-1020 96007.7
-1035 96007.7
-1050 96007.7
-1065 96007.7
-1080 96007.7
-1095 96007.7
-1110 96007.7
-1125 96007.7
-1140 96007.7
-1155 96007.7
-1170 96007.7
-1185 96007.7
-1200 96007.7
-1215 96007.7
-1230 96007.7
-1245 96007.7
-1260 96007.7
-1275 96007.7
-1290 96007.7
-1305 96007.7
-1320 96007.7
-1335 96007.7
-1350 96007.7
-1365 96007.7
-1380 96007.7
-1394.99 96007.7
-1409.99 96007.7
-1424.99 96007.7
-1439.99 96007.7
-1454.99 96007.7
-1469.99 96007.7
-1484.99 96007.7
-1499.99 96007.7
