0 -3.54472e-06
0 -2.58942e-05
0 -544073
-15 -544073
-30 -544073
-45 -544073
-60 -544073
-75 -544073
-90 -544073
-105 -544073
-120 -544073
-135 -544073
-150 -544073
-165 -544073
-180 -544073
-195 -544073
-210 -544073
-225 -544073
-240 -544073
-255 -544073
-270 -544073
-285 -544073
-300 -544073
-315 -544073
-330 -544073
-345 -544073
-360 -544073
-375 -544073
-390 -544073
-405 -544073
-420 -544073
-435 -544073
-450 -544073
-465 -544073
-480 -544073
-495 -544073
-510 -544073
-525 -544073
-540 -544073
-555 -544073
-570 -544073
-585 -544073
-600 -544073
-615 -544073
-630 -544073
-645 -544073
-660 -544073
-675 -544073
-690 -544073
-705 -544073
-720 -544073
-735 -544073
-750 -544073
-765 -544073
-780 -544073
-795 -544073
-810 -544073
-825 -544073
-840 -544073
-855 -544073
-870 -544073
-885 -544073
-900 -544073
-915 -544073
-930 -544073
-945 -544073
-960 -544073
-975 -544073
-990 -544073
-1005 -544073
-1020 -544073
-1035 -544073
-1050 -544073
-1065 -544073
-1080 -544073
-1095 -544073
-1110 -544073
-1125 -544073
-1140 -544073
-1155 -544073
-1170 -544073
-1185 -544073
-1200 -544073
-1215 -544073
-1230 -544073
-1245 -544073
-1260 -544073
-1275 -544073
-1290 -544073
-1305 -544073
-1320 -544073
-1335 -544073
-1350 -544073
-1365 -544073
-1380 -544073
-1395 -544073
-1410 -544073
-1425 -544073
-1440 -544073
-1455 -544073
-1470 -544073
-1485 -544073
-1500 -544073
