0 -2.98919e-07
0 -9.95626e-05
0 -733185
-15 -733185
-30 -733185
-45 -733185
-60 -733185
-75 -733185
-90 -733185
-105 -733185
-120 -733185
-135 -733185
-150 -733185
-165 -733185
-180 -733185
-195 -733185
-210 -733185
-225 -733185
-240 -733185
-255 -733185
-270 -733185
-285 -733185
-300 -733185
-315 -733185
-330 -733185
-345 -733185
-360 -733185
-375 -733185
-390 -733185
-405 -733185
-420 -733185
-435 -733185
-450 -733185
-465 -733185
-480 -733185
-495 -733185
-510 -733185
-525 -733185
-540 -733185
-555 -733185
-570 -733185
-585 -733185
-600 -733185
-615 -733185
-630 -733185
-645 -733185
-660 -733185
-675 -733185
-690 -733185
-705 -733185
-720 -733185
-735 -733185
-750 -733185
-765 -733185
-780 -733185
-795 -733185
-810 -733185
-825 -733185
-840 -733185
-855 -733185
-870 -733185
-885 -733185
-900 -733185
-915 -733185
-930 -733185
-945 -733185
-960 -733185
-975 -733185
-990 -733185
-1005 -733185
-1020 -733185
-1035 -733185
-1050 -733185
-1065 -733185
-1080 -733185
-1095 -733185
-1110 -733185
-1125 -733185
-1140 -733185
-1155 -733185
-1170 -733185
-1185 -733185
-1200 -733185
-1215 -733185
-1230 -733185
-1245 -733185
-1260 -733185
-1275 -733185
-1290 -733185
-1305 -733185
-1320 -733185
-1335 -733185
-1350 -733185
-1365 -733185
-1380 -733185
-1395 -733185
-1410 -733185
-1425 -733185
-1440 -733185
-1455 -733185
-1470 -733185
-1485 -733185
-1500 -733185
