0 -5.29805e-06
0 1.82095e-05
0 96144.2
-15 96144.2
-30 96144.2
-45 96144.2
-60 96144.2
-75 96144.2
-90 96144.2
-105 96144.2
-120 96144.2
-135 96144.2
-150 96144.2
-165 96144.2
-180 96144.2
-195 96144.2
-210 96144.2
-225 96144.2
-240 96144.2
-255 96144.2
-270 96144.2
-285 96144.2
-300 96144.2
-315 96144.2
-330 96144.2
-345 96144.2
-360 96144.2
-375 96144.2
-390 96144.2
-404.999 96144.2
-419.999 96144.2
-434.999 96144.2
-449.999 96144.2
-464.999 96144.2
-479.999 96144.2
-494.999 96144.2
-509.999 96144.2
-524.999 96144.2
-539.999 96144.2
-554.999 96144.2
-569.999 96144.2
-584.999 96144.2
-599.999 96144.2
-614.999 96144.2
-629.999 96144.2
-644.999 96144.2
-659.999 96144.2
-674.999 96144.2
-689.998 96144.2
-704.998 96144.2
-719.998 96144.2
-734.998 96144.2
-749.998 96144.2
-764.998 96144.2
-779.998 96144.2
-794.998 96144.2
-809.998 96144.2
-824.998 96144.2
-839.998 96144.2
-854.998 96144.2
-869.998 96144.2
-884.997 96144.2
-899.997 96144.2
-914.997 96144.2
-929.997 96144.2
-944.997 96144.2
-959.997 96144.2
-974.997 96144.2
-989.997 96144.2
-1005 96144.2
-1020 96144.2
-1035 96144.2
-1050 96144.2
-1065 96144.2
-1080 96144.2
-1095 96144.2
-1110 96144.2
-1125 96144.2
-1140 96144.2
-1155 96144.2
-1170 96144.2
-1185 96144.2
-1200 96144.2
-1215 96144.2
-1230 96144.2
-1245 96144.2
-1259.99 96144.2
-1274.99 96144.2
-1289.99 96144.2
-1304.99 96144.2
-1319.99 96144.2
-1334.99 96144.2
-1349.99 96144.2
-1364.99 96144.2
-1379.99 96144.2
-1394.99 96144.2
-1409.99 96144.2
-1424.99 96144.2
-1439.99 96144.2
-1454.99 96144.2
-1469.99 96144.2
-1484.99 96144.2
-1499.99 96144.2
