0 -1.79313e-06
0 1.96295e-05
0 1.10936e-05
1.21762e+08 2.10936e-05
1.52054e+08 3.10936e-05
1.59696e+08 4.10936e-05
1.60174e+08 5.10936e-05
1.57094e+08 6.10936e-05
1.51423e+08 7.10936e-05
1.43124e+08 8.10936e-05
1.31624e+08 9.10936e-05
1.14821e+08 0.000101094
8.89413e+07 0.000111094
3.83372e+07 0.000121094
2.49066e+08 0.000131094
2.49066e+08 0.000141094
2.49066e+08 0.000151094
2.49066e+08 0.000161094
2.49066e+08 0.000171094
2.49066e+08 0.000181094
2.49066e+08 0.000191094
2.49066e+08 0.000201094
2.49066e+08 0.000211094
2.49066e+08 0.000221094
2.49066e+08 0.000231094
2.49066e+08 0.000241094
2.49066e+08 0.000251094
2.49066e+08 0.000261094
2.49066e+08 0.000271094
2.49066e+08 0.000281094
2.49066e+08 0.000291094
2.49066e+08 0.000301094
2.49066e+08 0.000311094
2.49066e+08 0.000321094
2.49066e+08 0.000331094
2.49066e+08 0.000341094
2.49066e+08 0.000351094
2.49066e+08 0.000361094
2.49066e+08 0.000371094
2.49066e+08 0.000381094
2.49066e+08 0.000391094
2.49066e+08 0.000401094
2.49066e+08 0.000411094
2.49066e+08 0.000421094
2.49066e+08 0.000431094
2.49066e+08 0.000441094
2.49066e+08 0.000451094
2.49066e+08 0.000461094
2.49066e+08 0.000471094
2.49066e+08 0.000481094
2.49066e+08 0.000491094
2.49066e+08 0.000501094
2.49066e+08 0.000511094
2.49066e+08 0.000521094
2.49066e+08 0.000531094
2.49066e+08 0.000541094
2.49066e+08 0.000551094
2.49066e+08 0.000561094
2.49066e+08 0.000571094
2.49066e+08 0.000581094
2.49066e+08 0.000591094
2.49066e+08 0.000601094
2.49066e+08 0.000611094
2.49066e+08 0.000621094
2.49066e+08 0.000631094
2.49066e+08 0.000641094
2.49066e+08 0.000651094
2.49066e+08 0.000661094
2.49066e+08 0.000671094
2.49066e+08 0.000681094
2.49066e+08 0.000691094
2.49066e+08 0.000701094
2.49066e+08 0.000711094
2.49066e+08 0.000721094
2.49066e+08 0.000731094
2.49066e+08 0.000741094
2.49066e+08 0.000751094
2.49066e+08 0.000761094
2.49066e+08 0.000771094
2.49066e+08 0.000781094
2.49066e+08 0.000791094
2.49066e+08 0.000801094
2.49066e+08 0.000811094
2.49066e+08 0.000821094
2.49066e+08 0.000831094
2.49066e+08 0.000841094
2.49066e+08 0.000851094
2.49066e+08 0.000861094
2.49066e+08 0.000871094
2.49066e+08 0.000881094
2.49066e+08 0.000891094
2.49066e+08 0.000901094
2.49066e+08 0.000911094
2.49066e+08 0.000921094
2.49066e+08 0.000931094
2.49066e+08 0.000941094
2.49066e+08 0.000951094
2.49066e+08 0.000961094
2.49066e+08 0.000971094
2.49066e+08 0.000981094
2.49066e+08 0.000991094
2.49066e+08 0.00100109
2.49066e+08 0.00101109
