0 7.45058e-09
0 1.89109e+08
0 1.89109e+08
-1.18445e+08 3.07553e+08
-1.58351e+08 3.4746e+08
-1.6165e+08 3.50759e+08
-1.52289e+08 3.41397e+08
-1.34248e+08 3.23357e+08
-1.07661e+08 2.9677e+08
-7.09908e+07 2.601e+08
-1.93896e+07 2.08498e+08
6.29965e+07 1.26112e+08
2.58172e+08 -6.90631e+07
8.33743e+08 0
8.33743e+08 0
8.33743e+08 0
8.33743e+08 0
8.33743e+08 0
8.33743e+08 0
8.33743e+08 0
8.33743e+08 0
8.33743e+08 0
8.33743e+08 0
8.33743e+08 0
8.33743e+08 0
8.33743e+08 0
8.33743e+08 0
8.33743e+08 0
8.33743e+08 0
8.33743e+08 0
8.33743e+08 0
8.33743e+08 0
8.33743e+08 0
8.33743e+08 0
8.33743e+08 0
8.33743e+08 0
8.33743e+08 0
8.33743e+08 0
8.33743e+08 0
8.33743e+08 0
8.33743e+08 0
8.33743e+08 0
8.33743e+08 0
8.33743e+08 0
8.33743e+08 0
8.33743e+08 0
8.33743e+08 0
8.33743e+08 0
8.33743e+08 0
8.33743e+08 0
8.33743e+08 0
8.33743e+08 0
8.33743e+08 0
8.33743e+08 0
8.33743e+08 0
8.33743e+08 0
8.33743e+08 0
8.33743e+08 0
8.33743e+08 0
8.33743e+08 0
8.33743e+08 0
8.33743e+08 0
8.33743e+08 0
8.33743e+08 0
8.33743e+08 0
8.33743e+08 0
8.33743e+08 0
8.33743e+08 0
8.33743e+08 0
8.33743e+08 0
8.33743e+08 0
8.33743e+08 0
8.33743e+08 0
8.33743e+08 0
8.33743e+08 0
8.33743e+08 0
8.33743e+08 0
8.33743e+08 0
8.33743e+08 0
8.33743e+08 0
8.33743e+08 0
8.33743e+08 0
8.33743e+08 0
8.33743e+08 0
8.33743e+08 0
8.33743e+08 0
8.33743e+08 0
8.33743e+08 0
8.33743e+08 0
8.33743e+08 0
8.33743e+08 0
8.33743e+08 0
8.33743e+08 0
8.33743e+08 0
8.33743e+08 0
8.33743e+08 0
8.33743e+08 0
8.33743e+08 0
8.33743e+08 0
8.33743e+08 0
8.33743e+08 0
8.33743e+08 0
8.33743e+08 0
