0 -2.77182e-06
0 -2.43091e-05
0 -231344
-15 -231344
-30 -231344
-45 -231344
-60 -231344
-75 -231344
-90 -231344
-105 -231344
-120 -231344
-135 -231344
-150 -231344
-165 -231344
-180 -231344
-195 -231344
-210 -231344
-225 -231344
-240 -231344
-255 -231344
-270 -231344
-285 -231344
-300 -231344
-315 -231344
-330 -231344
-345 -231344
-360 -231344
-375 -231344
-390 -231344
-405 -231344
-420 -231344
-435 -231344
-450 -231344
-465 -231344
-480 -231344
-495 -231344
-510 -231344
-525 -231344
-540 -231344
-555 -231344
-570 -231344
-585 -231344
-600 -231344
-615.001 -231344
-630.001 -231344
-645.001 -231344
-660.001 -231344
-675.001 -231344
-690.001 -231344
-705.001 -231344
-720.001 -231344
-735.001 -231344
-750.001 -231344
-765.001 -231344
-780.001 -231344
-795.001 -231344
-810.001 -231344
-825.001 -231344
-840.001 -231344
-855.001 -231344
-870.001 -231344
-885.001 -231344
-900.001 -231344
-915.001 -231344
-930.001 -231344
-945.001 -231344
-960.001 -231344
-975.001 -231344
-990.001 -231344
-1005 -231344
-1020 -231344
-1035 -231344
-1050 -231344
-1065 -231344
-1080 -231344
-1095 -231344
-1110 -231344
-1125 -231344
-1140 -231344
-1155 -231344
-1170 -231344
-1185 -231344
-1200 -231344
-1215 -231344
-1230 -231344
-1245 -231344
-1260 -231344
-1275 -231344
-1290 -231344
-1305 -231344
-1320 -231344
-1335 -231344
-1350 -231344
-1365 -231344
-1380 -231344
-1395 -231344
-1410 -231344
-1425 -231344
-1440 -231344
-1455 -231344
-1470 -231344
-1485 -231344
-1500 -231344
