0 -5.81442e-07
0 -2.69063e-05
0 7.32646e-05
-1071.89 6.32646e-05
-2307.94 5.32646e-05
-3543.99 4.32646e-05
-4780.04 3.32646e-05
-6016.09 2.32646e-05
-7252.15 1.32646e-05
-8488.2 3.26463e-06
-9724.26 -6.73537e-06
-10960.3 -1.67354e-05
-12196.4 -2.67354e-05
-13432.4 -3.67354e-05
-14668.5 -4.67354e-05
-15904.6 -5.67354e-05
-17140.7 -6.67354e-05
-18376.7 -7.67354e-05
-19612.8 -8.67354e-05
-20848.9 -9.67354e-05
-22085 -0.000106735
-23321 -0.000116735
-24557.1 -0.000126735
-25793.2 -0.000136735
-27029.3 -0.000146735
-28265.4 -0.000156735
-29501.5 -0.000166735
-30737.6 -0.000176735
-31973.6 -0.000186735
-33209.7 -0.000196735
-34445.8 -0.000206735
-35681.9 -0.000216735
-36918 -0.000226735
-38154.1 -0.000236735
-39390.3 -0.000246735
-40626.4 -0.000256735
-41862.5 -0.000266735
-43098.6 -0.000276735
-44334.7 -0.000286735
-45570.8 -0.000296735
-46806.9 -0.000306735
-48043 -0.000316735
-49279.2 -0.000326735
-50515.3 -0.000336735
-51751.4 -0.000346735
-52987.5 -0.000356735
-54223.7 -0.000366735
-55459.8 -0.000376735
-56695.9 -0.000386735
-57932.1 -0.000396735
-59168.2 -0.000406735
-60404.3 -0.000416735
-61640.5 -0.000426735
-62876.6 -0.000436735
-64112.8 -0.000446735
-65348.9 -0.000456735
-66585.1 -0.000466735
-67821.2 -0.000476735
-69057.4 -0.000486735
-70293.5 -0.000496735
-71529.7 -0.000506735
-72765.8 -0.000516735
-74002 -0.000526735
-75238.2 -0.000536735
-76474.3 -0.000546735
-77710.5 -0.000556735
-78946.7 -0.000566735
-80182.8 -0.000576735
-81419 -0.000586735
-82655.2 -0.000596735
-83891.4 -0.000606735
-85127.5 -0.000616735
-86363.7 -0.000626735
-87599.9 -0.000636735
-88836.1 -0.000646735
-90072.3 -0.000656735
-91308.5 -0.000666735
-92544.6 -0.000676735
-93780.8 -0.000686735
-95017 -0.000696735
-96253.2 -0.000706735
-97489.4 -0.000716735
-98725.6 -0.000726735
-99961.8 -0.000736735
-101198 -0.000746735
-102434 -0.000756735
-103670 -0.000766735
-104907 -0.000776735
-106143 -0.000786735
-107379 -0.000796735
-108615 -0.000806735
-109852 -0.000816735
-111088 -0.000826735
-112324 -0.000836735
-113560 -0.000846735
-114796 -0.000856735
-116033 -0.000866735
-117269 -0.000876735
-118505 -0.000886735
-119741 -0.000896735
-120978 -0.000906735
-122214 -0.000916735
-123450 -0.000926735
