0 -6.53135e-07
0 4.77406e-06
0 1.26403e-06
1.36102e+08 1.1264e-05
2.21055e+08 2.1264e-05
2.51988e+08 3.1264e-05
2.43538e+08 4.1264e-05
2.13678e+08 5.1264e-05
1.64593e+08 6.1264e-05
8.66683e+07 7.1264e-05
8.49298e+08 8.1264e-05
8.49298e+08 9.1264e-05
8.49298e+08 0.000101264
8.49298e+08 0.000111264
8.49298e+08 0.000121264
8.49298e+08 0.000131264
8.49298e+08 0.000141264
8.49298e+08 0.000151264
8.49298e+08 0.000161264
8.49298e+08 0.000171264
8.49298e+08 0.000181264
8.49298e+08 0.000191264
8.49298e+08 0.000201264
8.49298e+08 0.000211264
8.49298e+08 0.000221264
8.49298e+08 0.000231264
8.49298e+08 0.000241264
8.49298e+08 0.000251264
8.49298e+08 0.000261264
8.49298e+08 0.000271264
8.49298e+08 0.000281264
8.49298e+08 0.000291264
8.49298e+08 0.000301264
8.49298e+08 0.000311264
8.49298e+08 0.000321264
8.49298e+08 0.000331264
8.49298e+08 0.000341264
8.49298e+08 0.000351264
8.49298e+08 0.000361264
8.49298e+08 0.000371264
8.49298e+08 0.000381264
8.49298e+08 0.000391264
8.49298e+08 0.000401264
8.49298e+08 0.000411264
8.49298e+08 0.000421264
8.49298e+08 0.000431264
8.49298e+08 0.000441264
8.49298e+08 0.000451264
8.49298e+08 0.000461264
8.49298e+08 0.000471264
8.49298e+08 0.000481264
8.49298e+08 0.000491264
8.49298e+08 0.000501264
8.49298e+08 0.000511264
8.49298e+08 0.000521264
8.49298e+08 0.000531264
8.49298e+08 0.000541264
8.49298e+08 0.000551264
8.49298e+08 0.000561264
8.49298e+08 0.000571264
8.49298e+08 0.000581264
8.49298e+08 0.000591264
8.49298e+08 0.000601264
8.49298e+08 0.000611264
8.49298e+08 0.000621264
8.49298e+08 0.000631264
8.49298e+08 0.000641264
8.49298e+08 0.000651264
8.49298e+08 0.000661264
8.49298e+08 0.000671264
8.49298e+08 0.000681264
8.49298e+08 0.000691264
8.49298e+08 0.000701264
8.49298e+08 0.000711264
8.49298e+08 0.000721264
8.49298e+08 0.000731264
8.49298e+08 0.000741264
8.49298e+08 0.000751264
8.49298e+08 0.000761264
8.49298e+08 0.000771264
8.49298e+08 0.000781264
8.49298e+08 0.000791264
8.49298e+08 0.000801264
8.49298e+08 0.000811264
8.49298e+08 0.000821264
8.49298e+08 0.000831264
8.49298e+08 0.000841264
8.49298e+08 0.000851264
8.49298e+08 0.000861264
8.49298e+08 0.000871264
8.49298e+08 0.000881264
8.49298e+08 0.000891264
8.49298e+08 0.000901264
8.49298e+08 0.000911264
8.49298e+08 0.000921264
8.49298e+08 0.000931264
8.49298e+08 0.000941264
8.49298e+08 0.000951264
8.49298e+08 0.000961264
8.49298e+08 0.000971264
8.49298e+08 0.000981264
8.49298e+08 0.000991264
8.49298e+08 0.00100126
