0 -2.10224e-06
0 -3.65258e-05
0 -331348
-15 -331348
-30 -331348
-45 -331348
-60 -331348
-75 -331348
-90 -331348
-105 -331348
-120 -331348
-135 -331348
-150 -331348
-165 -331348
-180 -331348
-195 -331348
-210 -331348
-225 -331348
-240 -331348
-255 -331348
-270 -331348
-285 -331348
-300 -331348
-315 -331348
-330 -331348
-345 -331348
-360 -331348
-375 -331348
-390 -331348
-405 -331348
-420 -331348
-435 -331348
-450 -331348
-465 -331348
-480 -331348
-495 -331348
-510 -331348
-525 -331348
-540 -331348
-555 -331348
-570 -331348
-585 -331348
-600 -331348
-615 -331348
-630 -331348
-645 -331348
-660 -331348
-675 -331348
-690 -331348
-705.001 -331348
-720.001 -331348
-735.001 -331348
-750.001 -331348
-765.001 -331348
-780.001 -331348
-795.001 -331348
-810.001 -331348
-825.001 -331348
-840.001 -331348
-855.001 -331348
-870.001 -331348
-885.001 -331348
-900.001 -331348
-915.001 -331348
-930.001 -331348
-945.001 -331348
-960.001 -331348
-975.001 -331348
-990.001 -331348
-1005 -331348
-1020 -331348
-1035 -331348
-1050 -331348
-1065 -331348
-1080 -331348
-1095 -331348
-1110 -331348
-1125 -331348
-1140 -331348
-1155 -331348
-1170 -331348
-1185 -331348
-1200 -331348
-1215 -331348
-1230 -331348
-1245 -331348
-1260 -331348
-1275 -331348
-1290 -331348
-1305 -331348
-1320 -331348
-1335 -331348
-1350 -331348
-1365 -331348
-1380 -331348
-1395 -331348
-1410 -331348
-1425 -331348
-1440 -331348
-1455 -331348
-1470 -331348
-1485 -331348
-1500 -331348
