0 4.52856e-08
0 -4.3987e+07
0 -4.3987e+07
1.64755e+08 -2.08742e+08
2.33982e+08 -2.77969e+08
2.59001e+08 -3.02988e+08
2.68972e+08 -3.12959e+08
2.72657e+08 -3.16644e+08
2.73337e+08 -3.17324e+08
2.71886e+08 -3.15873e+08
2.68684e+08 -3.12671e+08
2.64954e+08 -3.08941e+08
2.59167e+08 -3.03154e+08
2.51861e+08 -2.95848e+08
2.42618e+08 -2.86605e+08
2.29481e+08 -2.73468e+08
2.07861e+08 -2.51848e+08
1.45466e+08 -1.89453e+08
8.75197e+06 -5.2739e+07
3.09164e+08 0
3.09164e+08 0
3.09164e+08 0
3.09164e+08 0
3.09164e+08 0
3.09164e+08 0
3.09164e+08 0
3.09164e+08 0
3.09164e+08 0
3.09164e+08 0
3.09164e+08 0
3.09164e+08 0
3.09164e+08 0
3.09164e+08 0
3.09164e+08 0
3.09164e+08 0
3.09164e+08 0
3.09164e+08 0
3.09164e+08 0
3.09164e+08 0
3.09164e+08 0
3.09164e+08 0
3.09164e+08 0
3.09164e+08 0
3.09164e+08 0
3.09164e+08 0
3.09164e+08 0
3.09164e+08 0
3.09164e+08 0
3.09164e+08 0
3.09164e+08 0
3.09164e+08 0
3.09164e+08 0
3.09164e+08 0
3.09164e+08 0
3.09164e+08 0
3.09164e+08 0
3.09164e+08 0
3.09164e+08 0
3.09164e+08 0
3.09164e+08 0
3.09164e+08 0
3.09164e+08 0
3.09164e+08 0
3.09164e+08 0
3.09164e+08 0
3.09164e+08 0
3.09164e+08 0
3.09164e+08 0
3.09164e+08 0
3.09164e+08 0
3.09164e+08 0
3.09164e+08 0
3.09164e+08 0
3.09164e+08 0
3.09164e+08 0
3.09164e+08 0
3.09164e+08 0
3.09164e+08 0
3.09164e+08 0
3.09164e+08 0
3.09164e+08 0
3.09164e+08 0
3.09164e+08 0
3.09164e+08 0
3.09164e+08 0
3.09164e+08 0
3.09164e+08 0
3.09164e+08 0
3.09164e+08 0
3.09164e+08 0
3.09164e+08 0
3.09164e+08 0
3.09164e+08 0
3.09164e+08 0
3.09164e+08 0
3.09164e+08 0
3.09164e+08 0
3.09164e+08 0
3.09164e+08 0
3.09164e+08 0
3.09164e+08 0
3.09164e+08 0
3.09164e+08 0
