0 -6.60212e-06
0 2.16285e-05
0 2.78838e-05
1.03852e+09 3.78838e-05
1.03852e+09 4.78838e-05
1.03852e+09 5.78838e-05
1.03852e+09 6.78838e-05
1.03852e+09 7.78838e-05
1.03852e+09 8.78838e-05
1.03852e+09 9.78838e-05
1.03852e+09 0.000107884
1.03852e+09 0.000117884
1.03852e+09 0.000127884
1.03852e+09 0.000137884
1.03852e+09 0.000147884
1.03852e+09 0.000157884
1.03852e+09 0.000167884
1.03852e+09 0.000177884
1.03852e+09 0.000187884
1.03852e+09 0.000197884
1.03852e+09 0.000207884
1.03852e+09 0.000217884
1.03852e+09 0.000227884
1.03852e+09 0.000237884
1.03852e+09 0.000247884
1.03852e+09 0.000257884
1.03852e+09 0.000267884
1.03852e+09 0.000277884
1.03852e+09 0.000287884
1.03852e+09 0.000297884
1.03852e+09 0.000307884
1.03852e+09 0.000317884
1.03852e+09 0.000327884
1.03852e+09 0.000337884
1.03852e+09 0.000347884
1.03852e+09 0.000357884
1.03852e+09 0.000367884
1.03852e+09 0.000377884
1.03852e+09 0.000387884
1.03852e+09 0.000397884
1.03852e+09 0.000407884
1.03852e+09 0.000417884
1.03852e+09 0.000427884
1.03852e+09 0.000437884
1.03852e+09 0.000447884
1.03852e+09 0.000457884
1.03852e+09 0.000467884
1.03852e+09 0.000477884
1.03852e+09 0.000487884
1.03852e+09 0.000497884
1.03852e+09 0.000507884
1.03852e+09 0.000517884
1.03852e+09 0.000527884
1.03852e+09 0.000537884
1.03852e+09 0.000547884
1.03852e+09 0.000557884
1.03852e+09 0.000567884
1.03852e+09 0.000577884
1.03852e+09 0.000587884
1.03852e+09 0.000597884
1.03852e+09 0.000607884
1.03852e+09 0.000617884
1.03852e+09 0.000627884
1.03852e+09 0.000637884
1.03852e+09 0.000647884
1.03852e+09 0.000657884
1.03852e+09 0.000667884
1.03852e+09 0.000677884
1.03852e+09 0.000687884
1.03852e+09 0.000697884
1.03852e+09 0.000707884
1.03852e+09 0.000717884
1.03852e+09 0.000727884
1.03852e+09 0.000737884
1.03852e+09 0.000747884
1.03852e+09 0.000757884
1.03852e+09 0.000767884
1.03852e+09 0.000777884
1.03852e+09 0.000787884
1.03852e+09 0.000797884
1.03852e+09 0.000807884
1.03852e+09 0.000817884
1.03852e+09 0.000827884
1.03852e+09 0.000837884
1.03852e+09 0.000847884
1.03852e+09 0.000857884
1.03852e+09 0.000867884
1.03852e+09 0.000877884
1.03852e+09 0.000887884
1.03852e+09 0.000897884
1.03852e+09 0.000907884
1.03852e+09 0.000917884
1.03852e+09 0.000927884
1.03852e+09 0.000937884
1.03852e+09 0.000947884
1.03852e+09 0.000957884
1.03852e+09 0.000967884
1.03852e+09 0.000977884
1.03852e+09 0.000987884
1.03852e+09 0.000997884
1.03852e+09 0.00100788
1.03852e+09 0.00101788
1.03852e+09 0.00102788
