0 -1.40319e-06
0 -1.18529e-05
0 -8.95176e-06
-1.15953e+08 -1.89518e-05
-1.60371e+08 -2.89518e-05
-1.46902e+08 -3.89518e-05
-1.06112e+08 -4.89518e-05
-4.02331e+07 -5.89518e-05
7.29885e+07 -6.89518e-05
1.00624e+09 -7.89518e-05
1.00624e+09 -8.89518e-05
1.00624e+09 -9.89518e-05
1.00624e+09 -0.000108952
1.00624e+09 -0.000118952
1.00624e+09 -0.000128952
1.00624e+09 -0.000138952
1.00624e+09 -0.000148952
1.00624e+09 -0.000158952
1.00624e+09 -0.000168952
1.00624e+09 -0.000178952
1.00624e+09 -0.000188952
1.00624e+09 -0.000198952
1.00624e+09 -0.000208952
1.00624e+09 -0.000218952
1.00624e+09 -0.000228952
1.00624e+09 -0.000238952
1.00624e+09 -0.000248952
1.00624e+09 -0.000258952
1.00624e+09 -0.000268952
1.00624e+09 -0.000278952
1.00624e+09 -0.000288952
1.00624e+09 -0.000298952
1.00624e+09 -0.000308952
1.00624e+09 -0.000318952
1.00624e+09 -0.000328952
1.00624e+09 -0.000338952
1.00624e+09 -0.000348952
1.00624e+09 -0.000358952
1.00624e+09 -0.000368952
1.00624e+09 -0.000378952
1.00624e+09 -0.000388952
1.00624e+09 -0.000398952
1.00624e+09 -0.000408952
1.00624e+09 -0.000418952
1.00624e+09 -0.000428952
1.00624e+09 -0.000438952
1.00624e+09 -0.000448952
1.00624e+09 -0.000458952
1.00624e+09 -0.000468952
1.00624e+09 -0.000478952
1.00624e+09 -0.000488952
1.00624e+09 -0.000498952
1.00624e+09 -0.000508952
1.00624e+09 -0.000518952
1.00624e+09 -0.000528952
1.00624e+09 -0.000538952
1.00624e+09 -0.000548952
1.00624e+09 -0.000558952
1.00624e+09 -0.000568952
1.00624e+09 -0.000578952
1.00624e+09 -0.000588952
1.00624e+09 -0.000598952
1.00624e+09 -0.000608952
1.00624e+09 -0.000618952
1.00624e+09 -0.000628952
1.00624e+09 -0.000638952
1.00624e+09 -0.000648952
1.00624e+09 -0.000658952
1.00624e+09 -0.000668952
1.00624e+09 -0.000678952
1.00624e+09 -0.000688952
1.00624e+09 -0.000698952
1.00624e+09 -0.000708952
1.00624e+09 -0.000718952
1.00624e+09 -0.000728952
1.00624e+09 -0.000738952
1.00624e+09 -0.000748952
1.00624e+09 -0.000758952
1.00624e+09 -0.000768952
1.00624e+09 -0.000778952
1.00624e+09 -0.000788952
1.00624e+09 -0.000798952
1.00624e+09 -0.000808952
1.00624e+09 -0.000818952
1.00624e+09 -0.000828952
1.00624e+09 -0.000838952
1.00624e+09 -0.000848952
1.00624e+09 -0.000858952
1.00624e+09 -0.000868952
1.00624e+09 -0.000878952
1.00624e+09 -0.000888952
1.00624e+09 -0.000898952
1.00624e+09 -0.000908952
1.00624e+09 -0.000918952
1.00624e+09 -0.000928952
1.00624e+09 -0.000938952
1.00624e+09 -0.000948952
1.00624e+09 -0.000958952
1.00624e+09 -0.000968952
1.00624e+09 -0.000978952
1.00624e+09 -0.000988952
1.00624e+09 -0.000998952
1.00624e+09 -0.00100895
