0 -2.47477e-06
0 -1.39972e-05
0 -7.49924e-06
-7.10772e+07 -1.74992e-05
-9.46809e+07 -2.74992e-05
-1.14694e+08 -3.74992e-05
-1.31144e+08 -4.74992e-05
-1.41326e+08 -5.74992e-05
-1.47008e+08 -6.74992e-05
-1.50774e+08 -7.74992e-05
-1.53244e+08 -8.74992e-05
-1.54784e+08 -9.74992e-05
-1.55566e+08 -0.000107499
-1.55727e+08 -0.000117499
-1.55333e+08 -0.000127499
-1.54401e+08 -0.000137499
-1.52945e+08 -0.000147499
-1.50939e+08 -0.000157499
-1.48303e+08 -0.000167499
-1.44879e+08 -0.000177499
-1.40479e+08 -0.000187499
-1.34681e+08 -0.000197499
-1.26493e+08 -0.000207499
-1.13829e+08 -0.000217499
-9.45713e+07 -0.000227499
-7.64569e+07 -0.000237499
-5.80756e+07 -0.000247499
-4.12856e+07 -0.000257499
-2.58185e+07 -0.000267499
-1.16361e+07 -0.000277499
1.07782e+06 -0.000287499
1.26934e+07 -0.000297499
2.3313e+07 -0.000307499
3.28834e+07 -0.000317499
4.21517e+07 -0.000327499
5.09257e+07 -0.000337499
5.95074e+07 -0.000347499
6.81861e+07 -0.000357499
7.73733e+07 -0.000367499
1.28822e+08 -0.000377499
1.40564e+08 -0.000387499
1.52009e+08 -0.000397499
1.62941e+08 -0.000407499
1.73084e+08 -0.000417499
1.82538e+08 -0.000427499
1.91712e+08 -0.000437499
2.00563e+08 -0.000447499
2.09145e+08 -0.000457499
2.15994e+08 -0.000467499
2.56258e+08 -0.000477499
2.56258e+08 -0.000487499
2.56258e+08 -0.000497499
2.56258e+08 -0.000507499
2.56258e+08 -0.000517499
2.56258e+08 -0.000527499
2.56258e+08 -0.000537499
2.56258e+08 -0.000547499
2.56258e+08 -0.000557499
2.56258e+08 -0.000567499
2.56258e+08 -0.000577499
2.56258e+08 -0.000587499
2.56258e+08 -0.000597499
2.56258e+08 -0.000607499
2.56258e+08 -0.000617499
2.56258e+08 -0.000627499
2.56258e+08 -0.000637499
2.56258e+08 -0.000647499
2.56258e+08 -0.000657499
2.56258e+08 -0.000667499
2.56258e+08 -0.000677499
2.56258e+08 -0.000687499
2.56258e+08 -0.000697499
2.56258e+08 -0.000707499
2.56258e+08 -0.000717499
2.56258e+08 -0.000727499
2.56258e+08 -0.000737499
2.56258e+08 -0.000747499
2.56258e+08 -0.000757499
2.56258e+08 -0.000767499
2.56258e+08 -0.000777499
2.56258e+08 -0.000787499
2.56258e+08 -0.000797499
2.56258e+08 -0.000807499
2.56258e+08 -0.000817499
2.56258e+08 -0.000827499
2.56258e+08 -0.000837499
2.56258e+08 -0.000847499
2.56258e+08 -0.000857499
2.56258e+08 -0.000867499
2.56258e+08 -0.000877499
2.56258e+08 -0.000887499
2.56258e+08 -0.000897499
2.56258e+08 -0.000907499
2.56258e+08 -0.000917499
2.56258e+08 -0.000927499
2.56258e+08 -0.000937499
2.56258e+08 -0.000947499
2.56258e+08 -0.000957499
2.56258e+08 -0.000967499
2.56258e+08 -0.000977499
2.56258e+08 -0.000987499
2.56258e+08 -0.000997499
2.56258e+08 -0.0010075
