0 -1.59413e-07
0 -5.66851e-06
0 4.98329e-05
13.1418 3.98329e-05
418.59 2.98329e-05
-668.88 1.98329e-05
-2094.92 9.83291e-06
-3520.97 -1.67091e-07
-4947.01 -1.01671e-05
-6373.06 -2.01671e-05
-7799.11 -3.01671e-05
-9225.16 -4.01671e-05
-10651.2 -5.01671e-05
-12077.3 -6.01671e-05
-13503.3 -7.01671e-05
-14929.4 -8.01671e-05
-16355.4 -9.01671e-05
-17781.5 -0.000100167
-19207.6 -0.000110167
-20633.6 -0.000120167
-22059.7 -0.000130167
-23485.8 -0.000140167
-24911.8 -0.000150167
-26337.9 -0.000160167
-27764 -0.000170167
-29190 -0.000180167
-30616.1 -0.000190167
-32042.2 -0.000200167
-33468.3 -0.000210167
-34894.4 -0.000220167
-36320.4 -0.000230167
-37746.5 -0.000240167
-39172.6 -0.000250167
-40598.7 -0.000260167
-42024.8 -0.000270167
-43450.9 -0.000280167
-44877 -0.000290167
-46303.1 -0.000300167
-47729.2 -0.000310167
-49155.3 -0.000320167
-50581.4 -0.000330167
-52007.5 -0.000340167
-53433.6 -0.000350167
-54859.7 -0.000360167
-56285.8 -0.000370167
-57711.9 -0.000380167
-59138 -0.000390167
-60564.1 -0.000400167
-61990.3 -0.000410167
-63416.4 -0.000420167
-64842.5 -0.000430167
-66268.6 -0.000440167
-67694.7 -0.000450167
-69120.9 -0.000460167
-70547 -0.000470167
-71973.1 -0.000480167
-73399.2 -0.000490167
-74825.4 -0.000500167
-76251.5 -0.000510167
-77677.6 -0.000520167
-79103.8 -0.000530167
-80529.9 -0.000540167
-81956.1 -0.000550167
-83382.2 -0.000560167
-84808.3 -0.000570167
-86234.5 -0.000580167
-87660.6 -0.000590167
-89086.8 -0.000600167
-90512.9 -0.000610167
-91939.1 -0.000620167
-93365.2 -0.000630167
-94791.4 -0.000640167
-96217.6 -0.000650167
-97643.7 -0.000660167
-99069.9 -0.000670167
-100496 -0.000680167
-101922 -0.000690167
-103348 -0.000700167
-104775 -0.000710167
-106201 -0.000720167
-107627 -0.000730167
-109053 -0.000740167
-110479 -0.000750167
-111905 -0.000760167
-113332 -0.000770167
-114758 -0.000780167
-116184 -0.000790167
-117610 -0.000800167
-119036 -0.000810167
-120463 -0.000820167
-121889 -0.000830167
-123315 -0.000840167
-124741 -0.000850167
-126167 -0.000860167
-127593 -0.000870167
-129020 -0.000880167
-130446 -0.000890167
-131872 -0.000900167
-133298 -0.000910167
-134724 -0.000920167
-136151 -0.000930167
-137577 -0.000940167
-139003 -0.000950167
