0 -8.5216e-08
0 1.57357e+08
0 1.57357e+08
-1.19991e+08 2.77348e+08
-1.60064e+08 3.17421e+08
-1.74366e+08 3.31723e+08
-1.78311e+08 3.35668e+08
-1.76704e+08 3.34061e+08
-1.70579e+08 3.27936e+08
-1.60311e+08 3.17668e+08
-1.44097e+08 3.01454e+08
-1.20623e+08 2.7798e+08
-8.49924e+07 2.42349e+08
-2.04027e+07 1.7776e+08
9.43091e+07 6.30478e+07
2.32182e+08 -7.48253e+07
3.50236e+08 -1.78909e+08
5.10508e+08 0
5.10508e+08 0
5.10508e+08 0
5.10508e+08 0
5.10508e+08 0
5.10508e+08 0
5.10508e+08 0
5.10508e+08 0
5.10508e+08 0
5.10508e+08 0
5.10508e+08 0
5.10508e+08 0
5.10508e+08 0
5.10508e+08 0
5.10508e+08 0
5.10508e+08 0
5.10508e+08 0
5.10508e+08 0
5.10508e+08 0
5.10508e+08 0
5.10508e+08 0
5.10508e+08 0
5.10508e+08 0
5.10508e+08 0
5.10508e+08 0
5.10508e+08 0
5.10508e+08 0
5.10508e+08 0
5.10508e+08 0
5.10508e+08 0
5.10508e+08 0
5.10508e+08 0
5.10508e+08 0
5.10508e+08 0
5.10508e+08 0
5.10508e+08 0
5.10508e+08 0
5.10508e+08 0
5.10508e+08 0
5.10508e+08 0
5.10508e+08 0
5.10508e+08 0
5.10508e+08 0
5.10508e+08 0
5.10508e+08 0
5.10508e+08 0
5.10508e+08 0
5.10508e+08 0
5.10508e+08 0
5.10508e+08 0
5.10508e+08 0
5.10508e+08 0
5.10508e+08 0
5.10508e+08 0
5.10508e+08 0
5.10508e+08 0
5.10508e+08 0
5.10508e+08 0
5.10508e+08 0
5.10508e+08 0
5.10508e+08 0
5.10508e+08 0
5.10508e+08 0
5.10508e+08 0
5.10508e+08 0
5.10508e+08 0
5.10508e+08 0
5.10508e+08 0
5.10508e+08 0
5.10508e+08 0
5.10508e+08 0
5.10508e+08 0
5.10508e+08 0
5.10508e+08 0
5.10508e+08 0
5.10508e+08 0
5.10508e+08 0
5.10508e+08 0
5.10508e+08 0
5.10508e+08 0
5.10508e+08 0
5.10508e+08 0
5.10508e+08 0
5.10508e+08 0
5.10508e+08 0
5.10508e+08 0
