0 -2.12947e-06
0 3.54371e+07
0 3.54371e+07
7.68481e+06 2.77523e+07
2.96372e+08 -1.04763e+08
-1.65861e+08 -1.88773e+08
1.34501e+09 0
1.34501e+09 0
1.34501e+09 0
1.34501e+09 0
1.34501e+09 0
1.34501e+09 0
1.34501e+09 0
1.34501e+09 0
1.34501e+09 0
1.34501e+09 0
1.34501e+09 0
1.34501e+09 0
1.34501e+09 0
1.34501e+09 0
1.34501e+09 0
1.34501e+09 0
1.34501e+09 0
1.34501e+09 0
1.34501e+09 0
1.34501e+09 0
1.34501e+09 0
1.34501e+09 0
1.34501e+09 0
1.34501e+09 0
1.34501e+09 0
1.34501e+09 0
1.34501e+09 0
1.34501e+09 0
1.34501e+09 0
1.34501e+09 0
1.34501e+09 0
1.34501e+09 0
1.34501e+09 0
1.34501e+09 0
1.34501e+09 0
1.34501e+09 0
1.34501e+09 0
1.34501e+09 0
1.34501e+09 0
1.34501e+09 0
1.34501e+09 0
1.34501e+09 0
1.34501e+09 0
1.34501e+09 0
1.34501e+09 0
1.34501e+09 0
1.34501e+09 0
1.34501e+09 0
1.34501e+09 0
1.34501e+09 0
1.34501e+09 0
1.34501e+09 0
1.34501e+09 0
1.34501e+09 0
1.34501e+09 0
1.34501e+09 0
1.34501e+09 0
1.34501e+09 0
1.34501e+09 0
1.34501e+09 0
1.34501e+09 0
1.34501e+09 0
1.34501e+09 0
1.34501e+09 0
1.34501e+09 0
1.34501e+09 0
1.34501e+09 0
1.34501e+09 0
1.34501e+09 0
1.34501e+09 0
1.34501e+09 0
1.34501e+09 0
1.34501e+09 0
1.34501e+09 0
1.34501e+09 0
1.34501e+09 0
1.34501e+09 0
1.34501e+09 0
1.34501e+09 0
1.34501e+09 0
1.34501e+09 0
1.34501e+09 0
1.34501e+09 0
1.34501e+09 0
1.34501e+09 0
1.34501e+09 0
1.34501e+09 0
1.34501e+09 0
1.34501e+09 0
1.34501e+09 0
1.34501e+09 0
1.34501e+09 0
1.34501e+09 0
1.34501e+09 0
1.34501e+09 0
1.34501e+09 0
1.34501e+09 0
