0 -7.91624e-08
0 7.72522e+07
0 7.72522e+07
-9.39195e+07 1.71172e+08
-1.18654e+08 1.95906e+08
-1.35766e+08 2.13018e+08
-1.47712e+08 2.24965e+08
-1.54729e+08 2.31981e+08
-1.60198e+08 2.3745e+08
-1.64733e+08 2.41985e+08
-1.68294e+08 2.45546e+08
-1.28263e+08 2.05516e+08
-1.30768e+08 2.08021e+08
-1.33014e+08 2.10266e+08
-1.34346e+08 2.11598e+08
-1.3552e+08 2.12772e+08
-1.36455e+08 2.13707e+08
-1.37134e+08 2.14387e+08
-1.37625e+08 2.14878e+08
-1.37921e+08 2.15173e+08
-1.38075e+08 2.15328e+08
-1.38071e+08 2.15323e+08
-1.37941e+08 2.15194e+08
-1.37696e+08 2.14948e+08
-1.37311e+08 2.14563e+08
-1.3681e+08 2.14062e+08
-1.36164e+08 2.13416e+08
-1.35375e+08 2.12627e+08
-1.34396e+08 2.11649e+08
-1.33182e+08 2.10434e+08
-1.31698e+08 2.0895e+08
-1.29773e+08 2.07025e+08
-1.27256e+08 2.04508e+08
-1.23837e+08 2.0109e+08
-1.1851e+08 1.95763e+08
-1.10097e+08 1.87349e+08
-1.01744e+08 1.78996e+08
-9.40895e+07 1.71342e+08
-8.72711e+07 1.64523e+08
-8.08517e+07 1.58104e+08
-7.51775e+07 1.5243e+08
-6.98001e+07 1.47052e+08
-6.49933e+07 1.42246e+08
-6.06882e+07 1.3794e+08
-5.66639e+07 1.33916e+08
-5.28177e+07 1.3007e+08
-4.88257e+07 1.26078e+08
-4.48843e+07 1.22137e+08
-4.10638e+07 1.18316e+08
-3.72143e+07 1.14467e+08
-3.33257e+07 1.10578e+08
-2.98553e+07 1.07108e+08
1.70793e+08 0
1.70793e+08 0
1.70793e+08 0
1.70793e+08 0
1.70793e+08 0
1.70793e+08 0
1.70793e+08 0
1.70793e+08 0
1.70793e+08 0
1.70793e+08 0
1.70793e+08 0
1.70793e+08 0
1.70793e+08 0
1.70793e+08 0
1.70793e+08 0
1.70793e+08 0
1.70793e+08 0
1.70793e+08 0
1.70793e+08 0
1.70793e+08 0
1.70793e+08 0
1.70793e+08 0
1.70793e+08 0
1.70793e+08 0
1.70793e+08 0
1.70793e+08 0
1.70793e+08 0
1.70793e+08 0
1.70793e+08 0
1.70793e+08 0
1.70793e+08 0
1.70793e+08 0
1.70793e+08 0
1.70793e+08 0
1.70793e+08 0
1.70793e+08 0
1.70793e+08 0
1.70793e+08 0
1.70793e+08 0
1.70793e+08 0
1.70793e+08 0
1.70793e+08 0
1.70793e+08 0
1.70793e+08 0
1.70793e+08 0
1.70793e+08 0
1.70793e+08 0
1.70793e+08 0
1.70793e+08 0
1.70793e+08 0
1.70793e+08 0
