0 -3.56929e-07
0 -9.60985e+07
0 -9.60985e+07
1.24879e+08 -2.20977e+08
1.6816e+08 -2.64258e+08
1.86654e+08 -2.82753e+08
1.96745e+08 -2.92843e+08
2.02931e+08 -2.99029e+08
2.06566e+08 -3.02665e+08
2.08367e+08 -3.04465e+08
2.09008e+08 -3.05107e+08
2.08799e+08 -3.04898e+08
2.07944e+08 -3.04043e+08
2.06489e+08 -3.02588e+08
2.0449e+08 -3.00589e+08
2.01949e+08 -2.98047e+08
1.98858e+08 -2.94957e+08
1.95206e+08 -2.91305e+08
1.9096e+08 -2.87059e+08
1.86024e+08 -2.82122e+08
1.80317e+08 -2.76416e+08
1.73684e+08 -2.69783e+08
1.65896e+08 -2.61994e+08
1.56752e+08 -2.5285e+08
1.45841e+08 -2.4194e+08
1.30813e+08 -2.26912e+08
1.00828e+08 -1.96927e+08
2.72264e+08 0
2.72264e+08 0
2.72264e+08 0
2.72264e+08 0
2.72264e+08 0
2.72264e+08 0
2.72264e+08 0
2.72264e+08 0
2.72264e+08 0
2.72264e+08 0
2.72264e+08 0
2.72264e+08 0
2.72264e+08 0
2.72264e+08 0
2.72264e+08 0
2.72264e+08 0
2.72264e+08 0
2.72264e+08 0
2.72264e+08 0
2.72264e+08 0
2.72264e+08 0
2.72264e+08 0
2.72264e+08 0
2.72264e+08 0
2.72264e+08 0
2.72264e+08 0
2.72264e+08 0
2.72264e+08 0
2.72264e+08 0
2.72264e+08 0
2.72264e+08 0
2.72264e+08 0
2.72264e+08 0
2.72264e+08 0
2.72264e+08 0
2.72264e+08 0
2.72264e+08 0
2.72264e+08 0
2.72264e+08 0
2.72264e+08 0
2.72264e+08 0
2.72264e+08 0
2.72264e+08 0
2.72264e+08 0
2.72264e+08 0
2.72264e+08 0
2.72264e+08 0
2.72264e+08 0
2.72264e+08 0
2.72264e+08 0
2.72264e+08 0
2.72264e+08 0
2.72264e+08 0
2.72264e+08 0
2.72264e+08 0
2.72264e+08 0
2.72264e+08 0
2.72264e+08 0
2.72264e+08 0
2.72264e+08 0
2.72264e+08 0
2.72264e+08 0
2.72264e+08 0
2.72264e+08 0
2.72264e+08 0
2.72264e+08 0
2.72264e+08 0
2.72264e+08 0
2.72264e+08 0
2.72264e+08 0
2.72264e+08 0
2.72264e+08 0
2.72264e+08 0
2.72264e+08 0
2.72264e+08 0
2.72264e+08 0
