0 0
0 7.2808e+07
0 7.2808e+07
6.37849e+08 0
6.37849e+08 0
6.37849e+08 0
6.37849e+08 0
6.37849e+08 0
6.37849e+08 0
6.37849e+08 0
6.37849e+08 0
6.37849e+08 0
6.37849e+08 0
6.37849e+08 0
6.37849e+08 0
6.37849e+08 0
6.37849e+08 0
6.37849e+08 0
6.37849e+08 0
6.37849e+08 0
6.37849e+08 0
6.37849e+08 0
6.37849e+08 0
6.37849e+08 0
6.37849e+08 0
6.37849e+08 0
6.37849e+08 0
6.37849e+08 0
6.37849e+08 0
6.37849e+08 0
6.37849e+08 0
6.37849e+08 0
6.37849e+08 0
6.37849e+08 0
6.37849e+08 0
6.37849e+08 0
6.37849e+08 0
6.37849e+08 0
6.37849e+08 0
6.37849e+08 0
6.37849e+08 0
6.37849e+08 0
6.37849e+08 0
6.37849e+08 0
6.37849e+08 0
6.37849e+08 0
6.37849e+08 0
6.37849e+08 0
6.37849e+08 0
6.37849e+08 0
6.37849e+08 0
6.37849e+08 0
6.37849e+08 0
6.37849e+08 0
6.37849e+08 0
6.37849e+08 0
6.37849e+08 0
6.37849e+08 0
6.37849e+08 0
6.37849e+08 0
6.37849e+08 0
6.37849e+08 0
6.37849e+08 0
6.37849e+08 0
6.37849e+08 0
6.37849e+08 0
6.37849e+08 0
6.37849e+08 0
6.37849e+08 0
6.37849e+08 0
6.37849e+08 0
6.37849e+08 0
6.37849e+08 0
6.37849e+08 0
6.37849e+08 0
6.37849e+08 0
6.37849e+08 0
6.37849e+08 0
6.37849e+08 0
6.37849e+08 0
6.37849e+08 0
6.37849e+08 0
6.37849e+08 0
6.37849e+08 0
6.37849e+08 0
6.37849e+08 0
6.37849e+08 0
6.37849e+08 0
6.37849e+08 0
6.37849e+08 0
6.37849e+08 0
6.37849e+08 0
6.37849e+08 0
6.37849e+08 0
6.37849e+08 0
6.37849e+08 0
6.37849e+08 0
6.37849e+08 0
6.37849e+08 0
6.37849e+08 0
6.37849e+08 0
6.37849e+08 0
6.37849e+08 0
