0 7.63685e-08
0 1.31131e+08
0 1.31131e+08
-1.58945e+08 2.90076e+08
-2.02341e+08 3.33472e+08
-2.04465e+08 3.35596e+08
-1.93141e+08 3.24271e+08
-1.72737e+08 3.03868e+08
-1.41256e+08 2.72386e+08
-9.43177e+07 2.25448e+08
-1.61339e+07 1.47265e+08
6.25542e+08 0
6.25542e+08 0
6.25542e+08 0
6.25542e+08 0
6.25542e+08 0
6.25542e+08 0
6.25542e+08 0
6.25542e+08 0
6.25542e+08 0
6.25542e+08 0
6.25542e+08 0
6.25542e+08 0
6.25542e+08 0
6.25542e+08 0
6.25542e+08 0
6.25542e+08 0
6.25542e+08 0
6.25542e+08 0
6.25542e+08 0
6.25542e+08 0
6.25542e+08 0
6.25542e+08 0
6.25542e+08 0
6.25542e+08 0
6.25542e+08 0
6.25542e+08 0
6.25542e+08 0
6.25542e+08 0
6.25542e+08 0
6.25542e+08 0
6.25542e+08 0
6.25542e+08 0
6.25542e+08 0
6.25542e+08 0
6.25542e+08 0
6.25542e+08 0
6.25542e+08 0
6.25542e+08 0
6.25542e+08 0
6.25542e+08 0
6.25542e+08 0
6.25542e+08 0
6.25542e+08 0
6.25542e+08 0
6.25542e+08 0
6.25542e+08 0
6.25542e+08 0
6.25542e+08 0
6.25542e+08 0
6.25542e+08 0
6.25542e+08 0
6.25542e+08 0
6.25542e+08 0
6.25542e+08 0
6.25542e+08 0
6.25542e+08 0
6.25542e+08 0
6.25542e+08 0
6.25542e+08 0
6.25542e+08 0
6.25542e+08 0
6.25542e+08 0
6.25542e+08 0
6.25542e+08 0
6.25542e+08 0
6.25542e+08 0
6.25542e+08 0
6.25542e+08 0
6.25542e+08 0
6.25542e+08 0
6.25542e+08 0
6.25542e+08 0
6.25542e+08 0
6.25542e+08 0
6.25542e+08 0
6.25542e+08 0
6.25542e+08 0
6.25542e+08 0
6.25542e+08 0
6.25542e+08 0
6.25542e+08 0
6.25542e+08 0
6.25542e+08 0
6.25542e+08 0
6.25542e+08 0
6.25542e+08 0
6.25542e+08 0
6.25542e+08 0
6.25542e+08 0
6.25542e+08 0
6.25542e+08 0
6.25542e+08 0
