0 -1.21307e-06
0 -2.01198e-06
0 -2.75593e-06
-1.51393e+08 -1.27559e-05
-2.43703e+08 -2.27559e-05
-2.55751e+08 -3.27559e-05
-2.26013e+08 -4.27559e-05
-1.70258e+08 -5.27559e-05
-7.70424e+07 -6.27559e-05
9.2899e+08 -7.27559e-05
9.2899e+08 -8.27559e-05
9.2899e+08 -9.27559e-05
9.2899e+08 -0.000102756
9.2899e+08 -0.000112756
9.2899e+08 -0.000122756
9.2899e+08 -0.000132756
9.2899e+08 -0.000142756
9.2899e+08 -0.000152756
9.2899e+08 -0.000162756
9.2899e+08 -0.000172756
9.2899e+08 -0.000182756
9.2899e+08 -0.000192756
9.2899e+08 -0.000202756
9.2899e+08 -0.000212756
9.2899e+08 -0.000222756
9.2899e+08 -0.000232756
9.2899e+08 -0.000242756
9.2899e+08 -0.000252756
9.2899e+08 -0.000262756
9.2899e+08 -0.000272756
9.2899e+08 -0.000282756
9.2899e+08 -0.000292756
9.2899e+08 -0.000302756
9.2899e+08 -0.000312756
9.2899e+08 -0.000322756
9.2899e+08 -0.000332756
9.2899e+08 -0.000342756
9.2899e+08 -0.000352756
9.2899e+08 -0.000362756
9.2899e+08 -0.000372756
9.2899e+08 -0.000382756
9.2899e+08 -0.000392756
9.2899e+08 -0.000402756
9.2899e+08 -0.000412756
9.2899e+08 -0.000422756
9.2899e+08 -0.000432756
9.2899e+08 -0.000442756
9.2899e+08 -0.000452756
9.2899e+08 -0.000462756
9.2899e+08 -0.000472756
9.2899e+08 -0.000482756
9.2899e+08 -0.000492756
9.2899e+08 -0.000502756
9.2899e+08 -0.000512756
9.2899e+08 -0.000522756
9.2899e+08 -0.000532756
9.2899e+08 -0.000542756
9.2899e+08 -0.000552756
9.2899e+08 -0.000562756
9.2899e+08 -0.000572756
9.2899e+08 -0.000582756
9.2899e+08 -0.000592756
9.2899e+08 -0.000602756
9.2899e+08 -0.000612756
9.2899e+08 -0.000622756
9.2899e+08 -0.000632756
9.2899e+08 -0.000642756
9.2899e+08 -0.000652756
9.2899e+08 -0.000662756
9.2899e+08 -0.000672756
9.2899e+08 -0.000682756
9.2899e+08 -0.000692756
9.2899e+08 -0.000702756
9.2899e+08 -0.000712756
9.2899e+08 -0.000722756
9.2899e+08 -0.000732756
9.2899e+08 -0.000742756
9.2899e+08 -0.000752756
9.2899e+08 -0.000762756
9.2899e+08 -0.000772756
9.2899e+08 -0.000782756
9.2899e+08 -0.000792756
9.2899e+08 -0.000802756
9.2899e+08 -0.000812756
9.2899e+08 -0.000822756
9.2899e+08 -0.000832756
9.2899e+08 -0.000842756
9.2899e+08 -0.000852756
9.2899e+08 -0.000862756
9.2899e+08 -0.000872756
9.2899e+08 -0.000882756
9.2899e+08 -0.000892756
9.2899e+08 -0.000902756
9.2899e+08 -0.000912756
9.2899e+08 -0.000922756
9.2899e+08 -0.000932756
9.2899e+08 -0.000942756
9.2899e+08 -0.000952756
9.2899e+08 -0.000962756
9.2899e+08 -0.000972756
9.2899e+08 -0.000982756
9.2899e+08 -0.000992756
9.2899e+08 -0.00100276
