0 -7.40401e-08
0 -4.89795e+07
0 -4.89795e+07
1.34234e+08 -1.83213e+08
1.68501e+08 -2.17481e+08
1.37452e+08 -1.86431e+08
5.46554e+07 -1.03635e+08
1.84971e+08 -1.68452e+08
7.98583e+08 0
7.98583e+08 0
7.98583e+08 0
7.98583e+08 0
7.98583e+08 0
7.98583e+08 0
7.98583e+08 0
7.98583e+08 0
7.98583e+08 0
7.98583e+08 0
7.98583e+08 0
7.98583e+08 0
7.98583e+08 0
7.98583e+08 0
7.98583e+08 0
7.98583e+08 0
7.98583e+08 0
7.98583e+08 0
7.98583e+08 0
7.98583e+08 0
7.98583e+08 0
7.98583e+08 0
7.98583e+08 0
7.98583e+08 0
7.98583e+08 0
7.98583e+08 0
7.98583e+08 0
7.98583e+08 0
7.98583e+08 0
7.98583e+08 0
7.98583e+08 0
7.98583e+08 0
7.98583e+08 0
7.98583e+08 0
7.98583e+08 0
7.98583e+08 0
7.98583e+08 0
7.98583e+08 0
7.98583e+08 0
7.98583e+08 0
7.98583e+08 0
7.98583e+08 0
7.98583e+08 0
7.98583e+08 0
7.98583e+08 0
7.98583e+08 0
7.98583e+08 0
7.98583e+08 0
7.98583e+08 0
7.98583e+08 0
7.98583e+08 0
7.98583e+08 0
7.98583e+08 0
7.98583e+08 0
7.98583e+08 0
7.98583e+08 0
7.98583e+08 0
7.98583e+08 0
7.98583e+08 0
7.98583e+08 0
7.98583e+08 0
7.98583e+08 0
7.98583e+08 0
7.98583e+08 0
7.98583e+08 0
7.98583e+08 0
7.98583e+08 0
7.98583e+08 0
7.98583e+08 0
7.98583e+08 0
7.98583e+08 0
7.98583e+08 0
7.98583e+08 0
7.98583e+08 0
7.98583e+08 0
7.98583e+08 0
7.98583e+08 0
7.98583e+08 0
7.98583e+08 0
7.98583e+08 0
7.98583e+08 0
7.98583e+08 0
7.98583e+08 0
7.98583e+08 0
7.98583e+08 0
7.98583e+08 0
7.98583e+08 0
7.98583e+08 0
7.98583e+08 0
7.98583e+08 0
7.98583e+08 0
7.98583e+08 0
7.98583e+08 0
7.98583e+08 0
7.98583e+08 0
