0 -2.73934e-06
0 2.87594e-06
0 1.52468e-06
1.46842e+08 1.15247e-05
2.52575e+08 2.15247e-05
2.91674e+08 3.15247e-05
2.99601e+08 4.15247e-05
2.94197e+08 5.15247e-05
2.81943e+08 6.15247e-05
2.6292e+08 7.15247e-05
2.35295e+08 8.15247e-05
1.95035e+08 9.15247e-05
1.2762e+08 0.000101525
-1.78689e+07 0.000111525
6.68089e+08 0.000121525
6.68089e+08 0.000131525
6.68089e+08 0.000141525
6.68089e+08 0.000151525
6.68089e+08 0.000161525
6.68089e+08 0.000171525
6.68089e+08 0.000181525
6.68089e+08 0.000191525
6.68089e+08 0.000201525
6.68089e+08 0.000211525
6.68089e+08 0.000221525
6.68089e+08 0.000231525
6.68089e+08 0.000241525
6.68089e+08 0.000251525
6.68089e+08 0.000261525
6.68089e+08 0.000271525
6.68089e+08 0.000281525
6.68089e+08 0.000291525
6.68089e+08 0.000301525
6.68089e+08 0.000311525
6.68089e+08 0.000321525
6.68089e+08 0.000331525
6.68089e+08 0.000341525
6.68089e+08 0.000351525
6.68089e+08 0.000361525
6.68089e+08 0.000371525
6.68089e+08 0.000381525
6.68089e+08 0.000391525
6.68089e+08 0.000401525
6.68089e+08 0.000411525
6.68089e+08 0.000421525
6.68089e+08 0.000431525
6.68089e+08 0.000441525
6.68089e+08 0.000451525
6.68089e+08 0.000461525
6.68089e+08 0.000471525
6.68089e+08 0.000481525
6.68089e+08 0.000491525
6.68089e+08 0.000501525
6.68089e+08 0.000511525
6.68089e+08 0.000521525
6.68089e+08 0.000531525
6.68089e+08 0.000541525
6.68089e+08 0.000551525
6.68089e+08 0.000561525
6.68089e+08 0.000571525
6.68089e+08 0.000581525
6.68089e+08 0.000591525
6.68089e+08 0.000601525
6.68089e+08 0.000611525
6.68089e+08 0.000621525
6.68089e+08 0.000631525
6.68089e+08 0.000641525
6.68089e+08 0.000651525
6.68089e+08 0.000661525
6.68089e+08 0.000671525
6.68089e+08 0.000681525
6.68089e+08 0.000691525
6.68089e+08 0.000701525
6.68089e+08 0.000711525
6.68089e+08 0.000721525
6.68089e+08 0.000731525
6.68089e+08 0.000741525
6.68089e+08 0.000751525
6.68089e+08 0.000761525
6.68089e+08 0.000771525
6.68089e+08 0.000781525
6.68089e+08 0.000791525
6.68089e+08 0.000801525
6.68089e+08 0.000811525
6.68089e+08 0.000821525
6.68089e+08 0.000831525
6.68089e+08 0.000841525
6.68089e+08 0.000851525
6.68089e+08 0.000861525
6.68089e+08 0.000871525
6.68089e+08 0.000881525
6.68089e+08 0.000891525
6.68089e+08 0.000901525
6.68089e+08 0.000911525
6.68089e+08 0.000921525
6.68089e+08 0.000931525
6.68089e+08 0.000941525
6.68089e+08 0.000951525
6.68089e+08 0.000961525
6.68089e+08 0.000971525
6.68089e+08 0.000981525
6.68089e+08 0.000991525
6.68089e+08 0.00100152
