0 -5.19794e-08
0 -8.73115e-10
0 -1.49012e-08
1.25345e+08 -1.25345e+08
1.72407e+08 -1.72407e+08
1.46532e+08 -1.46532e+08
4.46863e+07 -4.46863e+07
1.19718e+09 0
1.19718e+09 0
1.19718e+09 0
1.19718e+09 0
1.19718e+09 0
1.19718e+09 0
1.19718e+09 0
1.19718e+09 0
1.19718e+09 0
1.19718e+09 0
1.19718e+09 0
1.19718e+09 0
1.19718e+09 0
1.19718e+09 0
1.19718e+09 0
1.19718e+09 0
1.19718e+09 0
1.19718e+09 0
1.19718e+09 0
1.19718e+09 0
1.19718e+09 0
1.19718e+09 0
1.19718e+09 0
1.19718e+09 0
1.19718e+09 0
1.19718e+09 0
1.19718e+09 0
1.19718e+09 0
1.19718e+09 0
1.19718e+09 0
1.19718e+09 0
1.19718e+09 0
1.19718e+09 0
1.19718e+09 0
1.19718e+09 0
1.19718e+09 0
1.19718e+09 0
1.19718e+09 0
1.19718e+09 0
1.19718e+09 0
1.19718e+09 0
1.19718e+09 0
1.19718e+09 0
1.19718e+09 0
1.19718e+09 0
1.19718e+09 0
1.19718e+09 0
1.19718e+09 0
1.19718e+09 0
1.19718e+09 0
1.19718e+09 0
1.19718e+09 0
1.19718e+09 0
1.19718e+09 0
1.19718e+09 0
1.19718e+09 0
1.19718e+09 0
1.19718e+09 0
1.19718e+09 0
1.19718e+09 0
1.19718e+09 0
1.19718e+09 0
1.19718e+09 0
1.19718e+09 0
1.19718e+09 0
1.19718e+09 0
1.19718e+09 0
1.19718e+09 0
1.19718e+09 0
1.19718e+09 0
1.19718e+09 0
1.19718e+09 0
1.19718e+09 0
1.19718e+09 0
1.19718e+09 0
1.19718e+09 0
1.19718e+09 0
1.19718e+09 0
1.19718e+09 0
1.19718e+09 0
1.19718e+09 0
1.19718e+09 0
1.19718e+09 0
1.19718e+09 0
1.19718e+09 0
1.19718e+09 0
1.19718e+09 0
1.19718e+09 0
1.19718e+09 0
1.19718e+09 0
1.19718e+09 0
1.19718e+09 0
1.19718e+09 0
1.19718e+09 0
1.19718e+09 0
1.19718e+09 0
