0 -1.91169e-06
0 -1.98653e-05
0 -1.31613e-05
-9.04897e+07 -2.31613e-05
-1.00809e+08 -3.31613e-05
-7.06714e+07 -4.31613e-05
-1.48801e+07 -5.31613e-05
7.88933e+07 -6.31613e-05
1.08301e+09 -7.31613e-05
1.08301e+09 -8.31613e-05
1.08301e+09 -9.31613e-05
1.08301e+09 -0.000103161
1.08301e+09 -0.000113161
1.08301e+09 -0.000123161
1.08301e+09 -0.000133161
1.08301e+09 -0.000143161
1.08301e+09 -0.000153161
1.08301e+09 -0.000163161
1.08301e+09 -0.000173161
1.08301e+09 -0.000183161
1.08301e+09 -0.000193161
1.08301e+09 -0.000203161
1.08301e+09 -0.000213161
1.08301e+09 -0.000223161
1.08301e+09 -0.000233161
1.08301e+09 -0.000243161
1.08301e+09 -0.000253161
1.08301e+09 -0.000263161
1.08301e+09 -0.000273161
1.08301e+09 -0.000283161
1.08301e+09 -0.000293161
1.08301e+09 -0.000303161
1.08301e+09 -0.000313161
1.08301e+09 -0.000323161
1.08301e+09 -0.000333161
1.08301e+09 -0.000343161
1.08301e+09 -0.000353161
1.08301e+09 -0.000363161
1.08301e+09 -0.000373161
1.08301e+09 -0.000383161
1.08301e+09 -0.000393161
1.08301e+09 -0.000403161
1.08301e+09 -0.000413161
1.08301e+09 -0.000423161
1.08301e+09 -0.000433161
1.08301e+09 -0.000443161
1.08301e+09 -0.000453161
1.08301e+09 -0.000463161
1.08301e+09 -0.000473161
1.08301e+09 -0.000483161
1.08301e+09 -0.000493161
1.08301e+09 -0.000503161
1.08301e+09 -0.000513161
1.08301e+09 -0.000523161
1.08301e+09 -0.000533161
1.08301e+09 -0.000543161
1.08301e+09 -0.000553161
1.08301e+09 -0.000563161
1.08301e+09 -0.000573161
1.08301e+09 -0.000583161
1.08301e+09 -0.000593161
1.08301e+09 -0.000603161
1.08301e+09 -0.000613161
1.08301e+09 -0.000623161
1.08301e+09 -0.000633161
1.08301e+09 -0.000643161
1.08301e+09 -0.000653161
1.08301e+09 -0.000663161
1.08301e+09 -0.000673161
1.08301e+09 -0.000683161
1.08301e+09 -0.000693161
1.08301e+09 -0.000703161
1.08301e+09 -0.000713161
1.08301e+09 -0.000723161
1.08301e+09 -0.000733161
1.08301e+09 -0.000743161
1.08301e+09 -0.000753161
1.08301e+09 -0.000763161
1.08301e+09 -0.000773161
1.08301e+09 -0.000783161
1.08301e+09 -0.000793161
1.08301e+09 -0.000803161
1.08301e+09 -0.000813161
1.08301e+09 -0.000823161
1.08301e+09 -0.000833161
1.08301e+09 -0.000843161
1.08301e+09 -0.000853161
1.08301e+09 -0.000863161
1.08301e+09 -0.000873161
1.08301e+09 -0.000883161
1.08301e+09 -0.000893161
1.08301e+09 -0.000903161
1.08301e+09 -0.000913161
1.08301e+09 -0.000923161
1.08301e+09 -0.000933161
1.08301e+09 -0.000943161
1.08301e+09 -0.000953161
1.08301e+09 -0.000963161
1.08301e+09 -0.000973161
1.08301e+09 -0.000983161
1.08301e+09 -0.000993161
1.08301e+09 -0.00100316
1.08301e+09 -0.00101316
