0 -2.02546e-06
0 -3.30368e-05
0 -0.000195304
3.13553e+07 -0.000205304
6.7179e+07 -0.000215304
9.78513e+07 -0.000225304
1.23636e+08 -0.000235304
1.46021e+08 -0.000245304
1.66397e+08 -0.000255304
1.91638e+08 -0.000265304
2.27715e+08 -0.000275304
2.65501e+08 -0.000285304
3.00962e+08 -0.000295304
3.32599e+08 -0.000305304
3.63103e+08 -0.000315304
4.04468e+08 -0.000325304
3.69318e+08 -0.000335304
4.80952e+08 -0.000345304
4.80952e+08 -0.000355304
4.80952e+08 -0.000365304
4.80952e+08 -0.000375304
4.80952e+08 -0.000385304
4.80952e+08 -0.000395304
4.80952e+08 -0.000405304
4.80952e+08 -0.000415304
4.80952e+08 -0.000425304
4.80952e+08 -0.000435304
4.80952e+08 -0.000445304
4.80952e+08 -0.000455304
4.80952e+08 -0.000465304
4.80952e+08 -0.000475304
4.80952e+08 -0.000485304
4.80952e+08 -0.000495304
4.80952e+08 -0.000505304
4.80952e+08 -0.000515304
4.80952e+08 -0.000525304
4.80952e+08 -0.000535304
4.80952e+08 -0.000545304
4.80952e+08 -0.000555304
4.80952e+08 -0.000565304
4.80952e+08 -0.000575304
4.80952e+08 -0.000585304
4.80952e+08 -0.000595304
4.80952e+08 -0.000605304
4.80952e+08 -0.000615304
4.80952e+08 -0.000625304
4.80952e+08 -0.000635304
4.80952e+08 -0.000645304
4.80952e+08 -0.000655304
4.80952e+08 -0.000665304
4.80952e+08 -0.000675304
4.80952e+08 -0.000685304
4.80952e+08 -0.000695304
4.80952e+08 -0.000705304
4.80952e+08 -0.000715304
4.80952e+08 -0.000725304
4.80952e+08 -0.000735304
4.80952e+08 -0.000745304
4.80952e+08 -0.000755304
4.80952e+08 -0.000765304
4.80952e+08 -0.000775304
4.80952e+08 -0.000785304
4.80952e+08 -0.000795304
4.80952e+08 -0.000805304
4.80952e+08 -0.000815304
4.80952e+08 -0.000825304
4.80952e+08 -0.000835304
4.80952e+08 -0.000845304
4.80952e+08 -0.000855304
4.80952e+08 -0.000865304
4.80952e+08 -0.000875304
4.80952e+08 -0.000885304
4.80952e+08 -0.000895304
4.80952e+08 -0.000905304
4.80952e+08 -0.000915304
4.80952e+08 -0.000925304
4.80952e+08 -0.000935304
4.80952e+08 -0.000945304
4.80952e+08 -0.000955304
4.80952e+08 -0.000965304
4.80952e+08 -0.000975304
4.80952e+08 -0.000985304
4.80952e+08 -0.000995304
4.80952e+08 -0.0010053
4.80952e+08 -0.0010153
4.80952e+08 -0.0010253
4.80952e+08 -0.0010353
4.80952e+08 -0.0010453
4.80952e+08 -0.0010553
4.80952e+08 -0.0010653
4.80952e+08 -0.0010753
4.80952e+08 -0.0010853
4.80952e+08 -0.0010953
4.80952e+08 -0.0011053
4.80952e+08 -0.0011153
4.80952e+08 -0.0011253
4.80952e+08 -0.0011353
4.80952e+08 -0.0011453
4.80952e+08 -0.0011553
4.80952e+08 -0.0011653
4.80952e+08 -0.0011753
4.80952e+08 -0.0011853
4.80952e+08 -0.0011953
