0 0
0 7.78742e-05
0 -433874
-15 -433874
-30 -433874
-45 -433874
-60 -433874
-75 -433874
-90 -433874
-105 -433874
-120 -433874
-135 -433874
-150 -433874
-165 -433874
-180 -433874
-195 -433874
-210 -433874
-225 -433874
-240 -433874
-255 -433874
-270 -433874
-285 -433874
-300 -433874
-315 -433874
-330 -433874
-345 -433874
-360 -433874
-375 -433874
-390 -433874
-405 -433874
-420 -433874
-435 -433874
-450 -433874
-465 -433874
-480 -433874
-495 -433874
-510 -433874
-525 -433874
-540 -433874
-555 -433874
-570 -433874
-585 -433874
-600 -433874
-615 -433874
-630 -433874
-645 -433874
-660 -433874
-675 -433874
-690 -433874
-705 -433874
-720 -433874
-735 -433874
-750 -433874
-765 -433874
-780 -433874
-795 -433874
-810 -433874
-825 -433874
-840 -433874
-855.001 -433874
-870.001 -433874
-885.001 -433874
-900.001 -433874
-915.001 -433874
-930.001 -433874
-945.001 -433874
-960.001 -433874
-975.001 -433874
-990.001 -433874
-1005 -433874
-1020 -433874
-1035 -433874
-1050 -433874
-1065 -433874
-1080 -433874
-1095 -433874
-1110 -433874
-1125 -433874
-1140 -433874
-1155 -433874
-1170 -433874
-1185 -433874
-1200 -433874
-1215 -433874
-1230 -433874
-1245 -433874
-1260 -433874
-1275 -433874
-1290 -433874
-1305 -433874
-1320 -433874
-1335 -433874
-1350 -433874
-1365 -433874
-1380 -433874
-1395 -433874
-1410 -433874
-1425 -433874
-1440 -433874
-1455 -433874
-1470 -433874
-1485 -433874
-1500 -433874
