0 -1.95578e-08
0 -1.47148e+08
0 -1.47148e+08
1.06084e+08 -2.53232e+08
1.21233e+08 -2.68382e+08
9.51874e+07 -2.42336e+08
3.84522e+07 -1.856e+08
-6.04927e+07 -8.66555e+07
8.65848e+08 0
8.65848e+08 0
8.65848e+08 0
8.65848e+08 0
8.65848e+08 0
8.65848e+08 0
8.65848e+08 0
8.65848e+08 0
8.65848e+08 0
8.65848e+08 0
8.65848e+08 0
8.65848e+08 0
8.65848e+08 0
8.65848e+08 0
8.65848e+08 0
8.65848e+08 0
8.65848e+08 0
8.65848e+08 0
8.65848e+08 0
8.65848e+08 0
8.65848e+08 0
8.65848e+08 0
8.65848e+08 0
8.65848e+08 0
8.65848e+08 0
8.65848e+08 0
8.65848e+08 0
8.65848e+08 0
8.65848e+08 0
8.65848e+08 0
8.65848e+08 0
8.65848e+08 0
8.65848e+08 0
8.65848e+08 0
8.65848e+08 0
8.65848e+08 0
8.65848e+08 0
8.65848e+08 0
8.65848e+08 0
8.65848e+08 0
8.65848e+08 0
8.65848e+08 0
8.65848e+08 0
8.65848e+08 0
8.65848e+08 0
8.65848e+08 0
8.65848e+08 0
8.65848e+08 0
8.65848e+08 0
8.65848e+08 0
8.65848e+08 0
8.65848e+08 0
8.65848e+08 0
8.65848e+08 0
8.65848e+08 0
8.65848e+08 0
8.65848e+08 0
8.65848e+08 0
8.65848e+08 0
8.65848e+08 0
8.65848e+08 0
8.65848e+08 0
8.65848e+08 0
8.65848e+08 0
8.65848e+08 0
8.65848e+08 0
8.65848e+08 0
8.65848e+08 0
8.65848e+08 0
8.65848e+08 0
8.65848e+08 0
8.65848e+08 0
8.65848e+08 0
8.65848e+08 0
8.65848e+08 0
8.65848e+08 0
8.65848e+08 0
8.65848e+08 0
8.65848e+08 0
8.65848e+08 0
8.65848e+08 0
8.65848e+08 0
8.65848e+08 0
8.65848e+08 0
8.65848e+08 0
8.65848e+08 0
8.65848e+08 0
8.65848e+08 0
8.65848e+08 0
8.65848e+08 0
8.65848e+08 0
8.65848e+08 0
8.65848e+08 0
8.65848e+08 0
8.65848e+08 0
