0 1.02312e-06
0 1.04142e-06
0 4.65661e-09
1.74538e+08 -1.74538e+08
2.67574e+08 -2.67574e+08
2.9854e+08 -2.9854e+08
3.113e+08 -3.113e+08
3.16079e+08 -3.16079e+08
3.17366e+08 -3.17366e+08
3.16411e+08 -3.16411e+08
3.13606e+08 -3.13606e+08
3.10151e+08 -3.10151e+08
3.04718e+08 -3.04718e+08
2.97803e+08 -2.97803e+08
2.89126e+08 -2.89126e+08
2.77331e+08 -2.77331e+08
2.58858e+08 -2.58858e+08
2.18965e+08 -2.18965e+08
9.24313e+07 -9.24313e+07
-1.39447e+08 1.13697e+08
-1.0931e+08 1.0662e+08
-1.06129e+08 6.47184e+07
3.53151e+08 0
3.53151e+08 0
3.53151e+08 0
3.53151e+08 0
3.53151e+08 0
3.53151e+08 0
3.53151e+08 0
3.53151e+08 0
3.53151e+08 0
3.53151e+08 0
3.53151e+08 0
3.53151e+08 0
3.53151e+08 0
3.53151e+08 0
3.53151e+08 0
3.53151e+08 0
3.53151e+08 0
3.53151e+08 0
3.53151e+08 0
3.53151e+08 0
3.53151e+08 0
3.53151e+08 0
3.53151e+08 0
3.53151e+08 0
3.53151e+08 0
3.53151e+08 0
3.53151e+08 0
3.53151e+08 0
3.53151e+08 0
3.53151e+08 0
3.53151e+08 0
3.53151e+08 0
3.53151e+08 0
3.53151e+08 0
3.53151e+08 0
3.53151e+08 0
3.53151e+08 0
3.53151e+08 0
3.53151e+08 0
3.53151e+08 0
3.53151e+08 0
3.53151e+08 0
3.53151e+08 0
3.53151e+08 0
3.53151e+08 0
3.53151e+08 0
3.53151e+08 0
3.53151e+08 0
3.53151e+08 0
3.53151e+08 0
3.53151e+08 0
3.53151e+08 0
3.53151e+08 0
3.53151e+08 0
3.53151e+08 0
3.53151e+08 0
3.53151e+08 0
3.53151e+08 0
3.53151e+08 0
3.53151e+08 0
3.53151e+08 0
3.53151e+08 0
3.53151e+08 0
3.53151e+08 0
3.53151e+08 0
3.53151e+08 0
3.53151e+08 0
3.53151e+08 0
3.53151e+08 0
3.53151e+08 0
3.53151e+08 0
3.53151e+08 0
3.53151e+08 0
3.53151e+08 0
3.53151e+08 0
3.53151e+08 0
3.53151e+08 0
3.53151e+08 0
3.53151e+08 0
3.53151e+08 0
3.53151e+08 0
