0 6.54836e-08
0 -6.1127e+07
0 -6.55301e+07
38.5938 -4.97186e+07
121.146 -3.81204e+07
224.775 -3.11866e+07
350.527 -2.46654e+07
496.371 -1.87289e+07
660.084 -1.34485e+07
839.452 -8.80842e+06
1031.87 -4.93418e+06
1234.15 -1.97626e+06
1442.54 -133110
1654.76 1.0765e+06
1870.16 2.02903e+06
2088.04 2.77059e+06
2307.86 3.3528e+06
2529.23 3.81601e+06
2751.85 4.19015e+06
2975.49 4.49715e+06
3200 4.75305e+06
3425.24 4.97031e+06
3651.12 5.15963e+06
3877.55 5.32507e+06
4104.47 5.46977e+06
4331.82 5.59589e+06
4559.54 5.70535e+06
4787.58 5.79989e+06
5015.9 5.88112e+06
5244.44 5.95051e+06
5473.19 6.00942e+06
5702.1 6.05907e+06
5931.16 6.10058e+06
6146.8 2.16389e+06
6362.54 2.1919e+06
6578.35 2.21452e+06
6794.22 2.23246e+06
7010.14 2.24639e+06
7226.1 2.25686e+06
7442.08 2.2644e+06
7658.08 2.26944e+06
7874.09 2.27238e+06
8090.11 2.27356e+06
8306.12 2.27329e+06
8522.13 2.27181e+06
8738.13 2.26937e+06
8954.12 2.26614e+06
9170.1 2.2623e+06
9386.06 2.25797e+06
9602.01 2.25329e+06
9817.95 2.24833e+06
10033.9 2.2432e+06
10249.8 2.23794e+06
10465.6 2.23263e+06
10681.5 2.22729e+06
10897.4 2.22196e+06
11113.2 2.21667e+06
11329 2.21144e+06
11544.8 2.20628e+06
11760.6 2.2012e+06
11976.3 2.19622e+06
12192.1 2.19132e+06
12407.8 2.18652e+06
12623.5 2.18181e+06
12839.2 2.1772e+06
13054.9 2.17267e+06
13270.6 2.16824e+06
13486.2 2.16388e+06
13701.9 2.15961e+06
13917.5 2.15541e+06
14133.1 2.15129e+06
14348.7 2.14724e+06
14564.3 2.14325e+06
14779.9 2.13933e+06
14995.5 2.13547e+06
15211 2.13166e+06
15426.6 2.12791e+06
15642.1 2.12421e+06
15857.6 2.12057e+06
16073.1 2.11697e+06
16288.6 2.11342e+06
16504.1 2.10991e+06
16682.1 -8.88215e+06
16860.2 -8.88539e+06
17038.2 -8.88856e+06
17216.2 -8.89169e+06
17394.2 -8.89475e+06
17572.2 -8.89777e+06
17750.2 -8.90074e+06
17928.1 -8.90366e+06
18106.1 -8.90653e+06
18284 -8.90935e+06
18462 -8.91213e+06
18639.9 -8.91487e+06
18817.8 -8.91757e+06
18995.7 -8.92022e+06
19173.7 -8.92284e+06
19351.6 -8.92541e+06
19529.4 -8.92795e+06
19707.3 -8.93046e+06
19885.2 -8.93292e+06
20063.1 -8.93536e+06
20240.9 -8.93776e+06
