0 -3.06973e-06
0 -2.13548e-05
0 -967801
-15 -967801
-30 -967801
-45 -967801
-60 -967801
-75 -967801
-90 -967801
-105 -967801
-120 -967801
-135 -967801
-150 -967801
-165 -967801
-180 -967801
-195 -967801
-210 -967801
-225 -967801
-240 -967801
-255 -967801
-270 -967801
-285 -967801
-300 -967801
-315 -967801
-330 -967801
-345 -967801
-360 -967801
-375 -967801
-390 -967801
-405 -967801
-420 -967801
-435 -967801
-450 -967801
-465 -967801
-480 -967801
-495 -967801
-510 -967801
-525 -967801
-540 -967801
-555 -967801
-570 -967801
-585 -967801
-600 -967801
-615 -967801
-630 -967801
-645 -967801
-660 -967801
-675 -967801
-690 -967801
-705 -967801
-720 -967801
-735 -967801
-750 -967801
-765 -967801
-780 -967801
-795 -967801
-810 -967801
-825 -967801
-840 -967801
-855 -967801
-870 -967801
-885 -967801
-900 -967801
-915 -967801
-930 -967801
-945 -967801
-960 -967801
-975 -967801
-990 -967801
-1005 -967801
-1020 -967801
-1035 -967801
-1050 -967801
-1065 -967801
-1080 -967801
-1095 -967801
-1110 -967801
-1125 -967801
-1140 -967801
-1155 -967801
-1170 -967801
-1185 -967801
-1200 -967801
-1215 -967801
-1230 -967801
-1245 -967801
-1260 -967801
-1275 -967801
-1290 -967801
-1305 -967801
-1320 -967801
-1335 -967801
-1350 -967801
-1365 -967801
-1380 -967801
-1395 -967801
-1410 -967801
-1425 -967801
-1440 -967801
-1455 -967801
-1470 -967801
-1485 -967801
-1500 -967801
