0 -3.39813e-06
0 -2.41323e-05
0 -1.59837e-05
-8.58005e+07 -2.59837e-05
-8.33104e+07 -3.59837e-05
-4.91893e+07 -4.59837e-05
8.56782e+06 -5.59837e-05
1.02067e+08 -6.59837e-05
1.07748e+09 -7.59837e-05
1.07748e+09 -8.59837e-05
1.07748e+09 -9.59837e-05
1.07748e+09 -0.000105984
1.07748e+09 -0.000115984
1.07748e+09 -0.000125984
1.07748e+09 -0.000135984
1.07748e+09 -0.000145984
1.07748e+09 -0.000155984
1.07748e+09 -0.000165984
1.07748e+09 -0.000175984
1.07748e+09 -0.000185984
1.07748e+09 -0.000195984
1.07748e+09 -0.000205984
1.07748e+09 -0.000215984
1.07748e+09 -0.000225984
1.07748e+09 -0.000235984
1.07748e+09 -0.000245984
1.07748e+09 -0.000255984
1.07748e+09 -0.000265984
1.07748e+09 -0.000275984
1.07748e+09 -0.000285984
1.07748e+09 -0.000295984
1.07748e+09 -0.000305984
1.07748e+09 -0.000315984
1.07748e+09 -0.000325984
1.07748e+09 -0.000335984
1.07748e+09 -0.000345984
1.07748e+09 -0.000355984
1.07748e+09 -0.000365984
1.07748e+09 -0.000375984
1.07748e+09 -0.000385984
1.07748e+09 -0.000395984
1.07748e+09 -0.000405984
1.07748e+09 -0.000415984
1.07748e+09 -0.000425984
1.07748e+09 -0.000435984
1.07748e+09 -0.000445984
1.07748e+09 -0.000455984
1.07748e+09 -0.000465984
1.07748e+09 -0.000475984
1.07748e+09 -0.000485984
1.07748e+09 -0.000495984
1.07748e+09 -0.000505984
1.07748e+09 -0.000515984
1.07748e+09 -0.000525984
1.07748e+09 -0.000535984
1.07748e+09 -0.000545984
1.07748e+09 -0.000555984
1.07748e+09 -0.000565984
1.07748e+09 -0.000575984
1.07748e+09 -0.000585984
1.07748e+09 -0.000595984
1.07748e+09 -0.000605984
1.07748e+09 -0.000615984
1.07748e+09 -0.000625984
1.07748e+09 -0.000635984
1.07748e+09 -0.000645984
1.07748e+09 -0.000655984
1.07748e+09 -0.000665984
1.07748e+09 -0.000675984
1.07748e+09 -0.000685984
1.07748e+09 -0.000695984
1.07748e+09 -0.000705984
1.07748e+09 -0.000715984
1.07748e+09 -0.000725984
1.07748e+09 -0.000735984
1.07748e+09 -0.000745984
1.07748e+09 -0.000755984
1.07748e+09 -0.000765984
1.07748e+09 -0.000775984
1.07748e+09 -0.000785984
1.07748e+09 -0.000795984
1.07748e+09 -0.000805984
1.07748e+09 -0.000815984
1.07748e+09 -0.000825984
1.07748e+09 -0.000835984
1.07748e+09 -0.000845984
1.07748e+09 -0.000855984
1.07748e+09 -0.000865984
1.07748e+09 -0.000875984
1.07748e+09 -0.000885984
1.07748e+09 -0.000895984
1.07748e+09 -0.000905984
1.07748e+09 -0.000915984
1.07748e+09 -0.000925984
1.07748e+09 -0.000935984
1.07748e+09 -0.000945984
1.07748e+09 -0.000955984
1.07748e+09 -0.000965984
1.07748e+09 -0.000975984
1.07748e+09 -0.000985984
1.07748e+09 -0.000995984
1.07748e+09 -0.00100598
1.07748e+09 -0.00101598
