0 -5.23527e-06
0 -2.17463e-05
0 -557064
-15 -557064
-30 -557064
-45 -557064
-60 -557064
-75 -557064
-90 -557064
-105 -557064
-120 -557064
-135 -557064
-150 -557064
-165 -557064
-180 -557064
-195 -557064
-210 -557064
-225 -557064
-240 -557064
-255 -557064
-270 -557064
-285 -557064
-300 -557064
-315 -557064
-330 -557064
-345 -557064
-360 -557064
-375 -557064
-390 -557064
-405 -557064
-420 -557064
-435 -557064
-450 -557064
-465 -557064
-480 -557064
-495 -557064
-510 -557064
-525 -557064
-540 -557064
-555 -557064
-570 -557064
-585 -557064
-600 -557064
-615 -557064
-630 -557064
-645 -557064
-660 -557064
-675 -557064
-690 -557064
-705 -557064
-720 -557064
-735 -557064
-750 -557064
-765 -557064
-780 -557064
-795 -557064
-810 -557064
-825.001 -557064
-840.001 -557064
-855.001 -557064
-870.001 -557064
-885.001 -557064
-900.001 -557064
-915.001 -557064
-930.001 -557064
-945.001 -557064
-960.001 -557064
-975.001 -557064
-990.001 -557064
-1005 -557064
-1020 -557064
-1035 -557064
-1050 -557064
-1065 -557064
-1080 -557064
-1095 -557064
-1110 -557064
-1125 -557064
-1140 -557064
-1155 -557064
-1170 -557064
-1185 -557064
-1200 -557064
-1215 -557064
-1230 -557064
-1245 -557064
-1260 -557064
-1275 -557064
-1290 -557064
-1305 -557064
-1320 -557064
-1335 -557064
-1350 -557064
-1365 -557064
-1380 -557064
-1395 -557064
-1410 -557064
-1425 -557064
-1440 -557064
-1455 -557064
-1470 -557064
-1485 -557064
-1500 -557064
