0 6.0536e-08
0 1.90232e+08
0 1.90232e+08
1.59334e+07 1.74299e+08
3.28829e+07 1.5735e+08
4.82201e+07 1.42012e+08
6.23731e+07 1.27859e+08
7.48545e+07 1.15378e+08
8.60658e+07 1.04167e+08
9.63957e+07 9.38368e+07
1.05752e+08 8.448e+07
1.14461e+08 7.57717e+07
1.22547e+08 6.76852e+07
1.30254e+08 5.9979e+07
1.37921e+08 5.23119e+07
1.45336e+08 4.48967e+07
1.5271e+08 3.75224e+07
1.60445e+08 2.97877e+07
1.68745e+08 2.14879e+07
1.78974e+08 1.12581e+07
1.90496e+08 -264004
2.01228e+08 -1.09954e+07
2.12036e+08 -2.18038e+07
2.22872e+08 -3.26397e+07
2.33505e+08 -4.32728e+07
2.41751e+08 -5.15183e+07
2.51444e+08 -6.1212e+07
2.59271e+08 -6.90381e+07
3.04287e+08 -1.14055e+08
3.11794e+08 -1.21562e+08
3.21172e+08 -1.30939e+08
3.31414e+08 -1.333e+08
3.71265e+08 0
3.71265e+08 0
3.71265e+08 0
3.71265e+08 0
3.71265e+08 0
3.71265e+08 0
3.71265e+08 0
3.71265e+08 0
3.71265e+08 0
3.71265e+08 0
3.71265e+08 0
3.71265e+08 0
3.71265e+08 0
3.71265e+08 0
3.71265e+08 0
3.71265e+08 0
3.71265e+08 0
3.71265e+08 0
3.71265e+08 0
3.71265e+08 0
3.71265e+08 0
3.71265e+08 0
3.71265e+08 0
3.71265e+08 0
3.71265e+08 0
3.71265e+08 0
3.71265e+08 0
3.71265e+08 0
3.71265e+08 0
3.71265e+08 0
3.71265e+08 0
3.71265e+08 0
3.71265e+08 0
3.71265e+08 0
3.71265e+08 0
3.71265e+08 0
3.71265e+08 0
3.71265e+08 0
3.71265e+08 0
3.71265e+08 0
3.71265e+08 0
3.71265e+08 0
3.71265e+08 0
3.71265e+08 0
3.71265e+08 0
3.71265e+08 0
3.71265e+08 0
3.71265e+08 0
3.71265e+08 0
3.71265e+08 0
3.71265e+08 0
3.71265e+08 0
3.71265e+08 0
3.71265e+08 0
3.71265e+08 0
3.71265e+08 0
3.71265e+08 0
3.71265e+08 0
3.71265e+08 0
3.71265e+08 0
3.71265e+08 0
3.71265e+08 0
3.71265e+08 0
3.71265e+08 0
3.71265e+08 0
3.71265e+08 0
3.71265e+08 0
3.71265e+08 0
3.71265e+08 0
3.71265e+08 0
3.71265e+08 0
