0 0
0 0.000731699
0 -705035
-15 -705035
-30 -705035
-45 -705035
-60 -705035
-75 -705035
-90 -705035
-105 -705035
-120 -705035
-135 -705035
-150 -705035
-165 -705035
-180 -705035
-195 -705035
-210 -705035
-225 -705035
-240 -705035
-255 -705035
-270 -705035
-285 -705035
-300 -705035
-315 -705035
-330 -705035
-345 -705035
-360 -705035
-375 -705035
-390 -705035
-405 -705035
-420 -705035
-435 -705035
-450 -705035
-465 -705035
-480 -705035
-495 -705035
-510 -705035
-525 -705035
-540 -705035
-555 -705035
-570 -705035
-585 -705035
-600 -705035
-615 -705035
-630 -705035
-645 -705035
-660 -705035
-675 -705035
-690 -705035
-705 -705035
-720 -705035
-735 -705035
-750 -705035
-765 -705035
-780 -705035
-795 -705035
-810 -705035
-825 -705035
-840 -705035
-855 -705035
-870 -705035
-885 -705035
-900 -705035
-915.001 -705035
-930.001 -705035
-945.001 -705035
-960.001 -705035
-975.001 -705035
-990.001 -705035
-1005 -705035
-1020 -705035
-1035 -705035
-1050 -705035
-1065 -705035
-1080 -705035
-1095 -705035
-1110 -705035
-1125 -705035
-1140 -705035
-1155 -705035
-1170 -705035
-1185 -705035
-1200 -705035
-1215 -705035
-1230 -705035
-1245 -705035
-1260 -705035
-1275 -705035
-1290 -705035
-1305 -705035
-1320 -705035
-1335 -705035
-1350 -705035
-1365 -705035
-1380 -705035
-1395 -705035
-1410 -705035
-1425 -705035
-1440 -705035
-1455 -705035
-1470 -705035
-1485 -705035
-1500 -705035
