0 -1.01527e-06
0 -0.000104981
0 -239478
-15 -239478
-30 -239478
-45 -239478
-60 -239478
-75 -239478
-90 -239478
-105 -239478
-120 -239478
-135 -239478
-150 -239478
-165 -239478
-180 -239478
-195 -239478
-210 -239478
-225 -239478
-240 -239478
-255 -239478
-270 -239478
-285 -239478
-300 -239478
-315 -239478
-330 -239478
-345 -239478
-360 -239478
-375 -239478
-390 -239478
-405 -239478
-420 -239478
-435 -239478
-450 -239478
-465 -239478
-480 -239478
-495 -239478
-510 -239478
-525 -239478
-540 -239478
-555 -239478
-570 -239478
-585 -239478
-600 -239478
-615 -239478
-630 -239478
-645 -239478
-660 -239478
-675 -239478
-690 -239478
-705.001 -239478
-720.001 -239478
-735.001 -239478
-750.001 -239478
-765.001 -239478
-780.001 -239478
-795.001 -239478
-810.001 -239478
-825.001 -239478
-840.001 -239478
-855.001 -239478
-870.001 -239478
-885.001 -239478
-900.001 -239478
-915.001 -239478
-930.001 -239478
-945.001 -239478
-960.001 -239478
-975.001 -239478
-990.001 -239478
-1005 -239478
-1020 -239478
-1035 -239478
-1050 -239478
-1065 -239478
-1080 -239478
-1095 -239478
-1110 -239478
-1125 -239478
-1140 -239478
-1155 -239478
-1170 -239478
-1185 -239478
-1200 -239478
-1215 -239478
-1230 -239478
-1245 -239478
-1260 -239478
-1275 -239478
-1290 -239478
-1305 -239478
-1320 -239478
-1335 -239478
-1350 -239478
-1365 -239478
-1380 -239478
-1395 -239478
-1410 -239478
-1425 -239478
-1440 -239478
-1455 -239478
-1470 -239478
-1485 -239478
-1500 -239478
