0 -3.26682e-06
0 6.15455e-06
0 4.2433e-06
1.44712e+08 1.42433e-05
1.95204e+08 2.42433e-05
2.16629e+08 3.42433e-05
2.24728e+08 4.42433e-05
2.27616e+08 5.42433e-05
2.27766e+08 6.42433e-05
2.26298e+08 7.42433e-05
2.22979e+08 8.42433e-05
2.18247e+08 9.42433e-05
2.12054e+08 0.000104243
2.04262e+08 0.000114243
1.94182e+08 0.000124243
1.80251e+08 0.000134243
1.55274e+08 0.000144243
8.45967e+07 0.000154243
-2.75092e+07 0.000164243
2.64145e+08 0.000174243
2.64145e+08 0.000184243
2.64145e+08 0.000194243
2.64145e+08 0.000204243
2.64145e+08 0.000214243
2.64145e+08 0.000224243
2.64145e+08 0.000234243
2.64145e+08 0.000244243
2.64145e+08 0.000254243
2.64145e+08 0.000264243
2.64145e+08 0.000274243
2.64145e+08 0.000284243
2.64145e+08 0.000294243
2.64145e+08 0.000304243
2.64145e+08 0.000314243
2.64145e+08 0.000324243
2.64145e+08 0.000334243
2.64145e+08 0.000344243
2.64145e+08 0.000354243
2.64145e+08 0.000364243
2.64145e+08 0.000374243
2.64145e+08 0.000384243
2.64145e+08 0.000394243
2.64145e+08 0.000404243
2.64145e+08 0.000414243
2.64145e+08 0.000424243
2.64145e+08 0.000434243
2.64145e+08 0.000444243
2.64145e+08 0.000454243
2.64145e+08 0.000464243
2.64145e+08 0.000474243
2.64145e+08 0.000484243
2.64145e+08 0.000494243
2.64145e+08 0.000504243
2.64145e+08 0.000514243
2.64145e+08 0.000524243
2.64145e+08 0.000534243
2.64145e+08 0.000544243
2.64145e+08 0.000554243
2.64145e+08 0.000564243
2.64145e+08 0.000574243
2.64145e+08 0.000584243
2.64145e+08 0.000594243
2.64145e+08 0.000604243
2.64145e+08 0.000614243
2.64145e+08 0.000624243
2.64145e+08 0.000634243
2.64145e+08 0.000644243
2.64145e+08 0.000654243
2.64145e+08 0.000664243
2.64145e+08 0.000674243
2.64145e+08 0.000684243
2.64145e+08 0.000694243
2.64145e+08 0.000704243
2.64145e+08 0.000714243
2.64145e+08 0.000724243
2.64145e+08 0.000734243
2.64145e+08 0.000744243
2.64145e+08 0.000754243
2.64145e+08 0.000764243
2.64145e+08 0.000774243
2.64145e+08 0.000784243
2.64145e+08 0.000794243
2.64145e+08 0.000804243
2.64145e+08 0.000814243
2.64145e+08 0.000824243
2.64145e+08 0.000834243
2.64145e+08 0.000844243
2.64145e+08 0.000854243
2.64145e+08 0.000864243
2.64145e+08 0.000874243
2.64145e+08 0.000884243
2.64145e+08 0.000894243
2.64145e+08 0.000904243
2.64145e+08 0.000914243
2.64145e+08 0.000924243
2.64145e+08 0.000934243
2.64145e+08 0.000944243
2.64145e+08 0.000954243
2.64145e+08 0.000964243
2.64145e+08 0.000974243
2.64145e+08 0.000984243
2.64145e+08 0.000994243
2.64145e+08 0.00100424
