0 -4.66402e-06
0 2.23527e-05
0 1.48999e-05
1.14572e+08 2.48999e-05
1.30389e+08 3.48999e-05
1.1124e+08 4.48999e-05
7.35071e+07 5.48999e-05
1.45725e+07 6.48999e-05
-8.53795e+07 7.48999e-05
7.27095e+08 8.48999e-05
7.27095e+08 9.48999e-05
7.27095e+08 0.0001049
7.27095e+08 0.0001149
7.27095e+08 0.0001249
7.27095e+08 0.0001349
7.27095e+08 0.0001449
7.27095e+08 0.0001549
7.27095e+08 0.0001649
7.27095e+08 0.0001749
7.27095e+08 0.0001849
7.27095e+08 0.0001949
7.27095e+08 0.0002049
7.27095e+08 0.0002149
7.27095e+08 0.0002249
7.27095e+08 0.0002349
7.27095e+08 0.0002449
7.27095e+08 0.0002549
7.27095e+08 0.0002649
7.27095e+08 0.0002749
7.27095e+08 0.0002849
7.27095e+08 0.0002949
7.27095e+08 0.0003049
7.27095e+08 0.0003149
7.27095e+08 0.0003249
7.27095e+08 0.0003349
7.27095e+08 0.0003449
7.27095e+08 0.0003549
7.27095e+08 0.0003649
7.27095e+08 0.0003749
7.27095e+08 0.0003849
7.27095e+08 0.0003949
7.27095e+08 0.0004049
7.27095e+08 0.0004149
7.27095e+08 0.0004249
7.27095e+08 0.0004349
7.27095e+08 0.0004449
7.27095e+08 0.0004549
7.27095e+08 0.0004649
7.27095e+08 0.0004749
7.27095e+08 0.0004849
7.27095e+08 0.0004949
7.27095e+08 0.0005049
7.27095e+08 0.0005149
7.27095e+08 0.0005249
7.27095e+08 0.0005349
7.27095e+08 0.0005449
7.27095e+08 0.0005549
7.27095e+08 0.0005649
7.27095e+08 0.0005749
7.27095e+08 0.0005849
7.27095e+08 0.0005949
7.27095e+08 0.0006049
7.27095e+08 0.0006149
7.27095e+08 0.0006249
7.27095e+08 0.0006349
7.27095e+08 0.0006449
7.27095e+08 0.0006549
7.27095e+08 0.0006649
7.27095e+08 0.0006749
7.27095e+08 0.0006849
7.27095e+08 0.0006949
7.27095e+08 0.0007049
7.27095e+08 0.0007149
7.27095e+08 0.0007249
7.27095e+08 0.0007349
7.27095e+08 0.0007449
7.27095e+08 0.0007549
7.27095e+08 0.0007649
7.27095e+08 0.0007749
7.27095e+08 0.0007849
7.27095e+08 0.0007949
7.27095e+08 0.0008049
7.27095e+08 0.0008149
7.27095e+08 0.0008249
7.27095e+08 0.0008349
7.27095e+08 0.0008449
7.27095e+08 0.0008549
7.27095e+08 0.0008649
7.27095e+08 0.0008749
7.27095e+08 0.0008849
7.27095e+08 0.0008949
7.27095e+08 0.0009049
7.27095e+08 0.0009149
7.27095e+08 0.0009249
7.27095e+08 0.0009349
7.27095e+08 0.0009449
7.27095e+08 0.0009549
7.27095e+08 0.0009649
7.27095e+08 0.0009749
7.27095e+08 0.0009849
7.27095e+08 0.0009949
7.27095e+08 0.0010049
7.27095e+08 0.0010149
