0 2.11672e-06
0 5.44648e+07
0 5.44648e+07
-9.19132e+07 1.46378e+08
-1.15469e+08 1.69933e+08
-1.34057e+08 1.88522e+08
-1.49294e+08 2.03759e+08
-1.58756e+08 2.13221e+08
-1.65948e+08 2.20413e+08
-1.7112e+08 2.25585e+08
-1.75129e+08 2.29594e+08
-1.78292e+08 2.32757e+08
-1.80823e+08 2.35288e+08
-1.82789e+08 2.37253e+08
-1.84327e+08 2.38792e+08
-1.85498e+08 2.39962e+08
-1.86413e+08 2.40877e+08
-1.87099e+08 2.41563e+08
-1.87593e+08 2.42058e+08
-1.87926e+08 2.42391e+08
-1.88123e+08 2.42587e+08
-1.88207e+08 2.42672e+08
-1.88178e+08 2.42643e+08
-1.8805e+08 2.42514e+08
-1.87835e+08 2.423e+08
-1.87519e+08 2.41983e+08
-1.87119e+08 2.41583e+08
-1.86635e+08 2.41099e+08
-1.86057e+08 2.40521e+08
-1.85369e+08 2.39833e+08
-1.84561e+08 2.39025e+08
-1.69995e+08 2.2446e+08
-1.70336e+08 2.24801e+08
-1.7017e+08 2.24635e+08
-1.69632e+08 2.24097e+08
-1.68792e+08 2.23257e+08
-1.67697e+08 2.22162e+08
-1.66381e+08 2.20846e+08
-1.64704e+08 2.19168e+08
-1.62555e+08 2.1702e+08
-1.5941e+08 2.13875e+08
-1.55502e+08 2.09967e+08
-1.50547e+08 2.05012e+08
-1.44234e+08 1.98699e+08
-1.36626e+08 1.9109e+08
-1.27966e+08 1.82431e+08
-1.19901e+08 1.74366e+08
-1.12215e+08 1.6668e+08
-3.68138e+07 8.64458e+07
1.46555e+08 0
1.46555e+08 0
1.46555e+08 0
1.46555e+08 0
1.46555e+08 0
1.46555e+08 0
1.46555e+08 0
1.46555e+08 0
1.46555e+08 0
1.46555e+08 0
1.46555e+08 0
1.46555e+08 0
1.46555e+08 0
1.46555e+08 0
1.46555e+08 0
1.46555e+08 0
1.46555e+08 0
1.46555e+08 0
1.46555e+08 0
1.46555e+08 0
1.46555e+08 0
1.46555e+08 0
1.46555e+08 0
1.46555e+08 0
1.46555e+08 0
1.46555e+08 0
1.46555e+08 0
1.46555e+08 0
1.46555e+08 0
1.46555e+08 0
1.46555e+08 0
1.46555e+08 0
1.46555e+08 0
1.46555e+08 0
1.46555e+08 0
1.46555e+08 0
1.46555e+08 0
1.46555e+08 0
1.46555e+08 0
1.46555e+08 0
1.46555e+08 0
1.46555e+08 0
1.46555e+08 0
1.46555e+08 0
1.46555e+08 0
1.46555e+08 0
1.46555e+08 0
1.46555e+08 0
1.46555e+08 0
1.46555e+08 0
1.46555e+08 0
1.46555e+08 0
1.46555e+08 0
1.46555e+08 0
