0 1.5262e-06
0 3.31312e+07
0 3.31313e+07
-6.9989e+06 4.01301e+07
1.02195e+09 0
1.02195e+09 0
1.02195e+09 0
1.02195e+09 0
1.02195e+09 0
1.02195e+09 0
1.02195e+09 0
1.02195e+09 0
1.02195e+09 0
1.02195e+09 0
1.02195e+09 0
1.02195e+09 0
1.02195e+09 0
1.02195e+09 0
1.02195e+09 0
1.02195e+09 0
1.02195e+09 0
1.02195e+09 0
1.02195e+09 0
1.02195e+09 0
1.02195e+09 0
1.02195e+09 0
1.02195e+09 0
1.02195e+09 0
1.02195e+09 0
1.02195e+09 0
1.02195e+09 0
1.02195e+09 0
1.02195e+09 0
1.02195e+09 0
1.02195e+09 0
1.02195e+09 0
1.02195e+09 0
1.02195e+09 0
1.02195e+09 0
1.02195e+09 0
1.02195e+09 0
1.02195e+09 0
1.02195e+09 0
1.02195e+09 0
1.02195e+09 0
1.02195e+09 0
1.02195e+09 0
1.02195e+09 0
1.02195e+09 0
1.02195e+09 0
1.02195e+09 0
1.02195e+09 0
1.02195e+09 0
1.02195e+09 0
1.02195e+09 0
1.02195e+09 0
1.02195e+09 0
1.02195e+09 0
1.02195e+09 0
1.02195e+09 0
1.02195e+09 0
1.02195e+09 0
1.02195e+09 0
1.02195e+09 0
1.02195e+09 0
1.02195e+09 0
1.02195e+09 0
1.02195e+09 0
1.02195e+09 0
1.02195e+09 0
1.02195e+09 0
1.02195e+09 0
1.02195e+09 0
1.02195e+09 0
1.02195e+09 0
1.02195e+09 0
1.02195e+09 0
1.02195e+09 0
1.02195e+09 0
1.02195e+09 0
1.02195e+09 0
1.02195e+09 0
1.02195e+09 0
1.02195e+09 0
1.02195e+09 0
1.02195e+09 0
1.02195e+09 0
1.02195e+09 0
1.02195e+09 0
1.02195e+09 0
1.02195e+09 0
1.02195e+09 0
1.02195e+09 0
1.02195e+09 0
1.02195e+09 0
1.02195e+09 0
1.02195e+09 0
1.02195e+09 0
1.02195e+09 0
1.02195e+09 0
1.02195e+09 0
1.02195e+09 0
1.02195e+09 0
