0 -2.12639e-06
0 -1.16318e-05
0 -8.38572e-06
-7.36298e+07 -1.83857e-05
-4.52998e+07 -2.83857e-05
-1.3869e+08 -3.83857e-05
1.22188e+09 -4.83857e-05
1.22188e+09 -5.83857e-05
1.22188e+09 -6.83857e-05
1.22188e+09 -7.83857e-05
1.22188e+09 -8.83857e-05
1.22188e+09 -9.83857e-05
1.22188e+09 -0.000108386
1.22188e+09 -0.000118386
1.22188e+09 -0.000128386
1.22188e+09 -0.000138386
1.22188e+09 -0.000148386
1.22188e+09 -0.000158386
1.22188e+09 -0.000168386
1.22188e+09 -0.000178386
1.22188e+09 -0.000188386
1.22188e+09 -0.000198386
1.22188e+09 -0.000208386
1.22188e+09 -0.000218386
1.22188e+09 -0.000228386
1.22188e+09 -0.000238386
1.22188e+09 -0.000248386
1.22188e+09 -0.000258386
1.22188e+09 -0.000268386
1.22188e+09 -0.000278386
1.22188e+09 -0.000288386
1.22188e+09 -0.000298386
1.22188e+09 -0.000308386
1.22188e+09 -0.000318386
1.22188e+09 -0.000328386
1.22188e+09 -0.000338386
1.22188e+09 -0.000348386
1.22188e+09 -0.000358386
1.22188e+09 -0.000368386
1.22188e+09 -0.000378386
1.22188e+09 -0.000388386
1.22188e+09 -0.000398386
1.22188e+09 -0.000408386
1.22188e+09 -0.000418386
1.22188e+09 -0.000428386
1.22188e+09 -0.000438386
1.22188e+09 -0.000448386
1.22188e+09 -0.000458386
1.22188e+09 -0.000468386
1.22188e+09 -0.000478386
1.22188e+09 -0.000488386
1.22188e+09 -0.000498386
1.22188e+09 -0.000508386
1.22188e+09 -0.000518386
1.22188e+09 -0.000528386
1.22188e+09 -0.000538386
1.22188e+09 -0.000548386
1.22188e+09 -0.000558386
1.22188e+09 -0.000568386
1.22188e+09 -0.000578386
1.22188e+09 -0.000588386
1.22188e+09 -0.000598386
1.22188e+09 -0.000608386
1.22188e+09 -0.000618386
1.22188e+09 -0.000628386
1.22188e+09 -0.000638386
1.22188e+09 -0.000648386
1.22188e+09 -0.000658386
1.22188e+09 -0.000668386
1.22188e+09 -0.000678386
1.22188e+09 -0.000688386
1.22188e+09 -0.000698386
1.22188e+09 -0.000708386
1.22188e+09 -0.000718386
1.22188e+09 -0.000728386
1.22188e+09 -0.000738386
1.22188e+09 -0.000748386
1.22188e+09 -0.000758386
1.22188e+09 -0.000768386
1.22188e+09 -0.000778386
1.22188e+09 -0.000788386
1.22188e+09 -0.000798386
1.22188e+09 -0.000808386
1.22188e+09 -0.000818386
1.22188e+09 -0.000828386
1.22188e+09 -0.000838386
1.22188e+09 -0.000848386
1.22188e+09 -0.000858386
1.22188e+09 -0.000868386
1.22188e+09 -0.000878386
1.22188e+09 -0.000888386
1.22188e+09 -0.000898386
1.22188e+09 -0.000908386
1.22188e+09 -0.000918386
1.22188e+09 -0.000928386
1.22188e+09 -0.000938386
1.22188e+09 -0.000948386
1.22188e+09 -0.000958386
1.22188e+09 -0.000968386
1.22188e+09 -0.000978386
1.22188e+09 -0.000988386
1.22188e+09 -0.000998386
1.22188e+09 -0.00100839
