0 -4.46431e-06
0 5.00166e-06
0 4.1036e-06
1.12321e+08 1.41036e-05
1.40905e+08 2.41036e-05
1.54923e+08 3.41036e-05
1.63834e+08 4.41036e-05
1.69833e+08 5.41036e-05
1.74179e+08 6.41036e-05
1.77419e+08 7.41036e-05
1.79718e+08 8.41036e-05
1.81304e+08 9.41036e-05
1.8237e+08 0.000104104
1.82976e+08 0.000114104
1.83191e+08 0.000124104
1.83059e+08 0.000134104
1.82584e+08 0.000144104
1.8177e+08 0.000154104
1.80627e+08 0.000164104
1.79145e+08 0.000174104
1.77316e+08 0.000184104
1.75137e+08 0.000194104
1.72551e+08 0.000204104
1.69549e+08 0.000214104
1.66068e+08 0.000224104
1.62055e+08 0.000234104
1.57427e+08 0.000244104
1.52062e+08 0.000254104
1.46486e+08 0.000264104
1.40892e+08 0.000274104
1.35291e+08 0.000284104
1.2972e+08 0.000294104
1.2404e+08 0.000304104
1.18221e+08 0.000314104
1.12406e+08 0.000324104
1.06442e+08 0.000334104
9.84264e+07 0.000344104
8.825e+07 0.000354104
7.452e+07 0.000364104
5.76969e+07 0.000374104
3.56223e+07 0.000384104
1.92801e+08 0.000394104
1.92801e+08 0.000404104
1.92801e+08 0.000414104
1.92801e+08 0.000424104
1.92801e+08 0.000434104
1.92801e+08 0.000444104
1.92801e+08 0.000454104
1.92801e+08 0.000464104
1.92801e+08 0.000474104
1.92801e+08 0.000484104
1.92801e+08 0.000494104
1.92801e+08 0.000504104
1.92801e+08 0.000514104
1.92801e+08 0.000524104
1.92801e+08 0.000534104
1.92801e+08 0.000544104
1.92801e+08 0.000554104
1.92801e+08 0.000564104
1.92801e+08 0.000574104
1.92801e+08 0.000584104
1.92801e+08 0.000594104
1.92801e+08 0.000604104
1.92801e+08 0.000614104
1.92801e+08 0.000624104
1.92801e+08 0.000634104
1.92801e+08 0.000644104
1.92801e+08 0.000654104
1.92801e+08 0.000664104
1.92801e+08 0.000674104
1.92801e+08 0.000684104
1.92801e+08 0.000694104
1.92801e+08 0.000704104
1.92801e+08 0.000714104
1.92801e+08 0.000724104
1.92801e+08 0.000734104
1.92801e+08 0.000744104
1.92801e+08 0.000754104
1.92801e+08 0.000764104
1.92801e+08 0.000774104
1.92801e+08 0.000784104
1.92801e+08 0.000794104
1.92801e+08 0.000804104
1.92801e+08 0.000814104
1.92801e+08 0.000824104
1.92801e+08 0.000834104
1.92801e+08 0.000844104
1.92801e+08 0.000854104
1.92801e+08 0.000864104
1.92801e+08 0.000874104
1.92801e+08 0.000884104
1.92801e+08 0.000894104
1.92801e+08 0.000904104
1.92801e+08 0.000914104
1.92801e+08 0.000924104
1.92801e+08 0.000934104
1.92801e+08 0.000944104
1.92801e+08 0.000954104
1.92801e+08 0.000964104
1.92801e+08 0.000974104
1.92801e+08 0.000984104
1.92801e+08 0.000994104
1.92801e+08 0.0010041
