0 -1.30888e-06
0 -2.4996e-05
0 5.12615e-05
-17.8109 4.12615e-05
-73.2372 3.12615e-05
-134.844 2.12614e-05
-196.45 1.12614e-05
-258.056 1.26144e-06
-319.662 -8.73857e-06
-381.269 -1.87386e-05
-442.875 -2.87385e-05
-504.481 -3.87386e-05
-566.088 -4.87386e-05
-627.694 -5.87386e-05
-689.3 -6.87386e-05
-750.907 -7.87385e-05
-812.513 -8.87385e-05
-874.119 -9.87385e-05
-935.726 -0.000108739
-997.332 -0.000118738
-1058.94 -0.000128738
-1120.54 -0.000138738
-1182.15 -0.000148738
-1243.76 -0.000158738
-1305.36 -0.000168738
-1366.97 -0.000178738
-1428.58 -0.000188739
-1490.18 -0.000198739
-1551.79 -0.000208739
-1613.4 -0.000218739
-1675 -0.000228739
-1736.61 -0.000238739
-1798.21 -0.000248739
-1859.82 -0.000258739
-1921.43 -0.000268739
-1983.03 -0.000278739
-2044.64 -0.000288739
-2106.25 -0.000298739
-2167.85 -0.000308739
-2229.46 -0.000318739
-2291.07 -0.000328739
-2352.67 -0.000338739
-2414.28 -0.000348739
-2475.88 -0.000358739
-2537.49 -0.000368739
-2599.1 -0.000378739
-2660.7 -0.000388739
-2722.31 -0.000398739
-2783.92 -0.000408739
-2845.52 -0.000418739
-2907.13 -0.000428739
-2968.74 -0.000438739
-3030.34 -0.000448739
-3091.95 -0.000458739
-3153.56 -0.000468739
-3215.16 -0.000478739
-3276.77 -0.000488739
-3338.37 -0.000498739
-3399.98 -0.000508739
-3461.59 -0.000518739
-3523.19 -0.000528739
-3584.8 -0.000538739
-3646.41 -0.000548739
-3708.01 -0.000558739
-3769.62 -0.000568739
-3831.23 -0.000578738
-3892.83 -0.000588738
-3954.44 -0.000598738
-4016.05 -0.000608738
-4077.65 -0.000618738
-4139.26 -0.000628738
-4200.87 -0.000638738
-4262.47 -0.000648738
-4324.08 -0.000658738
-4385.68 -0.000668738
-4447.29 -0.000678738
-4508.9 -0.000688738
-4570.5 -0.000698738
-4632.11 -0.000708738
-4693.72 -0.000718738
-4755.32 -0.000728738
-4816.93 -0.000738738
-4878.54 -0.000748738
-4940.14 -0.000758738
-5001.75 -0.000768738
-5063.36 -0.000778738
-5124.96 -0.000788738
-5186.57 -0.000798738
-5248.18 -0.000808738
-5309.78 -0.000818738
-5371.39 -0.000828738
-5433 -0.000838738
-5494.6 -0.000848738
-5556.21 -0.000858738
-5617.82 -0.000868738
-5679.42 -0.000878738
-5741.03 -0.000888738
-5802.64 -0.000898738
-5864.24 -0.000908738
-5925.85 -0.000918738
-5987.45 -0.000928738
-6049.06 -0.000938738
-6110.67 -0.000948738
