0 -2.79397e-08
0 -1.86122e+08
0 -1.73392e+08
70.5661 -1.997e+08
222.91 -1.91304e+08
1069.79 0
2008.18 0
2946.57 0
3884.95 0
4823.33 0
5761.71 0
6700.07 0
7638.44 0
8576.79 0
9515.15 0
10453.5 0
11391.8 0
12330.2 0
13268.5 0
14206.8 0
15145.1 0
16083.5 0
17021.8 0
17960.1 0
18898.4 0
19836.7 0
20775 0
21713.2 0
22651.5 0
23589.8 0
24528.1 0
25466.3 0
26404.6 0
27342.8 0
28281.1 0
29219.3 0
30157.6 0
31095.8 0
32034 0
32972.2 0
33910.5 0
34848.7 0
35786.9 0
36725.1 0
37663.3 0
38601.4 0
39539.6 0
40477.8 0
41416 0
42354.1 0
43292.3 0
44230.5 0
45168.6 0
46106.8 0
47044.9 0
47983 0
48921.2 0
49859.3 0
50797.4 0
51735.5 0
52673.6 0
53611.7 0
54549.8 0
55487.9 0
56426 0
57364.1 0
58302.2 0
59240.3 0
60178.3 0
61116.4 0
62054.5 0
62992.5 0
63930.6 0
64868.6 0
65806.6 0
66744.7 0
67682.7 0
68620.7 0
69558.7 0
70496.7 0
71434.7 0
72372.7 0
73310.7 0
74248.7 0
75186.7 0
76124.7 0
77062.6 0
78000.6 0
78938.6 0
79876.5 0
80814.5 0
81752.4 0
82690.4 0
83628.3 0
84566.2 0
85504.2 0
86442.1 0
87380 0
88317.9 0
89255.8 0
90193.7 0
91131.6 0
92069.5 0
