0 -9.03622e-07
0 8.80942e-06
0 4.94935e-06
1.22503e+08 1.49494e-05
1.55394e+08 2.49494e-05
1.72297e+08 3.49494e-05
1.81914e+08 4.49494e-05
1.86964e+08 5.49494e-05
1.89028e+08 6.49494e-05
1.90822e+08 7.49494e-05
1.90566e+08 8.49494e-05
1.89368e+08 9.49494e-05
1.8735e+08 0.000104949
1.84548e+08 0.000114949
1.80961e+08 0.000124949
1.76552e+08 0.000134949
1.71212e+08 0.000144949
1.64736e+08 0.000154949
1.56837e+08 0.000164949
1.46934e+08 0.000174949
1.32979e+08 0.000184949
9.73573e+07 0.000194949
4.21815e+07 0.000204949
-1.543e+07 0.000214949
-7.84086e+07 0.000224949
1.82283e+08 0.000234949
1.82283e+08 0.000244949
1.82283e+08 0.000254949
1.82283e+08 0.000264949
1.82283e+08 0.000274949
1.82283e+08 0.000284949
1.82283e+08 0.000294949
1.82283e+08 0.000304949
1.82283e+08 0.000314949
1.82283e+08 0.000324949
1.82283e+08 0.000334949
1.82283e+08 0.000344949
1.82283e+08 0.000354949
1.82283e+08 0.000364949
1.82283e+08 0.000374949
1.82283e+08 0.000384949
1.82283e+08 0.000394949
1.82283e+08 0.000404949
1.82283e+08 0.000414949
1.82283e+08 0.000424949
1.82283e+08 0.000434949
1.82283e+08 0.000444949
1.82283e+08 0.000454949
1.82283e+08 0.000464949
1.82283e+08 0.000474949
1.82283e+08 0.000484949
1.82283e+08 0.000494949
1.82283e+08 0.000504949
1.82283e+08 0.000514949
1.82283e+08 0.000524949
1.82283e+08 0.000534949
1.82283e+08 0.000544949
1.82283e+08 0.000554949
1.82283e+08 0.000564949
1.82283e+08 0.000574949
1.82283e+08 0.000584949
1.82283e+08 0.000594949
1.82283e+08 0.000604949
1.82283e+08 0.000614949
1.82283e+08 0.000624949
1.82283e+08 0.000634949
1.82283e+08 0.000644949
1.82283e+08 0.000654949
1.82283e+08 0.000664949
1.82283e+08 0.000674949
1.82283e+08 0.000684949
1.82283e+08 0.000694949
1.82283e+08 0.000704949
1.82283e+08 0.000714949
1.82283e+08 0.000724949
1.82283e+08 0.000734949
1.82283e+08 0.000744949
1.82283e+08 0.000754949
1.82283e+08 0.000764949
1.82283e+08 0.000774949
1.82283e+08 0.000784949
1.82283e+08 0.000794949
1.82283e+08 0.000804949
1.82283e+08 0.000814949
1.82283e+08 0.000824949
1.82283e+08 0.000834949
1.82283e+08 0.000844949
1.82283e+08 0.000854949
1.82283e+08 0.000864949
1.82283e+08 0.000874949
1.82283e+08 0.000884949
1.82283e+08 0.000894949
1.82283e+08 0.000904949
1.82283e+08 0.000914949
1.82283e+08 0.000924949
1.82283e+08 0.000934949
1.82283e+08 0.000944949
1.82283e+08 0.000954949
1.82283e+08 0.000964949
1.82283e+08 0.000974949
1.82283e+08 0.000984949
1.82283e+08 0.000994949
1.82283e+08 0.00100495
