0 -6.8685e-08
0 1.641e+08
0 1.4041e+08
-6.05308 0
-207.218 0
-408.384 0
-609.549 0
-810.714 0
-1011.88 0
-1213.05 0
-1414.21 0
-1615.38 0
-1816.54 0
-2017.71 0
-2218.87 0
-2420.04 0
-2621.21 0
-2822.37 0
-3023.54 0
-3224.7 0
-3425.87 0
-3627.04 0
-3828.2 0
-4029.37 0
-4230.54 0
-4431.7 0
-4632.87 0
-4834.04 0
-5035.2 0
-5236.37 0
-5437.54 0
-5638.7 0
-5839.87 0
-6041.04 0
-6242.21 0
-6443.37 0
-6644.54 0
-6845.71 0
-7046.88 0
-7248.04 0
-7449.21 0
-7650.38 0
-7851.55 0
-8052.71 0
-8253.88 0
-8455.05 0
-8656.22 0
-8857.39 0
-9058.55 0
-9259.72 0
-9460.89 0
-9662.06 0
-9863.23 0
-10064.4 0
-10265.6 0
-10466.7 0
-10667.9 0
-10869.1 0
-11070.2 0
-11271.4 0
-11472.6 0
-11673.7 0
-11874.9 0
-12076.1 0
-12277.3 0
-12478.4 0
-12679.6 0
-12880.8 0
-13081.9 0
-13283.1 0
-13484.3 0
-13685.4 0
-13886.6 0
-14087.8 0
-14289 0
-14490.1 0
-14691.3 0
-14892.5 0
-15093.6 0
-15294.8 0
-15496 0
-15697.1 0
-15898.3 0
-16099.5 0
-16300.7 0
-16501.8 0
-16703 0
-16904.2 0
-17105.3 0
-17306.5 0
-17507.7 0
-17708.9 0
-17910 0
-18111.2 0
-18312.4 0
-18513.5 0
-18714.7 0
-18915.9 0
-19117.1 0
-19318.2 0
-19519.4 0
-19720.6 0
-19921.7 0
