0 -4.32257e-06
0 1.95112e-05
0 1.23714e-05
1.1706e+08 2.23714e-05
1.40989e+08 3.23714e-05
1.27669e+08 4.23714e-05
9.49341e+07 5.23714e-05
4.24705e+07 6.23714e-05
-4.21608e+07 7.23714e-05
7.36467e+08 8.23714e-05
7.36467e+08 9.23714e-05
7.36467e+08 0.000102371
7.36467e+08 0.000112371
7.36467e+08 0.000122371
7.36467e+08 0.000132371
7.36467e+08 0.000142371
7.36467e+08 0.000152371
7.36467e+08 0.000162371
7.36467e+08 0.000172371
7.36467e+08 0.000182371
7.36467e+08 0.000192371
7.36467e+08 0.000202371
7.36467e+08 0.000212371
7.36467e+08 0.000222371
7.36467e+08 0.000232371
7.36467e+08 0.000242371
7.36467e+08 0.000252371
7.36467e+08 0.000262371
7.36467e+08 0.000272371
7.36467e+08 0.000282371
7.36467e+08 0.000292371
7.36467e+08 0.000302371
7.36467e+08 0.000312371
7.36467e+08 0.000322371
7.36467e+08 0.000332371
7.36467e+08 0.000342371
7.36467e+08 0.000352371
7.36467e+08 0.000362371
7.36467e+08 0.000372371
7.36467e+08 0.000382371
7.36467e+08 0.000392371
7.36467e+08 0.000402371
7.36467e+08 0.000412371
7.36467e+08 0.000422371
7.36467e+08 0.000432371
7.36467e+08 0.000442371
7.36467e+08 0.000452371
7.36467e+08 0.000462371
7.36467e+08 0.000472371
7.36467e+08 0.000482371
7.36467e+08 0.000492371
7.36467e+08 0.000502371
7.36467e+08 0.000512371
7.36467e+08 0.000522371
7.36467e+08 0.000532371
7.36467e+08 0.000542371
7.36467e+08 0.000552371
7.36467e+08 0.000562371
7.36467e+08 0.000572371
7.36467e+08 0.000582371
7.36467e+08 0.000592371
7.36467e+08 0.000602371
7.36467e+08 0.000612371
7.36467e+08 0.000622371
7.36467e+08 0.000632371
7.36467e+08 0.000642371
7.36467e+08 0.000652371
7.36467e+08 0.000662371
7.36467e+08 0.000672371
7.36467e+08 0.000682371
7.36467e+08 0.000692371
7.36467e+08 0.000702371
7.36467e+08 0.000712371
7.36467e+08 0.000722371
7.36467e+08 0.000732371
7.36467e+08 0.000742371
7.36467e+08 0.000752371
7.36467e+08 0.000762371
7.36467e+08 0.000772371
7.36467e+08 0.000782371
7.36467e+08 0.000792371
7.36467e+08 0.000802371
7.36467e+08 0.000812371
7.36467e+08 0.000822371
7.36467e+08 0.000832371
7.36467e+08 0.000842371
7.36467e+08 0.000852371
7.36467e+08 0.000862371
7.36467e+08 0.000872371
7.36467e+08 0.000882371
7.36467e+08 0.000892371
7.36467e+08 0.000902371
7.36467e+08 0.000912371
7.36467e+08 0.000922371
7.36467e+08 0.000932371
7.36467e+08 0.000942371
7.36467e+08 0.000952371
7.36467e+08 0.000962371
7.36467e+08 0.000972371
7.36467e+08 0.000982371
7.36467e+08 0.000992371
7.36467e+08 0.00100237
7.36467e+08 0.00101237
