0 -1.68104e-06
0 -1.13377e+08
0 -1.13377e+08
9.78704e+06 -1.23164e+08
1.46004e+07 -1.27977e+08
1.85813e+07 -1.31958e+08
2.24982e+07 -1.35875e+08
2.63401e+07 -1.39717e+08
3.00879e+07 -1.43464e+08
3.36405e+07 -1.47017e+08
3.66987e+07 -1.50075e+08
3.88651e+07 -1.52242e+08
4.02435e+07 -1.5362e+08
4.23102e+07 -1.55687e+08
4.35361e+07 -1.56913e+08
4.46062e+07 -1.57983e+08
4.55535e+07 -1.5893e+08
4.64035e+07 -1.5978e+08
4.71483e+07 -1.60525e+08
4.78103e+07 -1.61187e+08
4.83943e+07 -1.61771e+08
4.89092e+07 -1.62286e+08
4.93736e+07 -1.6275e+08
4.9791e+07 -1.63167e+08
5.01631e+07 -1.6354e+08
5.04977e+07 -1.63874e+08
5.07959e+07 -1.64172e+08
5.10671e+07 -1.64444e+08
5.13141e+07 -1.64691e+08
5.15346e+07 -1.64911e+08
5.17268e+07 -1.65103e+08
5.18928e+07 -1.65269e+08
5.20412e+07 -1.65418e+08
5.21743e+07 -1.65551e+08
5.22912e+07 -1.65668e+08
5.23896e+07 -1.65766e+08
5.24678e+07 -1.65844e+08
5.25244e+07 -1.65901e+08
5.25636e+07 -1.6594e+08
5.259e+07 -1.65967e+08
5.2605e+07 -1.65982e+08
5.26068e+07 -1.65983e+08
5.25924e+07 -1.65969e+08
5.25561e+07 -1.65933e+08
5.25038e+07 -1.6588e+08
5.24357e+07 -1.65812e+08
5.23427e+07 -1.65719e+08
5.22257e+07 -1.65602e+08
5.20875e+07 -1.65464e+08
5.19179e+07 -1.65294e+08
5.17235e+07 -1.651e+08
5.14974e+07 -1.64874e+08
5.12065e+07 -1.64583e+08
5.08566e+07 -1.64233e+08
5.04372e+07 -1.63814e+08
4.99355e+07 -1.63312e+08
4.92886e+07 -1.62665e+08
4.84801e+07 -1.61857e+08
4.77379e+07 -1.61114e+08
4.68288e+07 -1.60205e+08
4.58781e+07 -1.59255e+08
4.48486e+07 -1.58225e+08
4.38807e+07 -1.57257e+08
4.25882e+07 -1.55965e+08
4.14628e+07 -1.54839e+08
4.02659e+07 -1.53642e+08
3.87891e+07 -1.52166e+08
3.74407e+07 -1.50817e+08
3.63221e+07 -1.49699e+08
3.51423e+07 -1.48519e+08
3.38994e+07 -1.47276e+08
3.29261e+07 -1.46303e+08
3.21508e+07 -1.45527e+08
-5.02322e+07 -6.31443e+07
-5.06888e+07 -6.26877e+07
-5.11537e+07 -6.22228e+07
-5.19331e+07 -6.14434e+07
-5.28098e+07 -6.05667e+07
-5.35147e+07 -5.98618e+07
-5.40715e+07 -5.9305e+07
-5.47442e+07 -5.86323e+07
-5.59152e+07 -5.74613e+07
-5.66189e+07 -5.67576e+07
-5.70893e+07 -5.62872e+07
-5.76273e+07 -5.57492e+07
-5.83248e+07 -5.50517e+07
-5.92394e+07 -5.41371e+07
-5.98922e+07 -5.34843e+07
-6.04013e+07 -5.29752e+07
-6.07857e+07 -5.25908e+07
-6.12545e+07 -5.2122e+07
-6.19803e+07 -5.13962e+07
-6.26543e+07 -5.07222e+07
-6.32203e+07 -5.01379e+07
-6.36009e+07 -4.97756e+07
-6.39403e+07 -4.94362e+07
-6.42418e+07 -4.91347e+07
-6.47208e+07 -4.86557e+07
-6.54919e+07 -4.78846e+07
-6.5981e+07 -4.72853e+07
-6.62867e+07 -4.70849e+07
-6.65244e+07 -4.68521e+07
-6.68034e+07 -4.658e+07
