0 -3.18611e-06
0 -3.42261e-06
0 -2.19606e-06
-1.5863e+08 1.5863e+08
-2.70254e+08 2.70254e+08
-3.02321e+08 3.02321e+08
-2.91298e+08 2.91298e+08
-2.61698e+08 2.61698e+08
-2.16258e+08 2.16258e+08
-1.50924e+08 1.50924e+08
-2.76065e+07 2.76065e+07
7.38165e+08 0
8.14648e+08 0
8.14648e+08 0
8.14648e+08 0
8.14648e+08 0
8.14648e+08 0
8.14648e+08 0
8.14648e+08 0
8.14648e+08 0
8.14648e+08 0
8.14648e+08 0
8.14648e+08 0
8.14648e+08 0
8.14648e+08 0
8.14648e+08 0
8.14648e+08 0
8.14648e+08 0
8.14648e+08 0
8.14648e+08 0
8.14648e+08 0
8.14648e+08 0
8.14648e+08 0
8.14648e+08 0
8.14648e+08 0
8.14648e+08 0
8.14648e+08 0
8.14648e+08 0
8.14648e+08 0
8.14648e+08 0
8.14648e+08 0
8.14648e+08 0
8.14648e+08 0
8.14648e+08 0
8.14648e+08 0
8.14648e+08 0
8.14648e+08 0
8.14648e+08 0
8.14648e+08 0
8.14648e+08 0
8.14648e+08 0
8.14648e+08 0
8.14648e+08 0
8.14648e+08 0
8.14648e+08 0
8.14648e+08 0
8.14648e+08 0
8.14648e+08 0
8.14648e+08 0
8.14648e+08 0
8.14648e+08 0
8.14648e+08 0
8.14648e+08 0
8.14648e+08 0
8.14648e+08 0
8.14648e+08 0
8.14648e+08 0
8.14648e+08 0
8.14648e+08 0
8.14648e+08 0
8.14648e+08 0
8.14648e+08 0
8.14648e+08 0
8.14648e+08 0
8.14648e+08 0
8.14648e+08 0
8.14648e+08 0
8.14648e+08 0
8.14648e+08 0
8.14648e+08 0
8.14648e+08 0
8.14648e+08 0
8.14648e+08 0
8.14648e+08 0
8.14648e+08 0
8.14648e+08 0
8.14648e+08 0
8.14648e+08 0
8.14648e+08 0
8.14648e+08 0
8.14648e+08 0
8.14648e+08 0
8.14648e+08 0
8.14648e+08 0
8.14648e+08 0
8.14648e+08 0
8.14648e+08 0
8.14648e+08 0
8.14648e+08 0
8.14648e+08 0
8.14648e+08 0
8.14648e+08 0
8.14648e+08 0
