0 -2.24036e-06
0 -2.49264e-05
0 -200925
-15 -200925
-30 -200925
-45 -200925
-60 -200925
-75 -200925
-90 -200925
-105 -200925
-120 -200925
-135 -200925
-150 -200925
-165 -200925
-180 -200925
-195 -200925
-210 -200925
-225 -200925
-240 -200925
-255 -200925
-270 -200925
-285 -200925
-300 -200925
-315 -200925
-330 -200925
-345 -200925
-360 -200925
-375 -200925
-390 -200925
-405 -200925
-420 -200925
-435 -200925
-450 -200925
-465 -200925
-480 -200925
-495 -200925
-510 -200925
-525.001 -200925
-540.001 -200925
-555.001 -200925
-570.001 -200925
-585.001 -200925
-600.001 -200925
-615.001 -200925
-630.001 -200925
-645.001 -200925
-660.001 -200925
-675.001 -200925
-690.001 -200925
-705.001 -200925
-720.001 -200925
-735.001 -200925
-750.001 -200925
-765.001 -200925
-780.001 -200925
-795.001 -200925
-810.001 -200925
-825.001 -200925
-840.001 -200925
-855.001 -200925
-870.001 -200925
-885.001 -200925
-900.001 -200925
-915.002 -200925
-930.002 -200925
-945.002 -200925
-960.002 -200925
-975.002 -200925
-990.002 -200925
-1005 -200925
-1020 -200925
-1035 -200925
-1050 -200925
-1065 -200925
-1080 -200925
-1095 -200925
-1110 -200925
-1125 -200925
-1140 -200925
-1155 -200925
-1170 -200925
-1185 -200925
-1200 -200925
-1215 -200925
-1230 -200925
-1245 -200925
-1260 -200925
-1275 -200925
-1290 -200925
-1305 -200925
-1320 -200925
-1335 -200925
-1350 -200925
-1365 -200925
-1380 -200925
-1395 -200925
-1410 -200925
-1425 -200925
-1440 -200925
-1455 -200925
-1470 -200925
-1485 -200925
-1500 -200925
