0 -2.89348e-06
0 -1.11015e-05
0 -10180.4
-15 -10180.4
-30 -10180.4
-45 -10180.4
-60.0001 -10180.4
-75.0001 -10180.4
-90.0002 -10180.4
-105 -10180.4
-120 -10180.4
-135 -10180.4
-150.001 -10180.4
-165.001 -10180.4
-180.001 -10180.4
-195.001 -10180.4
-210.001 -10180.4
-225.001 -10180.4
-240.001 -10180.4
-255.001 -10180.4
-270.002 -10180.4
-285.002 -10180.4
-300.002 -10180.4
-315.002 -10180.4
-330.002 -10180.4
-345.003 -10180.4
-360.003 -10180.4
-375.003 -10180.4
-390.003 -10180.4
-405.004 -10180.4
-420.004 -10180.4
-435.004 -10180.4
-450.005 -10180.4
-465.005 -10180.4
-480.005 -10180.4
-495.006 -10180.4
-510.006 -10180.4
-525.006 -10180.4
-540.007 -10180.4
-555.007 -10180.4
-570.007 -10180.4
-585.008 -10180.4
-600.008 -10180.4
-615.009 -10180.4
-630.009 -10180.4
-645.009 -10180.4
-660.01 -10180.4
-675.01 -10180.4
-690.011 -10180.4
-705.011 -10180.4
-720.012 -10180.4
-735.012 -10180.4
-750.013 -10180.4
-765.013 -10180.4
-780.014 -10180.4
-795.014 -10180.4
-810.015 -10180.4
-825.015 -10180.4
-840.016 -10180.4
-855.017 -10180.4
-870.017 -10180.4
-885.018 -10180.4
-900.018 -10180.4
-915.019 -10180.4
-930.02 -10180.4
-945.02 -10180.4
-960.021 -10180.4
-975.021 -10180.4
-990.022 -10180.4
-1005.02 -10180.4
-1020.02 -10180.4
-1035.02 -10180.4
-1050.02 -10180.4
-1065.03 -10180.4
-1080.03 -10180.4
-1095.03 -10180.4
-1110.03 -10180.4
-1125.03 -10180.4
-1140.03 -10180.4
-1155.03 -10180.4
-1170.03 -10180.4
-1185.03 -10180.4
-1200.03 -10180.4
-1215.03 -10180.4
-1230.03 -10180.4
-1245.04 -10180.4
-1260.04 -10180.4
-1275.04 -10180.4
-1290.04 -10180.4
-1305.04 -10180.4
-1320.04 -10180.4
-1335.04 -10180.4
-1350.04 -10180.4
-1365.04 -10180.4
-1380.04 -10180.4
-1395.04 -10180.4
-1410.04 -10180.4
-1425.05 -10180.4
-1440.05 -10180.4
-1455.05 -10180.4
-1470.05 -10180.4
-1485.05 -10180.4
-1500.05 -10180.4
