0 -2.24036e-06
0 2.97488e-05
0 -263138
-15 -263138
-30 -263138
-45 -263138
-60 -263138
-75 -263138
-90 -263138
-105 -263138
-120 -263138
-135 -263138
-150 -263138
-165 -263138
-180 -263138
-195 -263138
-210 -263138
-225 -263138
-240 -263138
-255 -263138
-270 -263138
-285 -263138
-300 -263138
-315 -263138
-330 -263138
-345 -263138
-360 -263138
-375 -263138
-390 -263138
-405 -263138
-420 -263138
-435 -263138
-450 -263138
-465 -263138
-480 -263138
-495 -263138
-510 -263138
-525 -263138
-540 -263138
-555 -263138
-570 -263138
-585 -263138
-600 -263138
-615 -263138
-630 -263138
-645 -263138
-660 -263138
-675.001 -263138
-690.001 -263138
-705.001 -263138
-720.001 -263138
-735.001 -263138
-750.001 -263138
-765.001 -263138
-780.001 -263138
-795.001 -263138
-810.001 -263138
-825.001 -263138
-840.001 -263138
-855.001 -263138
-870.001 -263138
-885.001 -263138
-900.001 -263138
-915.001 -263138
-930.001 -263138
-945.001 -263138
-960.001 -263138
-975.001 -263138
-990.001 -263138
-1005 -263138
-1020 -263138
-1035 -263138
-1050 -263138
-1065 -263138
-1080 -263138
-1095 -263138
-1110 -263138
-1125 -263138
-1140 -263138
-1155 -263138
-1170 -263138
-1185 -263138
-1200 -263138
-1215 -263138
-1230 -263138
-1245 -263138
-1260 -263138
-1275 -263138
-1290 -263138
-1305 -263138
-1320 -263138
-1335 -263138
-1350 -263138
-1365 -263138
-1380 -263138
-1395 -263138
-1410 -263138
-1425 -263138
-1440 -263138
-1455 -263138
-1470 -263138
-1485 -263138
-1500 -263138
