0 -5.84405e-08
0 1.11031e+08
0 1.11031e+08
-8.36058e+07 1.94637e+08
-1.10419e+08 2.21451e+08
-1.30852e+08 2.41883e+08
-1.47386e+08 2.58417e+08
-1.56835e+08 2.67867e+08
-1.64512e+08 2.75543e+08
-1.69174e+08 2.80205e+08
-1.72375e+08 2.83406e+08
-1.7455e+08 2.85581e+08
-1.75924e+08 2.86956e+08
-1.76727e+08 2.87759e+08
-1.7703e+08 2.88062e+08
-1.76923e+08 2.87954e+08
-1.76445e+08 2.87477e+08
-1.75621e+08 2.86652e+08
-1.74461e+08 2.85493e+08
-1.72952e+08 2.83984e+08
-1.71089e+08 2.82121e+08
-1.68795e+08 2.79827e+08
-1.65973e+08 2.77005e+08
-1.62505e+08 2.73537e+08
-1.58098e+08 2.69129e+08
-1.52214e+08 2.63246e+08
-1.437e+08 2.54731e+08
-1.32931e+08 2.43962e+08
-1.20927e+08 2.31959e+08
-1.07285e+08 2.18317e+08
-9.17122e+07 2.02744e+08
-7.39678e+07 1.84999e+08
-5.67115e+07 1.67743e+08
-4.11416e+07 1.52173e+08
-2.71257e+07 1.38157e+08
-1.4204e+07 1.25235e+08
-2.61338e+06 1.13645e+08
8.39846e+06 1.02633e+08
1.86113e+07 9.24202e+07
2.84048e+07 8.26267e+07
3.80319e+07 7.29996e+07
4.7624e+07 6.34075e+07
5.70157e+07 5.40158e+07
6.72523e+07 4.37792e+07
7.83897e+07 3.26418e+07
8.96576e+07 2.13739e+07
1.01307e+08 9.72431e+06
1.13229e+08 -2.19724e+06
1.2433e+08 -1.32985e+07
1.34738e+08 -2.37069e+07
1.44957e+08 -3.39258e+07
1.55474e+08 -4.44429e+07
1.63722e+08 -5.26907e+07
1.72969e+08 -6.19376e+07
1.81165e+08 -7.01335e+07
1.89588e+08 -7.85568e+07
2.3408e+08 -1.23048e+08
2.41659e+08 -1.30627e+08
2.4972e+08 -1.38231e+08
2.92064e+08 0
2.92064e+08 0
2.92064e+08 0
2.92064e+08 0
2.92064e+08 0
2.92064e+08 0
2.92064e+08 0
2.92064e+08 0
2.92064e+08 0
2.92064e+08 0
2.92064e+08 0
2.92064e+08 0
2.92064e+08 0
2.92064e+08 0
2.92064e+08 0
2.92064e+08 0
2.92064e+08 0
2.92064e+08 0
2.92064e+08 0
2.92064e+08 0
2.92064e+08 0
2.92064e+08 0
2.92064e+08 0
2.92064e+08 0
2.92064e+08 0
2.92064e+08 0
2.92064e+08 0
2.92064e+08 0
2.92064e+08 0
2.92064e+08 0
2.92064e+08 0
2.92064e+08 0
2.92064e+08 0
2.92064e+08 0
2.92064e+08 0
2.92064e+08 0
2.92064e+08 0
2.92064e+08 0
2.92064e+08 0
2.92064e+08 0
2.92064e+08 0
2.92064e+08 0
2.92064e+08 0
2.92064e+08 0
