0 2.83273e-06
0 4.86616e-08
0 -1.90921e-06
1.71532e+08 -1.71532e+08
2.97719e+08 -2.97719e+08
3.37055e+08 -3.37055e+08
3.43714e+08 -3.43714e+08
3.40608e+08 -3.40608e+08
3.3251e+08 -3.3251e+08
3.18615e+08 -3.18615e+08
2.98078e+08 -2.98078e+08
2.67661e+08 -2.67661e+08
2.16028e+08 -2.16028e+08
-1.21294e+08 1.15673e+08
4.94411e+08 0
4.94411e+08 0
4.94411e+08 0
4.94411e+08 0
4.94411e+08 0
4.94411e+08 0
4.94411e+08 0
4.94411e+08 0
4.94411e+08 0
4.94411e+08 0
4.94411e+08 0
4.94411e+08 0
4.94411e+08 0
4.94411e+08 0
4.94411e+08 0
4.94411e+08 0
4.94411e+08 0
4.94411e+08 0
4.94411e+08 0
4.94411e+08 0
4.94411e+08 0
4.94411e+08 0
4.94411e+08 0
4.94411e+08 0
4.94411e+08 0
4.94411e+08 0
4.94411e+08 0
4.94411e+08 0
4.94411e+08 0
4.94411e+08 0
4.94411e+08 0
4.94411e+08 0
4.94411e+08 0
4.94411e+08 0
4.94411e+08 0
4.94411e+08 0
4.94411e+08 0
4.94411e+08 0
4.94411e+08 0
4.94411e+08 0
4.94411e+08 0
4.94411e+08 0
4.94411e+08 0
4.94411e+08 0
4.94411e+08 0
4.94411e+08 0
4.94411e+08 0
4.94411e+08 0
4.94411e+08 0
4.94411e+08 0
4.94411e+08 0
4.94411e+08 0
4.94411e+08 0
4.94411e+08 0
4.94411e+08 0
4.94411e+08 0
4.94411e+08 0
4.94411e+08 0
4.94411e+08 0
4.94411e+08 0
4.94411e+08 0
4.94411e+08 0
4.94411e+08 0
4.94411e+08 0
4.94411e+08 0
4.94411e+08 0
4.94411e+08 0
4.94411e+08 0
4.94411e+08 0
4.94411e+08 0
4.94411e+08 0
4.94411e+08 0
4.94411e+08 0
4.94411e+08 0
4.94411e+08 0
4.94411e+08 0
4.94411e+08 0
4.94411e+08 0
4.94411e+08 0
4.94411e+08 0
4.94411e+08 0
4.94411e+08 0
4.94411e+08 0
4.94411e+08 0
4.94411e+08 0
4.94411e+08 0
4.94411e+08 0
4.94411e+08 0
4.94411e+08 0
