0 -7.67495e-08
0 -4.97715e-06
0 4.12388e-05
-37.3383 3.12388e-05
162.614 2.12388e-05
110.237 1.12388e-05
-889.283 1.23883e-06
-1888.8 -8.76116e-06
-2888.33 -1.87612e-05
-3887.85 -2.87611e-05
-4887.37 -3.87611e-05
-5886.9 -4.87611e-05
-6886.42 -5.87611e-05
-7885.95 -6.87611e-05
-8885.47 -7.87611e-05
-9885 -8.87611e-05
-10884.5 -9.87611e-05
-11884.1 -0.000108761
-12883.6 -0.000118761
-13883.1 -0.000128761
-14882.7 -0.000138761
-15882.2 -0.000148761
-16881.7 -0.000158761
-17881.3 -0.000168761
-18880.8 -0.000178761
-19880.3 -0.000188761
-20879.9 -0.000198761
-21879.4 -0.000208761
-22878.9 -0.000218761
-23878.5 -0.000228761
-24878 -0.000238761
-25877.6 -0.000248761
-26877.1 -0.000258761
-27876.7 -0.000268761
-28876.2 -0.000278761
-29875.7 -0.000288761
-30875.3 -0.000298761
-31874.8 -0.000308761
-32874.4 -0.000318761
-33873.9 -0.000328761
-34873.5 -0.000338761
-35873 -0.000348761
-36872.6 -0.000358761
-37872.1 -0.000368761
-38871.7 -0.000378761
-39871.3 -0.000388761
-40870.8 -0.000398761
-41870.4 -0.000408761
-42869.9 -0.000418761
-43869.5 -0.000428761
-44869 -0.000438761
-45868.6 -0.000448761
-46868.2 -0.000458761
-47867.7 -0.000468761
-48867.3 -0.000478761
-49866.8 -0.000488761
-50866.4 -0.000498761
-51866 -0.000508761
-52865.5 -0.000518761
-53865.1 -0.000528761
-54864.7 -0.000538761
-55864.2 -0.000548761
-56863.8 -0.000558761
-57863.4 -0.000568761
-58863 -0.000578761
-59862.5 -0.000588761
-60862.1 -0.000598761
-61861.7 -0.000608761
-62861.2 -0.000618761
-63860.8 -0.000628761
-64860.4 -0.000638761
-65860 -0.000648761
-66859.6 -0.000658761
-67859.1 -0.000668761
-68858.7 -0.000678761
-69858.3 -0.000688761
-70857.9 -0.000698761
-71857.5 -0.000708761
-72857 -0.000718761
-73856.6 -0.000728761
-74856.2 -0.000738761
-75855.8 -0.000748761
-76855.4 -0.000758761
-77855 -0.000768761
-78854.6 -0.000778761
-79854.2 -0.000788761
-80853.7 -0.000798761
-81853.3 -0.000808761
-82852.9 -0.000818761
-83852.5 -0.000828761
-84852.1 -0.000838761
-85851.7 -0.000848761
-86851.3 -0.000858761
-87850.9 -0.000868761
-88850.5 -0.000878761
-89850.1 -0.000888761
-90849.7 -0.000898761
-91849.3 -0.000908761
-92848.9 -0.000918761
-93848.5 -0.000928761
-94848.1 -0.000938761
-95847.7 -0.000948761
-96847.3 -0.000958761
