0 7.45058e-08
0 -8.4063e+07
0 -8.4063e+07
7.08807e+07 -1.54944e+08
7.84468e+07 -1.6251e+08
2.56501e+07 -1.09713e+08
-4.57884e+07 -5.27304e+07
1.09265e+09 0
1.09265e+09 0
1.09265e+09 0
1.09265e+09 0
1.09265e+09 0
1.09265e+09 0
1.09265e+09 0
1.09265e+09 0
1.09265e+09 0
1.09265e+09 0
1.09265e+09 0
1.09265e+09 0
1.09265e+09 0
1.09265e+09 0
1.09265e+09 0
1.09265e+09 0
1.09265e+09 0
1.09265e+09 0
1.09265e+09 0
1.09265e+09 0
1.09265e+09 0
1.09265e+09 0
1.09265e+09 0
1.09265e+09 0
1.09265e+09 0
1.09265e+09 0
1.09265e+09 0
1.09265e+09 0
1.09265e+09 0
1.09265e+09 0
1.09265e+09 0
1.09265e+09 0
1.09265e+09 0
1.09265e+09 0
1.09265e+09 0
1.09265e+09 0
1.09265e+09 0
1.09265e+09 0
1.09265e+09 0
1.09265e+09 0
1.09265e+09 0
1.09265e+09 0
1.09265e+09 0
1.09265e+09 0
1.09265e+09 0
1.09265e+09 0
1.09265e+09 0
1.09265e+09 0
1.09265e+09 0
1.09265e+09 0
1.09265e+09 0
1.09265e+09 0
1.09265e+09 0
1.09265e+09 0
1.09265e+09 0
1.09265e+09 0
1.09265e+09 0
1.09265e+09 0
1.09265e+09 0
1.09265e+09 0
1.09265e+09 0
1.09265e+09 0
1.09265e+09 0
1.09265e+09 0
1.09265e+09 0
1.09265e+09 0
1.09265e+09 0
1.09265e+09 0
1.09265e+09 0
1.09265e+09 0
1.09265e+09 0
1.09265e+09 0
1.09265e+09 0
1.09265e+09 0
1.09265e+09 0
1.09265e+09 0
1.09265e+09 0
1.09265e+09 0
1.09265e+09 0
1.09265e+09 0
1.09265e+09 0
1.09265e+09 0
1.09265e+09 0
1.09265e+09 0
1.09265e+09 0
1.09265e+09 0
1.09265e+09 0
1.09265e+09 0
1.09265e+09 0
1.09265e+09 0
1.09265e+09 0
1.09265e+09 0
1.09265e+09 0
1.09265e+09 0
1.09265e+09 0
1.09265e+09 0
