0 -1.94032e-07
0 -5.05554e-06
0 -4.2536e-06
-1.66455e+08 -1.42536e-05
-2.47636e+08 -2.42536e-05
-2.43321e+08 -3.42536e-05
-2.11062e+08 -4.42536e-05
-1.56787e+08 -5.42536e-05
-6.84737e+07 -6.42536e-05
6.83941e+08 -7.42536e-05
6.83941e+08 -8.42536e-05
6.83941e+08 -9.42536e-05
6.83941e+08 -0.000104254
6.83941e+08 -0.000114254
6.83941e+08 -0.000124254
6.83941e+08 -0.000134254
6.83941e+08 -0.000144254
6.83941e+08 -0.000154254
6.83941e+08 -0.000164254
6.83941e+08 -0.000174254
6.83941e+08 -0.000184254
6.83941e+08 -0.000194254
6.83941e+08 -0.000204254
6.83941e+08 -0.000214254
6.83941e+08 -0.000224254
6.83941e+08 -0.000234254
6.83941e+08 -0.000244254
6.83941e+08 -0.000254254
6.83941e+08 -0.000264254
6.83941e+08 -0.000274254
6.83941e+08 -0.000284254
6.83941e+08 -0.000294254
6.83941e+08 -0.000304254
6.83941e+08 -0.000314254
6.83941e+08 -0.000324254
6.83941e+08 -0.000334254
6.83941e+08 -0.000344254
6.83941e+08 -0.000354254
6.83941e+08 -0.000364254
6.83941e+08 -0.000374254
6.83941e+08 -0.000384254
6.83941e+08 -0.000394254
6.83941e+08 -0.000404254
6.83941e+08 -0.000414254
6.83941e+08 -0.000424254
6.83941e+08 -0.000434254
6.83941e+08 -0.000444254
6.83941e+08 -0.000454254
6.83941e+08 -0.000464254
6.83941e+08 -0.000474254
6.83941e+08 -0.000484254
6.83941e+08 -0.000494254
6.83941e+08 -0.000504254
6.83941e+08 -0.000514254
6.83941e+08 -0.000524254
6.83941e+08 -0.000534254
6.83941e+08 -0.000544254
6.83941e+08 -0.000554254
6.83941e+08 -0.000564254
6.83941e+08 -0.000574254
6.83941e+08 -0.000584254
6.83941e+08 -0.000594254
6.83941e+08 -0.000604254
6.83941e+08 -0.000614254
6.83941e+08 -0.000624254
6.83941e+08 -0.000634254
6.83941e+08 -0.000644254
6.83941e+08 -0.000654254
6.83941e+08 -0.000664254
6.83941e+08 -0.000674254
6.83941e+08 -0.000684254
6.83941e+08 -0.000694254
6.83941e+08 -0.000704254
6.83941e+08 -0.000714254
6.83941e+08 -0.000724254
6.83941e+08 -0.000734254
6.83941e+08 -0.000744254
6.83941e+08 -0.000754254
6.83941e+08 -0.000764254
6.83941e+08 -0.000774254
6.83941e+08 -0.000784254
6.83941e+08 -0.000794254
6.83941e+08 -0.000804254
6.83941e+08 -0.000814254
6.83941e+08 -0.000824254
6.83941e+08 -0.000834254
6.83941e+08 -0.000844254
6.83941e+08 -0.000854254
6.83941e+08 -0.000864254
6.83941e+08 -0.000874254
6.83941e+08 -0.000884254
6.83941e+08 -0.000894254
6.83941e+08 -0.000904254
6.83941e+08 -0.000914254
6.83941e+08 -0.000924254
6.83941e+08 -0.000934254
6.83941e+08 -0.000944254
6.83941e+08 -0.000954254
6.83941e+08 -0.000964254
6.83941e+08 -0.000974254
6.83941e+08 -0.000984254
6.83941e+08 -0.000994254
6.83941e+08 -0.00100425
