0 -1.71037e-06
0 1.40788e+08
0 1.40788e+08
-5.28988e+07 1.93687e+08
-7.50203e+07 2.15808e+08
-9.43465e+07 2.35134e+08
-1.09066e+08 2.49853e+08
-1.17269e+08 2.58057e+08
-1.22724e+08 2.63511e+08
-1.26054e+08 2.66842e+08
-1.28251e+08 2.69039e+08
-1.29572e+08 2.7036e+08
-1.30206e+08 2.70994e+08
-1.3024e+08 2.71028e+08
-1.29737e+08 2.70524e+08
-1.28707e+08 2.69494e+08
-1.27154e+08 2.67942e+08
-1.25053e+08 2.65841e+08
-1.22307e+08 2.63095e+08
-1.18753e+08 2.59541e+08
-1.14156e+08 2.54943e+08
-1.07999e+08 2.48787e+08
-9.90029e+07 2.39791e+08
-8.48798e+07 2.25668e+08
-6.43907e+07 2.05178e+08
-4.44205e+07 1.85208e+08
-2.75805e+07 1.68368e+08
-1.07729e+07 1.51561e+08
4.6242e+06 1.36164e+08
1.85157e+07 1.22272e+08
3.09851e+07 1.09803e+08
4.24188e+07 9.8369e+07
5.27689e+07 8.80189e+07
6.24617e+07 7.8326e+07
7.17023e+07 6.90854e+07
8.05193e+07 6.02685e+07
8.92743e+07 5.15135e+07
9.84168e+07 4.2371e+07
1.49012e+08 -8.22397e+06
1.60781e+08 -1.99937e+07
1.72993e+08 -3.22049e+07
1.84309e+08 -4.35209e+07
1.95109e+08 -5.43216e+07
2.04849e+08 -6.40612e+07
2.14093e+08 -7.33055e+07
2.22759e+08 -8.19716e+07
2.31262e+08 -9.04745e+07
2.3951e+08 -9.87227e+07
2.82048e+08 0
2.82048e+08 0
2.82048e+08 0
2.82048e+08 0
2.82048e+08 0
2.82048e+08 0
2.82048e+08 0
2.82048e+08 0
2.82048e+08 0
2.82048e+08 0
2.82048e+08 0
2.82048e+08 0
2.82048e+08 0
2.82048e+08 0
2.82048e+08 0
2.82048e+08 0
2.82048e+08 0
2.82048e+08 0
2.82048e+08 0
2.82048e+08 0
2.82048e+08 0
2.82048e+08 0
2.82048e+08 0
2.82048e+08 0
2.82048e+08 0
2.82048e+08 0
2.82048e+08 0
2.82048e+08 0
2.82048e+08 0
2.82048e+08 0
2.82048e+08 0
2.82048e+08 0
2.82048e+08 0
2.82048e+08 0
2.82048e+08 0
2.82048e+08 0
2.82048e+08 0
2.82048e+08 0
2.82048e+08 0
2.82048e+08 0
2.82048e+08 0
2.82048e+08 0
2.82048e+08 0
2.82048e+08 0
2.82048e+08 0
2.82048e+08 0
2.82048e+08 0
2.82048e+08 0
2.82048e+08 0
2.82048e+08 0
2.82048e+08 0
2.82048e+08 0
2.82048e+08 0
2.82048e+08 0
2.82048e+08 0
