0 6.32135e-08
0 -5.50375e+07
0 -5.50375e+07
6.17342e+07 -1.16772e+08
6.96178e+07 -1.24655e+08
7.35829e+07 -1.2862e+08
7.74925e+07 -1.3253e+08
8.13674e+07 -1.36405e+08
8.51949e+07 -1.40232e+08
8.89316e+07 -1.43969e+08
9.2434e+07 -1.47471e+08
9.536e+07 -1.50398e+08
9.73846e+07 -1.52422e+08
9.86732e+07 -1.53711e+08
1.00788e+08 -1.55825e+08
1.01991e+08 -1.57028e+08
1.03056e+08 -1.58094e+08
1.0399e+08 -1.59028e+08
1.04833e+08 -1.59871e+08
1.05564e+08 -1.60601e+08
1.06221e+08 -1.61258e+08
1.06799e+08 -1.61836e+08
1.07307e+08 -1.62344e+08
1.07769e+08 -1.62807e+08
1.08181e+08 -1.63218e+08
1.08548e+08 -1.63586e+08
1.08878e+08 -1.63915e+08
1.09174e+08 -1.64211e+08
1.09443e+08 -1.64481e+08
1.09688e+08 -1.64725e+08
1.09905e+08 -1.64942e+08
1.10095e+08 -1.65132e+08
1.10258e+08 -1.65295e+08
1.10404e+08 -1.65442e+08
1.10535e+08 -1.65573e+08
1.10651e+08 -1.65688e+08
1.10748e+08 -1.65785e+08
1.10826e+08 -1.65863e+08
1.10882e+08 -1.65919e+08
1.10921e+08 -1.65958e+08
1.10947e+08 -1.65984e+08
1.10962e+08 -1.65999e+08
1.10963e+08 -1.66001e+08
1.10947e+08 -1.65985e+08
1.10909e+08 -1.65947e+08
1.10854e+08 -1.65891e+08
1.10782e+08 -1.6582e+08
1.10687e+08 -1.65724e+08
1.10569e+08 -1.65606e+08
1.10427e+08 -1.65465e+08
1.10255e+08 -1.65292e+08
1.10058e+08 -1.65095e+08
1.09829e+08 -1.64866e+08
1.09523e+08 -1.64561e+08
1.09156e+08 -1.64194e+08
1.08715e+08 -1.63752e+08
1.08203e+08 -1.6324e+08
1.07499e+08 -1.62537e+08
1.06674e+08 -1.61712e+08
1.05907e+08 -1.60945e+08
1.04992e+08 -1.60029e+08
1.03962e+08 -1.59e+08
1.02939e+08 -1.57976e+08
1.01976e+08 -1.57014e+08
1.00575e+08 -1.55613e+08
9.9465e+07 -1.54502e+08
9.82804e+07 -1.53318e+08
9.67592e+07 -1.51797e+08
9.54335e+07 -1.50471e+08
9.43451e+07 -1.49383e+08
9.31975e+07 -1.48235e+08
9.19094e+07 -1.46947e+08
9.09492e+07 -1.45987e+08
9.01953e+07 -1.45233e+08
7.77375e+06 -6.28113e+07
7.3429e+06 -6.23804e+07
6.7916e+06 -6.18291e+07
6.11289e+06 -6.11504e+07
5.24951e+06 -6.0287e+07
4.51399e+06 -5.95515e+07
3.9816e+06 -5.90191e+07
3.25666e+06 -5.82942e+07
2.19765e+06 -5.72352e+07
1.53845e+06 -5.66138e+07
1.03392e+06 -5.60714e+07
398636 -5.54361e+07
-361836 -5.46757e+07
-1.06989e+06 -5.39676e+07
-1.73045e+06 -5.3315e+07
-2.19857e+06 -5.28712e+07
-2.65845e+06 -5.23791e+07
-3.19691e+06 -5.18406e+07
-3.93369e+06 -5.11038e+07
-4.42562e+06 -5.06196e+07
-4.96022e+06 -5.01144e+07
3.70531e+07 0
3.70531e+07 0
3.70531e+07 0
3.70531e+07 0
3.70531e+07 0
3.70531e+07 0
3.70531e+07 0
3.70531e+07 0
