0 -7.44691e-06
0 1.01034e-05
0 -455439
-15 -455439
-30 -455439
-45 -455439
-60 -455439
-75 -455439
-90 -455439
-105 -455439
-120 -455439
-135 -455439
-150 -455439
-165 -455439
-180 -455439
-195 -455439
-210 -455439
-225 -455439
-240 -455439
-255 -455439
-270 -455439
-285 -455439
-300 -455439
-315 -455439
-330 -455439
-345 -455439
-360 -455439
-375 -455439
-390 -455439
-405 -455439
-420 -455439
-435 -455439
-450 -455439
-465 -455439
-480 -455439
-495 -455439
-510 -455439
-525 -455439
-540 -455439
-555 -455439
-570 -455439
-585 -455439
-600 -455439
-615 -455439
-630 -455439
-645 -455439
-660 -455439
-675 -455439
-690 -455439
-705 -455439
-720 -455439
-735 -455439
-750 -455439
-765 -455439
-780 -455439
-795.001 -455439
-810.001 -455439
-825.001 -455439
-840.001 -455439
-855.001 -455439
-870.001 -455439
-885.001 -455439
-900.001 -455439
-915.001 -455439
-930.001 -455439
-945.001 -455439
-960.001 -455439
-975.001 -455439
-990.001 -455439
-1005 -455439
-1020 -455439
-1035 -455439
-1050 -455439
-1065 -455439
-1080 -455439
-1095 -455439
-1110 -455439
-1125 -455439
-1140 -455439
-1155 -455439
-1170 -455439
-1185 -455439
-1200 -455439
-1215 -455439
-1230 -455439
-1245 -455439
-1260 -455439
-1275 -455439
-1290 -455439
-1305 -455439
-1320 -455439
-1335 -455439
-1350 -455439
-1365 -455439
-1380 -455439
-1395 -455439
-1410 -455439
-1425 -455439
-1440 -455439
-1455 -455439
-1470 -455439
-1485 -455439
-1500 -455439
