0 7.26432e-08
0 3.70918e+07
0 3.70918e+07
-6.23038e+07 9.93956e+07
-7.88445e+07 1.15936e+08
-9.44713e+07 1.31563e+08
-1.03876e+08 1.40968e+08
-1.11803e+08 1.48894e+08
-1.16858e+08 1.5395e+08
-1.20915e+08 1.58007e+08
-1.24225e+08 1.61317e+08
-1.26944e+08 1.64036e+08
-1.29182e+08 1.66274e+08
-1.31101e+08 1.68192e+08
-1.32663e+08 1.69755e+08
-1.34022e+08 1.71113e+08
-1.35157e+08 1.72248e+08
-1.36099e+08 1.73191e+08
-1.36933e+08 1.74025e+08
-1.3765e+08 1.74742e+08
-1.38251e+08 1.75343e+08
-1.38764e+08 1.75856e+08
-1.39197e+08 1.76289e+08
-1.39579e+08 1.76671e+08
-1.3991e+08 1.77002e+08
-1.40194e+08 1.77286e+08
-1.23279e+08 1.60371e+08
-1.23652e+08 1.60744e+08
-1.23988e+08 1.6108e+08
-1.24249e+08 1.6134e+08
-1.24444e+08 1.61536e+08
-1.24603e+08 1.61695e+08
-1.24733e+08 1.61825e+08
-1.24841e+08 1.61933e+08
-1.24933e+08 1.62025e+08
-1.2501e+08 1.62101e+08
-1.25071e+08 1.62163e+08
-1.2512e+08 1.62212e+08
-1.25156e+08 1.62248e+08
-1.25179e+08 1.62271e+08
-1.25192e+08 1.62284e+08
-2.56109e+07 6.27027e+07
-2.56955e+07 6.27873e+07
-2.57767e+07 6.28685e+07
-2.58574e+07 6.29492e+07
-2.59254e+07 6.30172e+07
-2.59848e+07 6.30766e+07
-2.60406e+07 6.31324e+07
-2.60942e+07 6.3186e+07
-2.61457e+07 6.32375e+07
-2.61953e+07 6.32871e+07
-2.62432e+07 6.3335e+07
-2.62892e+07 6.3381e+07
-2.6323e+07 6.34148e+07
-2.63504e+07 6.34422e+07
-2.63759e+07 6.34677e+07
-2.63957e+07 6.34875e+07
-2.64028e+07 6.34946e+07
-2.64017e+07 6.34935e+07
-2.64005e+07 6.34923e+07
-2.63998e+07 6.34916e+07
-2.63965e+07 6.34883e+07
-2.63925e+07 6.34843e+07
-2.63863e+07 6.34781e+07
-2.6377e+07 6.34688e+07
-2.63649e+07 6.34567e+07
-2.63503e+07 6.34421e+07
-2.63346e+07 6.34264e+07
-2.63182e+07 6.341e+07
-2.63013e+07 6.33931e+07
-2.62845e+07 6.33763e+07
-2.6268e+07 6.33598e+07
-2.62517e+07 6.33435e+07
-2.62355e+07 6.33273e+07
-2.62196e+07 6.33114e+07
-2.62021e+07 6.32939e+07
-2.61835e+07 6.32753e+07
-2.61643e+07 6.32561e+07
-2.61447e+07 6.32365e+07
-2.61249e+07 6.32167e+07
-2.61048e+07 6.31966e+07
-2.60849e+07 6.31767e+07
-2.60652e+07 6.3157e+07
-2.60457e+07 6.31375e+07
-2.60254e+07 6.31172e+07
-2.60029e+07 6.30947e+07
-2.59792e+07 6.3071e+07
-2.59545e+07 6.30463e+07
-2.5929e+07 6.30208e+07
-2.59035e+07 6.29953e+07
-2.58781e+07 6.29699e+07
-2.58528e+07 6.29446e+07
-2.58276e+07 6.29194e+07
-2.58025e+07 6.28943e+07
-2.57776e+07 6.28694e+07
-2.57528e+07 6.28446e+07
-2.5728e+07 6.28198e+07
-2.57034e+07 6.27952e+07
-2.56789e+07 6.27707e+07
-2.56544e+07 6.27462e+07
-2.56296e+07 6.27214e+07
-2.56044e+07 6.26962e+07
3.70918e+07 0
