0 -2.9898e-06
0 1.65169e-05
0 9.56461e-06
1.28662e+08 1.95646e-05
1.78337e+08 2.95646e-05
1.83009e+08 3.95646e-05
1.71363e+08 4.95646e-05
1.47233e+08 5.95646e-05
1.10546e+08 6.95646e-05
5.52507e+07 7.95646e-05
-4.67647e+07 8.95646e-05
-1.92513e+08 9.95646e-05
6.60173e+08 0.000109565
6.60173e+08 0.000119565
6.60173e+08 0.000129565
6.60173e+08 0.000139565
6.60173e+08 0.000149565
6.60173e+08 0.000159565
6.60173e+08 0.000169565
6.60173e+08 0.000179565
6.60173e+08 0.000189565
6.60173e+08 0.000199565
6.60173e+08 0.000209565
6.60173e+08 0.000219565
6.60173e+08 0.000229565
6.60173e+08 0.000239565
6.60173e+08 0.000249565
6.60173e+08 0.000259565
6.60173e+08 0.000269565
6.60173e+08 0.000279565
6.60173e+08 0.000289565
6.60173e+08 0.000299565
6.60173e+08 0.000309565
6.60173e+08 0.000319565
6.60173e+08 0.000329565
6.60173e+08 0.000339565
6.60173e+08 0.000349565
6.60173e+08 0.000359565
6.60173e+08 0.000369565
6.60173e+08 0.000379565
6.60173e+08 0.000389565
6.60173e+08 0.000399565
6.60173e+08 0.000409565
6.60173e+08 0.000419565
6.60173e+08 0.000429565
6.60173e+08 0.000439565
6.60173e+08 0.000449565
6.60173e+08 0.000459565
6.60173e+08 0.000469565
6.60173e+08 0.000479565
6.60173e+08 0.000489565
6.60173e+08 0.000499565
6.60173e+08 0.000509565
6.60173e+08 0.000519565
6.60173e+08 0.000529565
6.60173e+08 0.000539565
6.60173e+08 0.000549565
6.60173e+08 0.000559565
6.60173e+08 0.000569565
6.60173e+08 0.000579565
6.60173e+08 0.000589565
6.60173e+08 0.000599565
6.60173e+08 0.000609565
6.60173e+08 0.000619565
6.60173e+08 0.000629565
6.60173e+08 0.000639565
6.60173e+08 0.000649565
6.60173e+08 0.000659565
6.60173e+08 0.000669565
6.60173e+08 0.000679565
6.60173e+08 0.000689565
6.60173e+08 0.000699565
6.60173e+08 0.000709565
6.60173e+08 0.000719565
6.60173e+08 0.000729565
6.60173e+08 0.000739565
6.60173e+08 0.000749565
6.60173e+08 0.000759565
6.60173e+08 0.000769565
6.60173e+08 0.000779565
6.60173e+08 0.000789565
6.60173e+08 0.000799565
6.60173e+08 0.000809565
6.60173e+08 0.000819565
6.60173e+08 0.000829565
6.60173e+08 0.000839565
6.60173e+08 0.000849565
6.60173e+08 0.000859565
6.60173e+08 0.000869565
6.60173e+08 0.000879565
6.60173e+08 0.000889565
6.60173e+08 0.000899565
6.60173e+08 0.000909565
6.60173e+08 0.000919565
6.60173e+08 0.000929565
6.60173e+08 0.000939565
6.60173e+08 0.000949565
6.60173e+08 0.000959565
6.60173e+08 0.000969565
6.60173e+08 0.000979565
6.60173e+08 0.000989565
6.60173e+08 0.000999565
6.60173e+08 0.00100956
