0 -2.03718e-06
0 7.48233e-06
0 3.93954e-06
1.38197e+08 1.39395e-05
2.28123e+08 2.39395e-05
2.57517e+08 3.39395e-05
2.61423e+08 4.39395e-05
2.5392e+08 5.39395e-05
2.40717e+08 6.39395e-05
2.19526e+08 7.39395e-05
1.89582e+08 8.39395e-05
1.45041e+08 9.39395e-05
6.32171e+07 0.00010394
-1.64122e+08 0.00011394
6.30411e+08 0.00012394
6.30411e+08 0.00013394
6.30411e+08 0.00014394
6.30411e+08 0.00015394
6.30411e+08 0.00016394
6.30411e+08 0.00017394
6.30411e+08 0.00018394
6.30411e+08 0.00019394
6.30411e+08 0.00020394
6.30411e+08 0.00021394
6.30411e+08 0.00022394
6.30411e+08 0.00023394
6.30411e+08 0.00024394
6.30411e+08 0.00025394
6.30411e+08 0.00026394
6.30411e+08 0.00027394
6.30411e+08 0.00028394
6.30411e+08 0.00029394
6.30411e+08 0.00030394
6.30411e+08 0.00031394
6.30411e+08 0.00032394
6.30411e+08 0.00033394
6.30411e+08 0.00034394
6.30411e+08 0.00035394
6.30411e+08 0.00036394
6.30411e+08 0.00037394
6.30411e+08 0.00038394
6.30411e+08 0.00039394
6.30411e+08 0.00040394
6.30411e+08 0.00041394
6.30411e+08 0.00042394
6.30411e+08 0.00043394
6.30411e+08 0.00044394
6.30411e+08 0.00045394
6.30411e+08 0.00046394
6.30411e+08 0.00047394
6.30411e+08 0.00048394
6.30411e+08 0.00049394
6.30411e+08 0.00050394
6.30411e+08 0.00051394
6.30411e+08 0.00052394
6.30411e+08 0.00053394
6.30411e+08 0.00054394
6.30411e+08 0.00055394
6.30411e+08 0.00056394
6.30411e+08 0.00057394
6.30411e+08 0.00058394
6.30411e+08 0.00059394
6.30411e+08 0.00060394
6.30411e+08 0.00061394
6.30411e+08 0.00062394
6.30411e+08 0.00063394
6.30411e+08 0.00064394
6.30411e+08 0.00065394
6.30411e+08 0.00066394
6.30411e+08 0.00067394
6.30411e+08 0.00068394
6.30411e+08 0.00069394
6.30411e+08 0.00070394
6.30411e+08 0.00071394
6.30411e+08 0.00072394
6.30411e+08 0.00073394
6.30411e+08 0.00074394
6.30411e+08 0.00075394
6.30411e+08 0.00076394
6.30411e+08 0.00077394
6.30411e+08 0.00078394
6.30411e+08 0.00079394
6.30411e+08 0.00080394
6.30411e+08 0.00081394
6.30411e+08 0.00082394
6.30411e+08 0.00083394
6.30411e+08 0.00084394
6.30411e+08 0.00085394
6.30411e+08 0.00086394
6.30411e+08 0.00087394
6.30411e+08 0.00088394
6.30411e+08 0.00089394
6.30411e+08 0.00090394
6.30411e+08 0.00091394
6.30411e+08 0.00092394
6.30411e+08 0.00093394
6.30411e+08 0.00094394
6.30411e+08 0.00095394
6.30411e+08 0.00096394
6.30411e+08 0.00097394
6.30411e+08 0.00098394
6.30411e+08 0.00099394
6.30411e+08 0.00100394
