0 7.59042e-08
0 7.59042e-08
0 -2.12333e-06
-1.40278e+08 -1.21233e-05
-1.6149e+08 -2.21233e-05
-1.08336e+08 -3.21233e-05
8.47562e+08 -4.21233e-05
8.47562e+08 -5.21233e-05
8.47562e+08 -6.21233e-05
8.47562e+08 -7.21233e-05
8.47562e+08 -8.21233e-05
8.47562e+08 -9.21233e-05
8.47562e+08 -0.000102123
8.47562e+08 -0.000112123
8.47562e+08 -0.000122123
8.47562e+08 -0.000132123
8.47562e+08 -0.000142123
8.47562e+08 -0.000152123
8.47562e+08 -0.000162123
8.47562e+08 -0.000172123
8.47562e+08 -0.000182123
8.47562e+08 -0.000192123
8.47562e+08 -0.000202123
8.47562e+08 -0.000212123
8.47562e+08 -0.000222123
8.47562e+08 -0.000232123
8.47562e+08 -0.000242123
8.47562e+08 -0.000252123
8.47562e+08 -0.000262123
8.47562e+08 -0.000272123
8.47562e+08 -0.000282123
8.47562e+08 -0.000292123
8.47562e+08 -0.000302123
8.47562e+08 -0.000312123
8.47562e+08 -0.000322123
8.47562e+08 -0.000332123
8.47562e+08 -0.000342123
8.47562e+08 -0.000352123
8.47562e+08 -0.000362123
8.47562e+08 -0.000372123
8.47562e+08 -0.000382123
8.47562e+08 -0.000392123
8.47562e+08 -0.000402123
8.47562e+08 -0.000412123
8.47562e+08 -0.000422123
8.47562e+08 -0.000432123
8.47562e+08 -0.000442123
8.47562e+08 -0.000452123
8.47562e+08 -0.000462123
8.47562e+08 -0.000472123
8.47562e+08 -0.000482123
8.47562e+08 -0.000492123
8.47562e+08 -0.000502123
8.47562e+08 -0.000512123
8.47562e+08 -0.000522123
8.47562e+08 -0.000532123
8.47562e+08 -0.000542123
8.47562e+08 -0.000552123
8.47562e+08 -0.000562123
8.47562e+08 -0.000572123
8.47562e+08 -0.000582123
8.47562e+08 -0.000592123
8.47562e+08 -0.000602123
8.47562e+08 -0.000612123
8.47562e+08 -0.000622123
8.47562e+08 -0.000632123
8.47562e+08 -0.000642123
8.47562e+08 -0.000652123
8.47562e+08 -0.000662123
8.47562e+08 -0.000672123
8.47562e+08 -0.000682123
8.47562e+08 -0.000692123
8.47562e+08 -0.000702123
8.47562e+08 -0.000712123
8.47562e+08 -0.000722123
8.47562e+08 -0.000732123
8.47562e+08 -0.000742123
8.47562e+08 -0.000752123
8.47562e+08 -0.000762123
8.47562e+08 -0.000772123
8.47562e+08 -0.000782123
8.47562e+08 -0.000792123
8.47562e+08 -0.000802123
8.47562e+08 -0.000812123
8.47562e+08 -0.000822123
8.47562e+08 -0.000832123
8.47562e+08 -0.000842123
8.47562e+08 -0.000852123
8.47562e+08 -0.000862123
8.47562e+08 -0.000872123
8.47562e+08 -0.000882123
8.47562e+08 -0.000892123
8.47562e+08 -0.000902123
8.47562e+08 -0.000912123
8.47562e+08 -0.000922123
8.47562e+08 -0.000932123
8.47562e+08 -0.000942123
8.47562e+08 -0.000952123
8.47562e+08 -0.000962123
8.47562e+08 -0.000972123
8.47562e+08 -0.000982123
8.47562e+08 -0.000992123
8.47562e+08 -0.00100212
