0 -4.4982e-07
0 -4.387e-05
0 -395519
-15 -395519
-30 -395519
-45 -395519
-60 -395519
-75 -395519
-90 -395519
-105 -395519
-120 -395519
-135 -395519
-150 -395519
-165 -395519
-180 -395519
-195 -395519
-210 -395519
-225 -395519
-240 -395519
-255 -395519
-270 -395519
-285 -395519
-300 -395519
-315 -395519
-330 -395519
-345 -395519
-360 -395519
-375 -395519
-390 -395519
-405 -395519
-420 -395519
-435 -395519
-450 -395519
-465 -395519
-480 -395519
-495 -395519
-510 -395519
-525 -395519
-540 -395519
-555 -395519
-570 -395519
-585 -395519
-600 -395519
-615 -395519
-630 -395519
-645 -395519
-660 -395519
-675 -395519
-690 -395519
-705 -395519
-720 -395519
-735 -395519
-750 -395519
-765 -395519
-780 -395519
-795 -395519
-810 -395519
-825 -395519
-840 -395519
-855 -395519
-870 -395519
-885 -395519
-900 -395519
-915 -395519
-930.001 -395519
-945.001 -395519
-960.001 -395519
-975.001 -395519
-990.001 -395519
-1005 -395519
-1020 -395519
-1035 -395519
-1050 -395519
-1065 -395519
-1080 -395519
-1095 -395519
-1110 -395519
-1125 -395519
-1140 -395519
-1155 -395519
-1170 -395519
-1185 -395519
-1200 -395519
-1215 -395519
-1230 -395519
-1245 -395519
-1260 -395519
-1275 -395519
-1290 -395519
-1305 -395519
-1320 -395519
-1335 -395519
-1350 -395519
-1365 -395519
-1380 -395519
-1395 -395519
-1410 -395519
-1425 -395519
-1440 -395519
-1455 -395519
-1470 -395519
-1485 -395519
-1500 -395519
