0 -4.26216e-06
0 2.9963e-05
0 -154945
-15 -154945
-30 -154945
-45 -154945
-60 -154945
-75 -154945
-90 -154945
-105 -154945
-120 -154945
-135 -154945
-150 -154945
-165 -154945
-180 -154945
-195 -154945
-210 -154945
-225 -154945
-240 -154945
-255 -154945
-270 -154945
-285 -154945
-300 -154945
-315 -154945
-330 -154945
-345 -154945
-360 -154945
-375 -154945
-390 -154945
-405 -154945
-420 -154945
-435 -154945
-450 -154945
-465 -154945
-480 -154945
-495 -154945
-510.001 -154945
-525.001 -154945
-540.001 -154945
-555.001 -154945
-570.001 -154945
-585.001 -154945
-600.001 -154945
-615.001 -154945
-630.001 -154945
-645.001 -154945
-660.001 -154945
-675.001 -154945
-690.001 -154945
-705.001 -154945
-720.001 -154945
-735.001 -154945
-750.001 -154945
-765.001 -154945
-780.001 -154945
-795.001 -154945
-810.001 -154945
-825.001 -154945
-840.001 -154945
-855.001 -154945
-870.002 -154945
-885.002 -154945
-900.002 -154945
-915.002 -154945
-930.002 -154945
-945.002 -154945
-960.002 -154945
-975.002 -154945
-990.002 -154945
-1005 -154945
-1020 -154945
-1035 -154945
-1050 -154945
-1065 -154945
-1080 -154945
-1095 -154945
-1110 -154945
-1125 -154945
-1140 -154945
-1155 -154945
-1170 -154945
-1185 -154945
-1200 -154945
-1215 -154945
-1230 -154945
-1245 -154945
-1260 -154945
-1275 -154945
-1290 -154945
-1305 -154945
-1320 -154945
-1335 -154945
-1350 -154945
-1365 -154945
-1380 -154945
-1395 -154945
-1410 -154945
-1425 -154945
-1440 -154945
-1455 -154945
-1470 -154945
-1485 -154945
-1500 -154945
