0 -2.37982e-07
0 0.000124215
0 -152644
-15 -152644
-30 -152644
-45 -152644
-60 -152644
-75 -152644
-90 -152644
-105 -152644
-120 -152644
-135 -152644
-150 -152644
-165 -152644
-180 -152644
-195 -152644
-210 -152644
-225 -152644
-240 -152644
-255 -152644
-270 -152644
-285 -152644
-300 -152644
-315 -152644
-330 -152644
-345 -152644
-360 -152644
-375 -152644
-390 -152644
-405 -152644
-420 -152644
-435 -152644
-450 -152644
-465 -152644
-480 -152644
-495 -152644
-510.001 -152644
-525.001 -152644
-540.001 -152644
-555.001 -152644
-570.001 -152644
-585.001 -152644
-600.001 -152644
-615.001 -152644
-630.001 -152644
-645.001 -152644
-660.001 -152644
-675.001 -152644
-690.001 -152644
-705.001 -152644
-720.001 -152644
-735.001 -152644
-750.001 -152644
-765.001 -152644
-780.001 -152644
-795.001 -152644
-810.001 -152644
-825.001 -152644
-840.001 -152644
-855.001 -152644
-870.002 -152644
-885.002 -152644
-900.002 -152644
-915.002 -152644
-930.002 -152644
-945.002 -152644
-960.002 -152644
-975.002 -152644
-990.002 -152644
-1005 -152644
-1020 -152644
-1035 -152644
-1050 -152644
-1065 -152644
-1080 -152644
-1095 -152644
-1110 -152644
-1125 -152644
-1140 -152644
-1155 -152644
-1170 -152644
-1185 -152644
-1200 -152644
-1215 -152644
-1230 -152644
-1245 -152644
-1260 -152644
-1275 -152644
-1290 -152644
-1305 -152644
-1320 -152644
-1335 -152644
-1350 -152644
-1365 -152644
-1380 -152644
-1395 -152644
-1410 -152644
-1425 -152644
-1440 -152644
-1455 -152644
-1470 -152644
-1485 -152644
-1500 -152644
