0 -5.55772e-06
0 2.11743e-05
0 -234520
-15 -234520
-30 -234520
-45 -234520
-60 -234520
-75 -234520
-90 -234520
-105 -234520
-120 -234520
-135 -234520
-150 -234520
-165 -234520
-180 -234520
-195 -234520
-210 -234520
-225 -234520
-240 -234520
-255 -234520
-270 -234520
-285 -234520
-300 -234520
-315 -234520
-330 -234520
-345 -234520
-360 -234520
-375 -234520
-390 -234520
-405 -234520
-420 -234520
-435 -234520
-450 -234520
-465 -234520
-480 -234520
-495 -234520
-510 -234520
-525 -234520
-540.001 -234520
-555.001 -234520
-570.001 -234520
-585.001 -234520
-600.001 -234520
-615.001 -234520
-630.001 -234520
-645.001 -234520
-660.001 -234520
-675.001 -234520
-690.001 -234520
-705.001 -234520
-720.001 -234520
-735.001 -234520
-750.001 -234520
-765.001 -234520
-780.001 -234520
-795.001 -234520
-810.001 -234520
-825.001 -234520
-840.001 -234520
-855.001 -234520
-870.001 -234520
-885.001 -234520
-900.001 -234520
-915.001 -234520
-930.001 -234520
-945.002 -234520
-960.002 -234520
-975.002 -234520
-990.002 -234520
-1005 -234520
-1020 -234520
-1035 -234520
-1050 -234520
-1065 -234520
-1080 -234520
-1095 -234520
-1110 -234520
-1125 -234520
-1140 -234520
-1155 -234520
-1170 -234520
-1185 -234520
-1200 -234520
-1215 -234520
-1230 -234520
-1245 -234520
-1260 -234520
-1275 -234520
-1290 -234520
-1305 -234520
-1320 -234520
-1335 -234520
-1350 -234520
-1365 -234520
-1380 -234520
-1395 -234520
-1410 -234520
-1425 -234520
-1440 -234520
-1455 -234520
-1470 -234520
-1485 -234520
-1500 -234520
