0 -5.36993e-06
0 1.2022e-05
0 -144144
-15 -144144
-30 -144144
-45 -144144
-60 -144144
-75 -144144
-90 -144144
-105 -144144
-120 -144144
-135 -144144
-150 -144144
-165 -144144
-180 -144144
-195 -144144
-210 -144144
-225 -144144
-240 -144144
-255 -144144
-270 -144144
-285 -144144
-300 -144144
-315 -144144
-330 -144144
-345 -144144
-360 -144144
-375 -144144
-390 -144144
-405 -144144
-420 -144144
-435 -144144
-450 -144144
-465 -144144
-480 -144144
-495.001 -144144
-510.001 -144144
-525.001 -144144
-540.001 -144144
-555.001 -144144
-570.001 -144144
-585.001 -144144
-600.001 -144144
-615.001 -144144
-630.001 -144144
-645.001 -144144
-660.001 -144144
-675.001 -144144
-690.001 -144144
-705.001 -144144
-720.001 -144144
-735.001 -144144
-750.001 -144144
-765.001 -144144
-780.001 -144144
-795.001 -144144
-810.001 -144144
-825.001 -144144
-840.001 -144144
-855.002 -144144
-870.002 -144144
-885.002 -144144
-900.002 -144144
-915.002 -144144
-930.002 -144144
-945.002 -144144
-960.002 -144144
-975.002 -144144
-990.002 -144144
-1005 -144144
-1020 -144144
-1035 -144144
-1050 -144144
-1065 -144144
-1080 -144144
-1095 -144144
-1110 -144144
-1125 -144144
-1140 -144144
-1155 -144144
-1170 -144144
-1185 -144144
-1200 -144144
-1215 -144144
-1230 -144144
-1245 -144144
-1260 -144144
-1275 -144144
-1290 -144144
-1305 -144144
-1320 -144144
-1335 -144144
-1350 -144144
-1365 -144144
-1380 -144144
-1395 -144144
-1410 -144144
-1425 -144144
-1440 -144144
-1455 -144144
-1470 -144144
-1485 -144144
-1500 -144144
