0 -1.85706e-06
0 1.43725e+08
0 1.43725e+08
9.53981e+07 4.83269e+07
3.7979e+08 -2.27337e+08
6.96269e+08 0
6.96269e+08 0
6.96269e+08 0
6.96269e+08 0
6.96269e+08 0
6.96269e+08 0
6.96269e+08 0
6.96269e+08 0
6.96269e+08 0
6.96269e+08 0
6.96269e+08 0
6.96269e+08 0
6.96269e+08 0
6.96269e+08 0
6.96269e+08 0
6.96269e+08 0
6.96269e+08 0
6.96269e+08 0
6.96269e+08 0
6.96269e+08 0
6.96269e+08 0
6.96269e+08 0
6.96269e+08 0
6.96269e+08 0
6.96269e+08 0
6.96269e+08 0
6.96269e+08 0
6.96269e+08 0
6.96269e+08 0
6.96269e+08 0
6.96269e+08 0
6.96269e+08 0
6.96269e+08 0
6.96269e+08 0
6.96269e+08 0
6.96269e+08 0
6.96269e+08 0
6.96269e+08 0
6.96269e+08 0
6.96269e+08 0
6.96269e+08 0
6.96269e+08 0
6.96269e+08 0
6.96269e+08 0
6.96269e+08 0
6.96269e+08 0
6.96269e+08 0
6.96269e+08 0
6.96269e+08 0
6.96269e+08 0
6.96269e+08 0
6.96269e+08 0
6.96269e+08 0
6.96269e+08 0
6.96269e+08 0
6.96269e+08 0
6.96269e+08 0
6.96269e+08 0
6.96269e+08 0
6.96269e+08 0
6.96269e+08 0
6.96269e+08 0
6.96269e+08 0
6.96269e+08 0
6.96269e+08 0
6.96269e+08 0
6.96269e+08 0
6.96269e+08 0
6.96269e+08 0
6.96269e+08 0
6.96269e+08 0
6.96269e+08 0
6.96269e+08 0
6.96269e+08 0
6.96269e+08 0
6.96269e+08 0
6.96269e+08 0
6.96269e+08 0
6.96269e+08 0
6.96269e+08 0
6.96269e+08 0
6.96269e+08 0
6.96269e+08 0
6.96269e+08 0
6.96269e+08 0
6.96269e+08 0
6.96269e+08 0
6.96269e+08 0
6.96269e+08 0
6.96269e+08 0
6.96269e+08 0
6.96269e+08 0
6.96269e+08 0
6.96269e+08 0
6.96269e+08 0
6.96269e+08 0
6.96269e+08 0
6.96269e+08 0
