0 -2.71967e-06
0 -2.33456e-05
0 -1.32303e-05
-1.20711e+08 -2.32303e-05
-1.6262e+08 -3.32303e-05
-1.76158e+08 -4.32303e-05
-1.77072e+08 -5.32303e-05
-1.71182e+08 -6.32303e-05
-1.59843e+08 -7.32303e-05
-1.43092e+08 -8.32303e-05
-1.20314e+08 -9.32303e-05
-8.94974e+07 -0.00010323
-4.64677e+07 -0.00011323
1.51142e+07 -0.00012323
8.95285e+07 -0.00013323
2.85166e+08 -0.00014323
4.4685e+08 -0.00015323
7.18965e+08 -0.00016323
7.18965e+08 -0.00017323
7.18965e+08 -0.00018323
7.18965e+08 -0.00019323
7.18965e+08 -0.00020323
7.18965e+08 -0.00021323
7.18965e+08 -0.00022323
7.18965e+08 -0.00023323
7.18965e+08 -0.00024323
7.18965e+08 -0.00025323
7.18965e+08 -0.00026323
7.18965e+08 -0.00027323
7.18965e+08 -0.00028323
7.18965e+08 -0.00029323
7.18965e+08 -0.00030323
7.18965e+08 -0.00031323
7.18965e+08 -0.00032323
7.18965e+08 -0.00033323
7.18965e+08 -0.00034323
7.18965e+08 -0.00035323
7.18965e+08 -0.00036323
7.18965e+08 -0.00037323
7.18965e+08 -0.00038323
7.18965e+08 -0.00039323
7.18965e+08 -0.00040323
7.18965e+08 -0.00041323
7.18965e+08 -0.00042323
7.18965e+08 -0.00043323
7.18965e+08 -0.00044323
7.18965e+08 -0.00045323
7.18965e+08 -0.00046323
7.18965e+08 -0.00047323
7.18965e+08 -0.00048323
7.18965e+08 -0.00049323
7.18965e+08 -0.00050323
7.18965e+08 -0.00051323
7.18965e+08 -0.00052323
7.18965e+08 -0.00053323
7.18965e+08 -0.00054323
7.18965e+08 -0.00055323
7.18965e+08 -0.00056323
7.18965e+08 -0.00057323
7.18965e+08 -0.00058323
7.18965e+08 -0.00059323
7.18965e+08 -0.00060323
7.18965e+08 -0.00061323
7.18965e+08 -0.00062323
7.18965e+08 -0.00063323
7.18965e+08 -0.00064323
7.18965e+08 -0.00065323
7.18965e+08 -0.00066323
7.18965e+08 -0.00067323
7.18965e+08 -0.00068323
7.18965e+08 -0.00069323
7.18965e+08 -0.00070323
7.18965e+08 -0.00071323
7.18965e+08 -0.00072323
7.18965e+08 -0.00073323
7.18965e+08 -0.00074323
7.18965e+08 -0.00075323
7.18965e+08 -0.00076323
7.18965e+08 -0.00077323
7.18965e+08 -0.00078323
7.18965e+08 -0.00079323
7.18965e+08 -0.00080323
7.18965e+08 -0.00081323
7.18965e+08 -0.00082323
7.18965e+08 -0.00083323
7.18965e+08 -0.00084323
7.18965e+08 -0.00085323
7.18965e+08 -0.00086323
7.18965e+08 -0.00087323
7.18965e+08 -0.00088323
7.18965e+08 -0.00089323
7.18965e+08 -0.00090323
7.18965e+08 -0.00091323
7.18965e+08 -0.00092323
7.18965e+08 -0.00093323
7.18965e+08 -0.00094323
7.18965e+08 -0.00095323
7.18965e+08 -0.00096323
7.18965e+08 -0.00097323
7.18965e+08 -0.00098323
7.18965e+08 -0.00099323
7.18965e+08 -0.00100323
7.18965e+08 -0.00101323
