0 1.6829e-06
0 1.85973e+08
0 1.85973e+08
6.17534e+07 1.2422e+08
1.69349e+08 1.66249e+07
7.29072e+08 0
7.29072e+08 0
7.29072e+08 0
7.29072e+08 0
7.29072e+08 0
7.29072e+08 0
7.29072e+08 0
7.29072e+08 0
7.29072e+08 0
7.29072e+08 0
7.29072e+08 0
7.29072e+08 0
7.29072e+08 0
7.29072e+08 0
7.29072e+08 0
7.29072e+08 0
7.29072e+08 0
7.29072e+08 0
7.29072e+08 0
7.29072e+08 0
7.29072e+08 0
7.29072e+08 0
7.29072e+08 0
7.29072e+08 0
7.29072e+08 0
7.29072e+08 0
7.29072e+08 0
7.29072e+08 0
7.29072e+08 0
7.29072e+08 0
7.29072e+08 0
7.29072e+08 0
7.29072e+08 0
7.29072e+08 0
7.29072e+08 0
7.29072e+08 0
7.29072e+08 0
7.29072e+08 0
7.29072e+08 0
7.29072e+08 0
7.29072e+08 0
7.29072e+08 0
7.29072e+08 0
7.29072e+08 0
7.29072e+08 0
7.29072e+08 0
7.29072e+08 0
7.29072e+08 0
7.29072e+08 0
7.29072e+08 0
7.29072e+08 0
7.29072e+08 0
7.29072e+08 0
7.29072e+08 0
7.29072e+08 0
7.29072e+08 0
7.29072e+08 0
7.29072e+08 0
7.29072e+08 0
7.29072e+08 0
7.29072e+08 0
7.29072e+08 0
7.29072e+08 0
7.29072e+08 0
7.29072e+08 0
7.29072e+08 0
7.29072e+08 0
7.29072e+08 0
7.29072e+08 0
7.29072e+08 0
7.29072e+08 0
7.29072e+08 0
7.29072e+08 0
7.29072e+08 0
7.29072e+08 0
7.29072e+08 0
7.29072e+08 0
7.29072e+08 0
7.29072e+08 0
7.29072e+08 0
7.29072e+08 0
7.29072e+08 0
7.29072e+08 0
7.29072e+08 0
7.29072e+08 0
7.29072e+08 0
7.29072e+08 0
7.29072e+08 0
7.29072e+08 0
7.29072e+08 0
7.29072e+08 0
7.29072e+08 0
7.29072e+08 0
7.29072e+08 0
7.29072e+08 0
7.29072e+08 0
7.29072e+08 0
7.29072e+08 0
