0 -1.16725e-06
0 -4.02245e-05
0 -0.000205176
4.26989e+07 -0.000215176
7.34977e+07 -0.000225176
9.91297e+07 -0.000235176
1.20218e+08 -0.000245176
1.37624e+08 -0.000255176
1.52116e+08 -0.000265176
1.69735e+08 -0.000275176
2.01664e+08 -0.000285176
2.37163e+08 -0.000295176
2.70042e+08 -0.000305176
3.00974e+08 -0.000315176
3.28919e+08 -0.000325176
3.55442e+08 -0.000335176
4.05809e+08 -0.000345176
4.60303e+08 -0.000355176
4.60303e+08 -0.000365176
4.60303e+08 -0.000375176
4.60303e+08 -0.000385176
4.60303e+08 -0.000395176
4.60303e+08 -0.000405176
4.60303e+08 -0.000415176
4.60303e+08 -0.000425176
4.60303e+08 -0.000435176
4.60303e+08 -0.000445176
4.60303e+08 -0.000455176
4.60303e+08 -0.000465176
4.60303e+08 -0.000475176
4.60303e+08 -0.000485176
4.60303e+08 -0.000495176
4.60303e+08 -0.000505176
4.60303e+08 -0.000515176
4.60303e+08 -0.000525176
4.60303e+08 -0.000535176
4.60303e+08 -0.000545176
4.60303e+08 -0.000555176
4.60303e+08 -0.000565176
4.60303e+08 -0.000575176
4.60303e+08 -0.000585176
4.60303e+08 -0.000595176
4.60303e+08 -0.000605176
4.60303e+08 -0.000615176
4.60303e+08 -0.000625176
4.60303e+08 -0.000635176
4.60303e+08 -0.000645176
4.60303e+08 -0.000655176
4.60303e+08 -0.000665176
4.60303e+08 -0.000675176
4.60303e+08 -0.000685176
4.60303e+08 -0.000695176
4.60303e+08 -0.000705176
4.60303e+08 -0.000715176
4.60303e+08 -0.000725176
4.60303e+08 -0.000735176
4.60303e+08 -0.000745176
4.60303e+08 -0.000755176
4.60303e+08 -0.000765176
4.60303e+08 -0.000775176
4.60303e+08 -0.000785176
4.60303e+08 -0.000795176
4.60303e+08 -0.000805176
4.60303e+08 -0.000815176
4.60303e+08 -0.000825176
4.60303e+08 -0.000835176
4.60303e+08 -0.000845176
4.60303e+08 -0.000855176
4.60303e+08 -0.000865176
4.60303e+08 -0.000875176
4.60303e+08 -0.000885176
4.60303e+08 -0.000895176
4.60303e+08 -0.000905176
4.60303e+08 -0.000915176
4.60303e+08 -0.000925176
4.60303e+08 -0.000935176
4.60303e+08 -0.000945176
4.60303e+08 -0.000955176
4.60303e+08 -0.000965176
4.60303e+08 -0.000975176
4.60303e+08 -0.000985176
4.60303e+08 -0.000995176
4.60303e+08 -0.00100518
4.60303e+08 -0.00101518
4.60303e+08 -0.00102518
4.60303e+08 -0.00103518
4.60303e+08 -0.00104518
4.60303e+08 -0.00105518
4.60303e+08 -0.00106518
4.60303e+08 -0.00107518
4.60303e+08 -0.00108518
4.60303e+08 -0.00109518
4.60303e+08 -0.00110518
4.60303e+08 -0.00111518
4.60303e+08 -0.00112518
4.60303e+08 -0.00113518
4.60303e+08 -0.00114518
4.60303e+08 -0.00115518
4.60303e+08 -0.00116518
4.60303e+08 -0.00117518
4.60303e+08 -0.00118518
4.60303e+08 -0.00119518
4.60303e+08 -0.00120518
