0 -3.18611e-06
0 -3.42261e-06
0 1.88919e-06
-1.50797e+08 1.50797e+08
-2.03891e+08 2.03891e+08
-2.27567e+08 2.27567e+08
-2.47026e+08 2.47026e+08
-2.62761e+08 2.62761e+08
-2.71143e+08 2.71143e+08
-2.77053e+08 2.77053e+08
-2.81261e+08 2.81261e+08
-2.84132e+08 2.84132e+08
-2.86044e+08 2.86044e+08
-2.87251e+08 2.87251e+08
-2.87895e+08 2.87895e+08
-2.88079e+08 2.88079e+08
-2.87868e+08 2.87868e+08
-2.87292e+08 2.87292e+08
-2.86365e+08 2.86365e+08
-2.85106e+08 2.85106e+08
-2.83504e+08 2.83504e+08
-2.81526e+08 2.81526e+08
-2.79104e+08 2.79104e+08
-2.76123e+08 2.76123e+08
-2.72404e+08 2.72404e+08
-2.67645e+08 2.67645e+08
-2.61167e+08 2.61167e+08
-2.51775e+08 2.51775e+08
-2.40711e+08 2.40711e+08
-2.2817e+08 2.2817e+08
-2.14152e+08 2.14152e+08
-1.98019e+08 1.98019e+08
-1.79831e+08 1.79831e+08
-1.63251e+08 1.63251e+08
-1.48147e+08 1.48147e+08
-1.34501e+08 1.34501e+08
-1.22078e+08 1.22078e+08
-1.10492e+08 1.10492e+08
-9.97208e+07 9.97208e+07
-8.96483e+07 8.96483e+07
-7.98543e+07 7.98543e+07
-7.05666e+07 7.05666e+07
-6.10974e+07 6.10974e+07
-5.10698e+07 5.10698e+07
-4.08435e+07 4.08435e+07
-2.98546e+07 2.98546e+07
-1.86019e+07 1.86019e+07
-6.96868e+06 6.96868e+06
4.60953e+06 -4.60953e+06
1.58729e+07 -1.58729e+07
2.65804e+07 -2.65804e+07
3.65477e+07 -3.65477e+07
4.59836e+07 -4.59836e+07
5.54813e+07 -5.54813e+07
6.38328e+07 -6.38328e+07
7.2233e+07 -7.2233e+07
7.98863e+07 -7.98863e+07
1.25003e+08 -1.25003e+08
1.32867e+08 -1.32867e+08
2.58605e+08 -7.7367e+07
1.81033e+08 0
1.81033e+08 0
1.81033e+08 0
1.81033e+08 0
1.81033e+08 0
1.81033e+08 0
1.81033e+08 0
1.81033e+08 0
1.81033e+08 0
1.81033e+08 0
1.81033e+08 0
1.81033e+08 0
1.81033e+08 0
1.81033e+08 0
1.81033e+08 0
1.81033e+08 0
1.81033e+08 0
1.81033e+08 0
1.81033e+08 0
1.81033e+08 0
1.81033e+08 0
1.81033e+08 0
1.81033e+08 0
1.81033e+08 0
1.81033e+08 0
1.81033e+08 0
1.81033e+08 0
1.81033e+08 0
1.81033e+08 0
1.81033e+08 0
1.81033e+08 0
1.81033e+08 0
1.81033e+08 0
1.81033e+08 0
1.81033e+08 0
1.81033e+08 0
1.81033e+08 0
1.81033e+08 0
1.81033e+08 0
1.81033e+08 0
1.81033e+08 0
1.81033e+08 0
1.81033e+08 0
