0 -3.20193e-06
0 -2.17585e-05
0 -13384.2
-15 -13384.2
-30 -13384.2
-45 -13384.2
-60.0001 -13384.2
-75.0001 -13384.2
-90.0002 -13384.2
-105 -13384.2
-120 -13384.2
-135 -13384.2
-150 -13384.2
-165.001 -13384.2
-180.001 -13384.2
-195.001 -13384.2
-210.001 -13384.2
-225.001 -13384.2
-240.001 -13384.2
-255.001 -13384.2
-270.001 -13384.2
-285.002 -13384.2
-300.002 -13384.2
-315.002 -13384.2
-330.002 -13384.2
-345.002 -13384.2
-360.002 -13384.2
-375.003 -13384.2
-390.003 -13384.2
-405.003 -13384.2
-420.003 -13384.2
-435.004 -13384.2
-450.004 -13384.2
-465.004 -13384.2
-480.004 -13384.2
-495.005 -13384.2
-510.005 -13384.2
-525.005 -13384.2
-540.006 -13384.2
-555.006 -13384.2
-570.006 -13384.2
-585.006 -13384.2
-600.007 -13384.2
-615.007 -13384.2
-630.008 -13384.2
-645.008 -13384.2
-660.008 -13384.2
-675.009 -13384.2
-690.009 -13384.2
-705.009 -13384.2
-720.01 -13384.2
-735.01 -13384.2
-750.011 -13384.2
-765.011 -13384.2
-780.012 -13384.2
-795.012 -13384.2
-810.012 -13384.2
-825.013 -13384.2
-840.013 -13384.2
-855.014 -13384.2
-870.014 -13384.2
-885.015 -13384.2
-900.015 -13384.2
-915.016 -13384.2
-930.016 -13384.2
-945.017 -13384.2
-960.017 -13384.2
-975.018 -13384.2
-990.019 -13384.2
-1005.02 -13384.2
-1020.02 -13384.2
-1035.02 -13384.2
-1050.02 -13384.2
-1065.02 -13384.2
-1080.02 -13384.2
-1095.02 -13384.2
-1110.02 -13384.2
-1125.02 -13384.2
-1140.02 -13384.2
-1155.03 -13384.2
-1170.03 -13384.2
-1185.03 -13384.2
-1200.03 -13384.2
-1215.03 -13384.2
-1230.03 -13384.2
-1245.03 -13384.2
-1260.03 -13384.2
-1275.03 -13384.2
-1290.03 -13384.2
-1305.03 -13384.2
-1320.03 -13384.2
-1335.03 -13384.2
-1350.03 -13384.2
-1365.04 -13384.2
-1380.04 -13384.2
-1395.04 -13384.2
-1410.04 -13384.2
-1425.04 -13384.2
-1440.04 -13384.2
-1455.04 -13384.2
-1470.04 -13384.2
-1485.04 -13384.2
-1500.04 -13384.2
