0 -1.60735e-06
0 2.5229e-05
0 4.10892e-05
-9.16461e+07 5.10892e-05
-2.97085e+08 6.10892e-05
9.24204e+08 7.10892e-05
9.24204e+08 8.10892e-05
9.24204e+08 9.10892e-05
9.24204e+08 0.000101089
9.24204e+08 0.000111089
9.24204e+08 0.000121089
9.24204e+08 0.000131089
9.24204e+08 0.000141089
9.24204e+08 0.000151089
9.24204e+08 0.000161089
9.24204e+08 0.000171089
9.24204e+08 0.000181089
9.24204e+08 0.000191089
9.24204e+08 0.000201089
9.24204e+08 0.000211089
9.24204e+08 0.000221089
9.24204e+08 0.000231089
9.24204e+08 0.000241089
9.24204e+08 0.000251089
9.24204e+08 0.000261089
9.24204e+08 0.000271089
9.24204e+08 0.000281089
9.24204e+08 0.000291089
9.24204e+08 0.000301089
9.24204e+08 0.000311089
9.24204e+08 0.000321089
9.24204e+08 0.000331089
9.24204e+08 0.000341089
9.24204e+08 0.000351089
9.24204e+08 0.000361089
9.24204e+08 0.000371089
9.24204e+08 0.000381089
9.24204e+08 0.000391089
9.24204e+08 0.000401089
9.24204e+08 0.000411089
9.24204e+08 0.000421089
9.24204e+08 0.000431089
9.24204e+08 0.000441089
9.24204e+08 0.000451089
9.24204e+08 0.000461089
9.24204e+08 0.000471089
9.24204e+08 0.000481089
9.24204e+08 0.000491089
9.24204e+08 0.000501089
9.24204e+08 0.000511089
9.24204e+08 0.000521089
9.24204e+08 0.000531089
9.24204e+08 0.000541089
9.24204e+08 0.000551089
9.24204e+08 0.000561089
9.24204e+08 0.000571089
9.24204e+08 0.000581089
9.24204e+08 0.000591089
9.24204e+08 0.000601089
9.24204e+08 0.000611089
9.24204e+08 0.000621089
9.24204e+08 0.000631089
9.24204e+08 0.000641089
9.24204e+08 0.000651089
9.24204e+08 0.000661089
9.24204e+08 0.000671089
9.24204e+08 0.000681089
9.24204e+08 0.000691089
9.24204e+08 0.000701089
9.24204e+08 0.000711089
9.24204e+08 0.000721089
9.24204e+08 0.000731089
9.24204e+08 0.000741089
9.24204e+08 0.000751089
9.24204e+08 0.000761089
9.24204e+08 0.000771089
9.24204e+08 0.000781089
9.24204e+08 0.000791089
9.24204e+08 0.000801089
9.24204e+08 0.000811089
9.24204e+08 0.000821089
9.24204e+08 0.000831089
9.24204e+08 0.000841089
9.24204e+08 0.000851089
9.24204e+08 0.000861089
9.24204e+08 0.000871089
9.24204e+08 0.000881089
9.24204e+08 0.000891089
9.24204e+08 0.000901089
9.24204e+08 0.000911089
9.24204e+08 0.000921089
9.24204e+08 0.000931089
9.24204e+08 0.000941089
9.24204e+08 0.000951089
9.24204e+08 0.000961089
9.24204e+08 0.000971089
9.24204e+08 0.000981089
9.24204e+08 0.000991089
9.24204e+08 0.00100109
9.24204e+08 0.00101109
9.24204e+08 0.00102109
9.24204e+08 0.00103109
9.24204e+08 0.00104109
