0 -1.93156e-06
0 1.26915e+08
0 1.26915e+08
-1.42355e+08 2.6927e+08
-1.93554e+08 3.20469e+08
-2.17196e+08 3.44111e+08
-2.27254e+08 3.54169e+08
-2.29978e+08 3.56893e+08
-2.27888e+08 3.54803e+08
-2.21711e+08 3.48626e+08
-2.11478e+08 3.38393e+08
-1.96873e+08 3.23788e+08
-1.76766e+08 3.03681e+08
-1.49133e+08 2.76048e+08
-1.09491e+08 2.36406e+08
-5.44056e+07 1.81321e+08
1.11043e+07 1.15811e+08
1.17434e+08 9.05783e+06
2.82493e+08 -1.55578e+08
4.33187e+08 -2.48033e+08
3.75233e+08 -2.24209e+08
5.87368e+08 0
5.87368e+08 0
5.87368e+08 0
5.87368e+08 0
5.87368e+08 0
5.87368e+08 0
5.87368e+08 0
5.87368e+08 0
5.87368e+08 0
5.87368e+08 0
5.87368e+08 0
5.87368e+08 0
5.87368e+08 0
5.87368e+08 0
5.87368e+08 0
5.87368e+08 0
5.87368e+08 0
5.87368e+08 0
5.87368e+08 0
5.87368e+08 0
5.87368e+08 0
5.87368e+08 0
5.87368e+08 0
5.87368e+08 0
5.87368e+08 0
5.87368e+08 0
5.87368e+08 0
5.87368e+08 0
5.87368e+08 0
5.87368e+08 0
5.87368e+08 0
5.87368e+08 0
5.87368e+08 0
5.87368e+08 0
5.87368e+08 0
5.87368e+08 0
5.87368e+08 0
5.87368e+08 0
5.87368e+08 0
5.87368e+08 0
5.87368e+08 0
5.87368e+08 0
5.87368e+08 0
5.87368e+08 0
5.87368e+08 0
5.87368e+08 0
5.87368e+08 0
5.87368e+08 0
5.87368e+08 0
5.87368e+08 0
5.87368e+08 0
5.87368e+08 0
5.87368e+08 0
5.87368e+08 0
5.87368e+08 0
5.87368e+08 0
5.87368e+08 0
5.87368e+08 0
5.87368e+08 0
5.87368e+08 0
5.87368e+08 0
5.87368e+08 0
5.87368e+08 0
5.87368e+08 0
5.87368e+08 0
5.87368e+08 0
5.87368e+08 0
5.87368e+08 0
5.87368e+08 0
5.87368e+08 0
5.87368e+08 0
5.87368e+08 0
5.87368e+08 0
5.87368e+08 0
5.87368e+08 0
5.87368e+08 0
5.87368e+08 0
5.87368e+08 0
5.87368e+08 0
5.87368e+08 0
5.87368e+08 0
5.87368e+08 0
