0 -2.67937e-06
0 6.30229e-05
0 166191
-15 166191
-30 166191
-45 166191
-60 166191
-75 166191
-90 166191
-105 166191
-120 166191
-135 166191
-150 166191
-165 166191
-180 166191
-195 166191
-210 166191
-225 166191
-240 166191
-255 166191
-270 166191
-285 166191
-300 166191
-315 166191
-330 166191
-345 166191
-360 166191
-375 166191
-390 166191
-405 166191
-420 166191
-435 166191
-450 166191
-465 166191
-480 166191
-495 166191
-510 166191
-525 166191
-540 166191
-554.999 166191
-569.999 166191
-584.999 166191
-599.999 166191
-614.999 166191
-629.999 166191
-644.999 166191
-659.999 166191
-674.999 166191
-689.999 166191
-704.999 166191
-719.999 166191
-734.999 166191
-749.999 166191
-764.999 166191
-779.999 166191
-794.999 166191
-809.999 166191
-824.999 166191
-839.999 166191
-854.999 166191
-869.999 166191
-884.999 166191
-899.999 166191
-914.999 166191
-929.999 166191
-944.998 166191
-959.998 166191
-974.998 166191
-989.998 166191
-1005 166191
-1020 166191
-1035 166191
-1050 166191
-1065 166191
-1080 166191
-1095 166191
-1110 166191
-1125 166191
-1140 166191
-1155 166191
-1170 166191
-1185 166191
-1200 166191
-1215 166191
-1230 166191
-1245 166191
-1260 166191
-1275 166191
-1290 166191
-1305 166191
-1320 166191
-1335 166191
-1350 166191
-1365 166191
-1380 166191
-1395 166191
-1410 166191
-1425 166191
-1440 166191
-1455 166191
-1470 166191
-1485 166191
-1500 166191
