0 -1.12237e-06
0 3.37138e-05
0 1.8678e-05
4.40984e+07 2.8678e-05
6.82064e+07 3.8678e-05
7.83593e+07 4.8678e-05
8.39398e+07 5.8678e-05
8.76988e+07 6.8678e-05
9.00563e+07 7.8678e-05
9.15122e+07 8.8678e-05
9.2296e+07 9.8678e-05
9.25442e+07 0.000108678
9.23122e+07 0.000118678
9.16324e+07 0.000128678
9.05082e+07 0.000138678
8.89491e+07 0.000148678
8.69372e+07 0.000158678
8.4426e+07 0.000168678
8.13467e+07 0.000178678
7.76297e+07 0.000188678
7.31474e+07 0.000198678
6.77206e+07 0.000208678
6.10439e+07 0.000218678
5.25795e+07 0.000228678
4.17776e+07 0.000238678
3.20303e+07 0.000248678
2.39935e+07 0.000258678
1.69233e+07 0.000268678
4.97322e+06 0.000278678
-9.44938e+06 0.000288678
-2.39475e+07 0.000298678
-3.7907e+07 0.000308678
-5.11109e+07 0.000318678
-6.28906e+07 0.000328678
-7.5292e+07 0.000338678
-8.89969e+07 0.000348678
4.82401e+07 0.000358678
4.82401e+07 0.000368678
4.82401e+07 0.000378678
4.82401e+07 0.000388678
4.82401e+07 0.000398678
4.82401e+07 0.000408678
4.82401e+07 0.000418678
4.82401e+07 0.000428678
4.82401e+07 0.000438678
4.82401e+07 0.000448678
4.82401e+07 0.000458678
4.82401e+07 0.000468678
4.82401e+07 0.000478678
4.82401e+07 0.000488678
4.82401e+07 0.000498678
4.82401e+07 0.000508678
4.82401e+07 0.000518678
4.82401e+07 0.000528678
4.82401e+07 0.000538678
4.82401e+07 0.000548678
4.82401e+07 0.000558678
4.82401e+07 0.000568678
4.82401e+07 0.000578678
4.82401e+07 0.000588678
4.82401e+07 0.000598678
4.82401e+07 0.000608678
4.82401e+07 0.000618678
4.82401e+07 0.000628678
4.82401e+07 0.000638678
4.82401e+07 0.000648678
4.82401e+07 0.000658678
4.82401e+07 0.000668678
4.82401e+07 0.000678678
4.82401e+07 0.000688678
4.82401e+07 0.000698678
4.82401e+07 0.000708678
4.82401e+07 0.000718678
4.82401e+07 0.000728678
4.82401e+07 0.000738678
4.82401e+07 0.000748678
4.82401e+07 0.000758678
4.82401e+07 0.000768678
4.82401e+07 0.000778678
4.82401e+07 0.000788678
4.82401e+07 0.000798678
4.82401e+07 0.000808678
4.82401e+07 0.000818678
4.82401e+07 0.000828678
4.82401e+07 0.000838678
4.82401e+07 0.000848678
4.82401e+07 0.000858678
4.82401e+07 0.000868678
4.82401e+07 0.000878678
4.82401e+07 0.000888678
4.82401e+07 0.000898678
4.82401e+07 0.000908678
4.82401e+07 0.000918678
4.82401e+07 0.000928678
4.82401e+07 0.000938678
4.82401e+07 0.000948678
4.82401e+07 0.000958678
4.82401e+07 0.000968678
4.82401e+07 0.000978678
4.82401e+07 0.000988678
4.82401e+07 0.000998678
4.82401e+07 0.00100868
4.82401e+07 0.00101868
