0 -8.39233e-07
0 2.09784e-06
0 9.09885e-07
1.69478e+08 1.09099e-05
2.43804e+08 2.09099e-05
2.70588e+08 3.09099e-05
2.81339e+08 4.09099e-05
2.85331e+08 5.09099e-05
2.86187e+08 6.09099e-05
2.8488e+08 7.09099e-05
2.81792e+08 8.09099e-05
2.78143e+08 9.09099e-05
2.72461e+08 0.00010091
2.6527e+08 0.00011091
2.56207e+08 0.00012091
2.43502e+08 0.00013091
2.22877e+08 0.00014091
1.68319e+08 0.00015091
3.42454e+07 0.00016091
3.21994e+08 0.00017091
3.21994e+08 0.00018091
3.21994e+08 0.00019091
3.21994e+08 0.00020091
3.21994e+08 0.00021091
3.21994e+08 0.00022091
3.21994e+08 0.00023091
3.21994e+08 0.00024091
3.21994e+08 0.00025091
3.21994e+08 0.00026091
3.21994e+08 0.00027091
3.21994e+08 0.00028091
3.21994e+08 0.00029091
3.21994e+08 0.00030091
3.21994e+08 0.00031091
3.21994e+08 0.00032091
3.21994e+08 0.00033091
3.21994e+08 0.00034091
3.21994e+08 0.00035091
3.21994e+08 0.00036091
3.21994e+08 0.00037091
3.21994e+08 0.00038091
3.21994e+08 0.00039091
3.21994e+08 0.00040091
3.21994e+08 0.00041091
3.21994e+08 0.00042091
3.21994e+08 0.00043091
3.21994e+08 0.00044091
3.21994e+08 0.00045091
3.21994e+08 0.00046091
3.21994e+08 0.00047091
3.21994e+08 0.00048091
3.21994e+08 0.00049091
3.21994e+08 0.00050091
3.21994e+08 0.00051091
3.21994e+08 0.00052091
3.21994e+08 0.00053091
3.21994e+08 0.00054091
3.21994e+08 0.00055091
3.21994e+08 0.00056091
3.21994e+08 0.00057091
3.21994e+08 0.00058091
3.21994e+08 0.00059091
3.21994e+08 0.00060091
3.21994e+08 0.00061091
3.21994e+08 0.00062091
3.21994e+08 0.00063091
3.21994e+08 0.00064091
3.21994e+08 0.00065091
3.21994e+08 0.00066091
3.21994e+08 0.00067091
3.21994e+08 0.00068091
3.21994e+08 0.00069091
3.21994e+08 0.00070091
3.21994e+08 0.00071091
3.21994e+08 0.00072091
3.21994e+08 0.00073091
3.21994e+08 0.00074091
3.21994e+08 0.00075091
3.21994e+08 0.00076091
3.21994e+08 0.00077091
3.21994e+08 0.00078091
3.21994e+08 0.00079091
3.21994e+08 0.00080091
3.21994e+08 0.00081091
3.21994e+08 0.00082091
3.21994e+08 0.00083091
3.21994e+08 0.00084091
3.21994e+08 0.00085091
3.21994e+08 0.00086091
3.21994e+08 0.00087091
3.21994e+08 0.00088091
3.21994e+08 0.00089091
3.21994e+08 0.00090091
3.21994e+08 0.00091091
3.21994e+08 0.00092091
3.21994e+08 0.00093091
3.21994e+08 0.00094091
3.21994e+08 0.00095091
3.21994e+08 0.00096091
3.21994e+08 0.00097091
3.21994e+08 0.00098091
3.21994e+08 0.00099091
3.21994e+08 0.00100091
