0 9.49949e-08
0 1.45521e+08
0 1.45521e+08
-1.39506e+08 2.85027e+08
-1.91303e+08 3.36825e+08
-2.00685e+08 3.46207e+08
-1.94994e+08 3.40515e+08
-1.80631e+08 3.26152e+08
-1.5857e+08 3.04091e+08
-1.28223e+08 2.73745e+08
-8.68266e+07 2.32348e+08
-2.78896e+07 1.73411e+08
6.97068e+07 7.58147e+07
7.79136e+08 0
7.79136e+08 0
7.79136e+08 0
7.79136e+08 0
7.79136e+08 0
7.79136e+08 0
7.79136e+08 0
7.79136e+08 0
7.79136e+08 0
7.79136e+08 0
7.79136e+08 0
7.79136e+08 0
7.79136e+08 0
7.79136e+08 0
7.79136e+08 0
7.79136e+08 0
7.79136e+08 0
7.79136e+08 0
7.79136e+08 0
7.79136e+08 0
7.79136e+08 0
7.79136e+08 0
7.79136e+08 0
7.79136e+08 0
7.79136e+08 0
7.79136e+08 0
7.79136e+08 0
7.79136e+08 0
7.79136e+08 0
7.79136e+08 0
7.79136e+08 0
7.79136e+08 0
7.79136e+08 0
7.79136e+08 0
7.79136e+08 0
7.79136e+08 0
7.79136e+08 0
7.79136e+08 0
7.79136e+08 0
7.79136e+08 0
7.79136e+08 0
7.79136e+08 0
7.79136e+08 0
7.79136e+08 0
7.79136e+08 0
7.79136e+08 0
7.79136e+08 0
7.79136e+08 0
7.79136e+08 0
7.79136e+08 0
7.79136e+08 0
7.79136e+08 0
7.79136e+08 0
7.79136e+08 0
7.79136e+08 0
7.79136e+08 0
7.79136e+08 0
7.79136e+08 0
7.79136e+08 0
7.79136e+08 0
7.79136e+08 0
7.79136e+08 0
7.79136e+08 0
7.79136e+08 0
7.79136e+08 0
7.79136e+08 0
7.79136e+08 0
7.79136e+08 0
7.79136e+08 0
7.79136e+08 0
7.79136e+08 0
7.79136e+08 0
7.79136e+08 0
7.79136e+08 0
7.79136e+08 0
7.79136e+08 0
7.79136e+08 0
7.79136e+08 0
7.79136e+08 0
7.79136e+08 0
7.79136e+08 0
7.79136e+08 0
7.79136e+08 0
7.79136e+08 0
7.79136e+08 0
7.79136e+08 0
7.79136e+08 0
7.79136e+08 0
7.79136e+08 0
7.79136e+08 0
