0 -4.78142e-06
0 1.61466e-05
0 -703538
-15 -703538
-30 -703538
-45 -703538
-60 -703538
-75 -703538
-90 -703538
-105 -703538
-120 -703538
-135 -703538
-150 -703538
-165 -703538
-180 -703538
-195 -703538
-210 -703538
-225 -703538
-240 -703538
-255 -703538
-270 -703538
-285 -703538
-300 -703538
-315 -703538
-330 -703538
-345 -703538
-360 -703538
-375 -703538
-390 -703538
-405 -703538
-420 -703538
-435 -703538
-450 -703538
-465 -703538
-480 -703538
-495 -703538
-510 -703538
-525 -703538
-540 -703538
-555 -703538
-570 -703538
-585 -703538
-600 -703538
-615 -703538
-630 -703538
-645 -703538
-660 -703538
-675 -703538
-690 -703538
-705 -703538
-720 -703538
-735 -703538
-750 -703538
-765 -703538
-780 -703538
-795 -703538
-810 -703538
-825 -703538
-840 -703538
-855 -703538
-870 -703538
-885 -703538
-900 -703538
-915 -703538
-930 -703538
-945 -703538
-960 -703538
-975 -703538
-990 -703538
-1005 -703538
-1020 -703538
-1035 -703538
-1050 -703538
-1065 -703538
-1080 -703538
-1095 -703538
-1110 -703538
-1125 -703538
-1140 -703538
-1155 -703538
-1170 -703538
-1185 -703538
-1200 -703538
-1215 -703538
-1230 -703538
-1245 -703538
-1260 -703538
-1275 -703538
-1290 -703538
-1305 -703538
-1320 -703538
-1335 -703538
-1350 -703538
-1365 -703538
-1380 -703538
-1395 -703538
-1410 -703538
-1425 -703538
-1440 -703538
-1455 -703538
-1470 -703538
-1485 -703538
-1500 -703538
