0 -3.39813e-06
0 2.69134e-05
0 1.95508e-05
1.06593e+07 2.95508e-05
-3.09779e+07 3.95508e-05
-1.15272e+08 4.95508e-05
8.85955e+08 5.95508e-05
8.85955e+08 6.95508e-05
8.85955e+08 7.95508e-05
8.85955e+08 8.95508e-05
8.85955e+08 9.95508e-05
8.85955e+08 0.000109551
8.85955e+08 0.000119551
8.85955e+08 0.000129551
8.85955e+08 0.000139551
8.85955e+08 0.000149551
8.85955e+08 0.000159551
8.85955e+08 0.000169551
8.85955e+08 0.000179551
8.85955e+08 0.000189551
8.85955e+08 0.000199551
8.85955e+08 0.000209551
8.85955e+08 0.000219551
8.85955e+08 0.000229551
8.85955e+08 0.000239551
8.85955e+08 0.000249551
8.85955e+08 0.000259551
8.85955e+08 0.000269551
8.85955e+08 0.000279551
8.85955e+08 0.000289551
8.85955e+08 0.000299551
8.85955e+08 0.000309551
8.85955e+08 0.000319551
8.85955e+08 0.000329551
8.85955e+08 0.000339551
8.85955e+08 0.000349551
8.85955e+08 0.000359551
8.85955e+08 0.000369551
8.85955e+08 0.000379551
8.85955e+08 0.000389551
8.85955e+08 0.000399551
8.85955e+08 0.000409551
8.85955e+08 0.000419551
8.85955e+08 0.000429551
8.85955e+08 0.000439551
8.85955e+08 0.000449551
8.85955e+08 0.000459551
8.85955e+08 0.000469551
8.85955e+08 0.000479551
8.85955e+08 0.000489551
8.85955e+08 0.000499551
8.85955e+08 0.000509551
8.85955e+08 0.000519551
8.85955e+08 0.000529551
8.85955e+08 0.000539551
8.85955e+08 0.000549551
8.85955e+08 0.000559551
8.85955e+08 0.000569551
8.85955e+08 0.000579551
8.85955e+08 0.000589551
8.85955e+08 0.000599551
8.85955e+08 0.000609551
8.85955e+08 0.000619551
8.85955e+08 0.000629551
8.85955e+08 0.000639551
8.85955e+08 0.000649551
8.85955e+08 0.000659551
8.85955e+08 0.000669551
8.85955e+08 0.000679551
8.85955e+08 0.000689551
8.85955e+08 0.000699551
8.85955e+08 0.000709551
8.85955e+08 0.000719551
8.85955e+08 0.000729551
8.85955e+08 0.000739551
8.85955e+08 0.000749551
8.85955e+08 0.000759551
8.85955e+08 0.000769551
8.85955e+08 0.000779551
8.85955e+08 0.000789551
8.85955e+08 0.000799551
8.85955e+08 0.000809551
8.85955e+08 0.000819551
8.85955e+08 0.000829551
8.85955e+08 0.000839551
8.85955e+08 0.000849551
8.85955e+08 0.000859551
8.85955e+08 0.000869551
8.85955e+08 0.000879551
8.85955e+08 0.000889551
8.85955e+08 0.000899551
8.85955e+08 0.000909551
8.85955e+08 0.000919551
8.85955e+08 0.000929551
8.85955e+08 0.000939551
8.85955e+08 0.000949551
8.85955e+08 0.000959551
8.85955e+08 0.000969551
8.85955e+08 0.000979551
8.85955e+08 0.000989551
8.85955e+08 0.000999551
8.85955e+08 0.00100955
8.85955e+08 0.00101955
