0 -9.2937e-07
0 4.81569e-05
0 0.000150978
-1.14877e+08 0.000160978
1.94798e+08 0.000170978
1.94798e+08 0.000180978
1.94798e+08 0.000190978
1.94798e+08 0.000200978
1.94798e+08 0.000210978
1.94798e+08 0.000220978
1.94798e+08 0.000230978
1.94798e+08 0.000240978
1.94798e+08 0.000250978
1.94798e+08 0.000260978
1.94798e+08 0.000270978
1.94798e+08 0.000280978
1.94798e+08 0.000290978
1.94798e+08 0.000300978
1.94798e+08 0.000310978
1.94798e+08 0.000320978
1.94798e+08 0.000330978
1.94798e+08 0.000340978
1.94798e+08 0.000350978
1.94798e+08 0.000360978
1.94798e+08 0.000370978
1.94798e+08 0.000380978
1.94798e+08 0.000390978
1.94798e+08 0.000400978
1.94798e+08 0.000410978
1.94798e+08 0.000420978
1.94798e+08 0.000430978
1.94798e+08 0.000440978
1.94798e+08 0.000450978
1.94798e+08 0.000460978
1.94798e+08 0.000470978
1.94798e+08 0.000480978
1.94798e+08 0.000490978
1.94798e+08 0.000500978
1.94798e+08 0.000510978
1.94798e+08 0.000520978
1.94798e+08 0.000530978
1.94798e+08 0.000540978
1.94798e+08 0.000550978
1.94798e+08 0.000560978
1.94798e+08 0.000570978
1.94798e+08 0.000580978
1.94798e+08 0.000590978
1.94798e+08 0.000600978
1.94798e+08 0.000610978
1.94798e+08 0.000620978
1.94798e+08 0.000630978
1.94798e+08 0.000640978
1.94798e+08 0.000650978
1.94798e+08 0.000660978
1.94798e+08 0.000670978
1.94798e+08 0.000680978
1.94798e+08 0.000690978
1.94798e+08 0.000700978
1.94798e+08 0.000710978
1.94798e+08 0.000720978
1.94798e+08 0.000730978
1.94798e+08 0.000740978
1.94798e+08 0.000750978
1.94798e+08 0.000760978
1.94798e+08 0.000770978
1.94798e+08 0.000780978
1.94798e+08 0.000790978
1.94798e+08 0.000800978
1.94798e+08 0.000810978
1.94798e+08 0.000820978
1.94798e+08 0.000830978
1.94798e+08 0.000840978
1.94798e+08 0.000850978
1.94798e+08 0.000860978
1.94798e+08 0.000870978
1.94798e+08 0.000880978
1.94798e+08 0.000890978
1.94798e+08 0.000900978
1.94798e+08 0.000910978
1.94798e+08 0.000920978
1.94798e+08 0.000930978
1.94798e+08 0.000940978
1.94798e+08 0.000950978
1.94798e+08 0.000960978
1.94798e+08 0.000970978
1.94798e+08 0.000980978
1.94798e+08 0.000990978
1.94798e+08 0.00100098
1.94798e+08 0.00101098
1.94798e+08 0.00102098
1.94798e+08 0.00103098
1.94798e+08 0.00104098
1.94798e+08 0.00105098
1.94798e+08 0.00106098
1.94798e+08 0.00107098
1.94798e+08 0.00108098
1.94798e+08 0.00109098
1.94798e+08 0.00110098
1.94798e+08 0.00111098
1.94798e+08 0.00112098
1.94798e+08 0.00113098
1.94798e+08 0.00114098
1.94798e+08 0.00115098
