0 -1.34602e-06
0 2.64117e-05
0 -7.67477e-05
3.05417e+07 -6.67477e-05
3.94593e+08 -5.67477e-05
3.94593e+08 -4.67477e-05
3.94593e+08 -3.67477e-05
3.94593e+08 -2.67477e-05
3.94593e+08 -1.67477e-05
3.94593e+08 -6.7477e-06
3.94593e+08 3.2523e-06
3.94593e+08 1.32523e-05
3.94593e+08 2.32523e-05
3.94593e+08 3.32523e-05
3.94593e+08 4.32523e-05
3.94593e+08 5.32523e-05
3.94593e+08 6.32523e-05
3.94593e+08 7.32523e-05
3.94593e+08 8.32523e-05
3.94593e+08 9.32523e-05
3.94593e+08 0.000103252
3.94593e+08 0.000113252
3.94593e+08 0.000123252
3.94593e+08 0.000133252
3.94593e+08 0.000143252
3.94593e+08 0.000153252
3.94593e+08 0.000163252
3.94593e+08 0.000173252
3.94593e+08 0.000183252
3.94593e+08 0.000193252
3.94593e+08 0.000203252
3.94593e+08 0.000213252
3.94593e+08 0.000223252
3.94593e+08 0.000233252
3.94593e+08 0.000243252
3.94593e+08 0.000253252
3.94593e+08 0.000263252
3.94593e+08 0.000273252
3.94593e+08 0.000283252
3.94593e+08 0.000293252
3.94593e+08 0.000303252
3.94593e+08 0.000313252
3.94593e+08 0.000323252
3.94593e+08 0.000333252
3.94593e+08 0.000343252
3.94593e+08 0.000353252
3.94593e+08 0.000363252
3.94593e+08 0.000373252
3.94593e+08 0.000383252
3.94593e+08 0.000393252
3.94593e+08 0.000403252
3.94593e+08 0.000413252
3.94593e+08 0.000423252
3.94593e+08 0.000433252
3.94593e+08 0.000443252
3.94593e+08 0.000453252
3.94593e+08 0.000463252
3.94593e+08 0.000473252
3.94593e+08 0.000483252
3.94593e+08 0.000493252
3.94593e+08 0.000503252
3.94593e+08 0.000513252
3.94593e+08 0.000523252
3.94593e+08 0.000533252
3.94593e+08 0.000543252
3.94593e+08 0.000553252
3.94593e+08 0.000563252
3.94593e+08 0.000573252
3.94593e+08 0.000583252
3.94593e+08 0.000593252
3.94593e+08 0.000603252
3.94593e+08 0.000613252
3.94593e+08 0.000623252
3.94593e+08 0.000633252
3.94593e+08 0.000643252
3.94593e+08 0.000653252
3.94593e+08 0.000663252
3.94593e+08 0.000673252
3.94593e+08 0.000683252
3.94593e+08 0.000693252
3.94593e+08 0.000703252
3.94593e+08 0.000713252
3.94593e+08 0.000723252
3.94593e+08 0.000733252
3.94593e+08 0.000743252
3.94593e+08 0.000753252
3.94593e+08 0.000763252
3.94593e+08 0.000773252
3.94593e+08 0.000783252
3.94593e+08 0.000793252
3.94593e+08 0.000803252
3.94593e+08 0.000813252
3.94593e+08 0.000823252
3.94593e+08 0.000833252
3.94593e+08 0.000843252
3.94593e+08 0.000853252
3.94593e+08 0.000863252
3.94593e+08 0.000873252
3.94593e+08 0.000883252
3.94593e+08 0.000893252
3.94593e+08 0.000903252
3.94593e+08 0.000913252
3.94593e+08 0.000923252
