0 -2.26332e-06
0 5.99288e-06
0 3.17639e-06
1.41128e+08 1.31764e-05
2.36018e+08 2.31764e-05
2.6838e+08 3.31764e-05
2.73454e+08 4.31764e-05
2.66586e+08 5.31764e-05
2.5382e+08 6.31764e-05
2.33192e+08 7.31764e-05
2.04018e+08 8.31764e-05
1.60909e+08 9.31764e-05
8.413e+07 0.000103176
-9.31538e+07 0.000113176
6.42214e+08 0.000123176
6.42214e+08 0.000133176
6.42214e+08 0.000143176
6.42214e+08 0.000153176
6.42214e+08 0.000163176
6.42214e+08 0.000173176
6.42214e+08 0.000183176
6.42214e+08 0.000193176
6.42214e+08 0.000203176
6.42214e+08 0.000213176
6.42214e+08 0.000223176
6.42214e+08 0.000233176
6.42214e+08 0.000243176
6.42214e+08 0.000253176
6.42214e+08 0.000263176
6.42214e+08 0.000273176
6.42214e+08 0.000283176
6.42214e+08 0.000293176
6.42214e+08 0.000303176
6.42214e+08 0.000313176
6.42214e+08 0.000323176
6.42214e+08 0.000333176
6.42214e+08 0.000343176
6.42214e+08 0.000353176
6.42214e+08 0.000363176
6.42214e+08 0.000373176
6.42214e+08 0.000383176
6.42214e+08 0.000393176
6.42214e+08 0.000403176
6.42214e+08 0.000413176
6.42214e+08 0.000423176
6.42214e+08 0.000433176
6.42214e+08 0.000443176
6.42214e+08 0.000453176
6.42214e+08 0.000463176
6.42214e+08 0.000473176
6.42214e+08 0.000483176
6.42214e+08 0.000493176
6.42214e+08 0.000503176
6.42214e+08 0.000513176
6.42214e+08 0.000523176
6.42214e+08 0.000533176
6.42214e+08 0.000543176
6.42214e+08 0.000553176
6.42214e+08 0.000563176
6.42214e+08 0.000573176
6.42214e+08 0.000583176
6.42214e+08 0.000593176
6.42214e+08 0.000603176
6.42214e+08 0.000613176
6.42214e+08 0.000623176
6.42214e+08 0.000633176
6.42214e+08 0.000643176
6.42214e+08 0.000653176
6.42214e+08 0.000663176
6.42214e+08 0.000673176
6.42214e+08 0.000683176
6.42214e+08 0.000693176
6.42214e+08 0.000703176
6.42214e+08 0.000713176
6.42214e+08 0.000723176
6.42214e+08 0.000733176
6.42214e+08 0.000743176
6.42214e+08 0.000753176
6.42214e+08 0.000763176
6.42214e+08 0.000773176
6.42214e+08 0.000783176
6.42214e+08 0.000793176
6.42214e+08 0.000803176
6.42214e+08 0.000813176
6.42214e+08 0.000823176
6.42214e+08 0.000833176
6.42214e+08 0.000843176
6.42214e+08 0.000853176
6.42214e+08 0.000863176
6.42214e+08 0.000873176
6.42214e+08 0.000883176
6.42214e+08 0.000893176
6.42214e+08 0.000903176
6.42214e+08 0.000913176
6.42214e+08 0.000923176
6.42214e+08 0.000933176
6.42214e+08 0.000943176
6.42214e+08 0.000953176
6.42214e+08 0.000963176
6.42214e+08 0.000973176
6.42214e+08 0.000983176
6.42214e+08 0.000993176
6.42214e+08 0.00100318
