0 -1.60735e-06
0 2.5229e-05
0 -266451
-15 -266451
-30 -266451
-45 -266451
-60 -266451
-75 -266451
-90 -266451
-105 -266451
-120 -266451
-135 -266451
-150 -266451
-165 -266451
-180 -266451
-195 -266451
-210 -266451
-225 -266451
-240 -266451
-255 -266451
-270 -266451
-285 -266451
-300 -266451
-315 -266451
-330 -266451
-345 -266451
-360 -266451
-375 -266451
-390 -266451
-405 -266451
-420 -266451
-435 -266451
-450 -266451
-465 -266451
-480 -266451
-495 -266451
-510 -266451
-525 -266451
-540 -266451
-555 -266451
-570 -266451
-585 -266451
-600 -266451
-615 -266451
-630 -266451
-645 -266451
-660 -266451
-675 -266451
-690 -266451
-705 -266451
-720 -266451
-735 -266451
-750 -266451
-765 -266451
-780 -266451
-795 -266451
-810 -266451
-825 -266451
-840 -266451
-855 -266451
-870 -266451
-885 -266451
-900 -266451
-915 -266451
-930 -266451
-945 -266451
-960 -266451
-975 -266451
-990 -266451
-1005 -266451
-1020 -266451
-1035 -266451
-1050 -266451
-1065 -266451
-1080 -266451
-1095 -266451
-1110 -266451
-1125 -266451
-1140 -266451
-1155 -266451
-1170 -266451
-1185 -266451
-1200 -266451
-1215 -266451
-1230 -266451
-1245 -266451
-1260 -266451
-1275 -266451
-1290 -266451
-1305 -266451
-1320 -266451
-1335 -266451
-1350 -266451
-1365 -266451
-1380 -266451
-1395 -266451
-1410 -266451
-1425 -266451
-1440 -266451
-1455 -266451
-1470 -266451
-1485 -266451
-1500 -266451
