0 0
0 -7.17884e-05
0 -461357
-15 -461357
-30 -461357
-45 -461357
-60 -461357
-75 -461357
-90 -461357
-105 -461357
-120 -461357
-135 -461357
-150 -461357
-165 -461357
-180 -461357
-195 -461357
-210 -461357
-225 -461357
-240 -461357
-255 -461357
-270 -461357
-285 -461357
-300 -461357
-315 -461357
-330 -461357
-345 -461357
-360 -461357
-375 -461357
-390 -461357
-405 -461357
-420 -461357
-435 -461357
-450 -461357
-465 -461357
-480 -461357
-495 -461357
-510 -461357
-525 -461357
-540 -461357
-555 -461357
-570 -461357
-585 -461357
-600 -461357
-615 -461357
-630 -461357
-645 -461357
-660 -461357
-675 -461357
-690 -461357
-705 -461357
-720 -461357
-735 -461357
-750 -461357
-765 -461357
-780 -461357
-795 -461357
-810 -461357
-825 -461357
-840 -461357
-855 -461357
-870 -461357
-885 -461357
-900 -461357
-915.001 -461357
-930.001 -461357
-945.001 -461357
-960.001 -461357
-975.001 -461357
-990.001 -461357
-1005 -461357
-1020 -461357
-1035 -461357
-1050 -461357
-1065 -461357
-1080 -461357
-1095 -461357
-1110 -461357
-1125 -461357
-1140 -461357
-1155 -461357
-1170 -461357
-1185 -461357
-1200 -461357
-1215 -461357
-1230 -461357
-1245 -461357
-1260 -461357
-1275 -461357
-1290 -461357
-1305 -461357
-1320 -461357
-1335 -461357
-1350 -461357
-1365 -461357
-1380 -461357
-1395 -461357
-1410 -461357
-1425 -461357
-1440 -461357
-1455 -461357
-1470 -461357
-1485 -461357
-1500 -461357
