0 -3.18611e-06
0 -3.42261e-06
0 1.90781e-06
1.09151e+08 -1.09151e+08
1.22751e+08 -1.22751e+08
1.26286e+08 -1.26286e+08
1.299e+08 -1.299e+08
1.33565e+08 -1.33565e+08
1.37249e+08 -1.37249e+08
1.409e+08 -1.409e+08
1.44396e+08 -1.44396e+08
1.47444e+08 -1.47444e+08
1.50496e+08 -1.50764e+08
1.51722e+08 -1.51722e+08
1.53103e+08 -1.53103e+08
1.54288e+08 -1.54288e+08
1.5536e+08 -1.5536e+08
1.56295e+08 -1.56295e+08
1.57121e+08 -1.57121e+08
1.57872e+08 -1.57872e+08
1.58541e+08 -1.58541e+08
1.59129e+08 -1.59129e+08
1.59637e+08 -1.59637e+08
1.60101e+08 -1.60101e+08
1.60523e+08 -1.60523e+08
1.60899e+08 -1.60899e+08
1.61234e+08 -1.61234e+08
1.61539e+08 -1.61539e+08
1.61816e+08 -1.61816e+08
1.62063e+08 -1.62063e+08
1.62286e+08 -1.62286e+08
1.62486e+08 -1.62486e+08
1.62662e+08 -1.62662e+08
1.62817e+08 -1.62817e+08
1.62954e+08 -1.62954e+08
1.63077e+08 -1.63077e+08
1.63186e+08 -1.63186e+08
1.63282e+08 -1.63282e+08
1.63363e+08 -1.63363e+08
1.63424e+08 -1.63424e+08
1.63466e+08 -1.63466e+08
1.63495e+08 -1.63495e+08
1.63515e+08 -1.63515e+08
1.63526e+08 -1.63526e+08
1.63524e+08 -1.63524e+08
1.63508e+08 -1.63508e+08
1.63472e+08 -1.63472e+08
1.63416e+08 -1.63416e+08
1.63343e+08 -1.63343e+08
1.63253e+08 -1.63253e+08
1.63147e+08 -1.63147e+08
1.63021e+08 -1.63021e+08
1.62868e+08 -1.62868e+08
1.62688e+08 -1.62688e+08
1.62478e+08 -1.62478e+08
1.62204e+08 -1.62204e+08
1.61871e+08 -1.61871e+08
1.61487e+08 -1.61487e+08
1.61033e+08 -1.61033e+08
1.60451e+08 -1.60451e+08
1.59819e+08 -1.59819e+08
1.5916e+08 -1.5916e+08
1.58523e+08 -1.58523e+08
1.57686e+08 -1.57686e+08
1.56805e+08 -1.56805e+08
1.56083e+08 -1.56083e+08
1.55131e+08 -1.55131e+08
1.54072e+08 -1.54072e+08
1.53105e+08 -1.53105e+08
1.52156e+08 -1.52156e+08
1.50969e+08 -1.50969e+08
1.49638e+08 -1.49638e+08
1.48612e+08 -1.48612e+08
1.47681e+08 -1.47681e+08
1.46363e+08 -1.46363e+08
6.46894e+07 -6.46894e+07
6.41042e+07 -6.41042e+07
6.32884e+07 -6.32884e+07
6.2453e+07 -6.2453e+07
6.17073e+07 -6.17073e+07
6.11318e+07 -6.11318e+07
6.02403e+07 -6.02403e+07
5.91785e+07 -5.91785e+07
5.85223e+07 -5.85223e+07
5.79096e+07 -5.79096e+07
5.72065e+07 -5.72065e+07
5.63321e+07 -5.63321e+07
5.5575e+07 -5.5575e+07
5.49245e+07 -5.49314e+07
5.44232e+07 -5.44232e+07
5.38352e+07 -5.38459e+07
5.31586e+07 -5.31586e+07
5.2543e+07 -5.2543e+07
5.19404e+07 -5.19404e+07
5.13456e+07 -5.1347e+07
5.09366e+07 -5.09366e+07
5.0586e+07 -5.0586e+07
5.00077e+07 -5.00077e+07
4.93726e+07 -4.93726e+07
4.88457e+07 -4.88457e+07
4.85063e+07 -4.85063e+07
4.81559e+07 -4.81559e+07
4.77898e+07 -4.77983e+07
