0 -3.66708e-08
0 5.01215e+07
0 5.01215e+07
-1.55925e+08 2.06046e+08
-2.13194e+08 2.63315e+08
-1.93024e+08 2.43146e+08
-1.38692e+08 1.88814e+08
-4.5479e+07 9.56005e+07
7.56423e+08 0
7.56423e+08 0
7.56423e+08 0
7.56423e+08 0
7.56423e+08 0
7.56423e+08 0
7.56423e+08 0
7.56423e+08 0
7.56423e+08 0
7.56423e+08 0
7.56423e+08 0
7.56423e+08 0
7.56423e+08 0
7.56423e+08 0
7.56423e+08 0
7.56423e+08 0
7.56423e+08 0
7.56423e+08 0
7.56423e+08 0
7.56423e+08 0
7.56423e+08 0
7.56423e+08 0
7.56423e+08 0
7.56423e+08 0
7.56423e+08 0
7.56423e+08 0
7.56423e+08 0
7.56423e+08 0
7.56423e+08 0
7.56423e+08 0
7.56423e+08 0
7.56423e+08 0
7.56423e+08 0
7.56423e+08 0
7.56423e+08 0
7.56423e+08 0
7.56423e+08 0
7.56423e+08 0
7.56423e+08 0
7.56423e+08 0
7.56423e+08 0
7.56423e+08 0
7.56423e+08 0
7.56423e+08 0
7.56423e+08 0
7.56423e+08 0
7.56423e+08 0
7.56423e+08 0
7.56423e+08 0
7.56423e+08 0
7.56423e+08 0
7.56423e+08 0
7.56423e+08 0
7.56423e+08 0
7.56423e+08 0
7.56423e+08 0
7.56423e+08 0
7.56423e+08 0
7.56423e+08 0
7.56423e+08 0
7.56423e+08 0
7.56423e+08 0
7.56423e+08 0
7.56423e+08 0
7.56423e+08 0
7.56423e+08 0
7.56423e+08 0
7.56423e+08 0
7.56423e+08 0
7.56423e+08 0
7.56423e+08 0
7.56423e+08 0
7.56423e+08 0
7.56423e+08 0
7.56423e+08 0
7.56423e+08 0
7.56423e+08 0
7.56423e+08 0
7.56423e+08 0
7.56423e+08 0
7.56423e+08 0
7.56423e+08 0
7.56423e+08 0
7.56423e+08 0
7.56423e+08 0
7.56423e+08 0
7.56423e+08 0
7.56423e+08 0
7.56423e+08 0
7.56423e+08 0
7.56423e+08 0
7.56423e+08 0
7.56423e+08 0
7.56423e+08 0
7.56423e+08 0
