0 -5.55772e-06
0 2.11743e-05
0 -507010
-15 -507010
-30 -507010
-45 -507010
-60 -507010
-75 -507010
-90 -507010
-105 -507010
-120 -507010
-135 -507010
-150 -507010
-165 -507010
-180 -507010
-195 -507010
-210 -507010
-225 -507010
-240 -507010
-255 -507010
-270 -507010
-285 -507010
-300 -507010
-315 -507010
-330 -507010
-345 -507010
-360 -507010
-375 -507010
-390 -507010
-405 -507010
-420 -507010
-435 -507010
-450 -507010
-465 -507010
-480 -507010
-495 -507010
-510 -507010
-525 -507010
-540 -507010
-555 -507010
-570 -507010
-585 -507010
-600 -507010
-615 -507010
-630 -507010
-645 -507010
-660 -507010
-675 -507010
-690 -507010
-705 -507010
-720 -507010
-735 -507010
-750 -507010
-765 -507010
-780 -507010
-795 -507010
-810 -507010
-825 -507010
-840 -507010
-855 -507010
-870.001 -507010
-885.001 -507010
-900.001 -507010
-915.001 -507010
-930.001 -507010
-945.001 -507010
-960.001 -507010
-975.001 -507010
-990.001 -507010
-1005 -507010
-1020 -507010
-1035 -507010
-1050 -507010
-1065 -507010
-1080 -507010
-1095 -507010
-1110 -507010
-1125 -507010
-1140 -507010
-1155 -507010
-1170 -507010
-1185 -507010
-1200 -507010
-1215 -507010
-1230 -507010
-1245 -507010
-1260 -507010
-1275 -507010
-1290 -507010
-1305 -507010
-1320 -507010
-1335 -507010
-1350 -507010
-1365 -507010
-1380 -507010
-1395 -507010
-1410 -507010
-1425 -507010
-1440 -507010
-1455 -507010
-1470 -507010
-1485 -507010
-1500 -507010
