0 -1.64448e-06
0 4.90303e-05
0 -0.000140879
1509.22 -0.000130879
-10927.5 -0.000120879
-46338.3 -0.000110879
-81753.8 -0.000100879
-117174 -9.08788e-05
-152599 -8.08788e-05
-188028 -7.08788e-05
-223462 -6.08788e-05
-258901 -5.08788e-05
-294345 -4.08788e-05
-329793 -3.08788e-05
-365246 -2.08788e-05
-400703 -1.08788e-05
-436165 -8.78761e-07
-471632 9.12124e-06
-507104 1.91212e-05
-542580 2.91212e-05
-578061 3.91212e-05
-613546 4.91212e-05
-649036 5.91212e-05
-684531 6.91212e-05
-720031 7.91212e-05
-755535 8.91212e-05
-791044 9.91212e-05
-826557 0.000109121
-862076 0.000119121
-897599 0.000129121
-933126 0.000139121
-968658 0.000149121
-1.0042e+06 0.000159121
-1.03974e+06 0.000169121
-1.07528e+06 0.000179121
-1.11083e+06 0.000189121
-1.14639e+06 0.000199121
-1.18195e+06 0.000209121
-1.21752e+06 0.000219121
-1.25308e+06 0.000229121
-1.28866e+06 0.000239121
-1.32424e+06 0.000249121
-1.35982e+06 0.000259121
-1.39541e+06 0.000269121
-1.431e+06 0.000279121
-1.4666e+06 0.000289121
-1.5022e+06 0.000299121
-1.53781e+06 0.000309121
-1.57342e+06 0.000319121
-1.60904e+06 0.000329121
-1.64466e+06 0.000339121
-1.68029e+06 0.000349121
-1.71592e+06 0.000359121
-1.75155e+06 0.000369121
-1.78719e+06 0.000379121
-1.82284e+06 0.000389121
-1.85849e+06 0.000399121
-1.89414e+06 0.000409121
-1.9298e+06 0.000419121
-1.96546e+06 0.000429121
-2.00113e+06 0.000439121
-2.0368e+06 0.000449121
-2.07248e+06 0.000459121
-2.10816e+06 0.000469121
-2.14385e+06 0.000479121
-2.17954e+06 0.000489121
-2.21524e+06 0.000499121
-2.25094e+06 0.000509121
-2.28665e+06 0.000519121
-2.32236e+06 0.000529121
-2.35807e+06 0.000539121
-2.39379e+06 0.000549121
-2.42952e+06 0.000559121
-2.46524e+06 0.000569121
-2.50098e+06 0.000579121
-2.53672e+06 0.000589121
-2.57246e+06 0.000599121
-2.60821e+06 0.000609121
-2.64396e+06 0.000619121
-2.67972e+06 0.000629121
-2.71548e+06 0.000639121
-2.75125e+06 0.000649121
-2.78702e+06 0.000659121
-2.8228e+06 0.000669121
-2.85858e+06 0.000679121
-2.89436e+06 0.000689121
-2.93015e+06 0.000699121
-2.96595e+06 0.000709121
-3.00175e+06 0.000719121
-3.03755e+06 0.000729121
-3.07336e+06 0.000739121
-3.10918e+06 0.000749121
-3.145e+06 0.000759121
-3.18082e+06 0.000769121
-3.21665e+06 0.000779121
-3.25248e+06 0.000789121
-3.28832e+06 0.000799121
-3.32416e+06 0.000809121
-3.36001e+06 0.000819121
-3.39586e+06 0.000829121
-3.43171e+06 0.000839121
-3.46758e+06 0.000849121
-3.50344e+06 0.000859121
