0 -4.08378e-06
0 2.60564e-05
0 3.95809e-05
-14.3923 4.95809e-05
-26.3282 5.95809e-05
-53.5772 6.95809e-05
-80.8263 7.95809e-05
-108.075 8.95809e-05
-135.324 9.95809e-05
-162.573 0.000109581
-189.822 0.000119581
-217.072 0.000129581
-244.321 0.000139581
-271.57 0.000149581
-298.819 0.000159581
-326.068 0.000169581
-353.317 0.000179581
-380.566 0.000189581
-407.815 0.000199581
-435.064 0.000209581
-462.313 0.000219581
-489.562 0.000229581
-516.811 0.000239581
-544.06 0.000249581
-571.309 0.000259581
-598.558 0.000269581
-625.807 0.000279581
-653.056 0.000289581
-680.306 0.000299581
-707.555 0.000309581
-734.804 0.000319581
-762.053 0.000329581
-789.302 0.000339581
-816.551 0.000349581
-843.8 0.000359581
-871.049 0.000369581
-898.298 0.000379581
-925.547 0.000389581
-952.796 0.000399581
-980.045 0.000409581
-1007.29 0.000419581
-1034.54 0.000429581
-1061.79 0.000439581
-1089.04 0.000449581
-1116.29 0.000459581
-1143.54 0.000469581
-1170.79 0.000479581
-1198.04 0.000489581
-1225.29 0.000499581
-1252.54 0.000509581
-1279.79 0.000519581
-1307.03 0.000529581
-1334.28 0.000539581
-1361.53 0.000549581
-1388.78 0.000559581
-1416.03 0.000569581
-1443.28 0.000579581
-1470.53 0.000589581
-1497.78 0.000599581
-1525.03 0.000609581
-1552.28 0.000619581
-1579.52 0.000629581
-1606.77 0.000639581
-1634.02 0.000649581
-1661.27 0.000659581
-1688.52 0.000669581
-1715.77 0.000679581
-1743.02 0.000689581
-1770.27 0.000699581
-1797.52 0.000709581
-1824.77 0.000719581
-1852.02 0.000729581
-1879.26 0.000739581
-1906.51 0.000749581
-1933.76 0.000759581
-1961.01 0.000769581
-1988.26 0.000779581
-2015.51 0.000789581
-2042.76 0.000799581
-2070.01 0.000809581
-2097.26 0.000819581
-2124.51 0.000829581
-2151.76 0.000839581
-2179.01 0.000849581
-2206.25 0.000859581
-2233.5 0.000869581
-2260.75 0.000879581
-2288 0.000889581
-2315.25 0.000899581
-2342.5 0.000909581
-2369.75 0.000919581
-2397 0.000929581
-2424.25 0.000939581
-2451.5 0.000949581
-2478.75 0.000959581
-2505.99 0.000969581
-2533.24 0.000979581
-2560.49 0.000989581
-2587.74 0.000999581
-2614.99 0.00100958
-2642.24 0.00101958
-2669.49 0.00102958
-2696.74 0.00103958
