0 -4.78142e-06
0 -1.72201e-05
0 -320370
-15 -320370
-30 -320370
-45 -320370
-60 -320370
-75 -320370
-90 -320370
-105 -320370
-120 -320370
-135 -320370
-150 -320370
-165 -320370
-180 -320370
-195 -320370
-210 -320370
-225 -320370
-240 -320370
-255 -320370
-270 -320370
-285 -320370
-300 -320370
-315 -320370
-330 -320370
-345 -320370
-360 -320370
-375 -320370
-390 -320370
-405 -320370
-420 -320370
-435 -320370
-450 -320370
-465 -320370
-480 -320370
-495 -320370
-510 -320370
-525 -320370
-540 -320370
-555 -320370
-570 -320370
-585 -320370
-600 -320370
-615 -320370
-630 -320370
-645 -320370
-660 -320370
-675 -320370
-690.001 -320370
-705.001 -320370
-720.001 -320370
-735.001 -320370
-750.001 -320370
-765.001 -320370
-780.001 -320370
-795.001 -320370
-810.001 -320370
-825.001 -320370
-840.001 -320370
-855.001 -320370
-870.001 -320370
-885.001 -320370
-900.001 -320370
-915.001 -320370
-930.001 -320370
-945.001 -320370
-960.001 -320370
-975.001 -320370
-990.001 -320370
-1005 -320370
-1020 -320370
-1035 -320370
-1050 -320370
-1065 -320370
-1080 -320370
-1095 -320370
-1110 -320370
-1125 -320370
-1140 -320370
-1155 -320370
-1170 -320370
-1185 -320370
-1200 -320370
-1215 -320370
-1230 -320370
-1245 -320370
-1260 -320370
-1275 -320370
-1290 -320370
-1305 -320370
-1320 -320370
-1335 -320370
-1350 -320370
-1365 -320370
-1380 -320370
-1395 -320370
-1410 -320370
-1425 -320370
-1440 -320370
-1455 -320370
-1470 -320370
-1485 -320370
-1500 -320370
