0 -1.64448e-06
0 4.90303e-05
0 -47133
-15 -47133
-30 -47133
-45 -47133
-60 -47133
-75 -47133
-90 -47133
-105 -47133
-120 -47133
-135 -47133
-150 -47133
-165 -47133
-180 -47133
-195 -47133
-210 -47133
-225 -47133
-240 -47133
-255 -47133
-270 -47133
-285 -47133
-300.001 -47133
-315.001 -47133
-330.001 -47133
-345.001 -47133
-360.001 -47133
-375.001 -47133
-390.001 -47133
-405.001 -47133
-420.001 -47133
-435.001 -47133
-450.001 -47133
-465.001 -47133
-480.001 -47133
-495.001 -47133
-510.002 -47133
-525.002 -47133
-540.002 -47133
-555.002 -47133
-570.002 -47133
-585.002 -47133
-600.002 -47133
-615.002 -47133
-630.002 -47133
-645.002 -47133
-660.003 -47133
-675.003 -47133
-690.003 -47133
-705.003 -47133
-720.003 -47133
-735.003 -47133
-750.003 -47133
-765.003 -47133
-780.004 -47133
-795.004 -47133
-810.004 -47133
-825.004 -47133
-840.004 -47133
-855.004 -47133
-870.004 -47133
-885.005 -47133
-900.005 -47133
-915.005 -47133
-930.005 -47133
-945.005 -47133
-960.005 -47133
-975.006 -47133
-990.006 -47133
-1005.01 -47133
-1020.01 -47133
-1035.01 -47133
-1050.01 -47133
-1065.01 -47133
-1080.01 -47133
-1095.01 -47133
-1110.01 -47133
-1125.01 -47133
-1140.01 -47133
-1155.01 -47133
-1170.01 -47133
-1185.01 -47133
-1200.01 -47133
-1215.01 -47133
-1230.01 -47133
-1245.01 -47133
-1260.01 -47133
-1275.01 -47133
-1290.01 -47133
-1305.01 -47133
-1320.01 -47133
-1335.01 -47133
-1350.01 -47133
-1365.01 -47133
-1380.01 -47133
-1395.01 -47133
-1410.01 -47133
-1425.01 -47133
-1440.01 -47133
-1455.01 -47133
-1470.01 -47133
-1485.01 -47133
-1500.01 -47133
