0 -1.85706e-06
0 1.43725e+08
0 1.43725e+08
1.45825e+08 -2.10015e+06
9.7254e+08 0
9.7254e+08 0
9.7254e+08 0
9.7254e+08 0
9.7254e+08 0
9.7254e+08 0
9.7254e+08 0
9.7254e+08 0
9.7254e+08 0
9.7254e+08 0
9.7254e+08 0
9.7254e+08 0
9.7254e+08 0
9.7254e+08 0
9.7254e+08 0
9.7254e+08 0
9.7254e+08 0
9.7254e+08 0
9.7254e+08 0
9.7254e+08 0
9.7254e+08 0
9.7254e+08 0
9.7254e+08 0
9.7254e+08 0
9.7254e+08 0
9.7254e+08 0
9.7254e+08 0
9.7254e+08 0
9.7254e+08 0
9.7254e+08 0
9.7254e+08 0
9.7254e+08 0
9.7254e+08 0
9.7254e+08 0
9.7254e+08 0
9.7254e+08 0
9.7254e+08 0
9.7254e+08 0
9.7254e+08 0
9.7254e+08 0
9.7254e+08 0
9.7254e+08 0
9.7254e+08 0
9.7254e+08 0
9.7254e+08 0
9.7254e+08 0
9.7254e+08 0
9.7254e+08 0
9.7254e+08 0
9.7254e+08 0
9.7254e+08 0
9.7254e+08 0
9.7254e+08 0
9.7254e+08 0
9.7254e+08 0
9.7254e+08 0
9.7254e+08 0
9.7254e+08 0
9.7254e+08 0
9.7254e+08 0
9.7254e+08 0
9.7254e+08 0
9.7254e+08 0
9.7254e+08 0
9.7254e+08 0
9.7254e+08 0
9.7254e+08 0
9.7254e+08 0
9.7254e+08 0
9.7254e+08 0
9.7254e+08 0
9.7254e+08 0
9.7254e+08 0
9.7254e+08 0
9.7254e+08 0
9.7254e+08 0
9.7254e+08 0
9.7254e+08 0
9.7254e+08 0
9.7254e+08 0
9.7254e+08 0
9.7254e+08 0
9.7254e+08 0
9.7254e+08 0
9.7254e+08 0
9.7254e+08 0
9.7254e+08 0
9.7254e+08 0
9.7254e+08 0
9.7254e+08 0
9.7254e+08 0
9.7254e+08 0
9.7254e+08 0
9.7254e+08 0
9.7254e+08 0
9.7254e+08 0
9.7254e+08 0
9.7254e+08 0
9.7254e+08 0
