0 -1.94032e-07
0 -3.45916e-05
0 -550187
-15 -550187
-30 -550187
-45 -550187
-60 -550187
-75 -550187
-90 -550187
-105 -550187
-120 -550187
-135 -550187
-150 -550187
-165 -550187
-180 -550187
-195 -550187
-210 -550187
-225 -550187
-240 -550187
-255 -550187
-270 -550187
-285 -550187
-300 -550187
-315 -550187
-330 -550187
-345 -550187
-360 -550187
-375 -550187
-390 -550187
-405 -550187
-420 -550187
-435 -550187
-450 -550187
-465 -550187
-480 -550187
-495 -550187
-510 -550187
-525 -550187
-540 -550187
-555 -550187
-570 -550187
-585 -550187
-600 -550187
-615 -550187
-630 -550187
-645 -550187
-660 -550187
-675 -550187
-690 -550187
-705 -550187
-720 -550187
-735 -550187
-750 -550187
-765 -550187
-780 -550187
-795 -550187
-810 -550187
-825 -550187
-840 -550187
-855 -550187
-870 -550187
-885 -550187
-900 -550187
-915 -550187
-930 -550187
-945 -550187
-960 -550187
-975 -550187
-990.001 -550187
-1005 -550187
-1020 -550187
-1035 -550187
-1050 -550187
-1065 -550187
-1080 -550187
-1095 -550187
-1110 -550187
-1125 -550187
-1140 -550187
-1155 -550187
-1170 -550187
-1185 -550187
-1200 -550187
-1215 -550187
-1230 -550187
-1245 -550187
-1260 -550187
-1275 -550187
-1290 -550187
-1305 -550187
-1320 -550187
-1335 -550187
-1350 -550187
-1365 -550187
-1380 -550187
-1395 -550187
-1410 -550187
-1425 -550187
-1440 -550187
-1455 -550187
-1470 -550187
-1485 -550187
-1500 -550187
