0 -3.04093e-06
0 -2.87758e-05
0 -2.03828e-05
-1.88316e+07 -3.03828e-05
1.85375e+07 -4.03828e-05
8.94206e+07 -5.03828e-05
1.18772e+09 -6.03828e-05
1.18772e+09 -7.03828e-05
1.18772e+09 -8.03828e-05
1.18772e+09 -9.03828e-05
1.18772e+09 -0.000100383
1.18772e+09 -0.000110383
1.18772e+09 -0.000120383
1.18772e+09 -0.000130383
1.18772e+09 -0.000140383
1.18772e+09 -0.000150383
1.18772e+09 -0.000160383
1.18772e+09 -0.000170383
1.18772e+09 -0.000180383
1.18772e+09 -0.000190383
1.18772e+09 -0.000200383
1.18772e+09 -0.000210383
1.18772e+09 -0.000220383
1.18772e+09 -0.000230383
1.18772e+09 -0.000240383
1.18772e+09 -0.000250383
1.18772e+09 -0.000260383
1.18772e+09 -0.000270383
1.18772e+09 -0.000280383
1.18772e+09 -0.000290383
1.18772e+09 -0.000300383
1.18772e+09 -0.000310383
1.18772e+09 -0.000320383
1.18772e+09 -0.000330383
1.18772e+09 -0.000340383
1.18772e+09 -0.000350383
1.18772e+09 -0.000360383
1.18772e+09 -0.000370383
1.18772e+09 -0.000380383
1.18772e+09 -0.000390383
1.18772e+09 -0.000400383
1.18772e+09 -0.000410383
1.18772e+09 -0.000420383
1.18772e+09 -0.000430383
1.18772e+09 -0.000440383
1.18772e+09 -0.000450383
1.18772e+09 -0.000460383
1.18772e+09 -0.000470383
1.18772e+09 -0.000480383
1.18772e+09 -0.000490383
1.18772e+09 -0.000500383
1.18772e+09 -0.000510383
1.18772e+09 -0.000520383
1.18772e+09 -0.000530383
1.18772e+09 -0.000540383
1.18772e+09 -0.000550383
1.18772e+09 -0.000560383
1.18772e+09 -0.000570383
1.18772e+09 -0.000580383
1.18772e+09 -0.000590383
1.18772e+09 -0.000600383
1.18772e+09 -0.000610383
1.18772e+09 -0.000620383
1.18772e+09 -0.000630383
1.18772e+09 -0.000640383
1.18772e+09 -0.000650383
1.18772e+09 -0.000660383
1.18772e+09 -0.000670383
1.18772e+09 -0.000680383
1.18772e+09 -0.000690383
1.18772e+09 -0.000700383
1.18772e+09 -0.000710383
1.18772e+09 -0.000720383
1.18772e+09 -0.000730383
1.18772e+09 -0.000740383
1.18772e+09 -0.000750383
1.18772e+09 -0.000760383
1.18772e+09 -0.000770383
1.18772e+09 -0.000780383
1.18772e+09 -0.000790383
1.18772e+09 -0.000800383
1.18772e+09 -0.000810383
1.18772e+09 -0.000820383
1.18772e+09 -0.000830383
1.18772e+09 -0.000840383
1.18772e+09 -0.000850383
1.18772e+09 -0.000860383
1.18772e+09 -0.000870383
1.18772e+09 -0.000880383
1.18772e+09 -0.000890383
1.18772e+09 -0.000900383
1.18772e+09 -0.000910383
1.18772e+09 -0.000920383
1.18772e+09 -0.000930383
1.18772e+09 -0.000940383
1.18772e+09 -0.000950383
1.18772e+09 -0.000960383
1.18772e+09 -0.000970383
1.18772e+09 -0.000980383
1.18772e+09 -0.000990383
1.18772e+09 -0.00100038
1.18772e+09 -0.00101038
1.18772e+09 -0.00102038
