0 4.52856e-08
0 4.98547e+07
0 4.98547e+07
-1.56012e+08 2.05867e+08
-2.12683e+08 2.62538e+08
-1.93308e+08 2.43163e+08
-1.39084e+08 1.88939e+08
-4.47548e+07 9.46096e+07
7.56157e+08 0
7.56157e+08 0
7.56157e+08 0
7.56157e+08 0
7.56157e+08 0
7.56157e+08 0
7.56157e+08 0
7.56157e+08 0
7.56157e+08 0
7.56157e+08 0
7.56157e+08 0
7.56157e+08 0
7.56157e+08 0
7.56157e+08 0
7.56157e+08 0
7.56157e+08 0
7.56157e+08 0
7.56157e+08 0
7.56157e+08 0
7.56157e+08 0
7.56157e+08 0
7.56157e+08 0
7.56157e+08 0
7.56157e+08 0
7.56157e+08 0
7.56157e+08 0
7.56157e+08 0
7.56157e+08 0
7.56157e+08 0
7.56157e+08 0
7.56157e+08 0
7.56157e+08 0
7.56157e+08 0
7.56157e+08 0
7.56157e+08 0
7.56157e+08 0
7.56157e+08 0
7.56157e+08 0
7.56157e+08 0
7.56157e+08 0
7.56157e+08 0
7.56157e+08 0
7.56157e+08 0
7.56157e+08 0
7.56157e+08 0
7.56157e+08 0
7.56157e+08 0
7.56157e+08 0
7.56157e+08 0
7.56157e+08 0
7.56157e+08 0
7.56157e+08 0
7.56157e+08 0
7.56157e+08 0
7.56157e+08 0
7.56157e+08 0
7.56157e+08 0
7.56157e+08 0
7.56157e+08 0
7.56157e+08 0
7.56157e+08 0
7.56157e+08 0
7.56157e+08 0
7.56157e+08 0
7.56157e+08 0
7.56157e+08 0
7.56157e+08 0
7.56157e+08 0
7.56157e+08 0
7.56157e+08 0
7.56157e+08 0
7.56157e+08 0
7.56157e+08 0
7.56157e+08 0
7.56157e+08 0
7.56157e+08 0
7.56157e+08 0
7.56157e+08 0
7.56157e+08 0
7.56157e+08 0
7.56157e+08 0
7.56157e+08 0
7.56157e+08 0
7.56157e+08 0
7.56157e+08 0
7.56157e+08 0
7.56157e+08 0
7.56157e+08 0
7.56157e+08 0
7.56157e+08 0
7.56157e+08 0
7.56157e+08 0
7.56157e+08 0
7.56157e+08 0
7.56157e+08 0
