0 1.58884e-06
0 -1.42536e+08
0 -1.42536e+08
2.396e+07 -1.66496e+08
-1.85489e+07 -1.23988e+08
-6.6504e+07 -1.05502e+08
1.03418e+09 0
1.03418e+09 0
1.03418e+09 0
1.03418e+09 0
1.03418e+09 0
1.03418e+09 0
1.03418e+09 0
1.03418e+09 0
1.03418e+09 0
1.03418e+09 0
1.03418e+09 0
1.03418e+09 0
1.03418e+09 0
1.03418e+09 0
1.03418e+09 0
1.03418e+09 0
1.03418e+09 0
1.03418e+09 0
1.03418e+09 0
1.03418e+09 0
1.03418e+09 0
1.03418e+09 0
1.03418e+09 0
1.03418e+09 0
1.03418e+09 0
1.03418e+09 0
1.03418e+09 0
1.03418e+09 0
1.03418e+09 0
1.03418e+09 0
1.03418e+09 0
1.03418e+09 0
1.03418e+09 0
1.03418e+09 0
1.03418e+09 0
1.03418e+09 0
1.03418e+09 0
1.03418e+09 0
1.03418e+09 0
1.03418e+09 0
1.03418e+09 0
1.03418e+09 0
1.03418e+09 0
1.03418e+09 0
1.03418e+09 0
1.03418e+09 0
1.03418e+09 0
1.03418e+09 0
1.03418e+09 0
1.03418e+09 0
1.03418e+09 0
1.03418e+09 0
1.03418e+09 0
1.03418e+09 0
1.03418e+09 0
1.03418e+09 0
1.03418e+09 0
1.03418e+09 0
1.03418e+09 0
1.03418e+09 0
1.03418e+09 0
1.03418e+09 0
1.03418e+09 0
1.03418e+09 0
1.03418e+09 0
1.03418e+09 0
1.03418e+09 0
1.03418e+09 0
1.03418e+09 0
1.03418e+09 0
1.03418e+09 0
1.03418e+09 0
1.03418e+09 0
1.03418e+09 0
1.03418e+09 0
1.03418e+09 0
1.03418e+09 0
1.03418e+09 0
1.03418e+09 0
1.03418e+09 0
1.03418e+09 0
1.03418e+09 0
1.03418e+09 0
1.03418e+09 0
1.03418e+09 0
1.03418e+09 0
1.03418e+09 0
1.03418e+09 0
1.03418e+09 0
1.03418e+09 0
1.03418e+09 0
1.03418e+09 0
1.03418e+09 0
1.03418e+09 0
1.03418e+09 0
1.03418e+09 0
1.03418e+09 0
