0 -1.60735e-06
0 4.73685e-05
0 -710110
-15 -710110
-30 -710110
-45 -710110
-60 -710110
-75 -710110
-90 -710110
-105 -710110
-120 -710110
-135 -710110
-150 -710110
-165 -710110
-180 -710110
-195 -710110
-210 -710110
-225 -710110
-240 -710110
-255 -710110
-270 -710110
-285 -710110
-300 -710110
-315 -710110
-330 -710110
-345 -710110
-360 -710110
-375 -710110
-390 -710110
-405 -710110
-420 -710110
-435 -710110
-450 -710110
-465 -710110
-480 -710110
-495 -710110
-510 -710110
-525 -710110
-540 -710110
-555 -710110
-570 -710110
-585 -710110
-600 -710110
-615 -710110
-630 -710110
-645 -710110
-660 -710110
-675 -710110
-690 -710110
-705 -710110
-720 -710110
-735 -710110
-750 -710110
-765 -710110
-780 -710110
-795 -710110
-810 -710110
-825 -710110
-840 -710110
-855 -710110
-870 -710110
-885 -710110
-900 -710110
-915 -710110
-930 -710110
-945 -710110
-960 -710110
-975 -710110
-990 -710110
-1005 -710110
-1020 -710110
-1035 -710110
-1050 -710110
-1065 -710110
-1080 -710110
-1095 -710110
-1110 -710110
-1125 -710110
-1140 -710110
-1155 -710110
-1170 -710110
-1185 -710110
-1200 -710110
-1215 -710110
-1230 -710110
-1245 -710110
-1260 -710110
-1275 -710110
-1290 -710110
-1305 -710110
-1320 -710110
-1335 -710110
-1350 -710110
-1365 -710110
-1380 -710110
-1395 -710110
-1410 -710110
-1425 -710110
-1440 -710110
-1455 -710110
-1470 -710110
-1485 -710110
-1500 -710110
