0 -2.45737e-07
0 -8.42536e-05
0 -96699.6
-15 -96699.6
-30 -96699.6
-45 -96699.6
-60 -96699.6
-75 -96699.6
-90 -96699.6
-105 -96699.6
-120 -96699.6
-135 -96699.6
-150 -96699.6
-165 -96699.6
-180 -96699.6
-195 -96699.6
-210 -96699.6
-225 -96699.6
-240 -96699.6
-255 -96699.6
-270 -96699.6
-285 -96699.6
-300 -96699.6
-315 -96699.6
-330 -96699.6
-345 -96699.6
-360 -96699.6
-375 -96699.6
-390 -96699.6
-405 -96699.6
-420 -96699.6
-435 -96699.6
-450 -96699.6
-465 -96699.6
-480.001 -96699.6
-495.001 -96699.6
-510.001 -96699.6
-525.001 -96699.6
-540.001 -96699.6
-555.001 -96699.6
-570.001 -96699.6
-585.001 -96699.6
-600.001 -96699.6
-615.001 -96699.6
-630.001 -96699.6
-645.001 -96699.6
-660.001 -96699.6
-675.001 -96699.6
-690.001 -96699.6
-705.001 -96699.6
-720.001 -96699.6
-735.001 -96699.6
-750.001 -96699.6
-765.001 -96699.6
-780.001 -96699.6
-795.001 -96699.6
-810.001 -96699.6
-825.001 -96699.6
-840.002 -96699.6
-855.002 -96699.6
-870.002 -96699.6
-885.002 -96699.6
-900.002 -96699.6
-915.002 -96699.6
-930.002 -96699.6
-945.002 -96699.6
-960.002 -96699.6
-975.002 -96699.6
-990.002 -96699.6
-1005 -96699.6
-1020 -96699.6
-1035 -96699.6
-1050 -96699.6
-1065 -96699.6
-1080 -96699.6
-1095 -96699.6
-1110 -96699.6
-1125 -96699.6
-1140 -96699.6
-1155 -96699.6
-1170 -96699.6
-1185 -96699.6
-1200 -96699.6
-1215 -96699.6
-1230 -96699.6
-1245 -96699.6
-1260 -96699.6
-1275 -96699.6
-1290 -96699.6
-1305 -96699.6
-1320 -96699.6
-1335 -96699.6
-1350 -96699.6
-1365 -96699.6
-1380 -96699.6
-1395 -96699.6
-1410 -96699.6
-1425 -96699.6
-1440 -96699.6
-1455 -96699.6
-1470 -96699.6
-1485 -96699.6
-1500 -96699.6
