0 2.09734e-06
0 1.02776e+08
0 1.02777e+08
-1.37676e+08 2.40453e+08
-1.99715e+08 3.02491e+08
-1.98187e+08 3.00963e+08
-1.72106e+08 2.74882e+08
-1.28687e+08 2.31463e+08
-6.47575e+07 1.67534e+08
4.85496e+07 5.42269e+07
9.31592e+08 0
9.31592e+08 0
9.31592e+08 0
9.31592e+08 0
9.31592e+08 0
9.31592e+08 0
9.31592e+08 0
9.31592e+08 0
9.31592e+08 0
9.31592e+08 0
9.31592e+08 0
9.31592e+08 0
9.31592e+08 0
9.31592e+08 0
9.31592e+08 0
9.31592e+08 0
9.31592e+08 0
9.31592e+08 0
9.31592e+08 0
9.31592e+08 0
9.31592e+08 0
9.31592e+08 0
9.31592e+08 0
9.31592e+08 0
9.31592e+08 0
9.31592e+08 0
9.31592e+08 0
9.31592e+08 0
9.31592e+08 0
9.31592e+08 0
9.31592e+08 0
9.31592e+08 0
9.31592e+08 0
9.31592e+08 0
9.31592e+08 0
9.31592e+08 0
9.31592e+08 0
9.31592e+08 0
9.31592e+08 0
9.31592e+08 0
9.31592e+08 0
9.31592e+08 0
9.31592e+08 0
9.31592e+08 0
9.31592e+08 0
9.31592e+08 0
9.31592e+08 0
9.31592e+08 0
9.31592e+08 0
9.31592e+08 0
9.31592e+08 0
9.31592e+08 0
9.31592e+08 0
9.31592e+08 0
9.31592e+08 0
9.31592e+08 0
9.31592e+08 0
9.31592e+08 0
9.31592e+08 0
9.31592e+08 0
9.31592e+08 0
9.31592e+08 0
9.31592e+08 0
9.31592e+08 0
9.31592e+08 0
9.31592e+08 0
9.31592e+08 0
9.31592e+08 0
9.31592e+08 0
9.31592e+08 0
9.31592e+08 0
9.31592e+08 0
9.31592e+08 0
9.31592e+08 0
9.31592e+08 0
9.31592e+08 0
9.31592e+08 0
9.31592e+08 0
9.31592e+08 0
9.31592e+08 0
9.31592e+08 0
9.31592e+08 0
9.31592e+08 0
9.31592e+08 0
9.31592e+08 0
9.31592e+08 0
9.31592e+08 0
9.31592e+08 0
9.31592e+08 0
9.31592e+08 0
9.31592e+08 0
9.31592e+08 0
9.31592e+08 0
