0 -2.91881e-06
0 3.10458e-05
0 -390330
-15 -390330
-30 -390330
-45 -390330
-60 -390330
-75 -390330
-90 -390330
-105 -390330
-120 -390330
-135 -390330
-150 -390330
-165 -390330
-180 -390330
-195 -390330
-210 -390330
-225 -390330
-240 -390330
-255 -390330
-270 -390330
-285 -390330
-300 -390330
-315 -390330
-330 -390330
-345 -390330
-360 -390330
-375 -390330
-390 -390330
-405 -390330
-420 -390330
-435 -390330
-450 -390330
-465 -390330
-480 -390330
-495 -390330
-510 -390330
-525 -390330
-540 -390330
-555 -390330
-570 -390330
-585 -390330
-600 -390330
-615 -390330
-630 -390330
-645 -390330
-660 -390330
-675 -390330
-690 -390330
-705 -390330
-720 -390330
-735 -390330
-750 -390330
-765 -390330
-780 -390330
-795 -390330
-810 -390330
-825 -390330
-840 -390330
-855 -390330
-870 -390330
-885 -390330
-900.001 -390330
-915.001 -390330
-930.001 -390330
-945.001 -390330
-960.001 -390330
-975.001 -390330
-990.001 -390330
-1005 -390330
-1020 -390330
-1035 -390330
-1050 -390330
-1065 -390330
-1080 -390330
-1095 -390330
-1110 -390330
-1125 -390330
-1140 -390330
-1155 -390330
-1170 -390330
-1185 -390330
-1200 -390330
-1215 -390330
-1230 -390330
-1245 -390330
-1260 -390330
-1275 -390330
-1290 -390330
-1305 -390330
-1320 -390330
-1335 -390330
-1350 -390330
-1365 -390330
-1380 -390330
-1395 -390330
-1410 -390330
-1425 -390330
-1440 -390330
-1455 -390330
-1470 -390330
-1485 -390330
-1500 -390330
