0 -1.65944e-06
0 -2.10146e-05
0 -1.17855e-05
-1.33842e+08 -2.17855e-05
-1.56184e+08 -3.17855e-05
-1.53078e+08 -4.17855e-05
-1.3902e+08 -5.17855e-05
-1.15007e+08 -6.17855e-05
-7.9446e+07 -7.17855e-05
-2.53117e+07 -8.17855e-05
7.59502e+07 -9.17855e-05
3.15416e+08 -0.000101786
6.74452e+08 -0.000111786
6.74452e+08 -0.000121786
6.74452e+08 -0.000131786
6.74452e+08 -0.000141786
6.74452e+08 -0.000151786
6.74452e+08 -0.000161786
6.74452e+08 -0.000171786
6.74452e+08 -0.000181786
6.74452e+08 -0.000191786
6.74452e+08 -0.000201786
6.74452e+08 -0.000211786
6.74452e+08 -0.000221786
6.74452e+08 -0.000231786
6.74452e+08 -0.000241786
6.74452e+08 -0.000251786
6.74452e+08 -0.000261786
6.74452e+08 -0.000271786
6.74452e+08 -0.000281786
6.74452e+08 -0.000291786
6.74452e+08 -0.000301786
6.74452e+08 -0.000311786
6.74452e+08 -0.000321786
6.74452e+08 -0.000331786
6.74452e+08 -0.000341786
6.74452e+08 -0.000351786
6.74452e+08 -0.000361786
6.74452e+08 -0.000371786
6.74452e+08 -0.000381786
6.74452e+08 -0.000391786
6.74452e+08 -0.000401786
6.74452e+08 -0.000411786
6.74452e+08 -0.000421786
6.74452e+08 -0.000431786
6.74452e+08 -0.000441786
6.74452e+08 -0.000451786
6.74452e+08 -0.000461786
6.74452e+08 -0.000471786
6.74452e+08 -0.000481786
6.74452e+08 -0.000491786
6.74452e+08 -0.000501786
6.74452e+08 -0.000511786
6.74452e+08 -0.000521786
6.74452e+08 -0.000531786
6.74452e+08 -0.000541786
6.74452e+08 -0.000551786
6.74452e+08 -0.000561786
6.74452e+08 -0.000571786
6.74452e+08 -0.000581786
6.74452e+08 -0.000591786
6.74452e+08 -0.000601786
6.74452e+08 -0.000611786
6.74452e+08 -0.000621786
6.74452e+08 -0.000631786
6.74452e+08 -0.000641786
6.74452e+08 -0.000651786
6.74452e+08 -0.000661786
6.74452e+08 -0.000671786
6.74452e+08 -0.000681786
6.74452e+08 -0.000691786
6.74452e+08 -0.000701786
6.74452e+08 -0.000711786
6.74452e+08 -0.000721786
6.74452e+08 -0.000731786
6.74452e+08 -0.000741786
6.74452e+08 -0.000751786
6.74452e+08 -0.000761786
6.74452e+08 -0.000771786
6.74452e+08 -0.000781786
6.74452e+08 -0.000791786
6.74452e+08 -0.000801786
6.74452e+08 -0.000811786
6.74452e+08 -0.000821786
6.74452e+08 -0.000831786
6.74452e+08 -0.000841786
6.74452e+08 -0.000851786
6.74452e+08 -0.000861786
6.74452e+08 -0.000871786
6.74452e+08 -0.000881786
6.74452e+08 -0.000891786
6.74452e+08 -0.000901786
6.74452e+08 -0.000911786
6.74452e+08 -0.000921786
6.74452e+08 -0.000931786
6.74452e+08 -0.000941786
6.74452e+08 -0.000951786
6.74452e+08 -0.000961786
6.74452e+08 -0.000971786
6.74452e+08 -0.000981786
6.74452e+08 -0.000991786
6.74452e+08 -0.00100179
6.74452e+08 -0.00101179
