0 -1.67405e-06
0 -8.1749e+07
0 -8.1749e+07
1.42992e+08 -2.24741e+08
2.40755e+08 -3.22504e+08
2.73596e+08 -3.55345e+08
2.77821e+08 -3.5957e+08
2.69734e+08 -3.51483e+08
2.55278e+08 -3.37027e+08
2.32031e+08 -3.1378e+08
1.98576e+08 -2.80325e+08
1.47082e+08 -2.28831e+08
3.93514e+07 -1.211e+08
6.54976e+08 0
6.54976e+08 0
6.54976e+08 0
6.54976e+08 0
6.54976e+08 0
6.54976e+08 0
6.54976e+08 0
6.54976e+08 0
6.54976e+08 0
6.54976e+08 0
6.54976e+08 0
6.54976e+08 0
6.54976e+08 0
6.54976e+08 0
6.54976e+08 0
6.54976e+08 0
6.54976e+08 0
6.54976e+08 0
6.54976e+08 0
6.54976e+08 0
6.54976e+08 0
6.54976e+08 0
6.54976e+08 0
6.54976e+08 0
6.54976e+08 0
6.54976e+08 0
6.54976e+08 0
6.54976e+08 0
6.54976e+08 0
6.54976e+08 0
6.54976e+08 0
6.54976e+08 0
6.54976e+08 0
6.54976e+08 0
6.54976e+08 0
6.54976e+08 0
6.54976e+08 0
6.54976e+08 0
6.54976e+08 0
6.54976e+08 0
6.54976e+08 0
6.54976e+08 0
6.54976e+08 0
6.54976e+08 0
6.54976e+08 0
6.54976e+08 0
6.54976e+08 0
6.54976e+08 0
6.54976e+08 0
6.54976e+08 0
6.54976e+08 0
6.54976e+08 0
6.54976e+08 0
6.54976e+08 0
6.54976e+08 0
6.54976e+08 0
6.54976e+08 0
6.54976e+08 0
6.54976e+08 0
6.54976e+08 0
6.54976e+08 0
6.54976e+08 0
6.54976e+08 0
6.54976e+08 0
6.54976e+08 0
6.54976e+08 0
6.54976e+08 0
6.54976e+08 0
6.54976e+08 0
6.54976e+08 0
6.54976e+08 0
6.54976e+08 0
6.54976e+08 0
6.54976e+08 0
6.54976e+08 0
6.54976e+08 0
6.54976e+08 0
6.54976e+08 0
6.54976e+08 0
6.54976e+08 0
6.54976e+08 0
6.54976e+08 0
6.54976e+08 0
6.54976e+08 0
6.54976e+08 0
6.54976e+08 0
6.54976e+08 0
6.54976e+08 0
6.54976e+08 0
6.54976e+08 0
