0 -1.34602e-06
0 -2.12213e-05
0 -56769.3
-15 -56769.3
-30 -56769.3
-45 -56769.3
-60 -56769.3
-75 -56769.3
-90 -56769.3
-105 -56769.3
-120 -56769.3
-135 -56769.3
-150 -56769.3
-165 -56769.3
-180 -56769.3
-195 -56769.3
-210 -56769.3
-225 -56769.3
-240 -56769.3
-255 -56769.3
-270 -56769.3
-285 -56769.3
-300 -56769.3
-315 -56769.3
-330 -56769.3
-345 -56769.3
-360 -56769.3
-375 -56769.3
-390 -56769.3
-405 -56769.3
-420.001 -56769.3
-435.001 -56769.3
-450.001 -56769.3
-465.001 -56769.3
-480.001 -56769.3
-495.001 -56769.3
-510.001 -56769.3
-525.001 -56769.3
-540.001 -56769.3
-555.001 -56769.3
-570.001 -56769.3
-585.001 -56769.3
-600.001 -56769.3
-615.001 -56769.3
-630.001 -56769.3
-645.001 -56769.3
-660.001 -56769.3
-675.001 -56769.3
-690.001 -56769.3
-705.001 -56769.3
-720.001 -56769.3
-735.002 -56769.3
-750.002 -56769.3
-765.002 -56769.3
-780.002 -56769.3
-795.002 -56769.3
-810.002 -56769.3
-825.002 -56769.3
-840.002 -56769.3
-855.002 -56769.3
-870.002 -56769.3
-885.002 -56769.3
-900.002 -56769.3
-915.002 -56769.3
-930.002 -56769.3
-945.003 -56769.3
-960.003 -56769.3
-975.003 -56769.3
-990.003 -56769.3
-1005 -56769.3
-1020 -56769.3
-1035 -56769.3
-1050 -56769.3
-1065 -56769.3
-1080 -56769.3
-1095 -56769.3
-1110 -56769.3
-1125 -56769.3
-1140 -56769.3
-1155 -56769.3
-1170 -56769.3
-1185 -56769.3
-1200 -56769.3
-1215 -56769.3
-1230 -56769.3
-1245 -56769.3
-1260 -56769.3
-1275 -56769.3
-1290 -56769.3
-1305 -56769.3
-1320.01 -56769.3
-1335.01 -56769.3
-1350.01 -56769.3
-1365.01 -56769.3
-1380.01 -56769.3
-1395.01 -56769.3
-1410.01 -56769.3
-1425.01 -56769.3
-1440.01 -56769.3
-1455.01 -56769.3
-1470.01 -56769.3
-1485.01 -56769.3
-1500.01 -56769.3
