0 -4.43184e-06
0 -4.42244e-06
0 3.72529e-09
-1.39311e+08 1.39311e+08
-2.11258e+08 2.11258e+08
-2.05817e+08 2.05817e+08
-1.55202e+08 1.55202e+08
-5.91475e+07 5.91475e+07
1.013e+09 0
1.013e+09 0
1.013e+09 0
1.013e+09 0
1.013e+09 0
1.013e+09 0
1.013e+09 0
1.013e+09 0
1.013e+09 0
1.013e+09 0
1.013e+09 0
1.013e+09 0
1.013e+09 0
1.013e+09 0
1.013e+09 0
1.013e+09 0
1.013e+09 0
1.013e+09 0
1.013e+09 0
1.013e+09 0
1.013e+09 0
1.013e+09 0
1.013e+09 0
1.013e+09 0
1.013e+09 0
1.013e+09 0
1.013e+09 0
1.013e+09 0
1.013e+09 0
1.013e+09 0
1.013e+09 0
1.013e+09 0
1.013e+09 0
1.013e+09 0
1.013e+09 0
1.013e+09 0
1.013e+09 0
1.013e+09 0
1.013e+09 0
1.013e+09 0
1.013e+09 0
1.013e+09 0
1.013e+09 0
1.013e+09 0
1.013e+09 0
1.013e+09 0
1.013e+09 0
1.013e+09 0
1.013e+09 0
1.013e+09 0
1.013e+09 0
1.013e+09 0
1.013e+09 0
1.013e+09 0
1.013e+09 0
1.013e+09 0
1.013e+09 0
1.013e+09 0
1.013e+09 0
1.013e+09 0
1.013e+09 0
1.013e+09 0
1.013e+09 0
1.013e+09 0
1.013e+09 0
1.013e+09 0
1.013e+09 0
1.013e+09 0
1.013e+09 0
1.013e+09 0
1.013e+09 0
1.013e+09 0
1.013e+09 0
1.013e+09 0
1.013e+09 0
1.013e+09 0
1.013e+09 0
1.013e+09 0
1.013e+09 0
1.013e+09 0
1.013e+09 0
1.013e+09 0
1.013e+09 0
1.013e+09 0
1.013e+09 0
1.013e+09 0
1.013e+09 0
1.013e+09 0
1.013e+09 0
1.013e+09 0
1.013e+09 0
1.013e+09 0
1.013e+09 0
1.013e+09 0
1.013e+09 0
