0 -1.5464e-06
0 -4.21961e-05
0 -369223
-15 -369223
-30 -369223
-45 -369223
-60 -369223
-75 -369223
-90 -369223
-105 -369223
-120 -369223
-135 -369223
-150 -369223
-165 -369223
-180 -369223
-195 -369223
-210 -369223
-225 -369223
-240 -369223
-255 -369223
-270 -369223
-285 -369223
-300 -369223
-315 -369223
-330 -369223
-345 -369223
-360 -369223
-375 -369223
-390 -369223
-405 -369223
-420 -369223
-435 -369223
-450 -369223
-465 -369223
-480 -369223
-495 -369223
-510 -369223
-525 -369223
-540 -369223
-555 -369223
-570 -369223
-585 -369223
-600 -369223
-615 -369223
-630 -369223
-645 -369223
-660 -369223
-675 -369223
-690 -369223
-705 -369223
-720 -369223
-735 -369223
-750 -369223
-765 -369223
-780 -369223
-795 -369223
-810 -369223
-825 -369223
-840 -369223
-855 -369223
-870 -369223
-885 -369223
-900 -369223
-915 -369223
-930.001 -369223
-945.001 -369223
-960.001 -369223
-975.001 -369223
-990.001 -369223
-1005 -369223
-1020 -369223
-1035 -369223
-1050 -369223
-1065 -369223
-1080 -369223
-1095 -369223
-1110 -369223
-1125 -369223
-1140 -369223
-1155 -369223
-1170 -369223
-1185 -369223
-1200 -369223
-1215 -369223
-1230 -369223
-1245 -369223
-1260 -369223
-1275 -369223
-1290 -369223
-1305 -369223
-1320 -369223
-1335 -369223
-1350 -369223
-1365 -369223
-1380 -369223
-1395 -369223
-1410 -369223
-1425 -369223
-1440 -369223
-1455 -369223
-1470 -369223
-1485 -369223
-1500 -369223
