0 9.03383e-08
0 1.87295e+08
0 1.87295e+08
6.13499e+06 1.8116e+08
1.29176e+07 1.74377e+08
1.97168e+07 1.67578e+08
2.6471e+07 1.60824e+08
3.32028e+07 1.54092e+08
3.94733e+07 1.47822e+08
4.51656e+07 1.42129e+08
5.07534e+07 1.36542e+08
5.61805e+07 1.31114e+08
6.0792e+07 1.26503e+08
6.54267e+07 1.21868e+08
6.99825e+07 1.17312e+08
7.37432e+07 1.13552e+08
7.78406e+07 1.09454e+08
1.49763e+08 3.75317e+07
1.46836e+08 4.04591e+07
1.45293e+08 4.20024e+07
1.45072e+08 4.22227e+07
1.46936e+08 4.03592e+07
1.49422e+08 3.78734e+07
1.52066e+08 3.52292e+07
1.54351e+08 3.29436e+07
1.56572e+08 3.07228e+07
1.58918e+08 2.83768e+07
1.60749e+08 2.65457e+07
1.62732e+08 2.45626e+07
1.64543e+08 2.27516e+07
1.66353e+08 2.09417e+07
1.67893e+08 1.94018e+07
1.6951e+08 1.77852e+07
1.70954e+08 1.63412e+07
1.72558e+08 1.47367e+07
1.7389e+08 1.34052e+07
1.7516e+08 1.21346e+07
1.76727e+08 1.05678e+07
1.77926e+08 9.36874e+06
1.78926e+08 8.3694e+06
1.80038e+08 7.2569e+06
1.81302e+08 5.99287e+06
1.82403e+08 4.89219e+06
1.83366e+08 3.92932e+06
1.84094e+08 3.20144e+06
1.8501e+08 2.28454e+06
1.8633e+08 965285
1.87058e+08 236947
1.87673e+08 -377674
1.88402e+08 -1.10736e+06
1.89202e+08 -1.90728e+06
1.90096e+08 -2.80078e+06
1.90976e+08 -3.68104e+06
1.91458e+08 -4.16332e+06
1.92003e+08 -4.70799e+06
1.92521e+08 -5.22636e+06
1.93243e+08 -5.94775e+06
1.93979e+08 -6.6838e+06
1.94741e+08 -7.44607e+06
1.95152e+08 -7.85666e+06
1.9551e+08 -8.21482e+06
1.95876e+08 -8.5805e+06
1.96413e+08 -9.11754e+06
1.9717e+08 -9.87521e+06
1.97651e+08 -1.03565e+07
1.98099e+08 -1.0804e+07
1.98488e+08 -1.11933e+07
1.98807e+08 -1.1512e+07
1.99199e+08 -1.19045e+07
1.99587e+08 -1.22922e+07
2.00013e+08 -1.27177e+07
2.00435e+08 -1.31403e+07
2.00883e+08 -1.35878e+07
2.01327e+08 -1.40321e+07
2.01627e+08 -1.43316e+07
2.01808e+08 -1.45132e+07
2.02036e+08 -1.47405e+07
2.02406e+08 -1.51112e+07
2.02859e+08 -1.55635e+07
2.03166e+08 -1.58712e+07
2.03497e+08 -1.6202e+07
2.03738e+08 -1.64434e+07
2.03995e+08 -1.66996e+07
2.0431e+08 -1.70146e+07
2.04508e+08 -1.72128e+07
2.04722e+08 -1.74269e+07
2.05082e+08 -1.77875e+07
2.05374e+08 -1.80792e+07
2.05586e+08 -1.82911e+07
2.05821e+08 -1.85263e+07
2.06021e+08 -1.87264e+07
2.06187e+08 -1.88924e+07
2.06369e+08 -1.90736e+07
2.06608e+08 -1.93134e+07
2.06988e+08 -1.96935e+07
2.07247e+08 -1.99517e+07
2.0743e+08 -2.0135e+07
2.07566e+08 -2.02711e+07
2.0771e+08 -2.04145e+07
2.07872e+08 -2.05771e+07
2.08041e+08 -2.07457e+07
2.08216e+08 -2.09207e+07
2.08411e+08 -2.1116e+07
