0 -6.58911e-08
0 -1.93832e-08
0 5.96046e-08
-1.67621e+08 1.67621e+08
-2.57213e+08 2.57213e+08
-2.5307e+08 2.5307e+08
-2.07468e+08 2.07468e+08
-1.27628e+08 1.27628e+08
1.04102e+08 -9.67228e+07
7.06302e+08 0
7.06302e+08 0
7.06302e+08 0
7.06302e+08 0
7.06302e+08 0
7.06302e+08 0
7.06302e+08 0
7.06302e+08 0
7.06302e+08 0
7.06302e+08 0
7.06302e+08 0
7.06302e+08 0
7.06302e+08 0
7.06302e+08 0
7.06302e+08 0
7.06302e+08 0
7.06302e+08 0
7.06302e+08 0
7.06302e+08 0
7.06302e+08 0
7.06302e+08 0
7.06302e+08 0
7.06302e+08 0
7.06302e+08 0
7.06302e+08 0
7.06302e+08 0
7.06302e+08 0
7.06302e+08 0
7.06302e+08 0
7.06302e+08 0
7.06302e+08 0
7.06302e+08 0
7.06302e+08 0
7.06302e+08 0
7.06302e+08 0
7.06302e+08 0
7.06302e+08 0
7.06302e+08 0
7.06302e+08 0
7.06302e+08 0
7.06302e+08 0
7.06302e+08 0
7.06302e+08 0
7.06302e+08 0
7.06302e+08 0
7.06302e+08 0
7.06302e+08 0
7.06302e+08 0
7.06302e+08 0
7.06302e+08 0
7.06302e+08 0
7.06302e+08 0
7.06302e+08 0
7.06302e+08 0
7.06302e+08 0
7.06302e+08 0
7.06302e+08 0
7.06302e+08 0
7.06302e+08 0
7.06302e+08 0
7.06302e+08 0
7.06302e+08 0
7.06302e+08 0
7.06302e+08 0
7.06302e+08 0
7.06302e+08 0
7.06302e+08 0
7.06302e+08 0
7.06302e+08 0
7.06302e+08 0
7.06302e+08 0
7.06302e+08 0
7.06302e+08 0
7.06302e+08 0
7.06302e+08 0
7.06302e+08 0
7.06302e+08 0
7.06302e+08 0
7.06302e+08 0
7.06302e+08 0
7.06302e+08 0
7.06302e+08 0
7.06302e+08 0
7.06302e+08 0
7.06302e+08 0
7.06302e+08 0
7.06302e+08 0
7.06302e+08 0
7.06302e+08 0
7.06302e+08 0
7.06302e+08 0
7.06302e+08 0
7.06302e+08 0
7.06302e+08 0
