0 -2.02749e-06
0 -1.50418e+08
0 -1.50418e+08
7.01928e+07 -2.20611e+08
5.44859e+07 -2.04904e+08
-3.12279e+06 -1.47295e+08
-1.06501e+08 -5.1269e+07
9.54669e+08 0
9.54669e+08 0
9.54669e+08 0
9.54669e+08 0
9.54669e+08 0
9.54669e+08 0
9.54669e+08 0
9.54669e+08 0
9.54669e+08 0
9.54669e+08 0
9.54669e+08 0
9.54669e+08 0
9.54669e+08 0
9.54669e+08 0
9.54669e+08 0
9.54669e+08 0
9.54669e+08 0
9.54669e+08 0
9.54669e+08 0
9.54669e+08 0
9.54669e+08 0
9.54669e+08 0
9.54669e+08 0
9.54669e+08 0
9.54669e+08 0
9.54669e+08 0
9.54669e+08 0
9.54669e+08 0
9.54669e+08 0
9.54669e+08 0
9.54669e+08 0
9.54669e+08 0
9.54669e+08 0
9.54669e+08 0
9.54669e+08 0
9.54669e+08 0
9.54669e+08 0
9.54669e+08 0
9.54669e+08 0
9.54669e+08 0
9.54669e+08 0
9.54669e+08 0
9.54669e+08 0
9.54669e+08 0
9.54669e+08 0
9.54669e+08 0
9.54669e+08 0
9.54669e+08 0
9.54669e+08 0
9.54669e+08 0
9.54669e+08 0
9.54669e+08 0
9.54669e+08 0
9.54669e+08 0
9.54669e+08 0
9.54669e+08 0
9.54669e+08 0
9.54669e+08 0
9.54669e+08 0
9.54669e+08 0
9.54669e+08 0
9.54669e+08 0
9.54669e+08 0
9.54669e+08 0
9.54669e+08 0
9.54669e+08 0
9.54669e+08 0
9.54669e+08 0
9.54669e+08 0
9.54669e+08 0
9.54669e+08 0
9.54669e+08 0
9.54669e+08 0
9.54669e+08 0
9.54669e+08 0
9.54669e+08 0
9.54669e+08 0
9.54669e+08 0
9.54669e+08 0
9.54669e+08 0
9.54669e+08 0
9.54669e+08 0
9.54669e+08 0
9.54669e+08 0
9.54669e+08 0
9.54669e+08 0
9.54669e+08 0
9.54669e+08 0
9.54669e+08 0
9.54669e+08 0
9.54669e+08 0
9.54669e+08 0
9.54669e+08 0
9.54669e+08 0
9.54669e+08 0
9.54669e+08 0
