0 -5.51351e-06
0 1.17563e-05
0 -35416
-15 -35416
-30 -35416
-45 -35416
-60 -35416
-75.0001 -35416
-90.0001 -35416
-105 -35416
-120 -35416
-135 -35416
-150 -35416
-165 -35416
-180 -35416
-195 -35416
-210 -35416
-225 -35416
-240.001 -35416
-255.001 -35416
-270.001 -35416
-285.001 -35416
-300.001 -35416
-315.001 -35416
-330.001 -35416
-345.001 -35416
-360.001 -35416
-375.001 -35416
-390.001 -35416
-405.001 -35416
-420.002 -35416
-435.002 -35416
-450.002 -35416
-465.002 -35416
-480.002 -35416
-495.002 -35416
-510.002 -35416
-525.002 -35416
-540.003 -35416
-555.003 -35416
-570.003 -35416
-585.003 -35416
-600.003 -35416
-615.003 -35416
-630.004 -35416
-645.004 -35416
-660.004 -35416
-675.004 -35416
-690.004 -35416
-705.004 -35416
-720.005 -35416
-735.005 -35416
-750.005 -35416
-765.005 -35416
-780.005 -35416
-795.006 -35416
-810.006 -35416
-825.006 -35416
-840.006 -35416
-855.006 -35416
-870.007 -35416
-885.007 -35416
-900.007 -35416
-915.007 -35416
-930.008 -35416
-945.008 -35416
-960.008 -35416
-975.008 -35416
-990.009 -35416
-1005.01 -35416
-1020.01 -35416
-1035.01 -35416
-1050.01 -35416
-1065.01 -35416
-1080.01 -35416
-1095.01 -35416
-1110.01 -35416
-1125.01 -35416
-1140.01 -35416
-1155.01 -35416
-1170.01 -35416
-1185.01 -35416
-1200.01 -35416
-1215.01 -35416
-1230.01 -35416
-1245.01 -35416
-1260.01 -35416
-1275.01 -35416
-1290.01 -35416
-1305.02 -35416
-1320.02 -35416
-1335.02 -35416
-1350.02 -35416
-1365.02 -35416
-1380.02 -35416
-1395.02 -35416
-1410.02 -35416
-1425.02 -35416
-1440.02 -35416
-1455.02 -35416
-1470.02 -35416
-1485.02 -35416
-1500.02 -35416
