0 -9.91859e-08
0 -2.04078e+08
0 -2.04078e+08
-9.34134e+07 -1.10664e+08
2.56375e+08 0
2.56375e+08 0
2.56375e+08 0
2.56375e+08 0
2.56375e+08 0
2.56375e+08 0
2.56375e+08 0
2.56375e+08 0
2.56375e+08 0
2.56375e+08 0
2.56375e+08 0
2.56375e+08 0
2.56375e+08 0
2.56375e+08 0
2.56375e+08 0
2.56375e+08 0
2.56375e+08 0
2.56375e+08 0
2.56375e+08 0
2.56375e+08 0
2.56375e+08 0
2.56375e+08 0
2.56375e+08 0
2.56375e+08 0
2.56375e+08 0
2.56375e+08 0
2.56375e+08 0
2.56375e+08 0
2.56375e+08 0
2.56375e+08 0
2.56375e+08 0
2.56375e+08 0
2.56375e+08 0
2.56375e+08 0
2.56375e+08 0
2.56375e+08 0
2.56375e+08 0
2.56375e+08 0
2.56375e+08 0
2.56375e+08 0
2.56375e+08 0
2.56375e+08 0
2.56375e+08 0
2.56375e+08 0
2.56375e+08 0
2.56375e+08 0
2.56375e+08 0
2.56375e+08 0
2.56375e+08 0
2.56375e+08 0
2.56375e+08 0
2.56375e+08 0
2.56375e+08 0
2.56375e+08 0
2.56375e+08 0
2.56375e+08 0
2.56375e+08 0
2.56375e+08 0
2.56375e+08 0
2.56375e+08 0
2.56375e+08 0
2.56375e+08 0
2.56375e+08 0
2.56375e+08 0
2.56375e+08 0
2.56375e+08 0
2.56375e+08 0
2.56375e+08 0
2.56375e+08 0
2.56375e+08 0
2.56375e+08 0
2.56375e+08 0
2.56375e+08 0
2.56375e+08 0
2.56375e+08 0
2.56375e+08 0
2.56375e+08 0
2.56375e+08 0
2.56375e+08 0
2.56375e+08 0
2.56375e+08 0
2.56375e+08 0
2.56375e+08 0
2.56375e+08 0
2.56375e+08 0
2.56375e+08 0
2.56375e+08 0
2.56375e+08 0
2.56375e+08 0
2.56375e+08 0
2.56375e+08 0
2.56375e+08 0
2.56375e+08 0
2.56375e+08 0
2.56375e+08 0
2.56375e+08 0
2.56375e+08 0
2.56375e+08 0
2.56375e+08 0
