0 -6.53135e-07
0 4.77406e-06
0 1.68499e-06
1.46886e+08 1.1685e-05
2.53123e+08 2.1685e-05
2.91979e+08 3.1685e-05
2.99725e+08 4.1685e-05
2.94211e+08 5.1685e-05
2.81874e+08 6.1685e-05
2.62766e+08 7.1685e-05
2.35023e+08 8.1685e-05
1.94562e+08 9.1685e-05
1.26507e+08 0.000101685
-2.26852e+07 0.000111685
6.68265e+08 0.000121685
6.68265e+08 0.000131685
6.68265e+08 0.000141685
6.68265e+08 0.000151685
6.68265e+08 0.000161685
6.68265e+08 0.000171685
6.68265e+08 0.000181685
6.68265e+08 0.000191685
6.68265e+08 0.000201685
6.68265e+08 0.000211685
6.68265e+08 0.000221685
6.68265e+08 0.000231685
6.68265e+08 0.000241685
6.68265e+08 0.000251685
6.68265e+08 0.000261685
6.68265e+08 0.000271685
6.68265e+08 0.000281685
6.68265e+08 0.000291685
6.68265e+08 0.000301685
6.68265e+08 0.000311685
6.68265e+08 0.000321685
6.68265e+08 0.000331685
6.68265e+08 0.000341685
6.68265e+08 0.000351685
6.68265e+08 0.000361685
6.68265e+08 0.000371685
6.68265e+08 0.000381685
6.68265e+08 0.000391685
6.68265e+08 0.000401685
6.68265e+08 0.000411685
6.68265e+08 0.000421685
6.68265e+08 0.000431685
6.68265e+08 0.000441685
6.68265e+08 0.000451685
6.68265e+08 0.000461685
6.68265e+08 0.000471685
6.68265e+08 0.000481685
6.68265e+08 0.000491685
6.68265e+08 0.000501685
6.68265e+08 0.000511685
6.68265e+08 0.000521685
6.68265e+08 0.000531685
6.68265e+08 0.000541685
6.68265e+08 0.000551685
6.68265e+08 0.000561685
6.68265e+08 0.000571685
6.68265e+08 0.000581685
6.68265e+08 0.000591685
6.68265e+08 0.000601685
6.68265e+08 0.000611685
6.68265e+08 0.000621685
6.68265e+08 0.000631685
6.68265e+08 0.000641685
6.68265e+08 0.000651685
6.68265e+08 0.000661685
6.68265e+08 0.000671685
6.68265e+08 0.000681685
6.68265e+08 0.000691685
6.68265e+08 0.000701685
6.68265e+08 0.000711685
6.68265e+08 0.000721685
6.68265e+08 0.000731685
6.68265e+08 0.000741685
6.68265e+08 0.000751685
6.68265e+08 0.000761685
6.68265e+08 0.000771685
6.68265e+08 0.000781685
6.68265e+08 0.000791685
6.68265e+08 0.000801685
6.68265e+08 0.000811685
6.68265e+08 0.000821685
6.68265e+08 0.000831685
6.68265e+08 0.000841685
6.68265e+08 0.000851685
6.68265e+08 0.000861685
6.68265e+08 0.000871685
6.68265e+08 0.000881685
6.68265e+08 0.000891685
6.68265e+08 0.000901685
6.68265e+08 0.000911685
6.68265e+08 0.000921685
6.68265e+08 0.000931685
6.68265e+08 0.000941685
6.68265e+08 0.000951685
6.68265e+08 0.000961685
6.68265e+08 0.000971685
6.68265e+08 0.000981685
6.68265e+08 0.000991685
6.68265e+08 0.00100168
