0 -5.96046e-08
0 3.21804e+07
0 3.21804e+07
-1.51745e+08 1.83925e+08
-2.04307e+08 2.36487e+08
-2.30383e+08 2.62564e+08
-2.49722e+08 2.81902e+08
-2.61894e+08 2.94075e+08
-2.68511e+08 3.00691e+08
-2.70828e+08 3.03009e+08
-2.7152e+08 3.037e+08
-2.70849e+08 3.0303e+08
-2.68944e+08 3.01124e+08
-2.65837e+08 2.98018e+08
-2.61455e+08 2.93635e+08
-2.55576e+08 2.87757e+08
-2.47647e+08 2.79827e+08
-2.36753e+08 2.68933e+08
-2.20381e+08 2.5293e+08
-1.94114e+08 2.26294e+08
-1.51851e+08 1.84031e+08
-1.13272e+08 1.45452e+08
-7.97565e+07 1.11937e+08
-5.02343e+07 8.24147e+07
-2.26804e+07 5.48608e+07
5.67125e+06 2.65092e+07
3.70889e+07 -4.90848e+06
7.23552e+07 -4.01748e+07
1.64347e+08 -1.32166e+08
1.41825e+08 -1.22868e+08
2.44516e+08 -1.60773e+08
2.44071e+08 0
2.44071e+08 0
2.44071e+08 0
2.44071e+08 0
2.44071e+08 0
2.44071e+08 0
2.44071e+08 0
2.44071e+08 0
2.44071e+08 0
2.44071e+08 0
2.44071e+08 0
2.44071e+08 0
2.44071e+08 0
2.44071e+08 0
2.44071e+08 0
2.44071e+08 0
2.44071e+08 0
2.44071e+08 0
2.44071e+08 0
2.44071e+08 0
2.44071e+08 0
2.44071e+08 0
2.44071e+08 0
2.44071e+08 0
2.44071e+08 0
2.44071e+08 0
2.44071e+08 0
2.44071e+08 0
2.44071e+08 0
2.44071e+08 0
2.44071e+08 0
2.44071e+08 0
2.44071e+08 0
2.44071e+08 0
2.44071e+08 0
2.44071e+08 0
2.44071e+08 0
2.44071e+08 0
2.44071e+08 0
2.44071e+08 0
2.44071e+08 0
2.44071e+08 0
2.44071e+08 0
2.44071e+08 0
2.44071e+08 0
2.44071e+08 0
2.44071e+08 0
2.44071e+08 0
2.44071e+08 0
2.44071e+08 0
2.44071e+08 0
2.44071e+08 0
2.44071e+08 0
2.44071e+08 0
2.44071e+08 0
2.44071e+08 0
2.44071e+08 0
2.44071e+08 0
2.44071e+08 0
2.44071e+08 0
2.44071e+08 0
2.44071e+08 0
2.44071e+08 0
2.44071e+08 0
2.44071e+08 0
2.44071e+08 0
2.44071e+08 0
2.44071e+08 0
2.44071e+08 0
2.44071e+08 0
2.44071e+08 0
2.44071e+08 0
