0 -1.97095e-06
0 1.7068e-05
0 127045
-15 127045
-30 127045
-45 127045
-60 127045
-75 127045
-90 127045
-105 127045
-120 127045
-135 127045
-150 127045
-165 127045
-180 127045
-195 127045
-210 127045
-225 127045
-240 127045
-255 127045
-270 127045
-285 127045
-300 127045
-315 127045
-330 127045
-345 127045
-360 127045
-375 127045
-390 127045
-405 127045
-420 127045
-435 127045
-450 127045
-465 127045
-479.999 127045
-494.999 127045
-509.999 127045
-524.999 127045
-539.999 127045
-554.999 127045
-569.999 127045
-584.999 127045
-599.999 127045
-614.999 127045
-629.999 127045
-644.999 127045
-659.999 127045
-674.999 127045
-689.999 127045
-704.999 127045
-719.999 127045
-734.999 127045
-749.999 127045
-764.999 127045
-779.999 127045
-794.999 127045
-809.999 127045
-824.998 127045
-839.998 127045
-854.998 127045
-869.998 127045
-884.998 127045
-899.998 127045
-914.998 127045
-929.998 127045
-944.998 127045
-959.998 127045
-974.998 127045
-989.998 127045
-1005 127045
-1020 127045
-1035 127045
-1050 127045
-1065 127045
-1080 127045
-1095 127045
-1110 127045
-1125 127045
-1140 127045
-1155 127045
-1170 127045
-1185 127045
-1200 127045
-1215 127045
-1230 127045
-1245 127045
-1260 127045
-1275 127045
-1290 127045
-1305 127045
-1320 127045
-1335 127045
-1350 127045
-1365 127045
-1380 127045
-1395 127045
-1410 127045
-1425 127045
-1440 127045
-1455 127045
-1470 127045
-1485 127045
-1499.99 127045
