0 -4.12503e-06
0 1.82393e-05
0 0.000362477
-6.6086e+06 0.000372477
-1.55274e+07 0.000382477
-2.7924e+07 0.000392477
-4.37602e+07 0.000402477
1.08476e+08 0.000412477
1.08476e+08 0.000422477
1.08476e+08 0.000432477
1.08476e+08 0.000442477
1.08476e+08 0.000452477
1.08476e+08 0.000462477
1.08476e+08 0.000472477
1.08476e+08 0.000482477
1.08476e+08 0.000492477
1.08476e+08 0.000502477
1.08476e+08 0.000512477
1.08476e+08 0.000522477
1.08476e+08 0.000532477
1.08476e+08 0.000542477
1.08476e+08 0.000552477
1.08476e+08 0.000562477
1.08476e+08 0.000572477
1.08476e+08 0.000582477
1.08476e+08 0.000592477
1.08476e+08 0.000602477
1.08476e+08 0.000612477
1.08476e+08 0.000622477
1.08476e+08 0.000632477
1.08476e+08 0.000642477
1.08476e+08 0.000652477
1.08476e+08 0.000662477
1.08476e+08 0.000672477
1.08476e+08 0.000682477
1.08476e+08 0.000692477
1.08476e+08 0.000702477
1.08476e+08 0.000712477
1.08476e+08 0.000722477
1.08476e+08 0.000732477
1.08476e+08 0.000742477
1.08476e+08 0.000752477
1.08476e+08 0.000762477
1.08476e+08 0.000772477
1.08476e+08 0.000782477
1.08476e+08 0.000792477
1.08476e+08 0.000802477
1.08476e+08 0.000812477
1.08476e+08 0.000822477
1.08476e+08 0.000832477
1.08476e+08 0.000842477
1.08476e+08 0.000852477
1.08476e+08 0.000862477
1.08476e+08 0.000872477
1.08476e+08 0.000882477
1.08476e+08 0.000892477
1.08476e+08 0.000902477
1.08476e+08 0.000912477
1.08476e+08 0.000922477
1.08476e+08 0.000932477
1.08476e+08 0.000942477
1.08476e+08 0.000952477
1.08476e+08 0.000962477
1.08476e+08 0.000972477
1.08476e+08 0.000982477
1.08476e+08 0.000992477
1.08476e+08 0.00100248
1.08476e+08 0.00101248
1.08476e+08 0.00102248
1.08476e+08 0.00103248
1.08476e+08 0.00104248
1.08476e+08 0.00105248
1.08476e+08 0.00106248
1.08476e+08 0.00107248
1.08476e+08 0.00108248
1.08476e+08 0.00109248
1.08476e+08 0.00110248
1.08476e+08 0.00111248
1.08476e+08 0.00112248
1.08476e+08 0.00113248
1.08476e+08 0.00114248
1.08476e+08 0.00115248
1.08476e+08 0.00116248
1.08476e+08 0.00117248
1.08476e+08 0.00118248
1.08476e+08 0.00119248
1.08476e+08 0.00120248
1.08476e+08 0.00121248
1.08476e+08 0.00122248
1.08476e+08 0.00123248
1.08476e+08 0.00124248
1.08476e+08 0.00125248
1.08476e+08 0.00126248
1.08476e+08 0.00127248
1.08476e+08 0.00128248
1.08476e+08 0.00129248
1.08476e+08 0.00130248
1.08476e+08 0.00131248
1.08476e+08 0.00132248
1.08476e+08 0.00133248
1.08476e+08 0.00134248
1.08476e+08 0.00135248
1.08476e+08 0.00136248
