0 -2.45737e-07
0 -8.42536e-05
0 -506893
-15 -506893
-30 -506893
-45 -506893
-60 -506893
-75 -506893
-90 -506893
-105 -506893
-120 -506893
-135 -506893
-150 -506893
-165 -506893
-180 -506893
-195 -506893
-210 -506893
-225 -506893
-240 -506893
-255 -506893
-270 -506893
-285 -506893
-300 -506893
-315 -506893
-330 -506893
-345 -506893
-360 -506893
-375 -506893
-390 -506893
-405 -506893
-420 -506893
-435 -506893
-450 -506893
-465 -506893
-480 -506893
-495 -506893
-510 -506893
-525 -506893
-540 -506893
-555 -506893
-570 -506893
-585 -506893
-600 -506893
-615 -506893
-630 -506893
-645 -506893
-660 -506893
-675 -506893
-690 -506893
-705 -506893
-720 -506893
-735 -506893
-750 -506893
-765 -506893
-780 -506893
-795 -506893
-810 -506893
-825 -506893
-840 -506893
-855 -506893
-870 -506893
-885 -506893
-900 -506893
-915 -506893
-930 -506893
-945 -506893
-960 -506893
-975 -506893
-990 -506893
-1005 -506893
-1020 -506893
-1035 -506893
-1050 -506893
-1065 -506893
-1080 -506893
-1095 -506893
-1110 -506893
-1125 -506893
-1140 -506893
-1155 -506893
-1170 -506893
-1185 -506893
-1200 -506893
-1215 -506893
-1230 -506893
-1245 -506893
-1260 -506893
-1275 -506893
-1290 -506893
-1305 -506893
-1320 -506893
-1335 -506893
-1350 -506893
-1365 -506893
-1380 -506893
-1395 -506893
-1410 -506893
-1425 -506893
-1440 -506893
-1455 -506893
-1470 -506893
-1485 -506893
-1500 -506893
