0 -2.34331e-07
0 -3.82693e-05
0 -894219
-15 -894219
-30 -894219
-45 -894219
-60 -894219
-75 -894219
-90 -894219
-105 -894219
-120 -894219
-135 -894219
-150 -894219
-165 -894219
-180 -894219
-195 -894219
-210 -894219
-225 -894219
-240 -894219
-255 -894219
-270 -894219
-285 -894219
-300 -894219
-315 -894219
-330 -894219
-345 -894219
-360 -894219
-375 -894219
-390 -894219
-405 -894219
-420 -894219
-435 -894219
-450 -894219
-465 -894219
-480 -894219
-495 -894219
-510 -894219
-525 -894219
-540 -894219
-555 -894219
-570 -894219
-585 -894219
-600 -894219
-615 -894219
-630 -894219
-645 -894219
-660 -894219
-675 -894219
-690 -894219
-705 -894219
-720 -894219
-735 -894219
-750 -894219
-765 -894219
-780 -894219
-795 -894219
-810 -894219
-825 -894219
-840 -894219
-855 -894219
-870 -894219
-885 -894219
-900 -894219
-915 -894219
-930 -894219
-945 -894219
-960 -894219
-975 -894219
-990 -894219
-1005 -894219
-1020 -894219
-1035 -894219
-1050 -894219
-1065 -894219
-1080 -894219
-1095 -894219
-1110 -894219
-1125 -894219
-1140 -894219
-1155 -894219
-1170 -894219
-1185 -894219
-1200 -894219
-1215 -894219
-1230 -894219
-1245 -894219
-1260 -894219
-1275 -894219
-1290 -894219
-1305 -894219
-1320 -894219
-1335 -894219
-1350 -894219
-1365 -894219
-1380 -894219
-1395 -894219
-1410 -894219
-1425 -894219
-1440 -894219
-1455 -894219
-1470 -894219
-1485 -894219
-1500 -894219
