0 -3.79539e-06
0 1.12998e-05
0 6.30586e-06
1.2529e+08 1.63059e-05
1.72988e+08 2.63059e-05
1.92857e+08 3.63059e-05
2.02403e+08 4.63059e-05
2.06673e+08 5.63059e-05
2.0784e+08 6.63059e-05
2.07265e+08 7.63059e-05
2.05479e+08 8.63059e-05
2.02762e+08 9.63059e-05
1.99184e+08 0.000106306
1.94788e+08 0.000116306
1.8953e+08 0.000126306
1.83294e+08 0.000136306
1.757e+08 0.000146306
1.6557e+08 0.000156306
1.52348e+08 0.000166306
1.33093e+08 0.000176306
1.07248e+08 0.000186306
6.61013e+07 0.000196306
-1.44004e+07 0.000206306
3.29706e+08 0.000216306
3.29706e+08 0.000226306
3.29706e+08 0.000236306
3.29706e+08 0.000246306
3.29706e+08 0.000256306
3.29706e+08 0.000266306
3.29706e+08 0.000276306
3.29706e+08 0.000286306
3.29706e+08 0.000296306
3.29706e+08 0.000306306
3.29706e+08 0.000316306
3.29706e+08 0.000326306
3.29706e+08 0.000336306
3.29706e+08 0.000346306
3.29706e+08 0.000356306
3.29706e+08 0.000366306
3.29706e+08 0.000376306
3.29706e+08 0.000386306
3.29706e+08 0.000396306
3.29706e+08 0.000406306
3.29706e+08 0.000416306
3.29706e+08 0.000426306
3.29706e+08 0.000436306
3.29706e+08 0.000446306
3.29706e+08 0.000456306
3.29706e+08 0.000466306
3.29706e+08 0.000476306
3.29706e+08 0.000486306
3.29706e+08 0.000496306
3.29706e+08 0.000506306
3.29706e+08 0.000516306
3.29706e+08 0.000526306
3.29706e+08 0.000536306
3.29706e+08 0.000546306
3.29706e+08 0.000556306
3.29706e+08 0.000566306
3.29706e+08 0.000576306
3.29706e+08 0.000586306
3.29706e+08 0.000596306
3.29706e+08 0.000606306
3.29706e+08 0.000616306
3.29706e+08 0.000626306
3.29706e+08 0.000636306
3.29706e+08 0.000646306
3.29706e+08 0.000656306
3.29706e+08 0.000666306
3.29706e+08 0.000676306
3.29706e+08 0.000686306
3.29706e+08 0.000696306
3.29706e+08 0.000706306
3.29706e+08 0.000716306
3.29706e+08 0.000726306
3.29706e+08 0.000736306
3.29706e+08 0.000746306
3.29706e+08 0.000756306
3.29706e+08 0.000766306
3.29706e+08 0.000776306
3.29706e+08 0.000786306
3.29706e+08 0.000796306
3.29706e+08 0.000806306
3.29706e+08 0.000816306
3.29706e+08 0.000826306
3.29706e+08 0.000836306
3.29706e+08 0.000846306
3.29706e+08 0.000856306
3.29706e+08 0.000866306
3.29706e+08 0.000876306
3.29706e+08 0.000886306
3.29706e+08 0.000896306
3.29706e+08 0.000906306
3.29706e+08 0.000916306
3.29706e+08 0.000926306
3.29706e+08 0.000936306
3.29706e+08 0.000946306
3.29706e+08 0.000956306
3.29706e+08 0.000966306
3.29706e+08 0.000976306
3.29706e+08 0.000986306
3.29706e+08 0.000996306
3.29706e+08 0.00100631
