0 -4.62668e-06
0 2.49811e-05
0 -428354
-15 -428354
-30 -428354
-45 -428354
-60 -428354
-75 -428354
-90 -428354
-105 -428354
-120 -428354
-135 -428354
-150 -428354
-165 -428354
-180 -428354
-195 -428354
-210 -428354
-225 -428354
-240 -428354
-255 -428354
-270 -428354
-285 -428354
-300 -428354
-315 -428354
-330 -428354
-345 -428354
-360 -428354
-375 -428354
-390 -428354
-405 -428354
-420 -428354
-435 -428354
-450 -428354
-465 -428354
-480 -428354
-495 -428354
-510 -428354
-525 -428354
-540 -428354
-555 -428354
-570 -428354
-585 -428354
-600 -428354
-615 -428354
-630 -428354
-645 -428354
-660 -428354
-675 -428354
-690 -428354
-705 -428354
-720 -428354
-735 -428354
-750 -428354
-765 -428354
-780 -428354
-795 -428354
-810.001 -428354
-825.001 -428354
-840.001 -428354
-855.001 -428354
-870.001 -428354
-885.001 -428354
-900.001 -428354
-915.001 -428354
-930.001 -428354
-945.001 -428354
-960.001 -428354
-975.001 -428354
-990.001 -428354
-1005 -428354
-1020 -428354
-1035 -428354
-1050 -428354
-1065 -428354
-1080 -428354
-1095 -428354
-1110 -428354
-1125 -428354
-1140 -428354
-1155 -428354
-1170 -428354
-1185 -428354
-1200 -428354
-1215 -428354
-1230 -428354
-1245 -428354
-1260 -428354
-1275 -428354
-1290 -428354
-1305 -428354
-1320 -428354
-1335 -428354
-1350 -428354
-1365 -428354
-1380 -428354
-1395 -428354
-1410 -428354
-1425 -428354
-1440 -428354
-1455 -428354
-1470 -428354
-1485 -428354
-1500 -428354
