0 -1.21072e-08
0 -1.26426e+08
0 -1.26426e+08
8.96881e+07 -2.16115e+08
8.68407e+07 -2.13267e+08
3.92868e+07 -1.65713e+08
-6.2253e+07 -6.41734e+07
9.78661e+08 0
9.78661e+08 0
9.78661e+08 0
9.78661e+08 0
9.78661e+08 0
9.78661e+08 0
9.78661e+08 0
9.78661e+08 0
9.78661e+08 0
9.78661e+08 0
9.78661e+08 0
9.78661e+08 0
9.78661e+08 0
9.78661e+08 0
9.78661e+08 0
9.78661e+08 0
9.78661e+08 0
9.78661e+08 0
9.78661e+08 0
9.78661e+08 0
9.78661e+08 0
9.78661e+08 0
9.78661e+08 0
9.78661e+08 0
9.78661e+08 0
9.78661e+08 0
9.78661e+08 0
9.78661e+08 0
9.78661e+08 0
9.78661e+08 0
9.78661e+08 0
9.78661e+08 0
9.78661e+08 0
9.78661e+08 0
9.78661e+08 0
9.78661e+08 0
9.78661e+08 0
9.78661e+08 0
9.78661e+08 0
9.78661e+08 0
9.78661e+08 0
9.78661e+08 0
9.78661e+08 0
9.78661e+08 0
9.78661e+08 0
9.78661e+08 0
9.78661e+08 0
9.78661e+08 0
9.78661e+08 0
9.78661e+08 0
9.78661e+08 0
9.78661e+08 0
9.78661e+08 0
9.78661e+08 0
9.78661e+08 0
9.78661e+08 0
9.78661e+08 0
9.78661e+08 0
9.78661e+08 0
9.78661e+08 0
9.78661e+08 0
9.78661e+08 0
9.78661e+08 0
9.78661e+08 0
9.78661e+08 0
9.78661e+08 0
9.78661e+08 0
9.78661e+08 0
9.78661e+08 0
9.78661e+08 0
9.78661e+08 0
9.78661e+08 0
9.78661e+08 0
9.78661e+08 0
9.78661e+08 0
9.78661e+08 0
9.78661e+08 0
9.78661e+08 0
9.78661e+08 0
9.78661e+08 0
9.78661e+08 0
9.78661e+08 0
9.78661e+08 0
9.78661e+08 0
9.78661e+08 0
9.78661e+08 0
9.78661e+08 0
9.78661e+08 0
9.78661e+08 0
9.78661e+08 0
9.78661e+08 0
9.78661e+08 0
9.78661e+08 0
9.78661e+08 0
9.78661e+08 0
9.78661e+08 0
