0 0
0 -3.79323e-05
0 -381753
-15 -381753
-30 -381753
-45 -381753
-60 -381753
-75 -381753
-90 -381753
-105 -381753
-120 -381753
-135 -381753
-150 -381753
-165 -381753
-180 -381753
-195 -381753
-210 -381753
-225 -381753
-240 -381753
-255 -381753
-270 -381753
-285 -381753
-300 -381753
-315 -381753
-330 -381753
-345 -381753
-360 -381753
-375 -381753
-390 -381753
-405 -381753
-420 -381753
-435 -381753
-450 -381753
-465 -381753
-480 -381753
-495 -381753
-510 -381753
-525 -381753
-540 -381753
-555 -381753
-570 -381753
-585 -381753
-600 -381753
-615 -381753
-630 -381753
-645 -381753
-660 -381753
-675 -381753
-690 -381753
-705 -381753
-720 -381753
-735 -381753
-750 -381753
-765 -381753
-780 -381753
-795 -381753
-810 -381753
-825.001 -381753
-840.001 -381753
-855.001 -381753
-870.001 -381753
-885.001 -381753
-900.001 -381753
-915.001 -381753
-930.001 -381753
-945.001 -381753
-960.001 -381753
-975.001 -381753
-990.001 -381753
-1005 -381753
-1020 -381753
-1035 -381753
-1050 -381753
-1065 -381753
-1080 -381753
-1095 -381753
-1110 -381753
-1125 -381753
-1140 -381753
-1155 -381753
-1170 -381753
-1185 -381753
-1200 -381753
-1215 -381753
-1230 -381753
-1245 -381753
-1260 -381753
-1275 -381753
-1290 -381753
-1305 -381753
-1320 -381753
-1335 -381753
-1350 -381753
-1365 -381753
-1380 -381753
-1395 -381753
-1410 -381753
-1425 -381753
-1440 -381753
-1455 -381753
-1470 -381753
-1485 -381753
-1500 -381753
