0 7.63685e-08
0 -1.24376e+08
0 -1.24376e+08
1.28188e+08 -2.52564e+08
1.80314e+08 -3.0469e+08
1.79701e+08 -3.04077e+08
1.54344e+08 -2.7872e+08
1.10156e+08 -2.34532e+08
4.15693e+07 -1.65946e+08
-8.83347e+07 -3.60417e+07
7.80788e+08 0
7.80788e+08 0
7.80788e+08 0
7.80788e+08 0
7.80788e+08 0
7.80788e+08 0
7.80788e+08 0
7.80788e+08 0
7.80788e+08 0
7.80788e+08 0
7.80788e+08 0
7.80788e+08 0
7.80788e+08 0
7.80788e+08 0
7.80788e+08 0
7.80788e+08 0
7.80788e+08 0
7.80788e+08 0
7.80788e+08 0
7.80788e+08 0
7.80788e+08 0
7.80788e+08 0
7.80788e+08 0
7.80788e+08 0
7.80788e+08 0
7.80788e+08 0
7.80788e+08 0
7.80788e+08 0
7.80788e+08 0
7.80788e+08 0
7.80788e+08 0
7.80788e+08 0
7.80788e+08 0
7.80788e+08 0
7.80788e+08 0
7.80788e+08 0
7.80788e+08 0
7.80788e+08 0
7.80788e+08 0
7.80788e+08 0
7.80788e+08 0
7.80788e+08 0
7.80788e+08 0
7.80788e+08 0
7.80788e+08 0
7.80788e+08 0
7.80788e+08 0
7.80788e+08 0
7.80788e+08 0
7.80788e+08 0
7.80788e+08 0
7.80788e+08 0
7.80788e+08 0
7.80788e+08 0
7.80788e+08 0
7.80788e+08 0
7.80788e+08 0
7.80788e+08 0
7.80788e+08 0
7.80788e+08 0
7.80788e+08 0
7.80788e+08 0
7.80788e+08 0
7.80788e+08 0
7.80788e+08 0
7.80788e+08 0
7.80788e+08 0
7.80788e+08 0
7.80788e+08 0
7.80788e+08 0
7.80788e+08 0
7.80788e+08 0
7.80788e+08 0
7.80788e+08 0
7.80788e+08 0
7.80788e+08 0
7.80788e+08 0
7.80788e+08 0
7.80788e+08 0
7.80788e+08 0
7.80788e+08 0
7.80788e+08 0
7.80788e+08 0
7.80788e+08 0
7.80788e+08 0
7.80788e+08 0
7.80788e+08 0
7.80788e+08 0
7.80788e+08 0
7.80788e+08 0
7.80788e+08 0
7.80788e+08 0
7.80788e+08 0
