0 -3.95812e-08
0 7.8243e+07
0 7.8243e+07
-1.73887e+08 2.5213e+08
-2.43933e+08 3.22176e+08
-2.33677e+08 3.1192e+08
-1.94201e+08 2.72444e+08
-1.27073e+08 2.05316e+08
6.28873e+06 7.19543e+07
9.20111e+08 0
9.20111e+08 0
9.20111e+08 0
9.20111e+08 0
9.20111e+08 0
9.20111e+08 0
9.20111e+08 0
9.20111e+08 0
9.20111e+08 0
9.20111e+08 0
9.20111e+08 0
9.20111e+08 0
9.20111e+08 0
9.20111e+08 0
9.20111e+08 0
9.20111e+08 0
9.20111e+08 0
9.20111e+08 0
9.20111e+08 0
9.20111e+08 0
9.20111e+08 0
9.20111e+08 0
9.20111e+08 0
9.20111e+08 0
9.20111e+08 0
9.20111e+08 0
9.20111e+08 0
9.20111e+08 0
9.20111e+08 0
9.20111e+08 0
9.20111e+08 0
9.20111e+08 0
9.20111e+08 0
9.20111e+08 0
9.20111e+08 0
9.20111e+08 0
9.20111e+08 0
9.20111e+08 0
9.20111e+08 0
9.20111e+08 0
9.20111e+08 0
9.20111e+08 0
9.20111e+08 0
9.20111e+08 0
9.20111e+08 0
9.20111e+08 0
9.20111e+08 0
9.20111e+08 0
9.20111e+08 0
9.20111e+08 0
9.20111e+08 0
9.20111e+08 0
9.20111e+08 0
9.20111e+08 0
9.20111e+08 0
9.20111e+08 0
9.20111e+08 0
9.20111e+08 0
9.20111e+08 0
9.20111e+08 0
9.20111e+08 0
9.20111e+08 0
9.20111e+08 0
9.20111e+08 0
9.20111e+08 0
9.20111e+08 0
9.20111e+08 0
9.20111e+08 0
9.20111e+08 0
9.20111e+08 0
9.20111e+08 0
9.20111e+08 0
9.20111e+08 0
9.20111e+08 0
9.20111e+08 0
9.20111e+08 0
9.20111e+08 0
9.20111e+08 0
9.20111e+08 0
9.20111e+08 0
9.20111e+08 0
9.20111e+08 0
9.20111e+08 0
9.20111e+08 0
9.20111e+08 0
9.20111e+08 0
9.20111e+08 0
9.20111e+08 0
9.20111e+08 0
9.20111e+08 0
9.20111e+08 0
9.20111e+08 0
9.20111e+08 0
9.20111e+08 0
