0 -6.18278e-07
0 0.000139515
0 185049
-15 185049
-30 185049
-45 185049
-60 185049
-75 185049
-90 185049
-105 185049
-120 185049
-135 185049
-150 185049
-165 185049
-180 185049
-195 185049
-210 185049
-225 185049
-240 185049
-255 185049
-270 185049
-285 185049
-300 185049
-315 185049
-330 185049
-345 185049
-360 185049
-375 185049
-390 185049
-405 185049
-420 185049
-435 185049
-450 185049
-464.999 185049
-479.999 185049
-494.999 185049
-509.999 185049
-524.999 185049
-539.999 185049
-554.999 185049
-569.999 185049
-584.999 185049
-599.999 185049
-614.999 185049
-629.999 185049
-644.999 185049
-659.999 185049
-674.999 185049
-689.999 185049
-704.999 185049
-719.999 185049
-734.999 185049
-749.999 185049
-764.999 185049
-779.999 185049
-794.999 185049
-809.998 185049
-824.998 185049
-839.998 185049
-854.998 185049
-869.998 185049
-884.998 185049
-899.998 185049
-914.998 185049
-929.998 185049
-944.998 185049
-959.998 185049
-974.998 185049
-989.998 185049
-1005 185049
-1020 185049
-1035 185049
-1050 185049
-1065 185049
-1080 185049
-1095 185049
-1110 185049
-1125 185049
-1140 185049
-1155 185049
-1170 185049
-1185 185049
-1200 185049
-1215 185049
-1230 185049
-1245 185049
-1260 185049
-1275 185049
-1290 185049
-1305 185049
-1320 185049
-1335 185049
-1350 185049
-1365 185049
-1380 185049
-1395 185049
-1410 185049
-1425 185049
-1440 185049
-1455 185049
-1469.99 185049
-1484.99 185049
-1499.99 185049
