0 -2.96745e-07
0 0.000211235
0 134816
-15 134816
-30 134816
-45 134816
-60 134816
-75 134816
-90 134816
-105 134816
-120 134816
-135 134816
-150 134816
-165 134816
-180 134816
-195 134816
-210 134816
-225 134816
-240 134816
-255 134816
-270 134816
-285 134816
-300 134816
-315 134816
-330 134816
-345 134816
-360 134816
-375 134816
-390 134816
-405 134816
-420 134816
-434.999 134816
-449.999 134816
-464.999 134816
-479.999 134816
-494.999 134816
-509.999 134816
-524.999 134816
-539.999 134816
-554.999 134816
-569.999 134816
-584.999 134816
-599.999 134816
-614.999 134816
-629.999 134816
-644.999 134816
-659.999 134816
-674.999 134816
-689.999 134816
-704.999 134816
-719.999 134816
-734.999 134816
-749.998 134816
-764.998 134816
-779.998 134816
-794.998 134816
-809.998 134816
-824.998 134816
-839.998 134816
-854.998 134816
-869.998 134816
-884.998 134816
-899.998 134816
-914.998 134816
-929.998 134816
-944.998 134816
-959.997 134816
-974.997 134816
-989.997 134816
-1005 134816
-1020 134816
-1035 134816
-1050 134816
-1065 134816
-1080 134816
-1095 134816
-1110 134816
-1125 134816
-1140 134816
-1155 134816
-1170 134816
-1185 134816
-1200 134816
-1215 134816
-1230 134816
-1245 134816
-1260 134816
-1275 134816
-1290 134816
-1305 134816
-1320 134816
-1335 134816
-1350 134816
-1364.99 134816
-1379.99 134816
-1394.99 134816
-1409.99 134816
-1424.99 134816
-1439.99 134816
-1454.99 134816
-1469.99 134816
-1484.99 134816
-1499.99 134816
