0 9.12696e-08
0 1.68945e+08
0 1.68945e+08
-8.97354e+07 2.58681e+08
-1.23592e+08 2.92538e+08
-1.42598e+08 3.11544e+08
-1.51855e+08 3.208e+08
-1.56142e+08 3.25088e+08
-1.56777e+08 3.25722e+08
-1.53613e+08 3.22559e+08
-1.47776e+08 3.16721e+08
-1.39417e+08 3.08362e+08
-1.27627e+08 2.96572e+08
-1.10954e+08 2.79899e+08
-8.49205e+07 2.53866e+08
-3.82128e+07 2.07158e+08
4.05194e+07 1.28426e+08
1.03192e+08 6.57534e+07
1.60417e+08 8.52789e+06
2.44997e+08 -7.6052e+07
3.30744e+08 -1.61798e+08
4.51466e+08 0
4.51466e+08 0
4.51466e+08 0
4.51466e+08 0
4.51466e+08 0
4.51466e+08 0
4.51466e+08 0
4.51466e+08 0
4.51466e+08 0
4.51466e+08 0
4.51466e+08 0
4.51466e+08 0
4.51466e+08 0
4.51466e+08 0
4.51466e+08 0
4.51466e+08 0
4.51466e+08 0
4.51466e+08 0
4.51466e+08 0
4.51466e+08 0
4.51466e+08 0
4.51466e+08 0
4.51466e+08 0
4.51466e+08 0
4.51466e+08 0
4.51466e+08 0
4.51466e+08 0
4.51466e+08 0
4.51466e+08 0
4.51466e+08 0
4.51466e+08 0
4.51466e+08 0
4.51466e+08 0
4.51466e+08 0
4.51466e+08 0
4.51466e+08 0
4.51466e+08 0
4.51466e+08 0
4.51466e+08 0
4.51466e+08 0
4.51466e+08 0
4.51466e+08 0
4.51466e+08 0
4.51466e+08 0
4.51466e+08 0
4.51466e+08 0
4.51466e+08 0
4.51466e+08 0
4.51466e+08 0
4.51466e+08 0
4.51466e+08 0
4.51466e+08 0
4.51466e+08 0
4.51466e+08 0
4.51466e+08 0
4.51466e+08 0
4.51466e+08 0
4.51466e+08 0
4.51466e+08 0
4.51466e+08 0
4.51466e+08 0
4.51466e+08 0
4.51466e+08 0
4.51466e+08 0
4.51466e+08 0
4.51466e+08 0
4.51466e+08 0
4.51466e+08 0
4.51466e+08 0
4.51466e+08 0
4.51466e+08 0
4.51466e+08 0
4.51466e+08 0
4.51466e+08 0
4.51466e+08 0
4.51466e+08 0
4.51466e+08 0
4.51466e+08 0
4.51466e+08 0
4.51466e+08 0
4.51466e+08 0
4.51466e+08 0
