0 4.52856e-08
0 4.98547e+07
0 4.98547e+07
-1.61922e+08 2.11777e+08
-2.24534e+08 2.74388e+08
-2.51578e+08 3.01433e+08
-2.65672e+08 3.15527e+08
-2.73022e+08 3.22877e+08
-2.75966e+08 3.2582e+08
-2.75003e+08 3.24858e+08
-2.70933e+08 3.20788e+08
-2.64923e+08 3.14778e+08
-2.55841e+08 3.05695e+08
-2.42976e+08 2.92831e+08
-2.24328e+08 2.74183e+08
-1.94046e+08 2.43901e+08
-1.33184e+08 1.83039e+08
-5.7233e+07 1.07088e+08
2.62358e+06 4.72312e+07
6.87545e+07 -1.88997e+07
1.56428e+08 -1.06574e+08
2.46812e+08 -1.95618e+08
3.32375e+08 0
3.32375e+08 0
3.32375e+08 0
3.32375e+08 0
3.32375e+08 0
3.32375e+08 0
3.32375e+08 0
3.32375e+08 0
3.32375e+08 0
3.32375e+08 0
3.32375e+08 0
3.32375e+08 0
3.32375e+08 0
3.32375e+08 0
3.32375e+08 0
3.32375e+08 0
3.32375e+08 0
3.32375e+08 0
3.32375e+08 0
3.32375e+08 0
3.32375e+08 0
3.32375e+08 0
3.32375e+08 0
3.32375e+08 0
3.32375e+08 0
3.32375e+08 0
3.32375e+08 0
3.32375e+08 0
3.32375e+08 0
3.32375e+08 0
3.32375e+08 0
3.32375e+08 0
3.32375e+08 0
3.32375e+08 0
3.32375e+08 0
3.32375e+08 0
3.32375e+08 0
3.32375e+08 0
3.32375e+08 0
3.32375e+08 0
3.32375e+08 0
3.32375e+08 0
3.32375e+08 0
3.32375e+08 0
3.32375e+08 0
3.32375e+08 0
3.32375e+08 0
3.32375e+08 0
3.32375e+08 0
3.32375e+08 0
3.32375e+08 0
3.32375e+08 0
3.32375e+08 0
3.32375e+08 0
3.32375e+08 0
3.32375e+08 0
3.32375e+08 0
3.32375e+08 0
3.32375e+08 0
3.32375e+08 0
3.32375e+08 0
3.32375e+08 0
3.32375e+08 0
3.32375e+08 0
3.32375e+08 0
3.32375e+08 0
3.32375e+08 0
3.32375e+08 0
3.32375e+08 0
3.32375e+08 0
3.32375e+08 0
3.32375e+08 0
3.32375e+08 0
3.32375e+08 0
3.32375e+08 0
3.32375e+08 0
3.32375e+08 0
3.32375e+08 0
3.32375e+08 0
3.32375e+08 0
3.32375e+08 0
