0 -3.23264e-07
0 4.4569e-06
0 5.83206e-06
7.23385e+06 1.58321e-05
1.15563e+07 2.58321e-05
1.48026e+07 3.58321e-05
1.81316e+07 4.58321e-05
2.15637e+07 5.58321e-05
2.44451e+07 6.58321e-05
2.62e+07 7.58321e-05
2.79646e+07 8.58321e-05
2.95844e+07 9.58321e-05
3.0751e+07 0.000105832
3.1798e+07 0.000115832
3.27509e+07 0.000125832
3.36099e+07 0.000135832
3.44033e+07 0.000145832
3.51291e+07 0.000155832
3.5794e+07 0.000165832
3.64224e+07 0.000175832
3.70001e+07 0.000185832
3.75432e+07 0.000195832
3.80585e+07 0.000205832
3.85392e+07 0.000215832
3.89896e+07 0.000225832
3.94128e+07 0.000235832
3.98192e+07 0.000245832
4.0206e+07 0.000255832
4.0569e+07 0.000265832
4.09129e+07 0.000275832
4.12398e+07 0.000285832
4.15499e+07 0.000295832
4.18495e+07 0.000305832
4.21358e+07 0.000315832
4.24071e+07 0.000325832
4.26641e+07 0.000335832
4.29089e+07 0.000345832
4.31434e+07 0.000355832
4.33687e+07 0.000365832
4.35855e+07 0.000375832
4.37945e+07 0.000385832
4.39947e+07 0.000395832
4.41875e+07 0.000405832
4.4375e+07 0.000415832
4.45583e+07 0.000425832
4.4737e+07 0.000435832
4.49095e+07 0.000445832
4.50765e+07 0.000455832
3.64694e+07 0.000465832
3.66256e+07 0.000475832
3.6777e+07 0.000485832
3.6926e+07 0.000495832
3.70726e+07 0.000505832
3.72169e+07 0.000515832
3.73594e+07 0.000525832
3.74985e+07 0.000535832
3.76341e+07 0.000545832
3.77668e+07 0.000555832
3.78972e+07 0.000565832
3.80256e+07 0.000575832
3.81522e+07 0.000585832
3.82772e+07 0.000595832
3.84007e+07 0.000605832
3.85229e+07 0.000615832
3.86438e+07 0.000625832
3.87635e+07 0.000635832
3.88821e+07 0.000645832
3.89996e+07 0.000655832
3.91162e+07 0.000665832
3.92319e+07 0.000675832
3.93454e+07 0.000685832
3.94579e+07 0.000695832
3.95702e+07 0.000705832
3.96822e+07 0.000715832
3.97939e+07 0.000725832
3.99053e+07 0.000735832
4.00154e+07 0.000745832
4.01238e+07 0.000755832
4.02307e+07 0.000765832
4.03363e+07 0.000775832
4.04412e+07 0.000785832
4.05455e+07 0.000795832
4.06495e+07 0.000805832
4.07533e+07 0.000815832
4.08569e+07 0.000825832
4.09604e+07 0.000835832
4.10637e+07 0.000845832
4.11669e+07 0.000855832
4.127e+07 0.000865832
4.1373e+07 0.000875832
4.1476e+07 0.000885832
4.15789e+07 0.000895832
4.16817e+07 0.000905832
4.17846e+07 0.000915832
-1.94048e+07 0.000925832
-1.73231e+07 0.000935832
-1.589e+07 0.000945832
-1.47209e+07 0.000955832
-1.38446e+07 0.000965832
-1.31141e+07 0.000975832
-1.23374e+07 0.000985832
-1.15032e+07 0.000995832
-1.06912e+07 0.00100583
