0 0
0 0.000307484
0 -1.0525e+06
-15 -1.0525e+06
-30 -1.0525e+06
-45 -1.0525e+06
-60 -1.0525e+06
-75 -1.0525e+06
-90 -1.0525e+06
-105 -1.0525e+06
-120 -1.0525e+06
-135 -1.0525e+06
-150 -1.0525e+06
-165 -1.0525e+06
-180 -1.0525e+06
-195 -1.0525e+06
-210 -1.0525e+06
-225 -1.0525e+06
-240 -1.0525e+06
-255 -1.0525e+06
-270 -1.0525e+06
-285 -1.0525e+06
-300 -1.0525e+06
-315 -1.0525e+06
-330 -1.0525e+06
-345 -1.0525e+06
-360 -1.0525e+06
-375 -1.0525e+06
-390 -1.0525e+06
-405 -1.0525e+06
-420 -1.0525e+06
-435 -1.0525e+06
-450 -1.0525e+06
-465 -1.0525e+06
-480 -1.0525e+06
-495 -1.0525e+06
-510 -1.0525e+06
-525 -1.0525e+06
-540 -1.0525e+06
-555 -1.0525e+06
-570 -1.0525e+06
-585 -1.0525e+06
-600 -1.0525e+06
-615 -1.0525e+06
-630 -1.0525e+06
-645 -1.0525e+06
-660 -1.0525e+06
-675 -1.0525e+06
-690 -1.0525e+06
-705 -1.0525e+06
-720 -1.0525e+06
-735 -1.0525e+06
-750 -1.0525e+06
-765 -1.0525e+06
-780 -1.0525e+06
-795 -1.0525e+06
-810 -1.0525e+06
-825 -1.0525e+06
-840 -1.0525e+06
-855 -1.0525e+06
-870 -1.0525e+06
-885 -1.0525e+06
-900 -1.0525e+06
-915 -1.0525e+06
-930 -1.0525e+06
-945 -1.0525e+06
-960 -1.0525e+06
-975 -1.0525e+06
-990 -1.0525e+06
-1005 -1.0525e+06
-1020 -1.0525e+06
-1035 -1.0525e+06
-1050 -1.0525e+06
-1065 -1.0525e+06
-1080 -1.0525e+06
-1095 -1.0525e+06
-1110 -1.0525e+06
-1125 -1.0525e+06
-1140 -1.0525e+06
-1155 -1.0525e+06
-1170 -1.0525e+06
-1185 -1.0525e+06
-1200 -1.0525e+06
-1215 -1.0525e+06
-1230 -1.0525e+06
-1245 -1.0525e+06
-1260 -1.0525e+06
-1275 -1.0525e+06
-1290 -1.0525e+06
-1305 -1.0525e+06
-1320 -1.0525e+06
-1335 -1.0525e+06
-1350 -1.0525e+06
-1365 -1.0525e+06
-1380 -1.0525e+06
-1395 -1.0525e+06
-1410 -1.0525e+06
-1425 -1.0525e+06
-1440 -1.0525e+06
-1455 -1.0525e+06
-1470 -1.0525e+06
-1485 -1.0525e+06
-1500 -1.0525e+06
