0 -1.55857e-06
0 -3.65685e+07
0 -3.65685e+07
8.77817e+06 -4.53467e+07
1.79775e+07 -5.4546e+07
2.30391e+07 -5.96076e+07
2.90014e+07 -6.55699e+07
3.34858e+07 -7.00543e+07
3.72113e+07 -7.37798e+07
3.96386e+07 -7.62071e+07
4.08976e+07 -7.74661e+07
4.32612e+07 -7.98297e+07
4.45024e+07 -8.10709e+07
4.55941e+07 -8.21626e+07
4.6575e+07 -8.31435e+07
4.7475e+07 -8.40435e+07
4.82971e+07 -8.48656e+07
4.90424e+07 -8.56109e+07
4.97335e+07 -8.6302e+07
5.03871e+07 -8.69556e+07
5.0991e+07 -8.75595e+07
5.15604e+07 -8.81289e+07
5.20902e+07 -8.86587e+07
5.25865e+07 -8.9155e+07
3.48772e+07 -7.14457e+07
3.5318e+07 -7.18865e+07
3.57344e+07 -7.23029e+07
3.61275e+07 -7.2696e+07
3.64973e+07 -7.30658e+07
3.68505e+07 -7.3419e+07
3.71884e+07 -7.37569e+07
3.751e+07 -7.40785e+07
3.78151e+07 -7.43836e+07
3.81047e+07 -7.46732e+07
3.83805e+07 -7.4949e+07
3.8644e+07 -7.52125e+07
3.88965e+07 -7.5465e+07
3.91387e+07 -7.57072e+07
3.93716e+07 -7.59401e+07
3.95957e+07 -7.61642e+07
3.98117e+07 -7.63802e+07
4.00187e+07 -7.65872e+07
4.02189e+07 -7.67874e+07
4.04133e+07 -7.69818e+07
4.06024e+07 -7.71709e+07
4.07865e+07 -7.7355e+07
4.09649e+07 -7.75334e+07
3.17167e+07 -6.82852e+07
3.22993e+07 -6.88678e+07
3.24537e+07 -6.90222e+07
3.26041e+07 -6.91726e+07
3.27509e+07 -6.93194e+07
3.28943e+07 -6.94628e+07
3.30346e+07 -6.96031e+07
3.3172e+07 -6.97405e+07
3.33067e+07 -6.98752e+07
3.34394e+07 -7.00079e+07
3.35695e+07 -7.0138e+07
3.36966e+07 -7.02651e+07
3.38214e+07 -7.03899e+07
3.39439e+07 -7.05124e+07
3.40644e+07 -7.06329e+07
3.4183e+07 -7.07515e+07
3.43e+07 -7.08685e+07
3.44156e+07 -7.09841e+07
3.45298e+07 -7.10983e+07
3.46428e+07 -7.12113e+07
3.47547e+07 -7.13232e+07
3.48656e+07 -7.14341e+07
3.49755e+07 -7.1544e+07
3.50845e+07 -7.1653e+07
3.51927e+07 -7.17612e+07
3.53002e+07 -7.18687e+07
3.54069e+07 -7.19754e+07
3.55129e+07 -7.20814e+07
3.56183e+07 -7.21868e+07
3.57231e+07 -7.22916e+07
3.58274e+07 -7.23959e+07
3.59312e+07 -7.24997e+07
3.60345e+07 -7.2603e+07
3.61374e+07 -7.27059e+07
3.624e+07 -7.28085e+07
3.63422e+07 -7.29107e+07
3.6444e+07 -7.30125e+07
3.65457e+07 -7.31142e+07
3.6647e+07 -7.32155e+07
3.67482e+07 -7.33167e+07
3.68491e+07 -7.34176e+07
3.69499e+07 -7.35184e+07
3.70506e+07 -7.36191e+07
3.71511e+07 -7.37196e+07
3.72503e+07 -7.38188e+07
3.73492e+07 -7.39177e+07
3.74484e+07 -7.40169e+07
3.75478e+07 -7.41163e+07
3.76474e+07 -7.42159e+07
-2.22968e+07 -1.42717e+07
-2.09641e+07 -1.56044e+07
-1.98066e+07 -1.67619e+07
-1.86221e+07 -1.79464e+07
-1.74703e+07 -1.90982e+07
-1.65013e+07 -2.00672e+07
-1.55771e+07 -2.09914e+07
