0 -2.34331e-07
0 -5.7738e-06
0 -704094
-15 -704094
-30 -704094
-45 -704094
-60 -704094
-75 -704094
-90 -704094
-105 -704094
-120 -704094
-135 -704094
-150 -704094
-165 -704094
-180 -704094
-195 -704094
-210 -704094
-225 -704094
-240 -704094
-255 -704094
-270 -704094
-285 -704094
-300 -704094
-315 -704094
-330 -704094
-345 -704094
-360 -704094
-375 -704094
-390 -704094
-405 -704094
-420 -704094
-435 -704094
-450 -704094
-465 -704094
-480 -704094
-495 -704094
-510 -704094
-525 -704094
-540 -704094
-555 -704094
-570 -704094
-585 -704094
-600 -704094
-615 -704094
-630 -704094
-645 -704094
-660 -704094
-675 -704094
-690 -704094
-705 -704094
-720 -704094
-735 -704094
-750 -704094
-765 -704094
-780 -704094
-795 -704094
-810 -704094
-825 -704094
-840 -704094
-855 -704094
-870 -704094
-885 -704094
-900 -704094
-915 -704094
-930 -704094
-945 -704094
-960 -704094
-975 -704094
-990 -704094
-1005 -704094
-1020 -704094
-1035 -704094
-1050 -704094
-1065 -704094
-1080 -704094
-1095 -704094
-1110 -704094
-1125 -704094
-1140 -704094
-1155 -704094
-1170 -704094
-1185 -704094
-1200 -704094
-1215 -704094
-1230 -704094
-1245 -704094
-1260 -704094
-1275 -704094
-1290 -704094
-1305 -704094
-1320 -704094
-1335 -704094
-1350 -704094
-1365 -704094
-1380 -704094
-1395 -704094
-1410 -704094
-1425 -704094
-1440 -704094
-1455 -704094
-1470 -704094
-1485 -704094
-1500 -704094
