0 -2.0615e-06
0 -3.41352e-05
0 -335689
-15 -335689
-30 -335689
-45 -335689
-60 -335689
-75 -335689
-90 -335689
-105 -335689
-120 -335689
-135 -335689
-150 -335689
-165 -335689
-180 -335689
-195 -335689
-210 -335689
-225 -335689
-240 -335689
-255 -335689
-270 -335689
-285 -335689
-300 -335689
-315 -335689
-330 -335689
-345 -335689
-360 -335689
-375 -335689
-390 -335689
-405 -335689
-420 -335689
-435 -335689
-450 -335689
-465 -335689
-480 -335689
-495 -335689
-510 -335689
-525 -335689
-540 -335689
-555 -335689
-570 -335689
-585 -335689
-600 -335689
-615 -335689
-630 -335689
-645 -335689
-660 -335689
-675 -335689
-690 -335689
-705 -335689
-720 -335689
-735 -335689
-750 -335689
-765 -335689
-780 -335689
-795 -335689
-810 -335689
-825 -335689
-840 -335689
-855 -335689
-870.001 -335689
-885.001 -335689
-900.001 -335689
-915.001 -335689
-930.001 -335689
-945.001 -335689
-960.001 -335689
-975.001 -335689
-990.001 -335689
-1005 -335689
-1020 -335689
-1035 -335689
-1050 -335689
-1065 -335689
-1080 -335689
-1095 -335689
-1110 -335689
-1125 -335689
-1140 -335689
-1155 -335689
-1170 -335689
-1185 -335689
-1200 -335689
-1215 -335689
-1230 -335689
-1245 -335689
-1260 -335689
-1275 -335689
-1290 -335689
-1305 -335689
-1320 -335689
-1335 -335689
-1350 -335689
-1365 -335689
-1380 -335689
-1395 -335689
-1410 -335689
-1425 -335689
-1440 -335689
-1455 -335689
-1470 -335689
-1485 -335689
-1500 -335689
