0 -4.04738e-06
0 -9.96337e-06
0 -6.03692e-06
-1.42183e+08 -1.60369e-05
-2.08824e+08 -2.60369e-05
-2.02484e+08 -3.60369e-05
-1.6386e+08 -4.60369e-05
-9.86513e+07 -5.60369e-05
1.29756e+07 -6.60369e-05
9.75599e+08 -7.60369e-05
9.75599e+08 -8.60369e-05
9.75599e+08 -9.60369e-05
9.75599e+08 -0.000106037
9.75599e+08 -0.000116037
9.75599e+08 -0.000126037
9.75599e+08 -0.000136037
9.75599e+08 -0.000146037
9.75599e+08 -0.000156037
9.75599e+08 -0.000166037
9.75599e+08 -0.000176037
9.75599e+08 -0.000186037
9.75599e+08 -0.000196037
9.75599e+08 -0.000206037
9.75599e+08 -0.000216037
9.75599e+08 -0.000226037
9.75599e+08 -0.000236037
9.75599e+08 -0.000246037
9.75599e+08 -0.000256037
9.75599e+08 -0.000266037
9.75599e+08 -0.000276037
9.75599e+08 -0.000286037
9.75599e+08 -0.000296037
9.75599e+08 -0.000306037
9.75599e+08 -0.000316037
9.75599e+08 -0.000326037
9.75599e+08 -0.000336037
9.75599e+08 -0.000346037
9.75599e+08 -0.000356037
9.75599e+08 -0.000366037
9.75599e+08 -0.000376037
9.75599e+08 -0.000386037
9.75599e+08 -0.000396037
9.75599e+08 -0.000406037
9.75599e+08 -0.000416037
9.75599e+08 -0.000426037
9.75599e+08 -0.000436037
9.75599e+08 -0.000446037
9.75599e+08 -0.000456037
9.75599e+08 -0.000466037
9.75599e+08 -0.000476037
9.75599e+08 -0.000486037
9.75599e+08 -0.000496037
9.75599e+08 -0.000506037
9.75599e+08 -0.000516037
9.75599e+08 -0.000526037
9.75599e+08 -0.000536037
9.75599e+08 -0.000546037
9.75599e+08 -0.000556037
9.75599e+08 -0.000566037
9.75599e+08 -0.000576037
9.75599e+08 -0.000586037
9.75599e+08 -0.000596037
9.75599e+08 -0.000606037
9.75599e+08 -0.000616037
9.75599e+08 -0.000626037
9.75599e+08 -0.000636037
9.75599e+08 -0.000646037
9.75599e+08 -0.000656037
9.75599e+08 -0.000666037
9.75599e+08 -0.000676037
9.75599e+08 -0.000686037
9.75599e+08 -0.000696037
9.75599e+08 -0.000706037
9.75599e+08 -0.000716037
9.75599e+08 -0.000726037
9.75599e+08 -0.000736037
9.75599e+08 -0.000746037
9.75599e+08 -0.000756037
9.75599e+08 -0.000766037
9.75599e+08 -0.000776037
9.75599e+08 -0.000786037
9.75599e+08 -0.000796037
9.75599e+08 -0.000806037
9.75599e+08 -0.000816037
9.75599e+08 -0.000826037
9.75599e+08 -0.000836037
9.75599e+08 -0.000846037
9.75599e+08 -0.000856037
9.75599e+08 -0.000866037
9.75599e+08 -0.000876037
9.75599e+08 -0.000886037
9.75599e+08 -0.000896037
9.75599e+08 -0.000906037
9.75599e+08 -0.000916037
9.75599e+08 -0.000926037
9.75599e+08 -0.000936037
9.75599e+08 -0.000946037
9.75599e+08 -0.000956037
9.75599e+08 -0.000966037
9.75599e+08 -0.000976037
9.75599e+08 -0.000986037
9.75599e+08 -0.000996037
9.75599e+08 -0.00100604
