0 -3.65188e-06
0 2.20097e-05
0 1.37181e-05
1.11187e+08 2.37181e-05
1.49729e+08 3.37181e-05
1.64713e+08 4.37181e-05
1.68438e+08 5.37181e-05
1.67528e+08 6.37181e-05
1.63968e+08 7.37181e-05
1.58311e+08 8.37181e-05
1.50706e+08 9.37181e-05
1.40409e+08 0.000103718
1.26764e+08 0.000113718
1.08178e+08 0.000123718
8.0543e+07 0.000133718
3.0835e+07 0.000143718
-1.61447e+08 0.000153718
3.66064e+08 0.000163718
3.66064e+08 0.000173718
3.66064e+08 0.000183718
3.66064e+08 0.000193718
3.66064e+08 0.000203718
3.66064e+08 0.000213718
3.66064e+08 0.000223718
3.66064e+08 0.000233718
3.66064e+08 0.000243718
3.66064e+08 0.000253718
3.66064e+08 0.000263718
3.66064e+08 0.000273718
3.66064e+08 0.000283718
3.66064e+08 0.000293718
3.66064e+08 0.000303718
3.66064e+08 0.000313718
3.66064e+08 0.000323718
3.66064e+08 0.000333718
3.66064e+08 0.000343718
3.66064e+08 0.000353718
3.66064e+08 0.000363718
3.66064e+08 0.000373718
3.66064e+08 0.000383718
3.66064e+08 0.000393718
3.66064e+08 0.000403718
3.66064e+08 0.000413718
3.66064e+08 0.000423718
3.66064e+08 0.000433718
3.66064e+08 0.000443718
3.66064e+08 0.000453718
3.66064e+08 0.000463718
3.66064e+08 0.000473718
3.66064e+08 0.000483718
3.66064e+08 0.000493718
3.66064e+08 0.000503718
3.66064e+08 0.000513718
3.66064e+08 0.000523718
3.66064e+08 0.000533718
3.66064e+08 0.000543718
3.66064e+08 0.000553718
3.66064e+08 0.000563718
3.66064e+08 0.000573718
3.66064e+08 0.000583718
3.66064e+08 0.000593718
3.66064e+08 0.000603718
3.66064e+08 0.000613718
3.66064e+08 0.000623718
3.66064e+08 0.000633718
3.66064e+08 0.000643718
3.66064e+08 0.000653718
3.66064e+08 0.000663718
3.66064e+08 0.000673718
3.66064e+08 0.000683718
3.66064e+08 0.000693718
3.66064e+08 0.000703718
3.66064e+08 0.000713718
3.66064e+08 0.000723718
3.66064e+08 0.000733718
3.66064e+08 0.000743718
3.66064e+08 0.000753718
3.66064e+08 0.000763718
3.66064e+08 0.000773718
3.66064e+08 0.000783718
3.66064e+08 0.000793718
3.66064e+08 0.000803718
3.66064e+08 0.000813718
3.66064e+08 0.000823718
3.66064e+08 0.000833718
3.66064e+08 0.000843718
3.66064e+08 0.000853718
3.66064e+08 0.000863718
3.66064e+08 0.000873718
3.66064e+08 0.000883718
3.66064e+08 0.000893718
3.66064e+08 0.000903718
3.66064e+08 0.000913718
3.66064e+08 0.000923718
3.66064e+08 0.000933718
3.66064e+08 0.000943718
3.66064e+08 0.000953718
3.66064e+08 0.000963718
3.66064e+08 0.000973718
3.66064e+08 0.000983718
3.66064e+08 0.000993718
3.66064e+08 0.00100372
3.66064e+08 0.00101372
