0 -2.25057e-07
0 -5.43499e-05
0 -441467
-15 -441467
-30 -441467
-45 -441467
-60 -441467
-75 -441467
-90 -441467
-105 -441467
-120 -441467
-135 -441467
-150 -441467
-165 -441467
-180 -441467
-195 -441467
-210 -441467
-225 -441467
-240 -441467
-255 -441467
-270 -441467
-285 -441467
-300 -441467
-315 -441467
-330 -441467
-345 -441467
-360 -441467
-375 -441467
-390 -441467
-405 -441467
-420 -441467
-435 -441467
-450 -441467
-465 -441467
-480 -441467
-495 -441467
-510 -441467
-525 -441467
-540 -441467
-555 -441467
-570 -441467
-585 -441467
-600 -441467
-615 -441467
-630 -441467
-645 -441467
-660 -441467
-675 -441467
-690 -441467
-705 -441467
-720 -441467
-735 -441467
-750 -441467
-765 -441467
-780 -441467
-795 -441467
-810 -441467
-825 -441467
-840 -441467
-855 -441467
-870 -441467
-885.001 -441467
-900.001 -441467
-915.001 -441467
-930.001 -441467
-945.001 -441467
-960.001 -441467
-975.001 -441467
-990.001 -441467
-1005 -441467
-1020 -441467
-1035 -441467
-1050 -441467
-1065 -441467
-1080 -441467
-1095 -441467
-1110 -441467
-1125 -441467
-1140 -441467
-1155 -441467
-1170 -441467
-1185 -441467
-1200 -441467
-1215 -441467
-1230 -441467
-1245 -441467
-1260 -441467
-1275 -441467
-1290 -441467
-1305 -441467
-1320 -441467
-1335 -441467
-1350 -441467
-1365 -441467
-1380 -441467
-1395 -441467
-1410 -441467
-1425 -441467
-1440 -441467
-1455 -441467
-1470 -441467
-1485 -441467
-1500 -441467
