0 -1.67486e-06
0 4.19974e-06
0 2.48227e-06
1.61552e+08 1.24823e-05
2.422e+08 2.24823e-05
2.66337e+08 3.24823e-05
2.72491e+08 4.24823e-05
2.72346e+08 5.24823e-05
2.68866e+08 6.24823e-05
2.62852e+08 7.24823e-05
2.54137e+08 8.24823e-05
2.41557e+08 9.24823e-05
2.2388e+08 0.000102482
1.96603e+08 0.000112482
1.37804e+08 0.000122482
-1.97052e+08 0.000132482
3.61467e+08 0.000142482
3.61467e+08 0.000152482
3.61467e+08 0.000162482
3.61467e+08 0.000172482
3.61467e+08 0.000182482
3.61467e+08 0.000192482
3.61467e+08 0.000202482
3.61467e+08 0.000212482
3.61467e+08 0.000222482
3.61467e+08 0.000232482
3.61467e+08 0.000242482
3.61467e+08 0.000252482
3.61467e+08 0.000262482
3.61467e+08 0.000272482
3.61467e+08 0.000282482
3.61467e+08 0.000292482
3.61467e+08 0.000302482
3.61467e+08 0.000312482
3.61467e+08 0.000322482
3.61467e+08 0.000332482
3.61467e+08 0.000342482
3.61467e+08 0.000352482
3.61467e+08 0.000362482
3.61467e+08 0.000372482
3.61467e+08 0.000382482
3.61467e+08 0.000392482
3.61467e+08 0.000402482
3.61467e+08 0.000412482
3.61467e+08 0.000422482
3.61467e+08 0.000432482
3.61467e+08 0.000442482
3.61467e+08 0.000452482
3.61467e+08 0.000462482
3.61467e+08 0.000472482
3.61467e+08 0.000482482
3.61467e+08 0.000492482
3.61467e+08 0.000502482
3.61467e+08 0.000512482
3.61467e+08 0.000522482
3.61467e+08 0.000532482
3.61467e+08 0.000542482
3.61467e+08 0.000552482
3.61467e+08 0.000562482
3.61467e+08 0.000572482
3.61467e+08 0.000582482
3.61467e+08 0.000592482
3.61467e+08 0.000602482
3.61467e+08 0.000612482
3.61467e+08 0.000622482
3.61467e+08 0.000632482
3.61467e+08 0.000642482
3.61467e+08 0.000652482
3.61467e+08 0.000662482
3.61467e+08 0.000672482
3.61467e+08 0.000682482
3.61467e+08 0.000692482
3.61467e+08 0.000702482
3.61467e+08 0.000712482
3.61467e+08 0.000722482
3.61467e+08 0.000732482
3.61467e+08 0.000742482
3.61467e+08 0.000752482
3.61467e+08 0.000762482
3.61467e+08 0.000772482
3.61467e+08 0.000782482
3.61467e+08 0.000792482
3.61467e+08 0.000802482
3.61467e+08 0.000812482
3.61467e+08 0.000822482
3.61467e+08 0.000832482
3.61467e+08 0.000842482
3.61467e+08 0.000852482
3.61467e+08 0.000862482
3.61467e+08 0.000872482
3.61467e+08 0.000882482
3.61467e+08 0.000892482
3.61467e+08 0.000902482
3.61467e+08 0.000912482
3.61467e+08 0.000922482
3.61467e+08 0.000932482
3.61467e+08 0.000942482
3.61467e+08 0.000952482
3.61467e+08 0.000962482
3.61467e+08 0.000972482
3.61467e+08 0.000982482
3.61467e+08 0.000992482
3.61467e+08 0.00100248
