0 -6.48551e-06
0 -1.05058e-05
0 -579057
-15 -579057
-30 -579057
-45 -579057
-60 -579057
-75 -579057
-90 -579057
-105 -579057
-120 -579057
-135 -579057
-150 -579057
-165 -579057
-180 -579057
-195 -579057
-210 -579057
-225 -579057
-240 -579057
-255 -579057
-270 -579057
-285 -579057
-300 -579057
-315 -579057
-330 -579057
-345 -579057
-360 -579057
-375 -579057
-390 -579057
-405 -579057
-420 -579057
-435 -579057
-450 -579057
-465 -579057
-480 -579057
-495 -579057
-510 -579057
-525 -579057
-540 -579057
-555 -579057
-570 -579057
-585 -579057
-600 -579057
-615 -579057
-630 -579057
-645 -579057
-660 -579057
-675 -579057
-690 -579057
-705 -579057
-720 -579057
-735 -579057
-750 -579057
-765 -579057
-780 -579057
-795 -579057
-810 -579057
-825 -579057
-840 -579057
-855 -579057
-870 -579057
-885 -579057
-900 -579057
-915 -579057
-930.001 -579057
-945.001 -579057
-960.001 -579057
-975.001 -579057
-990.001 -579057
-1005 -579057
-1020 -579057
-1035 -579057
-1050 -579057
-1065 -579057
-1080 -579057
-1095 -579057
-1110 -579057
-1125 -579057
-1140 -579057
-1155 -579057
-1170 -579057
-1185 -579057
-1200 -579057
-1215 -579057
-1230 -579057
-1245 -579057
-1260 -579057
-1275 -579057
-1290 -579057
-1305 -579057
-1320 -579057
-1335 -579057
-1350 -579057
-1365 -579057
-1380 -579057
-1395 -579057
-1410 -579057
-1425 -579057
-1440 -579057
-1455 -579057
-1470 -579057
-1485 -579057
-1500 -579057
