0 9.03383e-08
0 8.4528e+07
0 8.4528e+07
-1.63673e+08 2.48201e+08
-2.42591e+08 3.27119e+08
-2.61085e+08 3.45613e+08
-2.5994e+08 3.44468e+08
-2.48878e+08 3.33406e+08
-2.30079e+08 3.14607e+08
-2.03395e+08 2.87923e+08
-1.67263e+08 2.51791e+08
-1.17247e+08 2.01775e+08
-4.08083e+07 1.25336e+08
1.01352e+08 -1.68243e+07
2.60774e+08 -1.83422e+08
7.18143e+08 0
7.18143e+08 0
7.18143e+08 0
7.18143e+08 0
7.18143e+08 0
7.18143e+08 0
7.18143e+08 0
7.18143e+08 0
7.18143e+08 0
7.18143e+08 0
7.18143e+08 0
7.18143e+08 0
7.18143e+08 0
7.18143e+08 0
7.18143e+08 0
7.18143e+08 0
7.18143e+08 0
7.18143e+08 0
7.18143e+08 0
7.18143e+08 0
7.18143e+08 0
7.18143e+08 0
7.18143e+08 0
7.18143e+08 0
7.18143e+08 0
7.18143e+08 0
7.18143e+08 0
7.18143e+08 0
7.18143e+08 0
7.18143e+08 0
7.18143e+08 0
7.18143e+08 0
7.18143e+08 0
7.18143e+08 0
7.18143e+08 0
7.18143e+08 0
7.18143e+08 0
7.18143e+08 0
7.18143e+08 0
7.18143e+08 0
7.18143e+08 0
7.18143e+08 0
7.18143e+08 0
7.18143e+08 0
7.18143e+08 0
7.18143e+08 0
7.18143e+08 0
7.18143e+08 0
7.18143e+08 0
7.18143e+08 0
7.18143e+08 0
7.18143e+08 0
7.18143e+08 0
7.18143e+08 0
7.18143e+08 0
7.18143e+08 0
7.18143e+08 0
7.18143e+08 0
7.18143e+08 0
7.18143e+08 0
7.18143e+08 0
7.18143e+08 0
7.18143e+08 0
7.18143e+08 0
7.18143e+08 0
7.18143e+08 0
7.18143e+08 0
7.18143e+08 0
7.18143e+08 0
7.18143e+08 0
7.18143e+08 0
7.18143e+08 0
7.18143e+08 0
7.18143e+08 0
7.18143e+08 0
7.18143e+08 0
7.18143e+08 0
7.18143e+08 0
7.18143e+08 0
7.18143e+08 0
7.18143e+08 0
7.18143e+08 0
7.18143e+08 0
7.18143e+08 0
7.18143e+08 0
7.18143e+08 0
7.18143e+08 0
7.18143e+08 0
