0 -2.19153e-06
0 -1.52649e-05
0 -9.31316e-06
-1.39935e+08 -1.93132e-05
-1.66476e+08 -2.93132e-05
-1.44914e+08 -3.93132e-05
-1.01882e+08 -4.93132e-05
-3.38906e+07 -5.93132e-05
9.86726e+07 -6.93132e-05
7.68697e+08 -7.93132e-05
7.68697e+08 -8.93132e-05
7.68697e+08 -9.93132e-05
7.68697e+08 -0.000109313
7.68697e+08 -0.000119313
7.68697e+08 -0.000129313
7.68697e+08 -0.000139313
7.68697e+08 -0.000149313
7.68697e+08 -0.000159313
7.68697e+08 -0.000169313
7.68697e+08 -0.000179313
7.68697e+08 -0.000189313
7.68697e+08 -0.000199313
7.68697e+08 -0.000209313
7.68697e+08 -0.000219313
7.68697e+08 -0.000229313
7.68697e+08 -0.000239313
7.68697e+08 -0.000249313
7.68697e+08 -0.000259313
7.68697e+08 -0.000269313
7.68697e+08 -0.000279313
7.68697e+08 -0.000289313
7.68697e+08 -0.000299313
7.68697e+08 -0.000309313
7.68697e+08 -0.000319313
7.68697e+08 -0.000329313
7.68697e+08 -0.000339313
7.68697e+08 -0.000349313
7.68697e+08 -0.000359313
7.68697e+08 -0.000369313
7.68697e+08 -0.000379313
7.68697e+08 -0.000389313
7.68697e+08 -0.000399313
7.68697e+08 -0.000409313
7.68697e+08 -0.000419313
7.68697e+08 -0.000429313
7.68697e+08 -0.000439313
7.68697e+08 -0.000449313
7.68697e+08 -0.000459313
7.68697e+08 -0.000469313
7.68697e+08 -0.000479313
7.68697e+08 -0.000489313
7.68697e+08 -0.000499313
7.68697e+08 -0.000509313
7.68697e+08 -0.000519313
7.68697e+08 -0.000529313
7.68697e+08 -0.000539313
7.68697e+08 -0.000549313
7.68697e+08 -0.000559313
7.68697e+08 -0.000569313
7.68697e+08 -0.000579313
7.68697e+08 -0.000589313
7.68697e+08 -0.000599313
7.68697e+08 -0.000609313
7.68697e+08 -0.000619313
7.68697e+08 -0.000629313
7.68697e+08 -0.000639313
7.68697e+08 -0.000649313
7.68697e+08 -0.000659313
7.68697e+08 -0.000669313
7.68697e+08 -0.000679313
7.68697e+08 -0.000689313
7.68697e+08 -0.000699313
7.68697e+08 -0.000709313
7.68697e+08 -0.000719313
7.68697e+08 -0.000729313
7.68697e+08 -0.000739313
7.68697e+08 -0.000749313
7.68697e+08 -0.000759313
7.68697e+08 -0.000769313
7.68697e+08 -0.000779313
7.68697e+08 -0.000789313
7.68697e+08 -0.000799313
7.68697e+08 -0.000809313
7.68697e+08 -0.000819313
7.68697e+08 -0.000829313
7.68697e+08 -0.000839313
7.68697e+08 -0.000849313
7.68697e+08 -0.000859313
7.68697e+08 -0.000869313
7.68697e+08 -0.000879313
7.68697e+08 -0.000889313
7.68697e+08 -0.000899313
7.68697e+08 -0.000909313
7.68697e+08 -0.000919313
7.68697e+08 -0.000929313
7.68697e+08 -0.000939313
7.68697e+08 -0.000949313
7.68697e+08 -0.000959313
7.68697e+08 -0.000969313
7.68697e+08 -0.000979313
7.68697e+08 -0.000989313
7.68697e+08 -0.000999313
7.68697e+08 -0.00100931
