0 -1.85491e-06
0 2.10797e-05
0 85233.8
-15 85233.8
-30 85233.8
-45 85233.8
-60 85233.8
-75 85233.8
-90 85233.8
-105 85233.8
-120 85233.8
-135 85233.8
-150 85233.8
-165 85233.8
-180 85233.8
-195 85233.8
-210 85233.8
-225 85233.8
-240 85233.8
-255 85233.8
-270 85233.8
-285 85233.8
-300 85233.8
-315 85233.8
-330 85233.8
-345 85233.8
-360 85233.8
-375 85233.8
-390 85233.8
-405 85233.8
-420 85233.8
-434.999 85233.8
-449.999 85233.8
-464.999 85233.8
-479.999 85233.8
-494.999 85233.8
-509.999 85233.8
-524.999 85233.8
-539.999 85233.8
-554.999 85233.8
-569.999 85233.8
-584.999 85233.8
-599.999 85233.8
-614.999 85233.8
-629.999 85233.8
-644.999 85233.8
-659.999 85233.8
-674.999 85233.8
-689.999 85233.8
-704.999 85233.8
-719.999 85233.8
-734.999 85233.8
-749.998 85233.8
-764.998 85233.8
-779.998 85233.8
-794.998 85233.8
-809.998 85233.8
-824.998 85233.8
-839.998 85233.8
-854.998 85233.8
-869.998 85233.8
-884.998 85233.8
-899.998 85233.8
-914.998 85233.8
-929.998 85233.8
-944.998 85233.8
-959.997 85233.8
-974.997 85233.8
-989.997 85233.8
-1005 85233.8
-1020 85233.8
-1035 85233.8
-1050 85233.8
-1065 85233.8
-1080 85233.8
-1095 85233.8
-1110 85233.8
-1125 85233.8
-1140 85233.8
-1155 85233.8
-1170 85233.8
-1185 85233.8
-1200 85233.8
-1215 85233.8
-1230 85233.8
-1245 85233.8
-1260 85233.8
-1275 85233.8
-1290 85233.8
-1305 85233.8
-1320 85233.8
-1335 85233.8
-1349.99 85233.8
-1364.99 85233.8
-1379.99 85233.8
-1394.99 85233.8
-1409.99 85233.8
-1424.99 85233.8
-1439.99 85233.8
-1454.99 85233.8
-1469.99 85233.8
-1484.99 85233.8
-1499.99 85233.8
