0 2.12062e-06
0 1.83633e+08
0 3.16704e+07
-17.1232 2.45678e+07
-21.376 9.60608e+07
-51.0991 0
-87.8552 0
-124.611 0
-161.367 0
-198.123 0
-234.88 0
-271.636 0
-308.392 0
-345.148 0
-381.904 0
-418.66 0
-455.416 0
-492.172 0
-528.928 0
-565.685 0
-602.441 0
-639.197 0
-675.953 0
-712.709 0
-749.465 0
-786.221 0
-822.977 0
-859.734 0
-896.49 0
-933.246 0
-970.002 0
-1006.76 0
-1043.51 0
-1080.27 0
-1117.03 0
-1153.78 0
-1190.54 0
-1227.29 0
-1264.05 0
-1300.81 0
-1337.56 0
-1374.32 0
-1411.08 0
-1447.83 0
-1484.59 0
-1521.34 0
-1558.1 0
-1594.86 0
-1631.61 0
-1668.37 0
-1705.12 0
-1741.88 0
-1778.64 0
-1815.39 0
-1852.15 0
-1888.91 0
-1925.66 0
-1962.42 0
-1999.17 0
-2035.93 0
-2072.69 0
-2109.44 0
-2146.2 0
-2182.95 0
-2219.71 0
-2256.47 0
-2293.22 0
-2329.98 0
-2366.74 0
-2403.49 0
-2440.25 0
-2477 0
-2513.76 0
-2550.52 0
-2587.27 0
-2624.03 0
-2660.79 0
-2697.54 0
-2734.3 0
-2771.05 0
-2807.81 0
-2844.57 0
-2881.32 0
-2918.08 0
-2954.83 0
-2991.59 0
-3028.35 0
-3065.1 0
-3101.86 0
-3138.62 0
-3175.37 0
-3212.13 0
-3248.88 0
-3285.64 0
-3322.4 0
-3359.15 0
-3395.91 0
-3432.67 0
-3469.42 0
-3506.18 0
-3542.93 0
-3579.69 0
-3616.45 0
