0 1.39698e-08
0 -1.98283e+08
0 -1.98283e+08
1.27098e+08 -3.2538e+08
1.59366e+08 -3.57649e+08
1.6149e+08 -3.59773e+08
1.52099e+08 -3.50382e+08
1.35361e+08 -3.33644e+08
1.10525e+08 -3.08808e+08
7.46919e+07 -2.72974e+08
1.81179e+07 -2.164e+08
-1.15113e+08 -8.31697e+07
5.38442e+08 0
5.38442e+08 0
5.38442e+08 0
5.38442e+08 0
5.38442e+08 0
5.38442e+08 0
5.38442e+08 0
5.38442e+08 0
5.38442e+08 0
5.38442e+08 0
5.38442e+08 0
5.38442e+08 0
5.38442e+08 0
5.38442e+08 0
5.38442e+08 0
5.38442e+08 0
5.38442e+08 0
5.38442e+08 0
5.38442e+08 0
5.38442e+08 0
5.38442e+08 0
5.38442e+08 0
5.38442e+08 0
5.38442e+08 0
5.38442e+08 0
5.38442e+08 0
5.38442e+08 0
5.38442e+08 0
5.38442e+08 0
5.38442e+08 0
5.38442e+08 0
5.38442e+08 0
5.38442e+08 0
5.38442e+08 0
5.38442e+08 0
5.38442e+08 0
5.38442e+08 0
5.38442e+08 0
5.38442e+08 0
5.38442e+08 0
5.38442e+08 0
5.38442e+08 0
5.38442e+08 0
5.38442e+08 0
5.38442e+08 0
5.38442e+08 0
5.38442e+08 0
5.38442e+08 0
5.38442e+08 0
5.38442e+08 0
5.38442e+08 0
5.38442e+08 0
5.38442e+08 0
5.38442e+08 0
5.38442e+08 0
5.38442e+08 0
5.38442e+08 0
5.38442e+08 0
5.38442e+08 0
5.38442e+08 0
5.38442e+08 0
5.38442e+08 0
5.38442e+08 0
5.38442e+08 0
5.38442e+08 0
5.38442e+08 0
5.38442e+08 0
5.38442e+08 0
5.38442e+08 0
5.38442e+08 0
5.38442e+08 0
5.38442e+08 0
5.38442e+08 0
5.38442e+08 0
5.38442e+08 0
5.38442e+08 0
5.38442e+08 0
5.38442e+08 0
5.38442e+08 0
5.38442e+08 0
5.38442e+08 0
5.38442e+08 0
5.38442e+08 0
5.38442e+08 0
5.38442e+08 0
5.38442e+08 0
5.38442e+08 0
5.38442e+08 0
5.38442e+08 0
5.38442e+08 0
5.38442e+08 0
