0 -8.42566e-07
0 -5.00079e-06
0 -5.34114e-06
-1.23042e+08 -1.53411e-05
-1.74366e+08 -2.53411e-05
-1.52814e+08 -3.53411e-05
-9.28142e+07 -4.53411e-05
2.50134e+07 -5.53411e-05
1.0553e+09 -6.53411e-05
1.0553e+09 -7.53411e-05
1.0553e+09 -8.53411e-05
1.0553e+09 -9.53411e-05
1.0553e+09 -0.000105341
1.0553e+09 -0.000115341
1.0553e+09 -0.000125341
1.0553e+09 -0.000135341
1.0553e+09 -0.000145341
1.0553e+09 -0.000155341
1.0553e+09 -0.000165341
1.0553e+09 -0.000175341
1.0553e+09 -0.000185341
1.0553e+09 -0.000195341
1.0553e+09 -0.000205341
1.0553e+09 -0.000215341
1.0553e+09 -0.000225341
1.0553e+09 -0.000235341
1.0553e+09 -0.000245341
1.0553e+09 -0.000255341
1.0553e+09 -0.000265341
1.0553e+09 -0.000275341
1.0553e+09 -0.000285341
1.0553e+09 -0.000295341
1.0553e+09 -0.000305341
1.0553e+09 -0.000315341
1.0553e+09 -0.000325341
1.0553e+09 -0.000335341
1.0553e+09 -0.000345341
1.0553e+09 -0.000355341
1.0553e+09 -0.000365341
1.0553e+09 -0.000375341
1.0553e+09 -0.000385341
1.0553e+09 -0.000395341
1.0553e+09 -0.000405341
1.0553e+09 -0.000415341
1.0553e+09 -0.000425341
1.0553e+09 -0.000435341
1.0553e+09 -0.000445341
1.0553e+09 -0.000455341
1.0553e+09 -0.000465341
1.0553e+09 -0.000475341
1.0553e+09 -0.000485341
1.0553e+09 -0.000495341
1.0553e+09 -0.000505341
1.0553e+09 -0.000515341
1.0553e+09 -0.000525341
1.0553e+09 -0.000535341
1.0553e+09 -0.000545341
1.0553e+09 -0.000555341
1.0553e+09 -0.000565341
1.0553e+09 -0.000575341
1.0553e+09 -0.000585341
1.0553e+09 -0.000595341
1.0553e+09 -0.000605341
1.0553e+09 -0.000615341
1.0553e+09 -0.000625341
1.0553e+09 -0.000635341
1.0553e+09 -0.000645341
1.0553e+09 -0.000655341
1.0553e+09 -0.000665341
1.0553e+09 -0.000675341
1.0553e+09 -0.000685341
1.0553e+09 -0.000695341
1.0553e+09 -0.000705341
1.0553e+09 -0.000715341
1.0553e+09 -0.000725341
1.0553e+09 -0.000735341
1.0553e+09 -0.000745341
1.0553e+09 -0.000755341
1.0553e+09 -0.000765341
1.0553e+09 -0.000775341
1.0553e+09 -0.000785341
1.0553e+09 -0.000795341
1.0553e+09 -0.000805341
1.0553e+09 -0.000815341
1.0553e+09 -0.000825341
1.0553e+09 -0.000835341
1.0553e+09 -0.000845341
1.0553e+09 -0.000855341
1.0553e+09 -0.000865341
1.0553e+09 -0.000875341
1.0553e+09 -0.000885341
1.0553e+09 -0.000895341
1.0553e+09 -0.000905341
1.0553e+09 -0.000915341
1.0553e+09 -0.000925341
1.0553e+09 -0.000935341
1.0553e+09 -0.000945341
1.0553e+09 -0.000955341
1.0553e+09 -0.000965341
1.0553e+09 -0.000975341
1.0553e+09 -0.000985341
1.0553e+09 -0.000995341
1.0553e+09 -0.00100534
