0 -6.53135e-07
0 -5.64268e-06
0 -1.07977e-05
-1.59483e+07 -2.07977e-05
-2.79159e+07 -3.07977e-05
-3.56028e+07 -4.07977e-05
-4.06577e+07 -5.07977e-05
-4.47124e+07 -6.07977e-05
-4.79987e+07 -7.07977e-05
-5.07033e+07 -8.07977e-05
-5.29496e+07 -9.07977e-05
-5.4827e+07 -0.000100798
-5.6408e+07 -0.000110798
-5.77493e+07 -0.000120798
-5.88816e+07 -0.000130798
-5.98392e+07 -0.000140798
-6.06609e+07 -0.000150798
-6.13618e+07 -0.000160798
-6.19623e+07 -0.000170798
-6.24847e+07 -0.000180798
-6.29347e+07 -0.000190798
-6.33241e+07 -0.000200798
-6.36657e+07 -0.000210798
-4.58857e+07 -0.000220798
-4.6135e+07 -0.000230798
-4.63528e+07 -0.000240798
-4.6545e+07 -0.000250798
-4.67161e+07 -0.000260798
-4.68702e+07 -0.000270798
-4.70075e+07 -0.000280798
-4.71277e+07 -0.000290798
-4.72328e+07 -0.000300798
-4.73249e+07 -0.000310798
-4.74056e+07 -0.000320798
-4.74761e+07 -0.000330798
-4.75374e+07 -0.000340798
-4.75902e+07 -0.000350798
-4.76354e+07 -0.000360798
-4.76735e+07 -0.000370798
-2.2664e+07 -0.000380798
-2.2664e+07 -0.000390798
-2.2664e+07 -0.000400798
-2.2664e+07 -0.000410798
-2.2664e+07 -0.000420798
-2.2664e+07 -0.000430798
-2.2664e+07 -0.000440798
-2.2664e+07 -0.000450798
-2.2664e+07 -0.000460798
-2.2664e+07 -0.000470798
-2.2664e+07 -0.000480798
-2.2664e+07 -0.000490798
-2.2664e+07 -0.000500798
-2.2664e+07 -0.000510798
-2.2664e+07 -0.000520798
-2.2664e+07 -0.000530798
-2.2664e+07 -0.000540798
-2.2664e+07 -0.000550798
-2.2664e+07 -0.000560798
-2.2664e+07 -0.000570798
-2.2664e+07 -0.000580798
-2.2664e+07 -0.000590798
-2.2664e+07 -0.000600798
-2.2664e+07 -0.000610798
-2.2664e+07 -0.000620798
-2.2664e+07 -0.000630798
-2.2664e+07 -0.000640798
-2.2664e+07 -0.000650798
-2.2664e+07 -0.000660798
-2.2664e+07 -0.000670798
-2.2664e+07 -0.000680798
-2.2664e+07 -0.000690798
-2.2664e+07 -0.000700798
-2.2664e+07 -0.000710798
-2.2664e+07 -0.000720798
-2.2664e+07 -0.000730798
-2.2664e+07 -0.000740798
-2.2664e+07 -0.000750798
-2.2664e+07 -0.000760798
-2.2664e+07 -0.000770798
-2.2664e+07 -0.000780798
-2.2664e+07 -0.000790798
-2.2664e+07 -0.000800798
-2.2664e+07 -0.000810798
-2.2664e+07 -0.000820798
-2.2664e+07 -0.000830798
-2.2664e+07 -0.000840798
-2.2664e+07 -0.000850798
-2.2664e+07 -0.000860798
-2.2664e+07 -0.000870798
-2.2664e+07 -0.000880798
-2.2664e+07 -0.000890798
-2.2664e+07 -0.000900798
-2.2664e+07 -0.000910798
-2.2664e+07 -0.000920798
-2.2664e+07 -0.000930798
-2.2664e+07 -0.000940798
-2.2664e+07 -0.000950798
-2.2664e+07 -0.000960798
-2.2664e+07 -0.000970798
-2.2664e+07 -0.000980798
-2.2664e+07 -0.000990798
-2.2664e+07 -0.0010008
-2.2664e+07 -0.0010108
