0 -3.75549e-06
0 -2.17304e-05
0 -97461.2
-15 -97461.2
-30 -97461.2
-45 -97461.2
-60 -97461.2
-75 -97461.2
-90 -97461.2
-105 -97461.2
-120 -97461.2
-135 -97461.2
-150 -97461.2
-165 -97461.2
-180 -97461.2
-195 -97461.2
-210 -97461.2
-225 -97461.2
-240 -97461.2
-255 -97461.2
-270 -97461.2
-285 -97461.2
-300 -97461.2
-315 -97461.2
-330 -97461.2
-345 -97461.2
-360 -97461.2
-375 -97461.2
-390 -97461.2
-405 -97461.2
-420 -97461.2
-435 -97461.2
-450 -97461.2
-465 -97461.2
-480 -97461.2
-495 -97461.2
-510 -97461.2
-525 -97461.2
-540 -97461.2
-555 -97461.2
-570 -97461.2
-585.001 -97461.2
-600.001 -97461.2
-615.001 -97461.2
-630.001 -97461.2
-645.001 -97461.2
-660.001 -97461.2
-675.001 -97461.2
-690.001 -97461.2
-705.001 -97461.2
-720.001 -97461.2
-735.001 -97461.2
-750.001 -97461.2
-765.001 -97461.2
-780.001 -97461.2
-795.001 -97461.2
-810.001 -97461.2
-825.001 -97461.2
-840.001 -97461.2
-855.001 -97461.2
-870.001 -97461.2
-885.001 -97461.2
-900.001 -97461.2
-915.001 -97461.2
-930.001 -97461.2
-945.001 -97461.2
-960.001 -97461.2
-975.001 -97461.2
-990.001 -97461.2
-1005 -97461.2
-1020 -97461.2
-1035 -97461.2
-1050 -97461.2
-1065 -97461.2
-1080 -97461.2
-1095 -97461.2
-1110 -97461.2
-1125 -97461.2
-1140 -97461.2
-1155 -97461.2
-1170 -97461.2
-1185 -97461.2
-1200 -97461.2
-1215 -97461.2
-1230 -97461.2
-1245 -97461.2
-1260 -97461.2
-1275 -97461.2
-1290 -97461.2
-1305 -97461.2
-1320 -97461.2
-1335 -97461.2
-1350 -97461.2
-1365 -97461.2
-1380 -97461.2
-1395 -97461.2
-1410 -97461.2
-1425 -97461.2
-1440 -97461.2
-1455 -97461.2
-1470 -97461.2
-1485 -97461.2
-1500 -97461.2
