0 -1.67824e-06
0 8.3633e+07
0 8.3633e+07
-1.23071e+08 2.06704e+08
-1.77176e+08 2.60809e+08
-1.67652e+08 2.51285e+08
-1.29502e+08 2.13135e+08
-6.70056e+07 1.50639e+08
3.73085e+07 4.63245e+07
9.88797e+08 0
9.88797e+08 0
9.88797e+08 0
9.88797e+08 0
9.88797e+08 0
9.88797e+08 0
9.88797e+08 0
9.88797e+08 0
9.88797e+08 0
9.88797e+08 0
9.88797e+08 0
9.88797e+08 0
9.88797e+08 0
9.88797e+08 0
9.88797e+08 0
9.88797e+08 0
9.88797e+08 0
9.88797e+08 0
9.88797e+08 0
9.88797e+08 0
9.88797e+08 0
9.88797e+08 0
9.88797e+08 0
9.88797e+08 0
9.88797e+08 0
9.88797e+08 0
9.88797e+08 0
9.88797e+08 0
9.88797e+08 0
9.88797e+08 0
9.88797e+08 0
9.88797e+08 0
9.88797e+08 0
9.88797e+08 0
9.88797e+08 0
9.88797e+08 0
9.88797e+08 0
9.88797e+08 0
9.88797e+08 0
9.88797e+08 0
9.88797e+08 0
9.88797e+08 0
9.88797e+08 0
9.88797e+08 0
9.88797e+08 0
9.88797e+08 0
9.88797e+08 0
9.88797e+08 0
9.88797e+08 0
9.88797e+08 0
9.88797e+08 0
9.88797e+08 0
9.88797e+08 0
9.88797e+08 0
9.88797e+08 0
9.88797e+08 0
9.88797e+08 0
9.88797e+08 0
9.88797e+08 0
9.88797e+08 0
9.88797e+08 0
9.88797e+08 0
9.88797e+08 0
9.88797e+08 0
9.88797e+08 0
9.88797e+08 0
9.88797e+08 0
9.88797e+08 0
9.88797e+08 0
9.88797e+08 0
9.88797e+08 0
9.88797e+08 0
9.88797e+08 0
9.88797e+08 0
9.88797e+08 0
9.88797e+08 0
9.88797e+08 0
9.88797e+08 0
9.88797e+08 0
9.88797e+08 0
9.88797e+08 0
9.88797e+08 0
9.88797e+08 0
9.88797e+08 0
9.88797e+08 0
9.88797e+08 0
9.88797e+08 0
9.88797e+08 0
9.88797e+08 0
9.88797e+08 0
9.88797e+08 0
9.88797e+08 0
9.88797e+08 0
9.88797e+08 0
