0 -1.34602e-06
0 -2.12213e-05
0 -313301
-15 -313301
-30 -313301
-45 -313301
-60 -313301
-75 -313301
-90 -313301
-105 -313301
-120 -313301
-135 -313301
-150 -313301
-165 -313301
-180 -313301
-195 -313301
-210 -313301
-225 -313301
-240 -313301
-255 -313301
-270 -313301
-285 -313301
-300 -313301
-315 -313301
-330 -313301
-345 -313301
-360 -313301
-375 -313301
-390 -313301
-405 -313301
-420 -313301
-435 -313301
-450 -313301
-465 -313301
-480 -313301
-495 -313301
-510 -313301
-525 -313301
-540 -313301
-555 -313301
-570 -313301
-585 -313301
-600 -313301
-615 -313301
-630 -313301
-645 -313301
-660 -313301
-675 -313301
-690 -313301
-705 -313301
-720 -313301
-735 -313301
-750 -313301
-765 -313301
-780 -313301
-795 -313301
-810 -313301
-825 -313301
-840 -313301
-855 -313301
-870.001 -313301
-885.001 -313301
-900.001 -313301
-915.001 -313301
-930.001 -313301
-945.001 -313301
-960.001 -313301
-975.001 -313301
-990.001 -313301
-1005 -313301
-1020 -313301
-1035 -313301
-1050 -313301
-1065 -313301
-1080 -313301
-1095 -313301
-1110 -313301
-1125 -313301
-1140 -313301
-1155 -313301
-1170 -313301
-1185 -313301
-1200 -313301
-1215 -313301
-1230 -313301
-1245 -313301
-1260 -313301
-1275 -313301
-1290 -313301
-1305 -313301
-1320 -313301
-1335 -313301
-1350 -313301
-1365 -313301
-1380 -313301
-1395 -313301
-1410 -313301
-1425 -313301
-1440 -313301
-1455 -313301
-1470 -313301
-1485 -313301
-1500 -313301
