0 -3.77186e-08
0 9.91357e+07
0 9.91357e+07
-1.54209e+08 2.53344e+08
-2.1039e+08 3.09526e+08
-2.2975e+08 3.28886e+08
-2.36121e+08 3.35256e+08
-2.36229e+08 3.35365e+08
-2.31718e+08 3.30853e+08
-2.22711e+08 3.21847e+08
-2.08587e+08 3.07723e+08
-1.88776e+08 2.87912e+08
-1.58615e+08 2.5775e+08
-1.09162e+08 2.08298e+08
-4.6545e+06 1.0379e+08
1.09549e+08 -1.00666e+07
3.08861e+08 -2.08337e+08
4.52287e+08 0
4.52287e+08 0
4.52287e+08 0
4.52287e+08 0
4.52287e+08 0
4.52287e+08 0
4.52287e+08 0
4.52287e+08 0
4.52287e+08 0
4.52287e+08 0
4.52287e+08 0
4.52287e+08 0
4.52287e+08 0
4.52287e+08 0
4.52287e+08 0
4.52287e+08 0
4.52287e+08 0
4.52287e+08 0
4.52287e+08 0
4.52287e+08 0
4.52287e+08 0
4.52287e+08 0
4.52287e+08 0
4.52287e+08 0
4.52287e+08 0
4.52287e+08 0
4.52287e+08 0
4.52287e+08 0
4.52287e+08 0
4.52287e+08 0
4.52287e+08 0
4.52287e+08 0
4.52287e+08 0
4.52287e+08 0
4.52287e+08 0
4.52287e+08 0
4.52287e+08 0
4.52287e+08 0
4.52287e+08 0
4.52287e+08 0
4.52287e+08 0
4.52287e+08 0
4.52287e+08 0
4.52287e+08 0
4.52287e+08 0
4.52287e+08 0
4.52287e+08 0
4.52287e+08 0
4.52287e+08 0
4.52287e+08 0
4.52287e+08 0
4.52287e+08 0
4.52287e+08 0
4.52287e+08 0
4.52287e+08 0
4.52287e+08 0
4.52287e+08 0
4.52287e+08 0
4.52287e+08 0
4.52287e+08 0
4.52287e+08 0
4.52287e+08 0
4.52287e+08 0
4.52287e+08 0
4.52287e+08 0
4.52287e+08 0
4.52287e+08 0
4.52287e+08 0
4.52287e+08 0
4.52287e+08 0
4.52287e+08 0
4.52287e+08 0
4.52287e+08 0
4.52287e+08 0
4.52287e+08 0
4.52287e+08 0
4.52287e+08 0
4.52287e+08 0
4.52287e+08 0
4.52287e+08 0
4.52287e+08 0
4.52287e+08 0
4.52287e+08 0
4.52287e+08 0
4.52287e+08 0
4.52287e+08 0
