0 -5.81442e-07
0 -2.69143e-05
0 -1.1564e-05
-4.52698e+07 -2.1564e-05
-6.41818e+07 -3.1564e-05
-7.78305e+07 -4.1564e-05
-8.57242e+07 -5.1564e-05
-9.15083e+07 -6.1564e-05
-9.6256e+07 -7.1564e-05
-1.00039e+08 -8.1564e-05
-1.03049e+08 -9.1564e-05
-6.2668e+07 -0.000101564
-6.47211e+07 -0.000111564
-6.65654e+07 -0.000121564
-6.77984e+07 -0.000131564
-6.87942e+07 -0.000141564
-6.95369e+07 -0.000151564
-7.00726e+07 -0.000161564
-7.04201e+07 -0.000171564
-7.0612e+07 -0.000181564
-7.06487e+07 -0.000191564
-7.05556e+07 -0.000201564
-7.03385e+07 -0.000211564
-7.00001e+07 -0.000221564
-6.95469e+07 -0.000231564
-6.89354e+07 -0.000241564
-6.82065e+07 -0.000251564
-6.72854e+07 -0.000261564
-6.61429e+07 -0.000271564
-6.47526e+07 -0.000281564
-6.29376e+07 -0.000291564
-6.05536e+07 -0.000301564
-5.73094e+07 -0.000311564
-5.22377e+07 -0.000321564
-4.37118e+07 -0.000331564
-3.48166e+07 -0.000341564
-2.67916e+07 -0.000351564
-1.9681e+07 -0.000361564
-1.30585e+07 -0.000371564
-7.17532e+06 -0.000381564
-1.68328e+06 -0.000391564
3.27674e+06 -0.000401564
7.62403e+06 -0.000411564
1.16369e+07 -0.000421564
1.55069e+07 -0.000431564
1.96132e+07 -0.000441564
2.38487e+07 -0.000451564
2.77622e+07 -0.000461564
3.12702e+07 -0.000471564
3.49283e+07 -0.000481564
3.87301e+07 -0.000491564
4.19892e+07 -0.000501564
2.3667e+08 -0.000511564
2.38348e+08 -0.000521564
2.38348e+08 -0.000531564
2.38348e+08 -0.000541564
2.38348e+08 -0.000551564
2.38348e+08 -0.000561564
2.38348e+08 -0.000571564
2.38348e+08 -0.000581564
2.38348e+08 -0.000591564
2.38348e+08 -0.000601564
2.38348e+08 -0.000611564
2.38348e+08 -0.000621564
2.38348e+08 -0.000631564
2.38348e+08 -0.000641564
2.38348e+08 -0.000651564
2.38348e+08 -0.000661564
2.38348e+08 -0.000671564
2.38348e+08 -0.000681564
2.38348e+08 -0.000691564
2.38348e+08 -0.000701564
2.38348e+08 -0.000711564
2.38348e+08 -0.000721564
2.38348e+08 -0.000731564
2.38348e+08 -0.000741564
2.38348e+08 -0.000751564
2.38348e+08 -0.000761564
2.38348e+08 -0.000771564
2.38348e+08 -0.000781564
2.38348e+08 -0.000791564
2.38348e+08 -0.000801564
2.38348e+08 -0.000811564
2.38348e+08 -0.000821564
2.38348e+08 -0.000831564
2.38348e+08 -0.000841564
2.38348e+08 -0.000851564
2.38348e+08 -0.000861564
2.38348e+08 -0.000871564
2.38348e+08 -0.000881564
2.38348e+08 -0.000891564
2.38348e+08 -0.000901564
2.38348e+08 -0.000911564
2.38348e+08 -0.000921564
2.38348e+08 -0.000931564
2.38348e+08 -0.000941564
2.38348e+08 -0.000951564
2.38348e+08 -0.000961564
2.38348e+08 -0.000971564
2.38348e+08 -0.000981564
2.38348e+08 -0.000991564
2.38348e+08 -0.00100156
2.38348e+08 -0.00101156
