0 5.64149e-07
0 9.39265e+07
0 9.39265e+07
-7.08333e+07 1.6476e+08
-4.56218e+07 1.39548e+08
5.95961e+07 3.43304e+07
9.41489e+08 0
9.41489e+08 0
9.41489e+08 0
9.41489e+08 0
9.41489e+08 0
9.41489e+08 0
9.41489e+08 0
9.41489e+08 0
9.41489e+08 0
9.41489e+08 0
9.41489e+08 0
9.41489e+08 0
9.41489e+08 0
9.41489e+08 0
9.41489e+08 0
9.41489e+08 0
9.41489e+08 0
9.41489e+08 0
9.41489e+08 0
9.41489e+08 0
9.41489e+08 0
9.41489e+08 0
9.41489e+08 0
9.41489e+08 0
9.41489e+08 0
9.41489e+08 0
9.41489e+08 0
9.41489e+08 0
9.41489e+08 0
9.41489e+08 0
9.41489e+08 0
9.41489e+08 0
9.41489e+08 0
9.41489e+08 0
9.41489e+08 0
9.41489e+08 0
9.41489e+08 0
9.41489e+08 0
9.41489e+08 0
9.41489e+08 0
9.41489e+08 0
9.41489e+08 0
9.41489e+08 0
9.41489e+08 0
9.41489e+08 0
9.41489e+08 0
9.41489e+08 0
9.41489e+08 0
9.41489e+08 0
9.41489e+08 0
9.41489e+08 0
9.41489e+08 0
9.41489e+08 0
9.41489e+08 0
9.41489e+08 0
9.41489e+08 0
9.41489e+08 0
9.41489e+08 0
9.41489e+08 0
9.41489e+08 0
9.41489e+08 0
9.41489e+08 0
9.41489e+08 0
9.41489e+08 0
9.41489e+08 0
9.41489e+08 0
9.41489e+08 0
9.41489e+08 0
9.41489e+08 0
9.41489e+08 0
9.41489e+08 0
9.41489e+08 0
9.41489e+08 0
9.41489e+08 0
9.41489e+08 0
9.41489e+08 0
9.41489e+08 0
9.41489e+08 0
9.41489e+08 0
9.41489e+08 0
9.41489e+08 0
9.41489e+08 0
9.41489e+08 0
9.41489e+08 0
9.41489e+08 0
9.41489e+08 0
9.41489e+08 0
9.41489e+08 0
9.41489e+08 0
9.41489e+08 0
9.41489e+08 0
9.41489e+08 0
9.41489e+08 0
9.41489e+08 0
9.41489e+08 0
9.41489e+08 0
9.41489e+08 0
