0 -6.75209e-08
0 -7.4043e+07
0 -7.4043e+07
5.59572e+08 0
5.59572e+08 0
5.59572e+08 0
5.59572e+08 0
5.59572e+08 0
5.59572e+08 0
5.59572e+08 0
5.59572e+08 0
5.59572e+08 0
5.59572e+08 0
5.59572e+08 0
5.59572e+08 0
5.59572e+08 0
5.59572e+08 0
5.59572e+08 0
5.59572e+08 0
5.59572e+08 0
5.59572e+08 0
5.59572e+08 0
5.59572e+08 0
5.59572e+08 0
5.59572e+08 0
5.59572e+08 0
5.59572e+08 0
5.59572e+08 0
5.59572e+08 0
5.59572e+08 0
5.59572e+08 0
5.59572e+08 0
5.59572e+08 0
5.59572e+08 0
5.59572e+08 0
5.59572e+08 0
5.59572e+08 0
5.59572e+08 0
5.59572e+08 0
5.59572e+08 0
5.59572e+08 0
5.59572e+08 0
5.59572e+08 0
5.59572e+08 0
5.59572e+08 0
5.59572e+08 0
5.59572e+08 0
5.59572e+08 0
5.59572e+08 0
5.59572e+08 0
5.59572e+08 0
5.59572e+08 0
5.59572e+08 0
5.59572e+08 0
5.59572e+08 0
5.59572e+08 0
5.59572e+08 0
5.59572e+08 0
5.59572e+08 0
5.59572e+08 0
5.59572e+08 0
5.59572e+08 0
5.59572e+08 0
5.59572e+08 0
5.59572e+08 0
5.59572e+08 0
5.59572e+08 0
5.59572e+08 0
5.59572e+08 0
5.59572e+08 0
5.59572e+08 0
5.59572e+08 0
5.59572e+08 0
5.59572e+08 0
5.59572e+08 0
5.59572e+08 0
5.59572e+08 0
5.59572e+08 0
5.59572e+08 0
5.59572e+08 0
5.59572e+08 0
5.59572e+08 0
5.59572e+08 0
5.59572e+08 0
5.59572e+08 0
5.59572e+08 0
5.59572e+08 0
5.59572e+08 0
5.59572e+08 0
5.59572e+08 0
5.59572e+08 0
5.59572e+08 0
5.59572e+08 0
5.59572e+08 0
5.59572e+08 0
5.59572e+08 0
5.59572e+08 0
5.59572e+08 0
5.59572e+08 0
5.59572e+08 0
5.59572e+08 0
5.59572e+08 0
5.59572e+08 0
