0 -2.715e-06
0 1.15386e-05
0 4.06615e-05
5.36892e+06 5.06615e-05
1.01141e+07 6.06615e-05
1.44008e+07 7.06615e-05
1.82692e+07 8.06615e-05
2.14599e+07 9.06615e-05
2.4309e+07 0.000100662
2.57456e+07 0.000110662
2.70756e+07 0.000120662
2.82276e+07 0.000130662
2.92224e+07 0.000140662
3.00632e+07 0.000150662
3.08091e+07 0.000160662
3.14932e+07 0.000170662
3.20863e+07 0.000180662
3.25903e+07 0.000190662
3.30398e+07 0.000200662
3.34473e+07 0.000210662
3.38165e+07 0.000220662
3.41432e+07 0.000230662
3.44258e+07 0.000240662
1.79203e+07 0.000250662
1.84823e+07 0.000260662
1.90023e+07 0.000270662
1.93893e+07 0.000280662
1.96969e+07 0.000290662
1.99456e+07 0.000300662
2.0153e+07 0.000310662
2.03179e+07 0.000320662
2.04583e+07 0.000330662
2.05777e+07 0.000340662
2.06834e+07 0.000350662
2.07791e+07 0.000360662
2.08559e+07 0.000370662
2.09119e+07 0.000380662
2.09446e+07 0.000390662
2.09624e+07 0.000400662
2.09654e+07 0.000410662
2.09535e+07 0.000420662
2.09265e+07 0.000430662
2.08801e+07 0.000440662
2.08185e+07 0.000450662
2.0718e+07 0.000460662
2.05645e+07 0.000470662
2.03872e+07 0.000480662
2.01824e+07 0.000490662
1.99246e+07 0.000500662
1.96027e+07 0.000510662
1.90847e+07 0.000520662
1.84546e+07 0.000530662
1.76383e+07 0.000540662
1.63464e+07 0.000550662
1.48412e+07 0.000560662
1.33768e+07 0.000570662
1.18694e+07 0.000580662
1.06711e+07 0.000590662
9.28781e+06 0.000600662
8.11262e+06 0.000610662
7.09314e+06 0.000620662
5.94779e+06 0.000630662
4.95275e+06 0.000640662
4.08124e+06 0.000650662
3.26738e+06 0.000660662
2.33546e+06 0.000670662
1.54222e+06 0.000680662
974082 0.000690662
246015 0.000700662
-400143 0.000710662
-989458 0.000720662
-8.02857e+07 0.000730662
-8.08695e+07 0.000740662
-8.14604e+07 0.000750662
-8.21289e+07 0.000760662
-8.27449e+07 0.000770662
-8.34048e+07 0.000780662
-8.39791e+07 0.000790662
-8.45678e+07 0.000800662
-8.50581e+07 0.000810662
-8.54892e+07 0.000820662
-8.59488e+07 0.000830662
-8.65067e+07 0.000840662
-8.71008e+07 0.000850662
-8.74755e+07 0.000860662
-8.78278e+07 0.000870662
-8.82097e+07 0.000880662
-8.85493e+07 0.000890662
-8.8954e+07 0.000900662
-8.92369e+07 0.000910662
-8.99146e+07 0.000920662
-9.01812e+07 0.000930662
-9.04351e+07 0.000940662
-9.06753e+07 0.000950662
-9.09151e+07 0.000960662
-9.1211e+07 0.000970662
-9.14949e+07 0.000980662
-9.19968e+07 0.000990662
-9.23508e+07 0.00100066
-9.25139e+07 0.00101066
-9.26957e+07 0.00102066
-9.29101e+07 0.00103066
-9.3126e+07 0.00104066
