0 -2.67937e-06
0 2.83078e-06
0 1.58733e-05
3.78e+06 2.58733e-05
7.00122e+06 3.58733e-05
1.03081e+07 4.58733e-05
1.37571e+07 5.58733e-05
1.67415e+07 6.58733e-05
1.86103e+07 7.58733e-05
2.03812e+07 8.58733e-05
2.19901e+07 9.58733e-05
2.31625e+07 0.000105873
2.42164e+07 0.000115873
2.51696e+07 0.000125873
2.60389e+07 0.000135873
2.68259e+07 0.000145873
2.75523e+07 0.000155873
2.82191e+07 0.000165873
2.88432e+07 0.000175873
2.94265e+07 0.000185873
2.99669e+07 0.000195873
3.0481e+07 0.000205873
3.09652e+07 0.000215873
3.14127e+07 0.000225873
3.18333e+07 0.000235873
3.2235e+07 0.000245873
3.26196e+07 0.000255873
3.29838e+07 0.000265873
3.33275e+07 0.000275873
3.36545e+07 0.000285873
3.39651e+07 0.000295873
3.42613e+07 0.000305873
3.45475e+07 0.000315873
3.48208e+07 0.000325873
3.50798e+07 0.000335873
3.53253e+07 0.000345873
3.55592e+07 0.000355873
3.57831e+07 0.000365873
3.59978e+07 0.000375873
3.62034e+07 0.000385873
3.64018e+07 0.000395873
3.65944e+07 0.000405873
3.67817e+07 0.000415873
3.69642e+07 0.000425873
3.7142e+07 0.000435873
3.73149e+07 0.000445873
3.74821e+07 0.000455873
2.88728e+07 0.000465873
2.90274e+07 0.000475873
2.91792e+07 0.000485873
2.93283e+07 0.000495873
2.94749e+07 0.000505873
2.96191e+07 0.000515873
2.97611e+07 0.000525873
2.99e+07 0.000535873
3.00355e+07 0.000545873
3.01682e+07 0.000555873
3.02986e+07 0.000565873
3.04269e+07 0.000575873
3.05536e+07 0.000585873
3.06786e+07 0.000595873
3.08022e+07 0.000605873
3.09244e+07 0.000615873
3.10453e+07 0.000625873
3.1165e+07 0.000635873
3.12836e+07 0.000645873
3.14012e+07 0.000655873
3.15179e+07 0.000665873
3.16336e+07 0.000675873
3.17484e+07 0.000685873
3.18604e+07 0.000695873
3.19724e+07 0.000705873
3.20842e+07 0.000715873
3.21957e+07 0.000725873
3.23069e+07 0.000735873
3.24176e+07 0.000745873
3.25268e+07 0.000755873
3.26343e+07 0.000765873
3.27404e+07 0.000775873
3.28454e+07 0.000785873
3.29499e+07 0.000795873
3.30539e+07 0.000805873
3.31576e+07 0.000815873
3.32612e+07 0.000825873
3.33646e+07 0.000835873
3.34679e+07 0.000845873
3.3571e+07 0.000855873
3.36741e+07 0.000865873
3.37771e+07 0.000875873
3.388e+07 0.000885873
3.39829e+07 0.000895873
3.40857e+07 0.000905873
3.41885e+07 0.000915873
-2.69173e+07 0.000925873
-2.485e+07 0.000935873
-2.34257e+07 0.000945873
-2.2229e+07 0.000955873
-2.12836e+07 0.000965873
-2.05158e+07 0.000975873
-1.97659e+07 0.000985873
-1.90022e+07 0.000995873
-1.82188e+07 0.00100587
-1.74672e+07 0.00101587
