0 -2.8871e-08
0 1.74888e+08
0 1.74888e+08
-1.2538e+08 3.00268e+08
-1.70139e+08 3.45028e+08
-1.75756e+08 3.50645e+08
-1.67264e+08 3.42152e+08
-1.49887e+08 3.24775e+08
-1.2398e+08 2.98868e+08
-8.81782e+07 2.63067e+08
-3.7998e+07 2.12886e+08
4.0226e+07 1.34662e+08
2.17175e+08 -4.2287e+07
8.19523e+08 0
8.19523e+08 0
8.19523e+08 0
8.19523e+08 0
8.19523e+08 0
8.19523e+08 0
8.19523e+08 0
8.19523e+08 0
8.19523e+08 0
8.19523e+08 0
8.19523e+08 0
8.19523e+08 0
8.19523e+08 0
8.19523e+08 0
8.19523e+08 0
8.19523e+08 0
8.19523e+08 0
8.19523e+08 0
8.19523e+08 0
8.19523e+08 0
8.19523e+08 0
8.19523e+08 0
8.19523e+08 0
8.19523e+08 0
8.19523e+08 0
8.19523e+08 0
8.19523e+08 0
8.19523e+08 0
8.19523e+08 0
8.19523e+08 0
8.19523e+08 0
8.19523e+08 0
8.19523e+08 0
8.19523e+08 0
8.19523e+08 0
8.19523e+08 0
8.19523e+08 0
8.19523e+08 0
8.19523e+08 0
8.19523e+08 0
8.19523e+08 0
8.19523e+08 0
8.19523e+08 0
8.19523e+08 0
8.19523e+08 0
8.19523e+08 0
8.19523e+08 0
8.19523e+08 0
8.19523e+08 0
8.19523e+08 0
8.19523e+08 0
8.19523e+08 0
8.19523e+08 0
8.19523e+08 0
8.19523e+08 0
8.19523e+08 0
8.19523e+08 0
8.19523e+08 0
8.19523e+08 0
8.19523e+08 0
8.19523e+08 0
8.19523e+08 0
8.19523e+08 0
8.19523e+08 0
8.19523e+08 0
8.19523e+08 0
8.19523e+08 0
8.19523e+08 0
8.19523e+08 0
8.19523e+08 0
8.19523e+08 0
8.19523e+08 0
8.19523e+08 0
8.19523e+08 0
8.19523e+08 0
8.19523e+08 0
8.19523e+08 0
8.19523e+08 0
8.19523e+08 0
8.19523e+08 0
8.19523e+08 0
8.19523e+08 0
8.19523e+08 0
8.19523e+08 0
8.19523e+08 0
8.19523e+08 0
8.19523e+08 0
8.19523e+08 0
8.19523e+08 0
8.19523e+08 0
