0 5.30854e-08
0 -1.63835e+08
0 -1.63835e+08
-1.38014e+08 -2.555e+07
3.79263e+08 0
3.79263e+08 0
3.79263e+08 0
3.79263e+08 0
3.79263e+08 0
3.79263e+08 0
3.79263e+08 0
3.79263e+08 0
3.79263e+08 0
3.79263e+08 0
3.79263e+08 0
3.79263e+08 0
3.79263e+08 0
3.79263e+08 0
3.79263e+08 0
3.79263e+08 0
3.79263e+08 0
3.79263e+08 0
3.79263e+08 0
3.79263e+08 0
3.79263e+08 0
3.79263e+08 0
3.79263e+08 0
3.79263e+08 0
3.79263e+08 0
3.79263e+08 0
3.79263e+08 0
3.79263e+08 0
3.79263e+08 0
3.79263e+08 0
3.79263e+08 0
3.79263e+08 0
3.79263e+08 0
3.79263e+08 0
3.79263e+08 0
3.79263e+08 0
3.79263e+08 0
3.79263e+08 0
3.79263e+08 0
3.79263e+08 0
3.79263e+08 0
3.79263e+08 0
3.79263e+08 0
3.79263e+08 0
3.79263e+08 0
3.79263e+08 0
3.79263e+08 0
3.79263e+08 0
3.79263e+08 0
3.79263e+08 0
3.79263e+08 0
3.79263e+08 0
3.79263e+08 0
3.79263e+08 0
3.79263e+08 0
3.79263e+08 0
3.79263e+08 0
3.79263e+08 0
3.79263e+08 0
3.79263e+08 0
3.79263e+08 0
3.79263e+08 0
3.79263e+08 0
3.79263e+08 0
3.79263e+08 0
3.79263e+08 0
3.79263e+08 0
3.79263e+08 0
3.79263e+08 0
3.79263e+08 0
3.79263e+08 0
3.79263e+08 0
3.79263e+08 0
3.79263e+08 0
3.79263e+08 0
3.79263e+08 0
3.79263e+08 0
3.79263e+08 0
3.79263e+08 0
3.79263e+08 0
3.79263e+08 0
3.79263e+08 0
3.79263e+08 0
3.79263e+08 0
3.79263e+08 0
3.79263e+08 0
3.79263e+08 0
3.79263e+08 0
3.79263e+08 0
3.79263e+08 0
3.79263e+08 0
3.79263e+08 0
3.79263e+08 0
3.79263e+08 0
3.79263e+08 0
3.79263e+08 0
3.79263e+08 0
3.79263e+08 0
3.79263e+08 0
