0 -2.12947e-06
0 -6.2314e+07
0 -6.2314e+07
1.47945e+08 -2.10259e+08
1.88486e+08 -2.508e+08
2.07407e+08 -2.69721e+08
2.18327e+08 -2.80641e+08
2.24116e+08 -2.8643e+08
2.2673e+08 -2.89044e+08
2.28675e+08 -2.90989e+08
2.28631e+08 -2.90945e+08
2.27616e+08 -2.8993e+08
2.25765e+08 -2.88079e+08
2.23126e+08 -2.8544e+08
2.19708e+08 -2.82022e+08
2.15473e+08 -2.77787e+08
2.10335e+08 -2.72649e+08
2.04124e+08 -2.66438e+08
1.96565e+08 -2.58879e+08
1.87204e+08 -2.49518e+08
1.74755e+08 -2.37069e+08
1.4586e+08 -2.08174e+08
9.70442e+07 -1.59358e+08
4.26059e+07 -1.0492e+08
-1.28797e+07 -4.94343e+07
2.20207e+08 0
2.20207e+08 0
2.20207e+08 0
2.20207e+08 0
2.20207e+08 0
2.20207e+08 0
2.20207e+08 0
2.20207e+08 0
2.20207e+08 0
2.20207e+08 0
2.20207e+08 0
2.20207e+08 0
2.20207e+08 0
2.20207e+08 0
2.20207e+08 0
2.20207e+08 0
2.20207e+08 0
2.20207e+08 0
2.20207e+08 0
2.20207e+08 0
2.20207e+08 0
2.20207e+08 0
2.20207e+08 0
2.20207e+08 0
2.20207e+08 0
2.20207e+08 0
2.20207e+08 0
2.20207e+08 0
2.20207e+08 0
2.20207e+08 0
2.20207e+08 0
2.20207e+08 0
2.20207e+08 0
2.20207e+08 0
2.20207e+08 0
2.20207e+08 0
2.20207e+08 0
2.20207e+08 0
2.20207e+08 0
2.20207e+08 0
2.20207e+08 0
2.20207e+08 0
2.20207e+08 0
2.20207e+08 0
2.20207e+08 0
2.20207e+08 0
2.20207e+08 0
2.20207e+08 0
2.20207e+08 0
2.20207e+08 0
2.20207e+08 0
2.20207e+08 0
2.20207e+08 0
2.20207e+08 0
2.20207e+08 0
2.20207e+08 0
2.20207e+08 0
2.20207e+08 0
2.20207e+08 0
2.20207e+08 0
2.20207e+08 0
2.20207e+08 0
2.20207e+08 0
2.20207e+08 0
2.20207e+08 0
2.20207e+08 0
2.20207e+08 0
2.20207e+08 0
2.20207e+08 0
2.20207e+08 0
2.20207e+08 0
2.20207e+08 0
2.20207e+08 0
2.20207e+08 0
2.20207e+08 0
2.20207e+08 0
2.20207e+08 0
2.20207e+08 0
