0 2.24623e-06
0 1.77396e+08
0 6.00683e+07
-31.4666 0
-75.5178 0
-119.569 0
-163.62 0
-207.672 0
-251.723 0
-295.774 0
-339.826 0
-383.877 0
-427.928 0
-471.98 0
-516.031 0
-560.082 0
-604.133 0
-648.185 0
-692.236 0
-736.287 0
-780.339 0
-824.39 0
-868.441 0
-912.493 0
-956.544 0
-1000.6 0
-1044.65 0
-1088.7 0
-1132.75 0
-1176.8 0
-1220.85 0
-1264.9 0
-1308.95 0
-1353.01 0
-1397.06 0
-1441.11 0
-1485.16 0
-1529.21 0
-1573.26 0
-1617.31 0
-1661.37 0
-1705.42 0
-1749.47 0
-1793.52 0
-1837.57 0
-1881.62 0
-1925.67 0
-1969.73 0
-2013.78 0
-2057.83 0
-2101.88 0
-2145.93 0
-2189.98 0
-2234.03 0
-2278.09 0
-2322.14 0
-2366.19 0
-2410.24 0
-2454.29 0
-2498.34 0
-2542.39 0
-2586.45 0
-2630.5 0
-2674.55 0
-2718.6 0
-2762.65 0
-2806.7 0
-2850.75 0
-2894.81 0
-2938.86 0
-2982.91 0
-3026.96 0
-3071.01 0
-3115.06 0
-3159.11 0
-3203.17 0
-3247.22 0
-3291.27 0
-3335.32 0
-3379.37 0
-3423.42 0
-3467.47 0
-3511.53 0
-3555.58 0
-3599.63 0
-3643.68 0
-3687.73 0
-3731.78 0
-3775.84 0
-3819.89 0
-3863.94 0
-3907.99 0
-3952.04 0
-3996.09 0
-4040.14 0
-4084.2 0
-4128.25 0
-4172.3 0
-4216.35 0
-4260.4 0
-4304.45 0
-4348.51 0
-4392.56 0
