0 1.6829e-06
0 1.85973e+08
0 1.85973e+08
-7.43957e+07 2.60369e+08
-6.7196e+07 2.53169e+08
-3.14504e+07 2.17424e+08
2.8241e+07 1.57374e+08
1.26551e+08 5.94223e+07
1.09114e+09 0
1.09114e+09 0
1.09114e+09 0
1.09114e+09 0
1.09114e+09 0
1.09114e+09 0
1.09114e+09 0
1.09114e+09 0
1.09114e+09 0
1.09114e+09 0
1.09114e+09 0
1.09114e+09 0
1.09114e+09 0
1.09114e+09 0
1.09114e+09 0
1.09114e+09 0
1.09114e+09 0
1.09114e+09 0
1.09114e+09 0
1.09114e+09 0
1.09114e+09 0
1.09114e+09 0
1.09114e+09 0
1.09114e+09 0
1.09114e+09 0
1.09114e+09 0
1.09114e+09 0
1.09114e+09 0
1.09114e+09 0
1.09114e+09 0
1.09114e+09 0
1.09114e+09 0
1.09114e+09 0
1.09114e+09 0
1.09114e+09 0
1.09114e+09 0
1.09114e+09 0
1.09114e+09 0
1.09114e+09 0
1.09114e+09 0
1.09114e+09 0
1.09114e+09 0
1.09114e+09 0
1.09114e+09 0
1.09114e+09 0
1.09114e+09 0
1.09114e+09 0
1.09114e+09 0
1.09114e+09 0
1.09114e+09 0
1.09114e+09 0
1.09114e+09 0
1.09114e+09 0
1.09114e+09 0
1.09114e+09 0
1.09114e+09 0
1.09114e+09 0
1.09114e+09 0
1.09114e+09 0
1.09114e+09 0
1.09114e+09 0
1.09114e+09 0
1.09114e+09 0
1.09114e+09 0
1.09114e+09 0
1.09114e+09 0
1.09114e+09 0
1.09114e+09 0
1.09114e+09 0
1.09114e+09 0
1.09114e+09 0
1.09114e+09 0
1.09114e+09 0
1.09114e+09 0
1.09114e+09 0
1.09114e+09 0
1.09114e+09 0
1.09114e+09 0
1.09114e+09 0
1.09114e+09 0
1.09114e+09 0
1.09114e+09 0
1.09114e+09 0
1.09114e+09 0
1.09114e+09 0
1.09114e+09 0
1.09114e+09 0
1.09114e+09 0
1.09114e+09 0
1.09114e+09 0
1.09114e+09 0
1.09114e+09 0
1.09114e+09 0
1.09114e+09 0
1.09114e+09 0
