0 -8.42566e-07
0 -1.30955e-05
0 -752306
-15 -752306
-30 -752306
-45 -752306
-60 -752306
-75 -752306
-90 -752306
-105 -752306
-120 -752306
-135 -752306
-150 -752306
-165 -752306
-180 -752306
-195 -752306
-210 -752306
-225 -752306
-240 -752306
-255 -752306
-270 -752306
-285 -752306
-300 -752306
-315 -752306
-330 -752306
-345 -752306
-360 -752306
-375 -752306
-390 -752306
-405 -752306
-420 -752306
-435 -752306
-450 -752306
-465 -752306
-480 -752306
-495 -752306
-510 -752306
-525 -752306
-540 -752306
-555 -752306
-570 -752306
-585 -752306
-600 -752306
-615 -752306
-630 -752306
-645 -752306
-660 -752306
-675 -752306
-690 -752306
-705 -752306
-720 -752306
-735 -752306
-750 -752306
-765 -752306
-780 -752306
-795 -752306
-810 -752306
-825 -752306
-840 -752306
-855 -752306
-870 -752306
-885 -752306
-900 -752306
-915 -752306
-930 -752306
-945 -752306
-960 -752306
-975 -752306
-990 -752306
-1005 -752306
-1020 -752306
-1035 -752306
-1050 -752306
-1065 -752306
-1080 -752306
-1095 -752306
-1110 -752306
-1125 -752306
-1140 -752306
-1155 -752306
-1170 -752306
-1185 -752306
-1200 -752306
-1215 -752306
-1230 -752306
-1245 -752306
-1260 -752306
-1275 -752306
-1290 -752306
-1305 -752306
-1320 -752306
-1335 -752306
-1350 -752306
-1365 -752306
-1380 -752306
-1395 -752306
-1410 -752306
-1425 -752306
-1440 -752306
-1455 -752306
-1470 -752306
-1485 -752306
-1500 -752306
