0 1.90362e-06
0 -1.9738e+08
0 -1.9738e+08
1.20267e+08 -3.17647e+08
1.44747e+08 -3.42126e+08
1.38944e+08 -3.36323e+08
1.18283e+08 -3.15662e+08
8.46623e+07 -2.82042e+08
3.3919e+07 -2.31298e+08
-5.35102e+07 -1.43869e+08
6.31436e+08 0
6.31436e+08 0
6.31436e+08 0
6.31436e+08 0
6.31436e+08 0
6.31436e+08 0
6.31436e+08 0
6.31436e+08 0
6.31436e+08 0
6.31436e+08 0
6.31436e+08 0
6.31436e+08 0
6.31436e+08 0
6.31436e+08 0
6.31436e+08 0
6.31436e+08 0
6.31436e+08 0
6.31436e+08 0
6.31436e+08 0
6.31436e+08 0
6.31436e+08 0
6.31436e+08 0
6.31436e+08 0
6.31436e+08 0
6.31436e+08 0
6.31436e+08 0
6.31436e+08 0
6.31436e+08 0
6.31436e+08 0
6.31436e+08 0
6.31436e+08 0
6.31436e+08 0
6.31436e+08 0
6.31436e+08 0
6.31436e+08 0
6.31436e+08 0
6.31436e+08 0
6.31436e+08 0
6.31436e+08 0
6.31436e+08 0
6.31436e+08 0
6.31436e+08 0
6.31436e+08 0
6.31436e+08 0
6.31436e+08 0
6.31436e+08 0
6.31436e+08 0
6.31436e+08 0
6.31436e+08 0
6.31436e+08 0
6.31436e+08 0
6.31436e+08 0
6.31436e+08 0
6.31436e+08 0
6.31436e+08 0
6.31436e+08 0
6.31436e+08 0
6.31436e+08 0
6.31436e+08 0
6.31436e+08 0
6.31436e+08 0
6.31436e+08 0
6.31436e+08 0
6.31436e+08 0
6.31436e+08 0
6.31436e+08 0
6.31436e+08 0
6.31436e+08 0
6.31436e+08 0
6.31436e+08 0
6.31436e+08 0
6.31436e+08 0
6.31436e+08 0
6.31436e+08 0
6.31436e+08 0
6.31436e+08 0
6.31436e+08 0
6.31436e+08 0
6.31436e+08 0
6.31436e+08 0
6.31436e+08 0
6.31436e+08 0
6.31436e+08 0
6.31436e+08 0
6.31436e+08 0
6.31436e+08 0
6.31436e+08 0
6.31436e+08 0
6.31436e+08 0
6.31436e+08 0
6.31436e+08 0
6.31436e+08 0
6.31436e+08 0
