0 -3.06663e-06
0 2.28335e-05
0 1.32486e-05
1.22703e+08 2.32486e-05
1.53603e+08 3.32486e-05
1.50242e+08 4.32486e-05
1.33193e+08 5.32486e-05
1.04674e+08 6.32486e-05
6.23221e+07 7.32486e-05
-4.13824e+06 8.32486e-05
-1.51684e+08 9.32486e-05
6.29642e+08 0.000103249
6.29642e+08 0.000113249
6.29642e+08 0.000123249
6.29642e+08 0.000133249
6.29642e+08 0.000143249
6.29642e+08 0.000153249
6.29642e+08 0.000163249
6.29642e+08 0.000173249
6.29642e+08 0.000183249
6.29642e+08 0.000193249
6.29642e+08 0.000203249
6.29642e+08 0.000213249
6.29642e+08 0.000223249
6.29642e+08 0.000233249
6.29642e+08 0.000243249
6.29642e+08 0.000253249
6.29642e+08 0.000263249
6.29642e+08 0.000273249
6.29642e+08 0.000283249
6.29642e+08 0.000293249
6.29642e+08 0.000303249
6.29642e+08 0.000313249
6.29642e+08 0.000323249
6.29642e+08 0.000333249
6.29642e+08 0.000343249
6.29642e+08 0.000353249
6.29642e+08 0.000363249
6.29642e+08 0.000373249
6.29642e+08 0.000383249
6.29642e+08 0.000393249
6.29642e+08 0.000403249
6.29642e+08 0.000413249
6.29642e+08 0.000423249
6.29642e+08 0.000433249
6.29642e+08 0.000443249
6.29642e+08 0.000453249
6.29642e+08 0.000463249
6.29642e+08 0.000473249
6.29642e+08 0.000483249
6.29642e+08 0.000493249
6.29642e+08 0.000503249
6.29642e+08 0.000513249
6.29642e+08 0.000523249
6.29642e+08 0.000533249
6.29642e+08 0.000543249
6.29642e+08 0.000553249
6.29642e+08 0.000563249
6.29642e+08 0.000573249
6.29642e+08 0.000583249
6.29642e+08 0.000593249
6.29642e+08 0.000603249
6.29642e+08 0.000613249
6.29642e+08 0.000623249
6.29642e+08 0.000633249
6.29642e+08 0.000643249
6.29642e+08 0.000653249
6.29642e+08 0.000663249
6.29642e+08 0.000673249
6.29642e+08 0.000683249
6.29642e+08 0.000693249
6.29642e+08 0.000703249
6.29642e+08 0.000713249
6.29642e+08 0.000723249
6.29642e+08 0.000733249
6.29642e+08 0.000743249
6.29642e+08 0.000753249
6.29642e+08 0.000763249
6.29642e+08 0.000773249
6.29642e+08 0.000783249
6.29642e+08 0.000793249
6.29642e+08 0.000803249
6.29642e+08 0.000813249
6.29642e+08 0.000823249
6.29642e+08 0.000833249
6.29642e+08 0.000843249
6.29642e+08 0.000853249
6.29642e+08 0.000863249
6.29642e+08 0.000873249
6.29642e+08 0.000883249
6.29642e+08 0.000893249
6.29642e+08 0.000903249
6.29642e+08 0.000913249
6.29642e+08 0.000923249
6.29642e+08 0.000933249
6.29642e+08 0.000943249
6.29642e+08 0.000953249
6.29642e+08 0.000963249
6.29642e+08 0.000973249
6.29642e+08 0.000983249
6.29642e+08 0.000993249
6.29642e+08 0.00100325
6.29642e+08 0.00101325
