0 -2.36358e-06
0 3.29692e-05
0 -50350.9
-15 -50350.9
-30 -50350.9
-45 -50350.9
-60 -50350.9
-75 -50350.9
-90 -50350.9
-105 -50350.9
-120 -50350.9
-135 -50350.9
-150 -50350.9
-165 -50350.9
-180 -50350.9
-195 -50350.9
-210 -50350.9
-225 -50350.9
-240 -50350.9
-255 -50350.9
-270 -50350.9
-285 -50350.9
-300 -50350.9
-315 -50350.9
-330 -50350.9
-345 -50350.9
-360 -50350.9
-375 -50350.9
-390 -50350.9
-405 -50350.9
-420 -50350.9
-435 -50350.9
-450 -50350.9
-465 -50350.9
-480 -50350.9
-495 -50350.9
-510 -50350.9
-525 -50350.9
-540 -50350.9
-555 -50350.9
-570 -50350.9
-585 -50350.9
-600 -50350.9
-615 -50350.9
-630 -50350.9
-645 -50350.9
-660 -50350.9
-675 -50350.9
-690 -50350.9
-705 -50350.9
-720 -50350.9
-735 -50350.9
-750 -50350.9
-765 -50350.9
-780 -50350.9
-795 -50350.9
-810 -50350.9
-825 -50350.9
-840 -50350.9
-855 -50350.9
-870 -50350.9
-885 -50350.9
-900 -50350.9
-915 -50350.9
-930 -50350.9
-945 -50350.9
-960 -50350.9
-975 -50350.9
-990 -50350.9
-1005 -50350.9
-1020 -50350.9
-1035 -50350.9
-1050 -50350.9
-1065 -50350.9
-1080 -50350.9
-1095 -50350.9
-1110 -50350.9
-1125 -50350.9
-1140 -50350.9
-1155 -50350.9
-1170 -50350.9
-1185 -50350.9
-1200 -50350.9
-1215 -50350.9
-1230 -50350.9
-1245 -50350.9
-1260 -50350.9
-1275 -50350.9
-1290 -50350.9
-1305 -50350.9
-1320 -50350.9
-1335 -50350.9
-1350 -50350.9
-1365 -50350.9
-1380 -50350.9
-1395 -50350.9
-1410 -50350.9
-1425 -50350.9
-1440 -50350.9
-1455 -50350.9
-1470 -50350.9
-1485 -50350.9
-1500 -50350.9
