0 -6.47015e-08
0 2.89682e-06
0 -9.37423e-05
4.65328e+08 -8.37423e-05
4.65328e+08 -7.37423e-05
4.65328e+08 -6.37423e-05
4.65328e+08 -5.37423e-05
4.65328e+08 -4.37423e-05
4.65328e+08 -3.37423e-05
4.65328e+08 -2.37423e-05
4.65328e+08 -1.37423e-05
4.65328e+08 -3.74227e-06
4.65328e+08 6.25773e-06
4.65328e+08 1.62577e-05
4.65328e+08 2.62577e-05
4.65328e+08 3.62577e-05
4.65328e+08 4.62577e-05
4.65328e+08 5.62577e-05
4.65328e+08 6.62577e-05
4.65328e+08 7.62577e-05
4.65328e+08 8.62577e-05
4.65328e+08 9.62577e-05
4.65328e+08 0.000106258
4.65328e+08 0.000116258
4.65328e+08 0.000126258
4.65328e+08 0.000136258
4.65328e+08 0.000146258
4.65328e+08 0.000156258
4.65328e+08 0.000166258
4.65328e+08 0.000176258
4.65328e+08 0.000186258
4.65328e+08 0.000196258
4.65328e+08 0.000206258
4.65328e+08 0.000216258
4.65328e+08 0.000226258
4.65328e+08 0.000236258
4.65328e+08 0.000246258
4.65328e+08 0.000256258
4.65328e+08 0.000266258
4.65328e+08 0.000276258
4.65328e+08 0.000286258
4.65328e+08 0.000296258
4.65328e+08 0.000306258
4.65328e+08 0.000316258
4.65328e+08 0.000326258
4.65328e+08 0.000336258
4.65328e+08 0.000346258
4.65328e+08 0.000356258
4.65328e+08 0.000366258
4.65328e+08 0.000376258
4.65328e+08 0.000386258
4.65328e+08 0.000396258
4.65328e+08 0.000406258
4.65328e+08 0.000416258
4.65328e+08 0.000426258
4.65328e+08 0.000436258
4.65328e+08 0.000446258
4.65328e+08 0.000456258
4.65328e+08 0.000466258
4.65328e+08 0.000476258
4.65328e+08 0.000486258
4.65328e+08 0.000496258
4.65328e+08 0.000506258
4.65328e+08 0.000516258
4.65328e+08 0.000526258
4.65328e+08 0.000536258
4.65328e+08 0.000546258
4.65328e+08 0.000556258
4.65328e+08 0.000566258
4.65328e+08 0.000576258
4.65328e+08 0.000586258
4.65328e+08 0.000596258
4.65328e+08 0.000606258
4.65328e+08 0.000616258
4.65328e+08 0.000626258
4.65328e+08 0.000636258
4.65328e+08 0.000646258
4.65328e+08 0.000656258
4.65328e+08 0.000666258
4.65328e+08 0.000676258
4.65328e+08 0.000686258
4.65328e+08 0.000696258
4.65328e+08 0.000706258
4.65328e+08 0.000716258
4.65328e+08 0.000726258
4.65328e+08 0.000736258
4.65328e+08 0.000746258
4.65328e+08 0.000756258
4.65328e+08 0.000766258
4.65328e+08 0.000776258
4.65328e+08 0.000786258
4.65328e+08 0.000796258
4.65328e+08 0.000806258
4.65328e+08 0.000816258
4.65328e+08 0.000826258
4.65328e+08 0.000836258
4.65328e+08 0.000846258
4.65328e+08 0.000856258
4.65328e+08 0.000866258
4.65328e+08 0.000876258
4.65328e+08 0.000886258
4.65328e+08 0.000896258
4.65328e+08 0.000906258
