0 -2.0615e-06
0 3.87648e-05
0 -295620
-15 -295620
-30 -295620
-45 -295620
-60 -295620
-75 -295620
-90 -295620
-105 -295620
-120 -295620
-135 -295620
-150 -295620
-165 -295620
-180 -295620
-195 -295620
-210 -295620
-225 -295620
-240 -295620
-255 -295620
-270 -295620
-285 -295620
-300 -295620
-315 -295620
-330 -295620
-345 -295620
-360 -295620
-375 -295620
-390 -295620
-405 -295620
-420 -295620
-435 -295620
-450 -295620
-465 -295620
-480 -295620
-495 -295620
-510 -295620
-525 -295620
-540 -295620
-555 -295620
-570 -295620
-585 -295620
-600 -295620
-615 -295620
-630 -295620
-645 -295620
-660 -295620
-675 -295620
-690 -295620
-705 -295620
-720 -295620
-735 -295620
-750 -295620
-765 -295620
-780 -295620
-795 -295620
-810 -295620
-825 -295620
-840 -295620
-855 -295620
-870 -295620
-885 -295620
-900.001 -295620
-915.001 -295620
-930.001 -295620
-945.001 -295620
-960.001 -295620
-975.001 -295620
-990.001 -295620
-1005 -295620
-1020 -295620
-1035 -295620
-1050 -295620
-1065 -295620
-1080 -295620
-1095 -295620
-1110 -295620
-1125 -295620
-1140 -295620
-1155 -295620
-1170 -295620
-1185 -295620
-1200 -295620
-1215 -295620
-1230 -295620
-1245 -295620
-1260 -295620
-1275 -295620
-1290 -295620
-1305 -295620
-1320 -295620
-1335 -295620
-1350 -295620
-1365 -295620
-1380 -295620
-1395 -295620
-1410 -295620
-1425 -295620
-1440 -295620
-1455 -295620
-1470 -295620
-1485 -295620
-1500 -295620
