0 -9.96515e-08
0 -1.08426e+08
0 -1.08426e+08
1.15035e+08 -2.23462e+08
1.46411e+08 -2.54837e+08
1.63659e+08 -2.72085e+08
1.73425e+08 -2.81851e+08
1.79363e+08 -2.87789e+08
1.81392e+08 -2.89818e+08
1.82307e+08 -2.90733e+08
1.82023e+08 -2.9045e+08
1.80795e+08 -2.89221e+08
1.78738e+08 -2.87164e+08
1.75883e+08 -2.8431e+08
1.72233e+08 -2.80659e+08
1.67758e+08 -2.76184e+08
1.62338e+08 -2.70765e+08
1.55758e+08 -2.64184e+08
1.47745e+08 -2.56171e+08
1.3777e+08 -2.46196e+08
1.23863e+08 -2.32544e+08
9.21368e+07 -2.00563e+08
4.58487e+07 -1.54275e+08
-4.152e+06 -1.04274e+08
-5.53784e+07 -5.3048e+07
1.74094e+08 0
1.74094e+08 0
1.74094e+08 0
1.74094e+08 0
1.74094e+08 0
1.74094e+08 0
1.74094e+08 0
1.74094e+08 0
1.74094e+08 0
1.74094e+08 0
1.74094e+08 0
1.74094e+08 0
1.74094e+08 0
1.74094e+08 0
1.74094e+08 0
1.74094e+08 0
1.74094e+08 0
1.74094e+08 0
1.74094e+08 0
1.74094e+08 0
1.74094e+08 0
1.74094e+08 0
1.74094e+08 0
1.74094e+08 0
1.74094e+08 0
1.74094e+08 0
1.74094e+08 0
1.74094e+08 0
1.74094e+08 0
1.74094e+08 0
1.74094e+08 0
1.74094e+08 0
1.74094e+08 0
1.74094e+08 0
1.74094e+08 0
1.74094e+08 0
1.74094e+08 0
1.74094e+08 0
1.74094e+08 0
1.74094e+08 0
1.74094e+08 0
1.74094e+08 0
1.74094e+08 0
1.74094e+08 0
1.74094e+08 0
1.74094e+08 0
1.74094e+08 0
1.74094e+08 0
1.74094e+08 0
1.74094e+08 0
1.74094e+08 0
1.74094e+08 0
1.74094e+08 0
1.74094e+08 0
1.74094e+08 0
1.74094e+08 0
1.74094e+08 0
1.74094e+08 0
1.74094e+08 0
1.74094e+08 0
1.74094e+08 0
1.74094e+08 0
1.74094e+08 0
1.74094e+08 0
1.74094e+08 0
1.74094e+08 0
1.74094e+08 0
1.74094e+08 0
1.74094e+08 0
1.74094e+08 0
1.74094e+08 0
1.74094e+08 0
1.74094e+08 0
1.74094e+08 0
1.74094e+08 0
1.74094e+08 0
1.74094e+08 0
1.74094e+08 0
