0 -9.03383e-08
0 1.83713e+08
0 1.83713e+08
-1.21103e+08 3.04816e+08
-1.61545e+08 3.45258e+08
-1.73745e+08 3.57458e+08
-1.74007e+08 3.5772e+08
-1.67269e+08 3.50982e+08
-1.54688e+08 3.38401e+08
-1.36181e+08 3.19894e+08
-1.10717e+08 2.9443e+08
-7.56287e+07 2.59342e+08
-2.48281e+07 2.08541e+08
5.12305e+07 1.32483e+08
1.89692e+08 -5.97911e+06
4.75161e+08 -2.47383e+08
7.36257e+08 0
7.36257e+08 0
7.36257e+08 0
7.36257e+08 0
7.36257e+08 0
7.36257e+08 0
7.36257e+08 0
7.36257e+08 0
7.36257e+08 0
7.36257e+08 0
7.36257e+08 0
7.36257e+08 0
7.36257e+08 0
7.36257e+08 0
7.36257e+08 0
7.36257e+08 0
7.36257e+08 0
7.36257e+08 0
7.36257e+08 0
7.36257e+08 0
7.36257e+08 0
7.36257e+08 0
7.36257e+08 0
7.36257e+08 0
7.36257e+08 0
7.36257e+08 0
7.36257e+08 0
7.36257e+08 0
7.36257e+08 0
7.36257e+08 0
7.36257e+08 0
7.36257e+08 0
7.36257e+08 0
7.36257e+08 0
7.36257e+08 0
7.36257e+08 0
7.36257e+08 0
7.36257e+08 0
7.36257e+08 0
7.36257e+08 0
7.36257e+08 0
7.36257e+08 0
7.36257e+08 0
7.36257e+08 0
7.36257e+08 0
7.36257e+08 0
7.36257e+08 0
7.36257e+08 0
7.36257e+08 0
7.36257e+08 0
7.36257e+08 0
7.36257e+08 0
7.36257e+08 0
7.36257e+08 0
7.36257e+08 0
7.36257e+08 0
7.36257e+08 0
7.36257e+08 0
7.36257e+08 0
7.36257e+08 0
7.36257e+08 0
7.36257e+08 0
7.36257e+08 0
7.36257e+08 0
7.36257e+08 0
7.36257e+08 0
7.36257e+08 0
7.36257e+08 0
7.36257e+08 0
7.36257e+08 0
7.36257e+08 0
7.36257e+08 0
7.36257e+08 0
7.36257e+08 0
7.36257e+08 0
7.36257e+08 0
7.36257e+08 0
7.36257e+08 0
7.36257e+08 0
7.36257e+08 0
7.36257e+08 0
7.36257e+08 0
7.36257e+08 0
7.36257e+08 0
7.36257e+08 0
7.36257e+08 0
7.36257e+08 0
