0 2.06102e-06
0 -2.00242e+08
0 -2.00242e+08
1.20226e+08 -3.20468e+08
1.39412e+08 -3.39654e+08
1.31259e+08 -3.31501e+08
1.10816e+08 -3.11058e+08
7.85559e+07 -2.78798e+08
3.07752e+07 -2.31017e+08
-4.86845e+07 -1.51557e+08
-2.1049e+08 4.52371e+06
6.14406e+08 0
6.14406e+08 0
6.14406e+08 0
6.14406e+08 0
6.14406e+08 0
6.14406e+08 0
6.14406e+08 0
6.14406e+08 0
6.14406e+08 0
6.14406e+08 0
6.14406e+08 0
6.14406e+08 0
6.14406e+08 0
6.14406e+08 0
6.14406e+08 0
6.14406e+08 0
6.14406e+08 0
6.14406e+08 0
6.14406e+08 0
6.14406e+08 0
6.14406e+08 0
6.14406e+08 0
6.14406e+08 0
6.14406e+08 0
6.14406e+08 0
6.14406e+08 0
6.14406e+08 0
6.14406e+08 0
6.14406e+08 0
6.14406e+08 0
6.14406e+08 0
6.14406e+08 0
6.14406e+08 0
6.14406e+08 0
6.14406e+08 0
6.14406e+08 0
6.14406e+08 0
6.14406e+08 0
6.14406e+08 0
6.14406e+08 0
6.14406e+08 0
6.14406e+08 0
6.14406e+08 0
6.14406e+08 0
6.14406e+08 0
6.14406e+08 0
6.14406e+08 0
6.14406e+08 0
6.14406e+08 0
6.14406e+08 0
6.14406e+08 0
6.14406e+08 0
6.14406e+08 0
6.14406e+08 0
6.14406e+08 0
6.14406e+08 0
6.14406e+08 0
6.14406e+08 0
6.14406e+08 0
6.14406e+08 0
6.14406e+08 0
6.14406e+08 0
6.14406e+08 0
6.14406e+08 0
6.14406e+08 0
6.14406e+08 0
6.14406e+08 0
6.14406e+08 0
6.14406e+08 0
6.14406e+08 0
6.14406e+08 0
6.14406e+08 0
6.14406e+08 0
6.14406e+08 0
6.14406e+08 0
6.14406e+08 0
6.14406e+08 0
6.14406e+08 0
6.14406e+08 0
6.14406e+08 0
6.14406e+08 0
6.14406e+08 0
6.14406e+08 0
6.14406e+08 0
6.14406e+08 0
6.14406e+08 0
6.14406e+08 0
6.14406e+08 0
6.14406e+08 0
6.14406e+08 0
6.14406e+08 0
6.14406e+08 0
