0 -2.11596e-06
0 1.17365e+08
0 1.17364e+08
-1.80799e+08 2.98164e+08
-2.44441e+08 3.61805e+08
-2.49845e+08 3.67209e+08
-2.38861e+08 3.56226e+08
-2.16595e+08 3.3396e+08
-1.82429e+08 2.99794e+08
-1.29885e+08 2.4725e+08
-3.19735e+07 1.49338e+08
7.72151e+08 0
7.72151e+08 0
7.72151e+08 0
7.72151e+08 0
7.72151e+08 0
7.72151e+08 0
7.72151e+08 0
7.72151e+08 0
7.72151e+08 0
7.72151e+08 0
7.72151e+08 0
7.72151e+08 0
7.72151e+08 0
7.72151e+08 0
7.72151e+08 0
7.72151e+08 0
7.72151e+08 0
7.72151e+08 0
7.72151e+08 0
7.72151e+08 0
7.72151e+08 0
7.72151e+08 0
7.72151e+08 0
7.72151e+08 0
7.72151e+08 0
7.72151e+08 0
7.72151e+08 0
7.72151e+08 0
7.72151e+08 0
7.72151e+08 0
7.72151e+08 0
7.72151e+08 0
7.72151e+08 0
7.72151e+08 0
7.72151e+08 0
7.72151e+08 0
7.72151e+08 0
7.72151e+08 0
7.72151e+08 0
7.72151e+08 0
7.72151e+08 0
7.72151e+08 0
7.72151e+08 0
7.72151e+08 0
7.72151e+08 0
7.72151e+08 0
7.72151e+08 0
7.72151e+08 0
7.72151e+08 0
7.72151e+08 0
7.72151e+08 0
7.72151e+08 0
7.72151e+08 0
7.72151e+08 0
7.72151e+08 0
7.72151e+08 0
7.72151e+08 0
7.72151e+08 0
7.72151e+08 0
7.72151e+08 0
7.72151e+08 0
7.72151e+08 0
7.72151e+08 0
7.72151e+08 0
7.72151e+08 0
7.72151e+08 0
7.72151e+08 0
7.72151e+08 0
7.72151e+08 0
7.72151e+08 0
7.72151e+08 0
7.72151e+08 0
7.72151e+08 0
7.72151e+08 0
7.72151e+08 0
7.72151e+08 0
7.72151e+08 0
7.72151e+08 0
7.72151e+08 0
7.72151e+08 0
7.72151e+08 0
7.72151e+08 0
7.72151e+08 0
7.72151e+08 0
7.72151e+08 0
7.72151e+08 0
7.72151e+08 0
7.72151e+08 0
7.72151e+08 0
7.72151e+08 0
7.72151e+08 0
7.72151e+08 0
