0 -3.26682e-06
0 6.15455e-06
0 3.32898e-06
1.308e+08 1.3329e-05
1.72187e+08 2.3329e-05
1.53055e+08 3.3329e-05
9.58387e+07 4.3329e-05
-1.2136e+07 5.3329e-05
-7.22215e+08 6.3329e-05
6.87926e+08 7.3329e-05
6.87926e+08 8.3329e-05
6.87926e+08 9.3329e-05
6.87926e+08 0.000103329
6.87926e+08 0.000113329
6.87926e+08 0.000123329
6.87926e+08 0.000133329
6.87926e+08 0.000143329
6.87926e+08 0.000153329
6.87926e+08 0.000163329
6.87926e+08 0.000173329
6.87926e+08 0.000183329
6.87926e+08 0.000193329
6.87926e+08 0.000203329
6.87926e+08 0.000213329
6.87926e+08 0.000223329
6.87926e+08 0.000233329
6.87926e+08 0.000243329
6.87926e+08 0.000253329
6.87926e+08 0.000263329
6.87926e+08 0.000273329
6.87926e+08 0.000283329
6.87926e+08 0.000293329
6.87926e+08 0.000303329
6.87926e+08 0.000313329
6.87926e+08 0.000323329
6.87926e+08 0.000333329
6.87926e+08 0.000343329
6.87926e+08 0.000353329
6.87926e+08 0.000363329
6.87926e+08 0.000373329
6.87926e+08 0.000383329
6.87926e+08 0.000393329
6.87926e+08 0.000403329
6.87926e+08 0.000413329
6.87926e+08 0.000423329
6.87926e+08 0.000433329
6.87926e+08 0.000443329
6.87926e+08 0.000453329
6.87926e+08 0.000463329
6.87926e+08 0.000473329
6.87926e+08 0.000483329
6.87926e+08 0.000493329
6.87926e+08 0.000503329
6.87926e+08 0.000513329
6.87926e+08 0.000523329
6.87926e+08 0.000533329
6.87926e+08 0.000543329
6.87926e+08 0.000553329
6.87926e+08 0.000563329
6.87926e+08 0.000573329
6.87926e+08 0.000583329
6.87926e+08 0.000593329
6.87926e+08 0.000603329
6.87926e+08 0.000613329
6.87926e+08 0.000623329
6.87926e+08 0.000633329
6.87926e+08 0.000643329
6.87926e+08 0.000653329
6.87926e+08 0.000663329
6.87926e+08 0.000673329
6.87926e+08 0.000683329
6.87926e+08 0.000693329
6.87926e+08 0.000703329
6.87926e+08 0.000713329
6.87926e+08 0.000723329
6.87926e+08 0.000733329
6.87926e+08 0.000743329
6.87926e+08 0.000753329
6.87926e+08 0.000763329
6.87926e+08 0.000773329
6.87926e+08 0.000783329
6.87926e+08 0.000793329
6.87926e+08 0.000803329
6.87926e+08 0.000813329
6.87926e+08 0.000823329
6.87926e+08 0.000833329
6.87926e+08 0.000843329
6.87926e+08 0.000853329
6.87926e+08 0.000863329
6.87926e+08 0.000873329
6.87926e+08 0.000883329
6.87926e+08 0.000893329
6.87926e+08 0.000903329
6.87926e+08 0.000913329
6.87926e+08 0.000923329
6.87926e+08 0.000933329
6.87926e+08 0.000943329
6.87926e+08 0.000953329
6.87926e+08 0.000963329
6.87926e+08 0.000973329
6.87926e+08 0.000983329
6.87926e+08 0.000993329
6.87926e+08 0.00100333
