0 -1.70531e-06
0 5.57797e-05
0 -696094
-15 -696094
-30 -696094
-45 -696094
-60 -696094
-75 -696094
-90 -696094
-105 -696094
-120 -696094
-135 -696094
-150 -696094
-165 -696094
-180 -696094
-195 -696094
-210 -696094
-225 -696094
-240 -696094
-255 -696094
-270 -696094
-285 -696094
-300 -696094
-315 -696094
-330 -696094
-345 -696094
-360 -696094
-375 -696094
-390 -696094
-405 -696094
-420 -696094
-435 -696094
-450 -696094
-465 -696094
-480 -696094
-495 -696094
-510 -696094
-525 -696094
-540 -696094
-555 -696094
-570 -696094
-585 -696094
-600 -696094
-615 -696094
-630 -696094
-645 -696094
-660 -696094
-675 -696094
-690 -696094
-705 -696094
-720 -696094
-735 -696094
-750 -696094
-765 -696094
-780 -696094
-795 -696094
-810 -696094
-825 -696094
-840 -696094
-855 -696094
-870 -696094
-885 -696094
-900 -696094
-915 -696094
-930 -696094
-945 -696094
-960 -696094
-975 -696094
-990 -696094
-1005 -696094
-1020 -696094
-1035 -696094
-1050 -696094
-1065 -696094
-1080 -696094
-1095 -696094
-1110 -696094
-1125 -696094
-1140 -696094
-1155 -696094
-1170 -696094
-1185 -696094
-1200 -696094
-1215 -696094
-1230 -696094
-1245 -696094
-1260 -696094
-1275 -696094
-1290 -696094
-1305 -696094
-1320 -696094
-1335 -696094
-1350 -696094
-1365 -696094
-1380 -696094
-1395 -696094
-1410 -696094
-1425 -696094
-1440 -696094
-1455 -696094
-1470 -696094
-1485 -696094
-1500 -696094
