0 7.26432e-08
0 5.46926e+07
0 5.46925e+07
-1.42183e+08 1.96875e+08
-2.08824e+08 2.63516e+08
-2.02484e+08 2.57176e+08
-1.6386e+08 2.18552e+08
-9.86513e+07 1.53344e+08
1.29756e+07 4.17169e+07
9.75599e+08 0
9.75599e+08 0
9.75599e+08 0
9.75599e+08 0
9.75599e+08 0
9.75599e+08 0
9.75599e+08 0
9.75599e+08 0
9.75599e+08 0
9.75599e+08 0
9.75599e+08 0
9.75599e+08 0
9.75599e+08 0
9.75599e+08 0
9.75599e+08 0
9.75599e+08 0
9.75599e+08 0
9.75599e+08 0
9.75599e+08 0
9.75599e+08 0
9.75599e+08 0
9.75599e+08 0
9.75599e+08 0
9.75599e+08 0
9.75599e+08 0
9.75599e+08 0
9.75599e+08 0
9.75599e+08 0
9.75599e+08 0
9.75599e+08 0
9.75599e+08 0
9.75599e+08 0
9.75599e+08 0
9.75599e+08 0
9.75599e+08 0
9.75599e+08 0
9.75599e+08 0
9.75599e+08 0
9.75599e+08 0
9.75599e+08 0
9.75599e+08 0
9.75599e+08 0
9.75599e+08 0
9.75599e+08 0
9.75599e+08 0
9.75599e+08 0
9.75599e+08 0
9.75599e+08 0
9.75599e+08 0
9.75599e+08 0
9.75599e+08 0
9.75599e+08 0
9.75599e+08 0
9.75599e+08 0
9.75599e+08 0
9.75599e+08 0
9.75599e+08 0
9.75599e+08 0
9.75599e+08 0
9.75599e+08 0
9.75599e+08 0
9.75599e+08 0
9.75599e+08 0
9.75599e+08 0
9.75599e+08 0
9.75599e+08 0
9.75599e+08 0
9.75599e+08 0
9.75599e+08 0
9.75599e+08 0
9.75599e+08 0
9.75599e+08 0
9.75599e+08 0
9.75599e+08 0
9.75599e+08 0
9.75599e+08 0
9.75599e+08 0
9.75599e+08 0
9.75599e+08 0
9.75599e+08 0
9.75599e+08 0
9.75599e+08 0
9.75599e+08 0
9.75599e+08 0
9.75599e+08 0
9.75599e+08 0
9.75599e+08 0
9.75599e+08 0
9.75599e+08 0
9.75599e+08 0
9.75599e+08 0
9.75599e+08 0
9.75599e+08 0
9.75599e+08 0
