0 -3.65188e-06
0 2.20097e-05
0 0.000330378
-7.30806e+06 0.000340378
-1.67829e+07 0.000350378
-2.87674e+07 0.000360378
-4.44453e+07 0.000370378
-6.44593e+07 0.000380378
8.97918e+07 0.000390378
8.97918e+07 0.000400378
8.97918e+07 0.000410378
8.97918e+07 0.000420378
8.97918e+07 0.000430378
8.97918e+07 0.000440378
8.97918e+07 0.000450378
8.97918e+07 0.000460378
8.97918e+07 0.000470378
8.97918e+07 0.000480378
8.97918e+07 0.000490378
8.97918e+07 0.000500378
8.97918e+07 0.000510378
8.97918e+07 0.000520378
8.97918e+07 0.000530378
8.97918e+07 0.000540378
8.97918e+07 0.000550378
8.97918e+07 0.000560378
8.97918e+07 0.000570378
8.97918e+07 0.000580378
8.97918e+07 0.000590378
8.97918e+07 0.000600378
8.97918e+07 0.000610378
8.97918e+07 0.000620378
8.97918e+07 0.000630378
8.97918e+07 0.000640378
8.97918e+07 0.000650378
8.97918e+07 0.000660378
8.97918e+07 0.000670378
8.97918e+07 0.000680378
8.97918e+07 0.000690378
8.97918e+07 0.000700378
8.97918e+07 0.000710378
8.97918e+07 0.000720378
8.97918e+07 0.000730378
8.97918e+07 0.000740378
8.97918e+07 0.000750378
8.97918e+07 0.000760378
8.97918e+07 0.000770378
8.97918e+07 0.000780378
8.97918e+07 0.000790378
8.97918e+07 0.000800378
8.97918e+07 0.000810378
8.97918e+07 0.000820378
8.97918e+07 0.000830378
8.97918e+07 0.000840378
8.97918e+07 0.000850378
8.97918e+07 0.000860378
8.97918e+07 0.000870378
8.97918e+07 0.000880378
8.97918e+07 0.000890378
8.97918e+07 0.000900378
8.97918e+07 0.000910378
8.97918e+07 0.000920378
8.97918e+07 0.000930378
8.97918e+07 0.000940378
8.97918e+07 0.000950378
8.97918e+07 0.000960378
8.97918e+07 0.000970378
8.97918e+07 0.000980378
8.97918e+07 0.000990378
8.97918e+07 0.00100038
8.97918e+07 0.00101038
8.97918e+07 0.00102038
8.97918e+07 0.00103038
8.97918e+07 0.00104038
8.97918e+07 0.00105038
8.97918e+07 0.00106038
8.97918e+07 0.00107038
8.97918e+07 0.00108038
8.97918e+07 0.00109038
8.97918e+07 0.00110038
8.97918e+07 0.00111038
8.97918e+07 0.00112038
8.97918e+07 0.00113038
8.97918e+07 0.00114038
8.97918e+07 0.00115038
8.97918e+07 0.00116038
8.97918e+07 0.00117038
8.97918e+07 0.00118038
8.97918e+07 0.00119038
8.97918e+07 0.00120038
8.97918e+07 0.00121038
8.97918e+07 0.00122038
8.97918e+07 0.00123038
8.97918e+07 0.00124038
8.97918e+07 0.00125038
8.97918e+07 0.00126038
8.97918e+07 0.00127038
8.97918e+07 0.00128038
8.97918e+07 0.00129038
8.97918e+07 0.00130038
8.97918e+07 0.00131038
8.97918e+07 0.00132038
8.97918e+07 0.00133038
