0 -2.66513e-07
0 0.000133688
0 128619
-15 128619
-30 128619
-45 128619
-60 128619
-75 128619
-90 128619
-105 128619
-120 128619
-135 128619
-150 128619
-165 128619
-180 128619
-195 128619
-210 128619
-225 128619
-240 128619
-255 128619
-270 128619
-285 128619
-300 128619
-315 128619
-330 128619
-345 128619
-360 128619
-375 128619
-390 128619
-405 128619
-420 128619
-434.999 128619
-449.999 128619
-464.999 128619
-479.999 128619
-494.999 128619
-509.999 128619
-524.999 128619
-539.999 128619
-554.999 128619
-569.999 128619
-584.999 128619
-599.999 128619
-614.999 128619
-629.999 128619
-644.999 128619
-659.999 128619
-674.999 128619
-689.999 128619
-704.999 128619
-719.999 128619
-734.998 128619
-749.998 128619
-764.998 128619
-779.998 128619
-794.998 128619
-809.998 128619
-824.998 128619
-839.998 128619
-854.998 128619
-869.998 128619
-884.998 128619
-899.998 128619
-914.998 128619
-929.998 128619
-944.997 128619
-959.997 128619
-974.997 128619
-989.997 128619
-1005 128619
-1020 128619
-1035 128619
-1050 128619
-1065 128619
-1080 128619
-1095 128619
-1110 128619
-1125 128619
-1140 128619
-1155 128619
-1170 128619
-1185 128619
-1200 128619
-1215 128619
-1230 128619
-1245 128619
-1260 128619
-1275 128619
-1290 128619
-1305 128619
-1320 128619
-1334.99 128619
-1349.99 128619
-1364.99 128619
-1379.99 128619
-1394.99 128619
-1409.99 128619
-1424.99 128619
-1439.99 128619
-1454.99 128619
-1469.99 128619
-1484.99 128619
-1499.99 128619
