0 -1.93156e-06
0 1.26915e+08
0 1.26915e+08
-6.89953e+07 1.9591e+08
-9.69839e+07 2.23899e+08
-1.18118e+08 2.45033e+08
-1.34939e+08 2.61854e+08
-1.4463e+08 2.71545e+08
-1.52477e+08 2.79392e+08
-1.56904e+08 2.83819e+08
-1.59892e+08 2.86807e+08
-1.61866e+08 2.88781e+08
-1.63058e+08 2.89973e+08
-1.63677e+08 2.90592e+08
-1.63811e+08 2.90726e+08
-1.6351e+08 2.90425e+08
-1.62814e+08 2.89729e+08
-1.61741e+08 2.88656e+08
-1.60288e+08 2.87203e+08
-1.58452e+08 2.85367e+08
-1.56187e+08 2.83102e+08
-1.53369e+08 2.80284e+08
-1.49924e+08 2.76839e+08
-1.45566e+08 2.72481e+08
-1.39825e+08 2.6674e+08
-1.31643e+08 2.58558e+08
-1.20053e+08 2.46968e+08
-1.06689e+08 2.33604e+08
-9.10263e+07 2.17941e+08
-7.25814e+07 1.99496e+08
-5.31769e+07 1.80092e+08
-3.57217e+07 1.62637e+08
-1.99593e+07 1.46874e+08
-5.51001e+06 1.32425e+08
7.28826e+06 1.19627e+08
1.95973e+07 1.07318e+08
3.06941e+07 9.62209e+07
4.16896e+07 8.52254e+07
5.18453e+07 7.50697e+07
6.18842e+07 6.50308e+07
7.21353e+07 5.47797e+07
8.29521e+07 4.39629e+07
9.46662e+07 3.22488e+07
1.06462e+08 2.04533e+07
1.18954e+08 7.96075e+06
1.31222e+08 -4.30693e+06
1.43565e+08 -1.66497e+07
1.55293e+08 -2.83777e+07
1.65549e+08 -3.86343e+07
1.75559e+08 -4.86442e+07
1.85853e+08 -5.8938e+07
1.94949e+08 -6.80337e+07
2.03501e+08 -7.65859e+07
2.12301e+08 -8.53865e+07
2.5849e+08 -1.31575e+08
3.11096e+08 0
3.11096e+08 0
3.11096e+08 0
3.11096e+08 0
3.11096e+08 0
3.11096e+08 0
3.11096e+08 0
3.11096e+08 0
3.11096e+08 0
3.11096e+08 0
3.11096e+08 0
3.11096e+08 0
3.11096e+08 0
3.11096e+08 0
3.11096e+08 0
3.11096e+08 0
3.11096e+08 0
3.11096e+08 0
3.11096e+08 0
3.11096e+08 0
3.11096e+08 0
3.11096e+08 0
3.11096e+08 0
3.11096e+08 0
3.11096e+08 0
3.11096e+08 0
3.11096e+08 0
3.11096e+08 0
3.11096e+08 0
3.11096e+08 0
3.11096e+08 0
3.11096e+08 0
3.11096e+08 0
3.11096e+08 0
3.11096e+08 0
3.11096e+08 0
3.11096e+08 0
3.11096e+08 0
3.11096e+08 0
3.11096e+08 0
3.11096e+08 0
3.11096e+08 0
3.11096e+08 0
3.11096e+08 0
3.11096e+08 0
3.11096e+08 0
3.11096e+08 0
3.11096e+08 0
