0 -2.73636e-07
0 0.000124809
0 -654945
-15 -654945
-30 -654945
-45 -654945
-60 -654945
-75 -654945
-90 -654945
-105 -654945
-120 -654945
-135 -654945
-150 -654945
-165 -654945
-180 -654945
-195 -654945
-210 -654945
-225 -654945
-240 -654945
-255 -654945
-270 -654945
-285 -654945
-300 -654945
-315 -654945
-330 -654945
-345 -654945
-360 -654945
-375 -654945
-390 -654945
-405 -654945
-420 -654945
-435 -654945
-450 -654945
-465 -654945
-480 -654945
-495 -654945
-510 -654945
-525 -654945
-540 -654945
-555 -654945
-570 -654945
-585 -654945
-600 -654945
-615 -654945
-630 -654945
-645 -654945
-660 -654945
-675 -654945
-690 -654945
-705 -654945
-720 -654945
-735 -654945
-750 -654945
-765 -654945
-780 -654945
-795 -654945
-810 -654945
-825 -654945
-840 -654945
-855 -654945
-870 -654945
-885 -654945
-900 -654945
-915.001 -654945
-930.001 -654945
-945.001 -654945
-960.001 -654945
-975.001 -654945
-990.001 -654945
-1005 -654945
-1020 -654945
-1035 -654945
-1050 -654945
-1065 -654945
-1080 -654945
-1095 -654945
-1110 -654945
-1125 -654945
-1140 -654945
-1155 -654945
-1170 -654945
-1185 -654945
-1200 -654945
-1215 -654945
-1230 -654945
-1245 -654945
-1260 -654945
-1275 -654945
-1290 -654945
-1305 -654945
-1320 -654945
-1335 -654945
-1350 -654945
-1365 -654945
-1380 -654945
-1395 -654945
-1410 -654945
-1425 -654945
-1440 -654945
-1455 -654945
-1470 -654945
-1485 -654945
-1500 -654945
