0 -3.42329e-06
0 2.85782e-05
0 1.79192e-05
9.86315e+07 2.79192e-05
9.74091e+07 3.79192e-05
7.06763e+07 4.79192e-05
2.31166e+07 5.79192e-05
-5.28906e+07 6.79192e-05
-2.44469e+08 7.79192e-05
7.11608e+08 8.79192e-05
7.11608e+08 9.79192e-05
7.11608e+08 0.000107919
7.11608e+08 0.000117919
7.11608e+08 0.000127919
7.11608e+08 0.000137919
7.11608e+08 0.000147919
7.11608e+08 0.000157919
7.11608e+08 0.000167919
7.11608e+08 0.000177919
7.11608e+08 0.000187919
7.11608e+08 0.000197919
7.11608e+08 0.000207919
7.11608e+08 0.000217919
7.11608e+08 0.000227919
7.11608e+08 0.000237919
7.11608e+08 0.000247919
7.11608e+08 0.000257919
7.11608e+08 0.000267919
7.11608e+08 0.000277919
7.11608e+08 0.000287919
7.11608e+08 0.000297919
7.11608e+08 0.000307919
7.11608e+08 0.000317919
7.11608e+08 0.000327919
7.11608e+08 0.000337919
7.11608e+08 0.000347919
7.11608e+08 0.000357919
7.11608e+08 0.000367919
7.11608e+08 0.000377919
7.11608e+08 0.000387919
7.11608e+08 0.000397919
7.11608e+08 0.000407919
7.11608e+08 0.000417919
7.11608e+08 0.000427919
7.11608e+08 0.000437919
7.11608e+08 0.000447919
7.11608e+08 0.000457919
7.11608e+08 0.000467919
7.11608e+08 0.000477919
7.11608e+08 0.000487919
7.11608e+08 0.000497919
7.11608e+08 0.000507919
7.11608e+08 0.000517919
7.11608e+08 0.000527919
7.11608e+08 0.000537919
7.11608e+08 0.000547919
7.11608e+08 0.000557919
7.11608e+08 0.000567919
7.11608e+08 0.000577919
7.11608e+08 0.000587919
7.11608e+08 0.000597919
7.11608e+08 0.000607919
7.11608e+08 0.000617919
7.11608e+08 0.000627919
7.11608e+08 0.000637919
7.11608e+08 0.000647919
7.11608e+08 0.000657919
7.11608e+08 0.000667919
7.11608e+08 0.000677919
7.11608e+08 0.000687919
7.11608e+08 0.000697919
7.11608e+08 0.000707919
7.11608e+08 0.000717919
7.11608e+08 0.000727919
7.11608e+08 0.000737919
7.11608e+08 0.000747919
7.11608e+08 0.000757919
7.11608e+08 0.000767919
7.11608e+08 0.000777919
7.11608e+08 0.000787919
7.11608e+08 0.000797919
7.11608e+08 0.000807919
7.11608e+08 0.000817919
7.11608e+08 0.000827919
7.11608e+08 0.000837919
7.11608e+08 0.000847919
7.11608e+08 0.000857919
7.11608e+08 0.000867919
7.11608e+08 0.000877919
7.11608e+08 0.000887919
7.11608e+08 0.000897919
7.11608e+08 0.000907919
7.11608e+08 0.000917919
7.11608e+08 0.000927919
7.11608e+08 0.000937919
7.11608e+08 0.000947919
7.11608e+08 0.000957919
7.11608e+08 0.000967919
7.11608e+08 0.000977919
7.11608e+08 0.000987919
7.11608e+08 0.000997919
7.11608e+08 0.00100792
7.11608e+08 0.00101792
