0 -1.51557e-06
0 -3.15966e-05
0 -321463
-15 -321463
-30 -321463
-45 -321463
-60 -321463
-75 -321463
-90 -321463
-105 -321463
-120 -321463
-135 -321463
-150 -321463
-165 -321463
-180 -321463
-195 -321463
-210 -321463
-225 -321463
-240 -321463
-255 -321463
-270 -321463
-285 -321463
-300 -321463
-315 -321463
-330 -321463
-345 -321463
-360 -321463
-375 -321463
-390 -321463
-405 -321463
-420 -321463
-435 -321463
-450 -321463
-465 -321463
-480 -321463
-495 -321463
-510 -321463
-525 -321463
-540 -321463
-555 -321463
-570 -321463
-585 -321463
-600 -321463
-615 -321463
-630 -321463
-645 -321463
-660 -321463
-675 -321463
-690 -321463
-705 -321463
-720 -321463
-735 -321463
-750 -321463
-765 -321463
-780 -321463
-795.001 -321463
-810.001 -321463
-825.001 -321463
-840.001 -321463
-855.001 -321463
-870.001 -321463
-885.001 -321463
-900.001 -321463
-915.001 -321463
-930.001 -321463
-945.001 -321463
-960.001 -321463
-975.001 -321463
-990.001 -321463
-1005 -321463
-1020 -321463
-1035 -321463
-1050 -321463
-1065 -321463
-1080 -321463
-1095 -321463
-1110 -321463
-1125 -321463
-1140 -321463
-1155 -321463
-1170 -321463
-1185 -321463
-1200 -321463
-1215 -321463
-1230 -321463
-1245 -321463
-1260 -321463
-1275 -321463
-1290 -321463
-1305 -321463
-1320 -321463
-1335 -321463
-1350 -321463
-1365 -321463
-1380 -321463
-1395 -321463
-1410 -321463
-1425 -321463
-1440 -321463
-1455 -321463
-1470 -321463
-1485 -321463
-1500 -321463
