0 -1.02531e-06
0 0.000171202
0 -833719
-15 -833719
-30 -833719
-45 -833719
-60 -833719
-75 -833719
-90 -833719
-105 -833719
-120 -833719
-135 -833719
-150 -833719
-165 -833719
-180 -833719
-195 -833719
-210 -833719
-225 -833719
-240 -833719
-255 -833719
-270 -833719
-285 -833719
-300 -833719
-315 -833719
-330 -833719
-345 -833719
-360 -833719
-375 -833719
-390 -833719
-405 -833719
-420 -833719
-435 -833719
-450 -833719
-465 -833719
-480 -833719
-495 -833719
-510 -833719
-525 -833719
-540 -833719
-555 -833719
-570 -833719
-585 -833719
-600 -833719
-615 -833719
-630 -833719
-645 -833719
-660 -833719
-675 -833719
-690 -833719
-705 -833719
-720 -833719
-735 -833719
-750 -833719
-765 -833719
-780 -833719
-795 -833719
-810 -833719
-825 -833719
-840 -833719
-855 -833719
-870 -833719
-885 -833719
-900 -833719
-915 -833719
-930 -833719
-945 -833719
-960 -833719
-975 -833719
-990 -833719
-1005 -833719
-1020 -833719
-1035 -833719
-1050 -833719
-1065 -833719
-1080 -833719
-1095 -833719
-1110 -833719
-1125 -833719
-1140 -833719
-1155 -833719
-1170 -833719
-1185 -833719
-1200 -833719
-1215 -833719
-1230 -833719
-1245 -833719
-1260 -833719
-1275 -833719
-1290 -833719
-1305 -833719
-1320 -833719
-1335 -833719
-1350 -833719
-1365 -833719
-1380 -833719
-1395 -833719
-1410 -833719
-1425 -833719
-1440 -833719
-1455 -833719
-1470 -833719
-1485 -833719
-1500 -833719
