0 -6.29733e-07
0 -7.57732e-05
0 -76288.3
-15 -76288.3
-30 -76288.3
-45 -76288.3
-60 -76288.3
-75 -76288.3
-90 -76288.3
-105 -76288.3
-120 -76288.3
-135 -76288.3
-150 -76288.3
-165 -76288.3
-180 -76288.3
-195 -76288.3
-210 -76288.3
-225 -76288.3
-240 -76288.3
-255 -76288.3
-270 -76288.3
-285 -76288.3
-300 -76288.3
-315 -76288.3
-330 -76288.3
-345 -76288.3
-360.001 -76288.3
-375.001 -76288.3
-390.001 -76288.3
-405.001 -76288.3
-420.001 -76288.3
-435.001 -76288.3
-450.001 -76288.3
-465.001 -76288.3
-480.001 -76288.3
-495.001 -76288.3
-510.001 -76288.3
-525.001 -76288.3
-540.001 -76288.3
-555.001 -76288.3
-570.001 -76288.3
-585.001 -76288.3
-600.001 -76288.3
-615.002 -76288.3
-630.002 -76288.3
-645.002 -76288.3
-660.002 -76288.3
-675.002 -76288.3
-690.002 -76288.3
-705.002 -76288.3
-720.002 -76288.3
-735.002 -76288.3
-750.002 -76288.3
-765.002 -76288.3
-780.002 -76288.3
-795.003 -76288.3
-810.003 -76288.3
-825.003 -76288.3
-840.003 -76288.3
-855.003 -76288.3
-870.003 -76288.3
-885.003 -76288.3
-900.003 -76288.3
-915.003 -76288.3
-930.003 -76288.3
-945.004 -76288.3
-960.004 -76288.3
-975.004 -76288.3
-990.004 -76288.3
-1005 -76288.3
-1020 -76288.3
-1035 -76288.3
-1050 -76288.3
-1065 -76288.3
-1080 -76288.3
-1095 -76288.3
-1110 -76288.3
-1125.01 -76288.3
-1140.01 -76288.3
-1155.01 -76288.3
-1170.01 -76288.3
-1185.01 -76288.3
-1200.01 -76288.3
-1215.01 -76288.3
-1230.01 -76288.3
-1245.01 -76288.3
-1260.01 -76288.3
-1275.01 -76288.3
-1290.01 -76288.3
-1305.01 -76288.3
-1320.01 -76288.3
-1335.01 -76288.3
-1350.01 -76288.3
-1365.01 -76288.3
-1380.01 -76288.3
-1395.01 -76288.3
-1410.01 -76288.3
-1425.01 -76288.3
-1440.01 -76288.3
-1455.01 -76288.3
-1470.01 -76288.3
-1485.01 -76288.3
-1500.01 -76288.3
