0 -7.74822e-07
0 -1.06017e-05
0 -6.43956e-06
-1.55463e+08 -1.64396e-05
-2.1011e+08 -2.64396e-05
-2.29232e+08 -3.64396e-05
-2.3558e+08 -4.64396e-05
-2.35695e+08 -5.64396e-05
-2.31199e+08 -6.64396e-05
-2.22238e+08 -7.64396e-05
-2.08714e+08 -8.64396e-05
-1.88509e+08 -9.64396e-05
-1.58259e+08 -0.00010644
-1.07627e+08 -0.00011644
1.08683e+06 -0.00012644
1.25319e+08 -0.00013644
4.52948e+08 -0.00014644
4.52948e+08 -0.00015644
4.52948e+08 -0.00016644
4.52948e+08 -0.00017644
4.52948e+08 -0.00018644
4.52948e+08 -0.00019644
4.52948e+08 -0.00020644
4.52948e+08 -0.00021644
4.52948e+08 -0.00022644
4.52948e+08 -0.00023644
4.52948e+08 -0.00024644
4.52948e+08 -0.00025644
4.52948e+08 -0.00026644
4.52948e+08 -0.00027644
4.52948e+08 -0.00028644
4.52948e+08 -0.00029644
4.52948e+08 -0.00030644
4.52948e+08 -0.00031644
4.52948e+08 -0.00032644
4.52948e+08 -0.00033644
4.52948e+08 -0.00034644
4.52948e+08 -0.00035644
4.52948e+08 -0.00036644
4.52948e+08 -0.00037644
4.52948e+08 -0.00038644
4.52948e+08 -0.00039644
4.52948e+08 -0.00040644
4.52948e+08 -0.00041644
4.52948e+08 -0.00042644
4.52948e+08 -0.00043644
4.52948e+08 -0.00044644
4.52948e+08 -0.00045644
4.52948e+08 -0.00046644
4.52948e+08 -0.00047644
4.52948e+08 -0.00048644
4.52948e+08 -0.00049644
4.52948e+08 -0.00050644
4.52948e+08 -0.00051644
4.52948e+08 -0.00052644
4.52948e+08 -0.00053644
4.52948e+08 -0.00054644
4.52948e+08 -0.00055644
4.52948e+08 -0.00056644
4.52948e+08 -0.00057644
4.52948e+08 -0.00058644
4.52948e+08 -0.00059644
4.52948e+08 -0.00060644
4.52948e+08 -0.00061644
4.52948e+08 -0.00062644
4.52948e+08 -0.00063644
4.52948e+08 -0.00064644
4.52948e+08 -0.00065644
4.52948e+08 -0.00066644
4.52948e+08 -0.00067644
4.52948e+08 -0.00068644
4.52948e+08 -0.00069644
4.52948e+08 -0.00070644
4.52948e+08 -0.00071644
4.52948e+08 -0.00072644
4.52948e+08 -0.00073644
4.52948e+08 -0.00074644
4.52948e+08 -0.00075644
4.52948e+08 -0.00076644
4.52948e+08 -0.00077644
4.52948e+08 -0.00078644
4.52948e+08 -0.00079644
4.52948e+08 -0.00080644
4.52948e+08 -0.00081644
4.52948e+08 -0.00082644
4.52948e+08 -0.00083644
4.52948e+08 -0.00084644
4.52948e+08 -0.00085644
4.52948e+08 -0.00086644
4.52948e+08 -0.00087644
4.52948e+08 -0.00088644
4.52948e+08 -0.00089644
4.52948e+08 -0.00090644
4.52948e+08 -0.00091644
4.52948e+08 -0.00092644
4.52948e+08 -0.00093644
4.52948e+08 -0.00094644
4.52948e+08 -0.00095644
4.52948e+08 -0.00096644
4.52948e+08 -0.00097644
4.52948e+08 -0.00098644
4.52948e+08 -0.00099644
4.52948e+08 -0.00100644
