0 -2.715e-06
0 -1.17083e-05
0 -23172.7
-15 -23172.7
-30 -23172.7
-45 -23172.7
-60 -23172.7
-75 -23172.7
-90 -23172.7
-105 -23172.7
-120 -23172.7
-135 -23172.7
-150 -23172.7
-165 -23172.7
-180 -23172.7
-195 -23172.7
-210 -23172.7
-225 -23172.7
-240 -23172.7
-255 -23172.7
-270 -23172.7
-285 -23172.7
-300.001 -23172.7
-315.001 -23172.7
-330.001 -23172.7
-345.001 -23172.7
-360.001 -23172.7
-375.001 -23172.7
-390.001 -23172.7
-405.001 -23172.7
-420.001 -23172.7
-435.001 -23172.7
-450.001 -23172.7
-465.001 -23172.7
-480.001 -23172.7
-495.001 -23172.7
-510.001 -23172.7
-525.002 -23172.7
-540.002 -23172.7
-555.002 -23172.7
-570.002 -23172.7
-585.002 -23172.7
-600.002 -23172.7
-615.002 -23172.7
-630.002 -23172.7
-645.002 -23172.7
-660.002 -23172.7
-675.003 -23172.7
-690.003 -23172.7
-705.003 -23172.7
-720.003 -23172.7
-735.003 -23172.7
-750.003 -23172.7
-765.003 -23172.7
-780.003 -23172.7
-795.004 -23172.7
-810.004 -23172.7
-825.004 -23172.7
-840.004 -23172.7
-855.004 -23172.7
-870.004 -23172.7
-885.004 -23172.7
-900.005 -23172.7
-915.005 -23172.7
-930.005 -23172.7
-945.005 -23172.7
-960.005 -23172.7
-975.005 -23172.7
-990.005 -23172.7
-1005.01 -23172.7
-1020.01 -23172.7
-1035.01 -23172.7
-1050.01 -23172.7
-1065.01 -23172.7
-1080.01 -23172.7
-1095.01 -23172.7
-1110.01 -23172.7
-1125.01 -23172.7
-1140.01 -23172.7
-1155.01 -23172.7
-1170.01 -23172.7
-1185.01 -23172.7
-1200.01 -23172.7
-1215.01 -23172.7
-1230.01 -23172.7
-1245.01 -23172.7
-1260.01 -23172.7
-1275.01 -23172.7
-1290.01 -23172.7
-1305.01 -23172.7
-1320.01 -23172.7
-1335.01 -23172.7
-1350.01 -23172.7
-1365.01 -23172.7
-1380.01 -23172.7
-1395.01 -23172.7
-1410.01 -23172.7
-1425.01 -23172.7
-1440.01 -23172.7
-1455.01 -23172.7
-1470.01 -23172.7
-1485.01 -23172.7
-1500.01 -23172.7
