0 -3.51736e-06
0 -1.97096e-05
0 -33347.1
-15 -33347.1
-30 -33347.1
-45 -33347.1
-60 -33347.1
-75 -33347.1
-90.0001 -33347.1
-105 -33347.1
-120 -33347.1
-135 -33347.1
-150 -33347.1
-165 -33347.1
-180 -33347.1
-195 -33347.1
-210 -33347.1
-225 -33347.1
-240 -33347.1
-255 -33347.1
-270.001 -33347.1
-285.001 -33347.1
-300.001 -33347.1
-315.001 -33347.1
-330.001 -33347.1
-345.001 -33347.1
-360.001 -33347.1
-375.001 -33347.1
-390.001 -33347.1
-405.001 -33347.1
-420.001 -33347.1
-435.001 -33347.1
-450.001 -33347.1
-465.002 -33347.1
-480.002 -33347.1
-495.002 -33347.1
-510.002 -33347.1
-525.002 -33347.1
-540.002 -33347.1
-555.002 -33347.1
-570.002 -33347.1
-585.002 -33347.1
-600.003 -33347.1
-615.003 -33347.1
-630.003 -33347.1
-645.003 -33347.1
-660.003 -33347.1
-675.003 -33347.1
-690.003 -33347.1
-705.004 -33347.1
-720.004 -33347.1
-735.004 -33347.1
-750.004 -33347.1
-765.004 -33347.1
-780.004 -33347.1
-795.005 -33347.1
-810.005 -33347.1
-825.005 -33347.1
-840.005 -33347.1
-855.005 -33347.1
-870.005 -33347.1
-885.006 -33347.1
-900.006 -33347.1
-915.006 -33347.1
-930.006 -33347.1
-945.006 -33347.1
-960.007 -33347.1
-975.007 -33347.1
-990.007 -33347.1
-1005.01 -33347.1
-1020.01 -33347.1
-1035.01 -33347.1
-1050.01 -33347.1
-1065.01 -33347.1
-1080.01 -33347.1
-1095.01 -33347.1
-1110.01 -33347.1
-1125.01 -33347.1
-1140.01 -33347.1
-1155.01 -33347.1
-1170.01 -33347.1
-1185.01 -33347.1
-1200.01 -33347.1
-1215.01 -33347.1
-1230.01 -33347.1
-1245.01 -33347.1
-1260.01 -33347.1
-1275.01 -33347.1
-1290.01 -33347.1
-1305.01 -33347.1
-1320.01 -33347.1
-1335.01 -33347.1
-1350.01 -33347.1
-1365.01 -33347.1
-1380.01 -33347.1
-1395.01 -33347.1
-1410.01 -33347.1
-1425.01 -33347.1
-1440.02 -33347.1
-1455.02 -33347.1
-1470.02 -33347.1
-1485.02 -33347.1
-1500.02 -33347.1
