0 -1.62347e-06
0 2.4082e-05
0 -3.92479e-05
-17.8514 -2.92479e-05
-5.95277 -1.92479e-05
-6.44147 -9.24794e-06
236.537 7.52061e-07
505.663 1.07521e-05
774.789 2.07521e-05
1043.92 3.07521e-05
1313.04 4.07521e-05
1582.17 5.07521e-05
1851.29 6.07521e-05
2120.42 7.07521e-05
2389.54 8.07521e-05
2658.67 9.07521e-05
2927.79 0.000100752
3196.92 0.000110752
3466.04 0.000120752
3735.16 0.000130752
4004.29 0.000140752
4273.41 0.000150752
4542.54 0.000160752
4811.66 0.000170752
5080.78 0.000180752
5349.91 0.000190752
5619.03 0.000200752
5888.15 0.000210752
6157.28 0.000220752
6426.4 0.000230752
6695.52 0.000240752
6964.64 0.000250752
7233.77 0.000260752
7502.89 0.000270752
7772.01 0.000280752
8041.13 0.000290752
8310.25 0.000300752
8579.37 0.000310752
8848.5 0.000320752
9117.62 0.000330752
9386.74 0.000340752
9655.86 0.000350752
9924.98 0.000360752
10194.1 0.000370752
10463.2 0.000380752
10732.3 0.000390752
11001.5 0.000400752
11270.6 0.000410752
11539.7 0.000420752
11808.8 0.000430752
12077.9 0.000440752
12347.1 0.000450752
12616.2 0.000460752
12885.3 0.000470752
13154.4 0.000480752
13423.5 0.000490752
13692.6 0.000500752
13961.8 0.000510752
14230.9 0.000520752
14500 0.000530752
14769.1 0.000540752
15038.2 0.000550752
15307.4 0.000560752
15576.5 0.000570752
15845.6 0.000580752
16114.7 0.000590752
16383.8 0.000600752
16652.9 0.000610752
16922.1 0.000620752
17191.2 0.000630752
17460.3 0.000640752
17729.4 0.000650752
17998.5 0.000660752
18267.6 0.000670752
18536.8 0.000680752
18805.9 0.000690752
19075 0.000700752
19344.1 0.000710752
19613.2 0.000720752
19882.3 0.000730752
20151.4 0.000740752
20420.6 0.000750752
20689.7 0.000760752
20958.8 0.000770752
21227.9 0.000780752
21497 0.000790752
21766.1 0.000800752
22035.2 0.000810752
22304.4 0.000820752
22573.5 0.000830752
22842.6 0.000840752
23111.7 0.000850752
23380.8 0.000860752
23649.9 0.000870752
23919 0.000880752
24188.1 0.000890752
24457.3 0.000900752
24726.4 0.000910752
24995.5 0.000920752
25264.6 0.000930752
25533.7 0.000940752
25802.8 0.000950752
26071.9 0.000960752
