0 -1.94032e-07
0 -3.45916e-05
0 0.000129808
-5.38073e+07 0.000119808
5.47959e+08 0.000109808
5.47959e+08 9.98077e-05
5.47959e+08 8.98077e-05
5.47959e+08 7.98077e-05
5.47959e+08 6.98077e-05
5.47959e+08 5.98077e-05
5.47959e+08 4.98077e-05
5.47959e+08 3.98077e-05
5.47959e+08 2.98077e-05
5.47959e+08 1.98077e-05
5.47959e+08 9.80769e-06
5.47959e+08 -1.92308e-07
5.47959e+08 -1.01923e-05
5.47959e+08 -2.01923e-05
5.47959e+08 -3.01923e-05
5.47959e+08 -4.01923e-05
5.47959e+08 -5.01923e-05
5.47959e+08 -6.01923e-05
5.47959e+08 -7.01923e-05
5.47959e+08 -8.01923e-05
5.47959e+08 -9.01923e-05
5.47959e+08 -0.000100192
5.47959e+08 -0.000110192
5.47959e+08 -0.000120192
5.47959e+08 -0.000130192
5.47959e+08 -0.000140192
5.47959e+08 -0.000150192
5.47959e+08 -0.000160192
5.47959e+08 -0.000170192
5.47959e+08 -0.000180192
5.47959e+08 -0.000190192
5.47959e+08 -0.000200192
5.47959e+08 -0.000210192
5.47959e+08 -0.000220192
5.47959e+08 -0.000230192
5.47959e+08 -0.000240192
5.47959e+08 -0.000250192
5.47959e+08 -0.000260192
5.47959e+08 -0.000270192
5.47959e+08 -0.000280192
5.47959e+08 -0.000290192
5.47959e+08 -0.000300192
5.47959e+08 -0.000310192
5.47959e+08 -0.000320192
5.47959e+08 -0.000330192
5.47959e+08 -0.000340192
5.47959e+08 -0.000350192
5.47959e+08 -0.000360192
5.47959e+08 -0.000370192
5.47959e+08 -0.000380192
5.47959e+08 -0.000390192
5.47959e+08 -0.000400192
5.47959e+08 -0.000410192
5.47959e+08 -0.000420192
5.47959e+08 -0.000430192
5.47959e+08 -0.000440192
5.47959e+08 -0.000450192
5.47959e+08 -0.000460192
5.47959e+08 -0.000470192
5.47959e+08 -0.000480192
5.47959e+08 -0.000490192
5.47959e+08 -0.000500192
5.47959e+08 -0.000510192
5.47959e+08 -0.000520192
5.47959e+08 -0.000530192
5.47959e+08 -0.000540192
5.47959e+08 -0.000550192
5.47959e+08 -0.000560192
5.47959e+08 -0.000570192
5.47959e+08 -0.000580192
5.47959e+08 -0.000590192
5.47959e+08 -0.000600192
5.47959e+08 -0.000610192
5.47959e+08 -0.000620192
5.47959e+08 -0.000630192
5.47959e+08 -0.000640192
5.47959e+08 -0.000650192
5.47959e+08 -0.000660192
5.47959e+08 -0.000670192
5.47959e+08 -0.000680192
5.47959e+08 -0.000690192
5.47959e+08 -0.000700192
5.47959e+08 -0.000710192
5.47959e+08 -0.000720192
5.47959e+08 -0.000730192
5.47959e+08 -0.000740192
5.47959e+08 -0.000750192
5.47959e+08 -0.000760192
5.47959e+08 -0.000770192
5.47959e+08 -0.000780192
5.47959e+08 -0.000790192
5.47959e+08 -0.000800192
5.47959e+08 -0.000810192
5.47959e+08 -0.000820192
5.47959e+08 -0.000830192
5.47959e+08 -0.000840192
5.47959e+08 -0.000850192
5.47959e+08 -0.000860192
5.47959e+08 -0.000870192
