0 -1.21307e-06
0 -1.2302e-05
0 -1.00874e-05
-9.13327e+07 -2.00874e-05
-1.0474e+08 -3.00874e-05
-6.4195e+07 -4.00874e-05
1.63164e+07 -5.00874e-05
1.12106e+09 -6.00874e-05
1.12106e+09 -7.00874e-05
1.12106e+09 -8.00874e-05
1.12106e+09 -9.00874e-05
1.12106e+09 -0.000100087
1.12106e+09 -0.000110087
1.12106e+09 -0.000120087
1.12106e+09 -0.000130087
1.12106e+09 -0.000140087
1.12106e+09 -0.000150087
1.12106e+09 -0.000160087
1.12106e+09 -0.000170087
1.12106e+09 -0.000180087
1.12106e+09 -0.000190087
1.12106e+09 -0.000200087
1.12106e+09 -0.000210087
1.12106e+09 -0.000220087
1.12106e+09 -0.000230087
1.12106e+09 -0.000240087
1.12106e+09 -0.000250087
1.12106e+09 -0.000260087
1.12106e+09 -0.000270087
1.12106e+09 -0.000280087
1.12106e+09 -0.000290087
1.12106e+09 -0.000300087
1.12106e+09 -0.000310087
1.12106e+09 -0.000320087
1.12106e+09 -0.000330087
1.12106e+09 -0.000340087
1.12106e+09 -0.000350087
1.12106e+09 -0.000360087
1.12106e+09 -0.000370087
1.12106e+09 -0.000380087
1.12106e+09 -0.000390087
1.12106e+09 -0.000400087
1.12106e+09 -0.000410087
1.12106e+09 -0.000420087
1.12106e+09 -0.000430087
1.12106e+09 -0.000440087
1.12106e+09 -0.000450087
1.12106e+09 -0.000460087
1.12106e+09 -0.000470087
1.12106e+09 -0.000480087
1.12106e+09 -0.000490087
1.12106e+09 -0.000500087
1.12106e+09 -0.000510087
1.12106e+09 -0.000520087
1.12106e+09 -0.000530087
1.12106e+09 -0.000540087
1.12106e+09 -0.000550087
1.12106e+09 -0.000560087
1.12106e+09 -0.000570087
1.12106e+09 -0.000580087
1.12106e+09 -0.000590087
1.12106e+09 -0.000600087
1.12106e+09 -0.000610087
1.12106e+09 -0.000620087
1.12106e+09 -0.000630087
1.12106e+09 -0.000640087
1.12106e+09 -0.000650087
1.12106e+09 -0.000660087
1.12106e+09 -0.000670087
1.12106e+09 -0.000680087
1.12106e+09 -0.000690087
1.12106e+09 -0.000700087
1.12106e+09 -0.000710087
1.12106e+09 -0.000720087
1.12106e+09 -0.000730087
1.12106e+09 -0.000740087
1.12106e+09 -0.000750087
1.12106e+09 -0.000760087
1.12106e+09 -0.000770087
1.12106e+09 -0.000780087
1.12106e+09 -0.000790087
1.12106e+09 -0.000800087
1.12106e+09 -0.000810087
1.12106e+09 -0.000820087
1.12106e+09 -0.000830087
1.12106e+09 -0.000840087
1.12106e+09 -0.000850087
1.12106e+09 -0.000860087
1.12106e+09 -0.000870087
1.12106e+09 -0.000880087
1.12106e+09 -0.000890087
1.12106e+09 -0.000900087
1.12106e+09 -0.000910087
1.12106e+09 -0.000920087
1.12106e+09 -0.000930087
1.12106e+09 -0.000940087
1.12106e+09 -0.000950087
1.12106e+09 -0.000960087
1.12106e+09 -0.000970087
1.12106e+09 -0.000980087
1.12106e+09 -0.000990087
1.12106e+09 -0.00100009
1.12106e+09 -0.00101009
