0 -6.45926e-07
0 -1.09544e-05
0 -9.7808e-05
-1.98741e+06 -0.000107808
-3.64669e+06 -0.000117808
-5.039e+06 -0.000127808
-6.213e+06 -0.000137808
-7.20375e+06 -0.000147808
-8.04475e+06 -0.000157808
-8.75702e+06 -0.000167808
-9.36181e+06 -0.000177808
-9.88675e+06 -0.000187808
-1.03471e+07 -0.000197808
-1.07482e+07 -0.000207808
-1.10993e+07 -0.000217808
6.66495e+06 -0.000227808
6.40767e+06 -0.000237808
6.17886e+06 -0.000247808
5.97538e+06 -0.000257808
5.79516e+06 -0.000267808
5.63241e+06 -0.000277808
5.48515e+06 -0.000287808
5.35181e+06 -0.000297808
5.23163e+06 -0.000307808
5.12516e+06 -0.000317808
5.03147e+06 -0.000327808
4.94907e+06 -0.000337808
4.87646e+06 -0.000347808
4.81247e+06 -0.000357808
4.75616e+06 -0.000367808
4.24507e+07 -0.000377808
4.24507e+07 -0.000387808
4.24507e+07 -0.000397808
4.24507e+07 -0.000407808
4.24507e+07 -0.000417808
4.24507e+07 -0.000427808
4.24507e+07 -0.000437808
4.24507e+07 -0.000447808
4.24507e+07 -0.000457808
4.24507e+07 -0.000467808
4.24507e+07 -0.000477808
4.24507e+07 -0.000487808
4.24507e+07 -0.000497808
4.24507e+07 -0.000507808
4.24507e+07 -0.000517808
4.24507e+07 -0.000527808
4.24507e+07 -0.000537808
4.24507e+07 -0.000547808
4.24507e+07 -0.000557808
4.24507e+07 -0.000567808
4.24507e+07 -0.000577808
4.24507e+07 -0.000587808
4.24507e+07 -0.000597808
4.24507e+07 -0.000607808
4.24507e+07 -0.000617808
4.24507e+07 -0.000627808
4.24507e+07 -0.000637808
4.24507e+07 -0.000647808
4.24507e+07 -0.000657808
4.24507e+07 -0.000667808
4.24507e+07 -0.000677808
4.24507e+07 -0.000687808
4.24507e+07 -0.000697808
4.24507e+07 -0.000707808
4.24507e+07 -0.000717808
4.24507e+07 -0.000727808
4.24507e+07 -0.000737808
4.24507e+07 -0.000747808
4.24507e+07 -0.000757808
4.24507e+07 -0.000767808
4.24507e+07 -0.000777808
4.24507e+07 -0.000787808
4.24507e+07 -0.000797808
4.24507e+07 -0.000807808
4.24507e+07 -0.000817808
4.24507e+07 -0.000827808
4.24507e+07 -0.000837808
4.24507e+07 -0.000847808
4.24507e+07 -0.000857808
4.24507e+07 -0.000867808
4.24507e+07 -0.000877808
4.24507e+07 -0.000887808
4.24507e+07 -0.000897808
4.24507e+07 -0.000907808
4.24507e+07 -0.000917808
4.24507e+07 -0.000927808
4.24507e+07 -0.000937808
4.24507e+07 -0.000947808
4.24507e+07 -0.000957808
4.24507e+07 -0.000967808
4.24507e+07 -0.000977808
4.24507e+07 -0.000987808
4.24507e+07 -0.000997808
4.24507e+07 -0.00100781
4.24507e+07 -0.00101781
4.24507e+07 -0.00102781
4.24507e+07 -0.00103781
4.24507e+07 -0.00104781
4.24507e+07 -0.00105781
4.24507e+07 -0.00106781
4.24507e+07 -0.00107781
4.24507e+07 -0.00108781
4.24507e+07 -0.00109781
