0 -1.40599e-06
0 -8.1753e-05
0 -6.39372e-05
-5.2542e+07 -7.39372e-05
-7.63507e+07 -8.39372e-05
-8.41878e+07 -9.39372e-05
-9.06419e+07 -0.000103937
-9.33352e+07 -0.000113937
-9.28011e+07 -0.000123937
-9.01019e+07 -0.000133937
-8.56704e+07 -0.000143937
-7.96164e+07 -0.000153937
-7.14547e+07 -0.000163937
-5.99805e+07 -0.000173937
-4.29128e+07 -0.000183937
-1.97972e+07 -0.000193937
6.85748e+06 -0.000203937
3.854e+07 -0.000213937
7.50323e+07 -0.000223937
1.07933e+08 -0.000233937
1.38359e+08 -0.000243937
1.68297e+08 -0.000253937
1.99683e+08 -0.000263937
2.33775e+08 -0.000273937
2.71009e+08 -0.000283937
3.07075e+08 -0.000293937
3.40589e+08 -0.000303937
3.71745e+08 -0.000313937
4.00606e+08 -0.000323937
4.28855e+08 -0.000333937
3.91191e+08 -0.000343937
5.0177e+08 -0.000353937
5.0177e+08 -0.000363937
5.0177e+08 -0.000373937
5.0177e+08 -0.000383937
5.0177e+08 -0.000393937
5.0177e+08 -0.000403937
5.0177e+08 -0.000413937
5.0177e+08 -0.000423937
5.0177e+08 -0.000433937
5.0177e+08 -0.000443937
5.0177e+08 -0.000453937
5.0177e+08 -0.000463937
5.0177e+08 -0.000473937
5.0177e+08 -0.000483937
5.0177e+08 -0.000493937
5.0177e+08 -0.000503937
5.0177e+08 -0.000513937
5.0177e+08 -0.000523937
5.0177e+08 -0.000533937
5.0177e+08 -0.000543937
5.0177e+08 -0.000553937
5.0177e+08 -0.000563937
5.0177e+08 -0.000573937
5.0177e+08 -0.000583937
5.0177e+08 -0.000593937
5.0177e+08 -0.000603937
5.0177e+08 -0.000613937
5.0177e+08 -0.000623937
5.0177e+08 -0.000633937
5.0177e+08 -0.000643937
5.0177e+08 -0.000653937
5.0177e+08 -0.000663937
5.0177e+08 -0.000673937
5.0177e+08 -0.000683937
5.0177e+08 -0.000693937
5.0177e+08 -0.000703937
5.0177e+08 -0.000713937
5.0177e+08 -0.000723937
5.0177e+08 -0.000733937
5.0177e+08 -0.000743937
5.0177e+08 -0.000753937
5.0177e+08 -0.000763937
5.0177e+08 -0.000773937
5.0177e+08 -0.000783937
5.0177e+08 -0.000793937
5.0177e+08 -0.000803937
5.0177e+08 -0.000813937
5.0177e+08 -0.000823937
5.0177e+08 -0.000833937
5.0177e+08 -0.000843937
5.0177e+08 -0.000853937
5.0177e+08 -0.000863937
5.0177e+08 -0.000873937
5.0177e+08 -0.000883937
5.0177e+08 -0.000893937
5.0177e+08 -0.000903937
5.0177e+08 -0.000913937
5.0177e+08 -0.000923937
5.0177e+08 -0.000933937
5.0177e+08 -0.000943937
5.0177e+08 -0.000953937
5.0177e+08 -0.000963937
5.0177e+08 -0.000973937
5.0177e+08 -0.000983937
5.0177e+08 -0.000993937
5.0177e+08 -0.00100394
5.0177e+08 -0.00101394
5.0177e+08 -0.00102394
5.0177e+08 -0.00103394
5.0177e+08 -0.00104394
5.0177e+08 -0.00105394
5.0177e+08 -0.00106394
