0 0
0 7.6954e-05
0 -777842
-15 -777842
-30 -777842
-45 -777842
-60 -777842
-75 -777842
-90 -777842
-105 -777842
-120 -777842
-135 -777842
-150 -777842
-165 -777842
-180 -777842
-195 -777842
-210 -777842
-225 -777842
-240 -777842
-255 -777842
-270 -777842
-285 -777842
-300 -777842
-315 -777842
-330 -777842
-345 -777842
-360 -777842
-375 -777842
-390 -777842
-405 -777842
-420 -777842
-435 -777842
-450 -777842
-465 -777842
-480 -777842
-495 -777842
-510 -777842
-525 -777842
-540 -777842
-555 -777842
-570 -777842
-585 -777842
-600 -777842
-615 -777842
-630 -777842
-645 -777842
-660 -777842
-675 -777842
-690 -777842
-705 -777842
-720 -777842
-735 -777842
-750 -777842
-765 -777842
-780 -777842
-795 -777842
-810 -777842
-825 -777842
-840 -777842
-855 -777842
-870 -777842
-885 -777842
-900 -777842
-915 -777842
-930 -777842
-945 -777842
-960 -777842
-975.001 -777842
-990.001 -777842
-1005 -777842
-1020 -777842
-1035 -777842
-1050 -777842
-1065 -777842
-1080 -777842
-1095 -777842
-1110 -777842
-1125 -777842
-1140 -777842
-1155 -777842
-1170 -777842
-1185 -777842
-1200 -777842
-1215 -777842
-1230 -777842
-1245 -777842
-1260 -777842
-1275 -777842
-1290 -777842
-1305 -777842
-1320 -777842
-1335 -777842
-1350 -777842
-1365 -777842
-1380 -777842
-1395 -777842
-1410 -777842
-1425 -777842
-1440 -777842
-1455 -777842
-1470 -777842
-1485 -777842
-1500 -777842
