0 -3.87846e-07
0 4.95899e-05
0 -513967
-15 -513967
-30 -513967
-45 -513967
-60 -513967
-75 -513967
-90 -513967
-105 -513967
-120 -513967
-135 -513967
-150 -513967
-165 -513967
-180 -513967
-195 -513967
-210 -513967
-225 -513967
-240 -513967
-255 -513967
-270 -513967
-285 -513967
-300 -513967
-315 -513967
-330 -513967
-345 -513967
-360 -513967
-375 -513967
-390 -513967
-405 -513967
-420 -513967
-435 -513967
-450 -513967
-465 -513967
-480 -513967
-495 -513967
-510 -513967
-525 -513967
-540 -513967
-555 -513967
-570 -513967
-585 -513967
-600 -513967
-615 -513967
-630 -513967
-645 -513967
-660 -513967
-675 -513967
-690 -513967
-705 -513967
-720 -513967
-735 -513967
-750 -513967
-765 -513967
-780 -513967
-795 -513967
-810 -513967
-825 -513967
-840 -513967
-855 -513967
-870 -513967
-885 -513967
-900 -513967
-915.001 -513967
-930.001 -513967
-945.001 -513967
-960.001 -513967
-975.001 -513967
-990.001 -513967
-1005 -513967
-1020 -513967
-1035 -513967
-1050 -513967
-1065 -513967
-1080 -513967
-1095 -513967
-1110 -513967
-1125 -513967
-1140 -513967
-1155 -513967
-1170 -513967
-1185 -513967
-1200 -513967
-1215 -513967
-1230 -513967
-1245 -513967
-1260 -513967
-1275 -513967
-1290 -513967
-1305 -513967
-1320 -513967
-1335 -513967
-1350 -513967
-1365 -513967
-1380 -513967
-1395 -513967
-1410 -513967
-1425 -513967
-1440 -513967
-1455 -513967
-1470 -513967
-1485 -513967
-1500 -513967
