0 -5.29805e-06
0 1.82095e-05
0 6.86682e-05
-1.4339e+08 7.86682e-05
7.49521e+08 8.86682e-05
7.49521e+08 9.86682e-05
7.49521e+08 0.000108668
7.49521e+08 0.000118668
7.49521e+08 0.000128668
7.49521e+08 0.000138668
7.49521e+08 0.000148668
7.49521e+08 0.000158668
7.49521e+08 0.000168668
7.49521e+08 0.000178668
7.49521e+08 0.000188668
7.49521e+08 0.000198668
7.49521e+08 0.000208668
7.49521e+08 0.000218668
7.49521e+08 0.000228668
7.49521e+08 0.000238668
7.49521e+08 0.000248668
7.49521e+08 0.000258668
7.49521e+08 0.000268668
7.49521e+08 0.000278668
7.49521e+08 0.000288668
7.49521e+08 0.000298668
7.49521e+08 0.000308668
7.49521e+08 0.000318668
7.49521e+08 0.000328668
7.49521e+08 0.000338668
7.49521e+08 0.000348668
7.49521e+08 0.000358668
7.49521e+08 0.000368668
7.49521e+08 0.000378668
7.49521e+08 0.000388668
7.49521e+08 0.000398668
7.49521e+08 0.000408668
7.49521e+08 0.000418668
7.49521e+08 0.000428668
7.49521e+08 0.000438668
7.49521e+08 0.000448668
7.49521e+08 0.000458668
7.49521e+08 0.000468668
7.49521e+08 0.000478668
7.49521e+08 0.000488668
7.49521e+08 0.000498668
7.49521e+08 0.000508668
7.49521e+08 0.000518668
7.49521e+08 0.000528668
7.49521e+08 0.000538668
7.49521e+08 0.000548668
7.49521e+08 0.000558668
7.49521e+08 0.000568668
7.49521e+08 0.000578668
7.49521e+08 0.000588668
7.49521e+08 0.000598668
7.49521e+08 0.000608668
7.49521e+08 0.000618668
7.49521e+08 0.000628668
7.49521e+08 0.000638668
7.49521e+08 0.000648668
7.49521e+08 0.000658668
7.49521e+08 0.000668668
7.49521e+08 0.000678668
7.49521e+08 0.000688668
7.49521e+08 0.000698668
7.49521e+08 0.000708668
7.49521e+08 0.000718668
7.49521e+08 0.000728668
7.49521e+08 0.000738668
7.49521e+08 0.000748668
7.49521e+08 0.000758668
7.49521e+08 0.000768668
7.49521e+08 0.000778668
7.49521e+08 0.000788668
7.49521e+08 0.000798668
7.49521e+08 0.000808668
7.49521e+08 0.000818668
7.49521e+08 0.000828668
7.49521e+08 0.000838668
7.49521e+08 0.000848668
7.49521e+08 0.000858668
7.49521e+08 0.000868668
7.49521e+08 0.000878668
7.49521e+08 0.000888668
7.49521e+08 0.000898668
7.49521e+08 0.000908668
7.49521e+08 0.000918668
7.49521e+08 0.000928668
7.49521e+08 0.000938668
7.49521e+08 0.000948668
7.49521e+08 0.000958668
7.49521e+08 0.000968668
7.49521e+08 0.000978668
7.49521e+08 0.000988668
7.49521e+08 0.000998668
7.49521e+08 0.00100867
7.49521e+08 0.00101867
7.49521e+08 0.00102867
7.49521e+08 0.00103867
7.49521e+08 0.00104867
7.49521e+08 0.00105867
7.49521e+08 0.00106867
