0 -2.89046e-06
0 1.30073e-05
0 -241890
-15 -241890
-30 -241890
-45 -241890
-60 -241890
-75 -241890
-90 -241890
-105 -241890
-120 -241890
-135 -241890
-150 -241890
-165 -241890
-180 -241890
-195 -241890
-210 -241890
-225 -241890
-240 -241890
-255 -241890
-270 -241890
-285 -241890
-300 -241890
-315 -241890
-330 -241890
-345 -241890
-360 -241890
-375 -241890
-390 -241890
-405 -241890
-420 -241890
-435 -241890
-450 -241890
-465 -241890
-480 -241890
-495 -241890
-510 -241890
-525 -241890
-540 -241890
-555 -241890
-570 -241890
-585 -241890
-600 -241890
-615 -241890
-630 -241890
-645 -241890
-660 -241890
-675 -241890
-690 -241890
-705 -241890
-720 -241890
-735 -241890
-750 -241890
-765 -241890
-780 -241890
-795 -241890
-810 -241890
-825 -241890
-840 -241890
-855 -241890
-870 -241890
-885 -241890
-900 -241890
-915 -241890
-930.001 -241890
-945.001 -241890
-960.001 -241890
-975.001 -241890
-990.001 -241890
-1005 -241890
-1020 -241890
-1035 -241890
-1050 -241890
-1065 -241890
-1080 -241890
-1095 -241890
-1110 -241890
-1125 -241890
-1140 -241890
-1155 -241890
-1170 -241890
-1185 -241890
-1200 -241890
-1215 -241890
-1230 -241890
-1245 -241890
-1260 -241890
-1275 -241890
-1290 -241890
-1305 -241890
-1320 -241890
-1335 -241890
-1350 -241890
-1365 -241890
-1380 -241890
-1395 -241890
-1410 -241890
-1425 -241890
-1440 -241890
-1455 -241890
-1470 -241890
-1485 -241890
-1500 -241890
