0 -2.71785e-06
0 1.75363e-05
0 4445.38
-15 4445.38
-30 4445.38
-44.9999 4445.38
-59.9999 4445.38
-74.9998 4445.38
-89.9998 4445.38
-105 4445.38
-120 4445.38
-135 4445.38
-149.999 4445.38
-164.999 4445.38
-179.999 4445.38
-194.999 4445.38
-209.999 4445.38
-224.999 4445.38
-239.998 4445.38
-254.998 4445.38
-269.998 4445.38
-284.998 4445.38
-299.998 4445.38
-314.997 4445.38
-329.997 4445.38
-344.997 4445.38
-359.996 4445.38
-374.996 4445.38
-389.996 4445.38
-404.996 4445.38
-419.995 4445.38
-434.995 4445.38
-449.994 4445.38
-464.994 4445.38
-479.994 4445.38
-494.993 4445.38
-509.993 4445.38
-524.992 4445.38
-539.992 4445.38
-554.992 4445.38
-569.991 4445.38
-584.991 4445.38
-599.99 4445.38
-614.99 4445.38
-629.989 4445.38
-644.989 4445.38
-659.988 4445.38
-674.988 4445.38
-689.987 4445.38
-704.986 4445.38
-719.986 4445.38
-734.985 4445.38
-749.985 4445.38
-764.984 4445.38
-779.983 4445.38
-794.983 4445.38
-809.982 4445.38
-824.981 4445.38
-839.981 4445.38
-854.98 4445.38
-869.979 4445.38
-884.979 4445.38
-899.978 4445.38
-914.977 4445.38
-929.976 4445.38
-944.976 4445.38
-959.975 4445.38
-974.974 4445.38
-989.973 4445.38
-1004.97 4445.38
-1019.97 4445.38
-1034.97 4445.38
-1049.97 4445.38
-1064.97 4445.38
-1079.97 4445.38
-1094.97 4445.38
-1109.97 4445.38
-1124.97 4445.38
-1139.96 4445.38
-1154.96 4445.38
-1169.96 4445.38
-1184.96 4445.38
-1199.96 4445.38
-1214.96 4445.38
-1229.96 4445.38
-1244.96 4445.38
-1259.96 4445.38
-1274.96 4445.38
-1289.95 4445.38
-1304.95 4445.38
-1319.95 4445.38
-1334.95 4445.38
-1349.95 4445.38
-1364.95 4445.38
-1379.95 4445.38
-1394.95 4445.38
-1409.95 4445.38
-1424.94 4445.38
-1439.94 4445.38
-1454.94 4445.38
-1469.94 4445.38
-1484.94 4445.38
-1499.94 4445.38
