0 -2.58661e-07
0 -5.14139e-06
0 -4.54784e-06
-1.56012e+08 -1.45478e-05
-2.12683e+08 -2.45478e-05
-1.93308e+08 -3.45478e-05
-1.39084e+08 -4.45478e-05
-4.47548e+07 -5.45478e-05
7.56157e+08 -6.45478e-05
7.56157e+08 -7.45478e-05
7.56157e+08 -8.45478e-05
7.56157e+08 -9.45478e-05
7.56157e+08 -0.000104548
7.56157e+08 -0.000114548
7.56157e+08 -0.000124548
7.56157e+08 -0.000134548
7.56157e+08 -0.000144548
7.56157e+08 -0.000154548
7.56157e+08 -0.000164548
7.56157e+08 -0.000174548
7.56157e+08 -0.000184548
7.56157e+08 -0.000194548
7.56157e+08 -0.000204548
7.56157e+08 -0.000214548
7.56157e+08 -0.000224548
7.56157e+08 -0.000234548
7.56157e+08 -0.000244548
7.56157e+08 -0.000254548
7.56157e+08 -0.000264548
7.56157e+08 -0.000274548
7.56157e+08 -0.000284548
7.56157e+08 -0.000294548
7.56157e+08 -0.000304548
7.56157e+08 -0.000314548
7.56157e+08 -0.000324548
7.56157e+08 -0.000334548
7.56157e+08 -0.000344548
7.56157e+08 -0.000354548
7.56157e+08 -0.000364548
7.56157e+08 -0.000374548
7.56157e+08 -0.000384548
7.56157e+08 -0.000394548
7.56157e+08 -0.000404548
7.56157e+08 -0.000414548
7.56157e+08 -0.000424548
7.56157e+08 -0.000434548
7.56157e+08 -0.000444548
7.56157e+08 -0.000454548
7.56157e+08 -0.000464548
7.56157e+08 -0.000474548
7.56157e+08 -0.000484548
7.56157e+08 -0.000494548
7.56157e+08 -0.000504548
7.56157e+08 -0.000514548
7.56157e+08 -0.000524548
7.56157e+08 -0.000534548
7.56157e+08 -0.000544548
7.56157e+08 -0.000554548
7.56157e+08 -0.000564548
7.56157e+08 -0.000574548
7.56157e+08 -0.000584548
7.56157e+08 -0.000594548
7.56157e+08 -0.000604548
7.56157e+08 -0.000614548
7.56157e+08 -0.000624548
7.56157e+08 -0.000634548
7.56157e+08 -0.000644548
7.56157e+08 -0.000654548
7.56157e+08 -0.000664548
7.56157e+08 -0.000674548
7.56157e+08 -0.000684548
7.56157e+08 -0.000694548
7.56157e+08 -0.000704548
7.56157e+08 -0.000714548
7.56157e+08 -0.000724548
7.56157e+08 -0.000734548
7.56157e+08 -0.000744548
7.56157e+08 -0.000754548
7.56157e+08 -0.000764548
7.56157e+08 -0.000774548
7.56157e+08 -0.000784548
7.56157e+08 -0.000794548
7.56157e+08 -0.000804548
7.56157e+08 -0.000814548
7.56157e+08 -0.000824548
7.56157e+08 -0.000834548
7.56157e+08 -0.000844548
7.56157e+08 -0.000854548
7.56157e+08 -0.000864548
7.56157e+08 -0.000874548
7.56157e+08 -0.000884548
7.56157e+08 -0.000894548
7.56157e+08 -0.000904548
7.56157e+08 -0.000914548
7.56157e+08 -0.000924548
7.56157e+08 -0.000934548
7.56157e+08 -0.000944548
7.56157e+08 -0.000954548
7.56157e+08 -0.000964548
7.56157e+08 -0.000974548
7.56157e+08 -0.000984548
7.56157e+08 -0.000994548
7.56157e+08 -0.00100455
