0 -7.91589e-08
0 -5.20039e-06
0 -540672
-15 -540672
-30 -540672
-45 -540672
-60 -540672
-75 -540672
-90 -540672
-105 -540672
-120 -540672
-135 -540672
-150 -540672
-165 -540672
-180 -540672
-195 -540672
-210 -540672
-225 -540672
-240 -540672
-255 -540672
-270 -540672
-285 -540672
-300 -540672
-315 -540672
-330 -540672
-345 -540672
-360 -540672
-375 -540672
-390 -540672
-405 -540672
-420 -540672
-435 -540672
-450 -540672
-465 -540672
-480 -540672
-495 -540672
-510 -540672
-525 -540672
-540 -540672
-555 -540672
-570 -540672
-585 -540672
-600 -540672
-615 -540672
-630 -540672
-645 -540672
-660 -540672
-675 -540672
-690 -540672
-705 -540672
-720 -540672
-735 -540672
-750 -540672
-765 -540672
-780 -540672
-795 -540672
-810 -540672
-825 -540672
-840 -540672
-855 -540672
-870 -540672
-885 -540672
-900 -540672
-915 -540672
-930 -540672
-945.001 -540672
-960.001 -540672
-975.001 -540672
-990.001 -540672
-1005 -540672
-1020 -540672
-1035 -540672
-1050 -540672
-1065 -540672
-1080 -540672
-1095 -540672
-1110 -540672
-1125 -540672
-1140 -540672
-1155 -540672
-1170 -540672
-1185 -540672
-1200 -540672
-1215 -540672
-1230 -540672
-1245 -540672
-1260 -540672
-1275 -540672
-1290 -540672
-1305 -540672
-1320 -540672
-1335 -540672
-1350 -540672
-1365 -540672
-1380 -540672
-1395 -540672
-1410 -540672
-1425 -540672
-1440 -540672
-1455 -540672
-1470 -540672
-1485 -540672
-1500 -540672
