0 -1.35372e-06
0 -1.57626e-05
0 -1.02983e-05
-1.05069e+08 -2.02983e-05
-1.08323e+08 -3.02983e-05
-6.90971e+07 -4.02983e-05
4.41936e+06 -5.02983e-05
1.60522e+08 -6.02983e-05
8.53074e+08 -7.02983e-05
8.53074e+08 -8.02983e-05
8.53074e+08 -9.02983e-05
8.53074e+08 -0.000100298
8.53074e+08 -0.000110298
8.53074e+08 -0.000120298
8.53074e+08 -0.000130298
8.53074e+08 -0.000140298
8.53074e+08 -0.000150298
8.53074e+08 -0.000160298
8.53074e+08 -0.000170298
8.53074e+08 -0.000180298
8.53074e+08 -0.000190298
8.53074e+08 -0.000200298
8.53074e+08 -0.000210298
8.53074e+08 -0.000220298
8.53074e+08 -0.000230298
8.53074e+08 -0.000240298
8.53074e+08 -0.000250298
8.53074e+08 -0.000260298
8.53074e+08 -0.000270298
8.53074e+08 -0.000280298
8.53074e+08 -0.000290298
8.53074e+08 -0.000300298
8.53074e+08 -0.000310298
8.53074e+08 -0.000320298
8.53074e+08 -0.000330298
8.53074e+08 -0.000340298
8.53074e+08 -0.000350298
8.53074e+08 -0.000360298
8.53074e+08 -0.000370298
8.53074e+08 -0.000380298
8.53074e+08 -0.000390298
8.53074e+08 -0.000400298
8.53074e+08 -0.000410298
8.53074e+08 -0.000420298
8.53074e+08 -0.000430298
8.53074e+08 -0.000440298
8.53074e+08 -0.000450298
8.53074e+08 -0.000460298
8.53074e+08 -0.000470298
8.53074e+08 -0.000480298
8.53074e+08 -0.000490298
8.53074e+08 -0.000500298
8.53074e+08 -0.000510298
8.53074e+08 -0.000520298
8.53074e+08 -0.000530298
8.53074e+08 -0.000540298
8.53074e+08 -0.000550298
8.53074e+08 -0.000560298
8.53074e+08 -0.000570298
8.53074e+08 -0.000580298
8.53074e+08 -0.000590298
8.53074e+08 -0.000600298
8.53074e+08 -0.000610298
8.53074e+08 -0.000620298
8.53074e+08 -0.000630298
8.53074e+08 -0.000640298
8.53074e+08 -0.000650298
8.53074e+08 -0.000660298
8.53074e+08 -0.000670298
8.53074e+08 -0.000680298
8.53074e+08 -0.000690298
8.53074e+08 -0.000700298
8.53074e+08 -0.000710298
8.53074e+08 -0.000720298
8.53074e+08 -0.000730298
8.53074e+08 -0.000740298
8.53074e+08 -0.000750298
8.53074e+08 -0.000760298
8.53074e+08 -0.000770298
8.53074e+08 -0.000780298
8.53074e+08 -0.000790298
8.53074e+08 -0.000800298
8.53074e+08 -0.000810298
8.53074e+08 -0.000820298
8.53074e+08 -0.000830298
8.53074e+08 -0.000840298
8.53074e+08 -0.000850298
8.53074e+08 -0.000860298
8.53074e+08 -0.000870298
8.53074e+08 -0.000880298
8.53074e+08 -0.000890298
8.53074e+08 -0.000900298
8.53074e+08 -0.000910298
8.53074e+08 -0.000920298
8.53074e+08 -0.000930298
8.53074e+08 -0.000940298
8.53074e+08 -0.000950298
8.53074e+08 -0.000960298
8.53074e+08 -0.000970298
8.53074e+08 -0.000980298
8.53074e+08 -0.000990298
8.53074e+08 -0.0010003
8.53074e+08 -0.0010103
