0 -9.38307e-08
0 4.38315e+07
0 4.38315e+07
-1.64762e+08 2.08594e+08
-2.29142e+08 2.72974e+08
-2.56869e+08 3.00701e+08
-2.71322e+08 3.15154e+08
-2.78859e+08 3.2269e+08
-2.81947e+08 3.25778e+08
-2.81506e+08 3.25337e+08
-2.77556e+08 3.21388e+08
-2.71189e+08 3.1502e+08
-2.62206e+08 3.06038e+08
-2.50163e+08 2.93994e+08
-2.31211e+08 2.75043e+08
-2.01598e+08 2.45429e+08
-1.42858e+08 1.86689e+08
-6.62865e+07 1.10118e+08
-6.13113e+06 4.99626e+07
5.91252e+07 -1.52937e+07
1.46614e+08 -1.02783e+08
2.37058e+08 -1.9315e+08
3.26352e+08 0
3.26352e+08 0
3.26352e+08 0
3.26352e+08 0
3.26352e+08 0
3.26352e+08 0
3.26352e+08 0
3.26352e+08 0
3.26352e+08 0
3.26352e+08 0
3.26352e+08 0
3.26352e+08 0
3.26352e+08 0
3.26352e+08 0
3.26352e+08 0
3.26352e+08 0
3.26352e+08 0
3.26352e+08 0
3.26352e+08 0
3.26352e+08 0
3.26352e+08 0
3.26352e+08 0
3.26352e+08 0
3.26352e+08 0
3.26352e+08 0
3.26352e+08 0
3.26352e+08 0
3.26352e+08 0
3.26352e+08 0
3.26352e+08 0
3.26352e+08 0
3.26352e+08 0
3.26352e+08 0
3.26352e+08 0
3.26352e+08 0
3.26352e+08 0
3.26352e+08 0
3.26352e+08 0
3.26352e+08 0
3.26352e+08 0
3.26352e+08 0
3.26352e+08 0
3.26352e+08 0
3.26352e+08 0
3.26352e+08 0
3.26352e+08 0
3.26352e+08 0
3.26352e+08 0
3.26352e+08 0
3.26352e+08 0
3.26352e+08 0
3.26352e+08 0
3.26352e+08 0
3.26352e+08 0
3.26352e+08 0
3.26352e+08 0
3.26352e+08 0
3.26352e+08 0
3.26352e+08 0
3.26352e+08 0
3.26352e+08 0
3.26352e+08 0
3.26352e+08 0
3.26352e+08 0
3.26352e+08 0
3.26352e+08 0
3.26352e+08 0
3.26352e+08 0
3.26352e+08 0
3.26352e+08 0
3.26352e+08 0
3.26352e+08 0
3.26352e+08 0
3.26352e+08 0
3.26352e+08 0
3.26352e+08 0
3.26352e+08 0
3.26352e+08 0
3.26352e+08 0
3.26352e+08 0
3.26352e+08 0
