0 -3.56929e-07
0 -9.60985e+07
0 -9.60985e+07
5.48536e+08 0
5.48536e+08 0
5.48536e+08 0
5.48536e+08 0
5.48536e+08 0
5.48536e+08 0
5.48536e+08 0
5.48536e+08 0
5.48536e+08 0
5.48536e+08 0
5.48536e+08 0
5.48536e+08 0
5.48536e+08 0
5.48536e+08 0
5.48536e+08 0
5.48536e+08 0
5.48536e+08 0
5.48536e+08 0
5.48536e+08 0
5.48536e+08 0
5.48536e+08 0
5.48536e+08 0
5.48536e+08 0
5.48536e+08 0
5.48536e+08 0
5.48536e+08 0
5.48536e+08 0
5.48536e+08 0
5.48536e+08 0
5.48536e+08 0
5.48536e+08 0
5.48536e+08 0
5.48536e+08 0
5.48536e+08 0
5.48536e+08 0
5.48536e+08 0
5.48536e+08 0
5.48536e+08 0
5.48536e+08 0
5.48536e+08 0
5.48536e+08 0
5.48536e+08 0
5.48536e+08 0
5.48536e+08 0
5.48536e+08 0
5.48536e+08 0
5.48536e+08 0
5.48536e+08 0
5.48536e+08 0
5.48536e+08 0
5.48536e+08 0
5.48536e+08 0
5.48536e+08 0
5.48536e+08 0
5.48536e+08 0
5.48536e+08 0
5.48536e+08 0
5.48536e+08 0
5.48536e+08 0
5.48536e+08 0
5.48536e+08 0
5.48536e+08 0
5.48536e+08 0
5.48536e+08 0
5.48536e+08 0
5.48536e+08 0
5.48536e+08 0
5.48536e+08 0
5.48536e+08 0
5.48536e+08 0
5.48536e+08 0
5.48536e+08 0
5.48536e+08 0
5.48536e+08 0
5.48536e+08 0
5.48536e+08 0
5.48536e+08 0
5.48536e+08 0
5.48536e+08 0
5.48536e+08 0
5.48536e+08 0
5.48536e+08 0
5.48536e+08 0
5.48536e+08 0
5.48536e+08 0
5.48536e+08 0
5.48536e+08 0
5.48536e+08 0
5.48536e+08 0
5.48536e+08 0
5.48536e+08 0
5.48536e+08 0
5.48536e+08 0
5.48536e+08 0
5.48536e+08 0
5.48536e+08 0
5.48536e+08 0
5.48536e+08 0
5.48536e+08 0
5.48536e+08 0
