0 -6.64724e-07
0 -1.35601e-05
0 0.000176911
-13.2697 0.000166911
-31.744 0.000156911
-52.6555 0.000146911
-73.5669 0.000136911
-94.4784 0.000126911
-115.39 0.000116911
-136.301 0.000106911
-157.213 9.69111e-05
-178.124 8.69111e-05
-199.036 7.69111e-05
-219.947 6.69111e-05
-240.859 5.69111e-05
-261.77 4.69111e-05
-282.681 3.69111e-05
-303.593 2.69111e-05
-324.504 1.69111e-05
-345.416 6.91109e-06
-366.327 -3.08891e-06
-387.239 -1.30889e-05
-408.15 -2.30889e-05
-429.062 -3.30889e-05
-449.973 -4.30889e-05
-470.884 -5.30889e-05
-491.796 -6.30889e-05
-512.707 -7.30889e-05
-533.619 -8.30889e-05
-554.53 -9.30889e-05
-575.442 -0.000103089
-596.353 -0.000113089
-617.265 -0.000123089
-638.176 -0.000133089
-659.088 -0.000143089
-679.999 -0.000153089
-700.91 -0.000163089
-721.822 -0.000173089
-742.733 -0.000183089
-763.645 -0.000193089
-784.556 -0.000203089
-805.468 -0.000213089
-826.379 -0.000223089
-847.291 -0.000233089
-868.202 -0.000243089
-889.114 -0.000253089
-910.025 -0.000263089
-930.937 -0.000273089
-951.848 -0.000283089
-972.759 -0.000293089
-993.671 -0.000303089
-1014.58 -0.000313089
-1035.49 -0.000323089
-1056.41 -0.000333089
-1077.32 -0.000343089
-1098.23 -0.000353089
-1119.14 -0.000363089
-1140.05 -0.000373089
-1160.96 -0.000383089
-1181.87 -0.000393089
-1202.79 -0.000403089
-1223.7 -0.000413089
-1244.61 -0.000423089
-1265.52 -0.000433089
-1286.43 -0.000443089
-1307.34 -0.000453089
-1328.25 -0.000463089
-1349.17 -0.000473089
-1370.08 -0.000483089
-1390.99 -0.000493089
-1411.9 -0.000503089
-1432.81 -0.000513089
-1453.72 -0.000523089
-1474.63 -0.000533089
-1495.55 -0.000543089
-1516.46 -0.000553089
-1537.37 -0.000563089
-1558.28 -0.000573089
-1579.19 -0.000583089
-1600.1 -0.000593089
-1621.02 -0.000603089
-1641.93 -0.000613089
-1662.84 -0.000623089
-1683.75 -0.000633089
-1704.66 -0.000643089
-1725.57 -0.000653089
-1746.48 -0.000663089
-1767.4 -0.000673089
-1788.31 -0.000683089
-1809.22 -0.000693089
-1830.13 -0.000703089
-1851.04 -0.000713089
-1871.95 -0.000723089
-1892.86 -0.000733089
-1913.78 -0.000743089
-1934.69 -0.000753089
-1955.6 -0.000763089
-1976.51 -0.000773089
-1997.42 -0.000783089
-2018.33 -0.000793089
-2039.24 -0.000803089
-2060.16 -0.000813089
-2081.07 -0.000823089
