0 -1.66241e-06
0 2.02145e+08
0 2.02145e+08
7.35849e+07 1.2856e+08
2.42391e+08 -4.02462e+07
1.01679e+09 0
1.01679e+09 0
1.01679e+09 0
1.01679e+09 0
1.01679e+09 0
1.01679e+09 0
1.01679e+09 0
1.01679e+09 0
1.01679e+09 0
1.01679e+09 0
1.01679e+09 0
1.01679e+09 0
1.01679e+09 0
1.01679e+09 0
1.01679e+09 0
1.01679e+09 0
1.01679e+09 0
1.01679e+09 0
1.01679e+09 0
1.01679e+09 0
1.01679e+09 0
1.01679e+09 0
1.01679e+09 0
1.01679e+09 0
1.01679e+09 0
1.01679e+09 0
1.01679e+09 0
1.01679e+09 0
1.01679e+09 0
1.01679e+09 0
1.01679e+09 0
1.01679e+09 0
1.01679e+09 0
1.01679e+09 0
1.01679e+09 0
1.01679e+09 0
1.01679e+09 0
1.01679e+09 0
1.01679e+09 0
1.01679e+09 0
1.01679e+09 0
1.01679e+09 0
1.01679e+09 0
1.01679e+09 0
1.01679e+09 0
1.01679e+09 0
1.01679e+09 0
1.01679e+09 0
1.01679e+09 0
1.01679e+09 0
1.01679e+09 0
1.01679e+09 0
1.01679e+09 0
1.01679e+09 0
1.01679e+09 0
1.01679e+09 0
1.01679e+09 0
1.01679e+09 0
1.01679e+09 0
1.01679e+09 0
1.01679e+09 0
1.01679e+09 0
1.01679e+09 0
1.01679e+09 0
1.01679e+09 0
1.01679e+09 0
1.01679e+09 0
1.01679e+09 0
1.01679e+09 0
1.01679e+09 0
1.01679e+09 0
1.01679e+09 0
1.01679e+09 0
1.01679e+09 0
1.01679e+09 0
1.01679e+09 0
1.01679e+09 0
1.01679e+09 0
1.01679e+09 0
1.01679e+09 0
1.01679e+09 0
1.01679e+09 0
1.01679e+09 0
1.01679e+09 0
1.01679e+09 0
1.01679e+09 0
1.01679e+09 0
1.01679e+09 0
1.01679e+09 0
1.01679e+09 0
1.01679e+09 0
1.01679e+09 0
1.01679e+09 0
1.01679e+09 0
1.01679e+09 0
1.01679e+09 0
1.01679e+09 0
1.01679e+09 0
