0 -5.73885e-06
0 2.83179e-05
0 0.000100024
-1.40706e+08 0.000110024
5.60296e+08 0.000120024
5.60296e+08 0.000130024
5.60296e+08 0.000140024
5.60296e+08 0.000150024
5.60296e+08 0.000160024
5.60296e+08 0.000170024
5.60296e+08 0.000180024
5.60296e+08 0.000190024
5.60296e+08 0.000200024
5.60296e+08 0.000210024
5.60296e+08 0.000220024
5.60296e+08 0.000230024
5.60296e+08 0.000240024
5.60296e+08 0.000250024
5.60296e+08 0.000260024
5.60296e+08 0.000270024
5.60296e+08 0.000280024
5.60296e+08 0.000290024
5.60296e+08 0.000300024
5.60296e+08 0.000310024
5.60296e+08 0.000320024
5.60296e+08 0.000330024
5.60296e+08 0.000340024
5.60296e+08 0.000350024
5.60296e+08 0.000360024
5.60296e+08 0.000370024
5.60296e+08 0.000380024
5.60296e+08 0.000390024
5.60296e+08 0.000400024
5.60296e+08 0.000410024
5.60296e+08 0.000420024
5.60296e+08 0.000430024
5.60296e+08 0.000440024
5.60296e+08 0.000450024
5.60296e+08 0.000460024
5.60296e+08 0.000470024
5.60296e+08 0.000480024
5.60296e+08 0.000490024
5.60296e+08 0.000500024
5.60296e+08 0.000510024
5.60296e+08 0.000520024
5.60296e+08 0.000530024
5.60296e+08 0.000540024
5.60296e+08 0.000550024
5.60296e+08 0.000560024
5.60296e+08 0.000570024
5.60296e+08 0.000580024
5.60296e+08 0.000590024
5.60296e+08 0.000600024
5.60296e+08 0.000610024
5.60296e+08 0.000620024
5.60296e+08 0.000630024
5.60296e+08 0.000640024
5.60296e+08 0.000650024
5.60296e+08 0.000660024
5.60296e+08 0.000670024
5.60296e+08 0.000680024
5.60296e+08 0.000690024
5.60296e+08 0.000700024
5.60296e+08 0.000710024
5.60296e+08 0.000720024
5.60296e+08 0.000730024
5.60296e+08 0.000740024
5.60296e+08 0.000750024
5.60296e+08 0.000760024
5.60296e+08 0.000770024
5.60296e+08 0.000780024
5.60296e+08 0.000790024
5.60296e+08 0.000800024
5.60296e+08 0.000810024
5.60296e+08 0.000820024
5.60296e+08 0.000830024
5.60296e+08 0.000840024
5.60296e+08 0.000850024
5.60296e+08 0.000860024
5.60296e+08 0.000870024
5.60296e+08 0.000880024
5.60296e+08 0.000890024
5.60296e+08 0.000900024
5.60296e+08 0.000910024
5.60296e+08 0.000920024
5.60296e+08 0.000930024
5.60296e+08 0.000940024
5.60296e+08 0.000950024
5.60296e+08 0.000960024
5.60296e+08 0.000970024
5.60296e+08 0.000980024
5.60296e+08 0.000990024
5.60296e+08 0.00100002
5.60296e+08 0.00101002
5.60296e+08 0.00102002
5.60296e+08 0.00103002
5.60296e+08 0.00104002
5.60296e+08 0.00105002
5.60296e+08 0.00106002
5.60296e+08 0.00107002
5.60296e+08 0.00108002
5.60296e+08 0.00109002
5.60296e+08 0.00110002
