0 -6.47015e-08
0 -4.53026e-06
0 -3.17543e-06
-1.7182e+08 -1.31754e-05
-2.56527e+08 -2.31754e-05
-2.83628e+08 -3.31754e-05
-2.92825e+08 -4.31754e-05
-2.94638e+08 -5.31754e-05
-2.91571e+08 -6.31754e-05
-2.84093e+08 -7.31754e-05
-2.71829e+08 -8.31754e-05
-2.54356e+08 -9.31754e-05
-2.28043e+08 -0.000103175
-1.86412e+08 -0.000113175
-9.86438e+07 -0.000123175
1.22386e+07 -0.000133175
1.8195e+08 -0.000143175
2.07671e+08 -0.000153175
3.94544e+08 -0.000163175
3.94544e+08 -0.000173175
3.94544e+08 -0.000183175
3.94544e+08 -0.000193175
3.94544e+08 -0.000203175
3.94544e+08 -0.000213175
3.94544e+08 -0.000223175
3.94544e+08 -0.000233175
3.94544e+08 -0.000243175
3.94544e+08 -0.000253175
3.94544e+08 -0.000263175
3.94544e+08 -0.000273175
3.94544e+08 -0.000283175
3.94544e+08 -0.000293175
3.94544e+08 -0.000303175
3.94544e+08 -0.000313175
3.94544e+08 -0.000323175
3.94544e+08 -0.000333175
3.94544e+08 -0.000343175
3.94544e+08 -0.000353175
3.94544e+08 -0.000363175
3.94544e+08 -0.000373175
3.94544e+08 -0.000383175
3.94544e+08 -0.000393175
3.94544e+08 -0.000403175
3.94544e+08 -0.000413175
3.94544e+08 -0.000423175
3.94544e+08 -0.000433175
3.94544e+08 -0.000443175
3.94544e+08 -0.000453175
3.94544e+08 -0.000463175
3.94544e+08 -0.000473175
3.94544e+08 -0.000483175
3.94544e+08 -0.000493175
3.94544e+08 -0.000503175
3.94544e+08 -0.000513175
3.94544e+08 -0.000523175
3.94544e+08 -0.000533175
3.94544e+08 -0.000543175
3.94544e+08 -0.000553175
3.94544e+08 -0.000563175
3.94544e+08 -0.000573175
3.94544e+08 -0.000583175
3.94544e+08 -0.000593175
3.94544e+08 -0.000603175
3.94544e+08 -0.000613175
3.94544e+08 -0.000623175
3.94544e+08 -0.000633175
3.94544e+08 -0.000643175
3.94544e+08 -0.000653175
3.94544e+08 -0.000663175
3.94544e+08 -0.000673175
3.94544e+08 -0.000683175
3.94544e+08 -0.000693175
3.94544e+08 -0.000703175
3.94544e+08 -0.000713175
3.94544e+08 -0.000723175
3.94544e+08 -0.000733175
3.94544e+08 -0.000743175
3.94544e+08 -0.000753175
3.94544e+08 -0.000763175
3.94544e+08 -0.000773175
3.94544e+08 -0.000783175
3.94544e+08 -0.000793175
3.94544e+08 -0.000803175
3.94544e+08 -0.000813175
3.94544e+08 -0.000823175
3.94544e+08 -0.000833175
3.94544e+08 -0.000843175
3.94544e+08 -0.000853175
3.94544e+08 -0.000863175
3.94544e+08 -0.000873175
3.94544e+08 -0.000883175
3.94544e+08 -0.000893175
3.94544e+08 -0.000903175
3.94544e+08 -0.000913175
3.94544e+08 -0.000923175
3.94544e+08 -0.000933175
3.94544e+08 -0.000943175
3.94544e+08 -0.000953175
3.94544e+08 -0.000963175
3.94544e+08 -0.000973175
3.94544e+08 -0.000983175
3.94544e+08 -0.000993175
3.94544e+08 -0.00100318
