0 -2.37982e-07
0 0.000124215
0 -18185.5
-15 -18185.5
-30 -18185.5
-45 -18185.5
-60.0001 -18185.5
-75.0001 -18185.5
-90.0001 -18185.5
-105 -18185.5
-120 -18185.5
-135 -18185.5
-150 -18185.5
-165 -18185.5
-180 -18185.5
-195.001 -18185.5
-210.001 -18185.5
-225.001 -18185.5
-240.001 -18185.5
-255.001 -18185.5
-270.001 -18185.5
-285.001 -18185.5
-300.001 -18185.5
-315.001 -18185.5
-330.002 -18185.5
-345.002 -18185.5
-360.002 -18185.5
-375.002 -18185.5
-390.002 -18185.5
-405.002 -18185.5
-420.003 -18185.5
-435.003 -18185.5
-450.003 -18185.5
-465.003 -18185.5
-480.003 -18185.5
-495.004 -18185.5
-510.004 -18185.5
-525.004 -18185.5
-540.004 -18185.5
-555.005 -18185.5
-570.005 -18185.5
-585.005 -18185.5
-600.005 -18185.5
-615.006 -18185.5
-630.006 -18185.5
-645.006 -18185.5
-660.006 -18185.5
-675.007 -18185.5
-690.007 -18185.5
-705.007 -18185.5
-720.008 -18185.5
-735.008 -18185.5
-750.008 -18185.5
-765.009 -18185.5
-780.009 -18185.5
-795.009 -18185.5
-810.01 -18185.5
-825.01 -18185.5
-840.01 -18185.5
-855.011 -18185.5
-870.011 -18185.5
-885.011 -18185.5
-900.012 -18185.5
-915.012 -18185.5
-930.013 -18185.5
-945.013 -18185.5
-960.013 -18185.5
-975.014 -18185.5
-990.014 -18185.5
-1005.01 -18185.5
-1020.02 -18185.5
-1035.02 -18185.5
-1050.02 -18185.5
-1065.02 -18185.5
-1080.02 -18185.5
-1095.02 -18185.5
-1110.02 -18185.5
-1125.02 -18185.5
-1140.02 -18185.5
-1155.02 -18185.5
-1170.02 -18185.5
-1185.02 -18185.5
-1200.02 -18185.5
-1215.02 -18185.5
-1230.02 -18185.5
-1245.02 -18185.5
-1260.02 -18185.5
-1275.02 -18185.5
-1290.02 -18185.5
-1305.02 -18185.5
-1320.03 -18185.5
-1335.03 -18185.5
-1350.03 -18185.5
-1365.03 -18185.5
-1380.03 -18185.5
-1395.03 -18185.5
-1410.03 -18185.5
-1425.03 -18185.5
-1440.03 -18185.5
-1455.03 -18185.5
-1470.03 -18185.5
-1485.03 -18185.5
-1500.03 -18185.5
