0 -1.97469e-06
0 -3.12846e-05
0 -0.000113227
7.19286e+07 -0.000123227
2.15165e+08 -0.000133227
7.52775e+08 -0.000143227
7.52775e+08 -0.000153227
7.52775e+08 -0.000163227
7.52775e+08 -0.000173227
7.52775e+08 -0.000183227
7.52775e+08 -0.000193227
7.52775e+08 -0.000203227
7.52775e+08 -0.000213227
7.52775e+08 -0.000223227
7.52775e+08 -0.000233227
7.52775e+08 -0.000243227
7.52775e+08 -0.000253227
7.52775e+08 -0.000263227
7.52775e+08 -0.000273227
7.52775e+08 -0.000283227
7.52775e+08 -0.000293227
7.52775e+08 -0.000303227
7.52775e+08 -0.000313227
7.52775e+08 -0.000323227
7.52775e+08 -0.000333227
7.52775e+08 -0.000343227
7.52775e+08 -0.000353227
7.52775e+08 -0.000363227
7.52775e+08 -0.000373227
7.52775e+08 -0.000383227
7.52775e+08 -0.000393227
7.52775e+08 -0.000403227
7.52775e+08 -0.000413227
7.52775e+08 -0.000423227
7.52775e+08 -0.000433227
7.52775e+08 -0.000443227
7.52775e+08 -0.000453227
7.52775e+08 -0.000463227
7.52775e+08 -0.000473227
7.52775e+08 -0.000483227
7.52775e+08 -0.000493227
7.52775e+08 -0.000503227
7.52775e+08 -0.000513227
7.52775e+08 -0.000523227
7.52775e+08 -0.000533227
7.52775e+08 -0.000543227
7.52775e+08 -0.000553227
7.52775e+08 -0.000563227
7.52775e+08 -0.000573227
7.52775e+08 -0.000583227
7.52775e+08 -0.000593227
7.52775e+08 -0.000603227
7.52775e+08 -0.000613227
7.52775e+08 -0.000623227
7.52775e+08 -0.000633227
7.52775e+08 -0.000643227
7.52775e+08 -0.000653227
7.52775e+08 -0.000663227
7.52775e+08 -0.000673227
7.52775e+08 -0.000683227
7.52775e+08 -0.000693227
7.52775e+08 -0.000703227
7.52775e+08 -0.000713227
7.52775e+08 -0.000723227
7.52775e+08 -0.000733227
7.52775e+08 -0.000743227
7.52775e+08 -0.000753227
7.52775e+08 -0.000763227
7.52775e+08 -0.000773227
7.52775e+08 -0.000783227
7.52775e+08 -0.000793227
7.52775e+08 -0.000803227
7.52775e+08 -0.000813227
7.52775e+08 -0.000823227
7.52775e+08 -0.000833227
7.52775e+08 -0.000843227
7.52775e+08 -0.000853227
7.52775e+08 -0.000863227
7.52775e+08 -0.000873227
7.52775e+08 -0.000883227
7.52775e+08 -0.000893227
7.52775e+08 -0.000903227
7.52775e+08 -0.000913227
7.52775e+08 -0.000923227
7.52775e+08 -0.000933227
7.52775e+08 -0.000943227
7.52775e+08 -0.000953227
7.52775e+08 -0.000963227
7.52775e+08 -0.000973227
7.52775e+08 -0.000983227
7.52775e+08 -0.000993227
7.52775e+08 -0.00100323
7.52775e+08 -0.00101323
7.52775e+08 -0.00102323
7.52775e+08 -0.00103323
7.52775e+08 -0.00104323
7.52775e+08 -0.00105323
7.52775e+08 -0.00106323
7.52775e+08 -0.00107323
7.52775e+08 -0.00108323
7.52775e+08 -0.00109323
7.52775e+08 -0.00110323
7.52775e+08 -0.00111323
