0 -7.40401e-08
0 4.98985e+07
0 4.98985e+07
-8.85817e+07 1.3848e+08
-1.09331e+08 1.59229e+08
-1.26918e+08 1.76816e+08
-1.4203e+08 1.91928e+08
-1.50104e+08 2.00003e+08
-1.57357e+08 2.07256e+08
-1.62581e+08 2.12479e+08
-1.66586e+08 2.16485e+08
-1.69676e+08 2.19574e+08
-1.72099e+08 2.21997e+08
-1.73978e+08 2.23877e+08
-1.75735e+08 2.25633e+08
-1.76689e+08 2.26587e+08
-1.77477e+08 2.27375e+08
-1.78028e+08 2.27926e+08
-1.78355e+08 2.28253e+08
-1.78481e+08 2.2838e+08
-1.78425e+08 2.28323e+08
-1.78197e+08 2.28095e+08
-1.77806e+08 2.27705e+08
-1.77252e+08 2.2715e+08
-1.76526e+08 2.26424e+08
-1.75592e+08 2.2549e+08
-1.74426e+08 2.24324e+08
-1.72955e+08 2.22853e+08
-1.71076e+08 2.20974e+08
-1.68636e+08 2.18535e+08
-1.65322e+08 2.1522e+08
-1.60488e+08 2.10386e+08
-1.52498e+08 2.02397e+08
-1.41915e+08 1.91813e+08
-1.32371e+08 1.82269e+08
-1.23894e+08 1.73793e+08
-1.16502e+08 1.664e+08
-1.09793e+08 1.59692e+08
-1.03794e+08 1.53693e+08
-9.82218e+07 1.4812e+08
-9.30395e+07 1.42938e+08
-8.83021e+07 1.38201e+08
-8.35444e+07 1.33443e+08
-7.87961e+07 1.28695e+08
-7.41854e+07 1.24084e+08
-6.97473e+07 1.19646e+08
-6.57279e+07 1.15626e+08
-6.18818e+07 1.1178e+08
-5.80932e+07 1.07992e+08
-5.48382e+07 1.04737e+08
-5.17138e+07 1.01612e+08
-4.8565e+07 9.84635e+07
-4.60932e+07 9.59917e+07
-4.33012e+07 9.31997e+07
-4.10127e+07 9.09112e+07
3.02025e+07 1.9696e+07
2.78457e+07 2.20528e+07
2.6001e+07 2.38975e+07
2.48604e+07 2.50381e+07
2.45253e+07 2.53732e+07
2.55308e+07 2.43677e+07
2.71346e+07 2.27639e+07
2.85988e+07 2.12997e+07
3.00025e+07 1.9896e+07
3.13123e+07 1.85862e+07
3.26404e+07 1.72581e+07
3.38477e+07 1.60508e+07
3.48702e+07 1.50283e+07
3.60029e+07 1.38956e+07
3.70442e+07 1.28543e+07
3.80772e+07 1.18213e+07
5.07578e+07 -859322
5.1724e+07 -1.82553e+06
5.27249e+07 -2.8264e+06
5.34836e+07 -3.58509e+06
5.41683e+07 -4.26983e+06
5.51111e+07 -5.21264e+06
5.59136e+07 -6.01506e+06
5.66277e+07 -6.72919e+06
5.71458e+07 -7.24727e+06
5.78279e+07 -7.92941e+06
5.86223e+07 -8.72385e+06
5.92881e+07 -9.38959e+06
5.97637e+07 -9.86521e+06
6.01574e+07 -1.02589e+07
6.08098e+07 -1.09113e+07
6.15172e+07 -1.16187e+07
6.19634e+07 -1.20649e+07
6.24037e+07 -1.25052e+07
6.27753e+07 -1.28768e+07
6.31916e+07 -1.32931e+07
6.36558e+07 -1.37573e+07
6.42731e+07 -1.43746e+07
6.46333e+07 -1.47348e+07
6.49837e+07 -1.50852e+07
6.52741e+07 -1.53756e+07
6.55584e+07 -1.56599e+07
6.59707e+07 -1.60722e+07
6.65286e+07 -1.66301e+07
6.68215e+07 -1.6923e+07
6.7032e+07 -1.71335e+07
6.73575e+07 -1.7459e+07
6.76592e+07 -1.77607e+07
