0 3.39933e-08
0 3.91215e+07
0 3.91215e+07
-1.75094e+08 2.14216e+08
-2.8155e+08 3.20672e+08
-2.97661e+08 3.36782e+08
-2.92364e+08 3.31486e+08
-2.7679e+08 3.15912e+08
-2.51094e+08 2.90215e+08
-2.13174e+08 2.52296e+08
-1.54881e+08 1.94002e+08
-3.59459e+07 7.50674e+07
5.33533e+08 0
5.33533e+08 0
5.33533e+08 0
5.33533e+08 0
5.33533e+08 0
5.33533e+08 0
5.33533e+08 0
5.33533e+08 0
5.33533e+08 0
5.33533e+08 0
5.33533e+08 0
5.33533e+08 0
5.33533e+08 0
5.33533e+08 0
5.33533e+08 0
5.33533e+08 0
5.33533e+08 0
5.33533e+08 0
5.33533e+08 0
5.33533e+08 0
5.33533e+08 0
5.33533e+08 0
5.33533e+08 0
5.33533e+08 0
5.33533e+08 0
5.33533e+08 0
5.33533e+08 0
5.33533e+08 0
5.33533e+08 0
5.33533e+08 0
5.33533e+08 0
5.33533e+08 0
5.33533e+08 0
5.33533e+08 0
5.33533e+08 0
5.33533e+08 0
5.33533e+08 0
5.33533e+08 0
5.33533e+08 0
5.33533e+08 0
5.33533e+08 0
5.33533e+08 0
5.33533e+08 0
5.33533e+08 0
5.33533e+08 0
5.33533e+08 0
5.33533e+08 0
5.33533e+08 0
5.33533e+08 0
5.33533e+08 0
5.33533e+08 0
5.33533e+08 0
5.33533e+08 0
5.33533e+08 0
5.33533e+08 0
5.33533e+08 0
5.33533e+08 0
5.33533e+08 0
5.33533e+08 0
5.33533e+08 0
5.33533e+08 0
5.33533e+08 0
5.33533e+08 0
5.33533e+08 0
5.33533e+08 0
5.33533e+08 0
5.33533e+08 0
5.33533e+08 0
5.33533e+08 0
5.33533e+08 0
5.33533e+08 0
5.33533e+08 0
5.33533e+08 0
5.33533e+08 0
5.33533e+08 0
5.33533e+08 0
5.33533e+08 0
5.33533e+08 0
5.33533e+08 0
5.33533e+08 0
5.33533e+08 0
5.33533e+08 0
5.33533e+08 0
5.33533e+08 0
5.33533e+08 0
5.33533e+08 0
5.33533e+08 0
5.33533e+08 0
5.33533e+08 0
5.33533e+08 0
5.33533e+08 0
