0 -1.53668e-07
0 3.40734e+07
0 3.40734e+07
-1.68857e+08 2.02931e+08
-2.61592e+08 2.95666e+08
-2.58291e+08 2.92364e+08
-2.26922e+08 2.60996e+08
-1.73477e+08 2.07551e+08
-8.69879e+07 1.21061e+08
6.69745e+08 0
6.69745e+08 0
6.69745e+08 0
6.69745e+08 0
6.69745e+08 0
6.69745e+08 0
6.69745e+08 0
6.69745e+08 0
6.69745e+08 0
6.69745e+08 0
6.69745e+08 0
6.69745e+08 0
6.69745e+08 0
6.69745e+08 0
6.69745e+08 0
6.69745e+08 0
6.69745e+08 0
6.69745e+08 0
6.69745e+08 0
6.69745e+08 0
6.69745e+08 0
6.69745e+08 0
6.69745e+08 0
6.69745e+08 0
6.69745e+08 0
6.69745e+08 0
6.69745e+08 0
6.69745e+08 0
6.69745e+08 0
6.69745e+08 0
6.69745e+08 0
6.69745e+08 0
6.69745e+08 0
6.69745e+08 0
6.69745e+08 0
6.69745e+08 0
6.69745e+08 0
6.69745e+08 0
6.69745e+08 0
6.69745e+08 0
6.69745e+08 0
6.69745e+08 0
6.69745e+08 0
6.69745e+08 0
6.69745e+08 0
6.69745e+08 0
6.69745e+08 0
6.69745e+08 0
6.69745e+08 0
6.69745e+08 0
6.69745e+08 0
6.69745e+08 0
6.69745e+08 0
6.69745e+08 0
6.69745e+08 0
6.69745e+08 0
6.69745e+08 0
6.69745e+08 0
6.69745e+08 0
6.69745e+08 0
6.69745e+08 0
6.69745e+08 0
6.69745e+08 0
6.69745e+08 0
6.69745e+08 0
6.69745e+08 0
6.69745e+08 0
6.69745e+08 0
6.69745e+08 0
6.69745e+08 0
6.69745e+08 0
6.69745e+08 0
6.69745e+08 0
6.69745e+08 0
6.69745e+08 0
6.69745e+08 0
6.69745e+08 0
6.69745e+08 0
6.69745e+08 0
6.69745e+08 0
6.69745e+08 0
6.69745e+08 0
6.69745e+08 0
6.69745e+08 0
6.69745e+08 0
6.69745e+08 0
6.69745e+08 0
6.69745e+08 0
6.69745e+08 0
6.69745e+08 0
6.69745e+08 0
6.69745e+08 0
6.69745e+08 0
6.69745e+08 0
