0 3.81842e-08
0 -8.7974e+07
0 -8.7974e+07
7.08707e+07 -1.58845e+08
8.25724e+07 -1.70546e+08
9.1383e+07 -1.79357e+08
9.88439e+07 -1.86818e+08
1.05922e+08 -1.93896e+08
1.11115e+08 -1.99089e+08
1.15205e+08 -2.03179e+08
1.18393e+08 -2.06367e+08
1.20938e+08 -2.08912e+08
1.22999e+08 -2.10973e+08
1.24595e+08 -2.12569e+08
1.25744e+08 -2.13718e+08
1.26471e+08 -2.14445e+08
1.26858e+08 -2.14832e+08
1.26992e+08 -2.14966e+08
1.2725e+08 -2.15631e+08
1.27098e+08 -2.15072e+08
1.26956e+08 -2.1493e+08
1.26509e+08 -2.14483e+08
1.25887e+08 -2.13861e+08
1.25078e+08 -2.13052e+08
1.24041e+08 -2.12015e+08
1.22733e+08 -2.10707e+08
1.21076e+08 -2.0905e+08
1.18996e+08 -2.0697e+08
1.16419e+08 -2.04393e+08
1.13217e+08 -2.01191e+08
1.09309e+08 -1.97283e+08
1.04461e+08 -1.92435e+08
9.83788e+07 -1.86353e+08
9.25488e+07 -1.80523e+08
8.74114e+07 -1.75385e+08
8.29324e+07 -1.70906e+08
7.90553e+07 -1.67029e+08
7.56095e+07 -1.63584e+08
7.25793e+07 -1.60553e+08
6.99178e+07 -1.57892e+08
6.75284e+07 -1.55502e+08
6.54487e+07 -1.53423e+08
5.51128e+07 -1.43087e+08
5.51757e+07 -1.4315e+08
5.46577e+07 -1.42632e+08
5.3608e+07 -1.41582e+08
5.25181e+07 -1.40492e+08
5.13346e+07 -1.39309e+08
5.0341e+07 -1.38315e+08
4.93676e+07 -1.37342e+08
4.85016e+07 -1.36476e+08
4.77071e+07 -1.35681e+08
4.70588e+07 -1.35033e+08
4.63871e+07 -1.34361e+08
4.58047e+07 -1.33779e+08
4.51916e+07 -1.33166e+08
4.46516e+07 -1.32626e+08
4.41207e+07 -1.32095e+08
4.34368e+07 -1.31327e+08
4.3291e+07 -1.31265e+08
4.2564e+07 -1.30538e+08
4.17887e+07 -1.29763e+08
5.32864e+07 0
5.32864e+07 0
5.32864e+07 0
5.32864e+07 0
5.32864e+07 0
5.32864e+07 0
5.32864e+07 0
5.32864e+07 0
5.32864e+07 0
5.32864e+07 0
5.32864e+07 0
5.32864e+07 0
5.32864e+07 0
5.32864e+07 0
5.32864e+07 0
5.32864e+07 0
5.32864e+07 0
5.32864e+07 0
5.32864e+07 0
5.32864e+07 0
5.32864e+07 0
5.32864e+07 0
5.32864e+07 0
5.32864e+07 0
5.32864e+07 0
5.32864e+07 0
5.32864e+07 0
5.32864e+07 0
5.32864e+07 0
5.32864e+07 0
5.32864e+07 0
5.32864e+07 0
5.32864e+07 0
5.32864e+07 0
5.32864e+07 0
5.32864e+07 0
5.32864e+07 0
5.32864e+07 0
5.32864e+07 0
5.32864e+07 0
5.32864e+07 0
