0 -1.29379e-07
0 3.48427e-06
0 1.3249e-06
1.61043e+08 1.13249e-05
2.1168e+08 2.13249e-05
2.31989e+08 3.13249e-05
2.43894e+08 4.13249e-05
2.50265e+08 5.13249e-05
2.53307e+08 6.13249e-05
2.55384e+08 7.13249e-05
2.55512e+08 8.13249e-05
2.54637e+08 9.13249e-05
2.52904e+08 0.000101325
2.50388e+08 0.000111325
2.47084e+08 0.000121325
2.4298e+08 0.000131325
2.38004e+08 0.000141325
2.31959e+08 0.000151325
2.24623e+08 0.000161325
2.15565e+08 0.000171325
2.03651e+08 0.000181325
1.78715e+08 0.000191325
1.28226e+08 0.000201325
7.1784e+07 0.000211325
1.40633e+07 0.000221325
2.47011e+08 0.000231325
2.47011e+08 0.000241325
2.47011e+08 0.000251325
2.47011e+08 0.000261325
2.47011e+08 0.000271325
2.47011e+08 0.000281325
2.47011e+08 0.000291325
2.47011e+08 0.000301325
2.47011e+08 0.000311325
2.47011e+08 0.000321325
2.47011e+08 0.000331325
2.47011e+08 0.000341325
2.47011e+08 0.000351325
2.47011e+08 0.000361325
2.47011e+08 0.000371325
2.47011e+08 0.000381325
2.47011e+08 0.000391325
2.47011e+08 0.000401325
2.47011e+08 0.000411325
2.47011e+08 0.000421325
2.47011e+08 0.000431325
2.47011e+08 0.000441325
2.47011e+08 0.000451325
2.47011e+08 0.000461325
2.47011e+08 0.000471325
2.47011e+08 0.000481325
2.47011e+08 0.000491325
2.47011e+08 0.000501325
2.47011e+08 0.000511325
2.47011e+08 0.000521325
2.47011e+08 0.000531325
2.47011e+08 0.000541325
2.47011e+08 0.000551325
2.47011e+08 0.000561325
2.47011e+08 0.000571325
2.47011e+08 0.000581325
2.47011e+08 0.000591325
2.47011e+08 0.000601325
2.47011e+08 0.000611325
2.47011e+08 0.000621325
2.47011e+08 0.000631325
2.47011e+08 0.000641325
2.47011e+08 0.000651325
2.47011e+08 0.000661325
2.47011e+08 0.000671325
2.47011e+08 0.000681325
2.47011e+08 0.000691325
2.47011e+08 0.000701325
2.47011e+08 0.000711325
2.47011e+08 0.000721325
2.47011e+08 0.000731325
2.47011e+08 0.000741325
2.47011e+08 0.000751325
2.47011e+08 0.000761325
2.47011e+08 0.000771325
2.47011e+08 0.000781325
2.47011e+08 0.000791325
2.47011e+08 0.000801325
2.47011e+08 0.000811325
2.47011e+08 0.000821325
2.47011e+08 0.000831325
2.47011e+08 0.000841325
2.47011e+08 0.000851325
2.47011e+08 0.000861325
2.47011e+08 0.000871325
2.47011e+08 0.000881325
2.47011e+08 0.000891325
2.47011e+08 0.000901325
2.47011e+08 0.000911325
2.47011e+08 0.000921325
2.47011e+08 0.000931325
2.47011e+08 0.000941325
2.47011e+08 0.000951325
2.47011e+08 0.000961325
2.47011e+08 0.000971325
2.47011e+08 0.000981325
2.47011e+08 0.000991325
2.47011e+08 0.00100132
