0 3.03809e-06
0 -4.53554e-06
0 4.00469e-08
-1.68699e+08 1.68699e+08
-2.83924e+08 2.83924e+08
-3.22207e+08 3.22207e+08
-3.4158e+08 3.4158e+08
-3.50429e+08 3.50429e+08
-3.52777e+08 3.52777e+08
-3.50673e+08 3.50673e+08
-3.44743e+08 3.44743e+08
-3.35044e+08 3.35044e+08
-3.21337e+08 3.21337e+08
-3.02595e+08 3.02595e+08
-2.77097e+08 2.77097e+08
-2.41387e+08 2.41387e+08
-1.94164e+08 1.94164e+08
-1.42149e+08 1.42149e+08
-8.14302e+07 8.14302e+07
4.22787e+07 -4.22787e+07
2.11489e+08 -2.11489e+08
4.52582e+08 0
4.52582e+08 0
4.52582e+08 0
4.52582e+08 0
4.52582e+08 0
4.52582e+08 0
4.52582e+08 0
4.52582e+08 0
4.52582e+08 0
4.52582e+08 0
4.52582e+08 0
4.52582e+08 0
4.52582e+08 0
4.52582e+08 0
4.52582e+08 0
4.52582e+08 0
4.52582e+08 0
4.52582e+08 0
4.52582e+08 0
4.52582e+08 0
4.52582e+08 0
4.52582e+08 0
4.52582e+08 0
4.52582e+08 0
4.52582e+08 0
4.52582e+08 0
4.52582e+08 0
4.52582e+08 0
4.52582e+08 0
4.52582e+08 0
4.52582e+08 0
4.52582e+08 0
4.52582e+08 0
4.52582e+08 0
4.52582e+08 0
4.52582e+08 0
4.52582e+08 0
4.52582e+08 0
4.52582e+08 0
4.52582e+08 0
4.52582e+08 0
4.52582e+08 0
4.52582e+08 0
4.52582e+08 0
4.52582e+08 0
4.52582e+08 0
4.52582e+08 0
4.52582e+08 0
4.52582e+08 0
4.52582e+08 0
4.52582e+08 0
4.52582e+08 0
4.52582e+08 0
4.52582e+08 0
4.52582e+08 0
4.52582e+08 0
4.52582e+08 0
4.52582e+08 0
4.52582e+08 0
4.52582e+08 0
4.52582e+08 0
4.52582e+08 0
4.52582e+08 0
4.52582e+08 0
4.52582e+08 0
4.52582e+08 0
4.52582e+08 0
4.52582e+08 0
4.52582e+08 0
4.52582e+08 0
4.52582e+08 0
4.52582e+08 0
4.52582e+08 0
4.52582e+08 0
4.52582e+08 0
4.52582e+08 0
4.52582e+08 0
4.52582e+08 0
4.52582e+08 0
4.52582e+08 0
4.52582e+08 0
4.52582e+08 0
