0 -1.67405e-06
0 -8.1749e+07
0 -8.1749e+07
1.49903e+08 -2.31652e+08
2.10223e+08 -2.91972e+08
2.34323e+08 -3.16072e+08
2.4609e+08 -3.27839e+08
2.51742e+08 -3.33491e+08
2.53603e+08 -3.35352e+08
2.53362e+08 -3.35111e+08
2.51701e+08 -3.3345e+08
2.48979e+08 -3.30728e+08
2.45288e+08 -3.27037e+08
2.40677e+08 -3.22426e+08
2.35099e+08 -3.16848e+08
2.28437e+08 -3.10186e+08
2.20213e+08 -3.01962e+08
2.08994e+08 -2.90743e+08
1.9367e+08 -2.75419e+08
1.69607e+08 -2.51356e+08
1.31471e+08 -2.1322e+08
-1.79547e+08 9.7798e+07
3.78704e+08 0
3.78704e+08 0
3.78704e+08 0
3.78704e+08 0
3.78704e+08 0
3.78704e+08 0
3.78704e+08 0
3.78704e+08 0
3.78704e+08 0
3.78704e+08 0
3.78704e+08 0
3.78704e+08 0
3.78704e+08 0
3.78704e+08 0
3.78704e+08 0
3.78704e+08 0
3.78704e+08 0
3.78704e+08 0
3.78704e+08 0
3.78704e+08 0
3.78704e+08 0
3.78704e+08 0
3.78704e+08 0
3.78704e+08 0
3.78704e+08 0
3.78704e+08 0
3.78704e+08 0
3.78704e+08 0
3.78704e+08 0
3.78704e+08 0
3.78704e+08 0
3.78704e+08 0
3.78704e+08 0
3.78704e+08 0
3.78704e+08 0
3.78704e+08 0
3.78704e+08 0
3.78704e+08 0
3.78704e+08 0
3.78704e+08 0
3.78704e+08 0
3.78704e+08 0
3.78704e+08 0
3.78704e+08 0
3.78704e+08 0
3.78704e+08 0
3.78704e+08 0
3.78704e+08 0
3.78704e+08 0
3.78704e+08 0
3.78704e+08 0
3.78704e+08 0
3.78704e+08 0
3.78704e+08 0
3.78704e+08 0
3.78704e+08 0
3.78704e+08 0
3.78704e+08 0
3.78704e+08 0
3.78704e+08 0
3.78704e+08 0
3.78704e+08 0
3.78704e+08 0
3.78704e+08 0
3.78704e+08 0
3.78704e+08 0
3.78704e+08 0
3.78704e+08 0
3.78704e+08 0
3.78704e+08 0
3.78704e+08 0
3.78704e+08 0
3.78704e+08 0
3.78704e+08 0
3.78704e+08 0
3.78704e+08 0
3.78704e+08 0
3.78704e+08 0
3.78704e+08 0
3.78704e+08 0
3.78704e+08 0
