0 -5.02914e-08
0 1.56486e+08
0 1.56486e+08
-6.71798e+07 2.25135e+08
-5.1116e+06 1.61598e+08
1.18419e+08 4.32562e+07
1.18544e+09 0
1.18544e+09 0
1.18544e+09 0
1.18544e+09 0
1.18544e+09 0
1.18544e+09 0
1.18544e+09 0
1.18544e+09 0
1.18544e+09 0
1.18544e+09 0
1.18544e+09 0
1.18544e+09 0
1.18544e+09 0
1.18544e+09 0
1.18544e+09 0
1.18544e+09 0
1.18544e+09 0
1.18544e+09 0
1.18544e+09 0
1.18544e+09 0
1.18544e+09 0
1.18544e+09 0
1.18544e+09 0
1.18544e+09 0
1.18544e+09 0
1.18544e+09 0
1.18544e+09 0
1.18544e+09 0
1.18544e+09 0
1.18544e+09 0
1.18544e+09 0
1.18544e+09 0
1.18544e+09 0
1.18544e+09 0
1.18544e+09 0
1.18544e+09 0
1.18544e+09 0
1.18544e+09 0
1.18544e+09 0
1.18544e+09 0
1.18544e+09 0
1.18544e+09 0
1.18544e+09 0
1.18544e+09 0
1.18544e+09 0
1.18544e+09 0
1.18544e+09 0
1.18544e+09 0
1.18544e+09 0
1.18544e+09 0
1.18544e+09 0
1.18544e+09 0
1.18544e+09 0
1.18544e+09 0
1.18544e+09 0
1.18544e+09 0
1.18544e+09 0
1.18544e+09 0
1.18544e+09 0
1.18544e+09 0
1.18544e+09 0
1.18544e+09 0
1.18544e+09 0
1.18544e+09 0
1.18544e+09 0
1.18544e+09 0
1.18544e+09 0
1.18544e+09 0
1.18544e+09 0
1.18544e+09 0
1.18544e+09 0
1.18544e+09 0
1.18544e+09 0
1.18544e+09 0
1.18544e+09 0
1.18544e+09 0
1.18544e+09 0
1.18544e+09 0
1.18544e+09 0
1.18544e+09 0
1.18544e+09 0
1.18544e+09 0
1.18544e+09 0
1.18544e+09 0
1.18544e+09 0
1.18544e+09 0
1.18544e+09 0
1.18544e+09 0
1.18544e+09 0
1.18544e+09 0
1.18544e+09 0
1.18544e+09 0
1.18544e+09 0
1.18544e+09 0
1.18544e+09 0
1.18544e+09 0
1.18544e+09 0
