0 -6.91809e-06
0 -1.14371e-05
0 -7.80361e-06
-1.0609e+08 -1.78036e-05
-1.16266e+08 -2.78036e-05
-6.05695e+07 -3.78036e-05
2.23048e+08 -4.78036e-05
1.11794e+09 -5.78036e-05
1.11794e+09 -6.78036e-05
1.11794e+09 -7.78036e-05
1.11794e+09 -8.78036e-05
1.11794e+09 -9.78036e-05
1.11794e+09 -0.000107804
1.11794e+09 -0.000117804
1.11794e+09 -0.000127804
1.11794e+09 -0.000137804
1.11794e+09 -0.000147804
1.11794e+09 -0.000157804
1.11794e+09 -0.000167804
1.11794e+09 -0.000177804
1.11794e+09 -0.000187804
1.11794e+09 -0.000197804
1.11794e+09 -0.000207804
1.11794e+09 -0.000217804
1.11794e+09 -0.000227804
1.11794e+09 -0.000237804
1.11794e+09 -0.000247804
1.11794e+09 -0.000257804
1.11794e+09 -0.000267804
1.11794e+09 -0.000277804
1.11794e+09 -0.000287804
1.11794e+09 -0.000297804
1.11794e+09 -0.000307804
1.11794e+09 -0.000317804
1.11794e+09 -0.000327804
1.11794e+09 -0.000337804
1.11794e+09 -0.000347804
1.11794e+09 -0.000357804
1.11794e+09 -0.000367804
1.11794e+09 -0.000377804
1.11794e+09 -0.000387804
1.11794e+09 -0.000397804
1.11794e+09 -0.000407804
1.11794e+09 -0.000417804
1.11794e+09 -0.000427804
1.11794e+09 -0.000437804
1.11794e+09 -0.000447804
1.11794e+09 -0.000457804
1.11794e+09 -0.000467804
1.11794e+09 -0.000477804
1.11794e+09 -0.000487804
1.11794e+09 -0.000497804
1.11794e+09 -0.000507804
1.11794e+09 -0.000517804
1.11794e+09 -0.000527804
1.11794e+09 -0.000537804
1.11794e+09 -0.000547804
1.11794e+09 -0.000557804
1.11794e+09 -0.000567804
1.11794e+09 -0.000577804
1.11794e+09 -0.000587804
1.11794e+09 -0.000597804
1.11794e+09 -0.000607804
1.11794e+09 -0.000617804
1.11794e+09 -0.000627804
1.11794e+09 -0.000637804
1.11794e+09 -0.000647804
1.11794e+09 -0.000657804
1.11794e+09 -0.000667804
1.11794e+09 -0.000677804
1.11794e+09 -0.000687804
1.11794e+09 -0.000697804
1.11794e+09 -0.000707804
1.11794e+09 -0.000717804
1.11794e+09 -0.000727804
1.11794e+09 -0.000737804
1.11794e+09 -0.000747804
1.11794e+09 -0.000757804
1.11794e+09 -0.000767804
1.11794e+09 -0.000777804
1.11794e+09 -0.000787804
1.11794e+09 -0.000797804
1.11794e+09 -0.000807804
1.11794e+09 -0.000817804
1.11794e+09 -0.000827804
1.11794e+09 -0.000837804
1.11794e+09 -0.000847804
1.11794e+09 -0.000857804
1.11794e+09 -0.000867804
1.11794e+09 -0.000877804
1.11794e+09 -0.000887804
1.11794e+09 -0.000897804
1.11794e+09 -0.000907804
1.11794e+09 -0.000917804
1.11794e+09 -0.000927804
1.11794e+09 -0.000937804
1.11794e+09 -0.000947804
1.11794e+09 -0.000957804
1.11794e+09 -0.000967804
1.11794e+09 -0.000977804
1.11794e+09 -0.000987804
1.11794e+09 -0.000997804
1.11794e+09 -0.0010078
