0 -1.67405e-06
0 -8.1749e+07
0 -8.1749e+07
786634 -8.25356e+07
1.50232e+06 -8.32513e+07
2.16332e+06 -8.39123e+07
2.78488e+06 -8.45339e+07
3.36334e+06 -8.51123e+07
3.90246e+06 -8.56515e+07
4.41573e+06 -8.61647e+07
4.89421e+06 -8.66432e+07
5.337e+06 -8.7086e+07
5.75675e+06 -8.75057e+07
6.15819e+06 -8.79072e+07
6.54232e+06 -8.82913e+07
6.90459e+06 -8.86536e+07
7.24736e+06 -8.89964e+07
7.57376e+06 -8.93228e+07
7.88289e+06 -8.96319e+07
8.17977e+06 -8.99288e+07
8.46586e+06 -9.02149e+07
8.73762e+06 -9.04866e+07
8.99485e+06 -9.07439e+07
9.23906e+06 -9.09881e+07
9.47214e+06 -9.12211e+07
9.69533e+06 -9.14443e+07
9.90917e+06 -9.16582e+07
1.01142e+07 -9.18632e+07
1.03128e+07 -9.20618e+07
1.05054e+07 -9.22544e+07
1.06926e+07 -9.24416e+07
1.08748e+07 -9.26238e+07
1.10524e+07 -9.28014e+07
1.12243e+07 -9.29733e+07
1.13908e+07 -9.31398e+07
2.78037e+06 -8.45294e+07
2.93493e+06 -8.46839e+07
3.08675e+06 -8.48358e+07
3.23587e+06 -8.49849e+07
3.38242e+06 -8.51314e+07
3.52656e+06 -8.52756e+07
3.66836e+06 -8.54174e+07
3.80663e+06 -8.55556e+07
3.94165e+06 -8.56907e+07
4.07403e+06 -8.5823e+07
4.20419e+06 -8.59532e+07
4.33242e+06 -8.60814e+07
4.45892e+06 -8.62079e+07
4.58384e+06 -8.63328e+07
4.7073e+06 -8.64563e+07
4.8294e+06 -8.65784e+07
4.95024e+06 -8.66992e+07
5.06989e+06 -8.68189e+07
5.18844e+06 -8.69374e+07
5.30596e+06 -8.7055e+07
5.42252e+06 -8.71715e+07
5.53817e+06 -8.72872e+07
5.65204e+06 -8.7401e+07
5.76431e+06 -8.75133e+07
5.87645e+06 -8.76255e+07
5.98833e+06 -8.77373e+07
6.09993e+06 -8.78489e+07
6.21122e+06 -8.79602e+07
6.32155e+06 -8.80705e+07
6.43024e+06 -8.81792e+07
6.53732e+06 -8.82863e+07
6.6431e+06 -8.83921e+07
6.74799e+06 -8.8497e+07
6.85233e+06 -8.86013e+07
6.95633e+06 -8.87053e+07
7.06009e+06 -8.88091e+07
7.16367e+06 -8.89127e+07
7.26709e+06 -8.90161e+07
7.37039e+06 -8.91194e+07
7.47357e+06 -8.92226e+07
7.57665e+06 -8.93257e+07
7.67966e+06 -8.94287e+07
7.7826e+06 -8.95316e+07
7.88549e+06 -8.96345e+07
7.98835e+06 -8.97373e+07
8.09119e+06 -8.98402e+07
-5.30486e+07 -2.87004e+07
-5.09855e+07 -3.07635e+07
-4.95624e+07 -3.21866e+07
-4.83663e+07 -3.33827e+07
-4.74183e+07 -3.43307e+07
-4.66456e+07 -3.51034e+07
-4.59051e+07 -3.58439e+07
-4.51499e+07 -3.65991e+07
-4.43756e+07 -3.72513e+07
-4.36215e+07 -3.81275e+07
-4.32582e+07 -3.84908e+07
-4.32357e+07 -3.85133e+07
-4.32294e+07 -3.85196e+07
-4.32403e+07 -3.85087e+07
-4.32565e+07 -3.84925e+07
-4.3282e+07 -3.8467e+07
-4.33144e+07 -3.84346e+07
-4.33476e+07 -3.84014e+07
-4.33827e+07 -3.83663e+07
-4.34183e+07 -3.83307e+07
-4.34562e+07 -3.82928e+07
-4.34952e+07 -3.82538e+07
