0 -1.65217e-06
0 -8.34713e+07
0 -8.34713e+07
7.46721e+07 -1.58143e+08
7.96014e+07 -1.63073e+08
2.04311e+07 -1.03902e+08
-1.35836e+08 1.84672e+07
-2.31964e+08 6.65185e+07
-4.63627e+07 9.99461e+07
1.11371e+09 0
1.11371e+09 0
1.11371e+09 0
1.11371e+09 0
1.11371e+09 0
1.11371e+09 0
1.11371e+09 0
1.11371e+09 0
1.11371e+09 0
1.11371e+09 0
1.11371e+09 0
1.11371e+09 0
1.11371e+09 0
1.11371e+09 0
1.11371e+09 0
1.11371e+09 0
1.11371e+09 0
1.11371e+09 0
1.11371e+09 0
1.11371e+09 0
1.11371e+09 0
1.11371e+09 0
1.11371e+09 0
1.11371e+09 0
1.11371e+09 0
1.11371e+09 0
1.11371e+09 0
1.11371e+09 0
1.11371e+09 0
1.11371e+09 0
1.11371e+09 0
1.11371e+09 0
1.11371e+09 0
1.11371e+09 0
1.11371e+09 0
1.11371e+09 0
1.11371e+09 0
1.11371e+09 0
1.11371e+09 0
1.11371e+09 0
1.11371e+09 0
1.11371e+09 0
1.11371e+09 0
1.11371e+09 0
1.11371e+09 0
1.11371e+09 0
1.11371e+09 0
1.11371e+09 0
1.11371e+09 0
1.11371e+09 0
1.11371e+09 0
1.11371e+09 0
1.11371e+09 0
1.11371e+09 0
1.11371e+09 0
1.11371e+09 0
1.11371e+09 0
1.11371e+09 0
1.11371e+09 0
1.11371e+09 0
1.11371e+09 0
1.11371e+09 0
1.11371e+09 0
1.11371e+09 0
1.11371e+09 0
1.11371e+09 0
1.11371e+09 0
1.11371e+09 0
1.11371e+09 0
1.11371e+09 0
1.11371e+09 0
1.11371e+09 0
1.11371e+09 0
1.11371e+09 0
1.11371e+09 0
1.11371e+09 0
1.11371e+09 0
1.11371e+09 0
1.11371e+09 0
1.11371e+09 0
1.11371e+09 0
1.11371e+09 0
1.11371e+09 0
1.11371e+09 0
1.11371e+09 0
1.11371e+09 0
1.11371e+09 0
1.11371e+09 0
1.11371e+09 0
1.11371e+09 0
1.11371e+09 0
1.11371e+09 0
1.11371e+09 0
1.11371e+09 0
