0 1.71177e-06
0 -1.59888e+08
0 -1.59888e+08
4.75783e+08 0
4.75783e+08 0
4.75783e+08 0
4.75783e+08 0
4.75783e+08 0
4.75783e+08 0
4.75783e+08 0
4.75783e+08 0
4.75783e+08 0
4.75783e+08 0
4.75783e+08 0
4.75783e+08 0
4.75783e+08 0
4.75783e+08 0
4.75783e+08 0
4.75783e+08 0
4.75783e+08 0
4.75783e+08 0
4.75783e+08 0
4.75783e+08 0
4.75783e+08 0
4.75783e+08 0
4.75783e+08 0
4.75783e+08 0
4.75783e+08 0
4.75783e+08 0
4.75783e+08 0
4.75783e+08 0
4.75783e+08 0
4.75783e+08 0
4.75783e+08 0
4.75783e+08 0
4.75783e+08 0
4.75783e+08 0
4.75783e+08 0
4.75783e+08 0
4.75783e+08 0
4.75783e+08 0
4.75783e+08 0
4.75783e+08 0
4.75783e+08 0
4.75783e+08 0
4.75783e+08 0
4.75783e+08 0
4.75783e+08 0
4.75783e+08 0
4.75783e+08 0
4.75783e+08 0
4.75783e+08 0
4.75783e+08 0
4.75783e+08 0
4.75783e+08 0
4.75783e+08 0
4.75783e+08 0
4.75783e+08 0
4.75783e+08 0
4.75783e+08 0
4.75783e+08 0
4.75783e+08 0
4.75783e+08 0
4.75783e+08 0
4.75783e+08 0
4.75783e+08 0
4.75783e+08 0
4.75783e+08 0
4.75783e+08 0
4.75783e+08 0
4.75783e+08 0
4.75783e+08 0
4.75783e+08 0
4.75783e+08 0
4.75783e+08 0
4.75783e+08 0
4.75783e+08 0
4.75783e+08 0
4.75783e+08 0
4.75783e+08 0
4.75783e+08 0
4.75783e+08 0
4.75783e+08 0
4.75783e+08 0
4.75783e+08 0
4.75783e+08 0
4.75783e+08 0
4.75783e+08 0
4.75783e+08 0
4.75783e+08 0
4.75783e+08 0
4.75783e+08 0
4.75783e+08 0
4.75783e+08 0
4.75783e+08 0
4.75783e+08 0
4.75783e+08 0
4.75783e+08 0
4.75783e+08 0
4.75783e+08 0
4.75783e+08 0
4.75783e+08 0
4.75783e+08 0
