0 -2.12947e-06
0 3.54371e+07
0 3.54371e+07
-1.55348e+08 1.90785e+08
-1.95568e+08 2.31005e+08
-1.56969e+08 1.92406e+08
-5.36636e+07 8.91007e+07
1.06439e+09 0
1.06439e+09 0
1.06439e+09 0
1.06439e+09 0
1.06439e+09 0
1.06439e+09 0
1.06439e+09 0
1.06439e+09 0
1.06439e+09 0
1.06439e+09 0
1.06439e+09 0
1.06439e+09 0
1.06439e+09 0
1.06439e+09 0
1.06439e+09 0
1.06439e+09 0
1.06439e+09 0
1.06439e+09 0
1.06439e+09 0
1.06439e+09 0
1.06439e+09 0
1.06439e+09 0
1.06439e+09 0
1.06439e+09 0
1.06439e+09 0
1.06439e+09 0
1.06439e+09 0
1.06439e+09 0
1.06439e+09 0
1.06439e+09 0
1.06439e+09 0
1.06439e+09 0
1.06439e+09 0
1.06439e+09 0
1.06439e+09 0
1.06439e+09 0
1.06439e+09 0
1.06439e+09 0
1.06439e+09 0
1.06439e+09 0
1.06439e+09 0
1.06439e+09 0
1.06439e+09 0
1.06439e+09 0
1.06439e+09 0
1.06439e+09 0
1.06439e+09 0
1.06439e+09 0
1.06439e+09 0
1.06439e+09 0
1.06439e+09 0
1.06439e+09 0
1.06439e+09 0
1.06439e+09 0
1.06439e+09 0
1.06439e+09 0
1.06439e+09 0
1.06439e+09 0
1.06439e+09 0
1.06439e+09 0
1.06439e+09 0
1.06439e+09 0
1.06439e+09 0
1.06439e+09 0
1.06439e+09 0
1.06439e+09 0
1.06439e+09 0
1.06439e+09 0
1.06439e+09 0
1.06439e+09 0
1.06439e+09 0
1.06439e+09 0
1.06439e+09 0
1.06439e+09 0
1.06439e+09 0
1.06439e+09 0
1.06439e+09 0
1.06439e+09 0
1.06439e+09 0
1.06439e+09 0
1.06439e+09 0
1.06439e+09 0
1.06439e+09 0
1.06439e+09 0
1.06439e+09 0
1.06439e+09 0
1.06439e+09 0
1.06439e+09 0
1.06439e+09 0
1.06439e+09 0
1.06439e+09 0
1.06439e+09 0
1.06439e+09 0
1.06439e+09 0
1.06439e+09 0
1.06439e+09 0
