0 -8.49214e-07
0 -4.58186e-05
0 -829146
-15 -829146
-30 -829146
-45 -829146
-60 -829146
-75 -829146
-90 -829146
-105 -829146
-120 -829146
-135 -829146
-150 -829146
-165 -829146
-180 -829146
-195 -829146
-210 -829146
-225 -829146
-240 -829146
-255 -829146
-270 -829146
-285 -829146
-300 -829146
-315 -829146
-330 -829146
-345 -829146
-360 -829146
-375 -829146
-390 -829146
-405 -829146
-420 -829146
-435 -829146
-450 -829146
-465 -829146
-480 -829146
-495 -829146
-510 -829146
-525 -829146
-540 -829146
-555 -829146
-570 -829146
-585 -829146
-600 -829146
-615 -829146
-630 -829146
-645 -829146
-660 -829146
-675 -829146
-690 -829146
-705 -829146
-720 -829146
-735 -829146
-750 -829146
-765 -829146
-780 -829146
-795 -829146
-810 -829146
-825 -829146
-840 -829146
-855 -829146
-870 -829146
-885 -829146
-900 -829146
-915 -829146
-930 -829146
-945 -829146
-960 -829146
-975 -829146
-990 -829146
-1005 -829146
-1020 -829146
-1035 -829146
-1050 -829146
-1065 -829146
-1080 -829146
-1095 -829146
-1110 -829146
-1125 -829146
-1140 -829146
-1155 -829146
-1170 -829146
-1185 -829146
-1200 -829146
-1215 -829146
-1230 -829146
-1245 -829146
-1260 -829146
-1275 -829146
-1290 -829146
-1305 -829146
-1320 -829146
-1335 -829146
-1350 -829146
-1365 -829146
-1380 -829146
-1395 -829146
-1410 -829146
-1425 -829146
-1440 -829146
-1455 -829146
-1470 -829146
-1485 -829146
-1500 -829146
