0 2.129e-06
0 -9.71907e+07
0 -9.71907e+07
2.59661e+07 -1.23157e+08
-5.96598e+07 -4.23221e+07
8.91632e+08 0
8.91632e+08 0
8.91632e+08 0
8.91632e+08 0
8.91632e+08 0
8.91632e+08 0
8.91632e+08 0
8.91632e+08 0
8.91632e+08 0
8.91632e+08 0
8.91632e+08 0
8.91632e+08 0
8.91632e+08 0
8.91632e+08 0
8.91632e+08 0
8.91632e+08 0
8.91632e+08 0
8.91632e+08 0
8.91632e+08 0
8.91632e+08 0
8.91632e+08 0
8.91632e+08 0
8.91632e+08 0
8.91632e+08 0
8.91632e+08 0
8.91632e+08 0
8.91632e+08 0
8.91632e+08 0
8.91632e+08 0
8.91632e+08 0
8.91632e+08 0
8.91632e+08 0
8.91632e+08 0
8.91632e+08 0
8.91632e+08 0
8.91632e+08 0
8.91632e+08 0
8.91632e+08 0
8.91632e+08 0
8.91632e+08 0
8.91632e+08 0
8.91632e+08 0
8.91632e+08 0
8.91632e+08 0
8.91632e+08 0
8.91632e+08 0
8.91632e+08 0
8.91632e+08 0
8.91632e+08 0
8.91632e+08 0
8.91632e+08 0
8.91632e+08 0
8.91632e+08 0
8.91632e+08 0
8.91632e+08 0
8.91632e+08 0
8.91632e+08 0
8.91632e+08 0
8.91632e+08 0
8.91632e+08 0
8.91632e+08 0
8.91632e+08 0
8.91632e+08 0
8.91632e+08 0
8.91632e+08 0
8.91632e+08 0
8.91632e+08 0
8.91632e+08 0
8.91632e+08 0
8.91632e+08 0
8.91632e+08 0
8.91632e+08 0
8.91632e+08 0
8.91632e+08 0
8.91632e+08 0
8.91632e+08 0
8.91632e+08 0
8.91632e+08 0
8.91632e+08 0
8.91632e+08 0
8.91632e+08 0
8.91632e+08 0
8.91632e+08 0
8.91632e+08 0
8.91632e+08 0
8.91632e+08 0
8.91632e+08 0
8.91632e+08 0
8.91632e+08 0
8.91632e+08 0
8.91632e+08 0
8.91632e+08 0
8.91632e+08 0
8.91632e+08 0
8.91632e+08 0
8.91632e+08 0
8.91632e+08 0
8.91632e+08 0
