0 -7.40401e-08
0 9.65295e+07
0 9.65295e+07
-1.3851e+08 2.3504e+08
-1.86458e+08 2.82987e+08
-2.09532e+08 3.06061e+08
-2.21402e+08 3.17932e+08
-2.27508e+08 3.24037e+08
-2.29384e+08 3.25913e+08
-2.27509e+08 3.24038e+08
-2.22762e+08 3.19291e+08
-2.16131e+08 3.1266e+08
-2.0632e+08 3.0285e+08
-1.91898e+08 2.88427e+08
-1.71088e+08 2.67618e+08
-1.35846e+08 2.32376e+08
-6.3441e+07 1.59971e+08
7.40646e+06 8.9123e+07
6.59533e+07 3.05762e+07
1.4178e+08 -4.52502e+07
2.29541e+08 -1.33012e+08
2.38705e+08 -5.3538e+07
4.16048e+08 -1.51993e+08
3.7905e+08 0
3.7905e+08 0
3.7905e+08 0
3.7905e+08 0
3.7905e+08 0
3.7905e+08 0
3.7905e+08 0
3.7905e+08 0
3.7905e+08 0
3.7905e+08 0
3.7905e+08 0
3.7905e+08 0
3.7905e+08 0
3.7905e+08 0
3.7905e+08 0
3.7905e+08 0
3.7905e+08 0
3.7905e+08 0
3.7905e+08 0
3.7905e+08 0
3.7905e+08 0
3.7905e+08 0
3.7905e+08 0
3.7905e+08 0
3.7905e+08 0
3.7905e+08 0
3.7905e+08 0
3.7905e+08 0
3.7905e+08 0
3.7905e+08 0
3.7905e+08 0
3.7905e+08 0
3.7905e+08 0
3.7905e+08 0
3.7905e+08 0
3.7905e+08 0
3.7905e+08 0
3.7905e+08 0
3.7905e+08 0
3.7905e+08 0
3.7905e+08 0
3.7905e+08 0
3.7905e+08 0
3.7905e+08 0
3.7905e+08 0
3.7905e+08 0
3.7905e+08 0
3.7905e+08 0
3.7905e+08 0
3.7905e+08 0
3.7905e+08 0
3.7905e+08 0
3.7905e+08 0
3.7905e+08 0
3.7905e+08 0
3.7905e+08 0
3.7905e+08 0
3.7905e+08 0
3.7905e+08 0
3.7905e+08 0
3.7905e+08 0
3.7905e+08 0
3.7905e+08 0
3.7905e+08 0
3.7905e+08 0
3.7905e+08 0
3.7905e+08 0
3.7905e+08 0
3.7905e+08 0
3.7905e+08 0
3.7905e+08 0
3.7905e+08 0
3.7905e+08 0
3.7905e+08 0
3.7905e+08 0
3.7905e+08 0
3.7905e+08 0
3.7905e+08 0
3.7905e+08 0
3.7905e+08 0
