0 -3.20193e-06
0 -2.17585e-05
0 -568719
-15 -568719
-30 -568719
-45 -568719
-60 -568719
-75 -568719
-90 -568719
-105 -568719
-120 -568719
-135 -568719
-150 -568719
-165 -568719
-180 -568719
-195 -568719
-210 -568719
-225 -568719
-240 -568719
-255 -568719
-270 -568719
-285 -568719
-300 -568719
-315 -568719
-330 -568719
-345 -568719
-360 -568719
-375 -568719
-390 -568719
-405 -568719
-420 -568719
-435 -568719
-450 -568719
-465 -568719
-480 -568719
-495 -568719
-510 -568719
-525 -568719
-540 -568719
-555 -568719
-570 -568719
-585 -568719
-600 -568719
-615 -568719
-630 -568719
-645 -568719
-660 -568719
-675 -568719
-690 -568719
-705 -568719
-720 -568719
-735 -568719
-750 -568719
-765 -568719
-780 -568719
-795 -568719
-810 -568719
-825 -568719
-840 -568719
-855 -568719
-870 -568719
-885 -568719
-900 -568719
-915 -568719
-930 -568719
-945 -568719
-960 -568719
-975 -568719
-990 -568719
-1005 -568719
-1020 -568719
-1035 -568719
-1050 -568719
-1065 -568719
-1080 -568719
-1095 -568719
-1110 -568719
-1125 -568719
-1140 -568719
-1155 -568719
-1170 -568719
-1185 -568719
-1200 -568719
-1215 -568719
-1230 -568719
-1245 -568719
-1260 -568719
-1275 -568719
-1290 -568719
-1305 -568719
-1320 -568719
-1335 -568719
-1350 -568719
-1365 -568719
-1380 -568719
-1395 -568719
-1410 -568719
-1425 -568719
-1440 -568719
-1455 -568719
-1470 -568719
-1485 -568719
-1500 -568719
