0 -4.91273e-08
0 -5.44135e+07
0 -5.44135e+07
6.23222e+07 -1.16736e+08
6.94781e+07 -1.23892e+08
7.30066e+07 -1.2742e+08
7.6628e+07 -1.31041e+08
8.03048e+07 -1.34718e+08
8.39816e+07 -1.38395e+08
8.75934e+07 -1.42007e+08
9.09909e+07 -1.45404e+08
9.38321e+07 -1.48246e+08
9.57772e+07 -1.50191e+08
9.7005e+07 -1.51418e+08
9.90621e+07 -1.53476e+08
1.00221e+08 -1.54634e+08
1.01245e+08 -1.55659e+08
1.0214e+08 -1.56554e+08
1.02957e+08 -1.57371e+08
1.03666e+08 -1.58079e+08
1.0431e+08 -1.58723e+08
1.0487e+08 -1.59283e+08
1.05367e+08 -1.59781e+08
1.05827e+08 -1.6024e+08
1.0623e+08 -1.60643e+08
1.06588e+08 -1.61002e+08
1.06912e+08 -1.61325e+08
1.07209e+08 -1.61622e+08
1.07477e+08 -1.6189e+08
1.07716e+08 -1.6213e+08
1.07933e+08 -1.62346e+08
1.08126e+08 -1.62539e+08
1.08295e+08 -1.62709e+08
1.08444e+08 -1.62858e+08
1.08577e+08 -1.6299e+08
1.08696e+08 -1.63109e+08
1.08802e+08 -1.63215e+08
1.08893e+08 -1.63307e+08
1.08968e+08 -1.63381e+08
1.09023e+08 -1.63437e+08
1.0906e+08 -1.63474e+08
1.09087e+08 -1.635e+08
1.09104e+08 -1.63518e+08
1.09112e+08 -1.63525e+08
1.09106e+08 -1.6352e+08
1.09084e+08 -1.63498e+08
1.09041e+08 -1.63454e+08
1.0898e+08 -1.63394e+08
1.08902e+08 -1.63316e+08
1.08806e+08 -1.6322e+08
1.08695e+08 -1.63109e+08
1.0856e+08 -1.62973e+08
1.08397e+08 -1.6281e+08
1.08208e+08 -1.62622e+08
1.07983e+08 -1.62396e+08
1.07682e+08 -1.62095e+08
1.07339e+08 -1.61753e+08
1.06932e+08 -1.61345e+08
1.06449e+08 -1.60863e+08
1.058e+08 -1.60214e+08
1.052e+08 -1.59613e+08
1.04511e+08 -1.58925e+08
1.03889e+08 -1.58302e+08
1.02981e+08 -1.57394e+08
1.02177e+08 -1.56591e+08
1.01415e+08 -1.55828e+08
1.00374e+08 -1.54788e+08
9.93696e+07 -1.53783e+08
9.83837e+07 -1.52797e+08
9.74301e+07 -1.51844e+08
9.61404e+07 -1.50554e+08
9.49162e+07 -1.4933e+08
9.39199e+07 -1.48333e+08
9.28864e+07 -1.473e+08
9.16187e+07 -1.46032e+08
1.00125e+07 -6.4426e+07
9.29618e+06 -6.37097e+07
8.51501e+06 -6.29285e+07
7.77741e+06 -6.21909e+07
7.10605e+06 -6.15196e+07
6.46627e+06 -6.08798e+07
5.43731e+06 -5.98508e+07
4.51993e+06 -5.89334e+07
3.95171e+06 -5.83652e+07
3.30705e+06 -5.77206e+07
2.53562e+06 -5.69491e+07
1.66888e+06 -5.60824e+07
939935 -5.53534e+07
375214 -5.47887e+07
-117251 -5.42962e+07
-719766 -5.36937e+07
-1.494e+06 -5.29195e+07
-2.06926e+06 -5.23442e+07
-2.65739e+06 -5.17561e+07
-3.20076e+06 -5.12127e+07
-3.54909e+06 -5.12901e+07
-3.92295e+06 -5.04906e+07
-4.58981e+06 -4.98237e+07
-5.2578e+06 -4.91557e+07
-5.67831e+06 -4.87352e+07
-6.01695e+06 -4.83965e+07
-6.36546e+06 -4.80556e+07
-6.71482e+06 -4.76987e+07
