0 1.5581e-06
0 -1.28347e+08
0 -1.28347e+08
1.47924e+08 0
1.47924e+08 0
1.47924e+08 0
1.47924e+08 0
1.47924e+08 0
1.47924e+08 0
1.47924e+08 0
1.47924e+08 0
1.47924e+08 0
1.47924e+08 0
1.47924e+08 0
1.47924e+08 0
1.47924e+08 0
1.47924e+08 0
1.47924e+08 0
1.47924e+08 0
1.47924e+08 0
1.47924e+08 0
1.47924e+08 0
1.47924e+08 0
1.47924e+08 0
1.47924e+08 0
1.47924e+08 0
1.47924e+08 0
1.47924e+08 0
1.47924e+08 0
1.47924e+08 0
1.47924e+08 0
1.47924e+08 0
1.47924e+08 0
1.47924e+08 0
1.47924e+08 0
1.47924e+08 0
1.47924e+08 0
1.47924e+08 0
1.47924e+08 0
1.47924e+08 0
1.47924e+08 0
1.47924e+08 0
1.47924e+08 0
1.47924e+08 0
1.47924e+08 0
1.47924e+08 0
1.47924e+08 0
1.47924e+08 0
1.47924e+08 0
1.47924e+08 0
1.47924e+08 0
1.47924e+08 0
1.47924e+08 0
1.47924e+08 0
1.47924e+08 0
1.47924e+08 0
1.47924e+08 0
1.47924e+08 0
1.47924e+08 0
1.47924e+08 0
1.47924e+08 0
1.47924e+08 0
1.47924e+08 0
1.47924e+08 0
1.47924e+08 0
1.47924e+08 0
1.47924e+08 0
1.47924e+08 0
1.47924e+08 0
1.47924e+08 0
1.47924e+08 0
1.47924e+08 0
1.47924e+08 0
1.47924e+08 0
1.47924e+08 0
1.47924e+08 0
1.47924e+08 0
1.47924e+08 0
1.47924e+08 0
1.47924e+08 0
1.47924e+08 0
1.47924e+08 0
1.47924e+08 0
1.47924e+08 0
1.47924e+08 0
1.47924e+08 0
1.47924e+08 0
1.47924e+08 0
1.47924e+08 0
1.47924e+08 0
1.47924e+08 0
1.47924e+08 0
1.47924e+08 0
1.47924e+08 0
1.47924e+08 0
1.47924e+08 0
1.47924e+08 0
1.47924e+08 0
1.47924e+08 0
1.47924e+08 0
1.47924e+08 0
1.47924e+08 0
1.47924e+08 0
