0 -6.53135e-07
0 -0.00013824
0 -989249
-15 -989249
-30 -989249
-45 -989249
-60 -989249
-75 -989249
-90 -989249
-105 -989249
-120 -989249
-135 -989249
-150 -989249
-165 -989249
-180 -989249
-195 -989249
-210 -989249
-225 -989249
-240 -989249
-255 -989249
-270 -989249
-285 -989249
-300 -989249
-315 -989249
-330 -989249
-345 -989249
-360 -989249
-375 -989249
-390 -989249
-405 -989249
-420 -989249
-435 -989249
-450 -989249
-465 -989249
-480 -989249
-495 -989249
-510 -989249
-525 -989249
-540 -989249
-555 -989249
-570 -989249
-585 -989249
-600 -989249
-615 -989249
-630 -989249
-645 -989249
-660 -989249
-675 -989249
-690 -989249
-705 -989249
-720 -989249
-735 -989249
-750 -989249
-765 -989249
-780 -989249
-795 -989249
-810 -989249
-825 -989249
-840 -989249
-855 -989249
-870 -989249
-885 -989249
-900 -989249
-915 -989249
-930 -989249
-945 -989249
-960 -989249
-975 -989249
-990 -989249
-1005 -989249
-1020 -989249
-1035 -989249
-1050 -989249
-1065 -989249
-1080 -989249
-1095 -989249
-1110 -989249
-1125 -989249
-1140 -989249
-1155 -989249
-1170 -989249
-1185 -989249
-1200 -989249
-1215 -989249
-1230 -989249
-1245 -989249
-1260 -989249
-1275 -989249
-1290 -989249
-1305 -989249
-1320 -989249
-1335 -989249
-1350 -989249
-1365 -989249
-1380 -989249
-1395 -989249
-1410 -989249
-1425 -989249
-1440 -989249
-1455 -989249
-1470 -989249
-1485 -989249
-1500 -989249
