0 -2.32278e-06
0 -9.71852e-06
0 -4.87332e-06
-1.67909e+08 -1.48733e-05
-2.34015e+08 -2.48733e-05
-2.61777e+08 -3.48733e-05
-2.73654e+08 -4.48733e-05
-2.78993e+08 -5.48733e-05
-2.80308e+08 -6.48733e-05
-2.78158e+08 -7.48733e-05
-2.73382e+08 -8.48733e-05
-2.66003e+08 -9.48733e-05
-2.55927e+08 -0.000104873
-2.13243e+08 -0.000114873
-1.97397e+08 -0.000124873
-1.72098e+08 -0.000134873
-1.2202e+08 -0.000144873
-3.56463e+07 -0.000154873
3.88069e+07 -0.000164873
1.35943e+08 -0.000174873
2.40553e+08 -0.000184873
4.51416e+08 -0.000194873
4.51416e+08 -0.000204873
4.51416e+08 -0.000214873
4.51416e+08 -0.000224873
4.51416e+08 -0.000234873
4.51416e+08 -0.000244873
4.51416e+08 -0.000254873
4.51416e+08 -0.000264873
4.51416e+08 -0.000274873
4.51416e+08 -0.000284873
4.51416e+08 -0.000294873
4.51416e+08 -0.000304873
4.51416e+08 -0.000314873
4.51416e+08 -0.000324873
4.51416e+08 -0.000334873
4.51416e+08 -0.000344873
4.51416e+08 -0.000354873
4.51416e+08 -0.000364873
4.51416e+08 -0.000374873
4.51416e+08 -0.000384873
4.51416e+08 -0.000394873
4.51416e+08 -0.000404873
4.51416e+08 -0.000414873
4.51416e+08 -0.000424873
4.51416e+08 -0.000434873
4.51416e+08 -0.000444873
4.51416e+08 -0.000454873
4.51416e+08 -0.000464873
4.51416e+08 -0.000474873
4.51416e+08 -0.000484873
4.51416e+08 -0.000494873
4.51416e+08 -0.000504873
4.51416e+08 -0.000514873
4.51416e+08 -0.000524873
4.51416e+08 -0.000534873
4.51416e+08 -0.000544873
4.51416e+08 -0.000554873
4.51416e+08 -0.000564873
4.51416e+08 -0.000574873
4.51416e+08 -0.000584873
4.51416e+08 -0.000594873
4.51416e+08 -0.000604873
4.51416e+08 -0.000614873
4.51416e+08 -0.000624873
4.51416e+08 -0.000634873
4.51416e+08 -0.000644873
4.51416e+08 -0.000654873
4.51416e+08 -0.000664873
4.51416e+08 -0.000674873
4.51416e+08 -0.000684873
4.51416e+08 -0.000694873
4.51416e+08 -0.000704873
4.51416e+08 -0.000714873
4.51416e+08 -0.000724873
4.51416e+08 -0.000734873
4.51416e+08 -0.000744873
4.51416e+08 -0.000754873
4.51416e+08 -0.000764873
4.51416e+08 -0.000774873
4.51416e+08 -0.000784873
4.51416e+08 -0.000794873
4.51416e+08 -0.000804873
4.51416e+08 -0.000814873
4.51416e+08 -0.000824873
4.51416e+08 -0.000834873
4.51416e+08 -0.000844873
4.51416e+08 -0.000854873
4.51416e+08 -0.000864873
4.51416e+08 -0.000874873
4.51416e+08 -0.000884873
4.51416e+08 -0.000894873
4.51416e+08 -0.000904873
4.51416e+08 -0.000914873
4.51416e+08 -0.000924873
4.51416e+08 -0.000934873
4.51416e+08 -0.000944873
4.51416e+08 -0.000954873
4.51416e+08 -0.000964873
4.51416e+08 -0.000974873
4.51416e+08 -0.000984873
4.51416e+08 -0.000994873
4.51416e+08 -0.00100487
