0 -3.87846e-07
0 4.26285e-06
0 1.08059e-06
1.52105e+08 1.10806e-05
2.39036e+08 2.10806e-05
2.48037e+08 3.10806e-05
2.21625e+08 4.10806e-05
1.69661e+08 5.10806e-05
7.98166e+07 6.10806e-05
6.57322e+08 7.10806e-05
6.57322e+08 8.10806e-05
6.57322e+08 9.10806e-05
6.57322e+08 0.000101081
6.57322e+08 0.000111081
6.57322e+08 0.000121081
6.57322e+08 0.000131081
6.57322e+08 0.000141081
6.57322e+08 0.000151081
6.57322e+08 0.000161081
6.57322e+08 0.000171081
6.57322e+08 0.000181081
6.57322e+08 0.000191081
6.57322e+08 0.000201081
6.57322e+08 0.000211081
6.57322e+08 0.000221081
6.57322e+08 0.000231081
6.57322e+08 0.000241081
6.57322e+08 0.000251081
6.57322e+08 0.000261081
6.57322e+08 0.000271081
6.57322e+08 0.000281081
6.57322e+08 0.000291081
6.57322e+08 0.000301081
6.57322e+08 0.000311081
6.57322e+08 0.000321081
6.57322e+08 0.000331081
6.57322e+08 0.000341081
6.57322e+08 0.000351081
6.57322e+08 0.000361081
6.57322e+08 0.000371081
6.57322e+08 0.000381081
6.57322e+08 0.000391081
6.57322e+08 0.000401081
6.57322e+08 0.000411081
6.57322e+08 0.000421081
6.57322e+08 0.000431081
6.57322e+08 0.000441081
6.57322e+08 0.000451081
6.57322e+08 0.000461081
6.57322e+08 0.000471081
6.57322e+08 0.000481081
6.57322e+08 0.000491081
6.57322e+08 0.000501081
6.57322e+08 0.000511081
6.57322e+08 0.000521081
6.57322e+08 0.000531081
6.57322e+08 0.000541081
6.57322e+08 0.000551081
6.57322e+08 0.000561081
6.57322e+08 0.000571081
6.57322e+08 0.000581081
6.57322e+08 0.000591081
6.57322e+08 0.000601081
6.57322e+08 0.000611081
6.57322e+08 0.000621081
6.57322e+08 0.000631081
6.57322e+08 0.000641081
6.57322e+08 0.000651081
6.57322e+08 0.000661081
6.57322e+08 0.000671081
6.57322e+08 0.000681081
6.57322e+08 0.000691081
6.57322e+08 0.000701081
6.57322e+08 0.000711081
6.57322e+08 0.000721081
6.57322e+08 0.000731081
6.57322e+08 0.000741081
6.57322e+08 0.000751081
6.57322e+08 0.000761081
6.57322e+08 0.000771081
6.57322e+08 0.000781081
6.57322e+08 0.000791081
6.57322e+08 0.000801081
6.57322e+08 0.000811081
6.57322e+08 0.000821081
6.57322e+08 0.000831081
6.57322e+08 0.000841081
6.57322e+08 0.000851081
6.57322e+08 0.000861081
6.57322e+08 0.000871081
6.57322e+08 0.000881081
6.57322e+08 0.000891081
6.57322e+08 0.000901081
6.57322e+08 0.000911081
6.57322e+08 0.000921081
6.57322e+08 0.000931081
6.57322e+08 0.000941081
6.57322e+08 0.000951081
6.57322e+08 0.000961081
6.57322e+08 0.000971081
6.57322e+08 0.000981081
6.57322e+08 0.000991081
6.57322e+08 0.00100108
