0 0
0 -0.000296525
0 -320846
-15 -320846
-30 -320846
-45 -320846
-60 -320846
-75 -320846
-90 -320846
-105 -320846
-120 -320846
-135 -320846
-150 -320846
-165 -320846
-180 -320846
-195 -320846
-210 -320846
-225 -320846
-240 -320846
-255 -320846
-270 -320846
-285 -320846
-300 -320846
-315 -320846
-330 -320846
-345 -320846
-360 -320846
-375 -320846
-390 -320846
-405 -320846
-420 -320846
-435 -320846
-450 -320846
-465 -320846
-480 -320846
-495 -320846
-510 -320846
-525 -320846
-540 -320846
-555 -320846
-570 -320846
-585 -320846
-600 -320846
-615 -320846
-630 -320846
-645 -320846
-660.001 -320846
-675.001 -320846
-690.001 -320846
-705.001 -320846
-720.001 -320846
-735.001 -320846
-750.001 -320846
-765.001 -320846
-780.001 -320846
-795.001 -320846
-810.001 -320846
-825.001 -320846
-840.001 -320846
-855.001 -320846
-870.001 -320846
-885.001 -320846
-900.001 -320846
-915.001 -320846
-930.001 -320846
-945.001 -320846
-960.001 -320846
-975.001 -320846
-990.001 -320846
-1005 -320846
-1020 -320846
-1035 -320846
-1050 -320846
-1065 -320846
-1080 -320846
-1095 -320846
-1110 -320846
-1125 -320846
-1140 -320846
-1155 -320846
-1170 -320846
-1185 -320846
-1200 -320846
-1215 -320846
-1230 -320846
-1245 -320846
-1260 -320846
-1275 -320846
-1290 -320846
-1305 -320846
-1320 -320846
-1335 -320846
-1350 -320846
-1365 -320846
-1380 -320846
-1395 -320846
-1410 -320846
-1425 -320846
-1440 -320846
-1455 -320846
-1470 -320846
-1485 -320846
-1500 -320846
