0 0
0 -6.46501e-05
0 -74829.7
-15 -74829.7
-30 -74829.7
-45 -74829.7
-60 -74829.7
-75 -74829.7
-90 -74829.7
-105 -74829.7
-120 -74829.7
-135 -74829.7
-150 -74829.7
-165 -74829.7
-180 -74829.7
-195 -74829.7
-210 -74829.7
-225 -74829.7
-240 -74829.7
-255 -74829.7
-270 -74829.7
-285 -74829.7
-300 -74829.7
-315 -74829.7
-330 -74829.7
-345 -74829.7
-360 -74829.7
-375 -74829.7
-390 -74829.7
-405 -74829.7
-420 -74829.7
-435 -74829.7
-450.001 -74829.7
-465.001 -74829.7
-480.001 -74829.7
-495.001 -74829.7
-510.001 -74829.7
-525.001 -74829.7
-540.001 -74829.7
-555.001 -74829.7
-570.001 -74829.7
-585.001 -74829.7
-600.001 -74829.7
-615.001 -74829.7
-630.001 -74829.7
-645.001 -74829.7
-660.001 -74829.7
-675.001 -74829.7
-690.001 -74829.7
-705.001 -74829.7
-720.001 -74829.7
-735.001 -74829.7
-750.001 -74829.7
-765.002 -74829.7
-780.002 -74829.7
-795.002 -74829.7
-810.002 -74829.7
-825.002 -74829.7
-840.002 -74829.7
-855.002 -74829.7
-870.002 -74829.7
-885.002 -74829.7
-900.002 -74829.7
-915.002 -74829.7
-930.002 -74829.7
-945.002 -74829.7
-960.002 -74829.7
-975.002 -74829.7
-990.003 -74829.7
-1005 -74829.7
-1020 -74829.7
-1035 -74829.7
-1050 -74829.7
-1065 -74829.7
-1080 -74829.7
-1095 -74829.7
-1110 -74829.7
-1125 -74829.7
-1140 -74829.7
-1155 -74829.7
-1170 -74829.7
-1185 -74829.7
-1200 -74829.7
-1215 -74829.7
-1230 -74829.7
-1245 -74829.7
-1260 -74829.7
-1275 -74829.7
-1290 -74829.7
-1305 -74829.7
-1320 -74829.7
-1335 -74829.7
-1350 -74829.7
-1365 -74829.7
-1380 -74829.7
-1395.01 -74829.7
-1410.01 -74829.7
-1425.01 -74829.7
-1440.01 -74829.7
-1455.01 -74829.7
-1470.01 -74829.7
-1485.01 -74829.7
-1500.01 -74829.7
