0 -4.81241e-07
0 -5.84672e-06
0 -4.30412e-06
-1.63265e+08 -1.43041e-05
-2.45244e+08 -2.43041e-05
-2.75212e+08 -3.43041e-05
-2.90762e+08 -4.43041e-05
-2.97104e+08 -5.43041e-05
-2.97864e+08 -6.43041e-05
-2.94474e+08 -7.43041e-05
-2.87314e+08 -8.43041e-05
-2.76362e+08 -9.43041e-05
-2.61129e+08 -0.000104304
-2.40419e+08 -0.000114304
-2.12083e+08 -0.000124304
-1.71686e+08 -0.000134304
-1.22802e+08 -0.000144304
-6.82873e+07 -0.000154304
5.29097e+06 -0.000164304
1.57793e+08 -0.000174304
3.04705e+08 -0.000184304
5.07247e+08 -0.000194304
5.07247e+08 -0.000204304
5.07247e+08 -0.000214304
5.07247e+08 -0.000224304
5.07247e+08 -0.000234304
5.07247e+08 -0.000244304
5.07247e+08 -0.000254304
5.07247e+08 -0.000264304
5.07247e+08 -0.000274304
5.07247e+08 -0.000284304
5.07247e+08 -0.000294304
5.07247e+08 -0.000304304
5.07247e+08 -0.000314304
5.07247e+08 -0.000324304
5.07247e+08 -0.000334304
5.07247e+08 -0.000344304
5.07247e+08 -0.000354304
5.07247e+08 -0.000364304
5.07247e+08 -0.000374304
5.07247e+08 -0.000384304
5.07247e+08 -0.000394304
5.07247e+08 -0.000404304
5.07247e+08 -0.000414304
5.07247e+08 -0.000424304
5.07247e+08 -0.000434304
5.07247e+08 -0.000444304
5.07247e+08 -0.000454304
5.07247e+08 -0.000464304
5.07247e+08 -0.000474304
5.07247e+08 -0.000484304
5.07247e+08 -0.000494304
5.07247e+08 -0.000504304
5.07247e+08 -0.000514304
5.07247e+08 -0.000524304
5.07247e+08 -0.000534304
5.07247e+08 -0.000544304
5.07247e+08 -0.000554304
5.07247e+08 -0.000564304
5.07247e+08 -0.000574304
5.07247e+08 -0.000584304
5.07247e+08 -0.000594304
5.07247e+08 -0.000604304
5.07247e+08 -0.000614304
5.07247e+08 -0.000624304
5.07247e+08 -0.000634304
5.07247e+08 -0.000644304
5.07247e+08 -0.000654304
5.07247e+08 -0.000664304
5.07247e+08 -0.000674304
5.07247e+08 -0.000684304
5.07247e+08 -0.000694304
5.07247e+08 -0.000704304
5.07247e+08 -0.000714304
5.07247e+08 -0.000724304
5.07247e+08 -0.000734304
5.07247e+08 -0.000744304
5.07247e+08 -0.000754304
5.07247e+08 -0.000764304
5.07247e+08 -0.000774304
5.07247e+08 -0.000784304
5.07247e+08 -0.000794304
5.07247e+08 -0.000804304
5.07247e+08 -0.000814304
5.07247e+08 -0.000824304
5.07247e+08 -0.000834304
5.07247e+08 -0.000844304
5.07247e+08 -0.000854304
5.07247e+08 -0.000864304
5.07247e+08 -0.000874304
5.07247e+08 -0.000884304
5.07247e+08 -0.000894304
5.07247e+08 -0.000904304
5.07247e+08 -0.000914304
5.07247e+08 -0.000924304
5.07247e+08 -0.000934304
5.07247e+08 -0.000944304
5.07247e+08 -0.000954304
5.07247e+08 -0.000964304
5.07247e+08 -0.000974304
5.07247e+08 -0.000984304
5.07247e+08 -0.000994304
5.07247e+08 -0.0010043
