0 -2.26332e-06
0 -5.85315e-05
0 -4.3316e-05
-20.3282 -5.3316e-05
-47.8725 -6.3316e-05
-84.1521 -7.3316e-05
-130.633 -8.3316e-05
-187.814 -9.3316e-05
-254.999 -0.000103316
-331.179 -0.000113316
-415.779 -0.000123316
-508.421 -0.000133316
-608.799 -0.000143316
-715.972 -0.000153316
-829.104 -0.000163316
-947.497 -0.000173316
-1070.59 -0.000183316
-1197.91 -0.000193316
-1329.08 -0.000203316
-1463.81 -0.000213316
-1600.29 -0.000223316
-1734.08 -0.000233316
-1897.54 -0.000243316
-2061.01 -0.000253316
-2224.47 -0.000263316
-2387.93 -0.000273316
-2551.39 -0.000283316
-2714.86 -0.000293316
-2878.32 -0.000303316
-3041.78 -0.000313316
-3205.24 -0.000323316
-3368.71 -0.000333316
-3532.17 -0.000343316
-3695.63 -0.000353316
-3859.09 -0.000363316
-4022.56 -0.000373316
-4186.02 -0.000383316
-4349.48 -0.000393316
-4512.94 -0.000403316
-4676.41 -0.000413316
-4839.87 -0.000423316
-5003.33 -0.000433316
-5166.79 -0.000443316
-5330.26 -0.000453316
-5493.72 -0.000463316
-5657.18 -0.000473316
-5820.65 -0.000483316
-5984.11 -0.000493316
-6147.57 -0.000503316
-6311.03 -0.000513316
-6474.5 -0.000523316
-6637.96 -0.000533316
-6801.42 -0.000543316
-6964.89 -0.000553316
-7128.35 -0.000563316
-7291.81 -0.000573316
-7455.28 -0.000583316
-7618.74 -0.000593316
-7782.2 -0.000603316
-7945.66 -0.000613316
-8109.13 -0.000623316
-8272.59 -0.000633316
-8436.05 -0.000643316
-8599.52 -0.000653316
-8762.98 -0.000663316
-8926.44 -0.000673316
-9089.91 -0.000683316
-9253.37 -0.000693316
-9416.83 -0.000703316
-9580.3 -0.000713316
-9743.76 -0.000723316
-9907.22 -0.000733316
-10070.7 -0.000743316
-10234.2 -0.000753316
-10397.6 -0.000763316
-10561.1 -0.000773316
-10724.5 -0.000783316
-10888 -0.000793316
-11051.5 -0.000803316
-11214.9 -0.000813316
-11378.4 -0.000823316
-11541.9 -0.000833316
-11705.3 -0.000843316
-11868.8 -0.000853316
-12032.2 -0.000863316
-12195.7 -0.000873316
-12359.2 -0.000883316
-12522.6 -0.000893316
-12686.1 -0.000903316
-12849.6 -0.000913316
-13013 -0.000923316
-13176.5 -0.000933316
-13340 -0.000943316
-13503.4 -0.000953316
-13666.9 -0.000963316
-13830.4 -0.000973316
-13993.8 -0.000983316
-14157.3 -0.000993316
-14320.7 -0.00100332
-14484.2 -0.00101332
-14647.7 -0.00102332
-14811.1 -0.00103332
-14974.6 -0.00104332
