0 0
0 -4.26692e-06
0 -512934
-15 -512934
-30 -512934
-45 -512934
-60 -512934
-75 -512934
-90 -512934
-105 -512934
-120 -512934
-135 -512934
-150 -512934
-165 -512934
-180 -512934
-195 -512934
-210 -512934
-225 -512934
-240 -512934
-255 -512934
-270 -512934
-285 -512934
-300 -512934
-315 -512934
-330 -512934
-345 -512934
-360 -512934
-375 -512934
-390 -512934
-405 -512934
-420 -512934
-435 -512934
-450 -512934
-465 -512934
-480 -512934
-495 -512934
-510 -512934
-525 -512934
-540 -512934
-555 -512934
-570 -512934
-585 -512934
-600 -512934
-615 -512934
-630 -512934
-645 -512934
-660 -512934
-675 -512934
-690 -512934
-705 -512934
-720 -512934
-735 -512934
-750 -512934
-765 -512934
-780 -512934
-795 -512934
-810 -512934
-825 -512934
-840 -512934
-855 -512934
-870 -512934
-885.001 -512934
-900.001 -512934
-915.001 -512934
-930.001 -512934
-945.001 -512934
-960.001 -512934
-975.001 -512934
-990.001 -512934
-1005 -512934
-1020 -512934
-1035 -512934
-1050 -512934
-1065 -512934
-1080 -512934
-1095 -512934
-1110 -512934
-1125 -512934
-1140 -512934
-1155 -512934
-1170 -512934
-1185 -512934
-1200 -512934
-1215 -512934
-1230 -512934
-1245 -512934
-1260 -512934
-1275 -512934
-1290 -512934
-1305 -512934
-1320 -512934
-1335 -512934
-1350 -512934
-1365 -512934
-1380 -512934
-1395 -512934
-1410 -512934
-1425 -512934
-1440 -512934
-1455 -512934
-1470 -512934
-1485 -512934
-1500 -512934
