0 -2.71967e-06
0 2.72515e-05
0 -230587
-15 -230587
-30 -230587
-45 -230587
-60 -230587
-75 -230587
-90 -230587
-105 -230587
-120 -230587
-135 -230587
-150 -230587
-165 -230587
-180 -230587
-195 -230587
-210 -230587
-225 -230587
-240 -230587
-255 -230587
-270 -230587
-285 -230587
-300 -230587
-315 -230587
-330 -230587
-345 -230587
-360 -230587
-375 -230587
-390 -230587
-405 -230587
-420 -230587
-435 -230587
-450 -230587
-465 -230587
-480 -230587
-495 -230587
-510 -230587
-525 -230587
-540 -230587
-555 -230587
-570 -230587
-585 -230587
-600 -230587
-615 -230587
-630 -230587
-645 -230587
-660 -230587
-675 -230587
-690 -230587
-705 -230587
-720 -230587
-735 -230587
-750 -230587
-765 -230587
-780 -230587
-795.001 -230587
-810.001 -230587
-825.001 -230587
-840.001 -230587
-855.001 -230587
-870.001 -230587
-885.001 -230587
-900.001 -230587
-915.001 -230587
-930.001 -230587
-945.001 -230587
-960.001 -230587
-975.001 -230587
-990.001 -230587
-1005 -230587
-1020 -230587
-1035 -230587
-1050 -230587
-1065 -230587
-1080 -230587
-1095 -230587
-1110 -230587
-1125 -230587
-1140 -230587
-1155 -230587
-1170 -230587
-1185 -230587
-1200 -230587
-1215 -230587
-1230 -230587
-1245 -230587
-1260 -230587
-1275 -230587
-1290 -230587
-1305 -230587
-1320 -230587
-1335 -230587
-1350 -230587
-1365 -230587
-1380 -230587
-1395 -230587
-1410 -230587
-1425 -230587
-1440 -230587
-1455 -230587
-1470 -230587
-1485 -230587
-1500 -230587
