0 -2.77182e-06
0 -2.43091e-05
0 -1.38472e-05
-1.22933e+08 -2.38472e-05
-1.62199e+08 -3.38472e-05
-1.66024e+08 -4.38472e-05
-1.57136e+08 -5.38472e-05
-1.3952e+08 -6.38472e-05
-1.13397e+08 -7.38472e-05
-7.73402e+07 -8.38472e-05
-2.67174e+07 -9.38472e-05
5.29938e+07 -0.000103847
2.3718e+08 -0.000113847
8.29632e+08 -0.000123847
8.29632e+08 -0.000133847
8.29632e+08 -0.000143847
8.29632e+08 -0.000153847
8.29632e+08 -0.000163847
8.29632e+08 -0.000173847
8.29632e+08 -0.000183847
8.29632e+08 -0.000193847
8.29632e+08 -0.000203847
8.29632e+08 -0.000213847
8.29632e+08 -0.000223847
8.29632e+08 -0.000233847
8.29632e+08 -0.000243847
8.29632e+08 -0.000253847
8.29632e+08 -0.000263847
8.29632e+08 -0.000273847
8.29632e+08 -0.000283847
8.29632e+08 -0.000293847
8.29632e+08 -0.000303847
8.29632e+08 -0.000313847
8.29632e+08 -0.000323847
8.29632e+08 -0.000333847
8.29632e+08 -0.000343847
8.29632e+08 -0.000353847
8.29632e+08 -0.000363847
8.29632e+08 -0.000373847
8.29632e+08 -0.000383847
8.29632e+08 -0.000393847
8.29632e+08 -0.000403847
8.29632e+08 -0.000413847
8.29632e+08 -0.000423847
8.29632e+08 -0.000433847
8.29632e+08 -0.000443847
8.29632e+08 -0.000453847
8.29632e+08 -0.000463847
8.29632e+08 -0.000473847
8.29632e+08 -0.000483847
8.29632e+08 -0.000493847
8.29632e+08 -0.000503847
8.29632e+08 -0.000513847
8.29632e+08 -0.000523847
8.29632e+08 -0.000533847
8.29632e+08 -0.000543847
8.29632e+08 -0.000553847
8.29632e+08 -0.000563847
8.29632e+08 -0.000573847
8.29632e+08 -0.000583847
8.29632e+08 -0.000593847
8.29632e+08 -0.000603847
8.29632e+08 -0.000613847
8.29632e+08 -0.000623847
8.29632e+08 -0.000633847
8.29632e+08 -0.000643847
8.29632e+08 -0.000653847
8.29632e+08 -0.000663847
8.29632e+08 -0.000673847
8.29632e+08 -0.000683847
8.29632e+08 -0.000693847
8.29632e+08 -0.000703847
8.29632e+08 -0.000713847
8.29632e+08 -0.000723847
8.29632e+08 -0.000733847
8.29632e+08 -0.000743847
8.29632e+08 -0.000753847
8.29632e+08 -0.000763847
8.29632e+08 -0.000773847
8.29632e+08 -0.000783847
8.29632e+08 -0.000793847
8.29632e+08 -0.000803847
8.29632e+08 -0.000813847
8.29632e+08 -0.000823847
8.29632e+08 -0.000833847
8.29632e+08 -0.000843847
8.29632e+08 -0.000853847
8.29632e+08 -0.000863847
8.29632e+08 -0.000873847
8.29632e+08 -0.000883847
8.29632e+08 -0.000893847
8.29632e+08 -0.000903847
8.29632e+08 -0.000913847
8.29632e+08 -0.000923847
8.29632e+08 -0.000933847
8.29632e+08 -0.000943847
8.29632e+08 -0.000953847
8.29632e+08 -0.000963847
8.29632e+08 -0.000973847
8.29632e+08 -0.000983847
8.29632e+08 -0.000993847
8.29632e+08 -0.00100385
8.29632e+08 -0.00101385
