0 1.68942e-06
0 1.42176e+08
0 1.42176e+08
4.07369e+07 1.01439e+08
8.14309e+07 6.07452e+07
1.30655e+08 1.15209e+07
2.08297e+08 -6.61205e+07
2.84647e+08 -1.42471e+08
3.50089e+08 -1.99646e+08
5.04242e+08 0
5.04242e+08 0
5.04242e+08 0
5.04242e+08 0
5.04242e+08 0
5.04242e+08 0
5.04242e+08 0
5.04242e+08 0
5.04242e+08 0
5.04242e+08 0
5.04242e+08 0
5.04242e+08 0
5.04242e+08 0
5.04242e+08 0
5.04242e+08 0
5.04242e+08 0
5.04242e+08 0
5.04242e+08 0
5.04242e+08 0
5.04242e+08 0
5.04242e+08 0
5.04242e+08 0
5.04242e+08 0
5.04242e+08 0
5.04242e+08 0
5.04242e+08 0
5.04242e+08 0
5.04242e+08 0
5.04242e+08 0
5.04242e+08 0
5.04242e+08 0
5.04242e+08 0
5.04242e+08 0
5.04242e+08 0
5.04242e+08 0
5.04242e+08 0
5.04242e+08 0
5.04242e+08 0
5.04242e+08 0
5.04242e+08 0
5.04242e+08 0
5.04242e+08 0
5.04242e+08 0
5.04242e+08 0
5.04242e+08 0
5.04242e+08 0
5.04242e+08 0
5.04242e+08 0
5.04242e+08 0
5.04242e+08 0
5.04242e+08 0
5.04242e+08 0
5.04242e+08 0
5.04242e+08 0
5.04242e+08 0
5.04242e+08 0
5.04242e+08 0
5.04242e+08 0
5.04242e+08 0
5.04242e+08 0
5.04242e+08 0
5.04242e+08 0
5.04242e+08 0
5.04242e+08 0
5.04242e+08 0
5.04242e+08 0
5.04242e+08 0
5.04242e+08 0
5.04242e+08 0
5.04242e+08 0
5.04242e+08 0
5.04242e+08 0
5.04242e+08 0
5.04242e+08 0
5.04242e+08 0
5.04242e+08 0
5.04242e+08 0
5.04242e+08 0
5.04242e+08 0
5.04242e+08 0
5.04242e+08 0
5.04242e+08 0
5.04242e+08 0
5.04242e+08 0
5.04242e+08 0
5.04242e+08 0
5.04242e+08 0
5.04242e+08 0
5.04242e+08 0
5.04242e+08 0
5.04242e+08 0
5.04242e+08 0
5.04242e+08 0
5.04242e+08 0
