0 -2.73934e-06
0 2.87594e-06
0 2.29807e-06
1.51689e+08 1.22981e-05
2.00409e+08 2.22981e-05
2.20516e+08 3.22981e-05
2.31147e+08 4.22981e-05
2.37509e+08 5.22981e-05
2.41507e+08 6.22981e-05
2.43667e+08 7.22981e-05
2.44588e+08 8.22981e-05
2.44651e+08 9.22981e-05
2.44089e+08 0.000102298
2.42944e+08 0.000112298
2.41293e+08 0.000122298
2.39156e+08 0.000132298
2.36524e+08 0.000142298
2.33402e+08 0.000152298
2.29764e+08 0.000162298
2.25572e+08 0.000172298
2.20741e+08 0.000182298
2.15218e+08 0.000192298
2.08859e+08 0.000202298
2.01482e+08 0.000212298
1.93591e+08 0.000222298
1.84762e+08 0.000232298
1.73239e+08 0.000242298
1.56805e+08 0.000252298
1.19129e+08 0.000262298
2.82525e+06 0.000272298
3.06024e+08 0.000282298
3.06024e+08 0.000292298
3.06024e+08 0.000302298
3.06024e+08 0.000312298
3.06024e+08 0.000322298
3.06024e+08 0.000332298
3.06024e+08 0.000342298
3.06024e+08 0.000352298
3.06024e+08 0.000362298
3.06024e+08 0.000372298
3.06024e+08 0.000382298
3.06024e+08 0.000392298
3.06024e+08 0.000402298
3.06024e+08 0.000412298
3.06024e+08 0.000422298
3.06024e+08 0.000432298
3.06024e+08 0.000442298
3.06024e+08 0.000452298
3.06024e+08 0.000462298
3.06024e+08 0.000472298
3.06024e+08 0.000482298
3.06024e+08 0.000492298
3.06024e+08 0.000502298
3.06024e+08 0.000512298
3.06024e+08 0.000522298
3.06024e+08 0.000532298
3.06024e+08 0.000542298
3.06024e+08 0.000552298
3.06024e+08 0.000562298
3.06024e+08 0.000572298
3.06024e+08 0.000582298
3.06024e+08 0.000592298
3.06024e+08 0.000602298
3.06024e+08 0.000612298
3.06024e+08 0.000622298
3.06024e+08 0.000632298
3.06024e+08 0.000642298
3.06024e+08 0.000652298
3.06024e+08 0.000662298
3.06024e+08 0.000672298
3.06024e+08 0.000682298
3.06024e+08 0.000692298
3.06024e+08 0.000702298
3.06024e+08 0.000712298
3.06024e+08 0.000722298
3.06024e+08 0.000732298
3.06024e+08 0.000742298
3.06024e+08 0.000752298
3.06024e+08 0.000762298
3.06024e+08 0.000772298
3.06024e+08 0.000782298
3.06024e+08 0.000792298
3.06024e+08 0.000802298
3.06024e+08 0.000812298
3.06024e+08 0.000822298
3.06024e+08 0.000832298
3.06024e+08 0.000842298
3.06024e+08 0.000852298
3.06024e+08 0.000862298
3.06024e+08 0.000872298
3.06024e+08 0.000882298
3.06024e+08 0.000892298
3.06024e+08 0.000902298
3.06024e+08 0.000912298
3.06024e+08 0.000922298
3.06024e+08 0.000932298
3.06024e+08 0.000942298
3.06024e+08 0.000952298
3.06024e+08 0.000962298
3.06024e+08 0.000972298
3.06024e+08 0.000982298
3.06024e+08 0.000992298
3.06024e+08 0.0010023
