0 -5.66251e-06
0 6.62095e-06
0 4.43553e-06
1.00894e+08 1.44355e-05
1.23731e+08 2.44355e-05
9.57767e+07 3.44355e-05
2.90791e+07 4.44355e-05
-7.94443e+07 5.44355e-05
9.90925e+08 6.44355e-05
9.90925e+08 7.44355e-05
9.90925e+08 8.44355e-05
9.90925e+08 9.44355e-05
9.90925e+08 0.000104436
9.90925e+08 0.000114436
9.90925e+08 0.000124436
9.90925e+08 0.000134436
9.90925e+08 0.000144436
9.90925e+08 0.000154436
9.90925e+08 0.000164436
9.90925e+08 0.000174436
9.90925e+08 0.000184436
9.90925e+08 0.000194436
9.90925e+08 0.000204436
9.90925e+08 0.000214436
9.90925e+08 0.000224436
9.90925e+08 0.000234436
9.90925e+08 0.000244436
9.90925e+08 0.000254436
9.90925e+08 0.000264436
9.90925e+08 0.000274436
9.90925e+08 0.000284436
9.90925e+08 0.000294436
9.90925e+08 0.000304436
9.90925e+08 0.000314436
9.90925e+08 0.000324436
9.90925e+08 0.000334436
9.90925e+08 0.000344436
9.90925e+08 0.000354436
9.90925e+08 0.000364436
9.90925e+08 0.000374436
9.90925e+08 0.000384436
9.90925e+08 0.000394436
9.90925e+08 0.000404436
9.90925e+08 0.000414436
9.90925e+08 0.000424436
9.90925e+08 0.000434436
9.90925e+08 0.000444436
9.90925e+08 0.000454436
9.90925e+08 0.000464436
9.90925e+08 0.000474436
9.90925e+08 0.000484436
9.90925e+08 0.000494436
9.90925e+08 0.000504436
9.90925e+08 0.000514436
9.90925e+08 0.000524436
9.90925e+08 0.000534436
9.90925e+08 0.000544436
9.90925e+08 0.000554436
9.90925e+08 0.000564436
9.90925e+08 0.000574436
9.90925e+08 0.000584436
9.90925e+08 0.000594436
9.90925e+08 0.000604436
9.90925e+08 0.000614436
9.90925e+08 0.000624436
9.90925e+08 0.000634436
9.90925e+08 0.000644436
9.90925e+08 0.000654436
9.90925e+08 0.000664436
9.90925e+08 0.000674436
9.90925e+08 0.000684436
9.90925e+08 0.000694436
9.90925e+08 0.000704436
9.90925e+08 0.000714436
9.90925e+08 0.000724436
9.90925e+08 0.000734436
9.90925e+08 0.000744436
9.90925e+08 0.000754436
9.90925e+08 0.000764436
9.90925e+08 0.000774436
9.90925e+08 0.000784436
9.90925e+08 0.000794436
9.90925e+08 0.000804436
9.90925e+08 0.000814436
9.90925e+08 0.000824436
9.90925e+08 0.000834436
9.90925e+08 0.000844436
9.90925e+08 0.000854436
9.90925e+08 0.000864436
9.90925e+08 0.000874436
9.90925e+08 0.000884436
9.90925e+08 0.000894436
9.90925e+08 0.000904436
9.90925e+08 0.000914436
9.90925e+08 0.000924436
9.90925e+08 0.000934436
9.90925e+08 0.000944436
9.90925e+08 0.000954436
9.90925e+08 0.000964436
9.90925e+08 0.000974436
9.90925e+08 0.000984436
9.90925e+08 0.000994436
9.90925e+08 0.00100444
