0 -6.46365e-06
0 -1.06374e-05
0 -8.51073e-06
-6.50905e+07 -1.85107e-05
-1.69827e+07 -2.85107e-05
3.04653e+08 -3.85107e-05
1.2279e+09 -4.85107e-05
1.2279e+09 -5.85107e-05
1.2279e+09 -6.85107e-05
1.2279e+09 -7.85107e-05
1.2279e+09 -8.85107e-05
1.2279e+09 -9.85107e-05
1.2279e+09 -0.000108511
1.2279e+09 -0.000118511
1.2279e+09 -0.000128511
1.2279e+09 -0.000138511
1.2279e+09 -0.000148511
1.2279e+09 -0.000158511
1.2279e+09 -0.000168511
1.2279e+09 -0.000178511
1.2279e+09 -0.000188511
1.2279e+09 -0.000198511
1.2279e+09 -0.000208511
1.2279e+09 -0.000218511
1.2279e+09 -0.000228511
1.2279e+09 -0.000238511
1.2279e+09 -0.000248511
1.2279e+09 -0.000258511
1.2279e+09 -0.000268511
1.2279e+09 -0.000278511
1.2279e+09 -0.000288511
1.2279e+09 -0.000298511
1.2279e+09 -0.000308511
1.2279e+09 -0.000318511
1.2279e+09 -0.000328511
1.2279e+09 -0.000338511
1.2279e+09 -0.000348511
1.2279e+09 -0.000358511
1.2279e+09 -0.000368511
1.2279e+09 -0.000378511
1.2279e+09 -0.000388511
1.2279e+09 -0.000398511
1.2279e+09 -0.000408511
1.2279e+09 -0.000418511
1.2279e+09 -0.000428511
1.2279e+09 -0.000438511
1.2279e+09 -0.000448511
1.2279e+09 -0.000458511
1.2279e+09 -0.000468511
1.2279e+09 -0.000478511
1.2279e+09 -0.000488511
1.2279e+09 -0.000498511
1.2279e+09 -0.000508511
1.2279e+09 -0.000518511
1.2279e+09 -0.000528511
1.2279e+09 -0.000538511
1.2279e+09 -0.000548511
1.2279e+09 -0.000558511
1.2279e+09 -0.000568511
1.2279e+09 -0.000578511
1.2279e+09 -0.000588511
1.2279e+09 -0.000598511
1.2279e+09 -0.000608511
1.2279e+09 -0.000618511
1.2279e+09 -0.000628511
1.2279e+09 -0.000638511
1.2279e+09 -0.000648511
1.2279e+09 -0.000658511
1.2279e+09 -0.000668511
1.2279e+09 -0.000678511
1.2279e+09 -0.000688511
1.2279e+09 -0.000698511
1.2279e+09 -0.000708511
1.2279e+09 -0.000718511
1.2279e+09 -0.000728511
1.2279e+09 -0.000738511
1.2279e+09 -0.000748511
1.2279e+09 -0.000758511
1.2279e+09 -0.000768511
1.2279e+09 -0.000778511
1.2279e+09 -0.000788511
1.2279e+09 -0.000798511
1.2279e+09 -0.000808511
1.2279e+09 -0.000818511
1.2279e+09 -0.000828511
1.2279e+09 -0.000838511
1.2279e+09 -0.000848511
1.2279e+09 -0.000858511
1.2279e+09 -0.000868511
1.2279e+09 -0.000878511
1.2279e+09 -0.000888511
1.2279e+09 -0.000898511
1.2279e+09 -0.000908511
1.2279e+09 -0.000918511
1.2279e+09 -0.000928511
1.2279e+09 -0.000938511
1.2279e+09 -0.000948511
1.2279e+09 -0.000958511
1.2279e+09 -0.000968511
1.2279e+09 -0.000978511
1.2279e+09 -0.000988511
1.2279e+09 -0.000998511
1.2279e+09 -0.00100851
