0 -3.26682e-06
0 -6.62879e-06
0 -5.58038e-06
-7.31614e+06 -1.55804e-05
1.02176e+09 -2.55804e-05
1.02176e+09 -3.55804e-05
1.02176e+09 -4.55804e-05
1.02176e+09 -5.55804e-05
1.02176e+09 -6.55804e-05
1.02176e+09 -7.55804e-05
1.02176e+09 -8.55804e-05
1.02176e+09 -9.55804e-05
1.02176e+09 -0.00010558
1.02176e+09 -0.00011558
1.02176e+09 -0.00012558
1.02176e+09 -0.00013558
1.02176e+09 -0.00014558
1.02176e+09 -0.00015558
1.02176e+09 -0.00016558
1.02176e+09 -0.00017558
1.02176e+09 -0.00018558
1.02176e+09 -0.00019558
1.02176e+09 -0.00020558
1.02176e+09 -0.00021558
1.02176e+09 -0.00022558
1.02176e+09 -0.00023558
1.02176e+09 -0.00024558
1.02176e+09 -0.00025558
1.02176e+09 -0.00026558
1.02176e+09 -0.00027558
1.02176e+09 -0.00028558
1.02176e+09 -0.00029558
1.02176e+09 -0.00030558
1.02176e+09 -0.00031558
1.02176e+09 -0.00032558
1.02176e+09 -0.00033558
1.02176e+09 -0.00034558
1.02176e+09 -0.00035558
1.02176e+09 -0.00036558
1.02176e+09 -0.00037558
1.02176e+09 -0.00038558
1.02176e+09 -0.00039558
1.02176e+09 -0.00040558
1.02176e+09 -0.00041558
1.02176e+09 -0.00042558
1.02176e+09 -0.00043558
1.02176e+09 -0.00044558
1.02176e+09 -0.00045558
1.02176e+09 -0.00046558
1.02176e+09 -0.00047558
1.02176e+09 -0.00048558
1.02176e+09 -0.00049558
1.02176e+09 -0.00050558
1.02176e+09 -0.00051558
1.02176e+09 -0.00052558
1.02176e+09 -0.00053558
1.02176e+09 -0.00054558
1.02176e+09 -0.00055558
1.02176e+09 -0.00056558
1.02176e+09 -0.00057558
1.02176e+09 -0.00058558
1.02176e+09 -0.00059558
1.02176e+09 -0.00060558
1.02176e+09 -0.00061558
1.02176e+09 -0.00062558
1.02176e+09 -0.00063558
1.02176e+09 -0.00064558
1.02176e+09 -0.00065558
1.02176e+09 -0.00066558
1.02176e+09 -0.00067558
1.02176e+09 -0.00068558
1.02176e+09 -0.00069558
1.02176e+09 -0.00070558
1.02176e+09 -0.00071558
1.02176e+09 -0.00072558
1.02176e+09 -0.00073558
1.02176e+09 -0.00074558
1.02176e+09 -0.00075558
1.02176e+09 -0.00076558
1.02176e+09 -0.00077558
1.02176e+09 -0.00078558
1.02176e+09 -0.00079558
1.02176e+09 -0.00080558
1.02176e+09 -0.00081558
1.02176e+09 -0.00082558
1.02176e+09 -0.00083558
1.02176e+09 -0.00084558
1.02176e+09 -0.00085558
1.02176e+09 -0.00086558
1.02176e+09 -0.00087558
1.02176e+09 -0.00088558
1.02176e+09 -0.00089558
1.02176e+09 -0.00090558
1.02176e+09 -0.00091558
1.02176e+09 -0.00092558
1.02176e+09 -0.00093558
1.02176e+09 -0.00094558
1.02176e+09 -0.00095558
1.02176e+09 -0.00096558
1.02176e+09 -0.00097558
1.02176e+09 -0.00098558
1.02176e+09 -0.00099558
1.02176e+09 -0.00100558
