0 -4.65767e-06
0 -1.62956e-05
0 -374145
-15 -374145
-30 -374145
-45 -374145
-60 -374145
-75 -374145
-90 -374145
-105 -374145
-120 -374145
-135 -374145
-150 -374145
-165 -374145
-180 -374145
-195 -374145
-210 -374145
-225 -374145
-240 -374145
-255 -374145
-270 -374145
-285 -374145
-300 -374145
-315 -374145
-330 -374145
-345 -374145
-360 -374145
-375 -374145
-390 -374145
-405 -374145
-420 -374145
-435 -374145
-450 -374145
-465 -374145
-480 -374145
-495 -374145
-510 -374145
-525 -374145
-540 -374145
-555 -374145
-570 -374145
-585 -374145
-600 -374145
-615 -374145
-630 -374145
-645 -374145
-660 -374145
-675 -374145
-690 -374145
-705 -374145
-720 -374145
-735 -374145
-750.001 -374145
-765.001 -374145
-780.001 -374145
-795.001 -374145
-810.001 -374145
-825.001 -374145
-840.001 -374145
-855.001 -374145
-870.001 -374145
-885.001 -374145
-900.001 -374145
-915.001 -374145
-930.001 -374145
-945.001 -374145
-960.001 -374145
-975.001 -374145
-990.001 -374145
-1005 -374145
-1020 -374145
-1035 -374145
-1050 -374145
-1065 -374145
-1080 -374145
-1095 -374145
-1110 -374145
-1125 -374145
-1140 -374145
-1155 -374145
-1170 -374145
-1185 -374145
-1200 -374145
-1215 -374145
-1230 -374145
-1245 -374145
-1260 -374145
-1275 -374145
-1290 -374145
-1305 -374145
-1320 -374145
-1335 -374145
-1350 -374145
-1365 -374145
-1380 -374145
-1395 -374145
-1410 -374145
-1425 -374145
-1440 -374145
-1455 -374145
-1470 -374145
-1485 -374145
-1500 -374145
