0 -1.03233e-06
0 9.79543e-05
0 -339851
-15 -339851
-30 -339851
-45 -339851
-60 -339851
-75 -339851
-90 -339851
-105 -339851
-120 -339851
-135 -339851
-150 -339851
-165 -339851
-180 -339851
-195 -339851
-210 -339851
-225 -339851
-240 -339851
-255 -339851
-270 -339851
-285 -339851
-300 -339851
-315 -339851
-330 -339851
-345 -339851
-360 -339851
-375 -339851
-390 -339851
-405 -339851
-420 -339851
-435 -339851
-450 -339851
-465 -339851
-480 -339851
-495 -339851
-510 -339851
-525 -339851
-540 -339851
-555 -339851
-570 -339851
-585 -339851
-600 -339851
-615 -339851
-630 -339851
-645 -339851
-660 -339851
-675 -339851
-690 -339851
-705 -339851
-720 -339851
-735 -339851
-750 -339851
-765 -339851
-780.001 -339851
-795.001 -339851
-810.001 -339851
-825.001 -339851
-840.001 -339851
-855.001 -339851
-870.001 -339851
-885.001 -339851
-900.001 -339851
-915.001 -339851
-930.001 -339851
-945.001 -339851
-960.001 -339851
-975.001 -339851
-990.001 -339851
-1005 -339851
-1020 -339851
-1035 -339851
-1050 -339851
-1065 -339851
-1080 -339851
-1095 -339851
-1110 -339851
-1125 -339851
-1140 -339851
-1155 -339851
-1170 -339851
-1185 -339851
-1200 -339851
-1215 -339851
-1230 -339851
-1245 -339851
-1260 -339851
-1275 -339851
-1290 -339851
-1305 -339851
-1320 -339851
-1335 -339851
-1350 -339851
-1365 -339851
-1380 -339851
-1395 -339851
-1410 -339851
-1425 -339851
-1440 -339851
-1455 -339851
-1470 -339851
-1485 -339851
-1500 -339851
