0 -3.54472e-06
0 -2.58942e-05
0 -477127
-15 -477127
-30 -477127
-45 -477127
-60 -477127
-75 -477127
-90 -477127
-105 -477127
-120 -477127
-135 -477127
-150 -477127
-165 -477127
-180 -477127
-195 -477127
-210 -477127
-225 -477127
-240 -477127
-255 -477127
-270 -477127
-285 -477127
-300 -477127
-315 -477127
-330 -477127
-345 -477127
-360 -477127
-375 -477127
-390 -477127
-405 -477127
-420 -477127
-435 -477127
-450 -477127
-465 -477127
-480 -477127
-495 -477127
-510 -477127
-525 -477127
-540 -477127
-555 -477127
-570 -477127
-585 -477127
-600 -477127
-615 -477127
-630 -477127
-645 -477127
-660 -477127
-675 -477127
-690 -477127
-705 -477127
-720 -477127
-735 -477127
-750 -477127
-765 -477127
-780 -477127
-795 -477127
-810 -477127
-825 -477127
-840 -477127
-855.001 -477127
-870.001 -477127
-885.001 -477127
-900.001 -477127
-915.001 -477127
-930.001 -477127
-945.001 -477127
-960.001 -477127
-975.001 -477127
-990.001 -477127
-1005 -477127
-1020 -477127
-1035 -477127
-1050 -477127
-1065 -477127
-1080 -477127
-1095 -477127
-1110 -477127
-1125 -477127
-1140 -477127
-1155 -477127
-1170 -477127
-1185 -477127
-1200 -477127
-1215 -477127
-1230 -477127
-1245 -477127
-1260 -477127
-1275 -477127
-1290 -477127
-1305 -477127
-1320 -477127
-1335 -477127
-1350 -477127
-1365 -477127
-1380 -477127
-1395 -477127
-1410 -477127
-1425 -477127
-1440 -477127
-1455 -477127
-1470 -477127
-1485 -477127
-1500 -477127
