0 -4.46431e-06
0 -7.10072e-06
0 -11848.4
-15 -11848.4
-30 -11848.4
-45 -11848.4
-60.0001 -11848.4
-75.0001 -11848.4
-90.0002 -11848.4
-105 -11848.4
-120 -11848.4
-135 -11848.4
-150 -11848.4
-165.001 -11848.4
-180.001 -11848.4
-195.001 -11848.4
-210.001 -11848.4
-225.001 -11848.4
-240.001 -11848.4
-255.001 -11848.4
-270.002 -11848.4
-285.002 -11848.4
-300.002 -11848.4
-315.002 -11848.4
-330.002 -11848.4
-345.002 -11848.4
-360.003 -11848.4
-375.003 -11848.4
-390.003 -11848.4
-405.003 -11848.4
-420.004 -11848.4
-435.004 -11848.4
-450.004 -11848.4
-465.004 -11848.4
-480.005 -11848.4
-495.005 -11848.4
-510.005 -11848.4
-525.006 -11848.4
-540.006 -11848.4
-555.006 -11848.4
-570.007 -11848.4
-585.007 -11848.4
-600.007 -11848.4
-615.008 -11848.4
-630.008 -11848.4
-645.009 -11848.4
-660.009 -11848.4
-675.009 -11848.4
-690.01 -11848.4
-705.01 -11848.4
-720.011 -11848.4
-735.011 -11848.4
-750.012 -11848.4
-765.012 -11848.4
-780.013 -11848.4
-795.013 -11848.4
-810.014 -11848.4
-825.014 -11848.4
-840.015 -11848.4
-855.015 -11848.4
-870.016 -11848.4
-885.016 -11848.4
-900.017 -11848.4
-915.017 -11848.4
-930.018 -11848.4
-945.018 -11848.4
-960.019 -11848.4
-975.02 -11848.4
-990.02 -11848.4
-1005.02 -11848.4
-1020.02 -11848.4
-1035.02 -11848.4
-1050.02 -11848.4
-1065.02 -11848.4
-1080.02 -11848.4
-1095.02 -11848.4
-1110.03 -11848.4
-1125.03 -11848.4
-1140.03 -11848.4
-1155.03 -11848.4
-1170.03 -11848.4
-1185.03 -11848.4
-1200.03 -11848.4
-1215.03 -11848.4
-1230.03 -11848.4
-1245.03 -11848.4
-1260.03 -11848.4
-1275.03 -11848.4
-1290.03 -11848.4
-1305.04 -11848.4
-1320.04 -11848.4
-1335.04 -11848.4
-1350.04 -11848.4
-1365.04 -11848.4
-1380.04 -11848.4
-1395.04 -11848.4
-1410.04 -11848.4
-1425.04 -11848.4
-1440.04 -11848.4
-1455.04 -11848.4
-1470.04 -11848.4
-1485.05 -11848.4
-1500.05 -11848.4
