0 -1.54537e-06
0 -3.5114e-05
0 7.8406e-05
-43.6641 6.8406e-05
-100.992 5.8406e-05
-158.319 4.8406e-05
-215.647 3.8406e-05
-272.974 2.8406e-05
-330.302 1.8406e-05
-387.629 8.40602e-06
-444.957 -1.59398e-06
-502.284 -1.1594e-05
-559.612 -2.1594e-05
-616.939 -3.1594e-05
-674.267 -4.1594e-05
-731.594 -5.1594e-05
-788.922 -6.1594e-05
-846.249 -7.1594e-05
-903.577 -8.1594e-05
-960.904 -9.1594e-05
-1018.23 -0.000101594
-1075.56 -0.000111594
-1132.89 -0.000121594
-1190.21 -0.000131594
-1247.54 -0.000141594
-1304.87 -0.000151594
-1362.2 -0.000161594
-1419.52 -0.000171594
-1476.85 -0.000181594
-1534.18 -0.000191594
-1591.51 -0.000201594
-1648.84 -0.000211594
-1706.16 -0.000221594
-1763.49 -0.000231594
-1820.82 -0.000241594
-1878.15 -0.000251594
-1935.47 -0.000261594
-1992.8 -0.000271594
-2050.13 -0.000281594
-2107.46 -0.000291594
-2164.78 -0.000301594
-2222.11 -0.000311594
-2279.44 -0.000321594
-2336.77 -0.000331594
-2394.09 -0.000341594
-2451.42 -0.000351594
-2508.75 -0.000361594
-2566.08 -0.000371594
-2623.4 -0.000381594
-2680.73 -0.000391594
-2738.06 -0.000401594
-2795.39 -0.000411594
-2852.72 -0.000421594
-2910.04 -0.000431594
-2967.37 -0.000441594
-3024.7 -0.000451594
-3082.03 -0.000461594
-3139.35 -0.000471594
-3196.68 -0.000481594
-3254.01 -0.000491594
-3311.34 -0.000501594
-3368.66 -0.000511594
-3425.99 -0.000521594
-3483.32 -0.000531594
-3540.65 -0.000541594
-3597.98 -0.000551594
-3655.3 -0.000561594
-3712.63 -0.000571594
-3769.96 -0.000581594
-3827.29 -0.000591594
-3884.61 -0.000601594
-3941.94 -0.000611594
-3999.27 -0.000621594
-4056.6 -0.000631594
-4113.92 -0.000641594
-4171.25 -0.000651594
-4228.58 -0.000661594
-4285.91 -0.000671594
-4343.24 -0.000681594
-4400.56 -0.000691594
-4457.89 -0.000701594
-4515.22 -0.000711594
-4572.55 -0.000721594
-4629.87 -0.000731594
-4687.2 -0.000741594
-4744.53 -0.000751594
-4801.86 -0.000761594
-4859.19 -0.000771594
-4916.51 -0.000781594
-4973.84 -0.000791594
-5031.17 -0.000801594
-5088.5 -0.000811594
-5145.82 -0.000821594
-5203.15 -0.000831594
-5260.48 -0.000841594
-5317.81 -0.000851594
-5375.14 -0.000861594
-5432.46 -0.000871594
-5489.79 -0.000881594
-5547.12 -0.000891594
-5604.45 -0.000901594
-5661.77 -0.000911594
-5719.1 -0.000921594
