0 1.69012e-06
0 1.12717e+08
0 1.12718e+08
-1.30723e+06 1.14025e+08
-2.42201e+06 1.1514e+08
-3.37339e+06 1.16091e+08
-4.18799e+06 1.16905e+08
-4.88456e+06 1.17602e+08
-5.48526e+06 1.18203e+08
-6.01196e+06 1.18729e+08
-6.47054e+06 1.19188e+08
-6.87094e+06 1.19588e+08
-7.22495e+06 1.19942e+08
1.04731e+07 1.02244e+08
1.02164e+07 1.02501e+08
9.98725e+06 1.0273e+08
9.78182e+06 1.02936e+08
9.59725e+06 1.0312e+08
9.43357e+06 1.03284e+08
9.28467e+06 1.03433e+08
9.14915e+06 1.03568e+08
9.0284e+06 1.03689e+08
8.92334e+06 1.03794e+08
8.83287e+06 1.03885e+08
8.75307e+06 1.03964e+08
8.68226e+06 1.04035e+08
8.61935e+06 1.04098e+08
8.56367e+06 1.04154e+08
8.5169e+06 1.04201e+08
4.42399e+07 0
4.42399e+07 0
4.42399e+07 0
4.42399e+07 0
4.42399e+07 0
4.42399e+07 0
4.42399e+07 0
4.42399e+07 0
4.42399e+07 0
4.42399e+07 0
4.42399e+07 0
4.42399e+07 0
4.42399e+07 0
4.42399e+07 0
4.42399e+07 0
4.42399e+07 0
4.42399e+07 0
4.42399e+07 0
4.42399e+07 0
4.42399e+07 0
4.42399e+07 0
4.42399e+07 0
4.42399e+07 0
4.42399e+07 0
4.42399e+07 0
4.42399e+07 0
4.42399e+07 0
4.42399e+07 0
4.42399e+07 0
4.42399e+07 0
4.42399e+07 0
4.42399e+07 0
4.42399e+07 0
4.42399e+07 0
4.42399e+07 0
4.42399e+07 0
4.42399e+07 0
4.42399e+07 0
4.42399e+07 0
4.42399e+07 0
4.42399e+07 0
4.42399e+07 0
4.42399e+07 0
4.42399e+07 0
4.42399e+07 0
4.42399e+07 0
4.42399e+07 0
4.42399e+07 0
4.42399e+07 0
4.42399e+07 0
4.42399e+07 0
4.42399e+07 0
4.42399e+07 0
4.42399e+07 0
4.42399e+07 0
4.42399e+07 0
4.42399e+07 0
4.42399e+07 0
4.42399e+07 0
4.42399e+07 0
4.42399e+07 0
4.42399e+07 0
4.42399e+07 0
4.42399e+07 0
4.42399e+07 0
4.42399e+07 0
4.42399e+07 0
4.42399e+07 0
4.42399e+07 0
4.42399e+07 0
4.42399e+07 0
4.42399e+07 0
4.42399e+07 0
4.42399e+07 0
