0 8.84756e-08
0 -1.63074e+08
0 2.57833e+08
-8.55446 8.2151e+07
-11.0853 -8.03838e+07
-11.6851 -1.38116e+08
-13.2779 -1.17195e+08
-16.7725 -6.76398e+07
86.9462 0
520.995 0
955.044 0
1389.09 0
1823.14 0
2257.19 0
2691.24 0
3125.29 0
3559.33 0
3993.38 0
4427.43 0
4861.48 0
5295.52 0
5729.57 0
6163.62 0
6597.67 0
7031.71 0
7465.76 0
7899.8 0
8333.85 0
8767.9 0
9201.94 0
9635.99 0
10070 0
10504.1 0
10938.1 0
11372.2 0
11806.2 0
12240.3 0
12674.3 0
13108.3 0
13542.4 0
13976.4 0
14410.5 0
14844.5 0
15278.6 0
15712.6 0
16146.7 0
16580.7 0
17014.7 0
17448.8 0
17882.8 0
18316.9 0
18750.9 0
19184.9 0
19619 0
20053 0
20487.1 0
20921.1 0
21355.2 0
21789.2 0
22223.2 0
22657.3 0
23091.3 0
23525.4 0
23959.4 0
24393.4 0
24827.5 0
25261.5 0
25695.6 0
26129.6 0
26563.6 0
26997.7 0
27431.7 0
27865.7 0
28299.8 0
28733.8 0
29167.9 0
29601.9 0
30035.9 0
30470 0
30904 0
31338 0
31772.1 0
32206.1 0
32640.2 0
33074.2 0
33508.2 0
33942.3 0
34376.3 0
34810.3 0
35244.4 0
35678.4 0
36112.4 0
36546.5 0
36980.5 0
37414.5 0
37848.6 0
38282.6 0
38716.7 0
39150.7 0
39584.7 0
40018.8 0
40452.8 0
40886.8 0
