0 -1.59413e-07
0 3.78392e-06
0 1.39254e-06
1.58462e+08 1.13925e-05
2.16985e+08 2.13925e-05
2.40058e+08 3.13925e-05
2.52285e+08 4.13925e-05
2.5951e+08 5.13925e-05
2.63935e+08 6.13925e-05
2.66266e+08 7.13925e-05
2.67244e+08 8.13925e-05
2.67299e+08 9.13925e-05
2.66653e+08 0.000101393
2.65396e+08 0.000111393
2.63577e+08 0.000121393
2.61217e+08 0.000131393
2.5831e+08 0.000141393
2.54853e+08 0.000151393
2.50816e+08 0.000161393
2.4612e+08 0.000171393
2.40678e+08 0.000181393
2.34367e+08 0.000191393
2.27004e+08 0.000201393
2.18242e+08 0.000211393
2.08393e+08 0.000221393
1.94903e+08 0.000231393
1.73078e+08 0.000241393
1.01612e+08 0.000251393
3.30613e+08 0.000261393
3.30613e+08 0.000271393
3.30613e+08 0.000281393
3.30613e+08 0.000291393
3.30613e+08 0.000301393
3.30613e+08 0.000311393
3.30613e+08 0.000321393
3.30613e+08 0.000331393
3.30613e+08 0.000341393
3.30613e+08 0.000351393
3.30613e+08 0.000361393
3.30613e+08 0.000371393
3.30613e+08 0.000381393
3.30613e+08 0.000391393
3.30613e+08 0.000401393
3.30613e+08 0.000411393
3.30613e+08 0.000421393
3.30613e+08 0.000431393
3.30613e+08 0.000441393
3.30613e+08 0.000451393
3.30613e+08 0.000461393
3.30613e+08 0.000471393
3.30613e+08 0.000481393
3.30613e+08 0.000491393
3.30613e+08 0.000501393
3.30613e+08 0.000511393
3.30613e+08 0.000521393
3.30613e+08 0.000531393
3.30613e+08 0.000541393
3.30613e+08 0.000551393
3.30613e+08 0.000561393
3.30613e+08 0.000571393
3.30613e+08 0.000581393
3.30613e+08 0.000591393
3.30613e+08 0.000601393
3.30613e+08 0.000611393
3.30613e+08 0.000621393
3.30613e+08 0.000631393
3.30613e+08 0.000641393
3.30613e+08 0.000651393
3.30613e+08 0.000661393
3.30613e+08 0.000671393
3.30613e+08 0.000681393
3.30613e+08 0.000691393
3.30613e+08 0.000701393
3.30613e+08 0.000711393
3.30613e+08 0.000721393
3.30613e+08 0.000731393
3.30613e+08 0.000741393
3.30613e+08 0.000751393
3.30613e+08 0.000761393
3.30613e+08 0.000771393
3.30613e+08 0.000781393
3.30613e+08 0.000791393
3.30613e+08 0.000801393
3.30613e+08 0.000811393
3.30613e+08 0.000821393
3.30613e+08 0.000831393
3.30613e+08 0.000841393
3.30613e+08 0.000851393
3.30613e+08 0.000861393
3.30613e+08 0.000871393
3.30613e+08 0.000881393
3.30613e+08 0.000891393
3.30613e+08 0.000901393
3.30613e+08 0.000911393
3.30613e+08 0.000921393
3.30613e+08 0.000931393
3.30613e+08 0.000941393
3.30613e+08 0.000951393
3.30613e+08 0.000961393
3.30613e+08 0.000971393
3.30613e+08 0.000981393
3.30613e+08 0.000991393
3.30613e+08 0.00100139
