0 -1.46933e-06
0 -2.69206e-05
0 -62189.5
-15 -62189.5
-30 -62189.5
-45 -62189.5
-60 -62189.5
-75 -62189.5
-90 -62189.5
-105 -62189.5
-120 -62189.5
-135 -62189.5
-150 -62189.5
-165 -62189.5
-180 -62189.5
-195 -62189.5
-210 -62189.5
-225 -62189.5
-240 -62189.5
-255 -62189.5
-270 -62189.5
-285 -62189.5
-300 -62189.5
-315 -62189.5
-330 -62189.5
-345 -62189.5
-360 -62189.5
-375.001 -62189.5
-390.001 -62189.5
-405.001 -62189.5
-420.001 -62189.5
-435.001 -62189.5
-450.001 -62189.5
-465.001 -62189.5
-480.001 -62189.5
-495.001 -62189.5
-510.001 -62189.5
-525.001 -62189.5
-540.001 -62189.5
-555.001 -62189.5
-570.001 -62189.5
-585.001 -62189.5
-600.001 -62189.5
-615.001 -62189.5
-630.002 -62189.5
-645.002 -62189.5
-660.002 -62189.5
-675.002 -62189.5
-690.002 -62189.5
-705.002 -62189.5
-720.002 -62189.5
-735.002 -62189.5
-750.002 -62189.5
-765.002 -62189.5
-780.002 -62189.5
-795.002 -62189.5
-810.002 -62189.5
-825.003 -62189.5
-840.003 -62189.5
-855.003 -62189.5
-870.003 -62189.5
-885.003 -62189.5
-900.003 -62189.5
-915.003 -62189.5
-930.003 -62189.5
-945.003 -62189.5
-960.003 -62189.5
-975.004 -62189.5
-990.004 -62189.5
-1005 -62189.5
-1020 -62189.5
-1035 -62189.5
-1050 -62189.5
-1065 -62189.5
-1080 -62189.5
-1095 -62189.5
-1110 -62189.5
-1125 -62189.5
-1140 -62189.5
-1155.01 -62189.5
-1170.01 -62189.5
-1185.01 -62189.5
-1200.01 -62189.5
-1215.01 -62189.5
-1230.01 -62189.5
-1245.01 -62189.5
-1260.01 -62189.5
-1275.01 -62189.5
-1290.01 -62189.5
-1305.01 -62189.5
-1320.01 -62189.5
-1335.01 -62189.5
-1350.01 -62189.5
-1365.01 -62189.5
-1380.01 -62189.5
-1395.01 -62189.5
-1410.01 -62189.5
-1425.01 -62189.5
-1440.01 -62189.5
-1455.01 -62189.5
-1470.01 -62189.5
-1485.01 -62189.5
-1500.01 -62189.5
