0 -9.26666e-08
0 1.4677e+08
0 1.4677e+08
-1.46185e+08 2.92955e+08
-1.76268e+08 3.23038e+08
-1.5376e+08 3.0053e+08
-1.05018e+08 2.51788e+08
-2.36598e+07 1.7043e+08
9.88638e+08 0
9.88638e+08 0
9.88638e+08 0
9.88638e+08 0
9.88638e+08 0
9.88638e+08 0
9.88638e+08 0
9.88638e+08 0
9.88638e+08 0
9.88638e+08 0
9.88638e+08 0
9.88638e+08 0
9.88638e+08 0
9.88638e+08 0
9.88638e+08 0
9.88638e+08 0
9.88638e+08 0
9.88638e+08 0
9.88638e+08 0
9.88638e+08 0
9.88638e+08 0
9.88638e+08 0
9.88638e+08 0
9.88638e+08 0
9.88638e+08 0
9.88638e+08 0
9.88638e+08 0
9.88638e+08 0
9.88638e+08 0
9.88638e+08 0
9.88638e+08 0
9.88638e+08 0
9.88638e+08 0
9.88638e+08 0
9.88638e+08 0
9.88638e+08 0
9.88638e+08 0
9.88638e+08 0
9.88638e+08 0
9.88638e+08 0
9.88638e+08 0
9.88638e+08 0
9.88638e+08 0
9.88638e+08 0
9.88638e+08 0
9.88638e+08 0
9.88638e+08 0
9.88638e+08 0
9.88638e+08 0
9.88638e+08 0
9.88638e+08 0
9.88638e+08 0
9.88638e+08 0
9.88638e+08 0
9.88638e+08 0
9.88638e+08 0
9.88638e+08 0
9.88638e+08 0
9.88638e+08 0
9.88638e+08 0
9.88638e+08 0
9.88638e+08 0
9.88638e+08 0
9.88638e+08 0
9.88638e+08 0
9.88638e+08 0
9.88638e+08 0
9.88638e+08 0
9.88638e+08 0
9.88638e+08 0
9.88638e+08 0
9.88638e+08 0
9.88638e+08 0
9.88638e+08 0
9.88638e+08 0
9.88638e+08 0
9.88638e+08 0
9.88638e+08 0
9.88638e+08 0
9.88638e+08 0
9.88638e+08 0
9.88638e+08 0
9.88638e+08 0
9.88638e+08 0
9.88638e+08 0
9.88638e+08 0
9.88638e+08 0
9.88638e+08 0
9.88638e+08 0
9.88638e+08 0
9.88638e+08 0
9.88638e+08 0
9.88638e+08 0
9.88638e+08 0
9.88638e+08 0
