0 -3.18785e-06
0 1.01175e-05
0 5.89854e-06
6.06555e+07 1.58985e-05
2.22839e+07 2.58985e-05
-3.46288e+07 3.58985e-05
8.03535e+08 4.58985e-05
8.03535e+08 5.58985e-05
8.03535e+08 6.58985e-05
8.03535e+08 7.58985e-05
8.03535e+08 8.58985e-05
8.03535e+08 9.58985e-05
8.03535e+08 0.000105899
8.03535e+08 0.000115899
8.03535e+08 0.000125899
8.03535e+08 0.000135899
8.03535e+08 0.000145899
8.03535e+08 0.000155899
8.03535e+08 0.000165899
8.03535e+08 0.000175899
8.03535e+08 0.000185899
8.03535e+08 0.000195899
8.03535e+08 0.000205899
8.03535e+08 0.000215899
8.03535e+08 0.000225899
8.03535e+08 0.000235899
8.03535e+08 0.000245899
8.03535e+08 0.000255899
8.03535e+08 0.000265899
8.03535e+08 0.000275899
8.03535e+08 0.000285899
8.03535e+08 0.000295899
8.03535e+08 0.000305899
8.03535e+08 0.000315899
8.03535e+08 0.000325899
8.03535e+08 0.000335899
8.03535e+08 0.000345899
8.03535e+08 0.000355899
8.03535e+08 0.000365899
8.03535e+08 0.000375899
8.03535e+08 0.000385899
8.03535e+08 0.000395899
8.03535e+08 0.000405899
8.03535e+08 0.000415899
8.03535e+08 0.000425899
8.03535e+08 0.000435899
8.03535e+08 0.000445899
8.03535e+08 0.000455899
8.03535e+08 0.000465899
8.03535e+08 0.000475899
8.03535e+08 0.000485899
8.03535e+08 0.000495899
8.03535e+08 0.000505899
8.03535e+08 0.000515899
8.03535e+08 0.000525899
8.03535e+08 0.000535899
8.03535e+08 0.000545899
8.03535e+08 0.000555899
8.03535e+08 0.000565899
8.03535e+08 0.000575899
8.03535e+08 0.000585899
8.03535e+08 0.000595899
8.03535e+08 0.000605899
8.03535e+08 0.000615899
8.03535e+08 0.000625899
8.03535e+08 0.000635899
8.03535e+08 0.000645899
8.03535e+08 0.000655899
8.03535e+08 0.000665899
8.03535e+08 0.000675899
8.03535e+08 0.000685899
8.03535e+08 0.000695899
8.03535e+08 0.000705899
8.03535e+08 0.000715899
8.03535e+08 0.000725899
8.03535e+08 0.000735899
8.03535e+08 0.000745899
8.03535e+08 0.000755899
8.03535e+08 0.000765899
8.03535e+08 0.000775899
8.03535e+08 0.000785899
8.03535e+08 0.000795899
8.03535e+08 0.000805899
8.03535e+08 0.000815899
8.03535e+08 0.000825899
8.03535e+08 0.000835899
8.03535e+08 0.000845899
8.03535e+08 0.000855899
8.03535e+08 0.000865899
8.03535e+08 0.000875899
8.03535e+08 0.000885899
8.03535e+08 0.000895899
8.03535e+08 0.000905899
8.03535e+08 0.000915899
8.03535e+08 0.000925899
8.03535e+08 0.000935899
8.03535e+08 0.000945899
8.03535e+08 0.000955899
8.03535e+08 0.000965899
8.03535e+08 0.000975899
8.03535e+08 0.000985899
8.03535e+08 0.000995899
8.03535e+08 0.0010059
