0 -3.20063e-06
0 -2.25248e-05
0 -1.30812e-05
-1.2972e+08 -2.30812e-05
-1.74105e+08 -3.30812e-05
-1.79904e+08 -4.30812e-05
-1.71797e+08 -5.30812e-05
-1.54792e+08 -6.30812e-05
-1.293e+08 -7.30812e-05
-9.40379e+07 -8.30812e-05
-4.4727e+07 -9.30812e-05
3.12587e+07 -0.000103081
1.99927e+08 -0.000113081
8.15721e+08 -0.000123081
8.15721e+08 -0.000133081
8.15721e+08 -0.000143081
8.15721e+08 -0.000153081
8.15721e+08 -0.000163081
8.15721e+08 -0.000173081
8.15721e+08 -0.000183081
8.15721e+08 -0.000193081
8.15721e+08 -0.000203081
8.15721e+08 -0.000213081
8.15721e+08 -0.000223081
8.15721e+08 -0.000233081
8.15721e+08 -0.000243081
8.15721e+08 -0.000253081
8.15721e+08 -0.000263081
8.15721e+08 -0.000273081
8.15721e+08 -0.000283081
8.15721e+08 -0.000293081
8.15721e+08 -0.000303081
8.15721e+08 -0.000313081
8.15721e+08 -0.000323081
8.15721e+08 -0.000333081
8.15721e+08 -0.000343081
8.15721e+08 -0.000353081
8.15721e+08 -0.000363081
8.15721e+08 -0.000373081
8.15721e+08 -0.000383081
8.15721e+08 -0.000393081
8.15721e+08 -0.000403081
8.15721e+08 -0.000413081
8.15721e+08 -0.000423081
8.15721e+08 -0.000433081
8.15721e+08 -0.000443081
8.15721e+08 -0.000453081
8.15721e+08 -0.000463081
8.15721e+08 -0.000473081
8.15721e+08 -0.000483081
8.15721e+08 -0.000493081
8.15721e+08 -0.000503081
8.15721e+08 -0.000513081
8.15721e+08 -0.000523081
8.15721e+08 -0.000533081
8.15721e+08 -0.000543081
8.15721e+08 -0.000553081
8.15721e+08 -0.000563081
8.15721e+08 -0.000573081
8.15721e+08 -0.000583081
8.15721e+08 -0.000593081
8.15721e+08 -0.000603081
8.15721e+08 -0.000613081
8.15721e+08 -0.000623081
8.15721e+08 -0.000633081
8.15721e+08 -0.000643081
8.15721e+08 -0.000653081
8.15721e+08 -0.000663081
8.15721e+08 -0.000673081
8.15721e+08 -0.000683081
8.15721e+08 -0.000693081
8.15721e+08 -0.000703081
8.15721e+08 -0.000713081
8.15721e+08 -0.000723081
8.15721e+08 -0.000733081
8.15721e+08 -0.000743081
8.15721e+08 -0.000753081
8.15721e+08 -0.000763081
8.15721e+08 -0.000773081
8.15721e+08 -0.000783081
8.15721e+08 -0.000793081
8.15721e+08 -0.000803081
8.15721e+08 -0.000813081
8.15721e+08 -0.000823081
8.15721e+08 -0.000833081
8.15721e+08 -0.000843081
8.15721e+08 -0.000853081
8.15721e+08 -0.000863081
8.15721e+08 -0.000873081
8.15721e+08 -0.000883081
8.15721e+08 -0.000893081
8.15721e+08 -0.000903081
8.15721e+08 -0.000913081
8.15721e+08 -0.000923081
8.15721e+08 -0.000933081
8.15721e+08 -0.000943081
8.15721e+08 -0.000953081
8.15721e+08 -0.000963081
8.15721e+08 -0.000973081
8.15721e+08 -0.000983081
8.15721e+08 -0.000993081
8.15721e+08 -0.00100308
8.15721e+08 -0.00101308
