0 -2.12671e-06
0 -3.78078e-05
0 0.000108151
-10.8945 9.81512e-05
-17.5233 8.81512e-05
-39.112 7.81512e-05
-68.2457 6.81512e-05
-97.3794 5.81512e-05
-126.513 4.81512e-05
-155.647 3.81512e-05
-184.78 2.81512e-05
-213.914 1.81512e-05
-243.048 8.15122e-06
-272.181 -1.84878e-06
-301.315 -1.18488e-05
-330.449 -2.18488e-05
-359.582 -3.18488e-05
-388.716 -4.18488e-05
-417.85 -5.18488e-05
-446.984 -6.18488e-05
-476.117 -7.18488e-05
-505.251 -8.18488e-05
-534.385 -9.18488e-05
-563.518 -0.000101849
-592.652 -0.000111849
-621.786 -0.000121849
-650.919 -0.000131849
-680.053 -0.000141849
-709.187 -0.000151849
-738.32 -0.000161849
-767.454 -0.000171849
-796.588 -0.000181849
-825.721 -0.000191849
-854.855 -0.000201849
-883.989 -0.000211849
-913.123 -0.000221849
-942.256 -0.000231849
-971.39 -0.000241849
-1000.52 -0.000251849
-1029.66 -0.000261849
-1058.79 -0.000271849
-1087.92 -0.000281849
-1117.06 -0.000291849
-1146.19 -0.000301849
-1175.33 -0.000311849
-1204.46 -0.000321849
-1233.59 -0.000331849
-1262.73 -0.000341849
-1291.86 -0.000351849
-1320.99 -0.000361849
-1350.13 -0.000371849
-1379.26 -0.000381849
-1408.4 -0.000391849
-1437.53 -0.000401849
-1466.66 -0.000411849
-1495.8 -0.000421849
-1524.93 -0.000431849
-1554.06 -0.000441849
-1583.2 -0.000451849
-1612.33 -0.000461849
-1641.47 -0.000471849
-1670.6 -0.000481849
-1699.73 -0.000491849
-1728.87 -0.000501849
-1758 -0.000511849
-1787.13 -0.000521849
-1816.27 -0.000531849
-1845.4 -0.000541849
-1874.53 -0.000551849
-1903.67 -0.000561849
-1932.8 -0.000571849
-1961.94 -0.000581849
-1991.07 -0.000591849
-2020.2 -0.000601849
-2049.34 -0.000611849
-2078.47 -0.000621849
-2107.6 -0.000631849
-2136.74 -0.000641849
-2165.87 -0.000651849
-2195.01 -0.000661849
-2224.14 -0.000671849
-2253.27 -0.000681849
-2282.41 -0.000691849
-2311.54 -0.000701849
-2340.67 -0.000711849
-2369.81 -0.000721849
-2398.94 -0.000731849
-2428.08 -0.000741849
-2457.21 -0.000751849
-2486.34 -0.000761849
-2515.48 -0.000771849
-2544.61 -0.000781849
-2573.74 -0.000791849
-2602.88 -0.000801849
-2632.01 -0.000811849
-2661.15 -0.000821849
-2690.28 -0.000831849
-2719.41 -0.000841849
-2748.55 -0.000851849
-2777.68 -0.000861849
-2806.81 -0.000871849
-2835.95 -0.000881849
-2865.08 -0.000891849
