0 -5.81442e-07
0 4.04694e-06
0 2.06848e-06
1.55921e+08 1.20685e-05
1.99771e+08 2.20685e-05
2.19539e+08 3.20685e-05
2.30992e+08 4.20685e-05
2.37085e+08 5.20685e-05
2.39922e+08 6.20685e-05
2.41935e+08 7.20685e-05
2.41982e+08 8.20685e-05
2.4104e+08 9.20685e-05
2.39249e+08 0.000102068
2.36676e+08 0.000112068
2.33314e+08 0.000122068
2.29149e+08 0.000132068
2.241e+08 0.000142068
2.17971e+08 0.000152068
2.10525e+08 0.000162068
2.01307e+08 0.000172068
1.89071e+08 0.000182068
1.61259e+08 0.000192068
1.10364e+08 0.000202068
5.35841e+07 0.000212068
-4.69299e+06 0.000222068
2.3352e+08 0.000232068
2.3352e+08 0.000242068
2.3352e+08 0.000252068
2.3352e+08 0.000262068
2.3352e+08 0.000272068
2.3352e+08 0.000282068
2.3352e+08 0.000292068
2.3352e+08 0.000302068
2.3352e+08 0.000312068
2.3352e+08 0.000322068
2.3352e+08 0.000332068
2.3352e+08 0.000342068
2.3352e+08 0.000352068
2.3352e+08 0.000362068
2.3352e+08 0.000372068
2.3352e+08 0.000382068
2.3352e+08 0.000392068
2.3352e+08 0.000402068
2.3352e+08 0.000412068
2.3352e+08 0.000422068
2.3352e+08 0.000432068
2.3352e+08 0.000442068
2.3352e+08 0.000452068
2.3352e+08 0.000462068
2.3352e+08 0.000472068
2.3352e+08 0.000482068
2.3352e+08 0.000492068
2.3352e+08 0.000502068
2.3352e+08 0.000512068
2.3352e+08 0.000522068
2.3352e+08 0.000532068
2.3352e+08 0.000542068
2.3352e+08 0.000552068
2.3352e+08 0.000562068
2.3352e+08 0.000572068
2.3352e+08 0.000582068
2.3352e+08 0.000592068
2.3352e+08 0.000602068
2.3352e+08 0.000612068
2.3352e+08 0.000622068
2.3352e+08 0.000632068
2.3352e+08 0.000642068
2.3352e+08 0.000652068
2.3352e+08 0.000662068
2.3352e+08 0.000672068
2.3352e+08 0.000682068
2.3352e+08 0.000692068
2.3352e+08 0.000702068
2.3352e+08 0.000712068
2.3352e+08 0.000722068
2.3352e+08 0.000732068
2.3352e+08 0.000742068
2.3352e+08 0.000752068
2.3352e+08 0.000762068
2.3352e+08 0.000772068
2.3352e+08 0.000782068
2.3352e+08 0.000792068
2.3352e+08 0.000802068
2.3352e+08 0.000812068
2.3352e+08 0.000822068
2.3352e+08 0.000832068
2.3352e+08 0.000842068
2.3352e+08 0.000852068
2.3352e+08 0.000862068
2.3352e+08 0.000872068
2.3352e+08 0.000882068
2.3352e+08 0.000892068
2.3352e+08 0.000902068
2.3352e+08 0.000912068
2.3352e+08 0.000922068
2.3352e+08 0.000932068
2.3352e+08 0.000942068
2.3352e+08 0.000952068
2.3352e+08 0.000962068
2.3352e+08 0.000972068
2.3352e+08 0.000982068
2.3352e+08 0.000992068
2.3352e+08 0.00100207
