0 -3.63216e-08
0 -1.8648e+08
0 -1.8648e+08
1.25334e+08 -3.11814e+08
1.66681e+08 -3.53161e+08
1.76891e+08 -3.63371e+08
1.76486e+08 -3.62966e+08
1.70366e+08 -3.56846e+08
1.59736e+08 -3.46216e+08
1.44772e+08 -3.31252e+08
1.24307e+08 -3.10787e+08
9.51376e+07 -2.81618e+08
4.84338e+07 -2.34914e+08
-5.53118e+07 -1.31168e+08
4.58154e+08 0
4.58154e+08 0
4.58154e+08 0
4.58154e+08 0
4.58154e+08 0
4.58154e+08 0
4.58154e+08 0
4.58154e+08 0
4.58154e+08 0
4.58154e+08 0
4.58154e+08 0
4.58154e+08 0
4.58154e+08 0
4.58154e+08 0
4.58154e+08 0
4.58154e+08 0
4.58154e+08 0
4.58154e+08 0
4.58154e+08 0
4.58154e+08 0
4.58154e+08 0
4.58154e+08 0
4.58154e+08 0
4.58154e+08 0
4.58154e+08 0
4.58154e+08 0
4.58154e+08 0
4.58154e+08 0
4.58154e+08 0
4.58154e+08 0
4.58154e+08 0
4.58154e+08 0
4.58154e+08 0
4.58154e+08 0
4.58154e+08 0
4.58154e+08 0
4.58154e+08 0
4.58154e+08 0
4.58154e+08 0
4.58154e+08 0
4.58154e+08 0
4.58154e+08 0
4.58154e+08 0
4.58154e+08 0
4.58154e+08 0
4.58154e+08 0
4.58154e+08 0
4.58154e+08 0
4.58154e+08 0
4.58154e+08 0
4.58154e+08 0
4.58154e+08 0
4.58154e+08 0
4.58154e+08 0
4.58154e+08 0
4.58154e+08 0
4.58154e+08 0
4.58154e+08 0
4.58154e+08 0
4.58154e+08 0
4.58154e+08 0
4.58154e+08 0
4.58154e+08 0
4.58154e+08 0
4.58154e+08 0
4.58154e+08 0
4.58154e+08 0
4.58154e+08 0
4.58154e+08 0
4.58154e+08 0
4.58154e+08 0
4.58154e+08 0
4.58154e+08 0
4.58154e+08 0
4.58154e+08 0
4.58154e+08 0
4.58154e+08 0
4.58154e+08 0
4.58154e+08 0
4.58154e+08 0
4.58154e+08 0
4.58154e+08 0
4.58154e+08 0
4.58154e+08 0
4.58154e+08 0
4.58154e+08 0
4.58154e+08 0
4.58154e+08 0
4.58154e+08 0
