0 -6.64724e-07
0 -5.70058e-06
0 -8.72354e-06
-4.5432e+07 -1.87235e-05
4.178e+06 -2.87235e-05
1.24857e+09 -3.87235e-05
1.24857e+09 -4.87235e-05
1.24857e+09 -5.87235e-05
1.24857e+09 -6.87235e-05
1.24857e+09 -7.87235e-05
1.24857e+09 -8.87235e-05
1.24857e+09 -9.87235e-05
1.24857e+09 -0.000108724
1.24857e+09 -0.000118724
1.24857e+09 -0.000128724
1.24857e+09 -0.000138724
1.24857e+09 -0.000148724
1.24857e+09 -0.000158724
1.24857e+09 -0.000168724
1.24857e+09 -0.000178724
1.24857e+09 -0.000188724
1.24857e+09 -0.000198724
1.24857e+09 -0.000208724
1.24857e+09 -0.000218724
1.24857e+09 -0.000228724
1.24857e+09 -0.000238724
1.24857e+09 -0.000248724
1.24857e+09 -0.000258724
1.24857e+09 -0.000268724
1.24857e+09 -0.000278724
1.24857e+09 -0.000288724
1.24857e+09 -0.000298724
1.24857e+09 -0.000308724
1.24857e+09 -0.000318724
1.24857e+09 -0.000328724
1.24857e+09 -0.000338724
1.24857e+09 -0.000348724
1.24857e+09 -0.000358724
1.24857e+09 -0.000368724
1.24857e+09 -0.000378724
1.24857e+09 -0.000388724
1.24857e+09 -0.000398724
1.24857e+09 -0.000408724
1.24857e+09 -0.000418724
1.24857e+09 -0.000428724
1.24857e+09 -0.000438724
1.24857e+09 -0.000448724
1.24857e+09 -0.000458724
1.24857e+09 -0.000468724
1.24857e+09 -0.000478724
1.24857e+09 -0.000488724
1.24857e+09 -0.000498724
1.24857e+09 -0.000508724
1.24857e+09 -0.000518724
1.24857e+09 -0.000528724
1.24857e+09 -0.000538724
1.24857e+09 -0.000548724
1.24857e+09 -0.000558724
1.24857e+09 -0.000568724
1.24857e+09 -0.000578724
1.24857e+09 -0.000588724
1.24857e+09 -0.000598724
1.24857e+09 -0.000608724
1.24857e+09 -0.000618724
1.24857e+09 -0.000628724
1.24857e+09 -0.000638724
1.24857e+09 -0.000648724
1.24857e+09 -0.000658724
1.24857e+09 -0.000668724
1.24857e+09 -0.000678724
1.24857e+09 -0.000688724
1.24857e+09 -0.000698724
1.24857e+09 -0.000708724
1.24857e+09 -0.000718724
1.24857e+09 -0.000728724
1.24857e+09 -0.000738724
1.24857e+09 -0.000748724
1.24857e+09 -0.000758724
1.24857e+09 -0.000768724
1.24857e+09 -0.000778724
1.24857e+09 -0.000788724
1.24857e+09 -0.000798724
1.24857e+09 -0.000808724
1.24857e+09 -0.000818724
1.24857e+09 -0.000828724
1.24857e+09 -0.000838724
1.24857e+09 -0.000848724
1.24857e+09 -0.000858724
1.24857e+09 -0.000868724
1.24857e+09 -0.000878724
1.24857e+09 -0.000888724
1.24857e+09 -0.000898724
1.24857e+09 -0.000908724
1.24857e+09 -0.000918724
1.24857e+09 -0.000928724
1.24857e+09 -0.000938724
1.24857e+09 -0.000948724
1.24857e+09 -0.000958724
1.24857e+09 -0.000968724
1.24857e+09 -0.000978724
1.24857e+09 -0.000988724
1.24857e+09 -0.000998724
1.24857e+09 -0.00100872
