0 -8.42566e-07
0 -1.30955e-05
0 -7.9676e-06
-1.54672e+08 -1.79676e-05
-2.18297e+08 -2.79676e-05
-2.40563e+08 -3.79676e-05
-2.45935e+08 -4.79676e-05
-2.4257e+08 -5.79676e-05
-2.33009e+08 -6.79676e-05
-2.17636e+08 -7.79676e-05
-1.96044e+08 -8.79676e-05
-1.6642e+08 -9.79676e-05
-1.24991e+08 -0.000107968
-6.18444e+07 -0.000117968
2.56429e+07 -0.000127968
2.80235e+08 -0.000137968
6.65261e+08 -0.000147968
6.65261e+08 -0.000157968
6.65261e+08 -0.000167968
6.65261e+08 -0.000177968
6.65261e+08 -0.000187968
6.65261e+08 -0.000197968
6.65261e+08 -0.000207968
6.65261e+08 -0.000217968
6.65261e+08 -0.000227968
6.65261e+08 -0.000237968
6.65261e+08 -0.000247968
6.65261e+08 -0.000257968
6.65261e+08 -0.000267968
6.65261e+08 -0.000277968
6.65261e+08 -0.000287968
6.65261e+08 -0.000297968
6.65261e+08 -0.000307968
6.65261e+08 -0.000317968
6.65261e+08 -0.000327968
6.65261e+08 -0.000337968
6.65261e+08 -0.000347968
6.65261e+08 -0.000357968
6.65261e+08 -0.000367968
6.65261e+08 -0.000377968
6.65261e+08 -0.000387968
6.65261e+08 -0.000397968
6.65261e+08 -0.000407968
6.65261e+08 -0.000417968
6.65261e+08 -0.000427968
6.65261e+08 -0.000437968
6.65261e+08 -0.000447968
6.65261e+08 -0.000457968
6.65261e+08 -0.000467968
6.65261e+08 -0.000477968
6.65261e+08 -0.000487968
6.65261e+08 -0.000497968
6.65261e+08 -0.000507968
6.65261e+08 -0.000517968
6.65261e+08 -0.000527968
6.65261e+08 -0.000537968
6.65261e+08 -0.000547968
6.65261e+08 -0.000557968
6.65261e+08 -0.000567968
6.65261e+08 -0.000577968
6.65261e+08 -0.000587968
6.65261e+08 -0.000597968
6.65261e+08 -0.000607968
6.65261e+08 -0.000617968
6.65261e+08 -0.000627968
6.65261e+08 -0.000637968
6.65261e+08 -0.000647968
6.65261e+08 -0.000657968
6.65261e+08 -0.000667968
6.65261e+08 -0.000677968
6.65261e+08 -0.000687968
6.65261e+08 -0.000697968
6.65261e+08 -0.000707968
6.65261e+08 -0.000717968
6.65261e+08 -0.000727968
6.65261e+08 -0.000737968
6.65261e+08 -0.000747968
6.65261e+08 -0.000757968
6.65261e+08 -0.000767968
6.65261e+08 -0.000777968
6.65261e+08 -0.000787968
6.65261e+08 -0.000797968
6.65261e+08 -0.000807968
6.65261e+08 -0.000817968
6.65261e+08 -0.000827968
6.65261e+08 -0.000837968
6.65261e+08 -0.000847968
6.65261e+08 -0.000857968
6.65261e+08 -0.000867968
6.65261e+08 -0.000877968
6.65261e+08 -0.000887968
6.65261e+08 -0.000897968
6.65261e+08 -0.000907968
6.65261e+08 -0.000917968
6.65261e+08 -0.000927968
6.65261e+08 -0.000937968
6.65261e+08 -0.000947968
6.65261e+08 -0.000957968
6.65261e+08 -0.000967968
6.65261e+08 -0.000977968
6.65261e+08 -0.000987968
6.65261e+08 -0.000997968
6.65261e+08 -0.00100797
