0 -2.32278e-06
0 1.73336e-05
0 1.02742e-05
1.44507e+08 2.02742e-05
1.73242e+08 3.02742e-05
1.72009e+08 4.02742e-05
1.59969e+08 5.02742e-05
1.37893e+08 6.02742e-05
1.04617e+08 7.02742e-05
5.1272e+07 8.02742e-05
-7.50988e+07 9.02742e-05
3.98349e+08 0.000100274
3.98349e+08 0.000110274
3.98349e+08 0.000120274
3.98349e+08 0.000130274
3.98349e+08 0.000140274
3.98349e+08 0.000150274
3.98349e+08 0.000160274
3.98349e+08 0.000170274
3.98349e+08 0.000180274
3.98349e+08 0.000190274
3.98349e+08 0.000200274
3.98349e+08 0.000210274
3.98349e+08 0.000220274
3.98349e+08 0.000230274
3.98349e+08 0.000240274
3.98349e+08 0.000250274
3.98349e+08 0.000260274
3.98349e+08 0.000270274
3.98349e+08 0.000280274
3.98349e+08 0.000290274
3.98349e+08 0.000300274
3.98349e+08 0.000310274
3.98349e+08 0.000320274
3.98349e+08 0.000330274
3.98349e+08 0.000340274
3.98349e+08 0.000350274
3.98349e+08 0.000360274
3.98349e+08 0.000370274
3.98349e+08 0.000380274
3.98349e+08 0.000390274
3.98349e+08 0.000400274
3.98349e+08 0.000410274
3.98349e+08 0.000420274
3.98349e+08 0.000430274
3.98349e+08 0.000440274
3.98349e+08 0.000450274
3.98349e+08 0.000460274
3.98349e+08 0.000470274
3.98349e+08 0.000480274
3.98349e+08 0.000490274
3.98349e+08 0.000500274
3.98349e+08 0.000510274
3.98349e+08 0.000520274
3.98349e+08 0.000530274
3.98349e+08 0.000540274
3.98349e+08 0.000550274
3.98349e+08 0.000560274
3.98349e+08 0.000570274
3.98349e+08 0.000580274
3.98349e+08 0.000590274
3.98349e+08 0.000600274
3.98349e+08 0.000610274
3.98349e+08 0.000620274
3.98349e+08 0.000630274
3.98349e+08 0.000640274
3.98349e+08 0.000650274
3.98349e+08 0.000660274
3.98349e+08 0.000670274
3.98349e+08 0.000680274
3.98349e+08 0.000690274
3.98349e+08 0.000700274
3.98349e+08 0.000710274
3.98349e+08 0.000720274
3.98349e+08 0.000730274
3.98349e+08 0.000740274
3.98349e+08 0.000750274
3.98349e+08 0.000760274
3.98349e+08 0.000770274
3.98349e+08 0.000780274
3.98349e+08 0.000790274
3.98349e+08 0.000800274
3.98349e+08 0.000810274
3.98349e+08 0.000820274
3.98349e+08 0.000830274
3.98349e+08 0.000840274
3.98349e+08 0.000850274
3.98349e+08 0.000860274
3.98349e+08 0.000870274
3.98349e+08 0.000880274
3.98349e+08 0.000890274
3.98349e+08 0.000900274
3.98349e+08 0.000910274
3.98349e+08 0.000920274
3.98349e+08 0.000930274
3.98349e+08 0.000940274
3.98349e+08 0.000950274
3.98349e+08 0.000960274
3.98349e+08 0.000970274
3.98349e+08 0.000980274
3.98349e+08 0.000990274
3.98349e+08 0.00100027
3.98349e+08 0.00101027
