0 -2.8871e-08
0 -1.46188e+08
0 -1.46188e+08
8.62274e+07 -2.32415e+08
1.12797e+08 -2.58985e+08
1.28394e+08 -2.74582e+08
1.37044e+08 -2.83231e+08
1.42073e+08 -2.88261e+08
1.43995e+08 -2.90183e+08
1.4462e+08 -2.90808e+08
1.4411e+08 -2.90298e+08
1.42702e+08 -2.8889e+08
1.40472e+08 -2.8666e+08
1.37442e+08 -2.8363e+08
1.33612e+08 -2.798e+08
1.28947e+08 -2.75135e+08
1.23281e+08 -2.69469e+08
1.16407e+08 -2.62595e+08
1.08027e+08 -2.54215e+08
9.75047e+07 -2.43693e+08
8.23335e+07 -2.28521e+08
4.3e+07 -1.89188e+08
-6.7234e+06 -1.39464e+08
-5.98645e+07 -8.63234e+07
-1.13556e+08 -3.26317e+07
1.36333e+08 0
1.36333e+08 0
1.36333e+08 0
1.36333e+08 0
1.36333e+08 0
1.36333e+08 0
1.36333e+08 0
1.36333e+08 0
1.36333e+08 0
1.36333e+08 0
1.36333e+08 0
1.36333e+08 0
1.36333e+08 0
1.36333e+08 0
1.36333e+08 0
1.36333e+08 0
1.36333e+08 0
1.36333e+08 0
1.36333e+08 0
1.36333e+08 0
1.36333e+08 0
1.36333e+08 0
1.36333e+08 0
1.36333e+08 0
1.36333e+08 0
1.36333e+08 0
1.36333e+08 0
1.36333e+08 0
1.36333e+08 0
1.36333e+08 0
1.36333e+08 0
1.36333e+08 0
1.36333e+08 0
1.36333e+08 0
1.36333e+08 0
1.36333e+08 0
1.36333e+08 0
1.36333e+08 0
1.36333e+08 0
1.36333e+08 0
1.36333e+08 0
1.36333e+08 0
1.36333e+08 0
1.36333e+08 0
1.36333e+08 0
1.36333e+08 0
1.36333e+08 0
1.36333e+08 0
1.36333e+08 0
1.36333e+08 0
1.36333e+08 0
1.36333e+08 0
1.36333e+08 0
1.36333e+08 0
1.36333e+08 0
1.36333e+08 0
1.36333e+08 0
1.36333e+08 0
1.36333e+08 0
1.36333e+08 0
1.36333e+08 0
1.36333e+08 0
1.36333e+08 0
1.36333e+08 0
1.36333e+08 0
1.36333e+08 0
1.36333e+08 0
1.36333e+08 0
1.36333e+08 0
1.36333e+08 0
1.36333e+08 0
1.36333e+08 0
1.36333e+08 0
1.36333e+08 0
1.36333e+08 0
1.36333e+08 0
1.36333e+08 0
1.36333e+08 0
