0 -4.4982e-07
0 7.64663e-05
0 -209794
-15 -209794
-30 -209794
-45 -209794
-60 -209794
-75 -209794
-90 -209794
-105 -209794
-120 -209794
-135 -209794
-150 -209794
-165 -209794
-180 -209794
-195 -209794
-210 -209794
-225 -209794
-240 -209794
-255 -209794
-270 -209794
-285 -209794
-300 -209794
-315 -209794
-330 -209794
-345 -209794
-360 -209794
-375 -209794
-390 -209794
-405 -209794
-420 -209794
-435 -209794
-450 -209794
-465 -209794
-480 -209794
-495 -209794
-510 -209794
-525 -209794
-540 -209794
-555 -209794
-570 -209794
-585 -209794
-600 -209794
-615.001 -209794
-630.001 -209794
-645.001 -209794
-660.001 -209794
-675.001 -209794
-690.001 -209794
-705.001 -209794
-720.001 -209794
-735.001 -209794
-750.001 -209794
-765.001 -209794
-780.001 -209794
-795.001 -209794
-810.001 -209794
-825.001 -209794
-840.001 -209794
-855.001 -209794
-870.001 -209794
-885.001 -209794
-900.001 -209794
-915.001 -209794
-930.001 -209794
-945.001 -209794
-960.001 -209794
-975.001 -209794
-990.001 -209794
-1005 -209794
-1020 -209794
-1035 -209794
-1050 -209794
-1065 -209794
-1080 -209794
-1095 -209794
-1110 -209794
-1125 -209794
-1140 -209794
-1155 -209794
-1170 -209794
-1185 -209794
-1200 -209794
-1215 -209794
-1230 -209794
-1245 -209794
-1260 -209794
-1275 -209794
-1290 -209794
-1305 -209794
-1320 -209794
-1335 -209794
-1350 -209794
-1365 -209794
-1380 -209794
-1395 -209794
-1410 -209794
-1425 -209794
-1440 -209794
-1455 -209794
-1470 -209794
-1485 -209794
-1500 -209794
