0 7.45058e-08
0 -8.4063e+07
0 -8.4063e+07
9.88634e+07 -1.82926e+08
1.34627e+08 -2.1869e+08
1.15705e+08 -1.99768e+08
5.79123e+07 -1.41975e+08
-1.12395e+08 2.36458e+07
1.73607e+09 0
1.00213e+09 0
1.00213e+09 0
1.00213e+09 0
1.00213e+09 0
1.00213e+09 0
1.00213e+09 0
1.00213e+09 0
1.00213e+09 0
1.00213e+09 0
1.00213e+09 0
1.00213e+09 0
1.00213e+09 0
1.00213e+09 0
1.00213e+09 0
1.00213e+09 0
1.00213e+09 0
1.00213e+09 0
1.00213e+09 0
1.00213e+09 0
1.00213e+09 0
1.00213e+09 0
1.00213e+09 0
1.00213e+09 0
1.00213e+09 0
1.00213e+09 0
1.00213e+09 0
1.00213e+09 0
1.00213e+09 0
1.00213e+09 0
1.00213e+09 0
1.00213e+09 0
1.00213e+09 0
1.00213e+09 0
1.00213e+09 0
1.00213e+09 0
1.00213e+09 0
1.00213e+09 0
1.00213e+09 0
1.00213e+09 0
1.00213e+09 0
1.00213e+09 0
1.00213e+09 0
1.00213e+09 0
1.00213e+09 0
1.00213e+09 0
1.00213e+09 0
1.00213e+09 0
1.00213e+09 0
1.00213e+09 0
1.00213e+09 0
1.00213e+09 0
1.00213e+09 0
1.00213e+09 0
1.00213e+09 0
1.00213e+09 0
1.00213e+09 0
1.00213e+09 0
1.00213e+09 0
1.00213e+09 0
1.00213e+09 0
1.00213e+09 0
1.00213e+09 0
1.00213e+09 0
1.00213e+09 0
1.00213e+09 0
1.00213e+09 0
1.00213e+09 0
1.00213e+09 0
1.00213e+09 0
1.00213e+09 0
1.00213e+09 0
1.00213e+09 0
1.00213e+09 0
1.00213e+09 0
1.00213e+09 0
1.00213e+09 0
1.00213e+09 0
1.00213e+09 0
1.00213e+09 0
1.00213e+09 0
1.00213e+09 0
1.00213e+09 0
1.00213e+09 0
1.00213e+09 0
1.00213e+09 0
1.00213e+09 0
1.00213e+09 0
1.00213e+09 0
1.00213e+09 0
1.00213e+09 0
1.00213e+09 0
1.00213e+09 0
1.00213e+09 0
1.00213e+09 0
