0 -1.17511e-06
0 4.81416e-05
0 -758794
-15 -758794
-30 -758794
-45 -758794
-60 -758794
-75 -758794
-90 -758794
-105 -758794
-120 -758794
-135 -758794
-150 -758794
-165 -758794
-180 -758794
-195 -758794
-210 -758794
-225 -758794
-240 -758794
-255 -758794
-270 -758794
-285 -758794
-300 -758794
-315 -758794
-330 -758794
-345 -758794
-360 -758794
-375 -758794
-390 -758794
-405 -758794
-420 -758794
-435 -758794
-450 -758794
-465 -758794
-480 -758794
-495 -758794
-510 -758794
-525 -758794
-540 -758794
-555 -758794
-570 -758794
-585 -758794
-600 -758794
-615 -758794
-630 -758794
-645 -758794
-660 -758794
-675 -758794
-690 -758794
-705 -758794
-720 -758794
-735 -758794
-750 -758794
-765 -758794
-780 -758794
-795 -758794
-810 -758794
-825 -758794
-840 -758794
-855 -758794
-870 -758794
-885 -758794
-900 -758794
-915 -758794
-930 -758794
-945 -758794
-960 -758794
-975 -758794
-990 -758794
-1005 -758794
-1020 -758794
-1035 -758794
-1050 -758794
-1065 -758794
-1080 -758794
-1095 -758794
-1110 -758794
-1125 -758794
-1140 -758794
-1155 -758794
-1170 -758794
-1185 -758794
-1200 -758794
-1215 -758794
-1230 -758794
-1245 -758794
-1260 -758794
-1275 -758794
-1290 -758794
-1305 -758794
-1320 -758794
-1335 -758794
-1350 -758794
-1365 -758794
-1380 -758794
-1395 -758794
-1410 -758794
-1425 -758794
-1440 -758794
-1455 -758794
-1470 -758794
-1485 -758794
-1500 -758794
