0 -2.98919e-07
0 0.000314701
0 -40539.9
-15 -40539.9
-30 -40539.9
-45 -40539.9
-60 -40539.9
-75 -40539.9
-90.0001 -40539.9
-105 -40539.9
-120 -40539.9
-135 -40539.9
-150 -40539.9
-165 -40539.9
-180 -40539.9
-195 -40539.9
-210 -40539.9
-225 -40539.9
-240 -40539.9
-255.001 -40539.9
-270.001 -40539.9
-285.001 -40539.9
-300.001 -40539.9
-315.001 -40539.9
-330.001 -40539.9
-345.001 -40539.9
-360.001 -40539.9
-375.001 -40539.9
-390.001 -40539.9
-405.001 -40539.9
-420.001 -40539.9
-435.001 -40539.9
-450.002 -40539.9
-465.002 -40539.9
-480.002 -40539.9
-495.002 -40539.9
-510.002 -40539.9
-525.002 -40539.9
-540.002 -40539.9
-555.002 -40539.9
-570.003 -40539.9
-585.003 -40539.9
-600.003 -40539.9
-615.003 -40539.9
-630.003 -40539.9
-645.003 -40539.9
-660.003 -40539.9
-675.004 -40539.9
-690.004 -40539.9
-705.004 -40539.9
-720.004 -40539.9
-735.004 -40539.9
-750.004 -40539.9
-765.005 -40539.9
-780.005 -40539.9
-795.005 -40539.9
-810.005 -40539.9
-825.005 -40539.9
-840.005 -40539.9
-855.006 -40539.9
-870.006 -40539.9
-885.006 -40539.9
-900.006 -40539.9
-915.006 -40539.9
-930.007 -40539.9
-945.007 -40539.9
-960.007 -40539.9
-975.007 -40539.9
-990.008 -40539.9
-1005.01 -40539.9
-1020.01 -40539.9
-1035.01 -40539.9
-1050.01 -40539.9
-1065.01 -40539.9
-1080.01 -40539.9
-1095.01 -40539.9
-1110.01 -40539.9
-1125.01 -40539.9
-1140.01 -40539.9
-1155.01 -40539.9
-1170.01 -40539.9
-1185.01 -40539.9
-1200.01 -40539.9
-1215.01 -40539.9
-1230.01 -40539.9
-1245.01 -40539.9
-1260.01 -40539.9
-1275.01 -40539.9
-1290.01 -40539.9
-1305.01 -40539.9
-1320.01 -40539.9
-1335.01 -40539.9
-1350.01 -40539.9
-1365.01 -40539.9
-1380.01 -40539.9
-1395.02 -40539.9
-1410.02 -40539.9
-1425.02 -40539.9
-1440.02 -40539.9
-1455.02 -40539.9
-1470.02 -40539.9
-1485.02 -40539.9
-1500.02 -40539.9
