0 1.54914e-06
0 1.3255e-06
0 6.13949e-08
4.4572e+07 -4.4572e+07
5.28623e+07 -5.28623e+07
5.9654e+07 -5.9654e+07
6.45275e+07 -6.45275e+07
6.91282e+07 -6.91282e+07
7.30556e+07 -7.30556e+07
7.62842e+07 -7.62842e+07
7.80891e+07 -7.80891e+07
7.95406e+07 -7.95406e+07
8.07995e+07 -8.07995e+07
8.19413e+07 -8.19413e+07
8.29308e+07 -8.29308e+07
8.38385e+07 -8.38385e+07
8.46939e+07 -8.46939e+07
8.54606e+07 -8.54606e+07
8.61515e+07 -8.61515e+07
8.6804e+07 -8.6804e+07
8.74212e+07 -8.74212e+07
8.80105e+07 -8.80105e+07
8.85508e+07 -8.85508e+07
8.9053e+07 -8.9053e+07
7.13424e+07 -7.13424e+07
7.17839e+07 -7.17839e+07
7.2205e+07 -7.2205e+07
7.26066e+07 -7.26066e+07
7.29868e+07 -7.29868e+07
7.33451e+07 -7.33451e+07
7.36864e+07 -7.36864e+07
7.40117e+07 -7.40117e+07
7.43201e+07 -7.43201e+07
7.46127e+07 -7.46127e+07
7.48911e+07 -7.48911e+07
7.51569e+07 -7.51569e+07
7.54114e+07 -7.54114e+07
7.56556e+07 -7.56556e+07
7.58903e+07 -7.58903e+07
7.61161e+07 -7.61161e+07
7.63337e+07 -7.63337e+07
7.65424e+07 -7.65424e+07
7.67432e+07 -7.67432e+07
7.69379e+07 -7.69379e+07
7.71271e+07 -7.71271e+07
7.7311e+07 -7.7311e+07
7.74899e+07 -7.74899e+07
6.83214e+07 -6.83214e+07
6.88333e+07 -6.88333e+07
6.89886e+07 -6.89886e+07
6.91398e+07 -6.91398e+07
6.92874e+07 -6.92874e+07
6.94315e+07 -6.94315e+07
6.95724e+07 -6.95724e+07
6.97104e+07 -6.97104e+07
6.98457e+07 -6.98457e+07
6.99787e+07 -6.99787e+07
7.01095e+07 -7.01095e+07
7.02372e+07 -7.02372e+07
7.03625e+07 -7.03625e+07
7.04855e+07 -7.04855e+07
7.06064e+07 -7.06064e+07
7.07254e+07 -7.07254e+07
7.08427e+07 -7.08427e+07
7.09586e+07 -7.09586e+07
7.10731e+07 -7.10731e+07
7.11863e+07 -7.11863e+07
7.12984e+07 -7.12984e+07
7.14095e+07 -7.14095e+07
7.15196e+07 -7.15196e+07
7.16289e+07 -7.16289e+07
7.17372e+07 -7.17372e+07
7.18448e+07 -7.18448e+07
7.19516e+07 -7.19516e+07
7.20578e+07 -7.20578e+07
7.21633e+07 -7.21633e+07
7.22682e+07 -7.22682e+07
7.23726e+07 -7.23726e+07
7.24765e+07 -7.24765e+07
7.25799e+07 -7.25799e+07
7.2683e+07 -7.2683e+07
7.27856e+07 -7.27856e+07
7.28878e+07 -7.28878e+07
7.29898e+07 -7.29898e+07
7.30914e+07 -7.30914e+07
7.31929e+07 -7.31929e+07
7.3294e+07 -7.3294e+07
7.3395e+07 -7.3395e+07
7.34959e+07 -7.34959e+07
7.35965e+07 -7.35965e+07
7.36971e+07 -7.36971e+07
7.37967e+07 -7.37967e+07
7.38956e+07 -7.38956e+07
7.39947e+07 -7.39947e+07
7.4094e+07 -7.4094e+07
7.41936e+07 -7.41936e+07
1.42909e+07 -1.42909e+07
1.5628e+07 -1.5628e+07
1.67878e+07 -1.67878e+07
1.79734e+07 -1.79734e+07
1.91264e+07 -1.91264e+07
2.00953e+07 -2.00953e+07
2.10219e+07 -2.10219e+07
