0 1.56974e-06
0 1.66099e+08
0 1.66099e+08
-1.38434e+08 3.04532e+08
-1.6963e+08 3.35729e+08
-1.67018e+08 3.33117e+08
-1.53098e+08 3.19197e+08
-1.29168e+08 2.95267e+08
-9.36541e+07 2.59753e+08
-3.97449e+07 2.05844e+08
5.88882e+07 1.07211e+08
2.84458e+08 -8.62709e+07
6.6051e+08 0
6.6051e+08 0
6.6051e+08 0
6.6051e+08 0
6.6051e+08 0
6.6051e+08 0
6.6051e+08 0
6.6051e+08 0
6.6051e+08 0
6.6051e+08 0
6.6051e+08 0
6.6051e+08 0
6.6051e+08 0
6.6051e+08 0
6.6051e+08 0
6.6051e+08 0
6.6051e+08 0
6.6051e+08 0
6.6051e+08 0
6.6051e+08 0
6.6051e+08 0
6.6051e+08 0
6.6051e+08 0
6.6051e+08 0
6.6051e+08 0
6.6051e+08 0
6.6051e+08 0
6.6051e+08 0
6.6051e+08 0
6.6051e+08 0
6.6051e+08 0
6.6051e+08 0
6.6051e+08 0
6.6051e+08 0
6.6051e+08 0
6.6051e+08 0
6.6051e+08 0
6.6051e+08 0
6.6051e+08 0
6.6051e+08 0
6.6051e+08 0
6.6051e+08 0
6.6051e+08 0
6.6051e+08 0
6.6051e+08 0
6.6051e+08 0
6.6051e+08 0
6.6051e+08 0
6.6051e+08 0
6.6051e+08 0
6.6051e+08 0
6.6051e+08 0
6.6051e+08 0
6.6051e+08 0
6.6051e+08 0
6.6051e+08 0
6.6051e+08 0
6.6051e+08 0
6.6051e+08 0
6.6051e+08 0
6.6051e+08 0
6.6051e+08 0
6.6051e+08 0
6.6051e+08 0
6.6051e+08 0
6.6051e+08 0
6.6051e+08 0
6.6051e+08 0
6.6051e+08 0
6.6051e+08 0
6.6051e+08 0
6.6051e+08 0
6.6051e+08 0
6.6051e+08 0
6.6051e+08 0
6.6051e+08 0
6.6051e+08 0
6.6051e+08 0
6.6051e+08 0
6.6051e+08 0
6.6051e+08 0
6.6051e+08 0
6.6051e+08 0
6.6051e+08 0
6.6051e+08 0
6.6051e+08 0
6.6051e+08 0
6.6051e+08 0
6.6051e+08 0
6.6051e+08 0
6.6051e+08 0
