0 -2.12947e-06
0 -6.2314e+07
0 -6.2314e+07
1.61552e+08 -2.23866e+08
2.422e+08 -3.04514e+08
2.66337e+08 -3.28651e+08
2.72491e+08 -3.34805e+08
2.72346e+08 -3.3466e+08
2.68866e+08 -3.3118e+08
2.62852e+08 -3.25166e+08
2.54137e+08 -3.16451e+08
2.41557e+08 -3.03871e+08
2.2388e+08 -2.86194e+08
1.96603e+08 -2.58917e+08
1.37804e+08 -2.00118e+08
-1.97052e+08 1.27196e+08
3.61467e+08 0
3.61467e+08 0
3.61467e+08 0
3.61467e+08 0
3.61467e+08 0
3.61467e+08 0
3.61467e+08 0
3.61467e+08 0
3.61467e+08 0
3.61467e+08 0
3.61467e+08 0
3.61467e+08 0
3.61467e+08 0
3.61467e+08 0
3.61467e+08 0
3.61467e+08 0
3.61467e+08 0
3.61467e+08 0
3.61467e+08 0
3.61467e+08 0
3.61467e+08 0
3.61467e+08 0
3.61467e+08 0
3.61467e+08 0
3.61467e+08 0
3.61467e+08 0
3.61467e+08 0
3.61467e+08 0
3.61467e+08 0
3.61467e+08 0
3.61467e+08 0
3.61467e+08 0
3.61467e+08 0
3.61467e+08 0
3.61467e+08 0
3.61467e+08 0
3.61467e+08 0
3.61467e+08 0
3.61467e+08 0
3.61467e+08 0
3.61467e+08 0
3.61467e+08 0
3.61467e+08 0
3.61467e+08 0
3.61467e+08 0
3.61467e+08 0
3.61467e+08 0
3.61467e+08 0
3.61467e+08 0
3.61467e+08 0
3.61467e+08 0
3.61467e+08 0
3.61467e+08 0
3.61467e+08 0
3.61467e+08 0
3.61467e+08 0
3.61467e+08 0
3.61467e+08 0
3.61467e+08 0
3.61467e+08 0
3.61467e+08 0
3.61467e+08 0
3.61467e+08 0
3.61467e+08 0
3.61467e+08 0
3.61467e+08 0
3.61467e+08 0
3.61467e+08 0
3.61467e+08 0
3.61467e+08 0
3.61467e+08 0
3.61467e+08 0
3.61467e+08 0
3.61467e+08 0
3.61467e+08 0
3.61467e+08 0
3.61467e+08 0
3.61467e+08 0
3.61467e+08 0
3.61467e+08 0
3.61467e+08 0
3.61467e+08 0
3.61467e+08 0
3.61467e+08 0
3.61467e+08 0
3.61467e+08 0
3.61467e+08 0
