0 9.77889e-08
0 -1.34572e+08
0 -1.34572e+08
1.49808e+08 -2.8438e+08
1.91598e+08 -3.2617e+08
1.86508e+08 -3.2108e+08
1.62719e+08 -2.97291e+08
1.23187e+08 -2.5776e+08
5.90942e+07 -1.93666e+08
-7.91538e+07 -5.54183e+07
5.011e+08 0
5.011e+08 0
5.011e+08 0
5.011e+08 0
5.011e+08 0
5.011e+08 0
5.011e+08 0
5.011e+08 0
5.011e+08 0
5.011e+08 0
5.011e+08 0
5.011e+08 0
5.011e+08 0
5.011e+08 0
5.011e+08 0
5.011e+08 0
5.011e+08 0
5.011e+08 0
5.011e+08 0
5.011e+08 0
5.011e+08 0
5.011e+08 0
5.011e+08 0
5.011e+08 0
5.011e+08 0
5.011e+08 0
5.011e+08 0
5.011e+08 0
5.011e+08 0
5.011e+08 0
5.011e+08 0
5.011e+08 0
5.011e+08 0
5.011e+08 0
5.011e+08 0
5.011e+08 0
5.011e+08 0
5.011e+08 0
5.011e+08 0
5.011e+08 0
5.011e+08 0
5.011e+08 0
5.011e+08 0
5.011e+08 0
5.011e+08 0
5.011e+08 0
5.011e+08 0
5.011e+08 0
5.011e+08 0
5.011e+08 0
5.011e+08 0
5.011e+08 0
5.011e+08 0
5.011e+08 0
5.011e+08 0
5.011e+08 0
5.011e+08 0
5.011e+08 0
5.011e+08 0
5.011e+08 0
5.011e+08 0
5.011e+08 0
5.011e+08 0
5.011e+08 0
5.011e+08 0
5.011e+08 0
5.011e+08 0
5.011e+08 0
5.011e+08 0
5.011e+08 0
5.011e+08 0
5.011e+08 0
5.011e+08 0
5.011e+08 0
5.011e+08 0
5.011e+08 0
5.011e+08 0
5.011e+08 0
5.011e+08 0
5.011e+08 0
5.011e+08 0
5.011e+08 0
5.011e+08 0
5.011e+08 0
5.011e+08 0
5.011e+08 0
5.011e+08 0
5.011e+08 0
5.011e+08 0
5.011e+08 0
5.011e+08 0
5.011e+08 0
5.011e+08 0
