0 3.39933e-08
0 1.00239e+08
0 1.00239e+08
-1.5176e+07 1.15415e+08
-2.7418e+07 1.27657e+08
-3.59026e+07 1.36142e+08
-4.18876e+07 1.42127e+08
-4.68723e+07 1.47111e+08
-5.1069e+07 1.51308e+08
-5.45732e+07 1.54812e+08
-5.73768e+07 1.57616e+08
-6.02893e+07 1.60528e+08
-6.23856e+07 1.62625e+08
-6.41262e+07 1.64365e+08
-6.55521e+07 1.65791e+08
-6.67291e+07 1.66968e+08
-6.76944e+07 1.67933e+08
-6.84999e+07 1.68739e+08
-6.91677e+07 1.69407e+08
-6.97199e+07 1.69959e+08
-7.01859e+07 1.70425e+08
-7.05776e+07 1.70817e+08
-7.09056e+07 1.71145e+08
-7.11778e+07 1.71417e+08
-7.14051e+07 1.71644e+08
-5.45732e+07 1.54812e+08
-5.49679e+07 1.55207e+08
-5.53088e+07 1.55548e+08
-5.5586e+07 1.55825e+08
-5.5789e+07 1.56028e+08
-5.59394e+07 1.56178e+08
-5.60529e+07 1.56292e+08
-5.61374e+07 1.56376e+08
-5.61962e+07 1.56435e+08
-5.62385e+07 1.56477e+08
-5.62663e+07 1.56505e+08
-5.62828e+07 1.56522e+08
-5.62858e+07 1.56525e+08
-5.6278e+07 1.56517e+08
-5.62604e+07 1.56499e+08
4.30777e+07 5.71613e+07
4.29585e+07 5.72805e+07
4.28485e+07 5.73905e+07
4.2743e+07 5.7496e+07
4.26361e+07 5.76029e+07
4.25417e+07 5.76973e+07
4.24595e+07 5.77795e+07
4.23821e+07 5.78569e+07
4.23173e+07 5.79217e+07
4.22497e+07 5.79893e+07
4.2177e+07 5.8062e+07
4.21263e+07 5.81127e+07
4.209e+07 5.8149e+07
5.0338e+07 4.9901e+07
5.0289e+07 4.995e+07
5.02373e+07 5.00017e+07
5.01978e+07 5.00412e+07
5.01628e+07 5.00762e+07
5.01288e+07 5.01102e+07
5.00957e+07 5.01433e+07
5.00723e+07 5.01667e+07
5.00533e+07 5.01857e+07
5.00372e+07 5.02018e+07
5.00265e+07 5.02125e+07
5.0017e+07 5.0222e+07
5.00096e+07 5.02294e+07
5.00067e+07 5.02323e+07
5.00047e+07 5.02343e+07
5.00035e+07 5.02355e+07
5.00051e+07 5.02339e+07
5.0008e+07 5.0231e+07
5.00118e+07 5.02272e+07
5.00159e+07 5.02231e+07
5.00199e+07 5.02191e+07
5.00237e+07 5.02153e+07
5.00301e+07 5.02089e+07
5.00386e+07 5.02004e+07
5.00484e+07 5.01906e+07
5.0059e+07 5.018e+07
5.00697e+07 5.01693e+07
5.00802e+07 5.01588e+07
5.00907e+07 5.01483e+07
5.01012e+07 5.01378e+07
5.01116e+07 5.01274e+07
5.01219e+07 5.01171e+07
5.01323e+07 5.01067e+07
5.01427e+07 5.00963e+07
5.01531e+07 5.00859e+07
5.01642e+07 5.00748e+07
5.01774e+07 5.00616e+07
5.01917e+07 5.00473e+07
5.02068e+07 5.00322e+07
5.02226e+07 5.00164e+07
5.02389e+07 5.00001e+07
5.02552e+07 4.99838e+07
5.02715e+07 4.99675e+07
5.02878e+07 4.99512e+07
5.0304e+07 4.9935e+07
5.03201e+07 4.99189e+07
5.03365e+07 4.99025e+07
9.9756e+07 482995
9.97599e+07 479053
9.97638e+07 475153
