0 -1.22522e-06
0 -3.29277e-05
0 9.07762e-05
-44.2533 8.07762e-05
-116.853 7.07762e-05
-189.452 6.07762e-05
-262.052 5.07762e-05
-334.651 4.07762e-05
-407.251 3.07762e-05
-479.85 2.07762e-05
-552.45 1.07762e-05
-625.049 7.76198e-07
-697.649 -9.2238e-06
-770.248 -1.92238e-05
-842.848 -2.92238e-05
-915.447 -3.92238e-05
-988.047 -4.92238e-05
-1060.65 -5.92238e-05
-1133.25 -6.92238e-05
-1205.85 -7.92238e-05
-1278.44 -8.92238e-05
-1351.04 -9.92238e-05
-1423.64 -0.000109224
-1496.24 -0.000119224
-1568.84 -0.000129224
-1641.44 -0.000139224
-1714.04 -0.000149224
-1786.64 -0.000159224
-1859.24 -0.000169224
-1931.84 -0.000179224
-2004.44 -0.000189224
-2077.04 -0.000199224
-2149.64 -0.000209224
-2222.24 -0.000219224
-2294.84 -0.000229224
-2367.44 -0.000239224
-2440.04 -0.000249224
-2512.64 -0.000259224
-2585.24 -0.000269224
-2657.84 -0.000279224
-2730.44 -0.000289224
-2803.04 -0.000299224
-2875.64 -0.000309224
-2948.24 -0.000319224
-3020.84 -0.000329224
-3093.44 -0.000339224
-3166.04 -0.000349224
-3238.64 -0.000359224
-3311.24 -0.000369224
-3383.83 -0.000379224
-3456.43 -0.000389224
-3529.03 -0.000399224
-3601.63 -0.000409224
-3674.23 -0.000419224
-3746.83 -0.000429224
-3819.43 -0.000439224
-3892.03 -0.000449224
-3964.63 -0.000459224
-4037.23 -0.000469224
-4109.83 -0.000479224
-4182.43 -0.000489224
-4255.03 -0.000499224
-4327.63 -0.000509224
-4400.23 -0.000519224
-4472.83 -0.000529224
-4545.43 -0.000539224
-4618.03 -0.000549224
-4690.63 -0.000559224
-4763.23 -0.000569224
-4835.83 -0.000579224
-4908.43 -0.000589224
-4981.03 -0.000599224
-5053.63 -0.000609224
-5126.23 -0.000619224
-5198.83 -0.000629224
-5271.43 -0.000639224
-5344.03 -0.000649224
-5416.63 -0.000659224
-5489.23 -0.000669224
-5561.83 -0.000679224
-5634.43 -0.000689224
-5707.03 -0.000699224
-5779.63 -0.000709224
-5852.23 -0.000719224
-5924.83 -0.000729224
-5997.43 -0.000739224
-6070.03 -0.000749224
-6142.63 -0.000759224
-6215.23 -0.000769224
-6287.83 -0.000779224
-6360.43 -0.000789224
-6433.03 -0.000799224
-6505.63 -0.000809224
-6578.23 -0.000819224
-6650.83 -0.000829224
-6723.43 -0.000839224
-6796.03 -0.000849224
-6868.63 -0.000859224
-6941.23 -0.000869224
-7013.83 -0.000879224
-7086.43 -0.000889224
-7159.03 -0.000899224
-7231.63 -0.000909224
