0 -5.29805e-06
0 1.82095e-05
0 43670.9
-15 43670.9
-30 43670.9
-45 43670.9
-60 43670.9
-75 43670.9
-89.9999 43670.9
-105 43670.9
-120 43670.9
-135 43670.9
-150 43670.9
-165 43670.9
-180 43670.9
-195 43670.9
-210 43670.9
-225 43670.9
-240 43670.9
-254.999 43670.9
-269.999 43670.9
-284.999 43670.9
-299.999 43670.9
-314.999 43670.9
-329.999 43670.9
-344.999 43670.9
-359.999 43670.9
-374.999 43670.9
-389.999 43670.9
-404.999 43670.9
-419.999 43670.9
-434.999 43670.9
-449.998 43670.9
-464.998 43670.9
-479.998 43670.9
-494.998 43670.9
-509.998 43670.9
-524.998 43670.9
-539.998 43670.9
-554.998 43670.9
-569.998 43670.9
-584.997 43670.9
-599.997 43670.9
-614.997 43670.9
-629.997 43670.9
-644.997 43670.9
-659.997 43670.9
-674.996 43670.9
-689.996 43670.9
-704.996 43670.9
-719.996 43670.9
-734.996 43670.9
-749.996 43670.9
-764.996 43670.9
-779.995 43670.9
-794.995 43670.9
-809.995 43670.9
-824.995 43670.9
-839.995 43670.9
-854.994 43670.9
-869.994 43670.9
-884.994 43670.9
-899.994 43670.9
-914.994 43670.9
-929.993 43670.9
-944.993 43670.9
-959.993 43670.9
-974.993 43670.9
-989.992 43670.9
-1004.99 43670.9
-1019.99 43670.9
-1034.99 43670.9
-1049.99 43670.9
-1064.99 43670.9
-1079.99 43670.9
-1094.99 43670.9
-1109.99 43670.9
-1124.99 43670.9
-1139.99 43670.9
-1154.99 43670.9
-1169.99 43670.9
-1184.99 43670.9
-1199.99 43670.9
-1214.99 43670.9
-1229.99 43670.9
-1244.99 43670.9
-1259.99 43670.9
-1274.99 43670.9
-1289.99 43670.9
-1304.99 43670.9
-1319.99 43670.9
-1334.99 43670.9
-1349.99 43670.9
-1364.99 43670.9
-1379.99 43670.9
-1394.99 43670.9
-1409.98 43670.9
-1424.98 43670.9
-1439.98 43670.9
-1454.98 43670.9
-1469.98 43670.9
-1484.98 43670.9
-1499.98 43670.9
