0 -9.87202e-08
0 1.21607e+08
0 1.21607e+08
-1.59746e+08 2.81353e+08
-2.01648e+08 3.23255e+08
-1.9397e+08 3.15577e+08
-1.69614e+08 2.9122e+08
-1.30294e+08 2.51901e+08
-7.06745e+07 1.92281e+08
3.41583e+07 8.74483e+07
6.86648e+08 0
6.86648e+08 0
6.86648e+08 0
6.86648e+08 0
6.86648e+08 0
6.86648e+08 0
6.86648e+08 0
6.86648e+08 0
6.86648e+08 0
6.86648e+08 0
6.86648e+08 0
6.86648e+08 0
6.86648e+08 0
6.86648e+08 0
6.86648e+08 0
6.86648e+08 0
6.86648e+08 0
6.86648e+08 0
6.86648e+08 0
6.86648e+08 0
6.86648e+08 0
6.86648e+08 0
6.86648e+08 0
6.86648e+08 0
6.86648e+08 0
6.86648e+08 0
6.86648e+08 0
6.86648e+08 0
6.86648e+08 0
6.86648e+08 0
6.86648e+08 0
6.86648e+08 0
6.86648e+08 0
6.86648e+08 0
6.86648e+08 0
6.86648e+08 0
6.86648e+08 0
6.86648e+08 0
6.86648e+08 0
6.86648e+08 0
6.86648e+08 0
6.86648e+08 0
6.86648e+08 0
6.86648e+08 0
6.86648e+08 0
6.86648e+08 0
6.86648e+08 0
6.86648e+08 0
6.86648e+08 0
6.86648e+08 0
6.86648e+08 0
6.86648e+08 0
6.86648e+08 0
6.86648e+08 0
6.86648e+08 0
6.86648e+08 0
6.86648e+08 0
6.86648e+08 0
6.86648e+08 0
6.86648e+08 0
6.86648e+08 0
6.86648e+08 0
6.86648e+08 0
6.86648e+08 0
6.86648e+08 0
6.86648e+08 0
6.86648e+08 0
6.86648e+08 0
6.86648e+08 0
6.86648e+08 0
6.86648e+08 0
6.86648e+08 0
6.86648e+08 0
6.86648e+08 0
6.86648e+08 0
6.86648e+08 0
6.86648e+08 0
6.86648e+08 0
6.86648e+08 0
6.86648e+08 0
6.86648e+08 0
6.86648e+08 0
6.86648e+08 0
6.86648e+08 0
6.86648e+08 0
6.86648e+08 0
6.86648e+08 0
6.86648e+08 0
6.86648e+08 0
6.86648e+08 0
6.86648e+08 0
6.86648e+08 0
6.86648e+08 0
