0 -3.11919e-06
0 1.6606e-05
0 -26259.3
-15 -26259.3
-30 -26259.3
-45 -26259.3
-60 -26259.3
-75 -26259.3
-90.0001 -26259.3
-105 -26259.3
-120 -26259.3
-135 -26259.3
-150 -26259.3
-165 -26259.3
-180 -26259.3
-195 -26259.3
-210 -26259.3
-225 -26259.3
-240 -26259.3
-255 -26259.3
-270.001 -26259.3
-285.001 -26259.3
-300.001 -26259.3
-315.001 -26259.3
-330.001 -26259.3
-345.001 -26259.3
-360.001 -26259.3
-375.001 -26259.3
-390.001 -26259.3
-405.001 -26259.3
-420.001 -26259.3
-435.001 -26259.3
-450.001 -26259.3
-465.002 -26259.3
-480.002 -26259.3
-495.002 -26259.3
-510.002 -26259.3
-525.002 -26259.3
-540.002 -26259.3
-555.002 -26259.3
-570.002 -26259.3
-585.003 -26259.3
-600.003 -26259.3
-615.003 -26259.3
-630.003 -26259.3
-645.003 -26259.3
-660.003 -26259.3
-675.003 -26259.3
-690.003 -26259.3
-705.004 -26259.3
-720.004 -26259.3
-735.004 -26259.3
-750.004 -26259.3
-765.004 -26259.3
-780.004 -26259.3
-795.005 -26259.3
-810.005 -26259.3
-825.005 -26259.3
-840.005 -26259.3
-855.005 -26259.3
-870.006 -26259.3
-885.006 -26259.3
-900.006 -26259.3
-915.006 -26259.3
-930.006 -26259.3
-945.007 -26259.3
-960.007 -26259.3
-975.007 -26259.3
-990.007 -26259.3
-1005.01 -26259.3
-1020.01 -26259.3
-1035.01 -26259.3
-1050.01 -26259.3
-1065.01 -26259.3
-1080.01 -26259.3
-1095.01 -26259.3
-1110.01 -26259.3
-1125.01 -26259.3
-1140.01 -26259.3
-1155.01 -26259.3
-1170.01 -26259.3
-1185.01 -26259.3
-1200.01 -26259.3
-1215.01 -26259.3
-1230.01 -26259.3
-1245.01 -26259.3
-1260.01 -26259.3
-1275.01 -26259.3
-1290.01 -26259.3
-1305.01 -26259.3
-1320.01 -26259.3
-1335.01 -26259.3
-1350.01 -26259.3
-1365.01 -26259.3
-1380.01 -26259.3
-1395.01 -26259.3
-1410.01 -26259.3
-1425.01 -26259.3
-1440.02 -26259.3
-1455.02 -26259.3
-1470.02 -26259.3
-1485.02 -26259.3
-1500.02 -26259.3
