0 -8.42566e-07
0 -1.30955e-05
0 -8.99868e-06
-1.34292e+08 -1.89987e-05
-1.89738e+08 -2.89987e-05
-1.86826e+08 -3.89987e-05
-1.5987e+08 -4.89987e-05
-1.15501e+08 -5.89987e-05
-4.99743e+07 -6.89987e-05
6.99752e+07 -7.89987e-05
9.41533e+08 -8.89987e-05
9.41533e+08 -9.89987e-05
9.41533e+08 -0.000108999
9.41533e+08 -0.000118999
9.41533e+08 -0.000128999
9.41533e+08 -0.000138999
9.41533e+08 -0.000148999
9.41533e+08 -0.000158999
9.41533e+08 -0.000168999
9.41533e+08 -0.000178999
9.41533e+08 -0.000188999
9.41533e+08 -0.000198999
9.41533e+08 -0.000208999
9.41533e+08 -0.000218999
9.41533e+08 -0.000228999
9.41533e+08 -0.000238999
9.41533e+08 -0.000248999
9.41533e+08 -0.000258999
9.41533e+08 -0.000268999
9.41533e+08 -0.000278999
9.41533e+08 -0.000288999
9.41533e+08 -0.000298999
9.41533e+08 -0.000308999
9.41533e+08 -0.000318999
9.41533e+08 -0.000328999
9.41533e+08 -0.000338999
9.41533e+08 -0.000348999
9.41533e+08 -0.000358999
9.41533e+08 -0.000368999
9.41533e+08 -0.000378999
9.41533e+08 -0.000388999
9.41533e+08 -0.000398999
9.41533e+08 -0.000408999
9.41533e+08 -0.000418999
9.41533e+08 -0.000428999
9.41533e+08 -0.000438999
9.41533e+08 -0.000448999
9.41533e+08 -0.000458999
9.41533e+08 -0.000468999
9.41533e+08 -0.000478999
9.41533e+08 -0.000488999
9.41533e+08 -0.000498999
9.41533e+08 -0.000508999
9.41533e+08 -0.000518999
9.41533e+08 -0.000528999
9.41533e+08 -0.000538999
9.41533e+08 -0.000548999
9.41533e+08 -0.000558999
9.41533e+08 -0.000568999
9.41533e+08 -0.000578999
9.41533e+08 -0.000588999
9.41533e+08 -0.000598999
9.41533e+08 -0.000608999
9.41533e+08 -0.000618999
9.41533e+08 -0.000628999
9.41533e+08 -0.000638999
9.41533e+08 -0.000648999
9.41533e+08 -0.000658999
9.41533e+08 -0.000668999
9.41533e+08 -0.000678999
9.41533e+08 -0.000688999
9.41533e+08 -0.000698999
9.41533e+08 -0.000708999
9.41533e+08 -0.000718999
9.41533e+08 -0.000728999
9.41533e+08 -0.000738999
9.41533e+08 -0.000748999
9.41533e+08 -0.000758999
9.41533e+08 -0.000768999
9.41533e+08 -0.000778999
9.41533e+08 -0.000788999
9.41533e+08 -0.000798999
9.41533e+08 -0.000808999
9.41533e+08 -0.000818999
9.41533e+08 -0.000828999
9.41533e+08 -0.000838999
9.41533e+08 -0.000848999
9.41533e+08 -0.000858999
9.41533e+08 -0.000868999
9.41533e+08 -0.000878999
9.41533e+08 -0.000888999
9.41533e+08 -0.000898999
9.41533e+08 -0.000908999
9.41533e+08 -0.000918999
9.41533e+08 -0.000928999
9.41533e+08 -0.000938999
9.41533e+08 -0.000948999
9.41533e+08 -0.000958999
9.41533e+08 -0.000968999
9.41533e+08 -0.000978999
9.41533e+08 -0.000988999
9.41533e+08 -0.000998999
9.41533e+08 -0.001009
