0 -9.03994e-07
0 -5.2772e-05
0 -220495
-15 -220495
-30 -220495
-45 -220495
-60 -220495
-75 -220495
-90 -220495
-105 -220495
-120 -220495
-135 -220495
-150 -220495
-165 -220495
-180 -220495
-195 -220495
-210 -220495
-225 -220495
-240 -220495
-255 -220495
-270 -220495
-285 -220495
-300 -220495
-315 -220495
-330 -220495
-345 -220495
-360 -220495
-375 -220495
-390 -220495
-405 -220495
-420 -220495
-435 -220495
-450 -220495
-465 -220495
-480 -220495
-495 -220495
-510 -220495
-525 -220495
-540 -220495
-555 -220495
-570 -220495
-585 -220495
-600 -220495
-615.001 -220495
-630.001 -220495
-645.001 -220495
-660.001 -220495
-675.001 -220495
-690.001 -220495
-705.001 -220495
-720.001 -220495
-735.001 -220495
-750.001 -220495
-765.001 -220495
-780.001 -220495
-795.001 -220495
-810.001 -220495
-825.001 -220495
-840.001 -220495
-855.001 -220495
-870.001 -220495
-885.001 -220495
-900.001 -220495
-915.001 -220495
-930.001 -220495
-945.001 -220495
-960.001 -220495
-975.001 -220495
-990.001 -220495
-1005 -220495
-1020 -220495
-1035 -220495
-1050 -220495
-1065 -220495
-1080 -220495
-1095 -220495
-1110 -220495
-1125 -220495
-1140 -220495
-1155 -220495
-1170 -220495
-1185 -220495
-1200 -220495
-1215 -220495
-1230 -220495
-1245 -220495
-1260 -220495
-1275 -220495
-1290 -220495
-1305 -220495
-1320 -220495
-1335 -220495
-1350 -220495
-1365 -220495
-1380 -220495
-1395 -220495
-1410 -220495
-1425 -220495
-1440 -220495
-1455 -220495
-1470 -220495
-1485 -220495
-1500 -220495
