0 -6.91809e-06
0 8.83331e-06
0 -93067.8
-15 -93067.8
-30 -93067.8
-45 -93067.8
-60 -93067.8
-75 -93067.8
-90 -93067.8
-105 -93067.8
-120 -93067.8
-135 -93067.8
-150 -93067.8
-165 -93067.8
-180 -93067.8
-195 -93067.8
-210 -93067.8
-225 -93067.8
-240 -93067.8
-255 -93067.8
-270 -93067.8
-285 -93067.8
-300 -93067.8
-315 -93067.8
-330 -93067.8
-345 -93067.8
-360 -93067.8
-375 -93067.8
-390 -93067.8
-405 -93067.8
-420.001 -93067.8
-435.001 -93067.8
-450.001 -93067.8
-465.001 -93067.8
-480.001 -93067.8
-495.001 -93067.8
-510.001 -93067.8
-525.001 -93067.8
-540.001 -93067.8
-555.001 -93067.8
-570.001 -93067.8
-585.001 -93067.8
-600.001 -93067.8
-615.001 -93067.8
-630.001 -93067.8
-645.001 -93067.8
-660.001 -93067.8
-675.001 -93067.8
-690.001 -93067.8
-705.002 -93067.8
-720.002 -93067.8
-735.002 -93067.8
-750.002 -93067.8
-765.002 -93067.8
-780.002 -93067.8
-795.002 -93067.8
-810.002 -93067.8
-825.002 -93067.8
-840.002 -93067.8
-855.002 -93067.8
-870.002 -93067.8
-885.002 -93067.8
-900.002 -93067.8
-915.003 -93067.8
-930.003 -93067.8
-945.003 -93067.8
-960.003 -93067.8
-975.003 -93067.8
-990.003 -93067.8
-1005 -93067.8
-1020 -93067.8
-1035 -93067.8
-1050 -93067.8
-1065 -93067.8
-1080 -93067.8
-1095 -93067.8
-1110 -93067.8
-1125 -93067.8
-1140 -93067.8
-1155 -93067.8
-1170 -93067.8
-1185 -93067.8
-1200 -93067.8
-1215 -93067.8
-1230 -93067.8
-1245 -93067.8
-1260 -93067.8
-1275 -93067.8
-1290.01 -93067.8
-1305.01 -93067.8
-1320.01 -93067.8
-1335.01 -93067.8
-1350.01 -93067.8
-1365.01 -93067.8
-1380.01 -93067.8
-1395.01 -93067.8
-1410.01 -93067.8
-1425.01 -93067.8
-1440.01 -93067.8
-1455.01 -93067.8
-1470.01 -93067.8
-1485.01 -93067.8
-1500.01 -93067.8
