0 1.72528e-06
0 1.49695e+08
0 1.49695e+08
-1.54177e+08 3.03872e+08
-2.01071e+08 3.50767e+08
-2.16132e+08 3.65827e+08
-2.19605e+08 3.69301e+08
-2.17319e+08 3.67015e+08
-2.10619e+08 3.60314e+08
-1.99858e+08 3.49554e+08
-1.83236e+08 3.32931e+08
-1.58945e+08 3.08641e+08
-1.20312e+08 2.70007e+08
-3.37816e+07 1.83477e+08
1.23638e+08 2.60577e+07
3.3351e+08 -1.83814e+08
6.174e+08 0
6.174e+08 0
6.174e+08 0
6.174e+08 0
6.174e+08 0
6.174e+08 0
6.174e+08 0
6.174e+08 0
6.174e+08 0
6.174e+08 0
6.174e+08 0
6.174e+08 0
6.174e+08 0
6.174e+08 0
6.174e+08 0
6.174e+08 0
6.174e+08 0
6.174e+08 0
6.174e+08 0
6.174e+08 0
6.174e+08 0
6.174e+08 0
6.174e+08 0
6.174e+08 0
6.174e+08 0
6.174e+08 0
6.174e+08 0
6.174e+08 0
6.174e+08 0
6.174e+08 0
6.174e+08 0
6.174e+08 0
6.174e+08 0
6.174e+08 0
6.174e+08 0
6.174e+08 0
6.174e+08 0
6.174e+08 0
6.174e+08 0
6.174e+08 0
6.174e+08 0
6.174e+08 0
6.174e+08 0
6.174e+08 0
6.174e+08 0
6.174e+08 0
6.174e+08 0
6.174e+08 0
6.174e+08 0
6.174e+08 0
6.174e+08 0
6.174e+08 0
6.174e+08 0
6.174e+08 0
6.174e+08 0
6.174e+08 0
6.174e+08 0
6.174e+08 0
6.174e+08 0
6.174e+08 0
6.174e+08 0
6.174e+08 0
6.174e+08 0
6.174e+08 0
6.174e+08 0
6.174e+08 0
6.174e+08 0
6.174e+08 0
6.174e+08 0
6.174e+08 0
6.174e+08 0
6.174e+08 0
6.174e+08 0
6.174e+08 0
6.174e+08 0
6.174e+08 0
6.174e+08 0
6.174e+08 0
6.174e+08 0
6.174e+08 0
6.174e+08 0
6.174e+08 0
6.174e+08 0
6.174e+08 0
6.174e+08 0
6.174e+08 0
6.174e+08 0
