0 8.03848e-08
0 1.93249e-08
0 8.9407e-08
1.013e+09 0
1.013e+09 0
1.013e+09 0
1.013e+09 0
1.013e+09 0
1.013e+09 0
1.013e+09 0
1.013e+09 0
1.013e+09 0
1.013e+09 0
1.013e+09 0
1.013e+09 0
1.013e+09 0
1.013e+09 0
1.013e+09 0
1.013e+09 0
1.013e+09 0
1.013e+09 0
1.013e+09 0
1.013e+09 0
1.013e+09 0
1.013e+09 0
1.013e+09 0
1.013e+09 0
1.013e+09 0
1.013e+09 0
1.013e+09 0
1.013e+09 0
1.013e+09 0
1.013e+09 0
1.013e+09 0
1.013e+09 0
1.013e+09 0
1.013e+09 0
1.013e+09 0
1.013e+09 0
1.013e+09 0
1.013e+09 0
1.013e+09 0
1.013e+09 0
1.013e+09 0
1.013e+09 0
1.013e+09 0
1.013e+09 0
1.013e+09 0
1.013e+09 0
1.013e+09 0
1.013e+09 0
1.013e+09 0
1.013e+09 0
1.013e+09 0
1.013e+09 0
1.013e+09 0
1.013e+09 0
1.013e+09 0
1.013e+09 0
1.013e+09 0
1.013e+09 0
1.013e+09 0
1.013e+09 0
1.013e+09 0
1.013e+09 0
1.013e+09 0
1.013e+09 0
1.013e+09 0
1.013e+09 0
1.013e+09 0
1.013e+09 0
1.013e+09 0
1.013e+09 0
1.013e+09 0
1.013e+09 0
1.013e+09 0
1.013e+09 0
1.013e+09 0
1.013e+09 0
1.013e+09 0
1.013e+09 0
1.013e+09 0
1.013e+09 0
1.013e+09 0
1.013e+09 0
1.013e+09 0
1.013e+09 0
1.013e+09 0
1.013e+09 0
1.013e+09 0
1.013e+09 0
1.013e+09 0
1.013e+09 0
1.013e+09 0
1.013e+09 0
1.013e+09 0
1.013e+09 0
1.013e+09 0
1.013e+09 0
1.013e+09 0
1.013e+09 0
1.013e+09 0
1.013e+09 0
