0 1.96796e-07
0 1.96796e-07
0 -1.50541e-06
-1.65841e+08 -1.15054e-05
-2.96936e+08 -2.15054e-05
-3.37933e+08 -3.15054e-05
-3.46802e+08 -4.15054e-05
-3.41433e+08 -5.15054e-05
-3.27402e+08 -6.15054e-05
-3.05687e+08 -7.15054e-05
-2.7574e+08 -8.15054e-05
-2.34906e+08 -9.15054e-05
-1.7707e+08 -0.000101505
-8.51337e+07 -0.000111505
1.24554e+08 -0.000121505
6.33615e+08 -0.000131505
6.33615e+08 -0.000141505
6.33615e+08 -0.000151505
6.33615e+08 -0.000161505
6.33615e+08 -0.000171505
6.33615e+08 -0.000181505
6.33615e+08 -0.000191505
6.33615e+08 -0.000201505
6.33615e+08 -0.000211505
6.33615e+08 -0.000221505
6.33615e+08 -0.000231505
6.33615e+08 -0.000241505
6.33615e+08 -0.000251505
6.33615e+08 -0.000261505
6.33615e+08 -0.000271505
6.33615e+08 -0.000281505
6.33615e+08 -0.000291505
6.33615e+08 -0.000301505
6.33615e+08 -0.000311505
6.33615e+08 -0.000321505
6.33615e+08 -0.000331505
6.33615e+08 -0.000341505
6.33615e+08 -0.000351505
6.33615e+08 -0.000361505
6.33615e+08 -0.000371505
6.33615e+08 -0.000381505
6.33615e+08 -0.000391505
6.33615e+08 -0.000401505
6.33615e+08 -0.000411505
6.33615e+08 -0.000421505
6.33615e+08 -0.000431505
6.33615e+08 -0.000441505
6.33615e+08 -0.000451505
6.33615e+08 -0.000461505
6.33615e+08 -0.000471505
6.33615e+08 -0.000481505
6.33615e+08 -0.000491505
6.33615e+08 -0.000501505
6.33615e+08 -0.000511505
6.33615e+08 -0.000521505
6.33615e+08 -0.000531505
6.33615e+08 -0.000541505
6.33615e+08 -0.000551505
6.33615e+08 -0.000561505
6.33615e+08 -0.000571505
6.33615e+08 -0.000581505
6.33615e+08 -0.000591505
6.33615e+08 -0.000601505
6.33615e+08 -0.000611505
6.33615e+08 -0.000621505
6.33615e+08 -0.000631505
6.33615e+08 -0.000641505
6.33615e+08 -0.000651505
6.33615e+08 -0.000661505
6.33615e+08 -0.000671505
6.33615e+08 -0.000681505
6.33615e+08 -0.000691505
6.33615e+08 -0.000701505
6.33615e+08 -0.000711505
6.33615e+08 -0.000721505
6.33615e+08 -0.000731505
6.33615e+08 -0.000741505
6.33615e+08 -0.000751505
6.33615e+08 -0.000761505
6.33615e+08 -0.000771505
6.33615e+08 -0.000781505
6.33615e+08 -0.000791505
6.33615e+08 -0.000801505
6.33615e+08 -0.000811505
6.33615e+08 -0.000821505
6.33615e+08 -0.000831505
6.33615e+08 -0.000841505
6.33615e+08 -0.000851505
6.33615e+08 -0.000861505
6.33615e+08 -0.000871505
6.33615e+08 -0.000881505
6.33615e+08 -0.000891505
6.33615e+08 -0.000901505
6.33615e+08 -0.000911505
6.33615e+08 -0.000921505
6.33615e+08 -0.000931505
6.33615e+08 -0.000941505
6.33615e+08 -0.000951505
6.33615e+08 -0.000961505
6.33615e+08 -0.000971505
6.33615e+08 -0.000981505
6.33615e+08 -0.000991505
6.33615e+08 -0.00100151
