0 -2.0615e-06
0 -3.02903e-05
0 -677311
-15 -677311
-30 -677311
-45 -677311
-60 -677311
-75 -677311
-90 -677311
-105 -677311
-120 -677311
-135 -677311
-150 -677311
-165 -677311
-180 -677311
-195 -677311
-210 -677311
-225 -677311
-240 -677311
-255 -677311
-270 -677311
-285 -677311
-300 -677311
-315 -677311
-330 -677311
-345 -677311
-360 -677311
-375 -677311
-390 -677311
-405 -677311
-420 -677311
-435 -677311
-450 -677311
-465 -677311
-480 -677311
-495 -677311
-510 -677311
-525 -677311
-540 -677311
-555 -677311
-570 -677311
-585 -677311
-600 -677311
-615 -677311
-630 -677311
-645 -677311
-660 -677311
-675 -677311
-690 -677311
-705 -677311
-720 -677311
-735 -677311
-750 -677311
-765 -677311
-780 -677311
-795 -677311
-810 -677311
-825 -677311
-840 -677311
-855 -677311
-870 -677311
-885 -677311
-900 -677311
-915 -677311
-930 -677311
-945 -677311
-960 -677311
-975 -677311
-990 -677311
-1005 -677311
-1020 -677311
-1035 -677311
-1050 -677311
-1065 -677311
-1080 -677311
-1095 -677311
-1110 -677311
-1125 -677311
-1140 -677311
-1155 -677311
-1170 -677311
-1185 -677311
-1200 -677311
-1215 -677311
-1230 -677311
-1245 -677311
-1260 -677311
-1275 -677311
-1290 -677311
-1305 -677311
-1320 -677311
-1335 -677311
-1350 -677311
-1365 -677311
-1380 -677311
-1395 -677311
-1410 -677311
-1425 -677311
-1440 -677311
-1455 -677311
-1470 -677311
-1485 -677311
-1500 -677311
