0 -3.38201e-06
0 -1.52336e-05
0 -9.27463e-06
-1.38903e+08 -1.92746e-05
-1.92205e+08 -2.92746e-05
-1.89546e+08 -3.92746e-05
-1.64463e+08 -4.92746e-05
-1.23611e+08 -5.92746e-05
-6.46059e+07 -6.92746e-05
3.53321e+07 -7.92746e-05
9.2163e+08 -8.92746e-05
9.2163e+08 -9.92746e-05
9.2163e+08 -0.000109275
9.2163e+08 -0.000119275
9.2163e+08 -0.000129275
9.2163e+08 -0.000139275
9.2163e+08 -0.000149275
9.2163e+08 -0.000159275
9.2163e+08 -0.000169275
9.2163e+08 -0.000179275
9.2163e+08 -0.000189275
9.2163e+08 -0.000199275
9.2163e+08 -0.000209275
9.2163e+08 -0.000219275
9.2163e+08 -0.000229275
9.2163e+08 -0.000239275
9.2163e+08 -0.000249275
9.2163e+08 -0.000259275
9.2163e+08 -0.000269275
9.2163e+08 -0.000279275
9.2163e+08 -0.000289275
9.2163e+08 -0.000299275
9.2163e+08 -0.000309275
9.2163e+08 -0.000319275
9.2163e+08 -0.000329275
9.2163e+08 -0.000339275
9.2163e+08 -0.000349275
9.2163e+08 -0.000359275
9.2163e+08 -0.000369275
9.2163e+08 -0.000379275
9.2163e+08 -0.000389275
9.2163e+08 -0.000399275
9.2163e+08 -0.000409275
9.2163e+08 -0.000419275
9.2163e+08 -0.000429275
9.2163e+08 -0.000439275
9.2163e+08 -0.000449275
9.2163e+08 -0.000459275
9.2163e+08 -0.000469275
9.2163e+08 -0.000479275
9.2163e+08 -0.000489275
9.2163e+08 -0.000499275
9.2163e+08 -0.000509275
9.2163e+08 -0.000519275
9.2163e+08 -0.000529275
9.2163e+08 -0.000539275
9.2163e+08 -0.000549275
9.2163e+08 -0.000559275
9.2163e+08 -0.000569275
9.2163e+08 -0.000579275
9.2163e+08 -0.000589275
9.2163e+08 -0.000599275
9.2163e+08 -0.000609275
9.2163e+08 -0.000619275
9.2163e+08 -0.000629275
9.2163e+08 -0.000639275
9.2163e+08 -0.000649275
9.2163e+08 -0.000659275
9.2163e+08 -0.000669275
9.2163e+08 -0.000679275
9.2163e+08 -0.000689275
9.2163e+08 -0.000699275
9.2163e+08 -0.000709275
9.2163e+08 -0.000719275
9.2163e+08 -0.000729275
9.2163e+08 -0.000739275
9.2163e+08 -0.000749275
9.2163e+08 -0.000759275
9.2163e+08 -0.000769275
9.2163e+08 -0.000779275
9.2163e+08 -0.000789275
9.2163e+08 -0.000799275
9.2163e+08 -0.000809275
9.2163e+08 -0.000819275
9.2163e+08 -0.000829275
9.2163e+08 -0.000839275
9.2163e+08 -0.000849275
9.2163e+08 -0.000859275
9.2163e+08 -0.000869275
9.2163e+08 -0.000879275
9.2163e+08 -0.000889275
9.2163e+08 -0.000899275
9.2163e+08 -0.000909275
9.2163e+08 -0.000919275
9.2163e+08 -0.000929275
9.2163e+08 -0.000939275
9.2163e+08 -0.000949275
9.2163e+08 -0.000959275
9.2163e+08 -0.000969275
9.2163e+08 -0.000979275
9.2163e+08 -0.000989275
9.2163e+08 -0.000999275
9.2163e+08 -0.00100927
