0 -1.22522e-06
0 4.62104e-05
0 -458451
-15 -458451
-30 -458451
-45 -458451
-60 -458451
-75 -458451
-90 -458451
-105 -458451
-120 -458451
-135 -458451
-150 -458451
-165 -458451
-180 -458451
-195 -458451
-210 -458451
-225 -458451
-240 -458451
-255 -458451
-270 -458451
-285 -458451
-300 -458451
-315 -458451
-330 -458451
-345 -458451
-360 -458451
-375 -458451
-390 -458451
-405 -458451
-420 -458451
-435 -458451
-450 -458451
-465 -458451
-480 -458451
-495 -458451
-510 -458451
-525 -458451
-540 -458451
-555 -458451
-570 -458451
-585 -458451
-600 -458451
-615 -458451
-630 -458451
-645 -458451
-660 -458451
-675 -458451
-690 -458451
-705 -458451
-720 -458451
-735 -458451
-750 -458451
-765 -458451
-780 -458451
-795 -458451
-810 -458451
-825 -458451
-840 -458451
-855 -458451
-870 -458451
-885 -458451
-900.001 -458451
-915.001 -458451
-930.001 -458451
-945.001 -458451
-960.001 -458451
-975.001 -458451
-990.001 -458451
-1005 -458451
-1020 -458451
-1035 -458451
-1050 -458451
-1065 -458451
-1080 -458451
-1095 -458451
-1110 -458451
-1125 -458451
-1140 -458451
-1155 -458451
-1170 -458451
-1185 -458451
-1200 -458451
-1215 -458451
-1230 -458451
-1245 -458451
-1260 -458451
-1275 -458451
-1290 -458451
-1305 -458451
-1320 -458451
-1335 -458451
-1350 -458451
-1365 -458451
-1380 -458451
-1395 -458451
-1410 -458451
-1425 -458451
-1440 -458451
-1455 -458451
-1470 -458451
-1485 -458451
-1500 -458451
