0 -1.54537e-06
0 -3.5114e-05
0 0.000100688
-12.5238 9.06877e-05
-38.2273 8.06877e-05
-62.2341 7.06877e-05
-86.2409 6.06877e-05
-110.248 5.06877e-05
-134.254 4.06877e-05
-158.261 3.06877e-05
-182.268 2.06877e-05
-206.275 1.06877e-05
-230.282 6.8771e-07
-254.288 -9.31229e-06
-278.295 -1.93123e-05
-302.302 -2.93123e-05
-326.309 -3.93123e-05
-350.315 -4.93123e-05
-374.322 -5.93123e-05
-398.329 -6.93123e-05
-422.336 -7.93123e-05
-446.343 -8.93123e-05
-470.349 -9.93123e-05
-494.356 -0.000109312
-518.363 -0.000119312
-542.37 -0.000129312
-566.377 -0.000139312
-590.383 -0.000149312
-614.39 -0.000159312
-638.397 -0.000169312
-662.404 -0.000179312
-686.41 -0.000189312
-710.417 -0.000199312
-734.424 -0.000209312
-758.431 -0.000219312
-782.438 -0.000229312
-806.444 -0.000239312
-830.451 -0.000249312
-854.458 -0.000259312
-878.465 -0.000269312
-902.472 -0.000279312
-926.478 -0.000289312
-950.485 -0.000299312
-974.492 -0.000309312
-998.499 -0.000319312
-1022.51 -0.000329312
-1046.51 -0.000339312
-1070.52 -0.000349312
-1094.53 -0.000359312
-1118.53 -0.000369312
-1142.54 -0.000379312
-1166.55 -0.000389312
-1190.55 -0.000399312
-1214.56 -0.000409312
-1238.57 -0.000419312
-1262.57 -0.000429312
-1286.58 -0.000439312
-1310.59 -0.000449312
-1334.59 -0.000459312
-1358.6 -0.000469312
-1382.61 -0.000479312
-1406.61 -0.000489312
-1430.62 -0.000499312
-1454.63 -0.000509312
-1478.63 -0.000519312
-1502.64 -0.000529312
-1526.65 -0.000539312
-1550.66 -0.000549312
-1574.66 -0.000559312
-1598.67 -0.000569312
-1622.68 -0.000579312
-1646.68 -0.000589312
-1670.69 -0.000599312
-1694.7 -0.000609312
-1718.7 -0.000619312
-1742.71 -0.000629312
-1766.72 -0.000639312
-1790.72 -0.000649312
-1814.73 -0.000659312
-1838.74 -0.000669312
-1862.74 -0.000679312
-1886.75 -0.000689312
-1910.76 -0.000699312
-1934.76 -0.000709312
-1958.77 -0.000719312
-1982.78 -0.000729312
-2006.78 -0.000739312
-2030.79 -0.000749312
-2054.8 -0.000759312
-2078.8 -0.000769312
-2102.81 -0.000779312
-2126.82 -0.000789312
-2150.83 -0.000799312
-2174.83 -0.000809312
-2198.84 -0.000819312
-2222.85 -0.000829312
-2246.85 -0.000839312
-2270.86 -0.000849312
-2294.87 -0.000859312
-2318.87 -0.000869312
-2342.88 -0.000879312
-2366.89 -0.000889312
-2390.89 -0.000899312
