0 -1.16725e-06
0 -4.02245e-05
0 -2.98435e-05
-5.25744e+07 -3.98435e-05
-6.92433e+07 -4.98435e-05
-8.02892e+07 -5.98435e-05
-8.72331e+07 -6.98435e-05
-9.18898e+07 -7.98435e-05
-9.4942e+07 -8.98435e-05
-9.69553e+07 -9.98435e-05
-9.81757e+07 -0.000109843
-9.88486e+07 -0.000119843
-9.9041e+07 -0.000129843
-9.882e+07 -0.000139843
-9.82357e+07 -0.000149843
-9.72973e+07 -0.000159843
-9.60175e+07 -0.000169843
-9.43985e+07 -0.000179843
-9.24043e+07 -0.000189843
-8.99703e+07 -0.000199843
-8.69892e+07 -0.000209843
-8.32954e+07 -0.000219843
-7.85993e+07 -0.000229843
-7.22415e+07 -0.000239843
-6.30849e+07 -0.000249843
-5.21849e+07 -0.000259843
-3.97308e+07 -0.000269843
-2.57092e+07 -0.000279843
-9.47587e+06 -0.000289843
8.8148e+06 -0.000299843
2.52527e+07 -0.000309843
4.05208e+07 -0.000319843
5.39574e+07 -0.000329843
6.63564e+07 -0.000339843
7.81786e+07 -0.000349843
8.87318e+07 -0.000359843
9.87961e+07 -0.000369843
1.08818e+08 -0.000379843
1.17731e+08 -0.000389843
1.27611e+08 -0.000399843
1.37096e+08 -0.000409843
1.47329e+08 -0.000419843
1.58056e+08 -0.000429843
1.69283e+08 -0.000439843
1.80892e+08 -0.000449843
1.92688e+08 -0.000459843
2.04059e+08 -0.000469843
2.15309e+08 -0.000479843
2.24305e+08 -0.000489843
2.34104e+08 -0.000499843
2.4412e+08 -0.000509843
2.51728e+08 -0.000519843
2.6086e+08 -0.000529843
3.04757e+08 -0.000539843
3.13935e+08 -0.000549843
3.20447e+08 -0.000559843
3.30311e+08 -0.000569843
3.69786e+08 -0.000579843
3.69786e+08 -0.000589843
3.69786e+08 -0.000599843
3.69786e+08 -0.000609843
3.69786e+08 -0.000619843
3.69786e+08 -0.000629843
3.69786e+08 -0.000639843
3.69786e+08 -0.000649843
3.69786e+08 -0.000659843
3.69786e+08 -0.000669843
3.69786e+08 -0.000679843
3.69786e+08 -0.000689843
3.69786e+08 -0.000699843
3.69786e+08 -0.000709843
3.69786e+08 -0.000719843
3.69786e+08 -0.000729843
3.69786e+08 -0.000739843
3.69786e+08 -0.000749843
3.69786e+08 -0.000759843
3.69786e+08 -0.000769843
3.69786e+08 -0.000779843
3.69786e+08 -0.000789843
3.69786e+08 -0.000799843
3.69786e+08 -0.000809843
3.69786e+08 -0.000819843
3.69786e+08 -0.000829843
3.69786e+08 -0.000839843
3.69786e+08 -0.000849843
3.69786e+08 -0.000859843
3.69786e+08 -0.000869843
3.69786e+08 -0.000879843
3.69786e+08 -0.000889843
3.69786e+08 -0.000899843
3.69786e+08 -0.000909843
3.69786e+08 -0.000919843
3.69786e+08 -0.000929843
3.69786e+08 -0.000939843
3.69786e+08 -0.000949843
3.69786e+08 -0.000959843
3.69786e+08 -0.000969843
3.69786e+08 -0.000979843
3.69786e+08 -0.000989843
3.69786e+08 -0.000999843
3.69786e+08 -0.00100984
3.69786e+08 -0.00101984
3.69786e+08 -0.00102984
