0 -4.02797e-08
0 -4.69673e+07
0 -4.69673e+07
9.63657e+07 -1.43333e+08
1.22078e+08 -1.69045e+08
8.02811e+07 -1.27248e+08
3.08101e+07 -1.07151e+08
1.15021e+09 0
1.15021e+09 0
1.15021e+09 0
1.15021e+09 0
1.15021e+09 0
1.15021e+09 0
1.15021e+09 0
1.15021e+09 0
1.15021e+09 0
1.15021e+09 0
1.15021e+09 0
1.15021e+09 0
1.15021e+09 0
1.15021e+09 0
1.15021e+09 0
1.15021e+09 0
1.15021e+09 0
1.15021e+09 0
1.15021e+09 0
1.15021e+09 0
1.15021e+09 0
1.15021e+09 0
1.15021e+09 0
1.15021e+09 0
1.15021e+09 0
1.15021e+09 0
1.15021e+09 0
1.15021e+09 0
1.15021e+09 0
1.15021e+09 0
1.15021e+09 0
1.15021e+09 0
1.15021e+09 0
1.15021e+09 0
1.15021e+09 0
1.15021e+09 0
1.15021e+09 0
1.15021e+09 0
1.15021e+09 0
1.15021e+09 0
1.15021e+09 0
1.15021e+09 0
1.15021e+09 0
1.15021e+09 0
1.15021e+09 0
1.15021e+09 0
1.15021e+09 0
1.15021e+09 0
1.15021e+09 0
1.15021e+09 0
1.15021e+09 0
1.15021e+09 0
1.15021e+09 0
1.15021e+09 0
1.15021e+09 0
1.15021e+09 0
1.15021e+09 0
1.15021e+09 0
1.15021e+09 0
1.15021e+09 0
1.15021e+09 0
1.15021e+09 0
1.15021e+09 0
1.15021e+09 0
1.15021e+09 0
1.15021e+09 0
1.15021e+09 0
1.15021e+09 0
1.15021e+09 0
1.15021e+09 0
1.15021e+09 0
1.15021e+09 0
1.15021e+09 0
1.15021e+09 0
1.15021e+09 0
1.15021e+09 0
1.15021e+09 0
1.15021e+09 0
1.15021e+09 0
1.15021e+09 0
1.15021e+09 0
1.15021e+09 0
1.15021e+09 0
1.15021e+09 0
1.15021e+09 0
1.15021e+09 0
1.15021e+09 0
1.15021e+09 0
1.15021e+09 0
1.15021e+09 0
1.15021e+09 0
1.15021e+09 0
1.15021e+09 0
1.15021e+09 0
1.15021e+09 0
1.15021e+09 0
