0 -4.86616e-08
0 -1.5425e-08
0 -1.67638e-08
1.03522e+08 -1.03522e+08
1.12183e+08 -1.12183e+08
2.73923e+08 -1.66258e+08
1.28927e+09 0
1.28927e+09 0
1.28927e+09 0
1.28927e+09 0
1.28927e+09 0
1.28927e+09 0
1.28927e+09 0
1.28927e+09 0
1.28927e+09 0
1.28927e+09 0
1.28927e+09 0
1.28927e+09 0
1.28927e+09 0
1.28927e+09 0
1.28927e+09 0
1.28927e+09 0
1.28927e+09 0
1.28927e+09 0
1.28927e+09 0
1.28927e+09 0
1.28927e+09 0
1.28927e+09 0
1.28927e+09 0
1.28927e+09 0
1.28927e+09 0
1.28927e+09 0
1.28927e+09 0
1.28927e+09 0
1.28927e+09 0
1.28927e+09 0
1.28927e+09 0
1.28927e+09 0
1.28927e+09 0
1.28927e+09 0
1.28927e+09 0
1.28927e+09 0
1.28927e+09 0
1.28927e+09 0
1.28927e+09 0
1.28927e+09 0
1.28927e+09 0
1.28927e+09 0
1.28927e+09 0
1.28927e+09 0
1.28927e+09 0
1.28927e+09 0
1.28927e+09 0
1.28927e+09 0
1.28927e+09 0
1.28927e+09 0
1.28927e+09 0
1.28927e+09 0
1.28927e+09 0
1.28927e+09 0
1.28927e+09 0
1.28927e+09 0
1.28927e+09 0
1.28927e+09 0
1.28927e+09 0
1.28927e+09 0
1.28927e+09 0
1.28927e+09 0
1.28927e+09 0
1.28927e+09 0
1.28927e+09 0
1.28927e+09 0
1.28927e+09 0
1.28927e+09 0
1.28927e+09 0
1.28927e+09 0
1.28927e+09 0
1.28927e+09 0
1.28927e+09 0
1.28927e+09 0
1.28927e+09 0
1.28927e+09 0
1.28927e+09 0
1.28927e+09 0
1.28927e+09 0
1.28927e+09 0
1.28927e+09 0
1.28927e+09 0
1.28927e+09 0
1.28927e+09 0
1.28927e+09 0
1.28927e+09 0
1.28927e+09 0
1.28927e+09 0
1.28927e+09 0
1.28927e+09 0
1.28927e+09 0
1.28927e+09 0
1.28927e+09 0
1.28927e+09 0
1.28927e+09 0
1.28927e+09 0
1.28927e+09 0
