0 0
0 0.000101194
0 9.68812e-05
9.81239e+06 0.000106881
1.08858e+07 0.000116881
1.18328e+07 0.000126881
1.26959e+07 0.000136881
1.34805e+07 0.000146881
1.41994e+07 0.000156881
1.4878e+07 0.000166881
1.55048e+07 0.000176881
1.60941e+07 0.000186881
1.66452e+07 0.000196881
1.71587e+07 0.000206881
1.76428e+07 0.000216881
-79087.9 0.000226881
350843 0.000236881
756811 0.000246881
1.13872e+06 0.000256881
1.50097e+06 0.000266881
1.8471e+06 0.000276881
2.17782e+06 0.000286881
2.49176e+06 0.000296881
2.78955e+06 0.000306881
3.0726e+06 0.000316881
3.3426e+06 0.000326881
3.60093e+06 0.000336881
3.84863e+06 0.000346881
4.08652e+06 0.000356881
4.31531e+06 0.000366881
4.53564e+06 0.000376881
4.74755e+06 0.000386881
4.95114e+06 0.000396881
5.1486e+06 0.000406881
5.34022e+06 0.000416881
5.52685e+06 0.000426881
5.70841e+06 0.000436881
-3.47603e+06 0.000446881
-2.94621e+06 0.000456881
-2.78953e+06 0.000466881
-2.63698e+06 0.000476881
-2.48825e+06 0.000486881
-2.34304e+06 0.000496881
-2.20111e+06 0.000506881
-2.06218e+06 0.000516881
-1.92605e+06 0.000526881
-1.7924e+06 0.000536881
-1.66083e+06 0.000546881
-1.53199e+06 0.000556881
-1.40587e+06 0.000566881
-1.28206e+06 0.000576881
-1.16044e+06 0.000586881
-1.0408e+06 0.000596881
-922929 0.000606881
-806613 0.000616881
-691691 0.000626881
-578033 0.000636881
-465537 0.000646881
-354115 0.000656881
-243676 0.000666881
-134168 0.000676881
-25526.7 0.000686881
82307.2 0.000696881
189389 0.000706881
295771 0.000716881
401503 0.000726881
506632 0.000736881
611203 0.000746881
715258 0.000756881
818839 0.000766881
921984 0.000776881
1.02473e+06 0.000786881
1.12711e+06 0.000796881
1.22917e+06 0.000806881
1.33093e+06 0.000816881
1.43243e+06 0.000826881
1.53369e+06 0.000836881
1.63475e+06 0.000846881
1.73563e+06 0.000856881
1.83637e+06 0.000866881
1.93697e+06 0.000876881
2.03748e+06 0.000886881
2.13617e+06 0.000896881
2.23515e+06 0.000906881
2.33438e+06 0.000916881
2.43382e+06 0.000926881
2.53344e+06 0.000936881
-5.74821e+07 0.000946881
-5.61574e+07 0.000956881
-5.50032e+07 0.000966881
-5.38192e+07 0.000976881
-5.26681e+07 0.000986881
-5.16967e+07 0.000996881
-5.07784e+07 0.00100688
-4.99022e+07 0.00101688
-4.91664e+07 0.00102688
-4.83331e+07 0.00103688
-4.75614e+07 0.00104688
-4.70819e+07 0.00105688
-4.70773e+07 0.00106688
-4.70834e+07 0.00107688
-4.70929e+07 0.00108688
-4.71033e+07 0.00109688
