0 -4.66402e-06
0 2.23527e-05
0 -393233
-15 -393233
-30 -393233
-45 -393233
-60 -393233
-75 -393233
-90 -393233
-105 -393233
-120 -393233
-135 -393233
-150 -393233
-165 -393233
-180 -393233
-195 -393233
-210 -393233
-225 -393233
-240 -393233
-255 -393233
-270 -393233
-285 -393233
-300 -393233
-315 -393233
-330 -393233
-345 -393233
-360 -393233
-375 -393233
-390 -393233
-405 -393233
-420 -393233
-435 -393233
-450 -393233
-465 -393233
-480 -393233
-495 -393233
-510 -393233
-525 -393233
-540 -393233
-555 -393233
-570 -393233
-585 -393233
-600 -393233
-615 -393233
-630 -393233
-645 -393233
-660 -393233
-675 -393233
-690 -393233
-705 -393233
-720 -393233
-735 -393233
-750 -393233
-765 -393233
-780 -393233
-795 -393233
-810.001 -393233
-825.001 -393233
-840.001 -393233
-855.001 -393233
-870.001 -393233
-885.001 -393233
-900.001 -393233
-915.001 -393233
-930.001 -393233
-945.001 -393233
-960.001 -393233
-975.001 -393233
-990.001 -393233
-1005 -393233
-1020 -393233
-1035 -393233
-1050 -393233
-1065 -393233
-1080 -393233
-1095 -393233
-1110 -393233
-1125 -393233
-1140 -393233
-1155 -393233
-1170 -393233
-1185 -393233
-1200 -393233
-1215 -393233
-1230 -393233
-1245 -393233
-1260 -393233
-1275 -393233
-1290 -393233
-1305 -393233
-1320 -393233
-1335 -393233
-1350 -393233
-1365 -393233
-1380 -393233
-1395 -393233
-1410 -393233
-1425 -393233
-1440 -393233
-1455 -393233
-1470 -393233
-1485 -393233
-1500 -393233
