0 0
0 -0.000100308
0 -189572
-15 -189572
-30 -189572
-45 -189572
-60 -189572
-75 -189572
-90 -189572
-105 -189572
-120 -189572
-135 -189572
-150 -189572
-165 -189572
-180 -189572
-195 -189572
-210 -189572
-225 -189572
-240 -189572
-255 -189572
-270 -189572
-285 -189572
-300 -189572
-315 -189572
-330 -189572
-345 -189572
-360 -189572
-375 -189572
-390 -189572
-405 -189572
-420 -189572
-435 -189572
-450 -189572
-465 -189572
-480 -189572
-495 -189572
-510 -189572
-525 -189572
-540 -189572
-555 -189572
-570 -189572
-585.001 -189572
-600.001 -189572
-615.001 -189572
-630.001 -189572
-645.001 -189572
-660.001 -189572
-675.001 -189572
-690.001 -189572
-705.001 -189572
-720.001 -189572
-735.001 -189572
-750.001 -189572
-765.001 -189572
-780.001 -189572
-795.001 -189572
-810.001 -189572
-825.001 -189572
-840.001 -189572
-855.001 -189572
-870.001 -189572
-885.001 -189572
-900.001 -189572
-915.001 -189572
-930.001 -189572
-945.001 -189572
-960.001 -189572
-975.001 -189572
-990.001 -189572
-1005 -189572
-1020 -189572
-1035 -189572
-1050 -189572
-1065 -189572
-1080 -189572
-1095 -189572
-1110 -189572
-1125 -189572
-1140 -189572
-1155 -189572
-1170 -189572
-1185 -189572
-1200 -189572
-1215 -189572
-1230 -189572
-1245 -189572
-1260 -189572
-1275 -189572
-1290 -189572
-1305 -189572
-1320 -189572
-1335 -189572
-1350 -189572
-1365 -189572
-1380 -189572
-1395 -189572
-1410 -189572
-1425 -189572
-1440 -189572
-1455 -189572
-1470 -189572
-1485 -189572
-1500 -189572
