0 -1.01174e-06
0 -5.06422e-05
0 -221483
-15 -221483
-30 -221483
-45 -221483
-60 -221483
-75 -221483
-90 -221483
-105 -221483
-120 -221483
-135 -221483
-150 -221483
-165 -221483
-180 -221483
-195 -221483
-210 -221483
-225 -221483
-240 -221483
-255 -221483
-270 -221483
-285 -221483
-300 -221483
-315 -221483
-330 -221483
-345 -221483
-360 -221483
-375 -221483
-390 -221483
-405 -221483
-420 -221483
-435 -221483
-450 -221483
-465 -221483
-480 -221483
-495 -221483
-510 -221483
-525 -221483
-540 -221483
-555 -221483
-570 -221483
-585 -221483
-600 -221483
-615 -221483
-630 -221483
-645.001 -221483
-660.001 -221483
-675.001 -221483
-690.001 -221483
-705.001 -221483
-720.001 -221483
-735.001 -221483
-750.001 -221483
-765.001 -221483
-780.001 -221483
-795.001 -221483
-810.001 -221483
-825.001 -221483
-840.001 -221483
-855.001 -221483
-870.001 -221483
-885.001 -221483
-900.001 -221483
-915.001 -221483
-930.001 -221483
-945.001 -221483
-960.001 -221483
-975.001 -221483
-990.001 -221483
-1005 -221483
-1020 -221483
-1035 -221483
-1050 -221483
-1065 -221483
-1080 -221483
-1095 -221483
-1110 -221483
-1125 -221483
-1140 -221483
-1155 -221483
-1170 -221483
-1185 -221483
-1200 -221483
-1215 -221483
-1230 -221483
-1245 -221483
-1260 -221483
-1275 -221483
-1290 -221483
-1305 -221483
-1320 -221483
-1335 -221483
-1350 -221483
-1365 -221483
-1380 -221483
-1395 -221483
-1410 -221483
-1425 -221483
-1440 -221483
-1455 -221483
-1470 -221483
-1485 -221483
-1500 -221483
