0 1.51317e-06
0 -1.11433e+08
0 -1.11433e+08
1.39175e+08 -2.50609e+08
2.03207e+08 -3.14641e+08
2.26561e+08 -3.37995e+08
2.36581e+08 -3.48015e+08
2.39265e+08 -3.50699e+08
2.38249e+08 -3.49682e+08
2.34952e+08 -3.46385e+08
2.29823e+08 -3.41256e+08
2.22718e+08 -3.34152e+08
2.13087e+08 -3.2452e+08
2.01369e+08 -3.12803e+08
1.85656e+08 -2.9709e+08
1.62657e+08 -2.74091e+08
1.24497e+08 -2.3593e+08
6.18783e+07 -1.73312e+08
4.31665e+08 0
4.31665e+08 0
4.31665e+08 0
4.31665e+08 0
4.31665e+08 0
4.31665e+08 0
4.31665e+08 0
4.31665e+08 0
4.31665e+08 0
4.31665e+08 0
4.31665e+08 0
4.31665e+08 0
4.31665e+08 0
4.31665e+08 0
4.31665e+08 0
4.31665e+08 0
4.31665e+08 0
4.31665e+08 0
4.31665e+08 0
4.31665e+08 0
4.31665e+08 0
4.31665e+08 0
4.31665e+08 0
4.31665e+08 0
4.31665e+08 0
4.31665e+08 0
4.31665e+08 0
4.31665e+08 0
4.31665e+08 0
4.31665e+08 0
4.31665e+08 0
4.31665e+08 0
4.31665e+08 0
4.31665e+08 0
4.31665e+08 0
4.31665e+08 0
4.31665e+08 0
4.31665e+08 0
4.31665e+08 0
4.31665e+08 0
4.31665e+08 0
4.31665e+08 0
4.31665e+08 0
4.31665e+08 0
4.31665e+08 0
4.31665e+08 0
4.31665e+08 0
4.31665e+08 0
4.31665e+08 0
4.31665e+08 0
4.31665e+08 0
4.31665e+08 0
4.31665e+08 0
4.31665e+08 0
4.31665e+08 0
4.31665e+08 0
4.31665e+08 0
4.31665e+08 0
4.31665e+08 0
4.31665e+08 0
4.31665e+08 0
4.31665e+08 0
4.31665e+08 0
4.31665e+08 0
4.31665e+08 0
4.31665e+08 0
4.31665e+08 0
4.31665e+08 0
4.31665e+08 0
4.31665e+08 0
4.31665e+08 0
4.31665e+08 0
4.31665e+08 0
4.31665e+08 0
4.31665e+08 0
4.31665e+08 0
4.31665e+08 0
4.31665e+08 0
4.31665e+08 0
4.31665e+08 0
4.31665e+08 0
4.31665e+08 0
4.31665e+08 0
4.31665e+08 0
4.31665e+08 0
