0 -1.91169e-06
0 -1.98653e-05
0 -721292
-15 -721292
-30 -721292
-45 -721292
-60 -721292
-75 -721292
-90 -721292
-105 -721292
-120 -721292
-135 -721292
-150 -721292
-165 -721292
-180 -721292
-195 -721292
-210 -721292
-225 -721292
-240 -721292
-255 -721292
-270 -721292
-285 -721292
-300 -721292
-315 -721292
-330 -721292
-345 -721292
-360 -721292
-375 -721292
-390 -721292
-405 -721292
-420 -721292
-435 -721292
-450 -721292
-465 -721292
-480 -721292
-495 -721292
-510 -721292
-525 -721292
-540 -721292
-555 -721292
-570 -721292
-585 -721292
-600 -721292
-615 -721292
-630 -721292
-645 -721292
-660 -721292
-675 -721292
-690 -721292
-705 -721292
-720 -721292
-735 -721292
-750 -721292
-765 -721292
-780 -721292
-795 -721292
-810 -721292
-825 -721292
-840 -721292
-855 -721292
-870 -721292
-885 -721292
-900 -721292
-915 -721292
-930 -721292
-945 -721292
-960 -721292
-975 -721292
-990 -721292
-1005 -721292
-1020 -721292
-1035 -721292
-1050 -721292
-1065 -721292
-1080 -721292
-1095 -721292
-1110 -721292
-1125 -721292
-1140 -721292
-1155 -721292
-1170 -721292
-1185 -721292
-1200 -721292
-1215 -721292
-1230 -721292
-1245 -721292
-1260 -721292
-1275 -721292
-1290 -721292
-1305 -721292
-1320 -721292
-1335 -721292
-1350 -721292
-1365 -721292
-1380 -721292
-1395 -721292
-1410 -721292
-1425 -721292
-1440 -721292
-1455 -721292
-1470 -721292
-1485 -721292
-1500 -721292
