0 -2.41574e-06
0 1.35995e-05
0 30746
-15 30746
-30 30746
-45 30746
-60 30746
-75 30746
-90 30746
-105 30746
-120 30746
-135 30746
-150 30746
-165 30746
-180 30746
-195 30746
-210 30746
-225 30746
-240 30746
-255 30746
-270 30746
-285 30746
-300 30746
-315 30746
-330 30746
-345 30746
-360 30746
-375 30746
-389.999 30746
-404.999 30746
-419.999 30746
-434.999 30746
-449.999 30746
-464.999 30746
-479.999 30746
-494.999 30746
-509.999 30746
-524.999 30746
-539.999 30746
-554.999 30746
-569.999 30746
-584.999 30746
-599.999 30746
-614.999 30746
-629.999 30746
-644.999 30746
-659.998 30746
-674.998 30746
-689.998 30746
-704.998 30746
-719.998 30746
-734.998 30746
-749.998 30746
-764.998 30746
-779.998 30746
-794.998 30746
-809.998 30746
-824.998 30746
-839.998 30746
-854.997 30746
-869.997 30746
-884.997 30746
-899.997 30746
-914.997 30746
-929.997 30746
-944.997 30746
-959.997 30746
-974.997 30746
-989.997 30746
-1005 30746
-1020 30746
-1035 30746
-1050 30746
-1065 30746
-1080 30746
-1095 30746
-1110 30746
-1125 30746
-1140 30746
-1155 30746
-1170 30746
-1185 30746
-1199.99 30746
-1214.99 30746
-1229.99 30746
-1244.99 30746
-1259.99 30746
-1274.99 30746
-1289.99 30746
-1304.99 30746
-1319.99 30746
-1334.99 30746
-1349.99 30746
-1364.99 30746
-1379.99 30746
-1394.99 30746
-1409.99 30746
-1424.99 30746
-1439.99 30746
-1454.99 30746
-1469.99 30746
-1484.99 30746
-1499.99 30746
