0 -3.91338e-06
0 -2.33532e-05
0 -754988
-15 -754988
-30 -754988
-45 -754988
-60 -754988
-75 -754988
-90 -754988
-105 -754988
-120 -754988
-135 -754988
-150 -754988
-165 -754988
-180 -754988
-195 -754988
-210 -754988
-225 -754988
-240 -754988
-255 -754988
-270 -754988
-285 -754988
-300 -754988
-315 -754988
-330 -754988
-345 -754988
-360 -754988
-375 -754988
-390 -754988
-405 -754988
-420 -754988
-435 -754988
-450 -754988
-465 -754988
-480 -754988
-495 -754988
-510 -754988
-525 -754988
-540 -754988
-555 -754988
-570 -754988
-585 -754988
-600 -754988
-615 -754988
-630 -754988
-645 -754988
-660 -754988
-675 -754988
-690 -754988
-705 -754988
-720 -754988
-735 -754988
-750 -754988
-765 -754988
-780 -754988
-795 -754988
-810 -754988
-825 -754988
-840 -754988
-855 -754988
-870 -754988
-885 -754988
-900 -754988
-915 -754988
-930 -754988
-945 -754988
-960 -754988
-975 -754988
-990 -754988
-1005 -754988
-1020 -754988
-1035 -754988
-1050 -754988
-1065 -754988
-1080 -754988
-1095 -754988
-1110 -754988
-1125 -754988
-1140 -754988
-1155 -754988
-1170 -754988
-1185 -754988
-1200 -754988
-1215 -754988
-1230 -754988
-1245 -754988
-1260 -754988
-1275 -754988
-1290 -754988
-1305 -754988
-1320 -754988
-1335 -754988
-1350 -754988
-1365 -754988
-1380 -754988
-1395 -754988
-1410 -754988
-1425 -754988
-1440 -754988
-1455 -754988
-1470 -754988
-1485 -754988
-1500 -754988
