0 7.63685e-08
0 1.31131e+08
0 1.31131e+08
-1.54278e+08 2.85408e+08
-1.92345e+08 3.23476e+08
-1.84555e+08 3.15686e+08
-1.611e+08 2.92231e+08
-1.22355e+08 2.53485e+08
-6.37581e+07 1.94889e+08
4.147e+07 8.96608e+07
6.96172e+08 0
6.96172e+08 0
6.96172e+08 0
6.96172e+08 0
6.96172e+08 0
6.96172e+08 0
6.96172e+08 0
6.96172e+08 0
6.96172e+08 0
6.96172e+08 0
6.96172e+08 0
6.96172e+08 0
6.96172e+08 0
6.96172e+08 0
6.96172e+08 0
6.96172e+08 0
6.96172e+08 0
6.96172e+08 0
6.96172e+08 0
6.96172e+08 0
6.96172e+08 0
6.96172e+08 0
6.96172e+08 0
6.96172e+08 0
6.96172e+08 0
6.96172e+08 0
6.96172e+08 0
6.96172e+08 0
6.96172e+08 0
6.96172e+08 0
6.96172e+08 0
6.96172e+08 0
6.96172e+08 0
6.96172e+08 0
6.96172e+08 0
6.96172e+08 0
6.96172e+08 0
6.96172e+08 0
6.96172e+08 0
6.96172e+08 0
6.96172e+08 0
6.96172e+08 0
6.96172e+08 0
6.96172e+08 0
6.96172e+08 0
6.96172e+08 0
6.96172e+08 0
6.96172e+08 0
6.96172e+08 0
6.96172e+08 0
6.96172e+08 0
6.96172e+08 0
6.96172e+08 0
6.96172e+08 0
6.96172e+08 0
6.96172e+08 0
6.96172e+08 0
6.96172e+08 0
6.96172e+08 0
6.96172e+08 0
6.96172e+08 0
6.96172e+08 0
6.96172e+08 0
6.96172e+08 0
6.96172e+08 0
6.96172e+08 0
6.96172e+08 0
6.96172e+08 0
6.96172e+08 0
6.96172e+08 0
6.96172e+08 0
6.96172e+08 0
6.96172e+08 0
6.96172e+08 0
6.96172e+08 0
6.96172e+08 0
6.96172e+08 0
6.96172e+08 0
6.96172e+08 0
6.96172e+08 0
6.96172e+08 0
6.96172e+08 0
6.96172e+08 0
6.96172e+08 0
6.96172e+08 0
6.96172e+08 0
6.96172e+08 0
6.96172e+08 0
6.96172e+08 0
6.96172e+08 0
6.96172e+08 0
6.96172e+08 0
6.96172e+08 0
