0 -3.23264e-07
0 4.4569e-06
0 3.18791e-07
1.16771e+08 1.03188e-05
1.68946e+08 2.03188e-05
1.60652e+08 3.03188e-05
1.08499e+08 4.03188e-05
-6.62438e+06 5.03188e-05
1.05704e+09 6.03188e-05
1.05704e+09 7.03188e-05
1.05704e+09 8.03188e-05
1.05704e+09 9.03188e-05
1.05704e+09 0.000100319
1.05704e+09 0.000110319
1.05704e+09 0.000120319
1.05704e+09 0.000130319
1.05704e+09 0.000140319
1.05704e+09 0.000150319
1.05704e+09 0.000160319
1.05704e+09 0.000170319
1.05704e+09 0.000180319
1.05704e+09 0.000190319
1.05704e+09 0.000200319
1.05704e+09 0.000210319
1.05704e+09 0.000220319
1.05704e+09 0.000230319
1.05704e+09 0.000240319
1.05704e+09 0.000250319
1.05704e+09 0.000260319
1.05704e+09 0.000270319
1.05704e+09 0.000280319
1.05704e+09 0.000290319
1.05704e+09 0.000300319
1.05704e+09 0.000310319
1.05704e+09 0.000320319
1.05704e+09 0.000330319
1.05704e+09 0.000340319
1.05704e+09 0.000350319
1.05704e+09 0.000360319
1.05704e+09 0.000370319
1.05704e+09 0.000380319
1.05704e+09 0.000390319
1.05704e+09 0.000400319
1.05704e+09 0.000410319
1.05704e+09 0.000420319
1.05704e+09 0.000430319
1.05704e+09 0.000440319
1.05704e+09 0.000450319
1.05704e+09 0.000460319
1.05704e+09 0.000470319
1.05704e+09 0.000480319
1.05704e+09 0.000490319
1.05704e+09 0.000500319
1.05704e+09 0.000510319
1.05704e+09 0.000520319
1.05704e+09 0.000530319
1.05704e+09 0.000540319
1.05704e+09 0.000550319
1.05704e+09 0.000560319
1.05704e+09 0.000570319
1.05704e+09 0.000580319
1.05704e+09 0.000590319
1.05704e+09 0.000600319
1.05704e+09 0.000610319
1.05704e+09 0.000620319
1.05704e+09 0.000630319
1.05704e+09 0.000640319
1.05704e+09 0.000650319
1.05704e+09 0.000660319
1.05704e+09 0.000670319
1.05704e+09 0.000680319
1.05704e+09 0.000690319
1.05704e+09 0.000700319
1.05704e+09 0.000710319
1.05704e+09 0.000720319
1.05704e+09 0.000730319
1.05704e+09 0.000740319
1.05704e+09 0.000750319
1.05704e+09 0.000760319
1.05704e+09 0.000770319
1.05704e+09 0.000780319
1.05704e+09 0.000790319
1.05704e+09 0.000800319
1.05704e+09 0.000810319
1.05704e+09 0.000820319
1.05704e+09 0.000830319
1.05704e+09 0.000840319
1.05704e+09 0.000850319
1.05704e+09 0.000860319
1.05704e+09 0.000870319
1.05704e+09 0.000880319
1.05704e+09 0.000890319
1.05704e+09 0.000900319
1.05704e+09 0.000910319
1.05704e+09 0.000920319
1.05704e+09 0.000930319
1.05704e+09 0.000940319
1.05704e+09 0.000950319
1.05704e+09 0.000960319
1.05704e+09 0.000970319
1.05704e+09 0.000980319
1.05704e+09 0.000990319
1.05704e+09 0.00100032
