0 -9.52277e-08
0 -5.39977e+07
0 -5.39978e+07
1.10998e+08 -1.64996e+08
1.60335e+08 -2.14333e+08
1.53691e+08 -2.07689e+08
1.05888e+08 -1.59885e+08
8.09455e+06 -6.20923e+07
1.0322e+09 0
1.0322e+09 0
1.0322e+09 0
1.0322e+09 0
1.0322e+09 0
1.0322e+09 0
1.0322e+09 0
1.0322e+09 0
1.0322e+09 0
1.0322e+09 0
1.0322e+09 0
1.0322e+09 0
1.0322e+09 0
1.0322e+09 0
1.0322e+09 0
1.0322e+09 0
1.0322e+09 0
1.0322e+09 0
1.0322e+09 0
1.0322e+09 0
1.0322e+09 0
1.0322e+09 0
1.0322e+09 0
1.0322e+09 0
1.0322e+09 0
1.0322e+09 0
1.0322e+09 0
1.0322e+09 0
1.0322e+09 0
1.0322e+09 0
1.0322e+09 0
1.0322e+09 0
1.0322e+09 0
1.0322e+09 0
1.0322e+09 0
1.0322e+09 0
1.0322e+09 0
1.0322e+09 0
1.0322e+09 0
1.0322e+09 0
1.0322e+09 0
1.0322e+09 0
1.0322e+09 0
1.0322e+09 0
1.0322e+09 0
1.0322e+09 0
1.0322e+09 0
1.0322e+09 0
1.0322e+09 0
1.0322e+09 0
1.0322e+09 0
1.0322e+09 0
1.0322e+09 0
1.0322e+09 0
1.0322e+09 0
1.0322e+09 0
1.0322e+09 0
1.0322e+09 0
1.0322e+09 0
1.0322e+09 0
1.0322e+09 0
1.0322e+09 0
1.0322e+09 0
1.0322e+09 0
1.0322e+09 0
1.0322e+09 0
1.0322e+09 0
1.0322e+09 0
1.0322e+09 0
1.0322e+09 0
1.0322e+09 0
1.0322e+09 0
1.0322e+09 0
1.0322e+09 0
1.0322e+09 0
1.0322e+09 0
1.0322e+09 0
1.0322e+09 0
1.0322e+09 0
1.0322e+09 0
1.0322e+09 0
1.0322e+09 0
1.0322e+09 0
1.0322e+09 0
1.0322e+09 0
1.0322e+09 0
1.0322e+09 0
1.0322e+09 0
1.0322e+09 0
1.0322e+09 0
1.0322e+09 0
1.0322e+09 0
1.0322e+09 0
1.0322e+09 0
1.0322e+09 0
