0 -2.20459e-06
0 2.19006e-05
0 1.2708e-05
-8.42897 2.2708e-05
-40.9068 3.2708e-05
-100.302 4.2708e-05
-190.999 5.2708e-05
-316.024 6.2708e-05
-478.528 7.2708e-05
-681.938 8.2708e-05
-922.537 9.2708e-05
-1196.73 0.000102708
-1892.37 0.000112708
-4428.29 0.000122708
-6964.22 0.000132708
-9500.15 0.000142708
-12036.1 0.000152708
-14572.1 0.000162708
-17108 0.000172708
-19644 0.000182708
-22180 0.000192708
-24716 0.000202708
-27252 0.000212708
-29788 0.000222708
-32324 0.000232708
-34860 0.000242708
-37396 0.000252708
-39932.1 0.000262708
-42468.1 0.000272708
-45004.2 0.000282708
-47540.3 0.000292708
-50076.3 0.000302708
-52612.4 0.000312708
-55148.5 0.000322708
-57684.6 0.000332708
-60220.7 0.000342708
-62756.9 0.000352708
-65293 0.000362708
-67829.1 0.000372708
-70365.3 0.000382708
-72901.4 0.000392708
-75437.6 0.000402708
-77973.8 0.000412708
-80510 0.000422708
-83046.1 0.000432708
-85582.3 0.000442708
-88118.6 0.000452708
-90654.8 0.000462708
-93191 0.000472708
-95727.2 0.000482708
-98263.5 0.000492708
-100800 0.000502708
-103336 0.000512708
-105872 0.000522708
-108409 0.000532708
-110945 0.000542708
-113481 0.000552708
-116017 0.000562708
-118554 0.000572708
-121090 0.000582708
-123626 0.000592708
-126163 0.000602708
-128699 0.000612708
-131235 0.000622708
-133772 0.000632708
-136308 0.000642708
-138845 0.000652708
-141381 0.000662708
-143917 0.000672708
-146454 0.000682708
-148990 0.000692708
-151527 0.000702708
-154063 0.000712708
-156600 0.000722708
-159136 0.000732708
-161672 0.000742708
-164209 0.000752708
-166745 0.000762708
-169282 0.000772708
-171818 0.000782708
-174355 0.000792708
-176891 0.000802708
-179428 0.000812708
-181964 0.000822708
-184501 0.000832708
-187038 0.000842708
-189574 0.000852708
-192111 0.000862708
-194647 0.000872708
-197184 0.000882708
-199720 0.000892708
-202257 0.000902708
-204794 0.000912708
-207330 0.000922708
-209867 0.000932708
-212404 0.000942708
-214940 0.000952708
-217477 0.000962708
-220014 0.000972708
-222550 0.000982708
-225087 0.000992708
-227624 0.00100271
-230160 0.00101271
