0 6.89179e-08
0 6.56311e+07
0 6.56311e+07
-8.7972e+07 1.53603e+08
-8.14956e+07 1.47127e+08
-1.05714e+07 7.62025e+07
1.17072e+09 0
1.17072e+09 0
1.17072e+09 0
1.17072e+09 0
1.17072e+09 0
1.17072e+09 0
1.17072e+09 0
1.17072e+09 0
1.17072e+09 0
1.17072e+09 0
1.17072e+09 0
1.17072e+09 0
1.17072e+09 0
1.17072e+09 0
1.17072e+09 0
1.17072e+09 0
1.17072e+09 0
1.17072e+09 0
1.17072e+09 0
1.17072e+09 0
1.17072e+09 0
1.17072e+09 0
1.17072e+09 0
1.17072e+09 0
1.17072e+09 0
1.17072e+09 0
1.17072e+09 0
1.17072e+09 0
1.17072e+09 0
1.17072e+09 0
1.17072e+09 0
1.17072e+09 0
1.17072e+09 0
1.17072e+09 0
1.17072e+09 0
1.17072e+09 0
1.17072e+09 0
1.17072e+09 0
1.17072e+09 0
1.17072e+09 0
1.17072e+09 0
1.17072e+09 0
1.17072e+09 0
1.17072e+09 0
1.17072e+09 0
1.17072e+09 0
1.17072e+09 0
1.17072e+09 0
1.17072e+09 0
1.17072e+09 0
1.17072e+09 0
1.17072e+09 0
1.17072e+09 0
1.17072e+09 0
1.17072e+09 0
1.17072e+09 0
1.17072e+09 0
1.17072e+09 0
1.17072e+09 0
1.17072e+09 0
1.17072e+09 0
1.17072e+09 0
1.17072e+09 0
1.17072e+09 0
1.17072e+09 0
1.17072e+09 0
1.17072e+09 0
1.17072e+09 0
1.17072e+09 0
1.17072e+09 0
1.17072e+09 0
1.17072e+09 0
1.17072e+09 0
1.17072e+09 0
1.17072e+09 0
1.17072e+09 0
1.17072e+09 0
1.17072e+09 0
1.17072e+09 0
1.17072e+09 0
1.17072e+09 0
1.17072e+09 0
1.17072e+09 0
1.17072e+09 0
1.17072e+09 0
1.17072e+09 0
1.17072e+09 0
1.17072e+09 0
1.17072e+09 0
1.17072e+09 0
1.17072e+09 0
1.17072e+09 0
1.17072e+09 0
1.17072e+09 0
1.17072e+09 0
1.17072e+09 0
1.17072e+09 0
