0 -3.15207e-07
0 4.26462e-06
0 8.14964e-09
9.29685e+07 1.00081e-05
1.20376e+08 2.00081e-05
8.41972e+07 3.00081e-05
9.2272e+06 4.00081e-05
1.12963e+09 5.00081e-05
1.12963e+09 6.00081e-05
1.12963e+09 7.00081e-05
1.12963e+09 8.00081e-05
1.12963e+09 9.00081e-05
1.12963e+09 0.000100008
1.12963e+09 0.000110008
1.12963e+09 0.000120008
1.12963e+09 0.000130008
1.12963e+09 0.000140008
1.12963e+09 0.000150008
1.12963e+09 0.000160008
1.12963e+09 0.000170008
1.12963e+09 0.000180008
1.12963e+09 0.000190008
1.12963e+09 0.000200008
1.12963e+09 0.000210008
1.12963e+09 0.000220008
1.12963e+09 0.000230008
1.12963e+09 0.000240008
1.12963e+09 0.000250008
1.12963e+09 0.000260008
1.12963e+09 0.000270008
1.12963e+09 0.000280008
1.12963e+09 0.000290008
1.12963e+09 0.000300008
1.12963e+09 0.000310008
1.12963e+09 0.000320008
1.12963e+09 0.000330008
1.12963e+09 0.000340008
1.12963e+09 0.000350008
1.12963e+09 0.000360008
1.12963e+09 0.000370008
1.12963e+09 0.000380008
1.12963e+09 0.000390008
1.12963e+09 0.000400008
1.12963e+09 0.000410008
1.12963e+09 0.000420008
1.12963e+09 0.000430008
1.12963e+09 0.000440008
1.12963e+09 0.000450008
1.12963e+09 0.000460008
1.12963e+09 0.000470008
1.12963e+09 0.000480008
1.12963e+09 0.000490008
1.12963e+09 0.000500008
1.12963e+09 0.000510008
1.12963e+09 0.000520008
1.12963e+09 0.000530008
1.12963e+09 0.000540008
1.12963e+09 0.000550008
1.12963e+09 0.000560008
1.12963e+09 0.000570008
1.12963e+09 0.000580008
1.12963e+09 0.000590008
1.12963e+09 0.000600008
1.12963e+09 0.000610008
1.12963e+09 0.000620008
1.12963e+09 0.000630008
1.12963e+09 0.000640008
1.12963e+09 0.000650008
1.12963e+09 0.000660008
1.12963e+09 0.000670008
1.12963e+09 0.000680008
1.12963e+09 0.000690008
1.12963e+09 0.000700008
1.12963e+09 0.000710008
1.12963e+09 0.000720008
1.12963e+09 0.000730008
1.12963e+09 0.000740008
1.12963e+09 0.000750008
1.12963e+09 0.000760008
1.12963e+09 0.000770008
1.12963e+09 0.000780008
1.12963e+09 0.000790008
1.12963e+09 0.000800008
1.12963e+09 0.000810008
1.12963e+09 0.000820008
1.12963e+09 0.000830008
1.12963e+09 0.000840008
1.12963e+09 0.000850008
1.12963e+09 0.000860008
1.12963e+09 0.000870008
1.12963e+09 0.000880008
1.12963e+09 0.000890008
1.12963e+09 0.000900008
1.12963e+09 0.000910008
1.12963e+09 0.000920008
1.12963e+09 0.000930008
1.12963e+09 0.000940008
1.12963e+09 0.000950008
1.12963e+09 0.000960008
1.12963e+09 0.000970008
1.12963e+09 0.000980008
1.12963e+09 0.000990008
1.12963e+09 0.00100001
