0 6.54836e-08
0 -3.70215e+07
0 -3.70215e+07
1.57658e+08 -1.94679e+08
2.15189e+08 -2.5221e+08
2.37185e+08 -2.74206e+08
2.48826e+08 -2.85848e+08
2.55684e+08 -2.92705e+08
2.60023e+08 -2.97044e+08
2.62426e+08 -2.99448e+08
2.63501e+08 -3.00522e+08
2.63678e+08 -3.007e+08
2.63198e+08 -3.00219e+08
2.62129e+08 -2.9915e+08
2.60541e+08 -2.97563e+08
2.58467e+08 -2.95489e+08
2.55896e+08 -2.92918e+08
2.52834e+08 -2.89856e+08
2.49256e+08 -2.86277e+08
2.4513e+08 -2.82152e+08
2.4038e+08 -2.77401e+08
2.3494e+08 -2.71962e+08
2.28676e+08 -2.65697e+08
2.21406e+08 -2.58428e+08
2.13511e+08 -2.50532e+08
2.04902e+08 -2.41924e+08
1.93555e+08 -2.30576e+08
1.77232e+08 -2.14254e+08
1.39087e+08 -1.76108e+08
3.25044e+08 0
3.25044e+08 0
3.25044e+08 0
3.25044e+08 0
3.25044e+08 0
3.25044e+08 0
3.25044e+08 0
3.25044e+08 0
3.25044e+08 0
3.25044e+08 0
3.25044e+08 0
3.25044e+08 0
3.25044e+08 0
3.25044e+08 0
3.25044e+08 0
3.25044e+08 0
3.25044e+08 0
3.25044e+08 0
3.25044e+08 0
3.25044e+08 0
3.25044e+08 0
3.25044e+08 0
3.25044e+08 0
3.25044e+08 0
3.25044e+08 0
3.25044e+08 0
3.25044e+08 0
3.25044e+08 0
3.25044e+08 0
3.25044e+08 0
3.25044e+08 0
3.25044e+08 0
3.25044e+08 0
3.25044e+08 0
3.25044e+08 0
3.25044e+08 0
3.25044e+08 0
3.25044e+08 0
3.25044e+08 0
3.25044e+08 0
3.25044e+08 0
3.25044e+08 0
3.25044e+08 0
3.25044e+08 0
3.25044e+08 0
3.25044e+08 0
3.25044e+08 0
3.25044e+08 0
3.25044e+08 0
3.25044e+08 0
3.25044e+08 0
3.25044e+08 0
3.25044e+08 0
3.25044e+08 0
3.25044e+08 0
3.25044e+08 0
3.25044e+08 0
3.25044e+08 0
3.25044e+08 0
3.25044e+08 0
3.25044e+08 0
3.25044e+08 0
3.25044e+08 0
3.25044e+08 0
3.25044e+08 0
3.25044e+08 0
3.25044e+08 0
3.25044e+08 0
3.25044e+08 0
3.25044e+08 0
3.25044e+08 0
3.25044e+08 0
3.25044e+08 0
3.25044e+08 0
