0 -6.64724e-07
0 0.000257363
0 -789620
-15 -789620
-30 -789620
-45 -789620
-60 -789620
-75 -789620
-90 -789620
-105 -789620
-120 -789620
-135 -789620
-150 -789620
-165 -789620
-180 -789620
-195 -789620
-210 -789620
-225 -789620
-240 -789620
-255 -789620
-270 -789620
-285 -789620
-300 -789620
-315 -789620
-330 -789620
-345 -789620
-360 -789620
-375 -789620
-390 -789620
-405 -789620
-420 -789620
-435 -789620
-450 -789620
-465 -789620
-480 -789620
-495 -789620
-510 -789620
-525 -789620
-540 -789620
-555 -789620
-570 -789620
-585 -789620
-600 -789620
-615 -789620
-630 -789620
-645 -789620
-660 -789620
-675 -789620
-690 -789620
-705 -789620
-720 -789620
-735 -789620
-750 -789620
-765 -789620
-780 -789620
-795 -789620
-810 -789620
-825 -789620
-840 -789620
-855 -789620
-870 -789620
-885 -789620
-900 -789620
-915 -789620
-930 -789620
-945 -789620
-960 -789620
-975 -789620
-990 -789620
-1005 -789620
-1020 -789620
-1035 -789620
-1050 -789620
-1065 -789620
-1080 -789620
-1095 -789620
-1110 -789620
-1125 -789620
-1140 -789620
-1155 -789620
-1170 -789620
-1185 -789620
-1200 -789620
-1215 -789620
-1230 -789620
-1245 -789620
-1260 -789620
-1275 -789620
-1290 -789620
-1305 -789620
-1320 -789620
-1335 -789620
-1350 -789620
-1365 -789620
-1380 -789620
-1395 -789620
-1410 -789620
-1425 -789620
-1440 -789620
-1455 -789620
-1470 -789620
-1485 -789620
-1500 -789620
