0 0
0 -8.30209e+07
0 0
-15 0
-30.0001 0
-45.0001 0
-60.0002 0
-75.0004 0
-90.0005 0
-105.001 0
-120.001 0
-135.001 0
-150.002 0
-165.002 0
-180.002 0
-195.003 0
-210.003 0
-225.003 0
-240.004 0
-255.004 0
-270.005 0
-285.005 0
-300.006 0
-315.007 0
-330.007 0
-345.008 0
-360.009 0
-375.009 0
-390.01 0
-405.011 0
-420.012 0
-435.013 0
-450.014 0
-465.014 0
-480.015 0
-495.016 0
-510.017 0
-525.018 0
-540.019 0
-555.021 0
-570.022 0
-585.023 0
-600.024 0
-615.025 0
-630.027 0
-645.028 0
-660.029 0
-675.03 0
-690.032 0
-705.033 0
-720.035 0
-735.036 0
-750.038 0
-765.039 0
-780.041 0
-795.042 0
-810.044 0
-825.045 0
-840.047 0
-855.049 0
-870.051 0
-885.052 0
-900.054 0
-915.056 0
-930.058 0
-945.06 0
-960.062 0
-975.063 0
-990.065 0
-1005.07 0
-1020.07 0
-1035.07 0
-1050.07 0
-1065.08 0
-1080.08 0
-1095.08 0
-1110.08 0
-1125.08 0
-1140.09 0
-1155.09 0
-1170.09 0
-1185.09 0
-1200.1 0
-1215.1 0
-1230.1 0
-1245.1 0
-1260.11 0
-1275.11 0
-1290.11 0
-1305.11 0
-1320.12 0
-1335.12 0
-1350.12 0
-1365.12 0
-1380.13 0
-1395.13 0
-1410.13 0
-1425.14 0
-1440.14 0
-1455.14 0
-1470.14 0
-1485.15 0
-1500.15 0
