0 -1.37117e-06
0 9.50856e-05
0 -360075
-15 -360075
-30 -360075
-45 -360075
-60 -360075
-75 -360075
-90 -360075
-105 -360075
-120 -360075
-135 -360075
-150 -360075
-165 -360075
-180 -360075
-195 -360075
-210 -360075
-225 -360075
-240 -360075
-255 -360075
-270 -360075
-285 -360075
-300 -360075
-315 -360075
-330 -360075
-345 -360075
-360 -360075
-375 -360075
-390 -360075
-405 -360075
-420 -360075
-435 -360075
-450 -360075
-465 -360075
-480 -360075
-495 -360075
-510 -360075
-525 -360075
-540 -360075
-555 -360075
-570 -360075
-585 -360075
-600 -360075
-615 -360075
-630 -360075
-645 -360075
-660 -360075
-675.001 -360075
-690.001 -360075
-705.001 -360075
-720.001 -360075
-735.001 -360075
-750.001 -360075
-765.001 -360075
-780.001 -360075
-795.001 -360075
-810.001 -360075
-825.001 -360075
-840.001 -360075
-855.001 -360075
-870.001 -360075
-885.001 -360075
-900.001 -360075
-915.001 -360075
-930.001 -360075
-945.001 -360075
-960.001 -360075
-975.001 -360075
-990.001 -360075
-1005 -360075
-1020 -360075
-1035 -360075
-1050 -360075
-1065 -360075
-1080 -360075
-1095 -360075
-1110 -360075
-1125 -360075
-1140 -360075
-1155 -360075
-1170 -360075
-1185 -360075
-1200 -360075
-1215 -360075
-1230 -360075
-1245 -360075
-1260 -360075
-1275 -360075
-1290 -360075
-1305 -360075
-1320 -360075
-1335 -360075
-1350 -360075
-1365 -360075
-1380 -360075
-1395 -360075
-1410 -360075
-1425 -360075
-1440 -360075
-1455 -360075
-1470 -360075
-1485 -360075
-1500 -360075
