0 1.68073e-07
0 1.68073e-07
0 -1.92484e-07
1.09249e+08 9.80752e-06
1.22817e+08 1.98075e-05
1.26316e+08 2.98075e-05
1.29913e+08 3.98075e-05
1.33574e+08 4.98075e-05
1.37258e+08 5.98075e-05
1.40897e+08 6.98075e-05
1.44394e+08 7.98075e-05
1.47443e+08 8.98075e-05
1.50493e+08 9.98075e-05
1.51721e+08 0.000109808
1.53101e+08 0.000119808
1.54287e+08 0.000129808
1.55359e+08 0.000139808
1.56294e+08 0.000149808
1.57121e+08 0.000159808
1.57872e+08 0.000169808
1.5854e+08 0.000179808
1.59128e+08 0.000189808
1.59636e+08 0.000199808
1.601e+08 0.000209808
1.60523e+08 0.000219808
1.60899e+08 0.000229808
1.61233e+08 0.000239808
1.61538e+08 0.000249808
1.61815e+08 0.000259808
1.62063e+08 0.000269808
1.62286e+08 0.000279808
1.62486e+08 0.000289808
1.62662e+08 0.000299808
1.62817e+08 0.000309808
1.62953e+08 0.000319808
1.63076e+08 0.000329808
1.63186e+08 0.000339808
1.63282e+08 0.000349808
1.63362e+08 0.000359808
1.63424e+08 0.000369808
1.63465e+08 0.000379808
1.63494e+08 0.000389808
1.63515e+08 0.000399808
1.63525e+08 0.000409808
1.63524e+08 0.000419808
1.63508e+08 0.000429808
1.63472e+08 0.000439808
1.63415e+08 0.000449808
1.63343e+08 0.000459808
1.63252e+08 0.000469808
1.63146e+08 0.000479808
1.63021e+08 0.000489808
1.62868e+08 0.000499808
1.62687e+08 0.000509808
1.62477e+08 0.000519808
1.62204e+08 0.000529808
1.6187e+08 0.000539808
1.61487e+08 0.000549808
1.61033e+08 0.000559808
1.60451e+08 0.000569808
1.59819e+08 0.000579808
1.5916e+08 0.000589808
1.58523e+08 0.000599808
1.57686e+08 0.000609808
1.56805e+08 0.000619808
1.56083e+08 0.000629808
1.55131e+08 0.000639808
1.54073e+08 0.000649808
1.53105e+08 0.000659808
1.52157e+08 0.000669808
1.5097e+08 0.000679808
1.49638e+08 0.000689808
1.48612e+08 0.000699808
1.47681e+08 0.000709808
1.46363e+08 0.000719808
6.46898e+07 0.000729808
6.41045e+07 0.000739808
6.32889e+07 0.000749808
6.24534e+07 0.000759808
6.17076e+07 0.000769808
6.11319e+07 0.000779808
6.02407e+07 0.000789808
5.91789e+07 0.000799808
5.85224e+07 0.000809808
5.79099e+07 0.000819808
5.72067e+07 0.000829808
5.63323e+07 0.000839808
5.55746e+07 0.000849808
5.49203e+07 0.000859808
5.44253e+07 0.000869808
5.38353e+07 0.000879808
5.31567e+07 0.000889808
5.25427e+07 0.000899808
5.19406e+07 0.000909808
5.13412e+07 0.000919808
5.09367e+07 0.000929808
5.05862e+07 0.000939808
5.0008e+07 0.000949808
4.93727e+07 0.000959808
4.88503e+07 0.000969808
4.85084e+07 0.000979808
4.81561e+07 0.000989808
4.77894e+07 0.000999808
