0 3.63216e-08
0 -1.59325e+08
0 -1.59325e+08
1.32212e+08 -2.91537e+08
1.76893e+08 -3.36217e+08
1.78357e+08 -3.37682e+08
1.63765e+08 -3.2309e+08
1.3772e+08 -2.97045e+08
9.86634e+07 -2.57988e+08
3.92832e+07 -1.98608e+08
-7.7135e+07 -8.21899e+07
6.55323e+08 0
6.55323e+08 0
6.55323e+08 0
6.55323e+08 0
6.55323e+08 0
6.55323e+08 0
6.55323e+08 0
6.55323e+08 0
6.55323e+08 0
6.55323e+08 0
6.55323e+08 0
6.55323e+08 0
6.55323e+08 0
6.55323e+08 0
6.55323e+08 0
6.55323e+08 0
6.55323e+08 0
6.55323e+08 0
6.55323e+08 0
6.55323e+08 0
6.55323e+08 0
6.55323e+08 0
6.55323e+08 0
6.55323e+08 0
6.55323e+08 0
6.55323e+08 0
6.55323e+08 0
6.55323e+08 0
6.55323e+08 0
6.55323e+08 0
6.55323e+08 0
6.55323e+08 0
6.55323e+08 0
6.55323e+08 0
6.55323e+08 0
6.55323e+08 0
6.55323e+08 0
6.55323e+08 0
6.55323e+08 0
6.55323e+08 0
6.55323e+08 0
6.55323e+08 0
6.55323e+08 0
6.55323e+08 0
6.55323e+08 0
6.55323e+08 0
6.55323e+08 0
6.55323e+08 0
6.55323e+08 0
6.55323e+08 0
6.55323e+08 0
6.55323e+08 0
6.55323e+08 0
6.55323e+08 0
6.55323e+08 0
6.55323e+08 0
6.55323e+08 0
6.55323e+08 0
6.55323e+08 0
6.55323e+08 0
6.55323e+08 0
6.55323e+08 0
6.55323e+08 0
6.55323e+08 0
6.55323e+08 0
6.55323e+08 0
6.55323e+08 0
6.55323e+08 0
6.55323e+08 0
6.55323e+08 0
6.55323e+08 0
6.55323e+08 0
6.55323e+08 0
6.55323e+08 0
6.55323e+08 0
6.55323e+08 0
6.55323e+08 0
6.55323e+08 0
6.55323e+08 0
6.55323e+08 0
6.55323e+08 0
6.55323e+08 0
6.55323e+08 0
6.55323e+08 0
6.55323e+08 0
6.55323e+08 0
6.55323e+08 0
6.55323e+08 0
6.55323e+08 0
6.55323e+08 0
6.55323e+08 0
6.55323e+08 0
