0 -6.91809e-06
0 -1.14371e-05
0 -579250
-15 -579250
-30 -579250
-45 -579250
-60 -579250
-75 -579250
-90 -579250
-105 -579250
-120 -579250
-135 -579250
-150 -579250
-165 -579250
-180 -579250
-195 -579250
-210 -579250
-225 -579250
-240 -579250
-255 -579250
-270 -579250
-285 -579250
-300 -579250
-315 -579250
-330 -579250
-345 -579250
-360 -579250
-375 -579250
-390 -579250
-405 -579250
-420 -579250
-435 -579250
-450 -579250
-465 -579250
-480 -579250
-495 -579250
-510 -579250
-525 -579250
-540 -579250
-555 -579250
-570 -579250
-585 -579250
-600 -579250
-615 -579250
-630 -579250
-645 -579250
-660 -579250
-675 -579250
-690 -579250
-705 -579250
-720 -579250
-735 -579250
-750 -579250
-765 -579250
-780 -579250
-795 -579250
-810 -579250
-825 -579250
-840 -579250
-855 -579250
-870 -579250
-885 -579250
-900 -579250
-915 -579250
-930 -579250
-945 -579250
-960 -579250
-975.001 -579250
-990.001 -579250
-1005 -579250
-1020 -579250
-1035 -579250
-1050 -579250
-1065 -579250
-1080 -579250
-1095 -579250
-1110 -579250
-1125 -579250
-1140 -579250
-1155 -579250
-1170 -579250
-1185 -579250
-1200 -579250
-1215 -579250
-1230 -579250
-1245 -579250
-1260 -579250
-1275 -579250
-1290 -579250
-1305 -579250
-1320 -579250
-1335 -579250
-1350 -579250
-1365 -579250
-1380 -579250
-1395 -579250
-1410 -579250
-1425 -579250
-1440 -579250
-1455 -579250
-1470 -579250
-1485 -579250
-1500 -579250
