0 -4.81241e-07
0 4.72384e-06
0 1.98411e-06
1.55197e+08 1.19841e-05
2.46824e+08 2.19841e-05
2.78215e+08 3.19841e-05
2.91763e+08 4.19841e-05
2.96344e+08 5.19841e-05
2.96347e+08 6.19841e-05
2.93736e+08 7.19841e-05
2.89202e+08 8.19841e-05
2.82818e+08 9.19841e-05
2.7411e+08 0.000101984
2.63364e+08 0.000111984
2.4913e+08 0.000121984
2.29032e+08 0.000131984
1.97251e+08 0.000141984
1.46182e+08 0.000151984
-8.86206e+07 0.000161984
4.89101e+08 0.000171984
4.89101e+08 0.000181984
4.89101e+08 0.000191984
4.89101e+08 0.000201984
4.89101e+08 0.000211984
4.89101e+08 0.000221984
4.89101e+08 0.000231984
4.89101e+08 0.000241984
4.89101e+08 0.000251984
4.89101e+08 0.000261984
4.89101e+08 0.000271984
4.89101e+08 0.000281984
4.89101e+08 0.000291984
4.89101e+08 0.000301984
4.89101e+08 0.000311984
4.89101e+08 0.000321984
4.89101e+08 0.000331984
4.89101e+08 0.000341984
4.89101e+08 0.000351984
4.89101e+08 0.000361984
4.89101e+08 0.000371984
4.89101e+08 0.000381984
4.89101e+08 0.000391984
4.89101e+08 0.000401984
4.89101e+08 0.000411984
4.89101e+08 0.000421984
4.89101e+08 0.000431984
4.89101e+08 0.000441984
4.89101e+08 0.000451984
4.89101e+08 0.000461984
4.89101e+08 0.000471984
4.89101e+08 0.000481984
4.89101e+08 0.000491984
4.89101e+08 0.000501984
4.89101e+08 0.000511984
4.89101e+08 0.000521984
4.89101e+08 0.000531984
4.89101e+08 0.000541984
4.89101e+08 0.000551984
4.89101e+08 0.000561984
4.89101e+08 0.000571984
4.89101e+08 0.000581984
4.89101e+08 0.000591984
4.89101e+08 0.000601984
4.89101e+08 0.000611984
4.89101e+08 0.000621984
4.89101e+08 0.000631984
4.89101e+08 0.000641984
4.89101e+08 0.000651984
4.89101e+08 0.000661984
4.89101e+08 0.000671984
4.89101e+08 0.000681984
4.89101e+08 0.000691984
4.89101e+08 0.000701984
4.89101e+08 0.000711984
4.89101e+08 0.000721984
4.89101e+08 0.000731984
4.89101e+08 0.000741984
4.89101e+08 0.000751984
4.89101e+08 0.000761984
4.89101e+08 0.000771984
4.89101e+08 0.000781984
4.89101e+08 0.000791984
4.89101e+08 0.000801984
4.89101e+08 0.000811984
4.89101e+08 0.000821984
4.89101e+08 0.000831984
4.89101e+08 0.000841984
4.89101e+08 0.000851984
4.89101e+08 0.000861984
4.89101e+08 0.000871984
4.89101e+08 0.000881984
4.89101e+08 0.000891984
4.89101e+08 0.000901984
4.89101e+08 0.000911984
4.89101e+08 0.000921984
4.89101e+08 0.000931984
4.89101e+08 0.000941984
4.89101e+08 0.000951984
4.89101e+08 0.000961984
4.89101e+08 0.000971984
4.89101e+08 0.000981984
4.89101e+08 0.000991984
4.89101e+08 0.00100198
