0 -7.74822e-07
0 -2.22595e-05
0 -36873.1
-15 -36873.1
-30 -36873.1
-45 -36873.1
-60 -36873.1
-75 -36873.1
-90 -36873.1
-105 -36873.1
-120 -36873.1
-135 -36873.1
-150 -36873.1
-165 -36873.1
-180 -36873.1
-195 -36873.1
-210 -36873.1
-225 -36873.1
-240 -36873.1
-255 -36873.1
-270 -36873.1
-285 -36873.1
-300 -36873.1
-315.001 -36873.1
-330.001 -36873.1
-345.001 -36873.1
-360.001 -36873.1
-375.001 -36873.1
-390.001 -36873.1
-405.001 -36873.1
-420.001 -36873.1
-435.001 -36873.1
-450.001 -36873.1
-465.001 -36873.1
-480.001 -36873.1
-495.001 -36873.1
-510.001 -36873.1
-525.002 -36873.1
-540.002 -36873.1
-555.002 -36873.1
-570.002 -36873.1
-585.002 -36873.1
-600.002 -36873.1
-615.002 -36873.1
-630.002 -36873.1
-645.002 -36873.1
-660.002 -36873.1
-675.002 -36873.1
-690.003 -36873.1
-705.003 -36873.1
-720.003 -36873.1
-735.003 -36873.1
-750.003 -36873.1
-765.003 -36873.1
-780.003 -36873.1
-795.003 -36873.1
-810.004 -36873.1
-825.004 -36873.1
-840.004 -36873.1
-855.004 -36873.1
-870.004 -36873.1
-885.004 -36873.1
-900.004 -36873.1
-915.005 -36873.1
-930.005 -36873.1
-945.005 -36873.1
-960.005 -36873.1
-975.005 -36873.1
-990.005 -36873.1
-1005.01 -36873.1
-1020.01 -36873.1
-1035.01 -36873.1
-1050.01 -36873.1
-1065.01 -36873.1
-1080.01 -36873.1
-1095.01 -36873.1
-1110.01 -36873.1
-1125.01 -36873.1
-1140.01 -36873.1
-1155.01 -36873.1
-1170.01 -36873.1
-1185.01 -36873.1
-1200.01 -36873.1
-1215.01 -36873.1
-1230.01 -36873.1
-1245.01 -36873.1
-1260.01 -36873.1
-1275.01 -36873.1
-1290.01 -36873.1
-1305.01 -36873.1
-1320.01 -36873.1
-1335.01 -36873.1
-1350.01 -36873.1
-1365.01 -36873.1
-1380.01 -36873.1
-1395.01 -36873.1
-1410.01 -36873.1
-1425.01 -36873.1
-1440.01 -36873.1
-1455.01 -36873.1
-1470.01 -36873.1
-1485.01 -36873.1
-1500.01 -36873.1
