0 -6.64724e-07
0 4.83095e-06
0 85020.6
-15 85020.6
-30 85020.6
-45 85020.6
-60 85020.6
-75 85020.6
-90 85020.6
-105 85020.6
-120 85020.6
-135 85020.6
-150 85020.6
-165 85020.6
-180 85020.6
-195 85020.6
-210 85020.6
-225 85020.6
-240 85020.6
-255 85020.6
-270 85020.6
-285 85020.6
-300 85020.6
-315 85020.6
-330 85020.6
-345 85020.6
-359.999 85020.6
-374.999 85020.6
-389.999 85020.6
-404.999 85020.6
-419.999 85020.6
-434.999 85020.6
-449.999 85020.6
-464.999 85020.6
-479.999 85020.6
-494.999 85020.6
-509.999 85020.6
-524.999 85020.6
-539.999 85020.6
-554.999 85020.6
-569.999 85020.6
-584.999 85020.6
-599.999 85020.6
-614.998 85020.6
-629.998 85020.6
-644.998 85020.6
-659.998 85020.6
-674.998 85020.6
-689.998 85020.6
-704.998 85020.6
-719.998 85020.6
-734.998 85020.6
-749.998 85020.6
-764.998 85020.6
-779.998 85020.6
-794.997 85020.6
-809.997 85020.6
-824.997 85020.6
-839.997 85020.6
-854.997 85020.6
-869.997 85020.6
-884.997 85020.6
-899.997 85020.6
-914.997 85020.6
-929.997 85020.6
-944.996 85020.6
-959.996 85020.6
-974.996 85020.6
-989.996 85020.6
-1005 85020.6
-1020 85020.6
-1035 85020.6
-1050 85020.6
-1065 85020.6
-1080 85020.6
-1095 85020.6
-1110 85020.6
-1124.99 85020.6
-1139.99 85020.6
-1154.99 85020.6
-1169.99 85020.6
-1184.99 85020.6
-1199.99 85020.6
-1214.99 85020.6
-1229.99 85020.6
-1244.99 85020.6
-1259.99 85020.6
-1274.99 85020.6
-1289.99 85020.6
-1304.99 85020.6
-1319.99 85020.6
-1334.99 85020.6
-1349.99 85020.6
-1364.99 85020.6
-1379.99 85020.6
-1394.99 85020.6
-1409.99 85020.6
-1424.99 85020.6
-1439.99 85020.6
-1454.99 85020.6
-1469.99 85020.6
-1484.99 85020.6
-1499.99 85020.6
