0 -4.69589e-06
0 -7.52526e-06
0 -3.55174e-06
-1.71085e+08 -1.35517e-05
-2.82194e+08 -2.35517e-05
-3.16119e+08 -3.35517e-05
-3.27037e+08 -4.35517e-05
-3.27055e+08 -5.35517e-05
-3.2059e+08 -6.35517e-05
-3.08741e+08 -7.35517e-05
-2.9148e+08 -8.35517e-05
-2.68136e+08 -9.35517e-05
-2.36648e+08 -0.000103552
-1.93044e+08 -0.000113552
-1.31942e+08 -0.000123552
-5.93468e+07 -0.000133552
1.23322e+08 -0.000143552
5.68163e+08 -0.000153552
5.68163e+08 -0.000163552
5.68163e+08 -0.000173552
5.68163e+08 -0.000183552
5.68163e+08 -0.000193552
5.68163e+08 -0.000203552
5.68163e+08 -0.000213552
5.68163e+08 -0.000223552
5.68163e+08 -0.000233552
5.68163e+08 -0.000243552
5.68163e+08 -0.000253552
5.68163e+08 -0.000263552
5.68163e+08 -0.000273552
5.68163e+08 -0.000283552
5.68163e+08 -0.000293552
5.68163e+08 -0.000303552
5.68163e+08 -0.000313552
5.68163e+08 -0.000323552
5.68163e+08 -0.000333552
5.68163e+08 -0.000343552
5.68163e+08 -0.000353552
5.68163e+08 -0.000363552
5.68163e+08 -0.000373552
5.68163e+08 -0.000383552
5.68163e+08 -0.000393552
5.68163e+08 -0.000403552
5.68163e+08 -0.000413552
5.68163e+08 -0.000423552
5.68163e+08 -0.000433552
5.68163e+08 -0.000443552
5.68163e+08 -0.000453552
5.68163e+08 -0.000463552
5.68163e+08 -0.000473552
5.68163e+08 -0.000483552
5.68163e+08 -0.000493552
5.68163e+08 -0.000503552
5.68163e+08 -0.000513552
5.68163e+08 -0.000523552
5.68163e+08 -0.000533552
5.68163e+08 -0.000543552
5.68163e+08 -0.000553552
5.68163e+08 -0.000563552
5.68163e+08 -0.000573552
5.68163e+08 -0.000583552
5.68163e+08 -0.000593552
5.68163e+08 -0.000603552
5.68163e+08 -0.000613552
5.68163e+08 -0.000623552
5.68163e+08 -0.000633552
5.68163e+08 -0.000643552
5.68163e+08 -0.000653552
5.68163e+08 -0.000663552
5.68163e+08 -0.000673552
5.68163e+08 -0.000683552
5.68163e+08 -0.000693552
5.68163e+08 -0.000703552
5.68163e+08 -0.000713552
5.68163e+08 -0.000723552
5.68163e+08 -0.000733552
5.68163e+08 -0.000743552
5.68163e+08 -0.000753552
5.68163e+08 -0.000763552
5.68163e+08 -0.000773552
5.68163e+08 -0.000783552
5.68163e+08 -0.000793552
5.68163e+08 -0.000803552
5.68163e+08 -0.000813552
5.68163e+08 -0.000823552
5.68163e+08 -0.000833552
5.68163e+08 -0.000843552
5.68163e+08 -0.000853552
5.68163e+08 -0.000863552
5.68163e+08 -0.000873552
5.68163e+08 -0.000883552
5.68163e+08 -0.000893552
5.68163e+08 -0.000903552
5.68163e+08 -0.000913552
5.68163e+08 -0.000923552
5.68163e+08 -0.000933552
5.68163e+08 -0.000943552
5.68163e+08 -0.000953552
5.68163e+08 -0.000963552
5.68163e+08 -0.000973552
5.68163e+08 -0.000983552
5.68163e+08 -0.000993552
5.68163e+08 -0.00100355
