0 -1.89613e-06
0 -1.95952e-05
0 -1.11761e-05
-1.09708e+08 -2.11761e-05
-1.47044e+08 -3.11761e-05
-1.59827e+08 -4.11761e-05
-1.63126e+08 -5.11761e-05
-1.61049e+08 -6.11761e-05
-1.54498e+08 -7.11761e-05
-1.43734e+08 -8.11761e-05
-1.26995e+08 -9.11761e-05
-1.02667e+08 -0.000101176
-6.53535e+07 -0.000111176
5.46994e+06 -0.000121176
1.20349e+08 -0.000131176
2.68383e+08 -0.000141176
4.57415e+08 -0.000151176
4.20601e+08 -0.000161176
5.25851e+08 -0.000171176
5.25851e+08 -0.000181176
5.25851e+08 -0.000191176
5.25851e+08 -0.000201176
5.25851e+08 -0.000211176
5.25851e+08 -0.000221176
5.25851e+08 -0.000231176
5.25851e+08 -0.000241176
5.25851e+08 -0.000251176
5.25851e+08 -0.000261176
5.25851e+08 -0.000271176
5.25851e+08 -0.000281176
5.25851e+08 -0.000291176
5.25851e+08 -0.000301176
5.25851e+08 -0.000311176
5.25851e+08 -0.000321176
5.25851e+08 -0.000331176
5.25851e+08 -0.000341176
5.25851e+08 -0.000351176
5.25851e+08 -0.000361176
5.25851e+08 -0.000371176
5.25851e+08 -0.000381176
5.25851e+08 -0.000391176
5.25851e+08 -0.000401176
5.25851e+08 -0.000411176
5.25851e+08 -0.000421176
5.25851e+08 -0.000431176
5.25851e+08 -0.000441176
5.25851e+08 -0.000451176
5.25851e+08 -0.000461176
5.25851e+08 -0.000471176
5.25851e+08 -0.000481176
5.25851e+08 -0.000491176
5.25851e+08 -0.000501176
5.25851e+08 -0.000511176
5.25851e+08 -0.000521176
5.25851e+08 -0.000531176
5.25851e+08 -0.000541176
5.25851e+08 -0.000551176
5.25851e+08 -0.000561176
5.25851e+08 -0.000571176
5.25851e+08 -0.000581176
5.25851e+08 -0.000591176
5.25851e+08 -0.000601176
5.25851e+08 -0.000611176
5.25851e+08 -0.000621176
5.25851e+08 -0.000631176
5.25851e+08 -0.000641176
5.25851e+08 -0.000651176
5.25851e+08 -0.000661176
5.25851e+08 -0.000671176
5.25851e+08 -0.000681176
5.25851e+08 -0.000691176
5.25851e+08 -0.000701176
5.25851e+08 -0.000711176
5.25851e+08 -0.000721176
5.25851e+08 -0.000731176
5.25851e+08 -0.000741176
5.25851e+08 -0.000751176
5.25851e+08 -0.000761176
5.25851e+08 -0.000771176
5.25851e+08 -0.000781176
5.25851e+08 -0.000791176
5.25851e+08 -0.000801176
5.25851e+08 -0.000811176
5.25851e+08 -0.000821176
5.25851e+08 -0.000831176
5.25851e+08 -0.000841176
5.25851e+08 -0.000851176
5.25851e+08 -0.000861176
5.25851e+08 -0.000871176
5.25851e+08 -0.000881176
5.25851e+08 -0.000891176
5.25851e+08 -0.000901176
5.25851e+08 -0.000911176
5.25851e+08 -0.000921176
5.25851e+08 -0.000931176
5.25851e+08 -0.000941176
5.25851e+08 -0.000951176
5.25851e+08 -0.000961176
5.25851e+08 -0.000971176
5.25851e+08 -0.000981176
5.25851e+08 -0.000991176
5.25851e+08 -0.00100118
5.25851e+08 -0.00101118
