0 -4.94676e-06
0 1.0647e-05
0 6.9279e-06
1.43512e+08 1.69279e-05
2.12754e+08 2.69279e-05
2.23276e+08 3.69279e-05
2.1142e+08 4.69279e-05
1.86398e+08 5.69279e-05
1.47429e+08 6.69279e-05
8.7906e+07 7.69279e-05
-2.35767e+07 8.69279e-05
7.0926e+08 9.69279e-05
7.0926e+08 0.000106928
7.0926e+08 0.000116928
7.0926e+08 0.000126928
7.0926e+08 0.000136928
7.0926e+08 0.000146928
7.0926e+08 0.000156928
7.0926e+08 0.000166928
7.0926e+08 0.000176928
7.0926e+08 0.000186928
7.0926e+08 0.000196928
7.0926e+08 0.000206928
7.0926e+08 0.000216928
7.0926e+08 0.000226928
7.0926e+08 0.000236928
7.0926e+08 0.000246928
7.0926e+08 0.000256928
7.0926e+08 0.000266928
7.0926e+08 0.000276928
7.0926e+08 0.000286928
7.0926e+08 0.000296928
7.0926e+08 0.000306928
7.0926e+08 0.000316928
7.0926e+08 0.000326928
7.0926e+08 0.000336928
7.0926e+08 0.000346928
7.0926e+08 0.000356928
7.0926e+08 0.000366928
7.0926e+08 0.000376928
7.0926e+08 0.000386928
7.0926e+08 0.000396928
7.0926e+08 0.000406928
7.0926e+08 0.000416928
7.0926e+08 0.000426928
7.0926e+08 0.000436928
7.0926e+08 0.000446928
7.0926e+08 0.000456928
7.0926e+08 0.000466928
7.0926e+08 0.000476928
7.0926e+08 0.000486928
7.0926e+08 0.000496928
7.0926e+08 0.000506928
7.0926e+08 0.000516928
7.0926e+08 0.000526928
7.0926e+08 0.000536928
7.0926e+08 0.000546928
7.0926e+08 0.000556928
7.0926e+08 0.000566928
7.0926e+08 0.000576928
7.0926e+08 0.000586928
7.0926e+08 0.000596928
7.0926e+08 0.000606928
7.0926e+08 0.000616928
7.0926e+08 0.000626928
7.0926e+08 0.000636928
7.0926e+08 0.000646928
7.0926e+08 0.000656928
7.0926e+08 0.000666928
7.0926e+08 0.000676928
7.0926e+08 0.000686928
7.0926e+08 0.000696928
7.0926e+08 0.000706928
7.0926e+08 0.000716928
7.0926e+08 0.000726928
7.0926e+08 0.000736928
7.0926e+08 0.000746928
7.0926e+08 0.000756928
7.0926e+08 0.000766928
7.0926e+08 0.000776928
7.0926e+08 0.000786928
7.0926e+08 0.000796928
7.0926e+08 0.000806928
7.0926e+08 0.000816928
7.0926e+08 0.000826928
7.0926e+08 0.000836928
7.0926e+08 0.000846928
7.0926e+08 0.000856928
7.0926e+08 0.000866928
7.0926e+08 0.000876928
7.0926e+08 0.000886928
7.0926e+08 0.000896928
7.0926e+08 0.000906928
7.0926e+08 0.000916928
7.0926e+08 0.000926928
7.0926e+08 0.000936928
7.0926e+08 0.000946928
7.0926e+08 0.000956928
7.0926e+08 0.000966928
7.0926e+08 0.000976928
7.0926e+08 0.000986928
7.0926e+08 0.000996928
7.0926e+08 0.00100693
