0 -3.39813e-06
0 2.69134e-05
0 5115.37
-15 5115.37
-30 5115.37
-44.9999 5115.37
-59.9999 5115.37
-74.9999 5115.37
-89.9998 5115.37
-105 5115.37
-120 5115.37
-135 5115.37
-149.999 5115.37
-164.999 5115.37
-179.999 5115.37
-194.999 5115.37
-209.999 5115.37
-224.999 5115.37
-239.998 5115.37
-254.998 5115.37
-269.998 5115.37
-284.998 5115.37
-299.998 5115.37
-314.997 5115.37
-329.997 5115.37
-344.997 5115.37
-359.997 5115.37
-374.996 5115.37
-389.996 5115.37
-404.996 5115.37
-419.995 5115.37
-434.995 5115.37
-449.995 5115.37
-464.994 5115.37
-479.994 5115.37
-494.994 5115.37
-509.993 5115.37
-524.993 5115.37
-539.992 5115.37
-554.992 5115.37
-569.992 5115.37
-584.991 5115.37
-599.991 5115.37
-614.99 5115.37
-629.99 5115.37
-644.989 5115.37
-659.989 5115.37
-674.988 5115.37
-689.988 5115.37
-704.987 5115.37
-719.986 5115.37
-734.986 5115.37
-749.985 5115.37
-764.985 5115.37
-779.984 5115.37
-794.984 5115.37
-809.983 5115.37
-824.982 5115.37
-839.982 5115.37
-854.981 5115.37
-869.98 5115.37
-884.98 5115.37
-899.979 5115.37
-914.978 5115.37
-929.977 5115.37
-944.977 5115.37
-959.976 5115.37
-974.975 5115.37
-989.974 5115.37
-1004.97 5115.37
-1019.97 5115.37
-1034.97 5115.37
-1049.97 5115.37
-1064.97 5115.37
-1079.97 5115.37
-1094.97 5115.37
-1109.97 5115.37
-1124.97 5115.37
-1139.97 5115.37
-1154.97 5115.37
-1169.96 5115.37
-1184.96 5115.37
-1199.96 5115.37
-1214.96 5115.37
-1229.96 5115.37
-1244.96 5115.37
-1259.96 5115.37
-1274.96 5115.37
-1289.96 5115.37
-1304.96 5115.37
-1319.95 5115.37
-1334.95 5115.37
-1349.95 5115.37
-1364.95 5115.37
-1379.95 5115.37
-1394.95 5115.37
-1409.95 5115.37
-1424.95 5115.37
-1439.95 5115.37
-1454.94 5115.37
-1469.94 5115.37
-1484.94 5115.37
-1499.94 5115.37
