0 -3.18611e-06
0 -3.42261e-06
0 -1.86265e-08
-1.67588e+08 1.67588e+08
-2.95946e+08 2.95946e+08
-3.35401e+08 3.35401e+08
-3.51066e+08 3.51066e+08
-3.53671e+08 3.53671e+08
-3.49008e+08 3.49008e+08
-3.38775e+08 3.38775e+08
-3.23155e+08 3.23155e+08
-3.01708e+08 3.01708e+08
-2.72688e+08 2.72688e+08
-2.32712e+08 2.32712e+08
-1.74807e+08 1.74807e+08
-1.05737e+08 1.05737e+08
3.68902e+07 -3.68902e+07
5.43098e+08 0
5.43098e+08 0
5.43098e+08 0
5.43098e+08 0
5.43098e+08 0
5.43098e+08 0
5.43098e+08 0
5.43098e+08 0
5.43098e+08 0
5.43098e+08 0
5.43098e+08 0
5.43098e+08 0
5.43098e+08 0
5.43098e+08 0
5.43098e+08 0
5.43098e+08 0
5.43098e+08 0
5.43098e+08 0
5.43098e+08 0
5.43098e+08 0
5.43098e+08 0
5.43098e+08 0
5.43098e+08 0
5.43098e+08 0
5.43098e+08 0
5.43098e+08 0
5.43098e+08 0
5.43098e+08 0
5.43098e+08 0
5.43098e+08 0
5.43098e+08 0
5.43098e+08 0
5.43098e+08 0
5.43098e+08 0
5.43098e+08 0
5.43098e+08 0
5.43098e+08 0
5.43098e+08 0
5.43098e+08 0
5.43098e+08 0
5.43098e+08 0
5.43098e+08 0
5.43098e+08 0
5.43098e+08 0
5.43098e+08 0
5.43098e+08 0
5.43098e+08 0
5.43098e+08 0
5.43098e+08 0
5.43098e+08 0
5.43098e+08 0
5.43098e+08 0
5.43098e+08 0
5.43098e+08 0
5.43098e+08 0
5.43098e+08 0
5.43098e+08 0
5.43098e+08 0
5.43098e+08 0
5.43098e+08 0
5.43098e+08 0
5.43098e+08 0
5.43098e+08 0
5.43098e+08 0
5.43098e+08 0
5.43098e+08 0
5.43098e+08 0
5.43098e+08 0
5.43098e+08 0
5.43098e+08 0
5.43098e+08 0
5.43098e+08 0
5.43098e+08 0
5.43098e+08 0
5.43098e+08 0
5.43098e+08 0
5.43098e+08 0
5.43098e+08 0
5.43098e+08 0
5.43098e+08 0
5.43098e+08 0
5.43098e+08 0
5.43098e+08 0
5.43098e+08 0
5.43098e+08 0
5.43098e+08 0
