0 -2.61525e-06
0 4.5944e-05
0 -653604
-15 -653604
-30 -653604
-45 -653604
-60 -653604
-75 -653604
-90 -653604
-105 -653604
-120 -653604
-135 -653604
-150 -653604
-165 -653604
-180 -653604
-195 -653604
-210 -653604
-225 -653604
-240 -653604
-255 -653604
-270 -653604
-285 -653604
-300 -653604
-315 -653604
-330 -653604
-345 -653604
-360 -653604
-375 -653604
-390 -653604
-405 -653604
-420 -653604
-435 -653604
-450 -653604
-465 -653604
-480 -653604
-495 -653604
-510 -653604
-525 -653604
-540 -653604
-555 -653604
-570 -653604
-585 -653604
-600 -653604
-615 -653604
-630 -653604
-645 -653604
-660 -653604
-675 -653604
-690 -653604
-705 -653604
-720 -653604
-735 -653604
-750 -653604
-765 -653604
-780 -653604
-795 -653604
-810 -653604
-825 -653604
-840 -653604
-855 -653604
-870 -653604
-885 -653604
-900 -653604
-915 -653604
-930 -653604
-945 -653604
-960 -653604
-975 -653604
-990.001 -653604
-1005 -653604
-1020 -653604
-1035 -653604
-1050 -653604
-1065 -653604
-1080 -653604
-1095 -653604
-1110 -653604
-1125 -653604
-1140 -653604
-1155 -653604
-1170 -653604
-1185 -653604
-1200 -653604
-1215 -653604
-1230 -653604
-1245 -653604
-1260 -653604
-1275 -653604
-1290 -653604
-1305 -653604
-1320 -653604
-1335 -653604
-1350 -653604
-1365 -653604
-1380 -653604
-1395 -653604
-1410 -653604
-1425 -653604
-1440 -653604
-1455 -653604
-1470 -653604
-1485 -653604
-1500 -653604
