0 -2.40777e-07
0 -5.9562e-06
0 -5.03162e-06
-1.59979e+08 -1.50316e-05
-2.58558e+08 -2.50316e-05
-2.79907e+08 -3.50316e-05
-2.72387e+08 -4.50316e-05
-2.50742e+08 -5.50316e-05
-2.17004e+08 -6.50316e-05
-1.69495e+08 -7.50316e-05
-1.00045e+08 -8.50316e-05
5.56907e+07 -9.50316e-05
7.9119e+08 -0.000105032
7.9119e+08 -0.000115032
7.9119e+08 -0.000125032
7.9119e+08 -0.000135032
7.9119e+08 -0.000145032
7.9119e+08 -0.000155032
7.9119e+08 -0.000165032
7.9119e+08 -0.000175032
7.9119e+08 -0.000185032
7.9119e+08 -0.000195032
7.9119e+08 -0.000205032
7.9119e+08 -0.000215032
7.9119e+08 -0.000225032
7.9119e+08 -0.000235032
7.9119e+08 -0.000245032
7.9119e+08 -0.000255032
7.9119e+08 -0.000265032
7.9119e+08 -0.000275032
7.9119e+08 -0.000285032
7.9119e+08 -0.000295032
7.9119e+08 -0.000305032
7.9119e+08 -0.000315032
7.9119e+08 -0.000325032
7.9119e+08 -0.000335032
7.9119e+08 -0.000345032
7.9119e+08 -0.000355032
7.9119e+08 -0.000365032
7.9119e+08 -0.000375032
7.9119e+08 -0.000385032
7.9119e+08 -0.000395032
7.9119e+08 -0.000405032
7.9119e+08 -0.000415032
7.9119e+08 -0.000425032
7.9119e+08 -0.000435032
7.9119e+08 -0.000445032
7.9119e+08 -0.000455032
7.9119e+08 -0.000465032
7.9119e+08 -0.000475032
7.9119e+08 -0.000485032
7.9119e+08 -0.000495032
7.9119e+08 -0.000505032
7.9119e+08 -0.000515032
7.9119e+08 -0.000525032
7.9119e+08 -0.000535032
7.9119e+08 -0.000545032
7.9119e+08 -0.000555032
7.9119e+08 -0.000565032
7.9119e+08 -0.000575032
7.9119e+08 -0.000585032
7.9119e+08 -0.000595032
7.9119e+08 -0.000605032
7.9119e+08 -0.000615032
7.9119e+08 -0.000625032
7.9119e+08 -0.000635032
7.9119e+08 -0.000645032
7.9119e+08 -0.000655032
7.9119e+08 -0.000665032
7.9119e+08 -0.000675032
7.9119e+08 -0.000685032
7.9119e+08 -0.000695032
7.9119e+08 -0.000705032
7.9119e+08 -0.000715032
7.9119e+08 -0.000725032
7.9119e+08 -0.000735032
7.9119e+08 -0.000745032
7.9119e+08 -0.000755032
7.9119e+08 -0.000765032
7.9119e+08 -0.000775032
7.9119e+08 -0.000785032
7.9119e+08 -0.000795032
7.9119e+08 -0.000805032
7.9119e+08 -0.000815032
7.9119e+08 -0.000825032
7.9119e+08 -0.000835032
7.9119e+08 -0.000845032
7.9119e+08 -0.000855032
7.9119e+08 -0.000865032
7.9119e+08 -0.000875032
7.9119e+08 -0.000885032
7.9119e+08 -0.000895032
7.9119e+08 -0.000905032
7.9119e+08 -0.000915032
7.9119e+08 -0.000925032
7.9119e+08 -0.000935032
7.9119e+08 -0.000945032
7.9119e+08 -0.000955032
7.9119e+08 -0.000965032
7.9119e+08 -0.000975032
7.9119e+08 -0.000985032
7.9119e+08 -0.000995032
7.9119e+08 -0.00100503
