0 -1.25124e-06
0 -4.52346e-05
0 -888854
-15 -888854
-30 -888854
-45 -888854
-60 -888854
-75 -888854
-90 -888854
-105 -888854
-120 -888854
-135 -888854
-150 -888854
-165 -888854
-180 -888854
-195 -888854
-210 -888854
-225 -888854
-240 -888854
-255 -888854
-270 -888854
-285 -888854
-300 -888854
-315 -888854
-330 -888854
-345 -888854
-360 -888854
-375 -888854
-390 -888854
-405 -888854
-420 -888854
-435 -888854
-450 -888854
-465 -888854
-480 -888854
-495 -888854
-510 -888854
-525 -888854
-540 -888854
-555 -888854
-570 -888854
-585 -888854
-600 -888854
-615 -888854
-630 -888854
-645 -888854
-660 -888854
-675 -888854
-690 -888854
-705 -888854
-720 -888854
-735 -888854
-750 -888854
-765 -888854
-780 -888854
-795 -888854
-810 -888854
-825 -888854
-840 -888854
-855 -888854
-870 -888854
-885 -888854
-900 -888854
-915 -888854
-930 -888854
-945 -888854
-960 -888854
-975 -888854
-990 -888854
-1005 -888854
-1020 -888854
-1035 -888854
-1050 -888854
-1065 -888854
-1080 -888854
-1095 -888854
-1110 -888854
-1125 -888854
-1140 -888854
-1155 -888854
-1170 -888854
-1185 -888854
-1200 -888854
-1215 -888854
-1230 -888854
-1245 -888854
-1260 -888854
-1275 -888854
-1290 -888854
-1305 -888854
-1320 -888854
-1335 -888854
-1350 -888854
-1365 -888854
-1380 -888854
-1395 -888854
-1410 -888854
-1425 -888854
-1440 -888854
-1455 -888854
-1470 -888854
-1485 -888854
-1500 -888854
