0 -2.8871e-08
0 1.14997e+08
0 1.14997e+08
-1.63928e+08 2.78925e+08
-2.17281e+08 3.32279e+08
-2.20745e+08 3.35742e+08
-2.10528e+08 3.25526e+08
-1.90132e+08 3.05129e+08
-1.59197e+08 2.74195e+08
-1.13186e+08 2.28184e+08
-3.81831e+07 1.53181e+08
6.09409e+08 0
6.09409e+08 0
6.09409e+08 0
6.09409e+08 0
6.09409e+08 0
6.09409e+08 0
6.09409e+08 0
6.09409e+08 0
6.09409e+08 0
6.09409e+08 0
6.09409e+08 0
6.09409e+08 0
6.09409e+08 0
6.09409e+08 0
6.09409e+08 0
6.09409e+08 0
6.09409e+08 0
6.09409e+08 0
6.09409e+08 0
6.09409e+08 0
6.09409e+08 0
6.09409e+08 0
6.09409e+08 0
6.09409e+08 0
6.09409e+08 0
6.09409e+08 0
6.09409e+08 0
6.09409e+08 0
6.09409e+08 0
6.09409e+08 0
6.09409e+08 0
6.09409e+08 0
6.09409e+08 0
6.09409e+08 0
6.09409e+08 0
6.09409e+08 0
6.09409e+08 0
6.09409e+08 0
6.09409e+08 0
6.09409e+08 0
6.09409e+08 0
6.09409e+08 0
6.09409e+08 0
6.09409e+08 0
6.09409e+08 0
6.09409e+08 0
6.09409e+08 0
6.09409e+08 0
6.09409e+08 0
6.09409e+08 0
6.09409e+08 0
6.09409e+08 0
6.09409e+08 0
6.09409e+08 0
6.09409e+08 0
6.09409e+08 0
6.09409e+08 0
6.09409e+08 0
6.09409e+08 0
6.09409e+08 0
6.09409e+08 0
6.09409e+08 0
6.09409e+08 0
6.09409e+08 0
6.09409e+08 0
6.09409e+08 0
6.09409e+08 0
6.09409e+08 0
6.09409e+08 0
6.09409e+08 0
6.09409e+08 0
6.09409e+08 0
6.09409e+08 0
6.09409e+08 0
6.09409e+08 0
6.09409e+08 0
6.09409e+08 0
6.09409e+08 0
6.09409e+08 0
6.09409e+08 0
6.09409e+08 0
6.09409e+08 0
6.09409e+08 0
6.09409e+08 0
6.09409e+08 0
6.09409e+08 0
6.09409e+08 0
6.09409e+08 0
6.09409e+08 0
6.09409e+08 0
6.09409e+08 0
6.09409e+08 0
