0 8.9407e-08
0 1.40471e+08
0 1.40471e+08
-9.86315e+07 2.39103e+08
-1.20324e+08 2.60795e+08
-9.82384e+07 2.3871e+08
-5.09717e+07 1.91443e+08
2.47548e+07 1.15716e+08
1.81676e+08 -4.12046e+07
1.04564e+09 0
1.04564e+09 0
1.04564e+09 0
1.04564e+09 0
1.04564e+09 0
1.04564e+09 0
1.04564e+09 0
1.04564e+09 0
1.04564e+09 0
1.04564e+09 0
1.04564e+09 0
1.04564e+09 0
1.04564e+09 0
1.04564e+09 0
1.04564e+09 0
1.04564e+09 0
1.04564e+09 0
1.04564e+09 0
1.04564e+09 0
1.04564e+09 0
1.04564e+09 0
1.04564e+09 0
1.04564e+09 0
1.04564e+09 0
1.04564e+09 0
1.04564e+09 0
1.04564e+09 0
1.04564e+09 0
1.04564e+09 0
1.04564e+09 0
1.04564e+09 0
1.04564e+09 0
1.04564e+09 0
1.04564e+09 0
1.04564e+09 0
1.04564e+09 0
1.04564e+09 0
1.04564e+09 0
1.04564e+09 0
1.04564e+09 0
1.04564e+09 0
1.04564e+09 0
1.04564e+09 0
1.04564e+09 0
1.04564e+09 0
1.04564e+09 0
1.04564e+09 0
1.04564e+09 0
1.04564e+09 0
1.04564e+09 0
1.04564e+09 0
1.04564e+09 0
1.04564e+09 0
1.04564e+09 0
1.04564e+09 0
1.04564e+09 0
1.04564e+09 0
1.04564e+09 0
1.04564e+09 0
1.04564e+09 0
1.04564e+09 0
1.04564e+09 0
1.04564e+09 0
1.04564e+09 0
1.04564e+09 0
1.04564e+09 0
1.04564e+09 0
1.04564e+09 0
1.04564e+09 0
1.04564e+09 0
1.04564e+09 0
1.04564e+09 0
1.04564e+09 0
1.04564e+09 0
1.04564e+09 0
1.04564e+09 0
1.04564e+09 0
1.04564e+09 0
1.04564e+09 0
1.04564e+09 0
1.04564e+09 0
1.04564e+09 0
1.04564e+09 0
1.04564e+09 0
1.04564e+09 0
1.04564e+09 0
1.04564e+09 0
1.04564e+09 0
1.04564e+09 0
1.04564e+09 0
1.04564e+09 0
1.04564e+09 0
1.04564e+09 0
1.04564e+09 0
