0 -3.95812e-08
0 7.8243e+07
0 7.8243e+07
-1.69714e+08 2.47957e+08
-2.3473e+08 3.12973e+08
-2.61336e+08 3.39579e+08
-2.73011e+08 3.51254e+08
-2.78269e+08 3.56512e+08
-2.79536e+08 3.57779e+08
-2.77352e+08 3.55595e+08
-2.72573e+08 3.50816e+08
-2.65217e+08 3.4346e+08
-2.55181e+08 3.33424e+08
-2.12542e+08 2.90785e+08
-1.96793e+08 2.75036e+08
-1.7118e+08 2.49423e+08
-1.17733e+08 1.95976e+08
-2.86931e+07 1.06936e+08
4.74516e+07 3.07914e+07
1.49848e+08 -7.16053e+07
2.52868e+08 -1.74625e+08
4.52407e+08 0
4.52407e+08 0
4.52407e+08 0
4.52407e+08 0
4.52407e+08 0
4.52407e+08 0
4.52407e+08 0
4.52407e+08 0
4.52407e+08 0
4.52407e+08 0
4.52407e+08 0
4.52407e+08 0
4.52407e+08 0
4.52407e+08 0
4.52407e+08 0
4.52407e+08 0
4.52407e+08 0
4.52407e+08 0
4.52407e+08 0
4.52407e+08 0
4.52407e+08 0
4.52407e+08 0
4.52407e+08 0
4.52407e+08 0
4.52407e+08 0
4.52407e+08 0
4.52407e+08 0
4.52407e+08 0
4.52407e+08 0
4.52407e+08 0
4.52407e+08 0
4.52407e+08 0
4.52407e+08 0
4.52407e+08 0
4.52407e+08 0
4.52407e+08 0
4.52407e+08 0
4.52407e+08 0
4.52407e+08 0
4.52407e+08 0
4.52407e+08 0
4.52407e+08 0
4.52407e+08 0
4.52407e+08 0
4.52407e+08 0
4.52407e+08 0
4.52407e+08 0
4.52407e+08 0
4.52407e+08 0
4.52407e+08 0
4.52407e+08 0
4.52407e+08 0
4.52407e+08 0
4.52407e+08 0
4.52407e+08 0
4.52407e+08 0
4.52407e+08 0
4.52407e+08 0
4.52407e+08 0
4.52407e+08 0
4.52407e+08 0
4.52407e+08 0
4.52407e+08 0
4.52407e+08 0
4.52407e+08 0
4.52407e+08 0
4.52407e+08 0
4.52407e+08 0
4.52407e+08 0
4.52407e+08 0
4.52407e+08 0
4.52407e+08 0
4.52407e+08 0
4.52407e+08 0
4.52407e+08 0
4.52407e+08 0
4.52407e+08 0
4.52407e+08 0
4.52407e+08 0
4.52407e+08 0
4.52407e+08 0
4.52407e+08 0
