0 -7.5304e-07
0 4.57299e-06
0 1.18879e-06
1.38413e+08 1.11888e-05
2.26271e+08 2.11888e-05
2.56172e+08 3.11888e-05
2.45523e+08 4.11888e-05
2.12133e+08 5.11888e-05
1.57004e+08 6.11888e-05
6.54075e+07 7.11888e-05
8.65827e+08 8.11888e-05
8.65827e+08 9.11888e-05
8.65827e+08 0.000101189
8.65827e+08 0.000111189
8.65827e+08 0.000121189
8.65827e+08 0.000131189
8.65827e+08 0.000141189
8.65827e+08 0.000151189
8.65827e+08 0.000161189
8.65827e+08 0.000171189
8.65827e+08 0.000181189
8.65827e+08 0.000191189
8.65827e+08 0.000201189
8.65827e+08 0.000211189
8.65827e+08 0.000221189
8.65827e+08 0.000231189
8.65827e+08 0.000241189
8.65827e+08 0.000251189
8.65827e+08 0.000261189
8.65827e+08 0.000271189
8.65827e+08 0.000281189
8.65827e+08 0.000291189
8.65827e+08 0.000301189
8.65827e+08 0.000311189
8.65827e+08 0.000321189
8.65827e+08 0.000331189
8.65827e+08 0.000341189
8.65827e+08 0.000351189
8.65827e+08 0.000361189
8.65827e+08 0.000371189
8.65827e+08 0.000381189
8.65827e+08 0.000391189
8.65827e+08 0.000401189
8.65827e+08 0.000411189
8.65827e+08 0.000421189
8.65827e+08 0.000431189
8.65827e+08 0.000441189
8.65827e+08 0.000451189
8.65827e+08 0.000461189
8.65827e+08 0.000471189
8.65827e+08 0.000481189
8.65827e+08 0.000491189
8.65827e+08 0.000501189
8.65827e+08 0.000511189
8.65827e+08 0.000521189
8.65827e+08 0.000531189
8.65827e+08 0.000541189
8.65827e+08 0.000551189
8.65827e+08 0.000561189
8.65827e+08 0.000571189
8.65827e+08 0.000581189
8.65827e+08 0.000591189
8.65827e+08 0.000601189
8.65827e+08 0.000611189
8.65827e+08 0.000621189
8.65827e+08 0.000631189
8.65827e+08 0.000641189
8.65827e+08 0.000651189
8.65827e+08 0.000661189
8.65827e+08 0.000671189
8.65827e+08 0.000681189
8.65827e+08 0.000691189
8.65827e+08 0.000701189
8.65827e+08 0.000711189
8.65827e+08 0.000721189
8.65827e+08 0.000731189
8.65827e+08 0.000741189
8.65827e+08 0.000751189
8.65827e+08 0.000761189
8.65827e+08 0.000771189
8.65827e+08 0.000781189
8.65827e+08 0.000791189
8.65827e+08 0.000801189
8.65827e+08 0.000811189
8.65827e+08 0.000821189
8.65827e+08 0.000831189
8.65827e+08 0.000841189
8.65827e+08 0.000851189
8.65827e+08 0.000861189
8.65827e+08 0.000871189
8.65827e+08 0.000881189
8.65827e+08 0.000891189
8.65827e+08 0.000901189
8.65827e+08 0.000911189
8.65827e+08 0.000921189
8.65827e+08 0.000931189
8.65827e+08 0.000941189
8.65827e+08 0.000951189
8.65827e+08 0.000961189
8.65827e+08 0.000971189
8.65827e+08 0.000981189
8.65827e+08 0.000991189
8.65827e+08 0.00100119
