0 -4.23214e-06
0 -1.04767e-05
0 -5.26458e-06
-1.66317e+08 -1.52646e-05
-2.46125e+08 -2.52646e-05
-2.7611e+08 -3.52646e-05
-2.90273e+08 -4.52646e-05
-2.95517e+08 -5.52646e-05
-2.95514e+08 -6.52646e-05
-2.91492e+08 -7.52646e-05
-2.83727e+08 -8.52646e-05
-2.72167e+08 -9.52646e-05
-2.5626e+08 -0.000105265
-2.34761e+08 -0.000115265
-2.05487e+08 -0.000125265
-1.64122e+08 -0.000135265
-1.16155e+08 -0.000145265
-6.2247e+07 -0.000155265
1.36454e+07 -0.000165265
1.61016e+08 -0.000175265
4.67313e+08 -0.000185265
5.0822e+08 -0.000195265
5.0822e+08 -0.000205265
5.0822e+08 -0.000215265
5.0822e+08 -0.000225265
5.0822e+08 -0.000235265
5.0822e+08 -0.000245265
5.0822e+08 -0.000255265
5.0822e+08 -0.000265265
5.0822e+08 -0.000275265
5.0822e+08 -0.000285265
5.0822e+08 -0.000295265
5.0822e+08 -0.000305265
5.0822e+08 -0.000315265
5.0822e+08 -0.000325265
5.0822e+08 -0.000335265
5.0822e+08 -0.000345265
5.0822e+08 -0.000355265
5.0822e+08 -0.000365265
5.0822e+08 -0.000375265
5.0822e+08 -0.000385265
5.0822e+08 -0.000395265
5.0822e+08 -0.000405265
5.0822e+08 -0.000415265
5.0822e+08 -0.000425265
5.0822e+08 -0.000435265
5.0822e+08 -0.000445265
5.0822e+08 -0.000455265
5.0822e+08 -0.000465265
5.0822e+08 -0.000475265
5.0822e+08 -0.000485265
5.0822e+08 -0.000495265
5.0822e+08 -0.000505265
5.0822e+08 -0.000515265
5.0822e+08 -0.000525265
5.0822e+08 -0.000535265
5.0822e+08 -0.000545265
5.0822e+08 -0.000555265
5.0822e+08 -0.000565265
5.0822e+08 -0.000575265
5.0822e+08 -0.000585265
5.0822e+08 -0.000595265
5.0822e+08 -0.000605265
5.0822e+08 -0.000615265
5.0822e+08 -0.000625265
5.0822e+08 -0.000635265
5.0822e+08 -0.000645265
5.0822e+08 -0.000655265
5.0822e+08 -0.000665265
5.0822e+08 -0.000675265
5.0822e+08 -0.000685265
5.0822e+08 -0.000695265
5.0822e+08 -0.000705265
5.0822e+08 -0.000715265
5.0822e+08 -0.000725265
5.0822e+08 -0.000735265
5.0822e+08 -0.000745265
5.0822e+08 -0.000755265
5.0822e+08 -0.000765265
5.0822e+08 -0.000775265
5.0822e+08 -0.000785265
5.0822e+08 -0.000795265
5.0822e+08 -0.000805265
5.0822e+08 -0.000815265
5.0822e+08 -0.000825265
5.0822e+08 -0.000835265
5.0822e+08 -0.000845265
5.0822e+08 -0.000855265
5.0822e+08 -0.000865265
5.0822e+08 -0.000875265
5.0822e+08 -0.000885265
5.0822e+08 -0.000895265
5.0822e+08 -0.000905265
5.0822e+08 -0.000915265
5.0822e+08 -0.000925265
5.0822e+08 -0.000935265
5.0822e+08 -0.000945265
5.0822e+08 -0.000955265
5.0822e+08 -0.000965265
5.0822e+08 -0.000975265
5.0822e+08 -0.000985265
5.0822e+08 -0.000995265
5.0822e+08 -0.00100526
