0 -4.07445e-06
0 -2.61047e-05
0 -606957
-15 -606957
-30 -606957
-45 -606957
-60 -606957
-75 -606957
-90 -606957
-105 -606957
-120 -606957
-135 -606957
-150 -606957
-165 -606957
-180 -606957
-195 -606957
-210 -606957
-225 -606957
-240 -606957
-255 -606957
-270 -606957
-285 -606957
-300 -606957
-315 -606957
-330 -606957
-345 -606957
-360 -606957
-375 -606957
-390 -606957
-405 -606957
-420 -606957
-435 -606957
-450 -606957
-465 -606957
-480 -606957
-495 -606957
-510 -606957
-525 -606957
-540 -606957
-555 -606957
-570 -606957
-585 -606957
-600 -606957
-615 -606957
-630 -606957
-645 -606957
-660 -606957
-675 -606957
-690 -606957
-705 -606957
-720 -606957
-735 -606957
-750 -606957
-765 -606957
-780 -606957
-795 -606957
-810 -606957
-825 -606957
-840 -606957
-855 -606957
-870 -606957
-885 -606957
-900 -606957
-915 -606957
-930 -606957
-945 -606957
-960.001 -606957
-975.001 -606957
-990.001 -606957
-1005 -606957
-1020 -606957
-1035 -606957
-1050 -606957
-1065 -606957
-1080 -606957
-1095 -606957
-1110 -606957
-1125 -606957
-1140 -606957
-1155 -606957
-1170 -606957
-1185 -606957
-1200 -606957
-1215 -606957
-1230 -606957
-1245 -606957
-1260 -606957
-1275 -606957
-1290 -606957
-1305 -606957
-1320 -606957
-1335 -606957
-1350 -606957
-1365 -606957
-1380 -606957
-1395 -606957
-1410 -606957
-1425 -606957
-1440 -606957
-1455 -606957
-1470 -606957
-1485 -606957
-1500 -606957
