0 -2.10224e-06
0 4.59871e-05
0 -545917
-15 -545917
-30 -545917
-45 -545917
-60 -545917
-75 -545917
-90 -545917
-105 -545917
-120 -545917
-135 -545917
-150 -545917
-165 -545917
-180 -545917
-195 -545917
-210 -545917
-225 -545917
-240 -545917
-255 -545917
-270 -545917
-285 -545917
-300 -545917
-315 -545917
-330 -545917
-345 -545917
-360 -545917
-375 -545917
-390 -545917
-405 -545917
-420 -545917
-435 -545917
-450 -545917
-465 -545917
-480 -545917
-495 -545917
-510 -545917
-525 -545917
-540 -545917
-555 -545917
-570 -545917
-585 -545917
-600 -545917
-615 -545917
-630 -545917
-645 -545917
-660 -545917
-675 -545917
-690 -545917
-705 -545917
-720 -545917
-735 -545917
-750 -545917
-765 -545917
-780 -545917
-795 -545917
-810 -545917
-825 -545917
-840 -545917
-855 -545917
-870 -545917
-885 -545917
-900 -545917
-915 -545917
-930 -545917
-945 -545917
-960.001 -545917
-975.001 -545917
-990.001 -545917
-1005 -545917
-1020 -545917
-1035 -545917
-1050 -545917
-1065 -545917
-1080 -545917
-1095 -545917
-1110 -545917
-1125 -545917
-1140 -545917
-1155 -545917
-1170 -545917
-1185 -545917
-1200 -545917
-1215 -545917
-1230 -545917
-1245 -545917
-1260 -545917
-1275 -545917
-1290 -545917
-1305 -545917
-1320 -545917
-1335 -545917
-1350 -545917
-1365 -545917
-1380 -545917
-1395 -545917
-1410 -545917
-1425 -545917
-1440 -545917
-1455 -545917
-1470 -545917
-1485 -545917
-1500 -545917
