0 0
0 0.000233427
0 123050
-15 123050
-30 123050
-45 123050
-60 123050
-75 123050
-90 123050
-105 123050
-120 123050
-135 123050
-150 123050
-165 123050
-180 123050
-195 123050
-210 123050
-225 123050
-240 123050
-255 123050
-270 123050
-285 123050
-300 123050
-315 123050
-330 123050
-345 123050
-360 123050
-375 123050
-389.999 123050
-404.999 123050
-419.999 123050
-434.999 123050
-449.999 123050
-464.999 123050
-479.999 123050
-494.999 123050
-509.999 123050
-524.999 123050
-539.999 123050
-554.999 123050
-569.999 123050
-584.999 123050
-599.999 123050
-614.999 123050
-629.999 123050
-644.999 123050
-659.999 123050
-674.998 123050
-689.998 123050
-704.998 123050
-719.998 123050
-734.998 123050
-749.998 123050
-764.998 123050
-779.998 123050
-794.998 123050
-809.998 123050
-824.998 123050
-839.998 123050
-854.997 123050
-869.997 123050
-884.997 123050
-899.997 123050
-914.997 123050
-929.997 123050
-944.997 123050
-959.997 123050
-974.997 123050
-989.997 123050
-1005 123050
-1020 123050
-1035 123050
-1050 123050
-1065 123050
-1080 123050
-1095 123050
-1110 123050
-1125 123050
-1140 123050
-1155 123050
-1170 123050
-1185 123050
-1200 123050
-1214.99 123050
-1229.99 123050
-1244.99 123050
-1259.99 123050
-1274.99 123050
-1289.99 123050
-1304.99 123050
-1319.99 123050
-1334.99 123050
-1349.99 123050
-1364.99 123050
-1379.99 123050
-1394.99 123050
-1409.99 123050
-1424.99 123050
-1439.99 123050
-1454.99 123050
-1469.99 123050
-1484.99 123050
-1499.99 123050
