0 -2.61525e-06
0 -3.62778e-05
0 -498355
-15 -498355
-30 -498355
-45 -498355
-60 -498355
-75 -498355
-90 -498355
-105 -498355
-120 -498355
-135 -498355
-150 -498355
-165 -498355
-180 -498355
-195 -498355
-210 -498355
-225 -498355
-240 -498355
-255 -498355
-270 -498355
-285 -498355
-300 -498355
-315 -498355
-330 -498355
-345 -498355
-360 -498355
-375 -498355
-390 -498355
-405 -498355
-420 -498355
-435 -498355
-450 -498355
-465 -498355
-480 -498355
-495 -498355
-510 -498355
-525 -498355
-540 -498355
-555 -498355
-570 -498355
-585 -498355
-600 -498355
-615 -498355
-630 -498355
-645 -498355
-660 -498355
-675 -498355
-690 -498355
-705 -498355
-720 -498355
-735 -498355
-750 -498355
-765 -498355
-780 -498355
-795 -498355
-810 -498355
-825.001 -498355
-840.001 -498355
-855.001 -498355
-870.001 -498355
-885.001 -498355
-900.001 -498355
-915.001 -498355
-930.001 -498355
-945.001 -498355
-960.001 -498355
-975.001 -498355
-990.001 -498355
-1005 -498355
-1020 -498355
-1035 -498355
-1050 -498355
-1065 -498355
-1080 -498355
-1095 -498355
-1110 -498355
-1125 -498355
-1140 -498355
-1155 -498355
-1170 -498355
-1185 -498355
-1200 -498355
-1215 -498355
-1230 -498355
-1245 -498355
-1260 -498355
-1275 -498355
-1290 -498355
-1305 -498355
-1320 -498355
-1335 -498355
-1350 -498355
-1365 -498355
-1380 -498355
-1395 -498355
-1410 -498355
-1425 -498355
-1440 -498355
-1455 -498355
-1470 -498355
-1485 -498355
-1500 -498355
