0 -9.52277e-08
0 -1.11064e+08
0 -1.11065e+08
2.51001e+08 0
2.51001e+08 0
2.51001e+08 0
2.51001e+08 0
2.51001e+08 0
2.51001e+08 0
2.51001e+08 0
2.51001e+08 0
2.51001e+08 0
2.51001e+08 0
2.51001e+08 0
2.51001e+08 0
2.51001e+08 0
2.51001e+08 0
2.51001e+08 0
2.51001e+08 0
2.51001e+08 0
2.51001e+08 0
2.51001e+08 0
2.51001e+08 0
2.51001e+08 0
2.51001e+08 0
2.51001e+08 0
2.51001e+08 0
2.51001e+08 0
2.51001e+08 0
2.51001e+08 0
2.51001e+08 0
2.51001e+08 0
2.51001e+08 0
2.51001e+08 0
2.51001e+08 0
2.51001e+08 0
2.51001e+08 0
2.51001e+08 0
2.51001e+08 0
2.51001e+08 0
2.51001e+08 0
2.51001e+08 0
2.51001e+08 0
2.51001e+08 0
2.51001e+08 0
2.51001e+08 0
2.51001e+08 0
2.51001e+08 0
2.51001e+08 0
2.51001e+08 0
2.51001e+08 0
2.51001e+08 0
2.51001e+08 0
2.51001e+08 0
2.51001e+08 0
2.51001e+08 0
2.51001e+08 0
2.51001e+08 0
2.51001e+08 0
2.51001e+08 0
2.51001e+08 0
2.51001e+08 0
2.51001e+08 0
2.51001e+08 0
2.51001e+08 0
2.51001e+08 0
2.51001e+08 0
2.51001e+08 0
2.51001e+08 0
2.51001e+08 0
2.51001e+08 0
2.51001e+08 0
2.51001e+08 0
2.51001e+08 0
2.51001e+08 0
2.51001e+08 0
2.51001e+08 0
2.51001e+08 0
2.51001e+08 0
2.51001e+08 0
2.51001e+08 0
2.51001e+08 0
2.51001e+08 0
2.51001e+08 0
2.51001e+08 0
2.51001e+08 0
2.51001e+08 0
2.51001e+08 0
2.51001e+08 0
2.51001e+08 0
2.51001e+08 0
2.51001e+08 0
2.51001e+08 0
2.51001e+08 0
2.51001e+08 0
2.51001e+08 0
2.51001e+08 0
2.51001e+08 0
2.51001e+08 0
2.51001e+08 0
2.51001e+08 0
2.51001e+08 0
2.51001e+08 0
