0 -6.64724e-07
0 -5.70058e-06
0 -3.68827e-06
-5.03999e+07 -1.36883e-05
-6.71221e+07 -2.36883e-05
-8.25542e+07 -3.36883e-05
-9.2081e+07 -4.36883e-05
-9.87829e+07 -5.36883e-05
-1.0375e+08 -6.36883e-05
-1.07756e+08 -7.36883e-05
-1.11033e+08 -8.36883e-05
-1.13762e+08 -9.36883e-05
-1.16028e+08 -0.000103688
-1.1795e+08 -0.000113688
-1.19564e+08 -0.000123688
-1.20945e+08 -0.000133688
-1.22093e+08 -0.000143688
-1.23089e+08 -0.000153688
-1.23941e+08 -0.000163688
-1.24668e+08 -0.000173688
-1.25288e+08 -0.000183688
-1.25822e+08 -0.000193688
-1.26291e+08 -0.000203688
-1.26678e+08 -0.000213688
-1.27015e+08 -0.000223688
-1.2731e+08 -0.000233688
-1.10438e+08 -0.000243688
-1.10804e+08 -0.000253688
-1.11147e+08 -0.000263688
-1.11412e+08 -0.000273688
-1.11616e+08 -0.000283688
-1.11783e+08 -0.000293688
-1.11917e+08 -0.000303688
-1.1203e+08 -0.000313688
-1.12131e+08 -0.000323688
-1.12216e+08 -0.000333688
-1.12283e+08 -0.000343688
-1.12337e+08 -0.000353688
-1.12376e+08 -0.000363688
-1.12401e+08 -0.000373688
-1.12419e+08 -0.000383688
-1.28695e+07 -0.000393688
-1.29572e+07 -0.000403688
-1.30458e+07 -0.000413688
-1.3133e+07 -0.000423688
-1.32065e+07 -0.000433688
-1.32732e+07 -0.000443688
-1.33366e+07 -0.000453688
-1.33973e+07 -0.000463688
-1.34558e+07 -0.000473688
-1.35123e+07 -0.000483688
-1.35669e+07 -0.000493688
-1.3613e+07 -0.000503688
-1.36544e+07 -0.000513688
-1.36903e+07 -0.000523688
-1.37241e+07 -0.000533688
-1.37435e+07 -0.000543688
-1.37529e+07 -0.000553688
-1.37569e+07 -0.000563688
-1.37583e+07 -0.000573688
-1.3759e+07 -0.000583688
-1.37582e+07 -0.000593688
-1.3757e+07 -0.000603688
-1.37553e+07 -0.000613688
-1.37501e+07 -0.000623688
-1.37402e+07 -0.000633688
-1.37283e+07 -0.000643688
-1.37153e+07 -0.000653688
-1.37015e+07 -0.000663688
-1.36877e+07 -0.000673688
-1.36739e+07 -0.000683688
-1.36602e+07 -0.000693688
-1.36467e+07 -0.000703688
-1.36331e+07 -0.000713688
-1.36172e+07 -0.000723688
-1.36004e+07 -0.000733688
-1.35829e+07 -0.000743688
-1.3565e+07 -0.000753688
-1.35466e+07 -0.000763688
-1.35282e+07 -0.000773688
-1.351e+07 -0.000783688
-1.34918e+07 -0.000793688
-1.34729e+07 -0.000803688
-1.34514e+07 -0.000813688
-1.34284e+07 -0.000823688
-1.34043e+07 -0.000833688
-1.33793e+07 -0.000843688
-1.33544e+07 -0.000853688
-1.33295e+07 -0.000863688
-1.33047e+07 -0.000873688
-1.328e+07 -0.000883688
-1.32554e+07 -0.000893688
-1.32309e+07 -0.000903688
-1.32065e+07 -0.000913688
-1.31821e+07 -0.000923688
-1.31578e+07 -0.000933688
-1.31335e+07 -0.000943688
-1.31087e+07 -0.000953688
-1.30833e+07 -0.000963688
-1.30572e+07 -0.000973688
-1.30301e+07 -0.000983688
-1.30021e+07 -0.000993688
5.13882e+07 -0.00100369
