0 -1.24482e-06
0 6.01775e-05
0 -647732
-15 -647732
-30 -647732
-45 -647732
-60 -647732
-75 -647732
-90 -647732
-105 -647732
-120 -647732
-135 -647732
-150 -647732
-165 -647732
-180 -647732
-195 -647732
-210 -647732
-225 -647732
-240 -647732
-255 -647732
-270 -647732
-285 -647732
-300 -647732
-315 -647732
-330 -647732
-345 -647732
-360 -647732
-375 -647732
-390 -647732
-405 -647732
-420 -647732
-435 -647732
-450 -647732
-465 -647732
-480 -647732
-495 -647732
-510 -647732
-525 -647732
-540 -647732
-555 -647732
-570 -647732
-585 -647732
-600 -647732
-615 -647732
-630 -647732
-645 -647732
-660 -647732
-675 -647732
-690 -647732
-705 -647732
-720 -647732
-735 -647732
-750 -647732
-765 -647732
-780 -647732
-795 -647732
-810 -647732
-825 -647732
-840 -647732
-855 -647732
-870 -647732
-885 -647732
-900 -647732
-915 -647732
-930 -647732
-945 -647732
-960.001 -647732
-975.001 -647732
-990.001 -647732
-1005 -647732
-1020 -647732
-1035 -647732
-1050 -647732
-1065 -647732
-1080 -647732
-1095 -647732
-1110 -647732
-1125 -647732
-1140 -647732
-1155 -647732
-1170 -647732
-1185 -647732
-1200 -647732
-1215 -647732
-1230 -647732
-1245 -647732
-1260 -647732
-1275 -647732
-1290 -647732
-1305 -647732
-1320 -647732
-1335 -647732
-1350 -647732
-1365 -647732
-1380 -647732
-1395 -647732
-1410 -647732
-1425 -647732
-1440 -647732
-1455 -647732
-1470 -647732
-1485 -647732
-1500 -647732
