0 -1.70711e-06
0 3.21958e+07
0 3.21958e+07
-1.74154e+08 2.0635e+08
-2.49544e+08 2.8174e+08
-2.33605e+08 2.65801e+08
-1.76204e+08 2.084e+08
-6.72558e+07 9.94516e+07
1.22634e+08 -7.29094e+07
9.67605e+08 0
9.67605e+08 0
9.67605e+08 0
9.67605e+08 0
9.67605e+08 0
9.67605e+08 0
9.67605e+08 0
9.67605e+08 0
9.67605e+08 0
9.67605e+08 0
9.67605e+08 0
9.67605e+08 0
9.67605e+08 0
9.67605e+08 0
9.67605e+08 0
9.67605e+08 0
9.67605e+08 0
9.67605e+08 0
9.67605e+08 0
9.67605e+08 0
9.67605e+08 0
9.67605e+08 0
9.67605e+08 0
9.67605e+08 0
9.67605e+08 0
9.67605e+08 0
9.67605e+08 0
9.67605e+08 0
9.67605e+08 0
9.67605e+08 0
9.67605e+08 0
9.67605e+08 0
9.67605e+08 0
9.67605e+08 0
9.67605e+08 0
9.67605e+08 0
9.67605e+08 0
9.67605e+08 0
9.67605e+08 0
9.67605e+08 0
9.67605e+08 0
9.67605e+08 0
9.67605e+08 0
9.67605e+08 0
9.67605e+08 0
9.67605e+08 0
9.67605e+08 0
9.67605e+08 0
9.67605e+08 0
9.67605e+08 0
9.67605e+08 0
9.67605e+08 0
9.67605e+08 0
9.67605e+08 0
9.67605e+08 0
9.67605e+08 0
9.67605e+08 0
9.67605e+08 0
9.67605e+08 0
9.67605e+08 0
9.67605e+08 0
9.67605e+08 0
9.67605e+08 0
9.67605e+08 0
9.67605e+08 0
9.67605e+08 0
9.67605e+08 0
9.67605e+08 0
9.67605e+08 0
9.67605e+08 0
9.67605e+08 0
9.67605e+08 0
9.67605e+08 0
9.67605e+08 0
9.67605e+08 0
9.67605e+08 0
9.67605e+08 0
9.67605e+08 0
9.67605e+08 0
9.67605e+08 0
9.67605e+08 0
9.67605e+08 0
9.67605e+08 0
9.67605e+08 0
9.67605e+08 0
9.67605e+08 0
9.67605e+08 0
9.67605e+08 0
9.67605e+08 0
9.67605e+08 0
9.67605e+08 0
9.67605e+08 0
9.67605e+08 0
9.67605e+08 0
