0 -2.7321e-06
0 -5.4595e-06
0 -1.79263e-06
-1.03792e+08 -1.17926e-05
-1.27916e+08 -2.17926e-05
-1.45434e+08 -3.17926e-05
-1.60599e+08 -4.17926e-05
-1.70168e+08 -5.17926e-05
-1.77678e+08 -6.17926e-05
-1.83193e+08 -7.17926e-05
-1.87391e+08 -8.17926e-05
-1.90608e+08 -9.17926e-05
-1.93135e+08 -0.000101793
-1.95082e+08 -0.000111793
-1.9659e+08 -0.000121793
-1.9769e+08 -0.000131793
-1.98448e+08 -0.000141793
-1.99312e+08 -0.000151793
-1.99662e+08 -0.000161793
-1.99812e+08 -0.000171793
-1.99777e+08 -0.000181793
-1.99559e+08 -0.000191793
-1.99194e+08 -0.000201793
-1.98635e+08 -0.000211793
-1.9793e+08 -0.000221793
-1.97004e+08 -0.000231793
-1.95861e+08 -0.000241793
-1.9443e+08 -0.000251793
-1.92659e+08 -0.000261793
-1.90362e+08 -0.000271793
-1.87361e+08 -0.000281793
-1.83188e+08 -0.000291793
-1.76699e+08 -0.000301793
-1.66871e+08 -0.000311793
-1.57385e+08 -0.000321793
-1.48936e+08 -0.000331793
-1.41362e+08 -0.000341793
-1.34607e+08 -0.000351793
-1.28348e+08 -0.000361793
-1.22685e+08 -0.000371793
-1.17233e+08 -0.000381793
-1.11676e+08 -0.000391793
-1.07871e+08 -0.000401793
-1.03188e+08 -0.000411793
-9.8658e+07 -0.000421793
-9.41965e+07 -0.000431793
-8.9902e+07 -0.000441793
-8.59302e+07 -0.000451793
-8.23019e+07 -0.000461793
-7.86849e+07 -0.000471793
-7.5511e+07 -0.000481793
-7.24687e+07 -0.000491793
-6.93949e+07 -0.000501793
-6.69272e+07 -0.000511793
-6.42325e+07 -0.000521793
7.08291e+06 -0.000531793
4.6391e+06 -0.000541793
2.80809e+06 -0.000551793
1.73078e+06 -0.000561793
1.40556e+06 -0.000571793
2.62023e+06 -0.000581793
4.03978e+06 -0.000591793
5.63017e+06 -0.000601793
7.20333e+06 -0.000611793
8.50055e+06 -0.000621793
9.73907e+06 -0.000631793
1.11552e+07 -0.000641793
1.23164e+07 -0.000651793
1.33321e+07 -0.000661793
1.44051e+07 -0.000671793
1.54812e+07 -0.000681793
1.65076e+07 -0.000691793
2.9215e+07 -0.000701793
3.01471e+07 -0.000711793
3.117e+07 -0.000721793
3.19421e+07 -0.000731793
3.26475e+07 -0.000741793
3.34782e+07 -0.000751793
3.42541e+07 -0.000761793
3.50987e+07 -0.000771793
3.56097e+07 -0.000781793
3.62131e+07 -0.000791793
3.68742e+07 -0.000801793
3.75944e+07 -0.000811793
3.82004e+07 -0.000821793
3.86105e+07 -0.000831793
3.9196e+07 -0.000841793
3.96964e+07 -0.000851793
4.0225e+07 -0.000861793
4.07592e+07 -0.000871793
4.12252e+07 -0.000881793
4.1633e+07 -0.000891793
4.2009e+07 -0.000901793
4.24265e+07 -0.000911793
4.28843e+07 -0.000921793
4.32964e+07 -0.000931793
4.37138e+07 -0.000941793
4.40152e+07 -0.000951793
4.43558e+07 -0.000961793
4.47149e+07 -0.000971793
4.5037e+07 -0.000981793
4.52993e+07 -0.000991793
4.56041e+07 -0.00100179
