0 -2.61525e-06
0 -3.62778e-05
0 -301488
-15 -301488
-30 -301488
-45 -301488
-60 -301488
-75 -301488
-90 -301488
-105 -301488
-120 -301488
-135 -301488
-150 -301488
-165 -301488
-180 -301488
-195 -301488
-210 -301488
-225 -301488
-240 -301488
-255 -301488
-270 -301488
-285 -301488
-300 -301488
-315 -301488
-330 -301488
-345 -301488
-360 -301488
-375 -301488
-390 -301488
-405 -301488
-420 -301488
-435 -301488
-450 -301488
-465 -301488
-480 -301488
-495 -301488
-510 -301488
-525 -301488
-540 -301488
-555 -301488
-570 -301488
-585 -301488
-600 -301488
-615 -301488
-630 -301488
-645 -301488
-660 -301488
-675 -301488
-690 -301488
-705.001 -301488
-720.001 -301488
-735.001 -301488
-750.001 -301488
-765.001 -301488
-780.001 -301488
-795.001 -301488
-810.001 -301488
-825.001 -301488
-840.001 -301488
-855.001 -301488
-870.001 -301488
-885.001 -301488
-900.001 -301488
-915.001 -301488
-930.001 -301488
-945.001 -301488
-960.001 -301488
-975.001 -301488
-990.001 -301488
-1005 -301488
-1020 -301488
-1035 -301488
-1050 -301488
-1065 -301488
-1080 -301488
-1095 -301488
-1110 -301488
-1125 -301488
-1140 -301488
-1155 -301488
-1170 -301488
-1185 -301488
-1200 -301488
-1215 -301488
-1230 -301488
-1245 -301488
-1260 -301488
-1275 -301488
-1290 -301488
-1305 -301488
-1320 -301488
-1335 -301488
-1350 -301488
-1365 -301488
-1380 -301488
-1395 -301488
-1410 -301488
-1425 -301488
-1440 -301488
-1455 -301488
-1470 -301488
-1485 -301488
-1500 -301488
