0 -1.67452e-06
0 -1.43349e+08
0 -1.43349e+08
4.92323e+08 0
4.92323e+08 0
4.92323e+08 0
4.92323e+08 0
4.92323e+08 0
4.92323e+08 0
4.92323e+08 0
4.92323e+08 0
4.92323e+08 0
4.92323e+08 0
4.92323e+08 0
4.92323e+08 0
4.92323e+08 0
4.92323e+08 0
4.92323e+08 0
4.92323e+08 0
4.92323e+08 0
4.92323e+08 0
4.92323e+08 0
4.92323e+08 0
4.92323e+08 0
4.92323e+08 0
4.92323e+08 0
4.92323e+08 0
4.92323e+08 0
4.92323e+08 0
4.92323e+08 0
4.92323e+08 0
4.92323e+08 0
4.92323e+08 0
4.92323e+08 0
4.92323e+08 0
4.92323e+08 0
4.92323e+08 0
4.92323e+08 0
4.92323e+08 0
4.92323e+08 0
4.92323e+08 0
4.92323e+08 0
4.92323e+08 0
4.92323e+08 0
4.92323e+08 0
4.92323e+08 0
4.92323e+08 0
4.92323e+08 0
4.92323e+08 0
4.92323e+08 0
4.92323e+08 0
4.92323e+08 0
4.92323e+08 0
4.92323e+08 0
4.92323e+08 0
4.92323e+08 0
4.92323e+08 0
4.92323e+08 0
4.92323e+08 0
4.92323e+08 0
4.92323e+08 0
4.92323e+08 0
4.92323e+08 0
4.92323e+08 0
4.92323e+08 0
4.92323e+08 0
4.92323e+08 0
4.92323e+08 0
4.92323e+08 0
4.92323e+08 0
4.92323e+08 0
4.92323e+08 0
4.92323e+08 0
4.92323e+08 0
4.92323e+08 0
4.92323e+08 0
4.92323e+08 0
4.92323e+08 0
4.92323e+08 0
4.92323e+08 0
4.92323e+08 0
4.92323e+08 0
4.92323e+08 0
4.92323e+08 0
4.92323e+08 0
4.92323e+08 0
4.92323e+08 0
4.92323e+08 0
4.92323e+08 0
4.92323e+08 0
4.92323e+08 0
4.92323e+08 0
4.92323e+08 0
4.92323e+08 0
4.92323e+08 0
4.92323e+08 0
4.92323e+08 0
4.92323e+08 0
4.92323e+08 0
4.92323e+08 0
4.92323e+08 0
4.92323e+08 0
4.92323e+08 0
