0 5.7742e-08
0 1.29537e+08
0 9.39022e+07
-18.264 8.31745e+07
-50.6015 5.4298e+07
-98.8606 1.72175e+07
-164.259 -2.32433e+07
-248.157 -6.69846e+07
-352.37 -1.14995e+08
-479.252 -1.68599e+08
-734.887 0
-923.119 0
-1111.35 0
-1299.58 0
-1487.81 0
-1676.05 0
-1864.28 0
-2052.51 0
-2240.74 0
-2428.97 0
-2617.21 0
-2805.44 0
-2993.67 0
-3181.9 0
-3370.13 0
-3558.37 0
-3746.6 0
-3934.83 0
-4123.06 0
-4311.3 0
-4499.53 0
-4687.76 0
-4875.99 0
-5064.23 0
-5252.46 0
-5440.69 0
-5628.92 0
-5817.16 0
-6005.39 0
-6193.62 0
-6381.85 0
-6570.09 0
-6758.32 0
-6946.55 0
-7134.78 0
-7323.02 0
-7511.25 0
-7699.48 0
-7887.72 0
-8075.95 0
-8264.18 0
-8452.41 0
-8640.65 0
-8828.88 0
-9017.11 0
-9205.35 0
-9393.58 0
-9581.81 0
-9770.05 0
-9958.28 0
-10146.5 0
-10334.7 0
-10523 0
-10711.2 0
-10899.4 0
-11087.7 0
-11275.9 0
-11464.1 0
-11652.4 0
-11840.6 0
-12028.8 0
-12217.1 0
-12405.3 0
-12593.5 0
-12781.8 0
-12970 0
-13158.2 0
-13346.5 0
-13534.7 0
-13723 0
-13911.2 0
-14099.4 0
-14287.7 0
-14475.9 0
-14664.1 0
-14852.4 0
-15040.6 0
-15228.8 0
-15417.1 0
-15605.3 0
-15793.5 0
-15981.8 0
-16170 0
-16358.2 0
-16546.5 0
-16734.7 0
-16922.9 0
-17111.2 0
-17299.4 0
-17487.6 0
-17675.9 0
-17864.1 0
-18052.3 0
