0 -3.99612e-06
0 1.74764e-05
0 33842.7
-15 33842.7
-30 33842.7
-45 33842.7
-60 33842.7
-75 33842.7
-90 33842.7
-105 33842.7
-120 33842.7
-135 33842.7
-150 33842.7
-165 33842.7
-180 33842.7
-195 33842.7
-210 33842.7
-225 33842.7
-240 33842.7
-255 33842.7
-270 33842.7
-285 33842.7
-300 33842.7
-315 33842.7
-330 33842.7
-345 33842.7
-360 33842.7
-375 33842.7
-390 33842.7
-404.999 33842.7
-419.999 33842.7
-434.999 33842.7
-449.999 33842.7
-464.999 33842.7
-479.999 33842.7
-494.999 33842.7
-509.999 33842.7
-524.999 33842.7
-539.999 33842.7
-554.999 33842.7
-569.999 33842.7
-584.999 33842.7
-599.999 33842.7
-614.999 33842.7
-629.999 33842.7
-644.999 33842.7
-659.999 33842.7
-674.999 33842.7
-689.999 33842.7
-704.998 33842.7
-719.998 33842.7
-734.998 33842.7
-749.998 33842.7
-764.998 33842.7
-779.998 33842.7
-794.998 33842.7
-809.998 33842.7
-824.998 33842.7
-839.998 33842.7
-854.998 33842.7
-869.998 33842.7
-884.998 33842.7
-899.998 33842.7
-914.997 33842.7
-929.997 33842.7
-944.997 33842.7
-959.997 33842.7
-974.997 33842.7
-989.997 33842.7
-1005 33842.7
-1020 33842.7
-1035 33842.7
-1050 33842.7
-1065 33842.7
-1080 33842.7
-1095 33842.7
-1110 33842.7
-1125 33842.7
-1140 33842.7
-1155 33842.7
-1170 33842.7
-1185 33842.7
-1200 33842.7
-1215 33842.7
-1230 33842.7
-1245 33842.7
-1260 33842.7
-1275 33842.7
-1289.99 33842.7
-1304.99 33842.7
-1319.99 33842.7
-1334.99 33842.7
-1349.99 33842.7
-1364.99 33842.7
-1379.99 33842.7
-1394.99 33842.7
-1409.99 33842.7
-1424.99 33842.7
-1439.99 33842.7
-1454.99 33842.7
-1469.99 33842.7
-1484.99 33842.7
-1499.99 33842.7
