0 -2.03718e-06
0 -9.48708e-06
0 -412134
-15 -412134
-30 -412134
-45 -412134
-60 -412134
-75 -412134
-90 -412134
-105 -412134
-120 -412134
-135 -412134
-150 -412134
-165 -412134
-180 -412134
-195 -412134
-210 -412134
-225 -412134
-240 -412134
-255 -412134
-270 -412134
-285 -412134
-300 -412134
-315 -412134
-330 -412134
-345 -412134
-360 -412134
-375 -412134
-390 -412134
-405 -412134
-420 -412134
-435 -412134
-450 -412134
-465 -412134
-480 -412134
-495 -412134
-510 -412134
-525 -412134
-540 -412134
-555 -412134
-570 -412134
-585 -412134
-600 -412134
-615 -412134
-630 -412134
-645 -412134
-660 -412134
-675 -412134
-690 -412134
-705 -412134
-720 -412134
-735 -412134
-750 -412134
-765 -412134
-780 -412134
-795 -412134
-810 -412134
-825 -412134
-840 -412134
-855 -412134
-870 -412134
-885 -412134
-900 -412134
-915 -412134
-930 -412134
-945 -412134
-960 -412134
-975 -412134
-990 -412134
-1005 -412134
-1020 -412134
-1035 -412134
-1050 -412134
-1065 -412134
-1080 -412134
-1095 -412134
-1110 -412134
-1125 -412134
-1140 -412134
-1155 -412134
-1170 -412134
-1185 -412134
-1200 -412134
-1215 -412134
-1230 -412134
-1245 -412134
-1260 -412134
-1275 -412134
-1290 -412134
-1305 -412134
-1320 -412134
-1335 -412134
-1350 -412134
-1365 -412134
-1380 -412134
-1395 -412134
-1410 -412134
-1425 -412134
-1440 -412134
-1455 -412134
-1470 -412134
-1485 -412134
-1500 -412134
