0 -4.0108e-06
0 -9.27205e-06
0 -0.000328715
2.79473e+06 -0.000338715
6.23546e+06 -0.000348715
4.59676e+07 -0.000358715
5.64879e+07 -0.000368715
6.78551e+07 -0.000378715
7.88445e+07 -0.000388715
8.95358e+07 -0.000398715
9.96247e+07 -0.000408715
1.09359e+08 -0.000418715
1.17884e+08 -0.000428715
1.26474e+08 -0.000438715
1.78362e+08 -0.000448715
1.78362e+08 -0.000458715
1.78362e+08 -0.000468715
1.78362e+08 -0.000478715
1.78362e+08 -0.000488715
1.78362e+08 -0.000498715
1.78362e+08 -0.000508715
1.78362e+08 -0.000518715
1.78362e+08 -0.000528715
1.78362e+08 -0.000538715
1.78362e+08 -0.000548715
1.78362e+08 -0.000558715
1.78362e+08 -0.000568715
1.78362e+08 -0.000578715
1.78362e+08 -0.000588715
1.78362e+08 -0.000598715
1.78362e+08 -0.000608715
1.78362e+08 -0.000618715
1.78362e+08 -0.000628715
1.78362e+08 -0.000638715
1.78362e+08 -0.000648715
1.78362e+08 -0.000658715
1.78362e+08 -0.000668715
1.78362e+08 -0.000678715
1.78362e+08 -0.000688715
1.78362e+08 -0.000698715
1.78362e+08 -0.000708715
1.78362e+08 -0.000718715
1.78362e+08 -0.000728715
1.78362e+08 -0.000738715
1.78362e+08 -0.000748715
1.78362e+08 -0.000758715
1.78362e+08 -0.000768715
1.78362e+08 -0.000778715
1.78362e+08 -0.000788715
1.78362e+08 -0.000798715
1.78362e+08 -0.000808715
1.78362e+08 -0.000818715
1.78362e+08 -0.000828715
1.78362e+08 -0.000838715
1.78362e+08 -0.000848715
1.78362e+08 -0.000858715
1.78362e+08 -0.000868715
1.78362e+08 -0.000878715
1.78362e+08 -0.000888715
1.78362e+08 -0.000898715
1.78362e+08 -0.000908715
1.78362e+08 -0.000918715
1.78362e+08 -0.000928715
1.78362e+08 -0.000938715
1.78362e+08 -0.000948715
1.78362e+08 -0.000958715
1.78362e+08 -0.000968715
1.78362e+08 -0.000978715
1.78362e+08 -0.000988715
1.78362e+08 -0.000998715
1.78362e+08 -0.00100872
1.78362e+08 -0.00101872
1.78362e+08 -0.00102872
1.78362e+08 -0.00103872
1.78362e+08 -0.00104872
1.78362e+08 -0.00105872
1.78362e+08 -0.00106872
1.78362e+08 -0.00107872
1.78362e+08 -0.00108872
1.78362e+08 -0.00109872
1.78362e+08 -0.00110872
1.78362e+08 -0.00111872
1.78362e+08 -0.00112872
1.78362e+08 -0.00113872
1.78362e+08 -0.00114872
1.78362e+08 -0.00115872
1.78362e+08 -0.00116872
1.78362e+08 -0.00117872
1.78362e+08 -0.00118872
1.78362e+08 -0.00119872
1.78362e+08 -0.00120872
1.78362e+08 -0.00121872
1.78362e+08 -0.00122872
1.78362e+08 -0.00123872
1.78362e+08 -0.00124872
1.78362e+08 -0.00125872
1.78362e+08 -0.00126872
1.78362e+08 -0.00127872
1.78362e+08 -0.00128872
1.78362e+08 -0.00129872
1.78362e+08 -0.00130872
1.78362e+08 -0.00131872
1.78362e+08 -0.00132872
