0 -8.44011e-08
0 -3.05635e+07
0 -1.88082e+07
-19.3997 -1.58566e+07
-35.5458 -1.78674e+07
-49.6754 -1.92717e+07
-63.2791 -1.98926e+07
-76.5332 -2.0155e+07
-89.5416 -2.03543e+07
-102.326 -2.05322e+07
-114.897 -2.06999e+07
-127.268 -2.08577e+07
-139.453 -2.10037e+07
-151.47 -2.11366e+07
-163.336 -2.12557e+07
-175.069 -2.13613e+07
-186.684 -2.14539e+07
-203.866 -1.70919e+07
-220.966 -1.71578e+07
-237.995 -1.72138e+07
-254.964 -1.7261e+07
-271.885 -1.73001e+07
-288.765 -1.73322e+07
-305.612 -1.7358e+07
-322.434 -1.73784e+07
-339.237 -1.7394e+07
-356.025 -1.74055e+07
-372.804 -1.74135e+07
-389.576 -1.74184e+07
-406.345 -1.74208e+07
-423.115 -1.7421e+07
-439.886 -1.74195e+07
-456.662 -1.74164e+07
-473.443 -1.74122e+07
-490.231 -1.74069e+07
-507.026 -1.7401e+07
-523.83 -1.73944e+07
-540.643 -1.73874e+07
-557.465 -1.73801e+07
-574.297 -1.73727e+07
-591.138 -1.73651e+07
-607.989 -1.73574e+07
-624.85 -1.73498e+07
-641.721 -1.73422e+07
-658.601 -1.73347e+07
-675.49 -1.73274e+07
-692.389 -1.73201e+07
-709.296 -1.73131e+07
-726.212 -1.73061e+07
-743.137 -1.72994e+07
-760.071 -1.72928e+07
-777.012 -1.72864e+07
-793.961 -1.72802e+07
-810.918 -1.72741e+07
-827.883 -1.72681e+07
-844.855 -1.72623e+07
-861.834 -1.72567e+07
-878.82 -1.72512e+07
-895.813 -1.72458e+07
-912.813 -1.72405e+07
-929.819 -1.72354e+07
-946.832 -1.72303e+07
-963.851 -1.72254e+07
-980.876 -1.72205e+07
-997.907 -1.72158e+07
-1030.69 -4.87142e+06
-1063.48 -4.86693e+06
-1096.27 -4.86254e+06
-1129.07 -4.85824e+06
-1161.88 -4.85404e+06
-1194.69 -4.84993e+06
-1227.5 -4.84591e+06
-1260.32 -4.84197e+06
-1293.15 -4.83811e+06
-1325.98 -4.83432e+06
-1358.81 -4.83062e+06
-1391.65 -4.82698e+06
-1424.49 -4.82342e+06
-1457.34 -4.81992e+06
-1490.19 -4.81649e+06
-1523.05 -4.81312e+06
-1555.91 -4.80981e+06
-1588.77 -4.80656e+06
-1621.64 -4.80337e+06
-1654.51 -4.80024e+06
-1687.39 -4.79716e+06
-1720.27 -4.79414e+06
-1753.15 -4.79116e+06
-1786.04 -4.78823e+06
-1818.93 -4.78536e+06
-1851.83 -4.78253e+06
-1884.73 -4.77974e+06
-1917.63 -4.777e+06
-1950.53 -4.7743e+06
-1983.44 -4.77165e+06
-2016.35 -4.76903e+06
-2049.27 -4.76646e+06
-2082.19 -4.76392e+06
-2115.11 -4.76143e+06
-2148.03 -4.75896e+06
-2180.96 -4.75654e+06
-2213.89 -4.75415e+06
-2246.83 -4.75179e+06
