0 -2.12639e-06
0 -1.16318e-05
0 -5.83023e-06
-1.39196e+08 -1.58302e-05
-1.8272e+08 -2.58302e-05
-2.07219e+08 -3.58302e-05
-2.22209e+08 -4.58302e-05
-2.30417e+08 -5.58302e-05
-2.33767e+08 -6.58302e-05
-2.34646e+08 -7.58302e-05
-2.34292e+08 -8.58302e-05
-2.32844e+08 -9.58302e-05
-1.93922e+08 -0.00010583
-1.912e+08 -0.00011583
-1.87427e+08 -0.00012583
-1.8242e+08 -0.00013583
-1.75776e+08 -0.00014583
-1.66799e+08 -0.00015583
-1.53742e+08 -0.00016583
-1.33315e+08 -0.00017583
-9.25542e+07 -0.00018583
-4.81982e+07 -0.00019583
-7.45789e+06 -0.00020583
3.2486e+07 -0.00021583
7.4804e+07 -0.00022583
1.2097e+08 -0.00023583
1.63564e+08 -0.00024583
2.69965e+08 -0.00025583
3.80016e+08 -0.00026583
3.80016e+08 -0.00027583
3.80016e+08 -0.00028583
3.80016e+08 -0.00029583
3.80016e+08 -0.00030583
3.80016e+08 -0.00031583
3.80016e+08 -0.00032583
3.80016e+08 -0.00033583
3.80016e+08 -0.00034583
3.80016e+08 -0.00035583
3.80016e+08 -0.00036583
3.80016e+08 -0.00037583
3.80016e+08 -0.00038583
3.80016e+08 -0.00039583
3.80016e+08 -0.00040583
3.80016e+08 -0.00041583
3.80016e+08 -0.00042583
3.80016e+08 -0.00043583
3.80016e+08 -0.00044583
3.80016e+08 -0.00045583
3.80016e+08 -0.00046583
3.80016e+08 -0.00047583
3.80016e+08 -0.00048583
3.80016e+08 -0.00049583
3.80016e+08 -0.00050583
3.80016e+08 -0.00051583
3.80016e+08 -0.00052583
3.80016e+08 -0.00053583
3.80016e+08 -0.00054583
3.80016e+08 -0.00055583
3.80016e+08 -0.00056583
3.80016e+08 -0.00057583
3.80016e+08 -0.00058583
3.80016e+08 -0.00059583
3.80016e+08 -0.00060583
3.80016e+08 -0.00061583
3.80016e+08 -0.00062583
3.80016e+08 -0.00063583
3.80016e+08 -0.00064583
3.80016e+08 -0.00065583
3.80016e+08 -0.00066583
3.80016e+08 -0.00067583
3.80016e+08 -0.00068583
3.80016e+08 -0.00069583
3.80016e+08 -0.00070583
3.80016e+08 -0.00071583
3.80016e+08 -0.00072583
3.80016e+08 -0.00073583
3.80016e+08 -0.00074583
3.80016e+08 -0.00075583
3.80016e+08 -0.00076583
3.80016e+08 -0.00077583
3.80016e+08 -0.00078583
3.80016e+08 -0.00079583
3.80016e+08 -0.00080583
3.80016e+08 -0.00081583
3.80016e+08 -0.00082583
3.80016e+08 -0.00083583
3.80016e+08 -0.00084583
3.80016e+08 -0.00085583
3.80016e+08 -0.00086583
3.80016e+08 -0.00087583
3.80016e+08 -0.00088583
3.80016e+08 -0.00089583
3.80016e+08 -0.00090583
3.80016e+08 -0.00091583
3.80016e+08 -0.00092583
3.80016e+08 -0.00093583
3.80016e+08 -0.00094583
3.80016e+08 -0.00095583
3.80016e+08 -0.00096583
3.80016e+08 -0.00097583
3.80016e+08 -0.00098583
3.80016e+08 -0.00099583
3.80016e+08 -0.00100583
