0 -2.23185e-06
0 -7.97266e-06
0 -4.34882e-06
-1.61087e+08 -1.43488e-05
-2.27007e+08 -2.43488e-05
-2.56296e+08 -3.43488e-05
-2.74286e+08 -4.43488e-05
-2.85286e+08 -5.43488e-05
-2.9106e+08 -6.43488e-05
-2.92694e+08 -7.43488e-05
-2.90903e+08 -8.43488e-05
-2.87254e+08 -9.43488e-05
-2.81051e+08 -0.000104349
-2.72744e+08 -0.000114349
-2.61223e+08 -0.000124349
-2.45384e+08 -0.000134349
-2.23188e+08 -0.000144349
-1.90891e+08 -0.000154349
-1.50665e+08 -0.000164349
-1.03111e+08 -0.000174349
-4.45827e+07 -0.000184349
1.0622e+07 -0.000194349
8.30523e+07 -0.000204349
1.69192e+08 -0.000214349
2.5477e+08 -0.000224349
2.51555e+08 -0.000234349
4.24392e+08 -0.000244349
4.24392e+08 -0.000254349
4.24392e+08 -0.000264349
4.24392e+08 -0.000274349
4.24392e+08 -0.000284349
4.24392e+08 -0.000294349
4.24392e+08 -0.000304349
4.24392e+08 -0.000314349
4.24392e+08 -0.000324349
4.24392e+08 -0.000334349
4.24392e+08 -0.000344349
4.24392e+08 -0.000354349
4.24392e+08 -0.000364349
4.24392e+08 -0.000374349
4.24392e+08 -0.000384349
4.24392e+08 -0.000394349
4.24392e+08 -0.000404349
4.24392e+08 -0.000414349
4.24392e+08 -0.000424349
4.24392e+08 -0.000434349
4.24392e+08 -0.000444349
4.24392e+08 -0.000454349
4.24392e+08 -0.000464349
4.24392e+08 -0.000474349
4.24392e+08 -0.000484349
4.24392e+08 -0.000494349
4.24392e+08 -0.000504349
4.24392e+08 -0.000514349
4.24392e+08 -0.000524349
4.24392e+08 -0.000534349
4.24392e+08 -0.000544349
4.24392e+08 -0.000554349
4.24392e+08 -0.000564349
4.24392e+08 -0.000574349
4.24392e+08 -0.000584349
4.24392e+08 -0.000594349
4.24392e+08 -0.000604349
4.24392e+08 -0.000614349
4.24392e+08 -0.000624349
4.24392e+08 -0.000634349
4.24392e+08 -0.000644349
4.24392e+08 -0.000654349
4.24392e+08 -0.000664349
4.24392e+08 -0.000674349
4.24392e+08 -0.000684349
4.24392e+08 -0.000694349
4.24392e+08 -0.000704349
4.24392e+08 -0.000714349
4.24392e+08 -0.000724349
4.24392e+08 -0.000734349
4.24392e+08 -0.000744349
4.24392e+08 -0.000754349
4.24392e+08 -0.000764349
4.24392e+08 -0.000774349
4.24392e+08 -0.000784349
4.24392e+08 -0.000794349
4.24392e+08 -0.000804349
4.24392e+08 -0.000814349
4.24392e+08 -0.000824349
4.24392e+08 -0.000834349
4.24392e+08 -0.000844349
4.24392e+08 -0.000854349
4.24392e+08 -0.000864349
4.24392e+08 -0.000874349
4.24392e+08 -0.000884349
4.24392e+08 -0.000894349
4.24392e+08 -0.000904349
4.24392e+08 -0.000914349
4.24392e+08 -0.000924349
4.24392e+08 -0.000934349
4.24392e+08 -0.000944349
4.24392e+08 -0.000954349
4.24392e+08 -0.000964349
4.24392e+08 -0.000974349
4.24392e+08 -0.000984349
4.24392e+08 -0.000994349
4.24392e+08 -0.00100435
