0 -2.37982e-07
0 -7.03328e-05
0 -8.26234e-05
-3.63651e+06 -9.26234e-05
-6.27977e+06 -0.000102623
-8.64555e+06 -0.000112623
-1.06485e+07 -0.000122623
-1.23116e+07 -0.000132623
-1.37371e+07 -0.000142623
-1.49111e+07 -0.000152623
-1.58444e+07 -0.000162623
-1.66126e+07 -0.000172623
-1.72617e+07 -0.000182623
-1.77864e+07 -0.000192623
-1.82263e+07 -0.000202623
-1.85985e+07 -0.000212623
-1.89084e+07 -0.000222623
-1.91591e+07 -0.000232623
-2.35315e+06 -0.000242623
-2.76915e+06 -0.000252623
-3.12736e+06 -0.000262623
-3.40346e+06 -0.000272623
-3.61628e+06 -0.000282623
-3.78223e+06 -0.000292623
-3.90601e+06 -0.000302623
-3.99388e+06 -0.000312623
-4.05416e+06 -0.000322623
-4.10036e+06 -0.000332623
-4.13609e+06 -0.000342623
-4.16309e+06 -0.000352623
-4.17593e+06 -0.000362623
-4.17479e+06 -0.000372623
-4.15795e+06 -0.000382623
9.51729e+07 -0.000392623
9.50523e+07 -0.000402623
9.49375e+07 -0.000412623
9.48331e+07 -0.000422623
9.47257e+07 -0.000432623
9.46256e+07 -0.000442623
9.45404e+07 -0.000452623
9.44617e+07 -0.000462623
9.43975e+07 -0.000472623
9.43334e+07 -0.000482623
9.42672e+07 -0.000492623
9.42086e+07 -0.000502623
9.41629e+07 -0.000512623
1.02411e+08 -0.000522623
1.02363e+08 -0.000532623
1.02311e+08 -0.000542623
1.02268e+08 -0.000552623
1.02233e+08 -0.000562623
1.02201e+08 -0.000572623
1.02175e+08 -0.000582623
1.02151e+08 -0.000592623
1.02132e+08 -0.000602623
1.02115e+08 -0.000612623
1.02104e+08 -0.000622623
1.02095e+08 -0.000632623
1.02087e+08 -0.000642623
1.02084e+08 -0.000652623
1.02082e+08 -0.000662623
1.02081e+08 -0.000672623
1.02082e+08 -0.000682623
1.02084e+08 -0.000692623
1.02088e+08 -0.000702623
1.02092e+08 -0.000712623
1.02096e+08 -0.000722623
1.021e+08 -0.000732623
1.02105e+08 -0.000742623
1.02114e+08 -0.000752623
1.02123e+08 -0.000762623
1.02134e+08 -0.000772623
1.02144e+08 -0.000782623
1.02155e+08 -0.000792623
1.02165e+08 -0.000802623
1.02176e+08 -0.000812623
1.02186e+08 -0.000822623
1.02197e+08 -0.000832623
1.02207e+08 -0.000842623
1.02218e+08 -0.000852623
1.02228e+08 -0.000862623
1.02239e+08 -0.000872623
1.02252e+08 -0.000882623
1.02266e+08 -0.000892623
1.0228e+08 -0.000902623
1.02296e+08 -0.000912623
1.02312e+08 -0.000922623
1.02328e+08 -0.000932623
1.02345e+08 -0.000942623
1.02361e+08 -0.000952623
1.02377e+08 -0.000962623
1.02393e+08 -0.000972623
1.02409e+08 -0.000982623
1.52325e+08 -0.000992623
1.52325e+08 -0.00100262
1.52325e+08 -0.00101262
1.52325e+08 -0.00102262
1.52325e+08 -0.00103262
1.52325e+08 -0.00104262
1.52325e+08 -0.00105262
1.52325e+08 -0.00106262
1.52325e+08 -0.00107262
1.52325e+08 -0.00108262
