0 1.68763e-07
0 1.68763e-07
0 3.67521e-21
-9.0294e+07 -1e-05
-1.12681e+08 -2e-05
-1.28782e+08 -3e-05
-1.41322e+08 -4e-05
-1.47997e+08 -5e-05
-1.53392e+08 -6e-05
-1.57728e+08 -7e-05
-1.61254e+08 -8e-05
-1.64173e+08 -9e-05
-1.66614e+08 -0.0001
-1.68646e+08 -0.00011
-1.70386e+08 -0.00012
-1.71835e+08 -0.00013
-1.73074e+08 -0.00014
-1.7413e+08 -0.00015
-1.75026e+08 -0.00016
-1.75789e+08 -0.00017
-1.7646e+08 -0.00018
-1.77024e+08 -0.00019
-1.77518e+08 -0.0002
-1.77932e+08 -0.00021
-1.7828e+08 -0.00022
-1.78586e+08 -0.00023
-1.61756e+08 -0.00024
-1.62122e+08 -0.00025
-1.62467e+08 -0.00026
-1.6275e+08 -0.00027
-1.62958e+08 -0.00028
-1.63131e+08 -0.00029
-1.63268e+08 -0.0003
-1.63386e+08 -0.00031
-1.6349e+08 -0.00032
-1.63579e+08 -0.00033
-1.63651e+08 -0.00034
-1.6371e+08 -0.00035
-1.63754e+08 -0.00036
-1.63784e+08 -0.00037
-1.63804e+08 -0.00038
-6.42578e+07 -0.00039
-6.43455e+07 -0.0004
-6.44319e+07 -0.00041
-6.45194e+07 -0.00042
-6.46011e+07 -0.00043
-6.46695e+07 -0.00044
-6.4734e+07 -0.00045
-6.47958e+07 -0.00046
-6.48552e+07 -0.00047
-6.49125e+07 -0.00048
-6.49678e+07 -0.00049
-6.50133e+07 -0.0005
-6.50558e+07 -0.00051
-6.50925e+07 -0.00052
-6.51278e+07 -0.00053
-6.5145e+07 -0.00054
-6.51539e+07 -0.00055
-6.51575e+07 -0.00056
-6.51589e+07 -0.00057
-6.51596e+07 -0.00058
-6.51586e+07 -0.00059
-6.51572e+07 -0.0006
-6.51554e+07 -0.00061
-6.51522e+07 -0.00062
-6.51423e+07 -0.00063
-6.51305e+07 -0.00064
-6.51175e+07 -0.00065
-6.51038e+07 -0.00066
-6.50899e+07 -0.00067
-6.50761e+07 -0.00068
-6.50625e+07 -0.00069
-6.50489e+07 -0.0007
-6.50354e+07 -0.00071
-6.50197e+07 -0.00072
-6.50029e+07 -0.00073
-6.49854e+07 -0.00074
-6.49675e+07 -0.00075
-6.49492e+07 -0.00076
-6.49307e+07 -0.00077
-6.49124e+07 -0.00078
-6.48942e+07 -0.00079
-6.48755e+07 -0.0008
-6.48542e+07 -0.00081
-6.48314e+07 -0.00082
-6.48074e+07 -0.00083
-6.47824e+07 -0.00084
-6.47574e+07 -0.00085
-6.47325e+07 -0.00086
-6.47077e+07 -0.00087
-6.46829e+07 -0.00088
-6.46583e+07 -0.00089
-6.46338e+07 -0.0009
-6.46093e+07 -0.00091
-6.45849e+07 -0.00092
-6.45606e+07 -0.00093
-6.45363e+07 -0.00094
-6.45117e+07 -0.00095
-6.44865e+07 -0.00096
-6.44606e+07 -0.00097
-6.4434e+07 -0.00098
-6.44063e+07 -0.00099
2.24024e-09 -0.001
