0 -4.75734e-06
0 3.29958e-05
0 65452.2
-15 65452.2
-30 65452.2
-45 65452.2
-60 65452.2
-75 65452.2
-90 65452.2
-105 65452.2
-120 65452.2
-135 65452.2
-150 65452.2
-165 65452.2
-180 65452.2
-195 65452.2
-210 65452.2
-225 65452.2
-240 65452.2
-255 65452.2
-270 65452.2
-285 65452.2
-300 65452.2
-314.999 65452.2
-329.999 65452.2
-344.999 65452.2
-359.999 65452.2
-374.999 65452.2
-389.999 65452.2
-404.999 65452.2
-419.999 65452.2
-434.999 65452.2
-449.999 65452.2
-464.999 65452.2
-479.999 65452.2
-494.999 65452.2
-509.999 65452.2
-524.999 65452.2
-539.998 65452.2
-554.998 65452.2
-569.998 65452.2
-584.998 65452.2
-599.998 65452.2
-614.998 65452.2
-629.998 65452.2
-644.998 65452.2
-659.998 65452.2
-674.998 65452.2
-689.998 65452.2
-704.997 65452.2
-719.997 65452.2
-734.997 65452.2
-749.997 65452.2
-764.997 65452.2
-779.997 65452.2
-794.997 65452.2
-809.997 65452.2
-824.996 65452.2
-839.996 65452.2
-854.996 65452.2
-869.996 65452.2
-884.996 65452.2
-899.996 65452.2
-914.996 65452.2
-929.995 65452.2
-944.995 65452.2
-959.995 65452.2
-974.995 65452.2
-989.995 65452.2
-1004.99 65452.2
-1019.99 65452.2
-1034.99 65452.2
-1049.99 65452.2
-1064.99 65452.2
-1079.99 65452.2
-1094.99 65452.2
-1109.99 65452.2
-1124.99 65452.2
-1139.99 65452.2
-1154.99 65452.2
-1169.99 65452.2
-1184.99 65452.2
-1199.99 65452.2
-1214.99 65452.2
-1229.99 65452.2
-1244.99 65452.2
-1259.99 65452.2
-1274.99 65452.2
-1289.99 65452.2
-1304.99 65452.2
-1319.99 65452.2
-1334.99 65452.2
-1349.99 65452.2
-1364.99 65452.2
-1379.99 65452.2
-1394.99 65452.2
-1409.99 65452.2
-1424.99 65452.2
-1439.99 65452.2
-1454.99 65452.2
-1469.99 65452.2
-1484.99 65452.2
-1499.99 65452.2
