0 -5.0232e-06
0 -3.32075e-05
0 -5.85443e-05
1.13332e+08 -6.85443e-05
8.83348e+06 -7.85443e-05
1.04781e+09 -8.85443e-05
1.04781e+09 -9.85443e-05
1.04781e+09 -0.000108544
1.04781e+09 -0.000118544
1.04781e+09 -0.000128544
1.04781e+09 -0.000138544
1.04781e+09 -0.000148544
1.04781e+09 -0.000158544
1.04781e+09 -0.000168544
1.04781e+09 -0.000178544
1.04781e+09 -0.000188544
1.04781e+09 -0.000198544
1.04781e+09 -0.000208544
1.04781e+09 -0.000218544
1.04781e+09 -0.000228544
1.04781e+09 -0.000238544
1.04781e+09 -0.000248544
1.04781e+09 -0.000258544
1.04781e+09 -0.000268544
1.04781e+09 -0.000278544
1.04781e+09 -0.000288544
1.04781e+09 -0.000298544
1.04781e+09 -0.000308544
1.04781e+09 -0.000318544
1.04781e+09 -0.000328544
1.04781e+09 -0.000338544
1.04781e+09 -0.000348544
1.04781e+09 -0.000358544
1.04781e+09 -0.000368544
1.04781e+09 -0.000378544
1.04781e+09 -0.000388544
1.04781e+09 -0.000398544
1.04781e+09 -0.000408544
1.04781e+09 -0.000418544
1.04781e+09 -0.000428544
1.04781e+09 -0.000438544
1.04781e+09 -0.000448544
1.04781e+09 -0.000458544
1.04781e+09 -0.000468544
1.04781e+09 -0.000478544
1.04781e+09 -0.000488544
1.04781e+09 -0.000498544
1.04781e+09 -0.000508544
1.04781e+09 -0.000518544
1.04781e+09 -0.000528544
1.04781e+09 -0.000538544
1.04781e+09 -0.000548544
1.04781e+09 -0.000558544
1.04781e+09 -0.000568544
1.04781e+09 -0.000578544
1.04781e+09 -0.000588544
1.04781e+09 -0.000598544
1.04781e+09 -0.000608544
1.04781e+09 -0.000618544
1.04781e+09 -0.000628544
1.04781e+09 -0.000638544
1.04781e+09 -0.000648544
1.04781e+09 -0.000658544
1.04781e+09 -0.000668544
1.04781e+09 -0.000678544
1.04781e+09 -0.000688544
1.04781e+09 -0.000698544
1.04781e+09 -0.000708544
1.04781e+09 -0.000718544
1.04781e+09 -0.000728544
1.04781e+09 -0.000738544
1.04781e+09 -0.000748544
1.04781e+09 -0.000758544
1.04781e+09 -0.000768544
1.04781e+09 -0.000778544
1.04781e+09 -0.000788544
1.04781e+09 -0.000798544
1.04781e+09 -0.000808544
1.04781e+09 -0.000818544
1.04781e+09 -0.000828544
1.04781e+09 -0.000838544
1.04781e+09 -0.000848544
1.04781e+09 -0.000858544
1.04781e+09 -0.000868544
1.04781e+09 -0.000878544
1.04781e+09 -0.000888544
1.04781e+09 -0.000898544
1.04781e+09 -0.000908544
1.04781e+09 -0.000918544
1.04781e+09 -0.000928544
1.04781e+09 -0.000938544
1.04781e+09 -0.000948544
1.04781e+09 -0.000958544
1.04781e+09 -0.000968544
1.04781e+09 -0.000978544
1.04781e+09 -0.000988544
1.04781e+09 -0.000998544
1.04781e+09 -0.00100854
1.04781e+09 -0.00101854
1.04781e+09 -0.00102854
1.04781e+09 -0.00103854
1.04781e+09 -0.00104854
1.04781e+09 -0.00105854
