0 -1.34602e-06
0 2.64117e-05
0 3.02328e-05
1.2499e+07 4.02328e-05
2.00044e+07 5.02328e-05
2.58922e+07 6.02328e-05
3.0667e+07 7.02328e-05
3.43084e+07 8.02328e-05
3.71893e+07 9.02328e-05
3.94798e+07 0.000100233
4.13308e+07 0.000110233
4.27018e+07 0.000120233
4.36272e+07 0.000130233
4.46082e+07 0.000140233
4.47505e+07 0.000150233
4.48382e+07 0.000160233
4.47895e+07 0.000170233
4.457e+07 0.000180233
4.41938e+07 0.000190233
4.36401e+07 0.000200233
4.29216e+07 0.000210233
4.19804e+07 0.000220233
4.07886e+07 0.000230233
3.92964e+07 0.000240233
3.74322e+07 0.000250233
3.51009e+07 0.000260233
3.22797e+07 0.000270233
2.8783e+07 0.000280233
2.44855e+07 0.000290233
1.91251e+07 0.000300233
1.29998e+07 0.000310233
7.55289e+06 0.000320233
2.82663e+06 0.000330233
-1.30242e+06 0.000340233
-5.01201e+06 0.000350233
-8.22075e+06 0.000360233
-1.10828e+07 0.000370233
-1.36095e+07 0.000380233
-1.59244e+07 0.000390233
-2.62693e+07 0.000400233
-2.62625e+07 0.000410233
-2.69137e+07 0.000420233
-2.80336e+07 0.000430233
-2.92207e+07 0.000440233
-3.04576e+07 0.000450233
-3.15608e+07 0.000460233
-3.25886e+07 0.000470233
-3.34779e+07 0.000480233
-3.4307e+07 0.000490233
-3.50102e+07 0.000500233
-3.56213e+07 0.000510233
-3.62669e+07 0.000520233
-3.68685e+07 0.000530233
-3.73678e+07 0.000540233
-3.77912e+07 0.000550233
-3.81876e+07 0.000560233
-3.87253e+07 0.000570233
-3.94898e+07 0.000580233
-4.00316e+07 0.000590233
-2.91883e+07 0.000600233
-2.91883e+07 0.000610233
-2.91883e+07 0.000620233
-2.91883e+07 0.000630233
-2.91883e+07 0.000640233
-2.91883e+07 0.000650233
-2.91883e+07 0.000660233
-2.91883e+07 0.000670233
-2.91883e+07 0.000680233
-2.91883e+07 0.000690233
-2.91883e+07 0.000700233
-2.91883e+07 0.000710233
-2.91883e+07 0.000720233
-2.91883e+07 0.000730233
-2.91883e+07 0.000740233
-2.91883e+07 0.000750233
-2.91883e+07 0.000760233
-2.91883e+07 0.000770233
-2.91883e+07 0.000780233
-2.91883e+07 0.000790233
-2.91883e+07 0.000800233
-2.91883e+07 0.000810233
-2.91883e+07 0.000820233
-2.91883e+07 0.000830233
-2.91883e+07 0.000840233
-2.91883e+07 0.000850233
-2.91883e+07 0.000860233
-2.91883e+07 0.000870233
-2.91883e+07 0.000880233
-2.91883e+07 0.000890233
-2.91883e+07 0.000900233
-2.91883e+07 0.000910233
-2.91883e+07 0.000920233
-2.91883e+07 0.000930233
-2.91883e+07 0.000940233
-2.91883e+07 0.000950233
-2.91883e+07 0.000960233
-2.91883e+07 0.000970233
-2.91883e+07 0.000980233
-2.91883e+07 0.000990233
-2.91883e+07 0.00100023
-2.91883e+07 0.00101023
-2.91883e+07 0.00102023
-2.91883e+07 0.00103023
