0 1.74623e-07
0 3.64617e+07
0 3.64617e+07
-1.43493e+08 1.79954e+08
-2.22734e+08 2.59196e+08
-2.24237e+08 2.60699e+08
-1.89765e+08 2.26226e+08
-1.29266e+08 1.65728e+08
-2.77565e+07 6.42182e+07
9.57368e+08 0
9.57368e+08 0
9.57368e+08 0
9.57368e+08 0
9.57368e+08 0
9.57368e+08 0
9.57368e+08 0
9.57368e+08 0
9.57368e+08 0
9.57368e+08 0
9.57368e+08 0
9.57368e+08 0
9.57368e+08 0
9.57368e+08 0
9.57368e+08 0
9.57368e+08 0
9.57368e+08 0
9.57368e+08 0
9.57368e+08 0
9.57368e+08 0
9.57368e+08 0
9.57368e+08 0
9.57368e+08 0
9.57368e+08 0
9.57368e+08 0
9.57368e+08 0
9.57368e+08 0
9.57368e+08 0
9.57368e+08 0
9.57368e+08 0
9.57368e+08 0
9.57368e+08 0
9.57368e+08 0
9.57368e+08 0
9.57368e+08 0
9.57368e+08 0
9.57368e+08 0
9.57368e+08 0
9.57368e+08 0
9.57368e+08 0
9.57368e+08 0
9.57368e+08 0
9.57368e+08 0
9.57368e+08 0
9.57368e+08 0
9.57368e+08 0
9.57368e+08 0
9.57368e+08 0
9.57368e+08 0
9.57368e+08 0
9.57368e+08 0
9.57368e+08 0
9.57368e+08 0
9.57368e+08 0
9.57368e+08 0
9.57368e+08 0
9.57368e+08 0
9.57368e+08 0
9.57368e+08 0
9.57368e+08 0
9.57368e+08 0
9.57368e+08 0
9.57368e+08 0
9.57368e+08 0
9.57368e+08 0
9.57368e+08 0
9.57368e+08 0
9.57368e+08 0
9.57368e+08 0
9.57368e+08 0
9.57368e+08 0
9.57368e+08 0
9.57368e+08 0
9.57368e+08 0
9.57368e+08 0
9.57368e+08 0
9.57368e+08 0
9.57368e+08 0
9.57368e+08 0
9.57368e+08 0
9.57368e+08 0
9.57368e+08 0
9.57368e+08 0
9.57368e+08 0
9.57368e+08 0
9.57368e+08 0
9.57368e+08 0
9.57368e+08 0
9.57368e+08 0
9.57368e+08 0
9.57368e+08 0
9.57368e+08 0
9.57368e+08 0
9.57368e+08 0
