0 -2.34331e-07
0 3.95354e-06
0 57026.5
-15 57026.5
-30 57026.5
-45 57026.5
-60 57026.5
-75 57026.5
-90 57026.5
-105 57026.5
-120 57026.5
-135 57026.5
-150 57026.5
-165 57026.5
-180 57026.5
-195 57026.5
-210 57026.5
-225 57026.5
-240 57026.5
-255 57026.5
-270 57026.5
-285 57026.5
-300 57026.5
-315 57026.5
-330 57026.5
-344.999 57026.5
-359.999 57026.5
-374.999 57026.5
-389.999 57026.5
-404.999 57026.5
-419.999 57026.5
-434.999 57026.5
-449.999 57026.5
-464.999 57026.5
-479.999 57026.5
-494.999 57026.5
-509.999 57026.5
-524.999 57026.5
-539.999 57026.5
-554.999 57026.5
-569.999 57026.5
-584.999 57026.5
-599.998 57026.5
-614.998 57026.5
-629.998 57026.5
-644.998 57026.5
-659.998 57026.5
-674.998 57026.5
-689.998 57026.5
-704.998 57026.5
-719.998 57026.5
-734.998 57026.5
-749.998 57026.5
-764.997 57026.5
-779.997 57026.5
-794.997 57026.5
-809.997 57026.5
-824.997 57026.5
-839.997 57026.5
-854.997 57026.5
-869.997 57026.5
-884.997 57026.5
-899.996 57026.5
-914.996 57026.5
-929.996 57026.5
-944.996 57026.5
-959.996 57026.5
-974.996 57026.5
-989.996 57026.5
-1005 57026.5
-1020 57026.5
-1035 57026.5
-1050 57026.5
-1065 57026.5
-1079.99 57026.5
-1094.99 57026.5
-1109.99 57026.5
-1124.99 57026.5
-1139.99 57026.5
-1154.99 57026.5
-1169.99 57026.5
-1184.99 57026.5
-1199.99 57026.5
-1214.99 57026.5
-1229.99 57026.5
-1244.99 57026.5
-1259.99 57026.5
-1274.99 57026.5
-1289.99 57026.5
-1304.99 57026.5
-1319.99 57026.5
-1334.99 57026.5
-1349.99 57026.5
-1364.99 57026.5
-1379.99 57026.5
-1394.99 57026.5
-1409.99 57026.5
-1424.99 57026.5
-1439.99 57026.5
-1454.99 57026.5
-1469.99 57026.5
-1484.99 57026.5
-1499.99 57026.5
