0 2.23983e-06
0 8.73205e+07
0 8.73205e+07
-5.73887e+07 1.44709e+08
-7.53031e+07 1.62624e+08
-9.25852e+07 1.79906e+08
-1.06505e+08 1.93825e+08
-1.14295e+08 2.01615e+08
-1.20712e+08 2.08032e+08
-1.25744e+08 2.13064e+08
-1.29584e+08 2.16905e+08
-1.3254e+08 2.1986e+08
-1.34862e+08 2.22183e+08
-1.36643e+08 2.23964e+08
-1.38306e+08 2.25627e+08
-1.39214e+08 2.26534e+08
-1.39931e+08 2.27251e+08
-1.40426e+08 2.27747e+08
-1.40691e+08 2.28012e+08
-1.40766e+08 2.28086e+08
-1.40651e+08 2.27972e+08
-1.40371e+08 2.27692e+08
-1.39914e+08 2.27234e+08
-1.39303e+08 2.26623e+08
-1.38494e+08 2.25815e+08
-1.37487e+08 2.24807e+08
-1.36202e+08 2.23523e+08
-1.34646e+08 2.21966e+08
-1.32646e+08 2.19966e+08
-1.30085e+08 2.17406e+08
-1.26687e+08 2.14007e+08
-1.21796e+08 2.09116e+08
-1.13803e+08 2.01124e+08
-1.04039e+08 1.91359e+08
-9.4909e+07 1.82229e+08
-8.68231e+07 1.74144e+08
-7.97085e+07 1.67029e+08
-7.31253e+07 1.60446e+08
-6.72662e+07 1.54587e+08
-6.18278e+07 1.49148e+08
-5.6787e+07 1.44107e+08
-5.21178e+07 1.39438e+08
-4.73172e+07 1.34638e+08
-4.24791e+07 1.298e+08
-3.79058e+07 1.25226e+08
-3.36224e+07 1.20943e+08
-2.95138e+07 1.16834e+08
-2.55252e+07 1.12846e+08
-2.1899e+07 1.0922e+08
-1.85501e+07 1.05871e+08
-1.51996e+07 1.0252e+08
-1.23959e+07 9.97164e+07
-9.50129e+06 9.68218e+07
-6.9496e+06 9.42701e+07
-1.4838e+07 8.98352e+07
1.78813e+08 -9.14929e+07
1.57951e+08 0
1.57951e+08 0
1.57951e+08 0
1.57951e+08 0
1.57951e+08 0
1.57951e+08 0
1.57951e+08 0
1.57951e+08 0
1.57951e+08 0
1.57951e+08 0
1.57951e+08 0
1.57951e+08 0
1.57951e+08 0
1.57951e+08 0
1.57951e+08 0
1.57951e+08 0
1.57951e+08 0
1.57951e+08 0
1.57951e+08 0
1.57951e+08 0
1.57951e+08 0
1.57951e+08 0
1.57951e+08 0
1.57951e+08 0
1.57951e+08 0
1.57951e+08 0
1.57951e+08 0
1.57951e+08 0
1.57951e+08 0
1.57951e+08 0
1.57951e+08 0
1.57951e+08 0
1.57951e+08 0
1.57951e+08 0
1.57951e+08 0
1.57951e+08 0
1.57951e+08 0
1.57951e+08 0
1.57951e+08 0
1.57951e+08 0
1.57951e+08 0
1.57951e+08 0
1.57951e+08 0
1.57951e+08 0
1.57951e+08 0
1.57951e+08 0
1.57951e+08 0
