0 -1.73878e-06
0 -1.75953e+08
0 -1.75953e+08
1.14836e+08 -2.90789e+08
1.49364e+08 -3.25318e+08
1.58067e+08 -3.3402e+08
1.58364e+08 -3.34317e+08
1.55096e+08 -3.31049e+08
1.49182e+08 -3.25136e+08
1.40538e+08 -3.16491e+08
1.2885e+08 -3.04803e+08
1.10802e+08 -2.86755e+08
8.34287e+07 -2.59382e+08
2.80098e+07 -2.03963e+08
2.47828e+08 0
2.47828e+08 0
2.47828e+08 0
2.47828e+08 0
2.47828e+08 0
2.47828e+08 0
2.47828e+08 0
2.47828e+08 0
2.47828e+08 0
2.47828e+08 0
2.47828e+08 0
2.47828e+08 0
2.47828e+08 0
2.47828e+08 0
2.47828e+08 0
2.47828e+08 0
2.47828e+08 0
2.47828e+08 0
2.47828e+08 0
2.47828e+08 0
2.47828e+08 0
2.47828e+08 0
2.47828e+08 0
2.47828e+08 0
2.47828e+08 0
2.47828e+08 0
2.47828e+08 0
2.47828e+08 0
2.47828e+08 0
2.47828e+08 0
2.47828e+08 0
2.47828e+08 0
2.47828e+08 0
2.47828e+08 0
2.47828e+08 0
2.47828e+08 0
2.47828e+08 0
2.47828e+08 0
2.47828e+08 0
2.47828e+08 0
2.47828e+08 0
2.47828e+08 0
2.47828e+08 0
2.47828e+08 0
2.47828e+08 0
2.47828e+08 0
2.47828e+08 0
2.47828e+08 0
2.47828e+08 0
2.47828e+08 0
2.47828e+08 0
2.47828e+08 0
2.47828e+08 0
2.47828e+08 0
2.47828e+08 0
2.47828e+08 0
2.47828e+08 0
2.47828e+08 0
2.47828e+08 0
2.47828e+08 0
2.47828e+08 0
2.47828e+08 0
2.47828e+08 0
2.47828e+08 0
2.47828e+08 0
2.47828e+08 0
2.47828e+08 0
2.47828e+08 0
2.47828e+08 0
2.47828e+08 0
2.47828e+08 0
2.47828e+08 0
2.47828e+08 0
2.47828e+08 0
2.47828e+08 0
2.47828e+08 0
2.47828e+08 0
2.47828e+08 0
2.47828e+08 0
2.47828e+08 0
2.47828e+08 0
2.47828e+08 0
2.47828e+08 0
2.47828e+08 0
2.47828e+08 0
2.47828e+08 0
2.47828e+08 0
2.47828e+08 0
2.47828e+08 0
