0 2.75657e-07
0 2.75657e-07
0 -688365
-15 -688365
-30 -688365
-45 -688365
-60 -688365
-75 -688365
-90 -688365
-105 -688365
-120 -688365
-135 -688365
-150 -688365
-165 -688365
-180 -688365
-195 -688365
-210 -688365
-225 -688365
-240 -688365
-255 -688365
-270 -688365
-285 -688365
-300 -688365
-315 -688365
-330 -688365
-345 -688365
-360 -688365
-375 -688365
-390 -688365
-405 -688365
-420 -688365
-435 -688365
-450 -688365
-465 -688365
-480 -688365
-495 -688365
-510 -688365
-525 -688365
-540 -688365
-555 -688365
-570 -688365
-585 -688365
-600 -688365
-615 -688365
-630 -688365
-645 -688365
-660 -688365
-675 -688365
-690 -688365
-705 -688365
-720 -688365
-735 -688365
-750 -688365
-765 -688365
-780 -688365
-795 -688365
-810 -688365
-825 -688365
-840 -688365
-855 -688365
-870 -688365
-885 -688365
-900 -688365
-915 -688365
-930 -688365
-945 -688365
-960 -688365
-975 -688365
-990 -688365
-1005 -688365
-1020 -688365
-1035 -688365
-1050 -688365
-1065 -688365
-1080 -688365
-1095 -688365
-1110 -688365
-1125 -688365
-1140 -688365
-1155 -688365
-1170 -688365
-1185 -688365
-1200 -688365
-1215 -688365
-1230 -688365
-1245 -688365
-1260 -688365
-1275 -688365
-1290 -688365
-1305 -688365
-1320 -688365
-1335 -688365
-1350 -688365
-1365 -688365
-1380 -688365
-1395 -688365
-1410 -688365
-1425 -688365
-1440 -688365
-1455 -688365
-1470 -688365
-1485 -688365
-1500 -688365
