0 -2.08743e-06
0 1.89703e-05
0 1.06478e-05
8.16994e+07 2.06478e-05
7.50547e+07 3.06478e-05
2.79079e+07 4.06478e-05
-5.94832e+07 5.06478e-05
-2.73492e+08 6.06478e-05
-2.92247e+08 7.06478e-05
6.00531e+08 8.06478e-05
6.00531e+08 9.06478e-05
6.00531e+08 0.000100648
6.00531e+08 0.000110648
6.00531e+08 0.000120648
6.00531e+08 0.000130648
6.00531e+08 0.000140648
6.00531e+08 0.000150648
6.00531e+08 0.000160648
6.00531e+08 0.000170648
6.00531e+08 0.000180648
6.00531e+08 0.000190648
6.00531e+08 0.000200648
6.00531e+08 0.000210648
6.00531e+08 0.000220648
6.00531e+08 0.000230648
6.00531e+08 0.000240648
6.00531e+08 0.000250648
6.00531e+08 0.000260648
6.00531e+08 0.000270648
6.00531e+08 0.000280648
6.00531e+08 0.000290648
6.00531e+08 0.000300648
6.00531e+08 0.000310648
6.00531e+08 0.000320648
6.00531e+08 0.000330648
6.00531e+08 0.000340648
6.00531e+08 0.000350648
6.00531e+08 0.000360648
6.00531e+08 0.000370648
6.00531e+08 0.000380648
6.00531e+08 0.000390648
6.00531e+08 0.000400648
6.00531e+08 0.000410648
6.00531e+08 0.000420648
6.00531e+08 0.000430648
6.00531e+08 0.000440648
6.00531e+08 0.000450648
6.00531e+08 0.000460648
6.00531e+08 0.000470648
6.00531e+08 0.000480648
6.00531e+08 0.000490648
6.00531e+08 0.000500648
6.00531e+08 0.000510648
6.00531e+08 0.000520648
6.00531e+08 0.000530648
6.00531e+08 0.000540648
6.00531e+08 0.000550648
6.00531e+08 0.000560648
6.00531e+08 0.000570648
6.00531e+08 0.000580648
6.00531e+08 0.000590648
6.00531e+08 0.000600648
6.00531e+08 0.000610648
6.00531e+08 0.000620648
6.00531e+08 0.000630648
6.00531e+08 0.000640648
6.00531e+08 0.000650648
6.00531e+08 0.000660648
6.00531e+08 0.000670648
6.00531e+08 0.000680648
6.00531e+08 0.000690648
6.00531e+08 0.000700648
6.00531e+08 0.000710648
6.00531e+08 0.000720648
6.00531e+08 0.000730648
6.00531e+08 0.000740648
6.00531e+08 0.000750648
6.00531e+08 0.000760648
6.00531e+08 0.000770648
6.00531e+08 0.000780648
6.00531e+08 0.000790648
6.00531e+08 0.000800648
6.00531e+08 0.000810648
6.00531e+08 0.000820648
6.00531e+08 0.000830648
6.00531e+08 0.000840648
6.00531e+08 0.000850648
6.00531e+08 0.000860648
6.00531e+08 0.000870648
6.00531e+08 0.000880648
6.00531e+08 0.000890648
6.00531e+08 0.000900648
6.00531e+08 0.000910648
6.00531e+08 0.000920648
6.00531e+08 0.000930648
6.00531e+08 0.000940648
6.00531e+08 0.000950648
6.00531e+08 0.000960648
6.00531e+08 0.000970648
6.00531e+08 0.000980648
6.00531e+08 0.000990648
6.00531e+08 0.00100065
6.00531e+08 0.00101065
