0 -3.24784e-06
0 -3.45826e-06
0 3.72529e-08
1.58701e+08 -1.58701e+08
2.74969e+08 -2.74969e+08
3.34816e+08 -3.34816e+08
3.42765e+08 -3.42765e+08
3.3022e+08 -3.3022e+08
3.04879e+08 -3.04879e+08
2.65552e+08 -2.65552e+08
2.04982e+08 -2.04982e+08
8.91e+07 -8.91e+07
8.28815e+08 0
8.28815e+08 0
8.28815e+08 0
8.28815e+08 0
8.28815e+08 0
8.28815e+08 0
8.28815e+08 0
8.28815e+08 0
8.28815e+08 0
8.28815e+08 0
8.28815e+08 0
8.28815e+08 0
8.28815e+08 0
8.28815e+08 0
8.28815e+08 0
8.28815e+08 0
8.28815e+08 0
8.28815e+08 0
8.28815e+08 0
8.28815e+08 0
8.28815e+08 0
8.28815e+08 0
8.28815e+08 0
8.28815e+08 0
8.28815e+08 0
8.28815e+08 0
8.28815e+08 0
8.28815e+08 0
8.28815e+08 0
8.28815e+08 0
8.28815e+08 0
8.28815e+08 0
8.28815e+08 0
8.28815e+08 0
8.28815e+08 0
8.28815e+08 0
8.28815e+08 0
8.28815e+08 0
8.28815e+08 0
8.28815e+08 0
8.28815e+08 0
8.28815e+08 0
8.28815e+08 0
8.28815e+08 0
8.28815e+08 0
8.28815e+08 0
8.28815e+08 0
8.28815e+08 0
8.28815e+08 0
8.28815e+08 0
8.28815e+08 0
8.28815e+08 0
8.28815e+08 0
8.28815e+08 0
8.28815e+08 0
8.28815e+08 0
8.28815e+08 0
8.28815e+08 0
8.28815e+08 0
8.28815e+08 0
8.28815e+08 0
8.28815e+08 0
8.28815e+08 0
8.28815e+08 0
8.28815e+08 0
8.28815e+08 0
8.28815e+08 0
8.28815e+08 0
8.28815e+08 0
8.28815e+08 0
8.28815e+08 0
8.28815e+08 0
8.28815e+08 0
8.28815e+08 0
8.28815e+08 0
8.28815e+08 0
8.28815e+08 0
8.28815e+08 0
8.28815e+08 0
8.28815e+08 0
8.28815e+08 0
8.28815e+08 0
8.28815e+08 0
8.28815e+08 0
8.28815e+08 0
8.28815e+08 0
8.28815e+08 0
8.28815e+08 0
8.28815e+08 0
8.28815e+08 0
8.28815e+08 0
