0 -1.68569e-06
0 -1.67599e+08
0 -1.676e+08
1.22701e+08 -2.90301e+08
1.66264e+08 -3.33863e+08
1.68747e+08 -3.36347e+08
1.55837e+08 -3.23437e+08
1.30456e+08 -2.98055e+08
9.22301e+07 -2.5983e+08
3.418e+07 -2.01779e+08
-8.08371e+07 -8.67624e+07
-3.06258e+08 1.04637e+08
6.47048e+08 0
6.47048e+08 0
6.47048e+08 0
6.47048e+08 0
6.47048e+08 0
6.47048e+08 0
6.47048e+08 0
6.47048e+08 0
6.47048e+08 0
6.47048e+08 0
6.47048e+08 0
6.47048e+08 0
6.47048e+08 0
6.47048e+08 0
6.47048e+08 0
6.47048e+08 0
6.47048e+08 0
6.47048e+08 0
6.47048e+08 0
6.47048e+08 0
6.47048e+08 0
6.47048e+08 0
6.47048e+08 0
6.47048e+08 0
6.47048e+08 0
6.47048e+08 0
6.47048e+08 0
6.47048e+08 0
6.47048e+08 0
6.47048e+08 0
6.47048e+08 0
6.47048e+08 0
6.47048e+08 0
6.47048e+08 0
6.47048e+08 0
6.47048e+08 0
6.47048e+08 0
6.47048e+08 0
6.47048e+08 0
6.47048e+08 0
6.47048e+08 0
6.47048e+08 0
6.47048e+08 0
6.47048e+08 0
6.47048e+08 0
6.47048e+08 0
6.47048e+08 0
6.47048e+08 0
6.47048e+08 0
6.47048e+08 0
6.47048e+08 0
6.47048e+08 0
6.47048e+08 0
6.47048e+08 0
6.47048e+08 0
6.47048e+08 0
6.47048e+08 0
6.47048e+08 0
6.47048e+08 0
6.47048e+08 0
6.47048e+08 0
6.47048e+08 0
6.47048e+08 0
6.47048e+08 0
6.47048e+08 0
6.47048e+08 0
6.47048e+08 0
6.47048e+08 0
6.47048e+08 0
6.47048e+08 0
6.47048e+08 0
6.47048e+08 0
6.47048e+08 0
6.47048e+08 0
6.47048e+08 0
6.47048e+08 0
6.47048e+08 0
6.47048e+08 0
6.47048e+08 0
6.47048e+08 0
6.47048e+08 0
6.47048e+08 0
6.47048e+08 0
6.47048e+08 0
6.47048e+08 0
6.47048e+08 0
6.47048e+08 0
6.47048e+08 0
6.47048e+08 0
6.47048e+08 0
6.47048e+08 0
