0 -1.03233e-06
0 -9.91581e-06
0 -5.80888e-06
-1.19772e+08 -1.58089e-05
-1.54898e+08 -2.58089e-05
-1.7783e+08 -3.58089e-05
-1.94072e+08 -4.58089e-05
-2.03578e+08 -5.58089e-05
-2.07216e+08 -6.58089e-05
-2.10107e+08 -7.58089e-05
-2.10288e+08 -8.58089e-05
-2.09195e+08 -9.58089e-05
-2.06906e+08 -0.000105809
-2.03411e+08 -0.000115809
-1.98629e+08 -0.000125809
-1.9219e+08 -0.000135809
-1.83463e+08 -0.000145809
-1.7085e+08 -0.000155809
-1.50636e+08 -0.000165809
-1.15536e+08 -0.000175809
-7.10087e+07 -0.000185809
-3.3336e+07 -0.000195809
-697772 -0.000205809
2.9182e+07 -0.000215809
5.88505e+07 -0.000225809
9.06741e+07 -0.000235809
1.26408e+08 -0.000245809
2.1945e+08 -0.000255809
2.53649e+08 -0.000265809
3.05749e+08 -0.000275809
3.05749e+08 -0.000285809
3.05749e+08 -0.000295809
3.05749e+08 -0.000305809
3.05749e+08 -0.000315809
3.05749e+08 -0.000325809
3.05749e+08 -0.000335809
3.05749e+08 -0.000345809
3.05749e+08 -0.000355809
3.05749e+08 -0.000365809
3.05749e+08 -0.000375809
3.05749e+08 -0.000385809
3.05749e+08 -0.000395809
3.05749e+08 -0.000405809
3.05749e+08 -0.000415809
3.05749e+08 -0.000425809
3.05749e+08 -0.000435809
3.05749e+08 -0.000445809
3.05749e+08 -0.000455809
3.05749e+08 -0.000465809
3.05749e+08 -0.000475809
3.05749e+08 -0.000485809
3.05749e+08 -0.000495809
3.05749e+08 -0.000505809
3.05749e+08 -0.000515809
3.05749e+08 -0.000525809
3.05749e+08 -0.000535809
3.05749e+08 -0.000545809
3.05749e+08 -0.000555809
3.05749e+08 -0.000565809
3.05749e+08 -0.000575809
3.05749e+08 -0.000585809
3.05749e+08 -0.000595809
3.05749e+08 -0.000605809
3.05749e+08 -0.000615809
3.05749e+08 -0.000625809
3.05749e+08 -0.000635809
3.05749e+08 -0.000645809
3.05749e+08 -0.000655809
3.05749e+08 -0.000665809
3.05749e+08 -0.000675809
3.05749e+08 -0.000685809
3.05749e+08 -0.000695809
3.05749e+08 -0.000705809
3.05749e+08 -0.000715809
3.05749e+08 -0.000725809
3.05749e+08 -0.000735809
3.05749e+08 -0.000745809
3.05749e+08 -0.000755809
3.05749e+08 -0.000765809
3.05749e+08 -0.000775809
3.05749e+08 -0.000785809
3.05749e+08 -0.000795809
3.05749e+08 -0.000805809
3.05749e+08 -0.000815809
3.05749e+08 -0.000825809
3.05749e+08 -0.000835809
3.05749e+08 -0.000845809
3.05749e+08 -0.000855809
3.05749e+08 -0.000865809
3.05749e+08 -0.000875809
3.05749e+08 -0.000885809
3.05749e+08 -0.000895809
3.05749e+08 -0.000905809
3.05749e+08 -0.000915809
3.05749e+08 -0.000925809
3.05749e+08 -0.000935809
3.05749e+08 -0.000945809
3.05749e+08 -0.000955809
3.05749e+08 -0.000965809
3.05749e+08 -0.000975809
3.05749e+08 -0.000985809
3.05749e+08 -0.000995809
3.05749e+08 -0.00100581
