0 -9.49967e-07
0 -3.7334e-05
0 -486744
-15 -486744
-30 -486744
-45 -486744
-60 -486744
-75 -486744
-90 -486744
-105 -486744
-120 -486744
-135 -486744
-150 -486744
-165 -486744
-180 -486744
-195 -486744
-210 -486744
-225 -486744
-240 -486744
-255 -486744
-270 -486744
-285 -486744
-300 -486744
-315 -486744
-330 -486744
-345 -486744
-360 -486744
-375 -486744
-390 -486744
-405 -486744
-420 -486744
-435 -486744
-450 -486744
-465 -486744
-480 -486744
-495 -486744
-510 -486744
-525 -486744
-540 -486744
-555 -486744
-570 -486744
-585 -486744
-600 -486744
-615 -486744
-630 -486744
-645 -486744
-660 -486744
-675 -486744
-690 -486744
-705 -486744
-720 -486744
-735 -486744
-750 -486744
-765 -486744
-780 -486744
-795 -486744
-810 -486744
-825 -486744
-840 -486744
-855 -486744
-870 -486744
-885 -486744
-900 -486744
-915 -486744
-930 -486744
-945 -486744
-960 -486744
-975 -486744
-990 -486744
-1005 -486744
-1020 -486744
-1035 -486744
-1050 -486744
-1065 -486744
-1080 -486744
-1095 -486744
-1110 -486744
-1125 -486744
-1140 -486744
-1155 -486744
-1170 -486744
-1185 -486744
-1200 -486744
-1215 -486744
-1230 -486744
-1245 -486744
-1260 -486744
-1275 -486744
-1290 -486744
-1305 -486744
-1320 -486744
-1335 -486744
-1350 -486744
-1365 -486744
-1380 -486744
-1395 -486744
-1410 -486744
-1425 -486744
-1440 -486744
-1455 -486744
-1470 -486744
-1485 -486744
-1500 -486744
