0 -5.16934e-07
0 -4.95924e-06
0 -3.82491e-06
-1.74695e+08 -1.38249e-05
-2.7518e+08 -2.38249e-05
-2.89878e+08 -3.38249e-05
-2.84624e+08 -4.38249e-05
-2.6803e+08 -5.38249e-05
-2.41864e+08 -6.38249e-05
-2.03277e+08 -7.38249e-05
-1.43703e+08 -8.38249e-05
-2.01628e+07 -9.38249e-05
5.41375e+08 -0.000103825
5.41375e+08 -0.000113825
5.41375e+08 -0.000123825
5.41375e+08 -0.000133825
5.41375e+08 -0.000143825
5.41375e+08 -0.000153825
5.41375e+08 -0.000163825
5.41375e+08 -0.000173825
5.41375e+08 -0.000183825
5.41375e+08 -0.000193825
5.41375e+08 -0.000203825
5.41375e+08 -0.000213825
5.41375e+08 -0.000223825
5.41375e+08 -0.000233825
5.41375e+08 -0.000243825
5.41375e+08 -0.000253825
5.41375e+08 -0.000263825
5.41375e+08 -0.000273825
5.41375e+08 -0.000283825
5.41375e+08 -0.000293825
5.41375e+08 -0.000303825
5.41375e+08 -0.000313825
5.41375e+08 -0.000323825
5.41375e+08 -0.000333825
5.41375e+08 -0.000343825
5.41375e+08 -0.000353825
5.41375e+08 -0.000363825
5.41375e+08 -0.000373825
5.41375e+08 -0.000383825
5.41375e+08 -0.000393825
5.41375e+08 -0.000403825
5.41375e+08 -0.000413825
5.41375e+08 -0.000423825
5.41375e+08 -0.000433825
5.41375e+08 -0.000443825
5.41375e+08 -0.000453825
5.41375e+08 -0.000463825
5.41375e+08 -0.000473825
5.41375e+08 -0.000483825
5.41375e+08 -0.000493825
5.41375e+08 -0.000503825
5.41375e+08 -0.000513825
5.41375e+08 -0.000523825
5.41375e+08 -0.000533825
5.41375e+08 -0.000543825
5.41375e+08 -0.000553825
5.41375e+08 -0.000563825
5.41375e+08 -0.000573825
5.41375e+08 -0.000583825
5.41375e+08 -0.000593825
5.41375e+08 -0.000603825
5.41375e+08 -0.000613825
5.41375e+08 -0.000623825
5.41375e+08 -0.000633825
5.41375e+08 -0.000643825
5.41375e+08 -0.000653825
5.41375e+08 -0.000663825
5.41375e+08 -0.000673825
5.41375e+08 -0.000683825
5.41375e+08 -0.000693825
5.41375e+08 -0.000703825
5.41375e+08 -0.000713825
5.41375e+08 -0.000723825
5.41375e+08 -0.000733825
5.41375e+08 -0.000743825
5.41375e+08 -0.000753825
5.41375e+08 -0.000763825
5.41375e+08 -0.000773825
5.41375e+08 -0.000783825
5.41375e+08 -0.000793825
5.41375e+08 -0.000803825
5.41375e+08 -0.000813825
5.41375e+08 -0.000823825
5.41375e+08 -0.000833825
5.41375e+08 -0.000843825
5.41375e+08 -0.000853825
5.41375e+08 -0.000863825
5.41375e+08 -0.000873825
5.41375e+08 -0.000883825
5.41375e+08 -0.000893825
5.41375e+08 -0.000903825
5.41375e+08 -0.000913825
5.41375e+08 -0.000923825
5.41375e+08 -0.000933825
5.41375e+08 -0.000943825
5.41375e+08 -0.000953825
5.41375e+08 -0.000963825
5.41375e+08 -0.000973825
5.41375e+08 -0.000983825
5.41375e+08 -0.000993825
5.41375e+08 -0.00100382
