0 -3.42329e-06
0 -2.49599e-05
0 -560768
-15 -560768
-30 -560768
-45 -560768
-60 -560768
-75 -560768
-90 -560768
-105 -560768
-120 -560768
-135 -560768
-150 -560768
-165 -560768
-180 -560768
-195 -560768
-210 -560768
-225 -560768
-240 -560768
-255 -560768
-270 -560768
-285 -560768
-300 -560768
-315 -560768
-330 -560768
-345 -560768
-360 -560768
-375 -560768
-390 -560768
-405 -560768
-420 -560768
-435 -560768
-450 -560768
-465 -560768
-480 -560768
-495 -560768
-510 -560768
-525 -560768
-540 -560768
-555 -560768
-570 -560768
-585 -560768
-600 -560768
-615 -560768
-630 -560768
-645 -560768
-660 -560768
-675 -560768
-690 -560768
-705 -560768
-720 -560768
-735 -560768
-750 -560768
-765 -560768
-780 -560768
-795 -560768
-810 -560768
-825 -560768
-840 -560768
-855 -560768
-870 -560768
-885 -560768
-900 -560768
-915.001 -560768
-930.001 -560768
-945.001 -560768
-960.001 -560768
-975.001 -560768
-990.001 -560768
-1005 -560768
-1020 -560768
-1035 -560768
-1050 -560768
-1065 -560768
-1080 -560768
-1095 -560768
-1110 -560768
-1125 -560768
-1140 -560768
-1155 -560768
-1170 -560768
-1185 -560768
-1200 -560768
-1215 -560768
-1230 -560768
-1245 -560768
-1260 -560768
-1275 -560768
-1290 -560768
-1305 -560768
-1320 -560768
-1335 -560768
-1350 -560768
-1365 -560768
-1380 -560768
-1395 -560768
-1410 -560768
-1425 -560768
-1440 -560768
-1455 -560768
-1470 -560768
-1485 -560768
-1500 -560768
