0 -9.69964e-07
0 -6.13021e-05
0 -669938
-15 -669938
-30 -669938
-45 -669938
-60 -669938
-75 -669938
-90 -669938
-105 -669938
-120 -669938
-135 -669938
-150 -669938
-165 -669938
-180 -669938
-195 -669938
-210 -669938
-225 -669938
-240 -669938
-255 -669938
-270 -669938
-285 -669938
-300 -669938
-315 -669938
-330 -669938
-345 -669938
-360 -669938
-375 -669938
-390 -669938
-405 -669938
-420 -669938
-435 -669938
-450 -669938
-465 -669938
-480 -669938
-495 -669938
-510 -669938
-525 -669938
-540 -669938
-555 -669938
-570 -669938
-585 -669938
-600 -669938
-615 -669938
-630 -669938
-645 -669938
-660 -669938
-675 -669938
-690 -669938
-705 -669938
-720 -669938
-735 -669938
-750 -669938
-765 -669938
-780 -669938
-795 -669938
-810 -669938
-825 -669938
-840 -669938
-855 -669938
-870 -669938
-885 -669938
-900 -669938
-915 -669938
-930 -669938
-945 -669938
-960 -669938
-975 -669938
-990 -669938
-1005 -669938
-1020 -669938
-1035 -669938
-1050 -669938
-1065 -669938
-1080 -669938
-1095 -669938
-1110 -669938
-1125 -669938
-1140 -669938
-1155 -669938
-1170 -669938
-1185 -669938
-1200 -669938
-1215 -669938
-1230 -669938
-1245 -669938
-1260 -669938
-1275 -669938
-1290 -669938
-1305 -669938
-1320 -669938
-1335 -669938
-1350 -669938
-1365 -669938
-1380 -669938
-1395 -669938
-1410 -669938
-1425 -669938
-1440 -669938
-1455 -669938
-1470 -669938
-1485 -669938
-1500 -669938
