0 0
0 4.47012e-05
0 61007.8
-15 61007.8
-30 61007.8
-45 61007.8
-60 61007.8
-75 61007.8
-90 61007.8
-105 61007.8
-120 61007.8
-135 61007.8
-150 61007.8
-165 61007.8
-180 61007.8
-195 61007.8
-210 61007.8
-225 61007.8
-240 61007.8
-255 61007.8
-270 61007.8
-285 61007.8
-300 61007.8
-315 61007.8
-330 61007.8
-344.999 61007.8
-359.999 61007.8
-374.999 61007.8
-389.999 61007.8
-404.999 61007.8
-419.999 61007.8
-434.999 61007.8
-449.999 61007.8
-464.999 61007.8
-479.999 61007.8
-494.999 61007.8
-509.999 61007.8
-524.999 61007.8
-539.999 61007.8
-554.999 61007.8
-569.999 61007.8
-584.999 61007.8
-599.998 61007.8
-614.998 61007.8
-629.998 61007.8
-644.998 61007.8
-659.998 61007.8
-674.998 61007.8
-689.998 61007.8
-704.998 61007.8
-719.998 61007.8
-734.998 61007.8
-749.998 61007.8
-764.998 61007.8
-779.997 61007.8
-794.997 61007.8
-809.997 61007.8
-824.997 61007.8
-839.997 61007.8
-854.997 61007.8
-869.997 61007.8
-884.997 61007.8
-899.997 61007.8
-914.996 61007.8
-929.996 61007.8
-944.996 61007.8
-959.996 61007.8
-974.996 61007.8
-989.996 61007.8
-1005 61007.8
-1020 61007.8
-1035 61007.8
-1050 61007.8
-1065 61007.8
-1080 61007.8
-1094.99 61007.8
-1109.99 61007.8
-1124.99 61007.8
-1139.99 61007.8
-1154.99 61007.8
-1169.99 61007.8
-1184.99 61007.8
-1199.99 61007.8
-1214.99 61007.8
-1229.99 61007.8
-1244.99 61007.8
-1259.99 61007.8
-1274.99 61007.8
-1289.99 61007.8
-1304.99 61007.8
-1319.99 61007.8
-1334.99 61007.8
-1349.99 61007.8
-1364.99 61007.8
-1379.99 61007.8
-1394.99 61007.8
-1409.99 61007.8
-1424.99 61007.8
-1439.99 61007.8
-1454.99 61007.8
-1469.99 61007.8
-1484.99 61007.8
-1499.99 61007.8
