0 2.23517e-08
0 5.56377e+07
0 5.56377e+07
-1.67787e+08 2.23425e+08
-2.63813e+08 3.1945e+08
-2.88612e+08 3.44249e+08
-2.89717e+08 3.45355e+08
-2.80039e+08 3.35676e+08
-2.62493e+08 3.18131e+08
-2.37166e+08 2.92804e+08
-2.02854e+08 2.58492e+08
-1.55735e+08 2.11373e+08
-8.56303e+07 1.41268e+08
3.82262e+07 1.74115e+07
3.31301e+08 -2.37093e+08
6.89253e+08 0
6.89253e+08 0
6.89253e+08 0
6.89253e+08 0
6.89253e+08 0
6.89253e+08 0
6.89253e+08 0
6.89253e+08 0
6.89253e+08 0
6.89253e+08 0
6.89253e+08 0
6.89253e+08 0
6.89253e+08 0
6.89253e+08 0
6.89253e+08 0
6.89253e+08 0
6.89253e+08 0
6.89253e+08 0
6.89253e+08 0
6.89253e+08 0
6.89253e+08 0
6.89253e+08 0
6.89253e+08 0
6.89253e+08 0
6.89253e+08 0
6.89253e+08 0
6.89253e+08 0
6.89253e+08 0
6.89253e+08 0
6.89253e+08 0
6.89253e+08 0
6.89253e+08 0
6.89253e+08 0
6.89253e+08 0
6.89253e+08 0
6.89253e+08 0
6.89253e+08 0
6.89253e+08 0
6.89253e+08 0
6.89253e+08 0
6.89253e+08 0
6.89253e+08 0
6.89253e+08 0
6.89253e+08 0
6.89253e+08 0
6.89253e+08 0
6.89253e+08 0
6.89253e+08 0
6.89253e+08 0
6.89253e+08 0
6.89253e+08 0
6.89253e+08 0
6.89253e+08 0
6.89253e+08 0
6.89253e+08 0
6.89253e+08 0
6.89253e+08 0
6.89253e+08 0
6.89253e+08 0
6.89253e+08 0
6.89253e+08 0
6.89253e+08 0
6.89253e+08 0
6.89253e+08 0
6.89253e+08 0
6.89253e+08 0
6.89253e+08 0
6.89253e+08 0
6.89253e+08 0
6.89253e+08 0
6.89253e+08 0
6.89253e+08 0
6.89253e+08 0
6.89253e+08 0
6.89253e+08 0
6.89253e+08 0
6.89253e+08 0
6.89253e+08 0
6.89253e+08 0
6.89253e+08 0
6.89253e+08 0
6.89253e+08 0
6.89253e+08 0
6.89253e+08 0
6.89253e+08 0
6.89253e+08 0
6.89253e+08 0
6.89253e+08 0
