0 -3.33073e-06
0 -1.73097e-05
0 -77690.8
-15 -77690.8
-30 -77690.8
-45 -77690.8
-60 -77690.8
-75 -77690.8
-90 -77690.8
-105 -77690.8
-120 -77690.8
-135 -77690.8
-150 -77690.8
-165 -77690.8
-180 -77690.8
-195 -77690.8
-210 -77690.8
-225 -77690.8
-240 -77690.8
-255 -77690.8
-270 -77690.8
-285 -77690.8
-300 -77690.8
-315 -77690.8
-330 -77690.8
-345 -77690.8
-360 -77690.8
-375 -77690.8
-390 -77690.8
-405.001 -77690.8
-420.001 -77690.8
-435.001 -77690.8
-450.001 -77690.8
-465.001 -77690.8
-480.001 -77690.8
-495.001 -77690.8
-510.001 -77690.8
-525.001 -77690.8
-540.001 -77690.8
-555.001 -77690.8
-570.001 -77690.8
-585.001 -77690.8
-600.001 -77690.8
-615.001 -77690.8
-630.001 -77690.8
-645.001 -77690.8
-660.001 -77690.8
-675.001 -77690.8
-690.001 -77690.8
-705.002 -77690.8
-720.002 -77690.8
-735.002 -77690.8
-750.002 -77690.8
-765.002 -77690.8
-780.002 -77690.8
-795.002 -77690.8
-810.002 -77690.8
-825.002 -77690.8
-840.002 -77690.8
-855.002 -77690.8
-870.002 -77690.8
-885.002 -77690.8
-900.003 -77690.8
-915.003 -77690.8
-930.003 -77690.8
-945.003 -77690.8
-960.003 -77690.8
-975.003 -77690.8
-990.003 -77690.8
-1005 -77690.8
-1020 -77690.8
-1035 -77690.8
-1050 -77690.8
-1065 -77690.8
-1080 -77690.8
-1095 -77690.8
-1110 -77690.8
-1125 -77690.8
-1140 -77690.8
-1155 -77690.8
-1170 -77690.8
-1185 -77690.8
-1200 -77690.8
-1215 -77690.8
-1230 -77690.8
-1245 -77690.8
-1260 -77690.8
-1275.01 -77690.8
-1290.01 -77690.8
-1305.01 -77690.8
-1320.01 -77690.8
-1335.01 -77690.8
-1350.01 -77690.8
-1365.01 -77690.8
-1380.01 -77690.8
-1395.01 -77690.8
-1410.01 -77690.8
-1425.01 -77690.8
-1440.01 -77690.8
-1455.01 -77690.8
-1470.01 -77690.8
-1485.01 -77690.8
-1500.01 -77690.8
