0 0
0 7.78742e-05
0 -174077
-15 -174077
-30 -174077
-45 -174077
-60 -174077
-75 -174077
-90 -174077
-105 -174077
-120 -174077
-135 -174077
-150 -174077
-165 -174077
-180 -174077
-195 -174077
-210 -174077
-225 -174077
-240 -174077
-255 -174077
-270 -174077
-285 -174077
-300 -174077
-315 -174077
-330 -174077
-345 -174077
-360 -174077
-375 -174077
-390 -174077
-405 -174077
-420 -174077
-435 -174077
-450 -174077
-465 -174077
-480 -174077
-495 -174077
-510 -174077
-525 -174077
-540.001 -174077
-555.001 -174077
-570.001 -174077
-585.001 -174077
-600.001 -174077
-615.001 -174077
-630.001 -174077
-645.001 -174077
-660.001 -174077
-675.001 -174077
-690.001 -174077
-705.001 -174077
-720.001 -174077
-735.001 -174077
-750.001 -174077
-765.001 -174077
-780.001 -174077
-795.001 -174077
-810.001 -174077
-825.001 -174077
-840.001 -174077
-855.001 -174077
-870.001 -174077
-885.001 -174077
-900.001 -174077
-915.001 -174077
-930.002 -174077
-945.002 -174077
-960.002 -174077
-975.002 -174077
-990.002 -174077
-1005 -174077
-1020 -174077
-1035 -174077
-1050 -174077
-1065 -174077
-1080 -174077
-1095 -174077
-1110 -174077
-1125 -174077
-1140 -174077
-1155 -174077
-1170 -174077
-1185 -174077
-1200 -174077
-1215 -174077
-1230 -174077
-1245 -174077
-1260 -174077
-1275 -174077
-1290 -174077
-1305 -174077
-1320 -174077
-1335 -174077
-1350 -174077
-1365 -174077
-1380 -174077
-1395 -174077
-1410 -174077
-1425 -174077
-1440 -174077
-1455 -174077
-1470 -174077
-1485 -174077
-1500 -174077
