0 -1.29379e-07
0 -4.83783e-06
0 -3.73129e-06
-1.74797e+08 -1.37313e-05
-2.76034e+08 -2.37313e-05
-2.91551e+08 -3.37313e-05
-2.85849e+08 -4.37313e-05
-2.69223e+08 -5.37313e-05
-2.43807e+08 -6.37313e-05
-2.05375e+08 -7.37313e-05
-1.46087e+08 -8.37313e-05
-1.86321e+07 -9.37313e-05
5.39713e+08 -0.000103731
5.39713e+08 -0.000113731
5.39713e+08 -0.000123731
5.39713e+08 -0.000133731
5.39713e+08 -0.000143731
5.39713e+08 -0.000153731
5.39713e+08 -0.000163731
5.39713e+08 -0.000173731
5.39713e+08 -0.000183731
5.39713e+08 -0.000193731
5.39713e+08 -0.000203731
5.39713e+08 -0.000213731
5.39713e+08 -0.000223731
5.39713e+08 -0.000233731
5.39713e+08 -0.000243731
5.39713e+08 -0.000253731
5.39713e+08 -0.000263731
5.39713e+08 -0.000273731
5.39713e+08 -0.000283731
5.39713e+08 -0.000293731
5.39713e+08 -0.000303731
5.39713e+08 -0.000313731
5.39713e+08 -0.000323731
5.39713e+08 -0.000333731
5.39713e+08 -0.000343731
5.39713e+08 -0.000353731
5.39713e+08 -0.000363731
5.39713e+08 -0.000373731
5.39713e+08 -0.000383731
5.39713e+08 -0.000393731
5.39713e+08 -0.000403731
5.39713e+08 -0.000413731
5.39713e+08 -0.000423731
5.39713e+08 -0.000433731
5.39713e+08 -0.000443731
5.39713e+08 -0.000453731
5.39713e+08 -0.000463731
5.39713e+08 -0.000473731
5.39713e+08 -0.000483731
5.39713e+08 -0.000493731
5.39713e+08 -0.000503731
5.39713e+08 -0.000513731
5.39713e+08 -0.000523731
5.39713e+08 -0.000533731
5.39713e+08 -0.000543731
5.39713e+08 -0.000553731
5.39713e+08 -0.000563731
5.39713e+08 -0.000573731
5.39713e+08 -0.000583731
5.39713e+08 -0.000593731
5.39713e+08 -0.000603731
5.39713e+08 -0.000613731
5.39713e+08 -0.000623731
5.39713e+08 -0.000633731
5.39713e+08 -0.000643731
5.39713e+08 -0.000653731
5.39713e+08 -0.000663731
5.39713e+08 -0.000673731
5.39713e+08 -0.000683731
5.39713e+08 -0.000693731
5.39713e+08 -0.000703731
5.39713e+08 -0.000713731
5.39713e+08 -0.000723731
5.39713e+08 -0.000733731
5.39713e+08 -0.000743731
5.39713e+08 -0.000753731
5.39713e+08 -0.000763731
5.39713e+08 -0.000773731
5.39713e+08 -0.000783731
5.39713e+08 -0.000793731
5.39713e+08 -0.000803731
5.39713e+08 -0.000813731
5.39713e+08 -0.000823731
5.39713e+08 -0.000833731
5.39713e+08 -0.000843731
5.39713e+08 -0.000853731
5.39713e+08 -0.000863731
5.39713e+08 -0.000873731
5.39713e+08 -0.000883731
5.39713e+08 -0.000893731
5.39713e+08 -0.000903731
5.39713e+08 -0.000913731
5.39713e+08 -0.000923731
5.39713e+08 -0.000933731
5.39713e+08 -0.000943731
5.39713e+08 -0.000953731
5.39713e+08 -0.000963731
5.39713e+08 -0.000973731
5.39713e+08 -0.000983731
5.39713e+08 -0.000993731
5.39713e+08 -0.00100373
