0 1.70432e-06
0 -1.31647e+08
0 -1.31647e+08
1.13822e+08 -2.45469e+08
1.27604e+08 -2.59251e+08
9.31652e+07 -2.24812e+08
2.10306e+07 -1.52677e+08
-2.22742e+08 7.60881e+07
-2.84734e+08 1.11799e+08
6.45285e+08 0
6.45285e+08 0
6.45285e+08 0
6.45285e+08 0
6.45285e+08 0
6.45285e+08 0
6.45285e+08 0
6.45285e+08 0
6.45285e+08 0
6.45285e+08 0
6.45285e+08 0
6.45285e+08 0
6.45285e+08 0
6.45285e+08 0
6.45285e+08 0
6.45285e+08 0
6.45285e+08 0
6.45285e+08 0
6.45285e+08 0
6.45285e+08 0
6.45285e+08 0
6.45285e+08 0
6.45285e+08 0
6.45285e+08 0
6.45285e+08 0
6.45285e+08 0
6.45285e+08 0
6.45285e+08 0
6.45285e+08 0
6.45285e+08 0
6.45285e+08 0
6.45285e+08 0
6.45285e+08 0
6.45285e+08 0
6.45285e+08 0
6.45285e+08 0
6.45285e+08 0
6.45285e+08 0
6.45285e+08 0
6.45285e+08 0
6.45285e+08 0
6.45285e+08 0
6.45285e+08 0
6.45285e+08 0
6.45285e+08 0
6.45285e+08 0
6.45285e+08 0
6.45285e+08 0
6.45285e+08 0
6.45285e+08 0
6.45285e+08 0
6.45285e+08 0
6.45285e+08 0
6.45285e+08 0
6.45285e+08 0
6.45285e+08 0
6.45285e+08 0
6.45285e+08 0
6.45285e+08 0
6.45285e+08 0
6.45285e+08 0
6.45285e+08 0
6.45285e+08 0
6.45285e+08 0
6.45285e+08 0
6.45285e+08 0
6.45285e+08 0
6.45285e+08 0
6.45285e+08 0
6.45285e+08 0
6.45285e+08 0
6.45285e+08 0
6.45285e+08 0
6.45285e+08 0
6.45285e+08 0
6.45285e+08 0
6.45285e+08 0
6.45285e+08 0
6.45285e+08 0
6.45285e+08 0
6.45285e+08 0
6.45285e+08 0
6.45285e+08 0
6.45285e+08 0
6.45285e+08 0
6.45285e+08 0
6.45285e+08 0
6.45285e+08 0
6.45285e+08 0
6.45285e+08 0
6.45285e+08 0
6.45285e+08 0
6.45285e+08 0
6.45285e+08 0
