0 -8.42566e-07
0 4.16683e-06
0 1.40447e-06
1.49639e+08 1.14045e-05
2.59879e+08 2.14045e-05
3.00759e+08 3.14045e-05
3.08147e+08 4.14045e-05
3.01704e+08 5.14045e-05
2.88354e+08 6.14045e-05
2.66519e+08 7.14045e-05
2.3511e+08 8.14045e-05
1.8771e+08 9.14045e-05
9.75504e+07 0.000101404
-4.71806e+07 0.000111404
6.84925e+08 0.000121404
6.84925e+08 0.000131404
6.84925e+08 0.000141404
6.84925e+08 0.000151404
6.84925e+08 0.000161404
6.84925e+08 0.000171404
6.84925e+08 0.000181404
6.84925e+08 0.000191404
6.84925e+08 0.000201404
6.84925e+08 0.000211404
6.84925e+08 0.000221404
6.84925e+08 0.000231404
6.84925e+08 0.000241404
6.84925e+08 0.000251404
6.84925e+08 0.000261404
6.84925e+08 0.000271404
6.84925e+08 0.000281404
6.84925e+08 0.000291404
6.84925e+08 0.000301404
6.84925e+08 0.000311404
6.84925e+08 0.000321404
6.84925e+08 0.000331404
6.84925e+08 0.000341404
6.84925e+08 0.000351404
6.84925e+08 0.000361404
6.84925e+08 0.000371404
6.84925e+08 0.000381404
6.84925e+08 0.000391404
6.84925e+08 0.000401404
6.84925e+08 0.000411404
6.84925e+08 0.000421404
6.84925e+08 0.000431404
6.84925e+08 0.000441404
6.84925e+08 0.000451404
6.84925e+08 0.000461404
6.84925e+08 0.000471404
6.84925e+08 0.000481404
6.84925e+08 0.000491404
6.84925e+08 0.000501404
6.84925e+08 0.000511404
6.84925e+08 0.000521404
6.84925e+08 0.000531404
6.84925e+08 0.000541404
6.84925e+08 0.000551404
6.84925e+08 0.000561404
6.84925e+08 0.000571404
6.84925e+08 0.000581404
6.84925e+08 0.000591404
6.84925e+08 0.000601404
6.84925e+08 0.000611404
6.84925e+08 0.000621404
6.84925e+08 0.000631404
6.84925e+08 0.000641404
6.84925e+08 0.000651404
6.84925e+08 0.000661404
6.84925e+08 0.000671404
6.84925e+08 0.000681404
6.84925e+08 0.000691404
6.84925e+08 0.000701404
6.84925e+08 0.000711404
6.84925e+08 0.000721404
6.84925e+08 0.000731404
6.84925e+08 0.000741404
6.84925e+08 0.000751404
6.84925e+08 0.000761404
6.84925e+08 0.000771404
6.84925e+08 0.000781404
6.84925e+08 0.000791404
6.84925e+08 0.000801404
6.84925e+08 0.000811404
6.84925e+08 0.000821404
6.84925e+08 0.000831404
6.84925e+08 0.000841404
6.84925e+08 0.000851404
6.84925e+08 0.000861404
6.84925e+08 0.000871404
6.84925e+08 0.000881404
6.84925e+08 0.000891404
6.84925e+08 0.000901404
6.84925e+08 0.000911404
6.84925e+08 0.000921404
6.84925e+08 0.000931404
6.84925e+08 0.000941404
6.84925e+08 0.000951404
6.84925e+08 0.000961404
6.84925e+08 0.000971404
6.84925e+08 0.000981404
6.84925e+08 0.000991404
6.84925e+08 0.0010014
