0 -4.52402e-07
0 -5.0761e-06
0 -4.10822e-06
-1.71735e+08 -1.41082e-05
-2.67598e+08 -2.41082e-05
-2.72972e+08 -3.41082e-05
-2.55331e+08 -4.41082e-05
-2.24596e+08 -5.41082e-05
-1.76408e+08 -6.41082e-05
-1.0049e+08 -7.41082e-05
2.07317e+08 -8.41082e-05
6.13965e+08 -9.41082e-05
6.13965e+08 -0.000104108
6.13965e+08 -0.000114108
6.13965e+08 -0.000124108
6.13965e+08 -0.000134108
6.13965e+08 -0.000144108
6.13965e+08 -0.000154108
6.13965e+08 -0.000164108
6.13965e+08 -0.000174108
6.13965e+08 -0.000184108
6.13965e+08 -0.000194108
6.13965e+08 -0.000204108
6.13965e+08 -0.000214108
6.13965e+08 -0.000224108
6.13965e+08 -0.000234108
6.13965e+08 -0.000244108
6.13965e+08 -0.000254108
6.13965e+08 -0.000264108
6.13965e+08 -0.000274108
6.13965e+08 -0.000284108
6.13965e+08 -0.000294108
6.13965e+08 -0.000304108
6.13965e+08 -0.000314108
6.13965e+08 -0.000324108
6.13965e+08 -0.000334108
6.13965e+08 -0.000344108
6.13965e+08 -0.000354108
6.13965e+08 -0.000364108
6.13965e+08 -0.000374108
6.13965e+08 -0.000384108
6.13965e+08 -0.000394108
6.13965e+08 -0.000404108
6.13965e+08 -0.000414108
6.13965e+08 -0.000424108
6.13965e+08 -0.000434108
6.13965e+08 -0.000444108
6.13965e+08 -0.000454108
6.13965e+08 -0.000464108
6.13965e+08 -0.000474108
6.13965e+08 -0.000484108
6.13965e+08 -0.000494108
6.13965e+08 -0.000504108
6.13965e+08 -0.000514108
6.13965e+08 -0.000524108
6.13965e+08 -0.000534108
6.13965e+08 -0.000544108
6.13965e+08 -0.000554108
6.13965e+08 -0.000564108
6.13965e+08 -0.000574108
6.13965e+08 -0.000584108
6.13965e+08 -0.000594108
6.13965e+08 -0.000604108
6.13965e+08 -0.000614108
6.13965e+08 -0.000624108
6.13965e+08 -0.000634108
6.13965e+08 -0.000644108
6.13965e+08 -0.000654108
6.13965e+08 -0.000664108
6.13965e+08 -0.000674108
6.13965e+08 -0.000684108
6.13965e+08 -0.000694108
6.13965e+08 -0.000704108
6.13965e+08 -0.000714108
6.13965e+08 -0.000724108
6.13965e+08 -0.000734108
6.13965e+08 -0.000744108
6.13965e+08 -0.000754108
6.13965e+08 -0.000764108
6.13965e+08 -0.000774108
6.13965e+08 -0.000784108
6.13965e+08 -0.000794108
6.13965e+08 -0.000804108
6.13965e+08 -0.000814108
6.13965e+08 -0.000824108
6.13965e+08 -0.000834108
6.13965e+08 -0.000844108
6.13965e+08 -0.000854108
6.13965e+08 -0.000864108
6.13965e+08 -0.000874108
6.13965e+08 -0.000884108
6.13965e+08 -0.000894108
6.13965e+08 -0.000904108
6.13965e+08 -0.000914108
6.13965e+08 -0.000924108
6.13965e+08 -0.000934108
6.13965e+08 -0.000944108
6.13965e+08 -0.000954108
6.13965e+08 -0.000964108
6.13965e+08 -0.000974108
6.13965e+08 -0.000984108
6.13965e+08 -0.000994108
6.13965e+08 -0.00100411
