0 -3.91338e-06
0 -2.33532e-05
0 -95573.7
-15 -95573.7
-30 -95573.7
-45 -95573.7
-60 -95573.7
-75 -95573.7
-90 -95573.7
-105 -95573.7
-120 -95573.7
-135 -95573.7
-150 -95573.7
-165 -95573.7
-180 -95573.7
-195 -95573.7
-210 -95573.7
-225 -95573.7
-240 -95573.7
-255 -95573.7
-270 -95573.7
-285 -95573.7
-300 -95573.7
-315 -95573.7
-330 -95573.7
-345 -95573.7
-360 -95573.7
-375 -95573.7
-390 -95573.7
-405.001 -95573.7
-420.001 -95573.7
-435.001 -95573.7
-450.001 -95573.7
-465.001 -95573.7
-480.001 -95573.7
-495.001 -95573.7
-510.001 -95573.7
-525.001 -95573.7
-540.001 -95573.7
-555.001 -95573.7
-570.001 -95573.7
-585.001 -95573.7
-600.001 -95573.7
-615.001 -95573.7
-630.001 -95573.7
-645.001 -95573.7
-660.001 -95573.7
-675.001 -95573.7
-690.001 -95573.7
-705.002 -95573.7
-720.002 -95573.7
-735.002 -95573.7
-750.002 -95573.7
-765.002 -95573.7
-780.002 -95573.7
-795.002 -95573.7
-810.002 -95573.7
-825.002 -95573.7
-840.002 -95573.7
-855.002 -95573.7
-870.002 -95573.7
-885.002 -95573.7
-900.003 -95573.7
-915.003 -95573.7
-930.003 -95573.7
-945.003 -95573.7
-960.003 -95573.7
-975.003 -95573.7
-990.003 -95573.7
-1005 -95573.7
-1020 -95573.7
-1035 -95573.7
-1050 -95573.7
-1065 -95573.7
-1080 -95573.7
-1095 -95573.7
-1110 -95573.7
-1125 -95573.7
-1140 -95573.7
-1155 -95573.7
-1170 -95573.7
-1185 -95573.7
-1200 -95573.7
-1215 -95573.7
-1230 -95573.7
-1245 -95573.7
-1260 -95573.7
-1275.01 -95573.7
-1290.01 -95573.7
-1305.01 -95573.7
-1320.01 -95573.7
-1335.01 -95573.7
-1350.01 -95573.7
-1365.01 -95573.7
-1380.01 -95573.7
-1395.01 -95573.7
-1410.01 -95573.7
-1425.01 -95573.7
-1440.01 -95573.7
-1455.01 -95573.7
-1470.01 -95573.7
-1485.01 -95573.7
-1500.01 -95573.7
