0 2.23983e-06
0 8.73205e+07
0 8.73205e+07
-1.41872e+08 2.29192e+08
-1.75834e+08 2.63154e+08
-1.46018e+08 2.33339e+08
-8.4051e+07 1.71372e+08
2.56989e+07 6.16216e+07
7.93622e+08 0
7.93622e+08 0
7.93622e+08 0
7.93622e+08 0
7.93622e+08 0
7.93622e+08 0
7.93622e+08 0
7.93622e+08 0
7.93622e+08 0
7.93622e+08 0
7.93622e+08 0
7.93622e+08 0
7.93622e+08 0
7.93622e+08 0
7.93622e+08 0
7.93622e+08 0
7.93622e+08 0
7.93622e+08 0
7.93622e+08 0
7.93622e+08 0
7.93622e+08 0
7.93622e+08 0
7.93622e+08 0
7.93622e+08 0
7.93622e+08 0
7.93622e+08 0
7.93622e+08 0
7.93622e+08 0
7.93622e+08 0
7.93622e+08 0
7.93622e+08 0
7.93622e+08 0
7.93622e+08 0
7.93622e+08 0
7.93622e+08 0
7.93622e+08 0
7.93622e+08 0
7.93622e+08 0
7.93622e+08 0
7.93622e+08 0
7.93622e+08 0
7.93622e+08 0
7.93622e+08 0
7.93622e+08 0
7.93622e+08 0
7.93622e+08 0
7.93622e+08 0
7.93622e+08 0
7.93622e+08 0
7.93622e+08 0
7.93622e+08 0
7.93622e+08 0
7.93622e+08 0
7.93622e+08 0
7.93622e+08 0
7.93622e+08 0
7.93622e+08 0
7.93622e+08 0
7.93622e+08 0
7.93622e+08 0
7.93622e+08 0
7.93622e+08 0
7.93622e+08 0
7.93622e+08 0
7.93622e+08 0
7.93622e+08 0
7.93622e+08 0
7.93622e+08 0
7.93622e+08 0
7.93622e+08 0
7.93622e+08 0
7.93622e+08 0
7.93622e+08 0
7.93622e+08 0
7.93622e+08 0
7.93622e+08 0
7.93622e+08 0
7.93622e+08 0
7.93622e+08 0
7.93622e+08 0
7.93622e+08 0
7.93622e+08 0
7.93622e+08 0
7.93622e+08 0
7.93622e+08 0
7.93622e+08 0
7.93622e+08 0
7.93622e+08 0
7.93622e+08 0
7.93622e+08 0
7.93622e+08 0
7.93622e+08 0
7.93622e+08 0
7.93622e+08 0
7.93622e+08 0
