0 -1.5464e-06
0 -1.5028e-05
0 -9.89806e-06
-1.09302e+08 -1.98981e-05
-1.15551e+08 -2.98981e-05
-7.7342e+07 -3.98981e-05
-4.93149e+06 -4.98981e-05
1.42482e+08 -5.98981e-05
8.4709e+08 -6.98981e-05
8.4709e+08 -7.98981e-05
8.4709e+08 -8.98981e-05
8.4709e+08 -9.98981e-05
8.4709e+08 -0.000109898
8.4709e+08 -0.000119898
8.4709e+08 -0.000129898
8.4709e+08 -0.000139898
8.4709e+08 -0.000149898
8.4709e+08 -0.000159898
8.4709e+08 -0.000169898
8.4709e+08 -0.000179898
8.4709e+08 -0.000189898
8.4709e+08 -0.000199898
8.4709e+08 -0.000209898
8.4709e+08 -0.000219898
8.4709e+08 -0.000229898
8.4709e+08 -0.000239898
8.4709e+08 -0.000249898
8.4709e+08 -0.000259898
8.4709e+08 -0.000269898
8.4709e+08 -0.000279898
8.4709e+08 -0.000289898
8.4709e+08 -0.000299898
8.4709e+08 -0.000309898
8.4709e+08 -0.000319898
8.4709e+08 -0.000329898
8.4709e+08 -0.000339898
8.4709e+08 -0.000349898
8.4709e+08 -0.000359898
8.4709e+08 -0.000369898
8.4709e+08 -0.000379898
8.4709e+08 -0.000389898
8.4709e+08 -0.000399898
8.4709e+08 -0.000409898
8.4709e+08 -0.000419898
8.4709e+08 -0.000429898
8.4709e+08 -0.000439898
8.4709e+08 -0.000449898
8.4709e+08 -0.000459898
8.4709e+08 -0.000469898
8.4709e+08 -0.000479898
8.4709e+08 -0.000489898
8.4709e+08 -0.000499898
8.4709e+08 -0.000509898
8.4709e+08 -0.000519898
8.4709e+08 -0.000529898
8.4709e+08 -0.000539898
8.4709e+08 -0.000549898
8.4709e+08 -0.000559898
8.4709e+08 -0.000569898
8.4709e+08 -0.000579898
8.4709e+08 -0.000589898
8.4709e+08 -0.000599898
8.4709e+08 -0.000609898
8.4709e+08 -0.000619898
8.4709e+08 -0.000629898
8.4709e+08 -0.000639898
8.4709e+08 -0.000649898
8.4709e+08 -0.000659898
8.4709e+08 -0.000669898
8.4709e+08 -0.000679898
8.4709e+08 -0.000689898
8.4709e+08 -0.000699898
8.4709e+08 -0.000709898
8.4709e+08 -0.000719898
8.4709e+08 -0.000729898
8.4709e+08 -0.000739898
8.4709e+08 -0.000749898
8.4709e+08 -0.000759898
8.4709e+08 -0.000769898
8.4709e+08 -0.000779898
8.4709e+08 -0.000789898
8.4709e+08 -0.000799898
8.4709e+08 -0.000809898
8.4709e+08 -0.000819898
8.4709e+08 -0.000829898
8.4709e+08 -0.000839898
8.4709e+08 -0.000849898
8.4709e+08 -0.000859898
8.4709e+08 -0.000869898
8.4709e+08 -0.000879898
8.4709e+08 -0.000889898
8.4709e+08 -0.000899898
8.4709e+08 -0.000909898
8.4709e+08 -0.000919898
8.4709e+08 -0.000929898
8.4709e+08 -0.000939898
8.4709e+08 -0.000949898
8.4709e+08 -0.000959898
8.4709e+08 -0.000969898
8.4709e+08 -0.000979898
8.4709e+08 -0.000989898
8.4709e+08 -0.000999898
8.4709e+08 -0.0010099
