0 -8.42566e-07
0 -5.00079e-06
0 -2.88624e-06
-1.30966e+08 -1.28862e-05
-1.69849e+08 -2.28862e-05
-1.92711e+08 -3.28862e-05
-2.11731e+08 -4.28862e-05
-2.24995e+08 -5.28862e-05
-2.33184e+08 -6.28862e-05
-2.39225e+08 -7.28862e-05
-2.43072e+08 -8.28862e-05
-2.45682e+08 -9.28862e-05
-2.47358e+08 -0.000102886
-2.48387e+08 -0.000112886
-2.48857e+08 -0.000122886
-2.48864e+08 -0.000132886
-2.48469e+08 -0.000142886
-2.47699e+08 -0.000152886
-2.46556e+08 -0.000162886
-2.45042e+08 -0.000172886
-2.43139e+08 -0.000182886
-2.40769e+08 -0.000192886
-2.37827e+08 -0.000202886
-2.34182e+08 -0.000212886
-2.2948e+08 -0.000222886
-2.23092e+08 -0.000232886
-2.13608e+08 -0.000242886
-2.00983e+08 -0.000252886
-1.86554e+08 -0.000262886
-1.69609e+08 -0.000272886
-1.49907e+08 -0.000282886
-1.30799e+08 -0.000292886
-1.13807e+08 -0.000302886
-9.85244e+07 -0.000312886
-8.45667e+07 -0.000322886
-7.17899e+07 -0.000332886
-5.9924e+07 -0.000342886
-4.88322e+07 -0.000352886
-3.79205e+07 -0.000362886
-2.78735e+07 -0.000372886
-1.74194e+07 -0.000382886
-6.53699e+06 -0.000392886
5.02906e+06 -0.000402886
1.6948e+07 -0.000412886
2.94717e+07 -0.000422886
4.17801e+07 -0.000432886
5.42839e+07 -0.000442886
6.61908e+07 -0.000452886
7.76627e+07 -0.000462886
8.83457e+07 -0.000472886
9.79316e+07 -0.000482886
1.07589e+08 -0.000492886
1.17001e+08 -0.000502886
1.24768e+08 -0.000512886
1.71096e+08 -0.000522886
1.8037e+08 -0.000532886
1.92011e+08 -0.000542886
2.26486e+08 -0.000552886
2.26486e+08 -0.000562886
2.26486e+08 -0.000572886
2.26486e+08 -0.000582886
2.26486e+08 -0.000592886
2.26486e+08 -0.000602886
2.26486e+08 -0.000612886
2.26486e+08 -0.000622886
2.26486e+08 -0.000632886
2.26486e+08 -0.000642886
2.26486e+08 -0.000652886
2.26486e+08 -0.000662886
2.26486e+08 -0.000672886
2.26486e+08 -0.000682886
2.26486e+08 -0.000692886
2.26486e+08 -0.000702886
2.26486e+08 -0.000712886
2.26486e+08 -0.000722886
2.26486e+08 -0.000732886
2.26486e+08 -0.000742886
2.26486e+08 -0.000752886
2.26486e+08 -0.000762886
2.26486e+08 -0.000772886
2.26486e+08 -0.000782886
2.26486e+08 -0.000792886
2.26486e+08 -0.000802886
2.26486e+08 -0.000812886
2.26486e+08 -0.000822886
2.26486e+08 -0.000832886
2.26486e+08 -0.000842886
2.26486e+08 -0.000852886
2.26486e+08 -0.000862886
2.26486e+08 -0.000872886
2.26486e+08 -0.000882886
2.26486e+08 -0.000892886
2.26486e+08 -0.000902886
2.26486e+08 -0.000912886
2.26486e+08 -0.000922886
2.26486e+08 -0.000932886
2.26486e+08 -0.000942886
2.26486e+08 -0.000952886
2.26486e+08 -0.000962886
2.26486e+08 -0.000972886
2.26486e+08 -0.000982886
2.26486e+08 -0.000992886
2.26486e+08 -0.00100289
