0 -1.91386e-06
0 -2.97954e-05
0 -315142
-15 -315142
-30 -315142
-45 -315142
-60 -315142
-75 -315142
-90 -315142
-105 -315142
-120 -315142
-135 -315142
-150 -315142
-165 -315142
-180 -315142
-195 -315142
-210 -315142
-225 -315142
-240 -315142
-255 -315142
-270 -315142
-285 -315142
-300 -315142
-315 -315142
-330 -315142
-345 -315142
-360 -315142
-375 -315142
-390 -315142
-405 -315142
-420 -315142
-435 -315142
-450 -315142
-465 -315142
-480 -315142
-495 -315142
-510 -315142
-525 -315142
-540 -315142
-555 -315142
-570 -315142
-585 -315142
-600 -315142
-615 -315142
-630 -315142
-645 -315142
-660 -315142
-675 -315142
-690 -315142
-705 -315142
-720 -315142
-735 -315142
-750 -315142
-765 -315142
-780 -315142
-795 -315142
-810.001 -315142
-825.001 -315142
-840.001 -315142
-855.001 -315142
-870.001 -315142
-885.001 -315142
-900.001 -315142
-915.001 -315142
-930.001 -315142
-945.001 -315142
-960.001 -315142
-975.001 -315142
-990.001 -315142
-1005 -315142
-1020 -315142
-1035 -315142
-1050 -315142
-1065 -315142
-1080 -315142
-1095 -315142
-1110 -315142
-1125 -315142
-1140 -315142
-1155 -315142
-1170 -315142
-1185 -315142
-1200 -315142
-1215 -315142
-1230 -315142
-1245 -315142
-1260 -315142
-1275 -315142
-1290 -315142
-1305 -315142
-1320 -315142
-1335 -315142
-1350 -315142
-1365 -315142
-1380 -315142
-1395 -315142
-1410 -315142
-1425 -315142
-1440 -315142
-1455 -315142
-1470 -315142
-1485 -315142
-1500 -315142
