0 -2.49728e-06
0 -6.39727e-06
0 -7.50971e-06
-5.64935e+07 -1.75097e-05
-2.57212e+07 -2.75097e-05
1.07577e+08 -3.75097e-05
1.21381e+09 -4.75097e-05
1.21381e+09 -5.75097e-05
1.21381e+09 -6.75097e-05
1.21381e+09 -7.75097e-05
1.21381e+09 -8.75097e-05
1.21381e+09 -9.75097e-05
1.21381e+09 -0.00010751
1.21381e+09 -0.00011751
1.21381e+09 -0.00012751
1.21381e+09 -0.00013751
1.21381e+09 -0.00014751
1.21381e+09 -0.00015751
1.21381e+09 -0.00016751
1.21381e+09 -0.00017751
1.21381e+09 -0.00018751
1.21381e+09 -0.00019751
1.21381e+09 -0.00020751
1.21381e+09 -0.00021751
1.21381e+09 -0.00022751
1.21381e+09 -0.00023751
1.21381e+09 -0.00024751
1.21381e+09 -0.00025751
1.21381e+09 -0.00026751
1.21381e+09 -0.00027751
1.21381e+09 -0.00028751
1.21381e+09 -0.00029751
1.21381e+09 -0.00030751
1.21381e+09 -0.00031751
1.21381e+09 -0.00032751
1.21381e+09 -0.00033751
1.21381e+09 -0.00034751
1.21381e+09 -0.00035751
1.21381e+09 -0.00036751
1.21381e+09 -0.00037751
1.21381e+09 -0.00038751
1.21381e+09 -0.00039751
1.21381e+09 -0.00040751
1.21381e+09 -0.00041751
1.21381e+09 -0.00042751
1.21381e+09 -0.00043751
1.21381e+09 -0.00044751
1.21381e+09 -0.00045751
1.21381e+09 -0.00046751
1.21381e+09 -0.00047751
1.21381e+09 -0.00048751
1.21381e+09 -0.00049751
1.21381e+09 -0.00050751
1.21381e+09 -0.00051751
1.21381e+09 -0.00052751
1.21381e+09 -0.00053751
1.21381e+09 -0.00054751
1.21381e+09 -0.00055751
1.21381e+09 -0.00056751
1.21381e+09 -0.00057751
1.21381e+09 -0.00058751
1.21381e+09 -0.00059751
1.21381e+09 -0.00060751
1.21381e+09 -0.00061751
1.21381e+09 -0.00062751
1.21381e+09 -0.00063751
1.21381e+09 -0.00064751
1.21381e+09 -0.00065751
1.21381e+09 -0.00066751
1.21381e+09 -0.00067751
1.21381e+09 -0.00068751
1.21381e+09 -0.00069751
1.21381e+09 -0.00070751
1.21381e+09 -0.00071751
1.21381e+09 -0.00072751
1.21381e+09 -0.00073751
1.21381e+09 -0.00074751
1.21381e+09 -0.00075751
1.21381e+09 -0.00076751
1.21381e+09 -0.00077751
1.21381e+09 -0.00078751
1.21381e+09 -0.00079751
1.21381e+09 -0.00080751
1.21381e+09 -0.00081751
1.21381e+09 -0.00082751
1.21381e+09 -0.00083751
1.21381e+09 -0.00084751
1.21381e+09 -0.00085751
1.21381e+09 -0.00086751
1.21381e+09 -0.00087751
1.21381e+09 -0.00088751
1.21381e+09 -0.00089751
1.21381e+09 -0.00090751
1.21381e+09 -0.00091751
1.21381e+09 -0.00092751
1.21381e+09 -0.00093751
1.21381e+09 -0.00094751
1.21381e+09 -0.00095751
1.21381e+09 -0.00096751
1.21381e+09 -0.00097751
1.21381e+09 -0.00098751
1.21381e+09 -0.00099751
1.21381e+09 -0.00100751
