0 -3.63216e-08
0 1.52298e+08
0 1.52298e+08
6.18618e+07 9.04362e+07
1.82103e+08 -2.98046e+07
3.66202e+08 -2.13904e+08
6.12751e+08 0
6.12751e+08 0
6.12751e+08 0
6.12751e+08 0
6.12751e+08 0
6.12751e+08 0
6.12751e+08 0
6.12751e+08 0
6.12751e+08 0
6.12751e+08 0
6.12751e+08 0
6.12751e+08 0
6.12751e+08 0
6.12751e+08 0
6.12751e+08 0
6.12751e+08 0
6.12751e+08 0
6.12751e+08 0
6.12751e+08 0
6.12751e+08 0
6.12751e+08 0
6.12751e+08 0
6.12751e+08 0
6.12751e+08 0
6.12751e+08 0
6.12751e+08 0
6.12751e+08 0
6.12751e+08 0
6.12751e+08 0
6.12751e+08 0
6.12751e+08 0
6.12751e+08 0
6.12751e+08 0
6.12751e+08 0
6.12751e+08 0
6.12751e+08 0
6.12751e+08 0
6.12751e+08 0
6.12751e+08 0
6.12751e+08 0
6.12751e+08 0
6.12751e+08 0
6.12751e+08 0
6.12751e+08 0
6.12751e+08 0
6.12751e+08 0
6.12751e+08 0
6.12751e+08 0
6.12751e+08 0
6.12751e+08 0
6.12751e+08 0
6.12751e+08 0
6.12751e+08 0
6.12751e+08 0
6.12751e+08 0
6.12751e+08 0
6.12751e+08 0
6.12751e+08 0
6.12751e+08 0
6.12751e+08 0
6.12751e+08 0
6.12751e+08 0
6.12751e+08 0
6.12751e+08 0
6.12751e+08 0
6.12751e+08 0
6.12751e+08 0
6.12751e+08 0
6.12751e+08 0
6.12751e+08 0
6.12751e+08 0
6.12751e+08 0
6.12751e+08 0
6.12751e+08 0
6.12751e+08 0
6.12751e+08 0
6.12751e+08 0
6.12751e+08 0
6.12751e+08 0
6.12751e+08 0
6.12751e+08 0
6.12751e+08 0
6.12751e+08 0
6.12751e+08 0
6.12751e+08 0
6.12751e+08 0
6.12751e+08 0
6.12751e+08 0
6.12751e+08 0
6.12751e+08 0
6.12751e+08 0
6.12751e+08 0
6.12751e+08 0
6.12751e+08 0
6.12751e+08 0
6.12751e+08 0
6.12751e+08 0
