0 -2.40274e-06
0 3.41015e-05
0 2.0997e-05
-17.1954 3.0997e-05
-41.9227 4.0997e-05
-74.6926 5.0997e-05
-116.186 6.0997e-05
-166.883 7.0997e-05
-227.127 8.0997e-05
-296.662 9.0997e-05
-374.344 0.000100997
-459.516 0.000110997
-551.722 0.000120997
-650.63 0.000130997
-755.411 0.000140997
-865.248 0.000150997
-979.786 0.000160997
-1099.03 0.000170997
-1299.43 0.000180997
-1601.51 0.000190997
-1903.59 0.000200997
-2205.68 0.000210997
-2507.76 0.000220997
-2809.84 0.000230997
-3111.92 0.000240997
-3414 0.000250997
-3716.08 0.000260997
-4018.16 0.000270997
-4320.24 0.000280997
-4622.33 0.000290997
-4924.41 0.000300997
-5226.49 0.000310997
-5528.57 0.000320997
-5830.65 0.000330997
-6132.74 0.000340997
-6434.82 0.000350997
-6736.9 0.000360997
-7038.98 0.000370997
-7341.07 0.000380997
-7643.15 0.000390997
-7945.23 0.000400997
-8247.31 0.000410997
-8549.4 0.000420997
-8851.48 0.000430997
-9153.56 0.000440997
-9455.65 0.000450997
-9757.73 0.000460997
-10059.8 0.000470997
-10361.9 0.000480997
-10664 0.000490997
-10966.1 0.000500997
-11268.1 0.000510997
-11570.2 0.000520997
-11872.3 0.000530997
-12174.4 0.000540997
-12476.5 0.000550997
-12778.6 0.000560997
-13080.7 0.000570997
-13382.7 0.000580997
-13684.8 0.000590997
-13986.9 0.000600997
-14289 0.000610997
-14591.1 0.000620997
-14893.2 0.000630997
-15195.2 0.000640997
-15497.3 0.000650997
-15799.4 0.000660997
-16101.5 0.000670997
-16403.6 0.000680997
-16705.7 0.000690997
-17007.8 0.000700997
-17309.8 0.000710997
-17611.9 0.000720997
-17914 0.000730997
-18216.1 0.000740997
-18518.2 0.000750997
-18820.3 0.000760997
-19122.4 0.000770997
-19424.4 0.000780997
-19726.5 0.000790997
-20028.6 0.000800997
-20330.7 0.000810997
-20632.8 0.000820997
-20934.9 0.000830997
-21237 0.000840997
-21539 0.000850997
-21841.1 0.000860997
-22143.2 0.000870997
-22445.3 0.000880997
-22747.4 0.000890997
-23049.5 0.000900997
-23351.6 0.000910997
-23653.6 0.000920997
-23955.7 0.000930997
-24257.8 0.000940997
-24559.9 0.000950997
-24862 0.000960997
-25164.1 0.000970997
-25466.2 0.000980997
-25768.3 0.000990997
-26070.4 0.001001
-26372.4 0.001011
-26674.5 0.001021
