0 -3.33073e-06
0 1.11178e-05
0 6.34264e-06
1.25381e+08 1.63426e-05
1.68086e+08 2.63426e-05
1.87758e+08 3.63426e-05
1.9535e+08 4.63426e-05
1.97907e+08 5.63426e-05
1.97752e+08 6.63426e-05
1.96005e+08 7.63426e-05
1.92449e+08 8.63426e-05
1.87445e+08 9.63426e-05
1.80939e+08 0.000106343
1.72756e+08 0.000116343
1.62545e+08 0.000126343
1.46302e+08 0.000136343
1.17395e+08 0.000146343
3.12122e+07 0.000156343
-8.25621e+07 0.000166343
2.34754e+08 0.000176343
2.34754e+08 0.000186343
2.34754e+08 0.000196343
2.34754e+08 0.000206343
2.34754e+08 0.000216343
2.34754e+08 0.000226343
2.34754e+08 0.000236343
2.34754e+08 0.000246343
2.34754e+08 0.000256343
2.34754e+08 0.000266343
2.34754e+08 0.000276343
2.34754e+08 0.000286343
2.34754e+08 0.000296343
2.34754e+08 0.000306343
2.34754e+08 0.000316343
2.34754e+08 0.000326343
2.34754e+08 0.000336343
2.34754e+08 0.000346343
2.34754e+08 0.000356343
2.34754e+08 0.000366343
2.34754e+08 0.000376343
2.34754e+08 0.000386343
2.34754e+08 0.000396343
2.34754e+08 0.000406343
2.34754e+08 0.000416343
2.34754e+08 0.000426343
2.34754e+08 0.000436343
2.34754e+08 0.000446343
2.34754e+08 0.000456343
2.34754e+08 0.000466343
2.34754e+08 0.000476343
2.34754e+08 0.000486343
2.34754e+08 0.000496343
2.34754e+08 0.000506343
2.34754e+08 0.000516343
2.34754e+08 0.000526343
2.34754e+08 0.000536343
2.34754e+08 0.000546343
2.34754e+08 0.000556343
2.34754e+08 0.000566343
2.34754e+08 0.000576343
2.34754e+08 0.000586343
2.34754e+08 0.000596343
2.34754e+08 0.000606343
2.34754e+08 0.000616343
2.34754e+08 0.000626343
2.34754e+08 0.000636343
2.34754e+08 0.000646343
2.34754e+08 0.000656343
2.34754e+08 0.000666343
2.34754e+08 0.000676343
2.34754e+08 0.000686343
2.34754e+08 0.000696343
2.34754e+08 0.000706343
2.34754e+08 0.000716343
2.34754e+08 0.000726343
2.34754e+08 0.000736343
2.34754e+08 0.000746343
2.34754e+08 0.000756343
2.34754e+08 0.000766343
2.34754e+08 0.000776343
2.34754e+08 0.000786343
2.34754e+08 0.000796343
2.34754e+08 0.000806343
2.34754e+08 0.000816343
2.34754e+08 0.000826343
2.34754e+08 0.000836343
2.34754e+08 0.000846343
2.34754e+08 0.000856343
2.34754e+08 0.000866343
2.34754e+08 0.000876343
2.34754e+08 0.000886343
2.34754e+08 0.000896343
2.34754e+08 0.000906343
2.34754e+08 0.000916343
2.34754e+08 0.000926343
2.34754e+08 0.000936343
2.34754e+08 0.000946343
2.34754e+08 0.000956343
2.34754e+08 0.000966343
2.34754e+08 0.000976343
2.34754e+08 0.000986343
2.34754e+08 0.000996343
2.34754e+08 0.00100634
