0 -7.74822e-07
0 2.96931e-05
0 -277264
-15 -277264
-30 -277264
-45 -277264
-60 -277264
-75 -277264
-90 -277264
-105 -277264
-120 -277264
-135 -277264
-150 -277264
-165 -277264
-180 -277264
-195 -277264
-210 -277264
-225 -277264
-240 -277264
-255 -277264
-270 -277264
-285 -277264
-300 -277264
-315 -277264
-330 -277264
-345 -277264
-360 -277264
-375 -277264
-390 -277264
-405 -277264
-420 -277264
-435 -277264
-450 -277264
-465 -277264
-480 -277264
-495 -277264
-510 -277264
-525 -277264
-540 -277264
-555 -277264
-570 -277264
-585 -277264
-600 -277264
-615 -277264
-630 -277264
-645 -277264
-660 -277264
-675 -277264
-690 -277264
-705 -277264
-720.001 -277264
-735.001 -277264
-750.001 -277264
-765.001 -277264
-780.001 -277264
-795.001 -277264
-810.001 -277264
-825.001 -277264
-840.001 -277264
-855.001 -277264
-870.001 -277264
-885.001 -277264
-900.001 -277264
-915.001 -277264
-930.001 -277264
-945.001 -277264
-960.001 -277264
-975.001 -277264
-990.001 -277264
-1005 -277264
-1020 -277264
-1035 -277264
-1050 -277264
-1065 -277264
-1080 -277264
-1095 -277264
-1110 -277264
-1125 -277264
-1140 -277264
-1155 -277264
-1170 -277264
-1185 -277264
-1200 -277264
-1215 -277264
-1230 -277264
-1245 -277264
-1260 -277264
-1275 -277264
-1290 -277264
-1305 -277264
-1320 -277264
-1335 -277264
-1350 -277264
-1365 -277264
-1380 -277264
-1395 -277264
-1410 -277264
-1425 -277264
-1440 -277264
-1455 -277264
-1470 -277264
-1485 -277264
-1500 -277264
