0 -2.5235e-06
0 -9.33722e-06
0 -5.41912e-06
-1.69848e+08 -1.54191e-05
-2.48476e+08 -2.54191e-05
-2.49967e+08 -3.54191e-05
-2.30236e+08 -4.54191e-05
-1.97615e+08 -5.54191e-05
-1.4663e+08 -6.54191e-05
-6.49031e+07 -7.54191e-05
1.72186e+08 -8.54191e-05
6.35563e+08 -9.54191e-05
6.35563e+08 -0.000105419
6.35563e+08 -0.000115419
6.35563e+08 -0.000125419
6.35563e+08 -0.000135419
6.35563e+08 -0.000145419
6.35563e+08 -0.000155419
6.35563e+08 -0.000165419
6.35563e+08 -0.000175419
6.35563e+08 -0.000185419
6.35563e+08 -0.000195419
6.35563e+08 -0.000205419
6.35563e+08 -0.000215419
6.35563e+08 -0.000225419
6.35563e+08 -0.000235419
6.35563e+08 -0.000245419
6.35563e+08 -0.000255419
6.35563e+08 -0.000265419
6.35563e+08 -0.000275419
6.35563e+08 -0.000285419
6.35563e+08 -0.000295419
6.35563e+08 -0.000305419
6.35563e+08 -0.000315419
6.35563e+08 -0.000325419
6.35563e+08 -0.000335419
6.35563e+08 -0.000345419
6.35563e+08 -0.000355419
6.35563e+08 -0.000365419
6.35563e+08 -0.000375419
6.35563e+08 -0.000385419
6.35563e+08 -0.000395419
6.35563e+08 -0.000405419
6.35563e+08 -0.000415419
6.35563e+08 -0.000425419
6.35563e+08 -0.000435419
6.35563e+08 -0.000445419
6.35563e+08 -0.000455419
6.35563e+08 -0.000465419
6.35563e+08 -0.000475419
6.35563e+08 -0.000485419
6.35563e+08 -0.000495419
6.35563e+08 -0.000505419
6.35563e+08 -0.000515419
6.35563e+08 -0.000525419
6.35563e+08 -0.000535419
6.35563e+08 -0.000545419
6.35563e+08 -0.000555419
6.35563e+08 -0.000565419
6.35563e+08 -0.000575419
6.35563e+08 -0.000585419
6.35563e+08 -0.000595419
6.35563e+08 -0.000605419
6.35563e+08 -0.000615419
6.35563e+08 -0.000625419
6.35563e+08 -0.000635419
6.35563e+08 -0.000645419
6.35563e+08 -0.000655419
6.35563e+08 -0.000665419
6.35563e+08 -0.000675419
6.35563e+08 -0.000685419
6.35563e+08 -0.000695419
6.35563e+08 -0.000705419
6.35563e+08 -0.000715419
6.35563e+08 -0.000725419
6.35563e+08 -0.000735419
6.35563e+08 -0.000745419
6.35563e+08 -0.000755419
6.35563e+08 -0.000765419
6.35563e+08 -0.000775419
6.35563e+08 -0.000785419
6.35563e+08 -0.000795419
6.35563e+08 -0.000805419
6.35563e+08 -0.000815419
6.35563e+08 -0.000825419
6.35563e+08 -0.000835419
6.35563e+08 -0.000845419
6.35563e+08 -0.000855419
6.35563e+08 -0.000865419
6.35563e+08 -0.000875419
6.35563e+08 -0.000885419
6.35563e+08 -0.000895419
6.35563e+08 -0.000905419
6.35563e+08 -0.000915419
6.35563e+08 -0.000925419
6.35563e+08 -0.000935419
6.35563e+08 -0.000945419
6.35563e+08 -0.000955419
6.35563e+08 -0.000965419
6.35563e+08 -0.000975419
6.35563e+08 -0.000985419
6.35563e+08 -0.000995419
6.35563e+08 -0.00100542
