0 5.44824e-08
0 -1.83592e+08
0 -1.66841e+08
-3139.5 0
-7442.27 0
-11745.1 0
-16047.9 0
-20350.8 0
-24653.7 0
-28956.6 0
-33259.6 0
-37562.6 0
-41865.6 0
-46168.7 0
-50471.8 0
-54774.9 0
-59078.1 0
-63381.3 0
-67684.5 0
-71987.8 0
-76291.1 0
-80594.5 0
-84897.9 0
-89201.3 0
-93504.7 0
-97808.2 0
-102112 0
-106415 0
-110719 0
-115022 0
-119326 0
-123630 0
-127934 0
-132237 0
-136541 0
-140845 0
-145149 0
-149453 0
-153757 0
-158061 0
-162365 0
-166669 0
-170973 0
-175277 0
-179581 0
-183885 0
-188189 0
-192493 0
-196798 0
-201102 0
-205406 0
-209711 0
-214015 0
-218320 0
-222624 0
-226929 0
-231233 0
-235538 0
-239842 0
-244147 0
-248452 0
-252756 0
-257061 0
-261366 0
-265671 0
-269976 0
-274280 0
-278585 0
-282890 0
-287195 0
-291500 0
-295805 0
-300111 0
-304416 0
-308721 0
-313026 0
-317331 0
-321636 0
-325942 0
-330247 0
-334552 0
-338858 0
-343163 0
-347469 0
-351774 0
-356080 0
-360385 0
-364691 0
-368997 0
-373302 0
-377608 0
-381914 0
-386220 0
-390525 0
-394831 0
-399137 0
-403443 0
-407749 0
-412055 0
-416361 0
-420667 0
-424973 0
-429279 0
