0 -1.55857e-06
0 -9.7959e+07
0 -9.7959e+07
1.44913e+08 -2.42872e+08
2.21349e+08 -3.19308e+08
2.27261e+08 -3.2522e+08
2.09013e+08 -3.06972e+08
1.77549e+08 -2.75508e+08
1.25339e+08 -2.23298e+08
3.07972e+07 -1.28756e+08
-2.90941e+08 1.25433e+08
5.37713e+08 0
5.37713e+08 0
5.37713e+08 0
5.37713e+08 0
5.37713e+08 0
5.37713e+08 0
5.37713e+08 0
5.37713e+08 0
5.37713e+08 0
5.37713e+08 0
5.37713e+08 0
5.37713e+08 0
5.37713e+08 0
5.37713e+08 0
5.37713e+08 0
5.37713e+08 0
5.37713e+08 0
5.37713e+08 0
5.37713e+08 0
5.37713e+08 0
5.37713e+08 0
5.37713e+08 0
5.37713e+08 0
5.37713e+08 0
5.37713e+08 0
5.37713e+08 0
5.37713e+08 0
5.37713e+08 0
5.37713e+08 0
5.37713e+08 0
5.37713e+08 0
5.37713e+08 0
5.37713e+08 0
5.37713e+08 0
5.37713e+08 0
5.37713e+08 0
5.37713e+08 0
5.37713e+08 0
5.37713e+08 0
5.37713e+08 0
5.37713e+08 0
5.37713e+08 0
5.37713e+08 0
5.37713e+08 0
5.37713e+08 0
5.37713e+08 0
5.37713e+08 0
5.37713e+08 0
5.37713e+08 0
5.37713e+08 0
5.37713e+08 0
5.37713e+08 0
5.37713e+08 0
5.37713e+08 0
5.37713e+08 0
5.37713e+08 0
5.37713e+08 0
5.37713e+08 0
5.37713e+08 0
5.37713e+08 0
5.37713e+08 0
5.37713e+08 0
5.37713e+08 0
5.37713e+08 0
5.37713e+08 0
5.37713e+08 0
5.37713e+08 0
5.37713e+08 0
5.37713e+08 0
5.37713e+08 0
5.37713e+08 0
5.37713e+08 0
5.37713e+08 0
5.37713e+08 0
5.37713e+08 0
5.37713e+08 0
5.37713e+08 0
5.37713e+08 0
5.37713e+08 0
5.37713e+08 0
5.37713e+08 0
5.37713e+08 0
5.37713e+08 0
5.37713e+08 0
5.37713e+08 0
5.37713e+08 0
5.37713e+08 0
5.37713e+08 0
5.37713e+08 0
5.37713e+08 0
5.37713e+08 0
5.37713e+08 0
