0 -3.16509e-06
0 4.0214e-05
0 30488.2
-15 30488.2
-30 30488.2
-45 30488.2
-60 30488.2
-74.9999 30488.2
-89.9999 30488.2
-105 30488.2
-120 30488.2
-135 30488.2
-150 30488.2
-165 30488.2
-180 30488.2
-194.999 30488.2
-209.999 30488.2
-224.999 30488.2
-239.999 30488.2
-254.999 30488.2
-269.999 30488.2
-284.999 30488.2
-299.999 30488.2
-314.999 30488.2
-329.999 30488.2
-344.998 30488.2
-359.998 30488.2
-374.998 30488.2
-389.998 30488.2
-404.998 30488.2
-419.998 30488.2
-434.998 30488.2
-449.997 30488.2
-464.997 30488.2
-479.997 30488.2
-494.997 30488.2
-509.997 30488.2
-524.996 30488.2
-539.996 30488.2
-554.996 30488.2
-569.996 30488.2
-584.995 30488.2
-599.995 30488.2
-614.995 30488.2
-629.995 30488.2
-644.995 30488.2
-659.994 30488.2
-674.994 30488.2
-689.994 30488.2
-704.993 30488.2
-719.993 30488.2
-734.993 30488.2
-749.993 30488.2
-764.992 30488.2
-779.992 30488.2
-794.992 30488.2
-809.991 30488.2
-824.991 30488.2
-839.991 30488.2
-854.99 30488.2
-869.99 30488.2
-884.99 30488.2
-899.989 30488.2
-914.989 30488.2
-929.989 30488.2
-944.988 30488.2
-959.988 30488.2
-974.987 30488.2
-989.987 30488.2
-1004.99 30488.2
-1019.99 30488.2
-1034.99 30488.2
-1049.99 30488.2
-1064.99 30488.2
-1079.98 30488.2
-1094.98 30488.2
-1109.98 30488.2
-1124.98 30488.2
-1139.98 30488.2
-1154.98 30488.2
-1169.98 30488.2
-1184.98 30488.2
-1199.98 30488.2
-1214.98 30488.2
-1229.98 30488.2
-1244.98 30488.2
-1259.98 30488.2
-1274.98 30488.2
-1289.98 30488.2
-1304.98 30488.2
-1319.98 30488.2
-1334.98 30488.2
-1349.98 30488.2
-1364.98 30488.2
-1379.97 30488.2
-1394.97 30488.2
-1409.97 30488.2
-1424.97 30488.2
-1439.97 30488.2
-1454.97 30488.2
-1469.97 30488.2
-1484.97 30488.2
-1499.97 30488.2
