0 -2.8871e-08
0 -1.46188e+08
0 -1.46188e+08
1.43283e+08 -2.89471e+08
1.8033e+08 -3.26518e+08
1.74224e+08 -3.20411e+08
1.49935e+08 -2.96123e+08
1.09768e+08 -2.55956e+08
4.44892e+07 -1.90677e+08
-1.03072e+08 -4.3116e+07
4.89484e+08 0
4.89484e+08 0
4.89484e+08 0
4.89484e+08 0
4.89484e+08 0
4.89484e+08 0
4.89484e+08 0
4.89484e+08 0
4.89484e+08 0
4.89484e+08 0
4.89484e+08 0
4.89484e+08 0
4.89484e+08 0
4.89484e+08 0
4.89484e+08 0
4.89484e+08 0
4.89484e+08 0
4.89484e+08 0
4.89484e+08 0
4.89484e+08 0
4.89484e+08 0
4.89484e+08 0
4.89484e+08 0
4.89484e+08 0
4.89484e+08 0
4.89484e+08 0
4.89484e+08 0
4.89484e+08 0
4.89484e+08 0
4.89484e+08 0
4.89484e+08 0
4.89484e+08 0
4.89484e+08 0
4.89484e+08 0
4.89484e+08 0
4.89484e+08 0
4.89484e+08 0
4.89484e+08 0
4.89484e+08 0
4.89484e+08 0
4.89484e+08 0
4.89484e+08 0
4.89484e+08 0
4.89484e+08 0
4.89484e+08 0
4.89484e+08 0
4.89484e+08 0
4.89484e+08 0
4.89484e+08 0
4.89484e+08 0
4.89484e+08 0
4.89484e+08 0
4.89484e+08 0
4.89484e+08 0
4.89484e+08 0
4.89484e+08 0
4.89484e+08 0
4.89484e+08 0
4.89484e+08 0
4.89484e+08 0
4.89484e+08 0
4.89484e+08 0
4.89484e+08 0
4.89484e+08 0
4.89484e+08 0
4.89484e+08 0
4.89484e+08 0
4.89484e+08 0
4.89484e+08 0
4.89484e+08 0
4.89484e+08 0
4.89484e+08 0
4.89484e+08 0
4.89484e+08 0
4.89484e+08 0
4.89484e+08 0
4.89484e+08 0
4.89484e+08 0
4.89484e+08 0
4.89484e+08 0
4.89484e+08 0
4.89484e+08 0
4.89484e+08 0
4.89484e+08 0
4.89484e+08 0
4.89484e+08 0
4.89484e+08 0
4.89484e+08 0
4.89484e+08 0
4.89484e+08 0
4.89484e+08 0
4.89484e+08 0
4.89484e+08 0
