0 -1.3282e-06
0 -5.42901e-05
0 -226475
-15 -226475
-30 -226475
-45 -226475
-60 -226475
-75 -226475
-90 -226475
-105 -226475
-120 -226475
-135 -226475
-150 -226475
-165 -226475
-180 -226475
-195 -226475
-210 -226475
-225 -226475
-240 -226475
-255 -226475
-270 -226475
-285 -226475
-300 -226475
-315 -226475
-330 -226475
-345 -226475
-360 -226475
-375 -226475
-390 -226475
-405 -226475
-420 -226475
-435 -226475
-450 -226475
-465 -226475
-480 -226475
-495 -226475
-510 -226475
-525 -226475
-540 -226475
-555.001 -226475
-570.001 -226475
-585.001 -226475
-600.001 -226475
-615.001 -226475
-630.001 -226475
-645.001 -226475
-660.001 -226475
-675.001 -226475
-690.001 -226475
-705.001 -226475
-720.001 -226475
-735.001 -226475
-750.001 -226475
-765.001 -226475
-780.001 -226475
-795.001 -226475
-810.001 -226475
-825.001 -226475
-840.001 -226475
-855.001 -226475
-870.001 -226475
-885.001 -226475
-900.001 -226475
-915.001 -226475
-930.001 -226475
-945.001 -226475
-960.002 -226475
-975.002 -226475
-990.002 -226475
-1005 -226475
-1020 -226475
-1035 -226475
-1050 -226475
-1065 -226475
-1080 -226475
-1095 -226475
-1110 -226475
-1125 -226475
-1140 -226475
-1155 -226475
-1170 -226475
-1185 -226475
-1200 -226475
-1215 -226475
-1230 -226475
-1245 -226475
-1260 -226475
-1275 -226475
-1290 -226475
-1305 -226475
-1320 -226475
-1335 -226475
-1350 -226475
-1365 -226475
-1380 -226475
-1395 -226475
-1410 -226475
-1425 -226475
-1440 -226475
-1455 -226475
-1470 -226475
-1485 -226475
-1500 -226475
