0 -2.5235e-06
0 -9.33722e-06
0 -3.2453e-05
-8.38771e+06 -4.2453e-05
-1.39552e+07 -5.2453e-05
-1.85394e+07 -6.2453e-05
-2.21644e+07 -7.2453e-05
-2.57684e+07 -8.2453e-05
-2.84052e+07 -9.2453e-05
-3.06038e+07 -0.000102453
-3.24466e+07 -0.000112453
-3.39841e+07 -0.000122453
-3.52661e+07 -0.000132453
-3.63486e+07 -0.000142453
-3.72697e+07 -0.000152453
-3.80618e+07 -0.000162453
-3.87291e+07 -0.000172453
-3.92929e+07 -0.000182453
-3.97796e+07 -0.000192453
-4.02068e+07 -0.000202453
-4.05865e+07 -0.000212453
-2.2885e+07 -0.000222453
-2.31589e+07 -0.000232453
-2.34046e+07 -0.000242453
-2.36239e+07 -0.000252453
-2.38188e+07 -0.000262453
-2.39904e+07 -0.000272453
-2.41435e+07 -0.000282453
-2.42813e+07 -0.000292453
-2.44057e+07 -0.000302453
-2.45181e+07 -0.000312453
-2.46195e+07 -0.000322453
-2.47109e+07 -0.000332453
-2.4793e+07 -0.000342453
-2.48657e+07 -0.000352453
-2.49265e+07 -0.000362453
-2.49793e+07 -0.000372453
1.27333e+07 -0.000382453
1.27333e+07 -0.000392453
1.27333e+07 -0.000402453
1.27333e+07 -0.000412453
1.27333e+07 -0.000422453
1.27333e+07 -0.000432453
1.27333e+07 -0.000442453
1.27333e+07 -0.000452453
1.27333e+07 -0.000462453
1.27333e+07 -0.000472453
1.27333e+07 -0.000482453
1.27333e+07 -0.000492453
1.27333e+07 -0.000502453
1.27333e+07 -0.000512453
1.27333e+07 -0.000522453
1.27333e+07 -0.000532453
1.27333e+07 -0.000542453
1.27333e+07 -0.000552453
1.27333e+07 -0.000562453
1.27333e+07 -0.000572453
1.27333e+07 -0.000582453
1.27333e+07 -0.000592453
1.27333e+07 -0.000602453
1.27333e+07 -0.000612453
1.27333e+07 -0.000622453
1.27333e+07 -0.000632453
1.27333e+07 -0.000642453
1.27333e+07 -0.000652453
1.27333e+07 -0.000662453
1.27333e+07 -0.000672453
1.27333e+07 -0.000682453
1.27333e+07 -0.000692453
1.27333e+07 -0.000702453
1.27333e+07 -0.000712453
1.27333e+07 -0.000722453
1.27333e+07 -0.000732453
1.27333e+07 -0.000742453
1.27333e+07 -0.000752453
1.27333e+07 -0.000762453
1.27333e+07 -0.000772453
1.27333e+07 -0.000782453
1.27333e+07 -0.000792453
1.27333e+07 -0.000802453
1.27333e+07 -0.000812453
1.27333e+07 -0.000822453
1.27333e+07 -0.000832453
1.27333e+07 -0.000842453
1.27333e+07 -0.000852453
1.27333e+07 -0.000862453
1.27333e+07 -0.000872453
1.27333e+07 -0.000882453
1.27333e+07 -0.000892453
1.27333e+07 -0.000902453
1.27333e+07 -0.000912453
1.27333e+07 -0.000922453
1.27333e+07 -0.000932453
1.27333e+07 -0.000942453
1.27333e+07 -0.000952453
1.27333e+07 -0.000962453
1.27333e+07 -0.000972453
1.27333e+07 -0.000982453
1.27333e+07 -0.000992453
1.27333e+07 -0.00100245
1.27333e+07 -0.00101245
1.27333e+07 -0.00102245
1.27333e+07 -0.00103245
