0 4.63333e-08
0 1.93195e+08
0 -1.7169e+07
-7.64896 5.13753e+07
-36.1515 0
-74.1918 0
-112.232 0
-150.272 0
-188.313 0
-226.353 0
-264.393 0
-302.433 0
-340.474 0
-378.514 0
-416.554 0
-454.595 0
-492.635 0
-530.675 0
-568.715 0
-606.756 0
-644.796 0
-682.836 0
-720.877 0
-758.917 0
-796.957 0
-834.997 0
-873.038 0
-911.078 0
-949.118 0
-987.159 0
-1025.2 0
-1063.24 0
-1101.28 0
-1139.32 0
-1177.36 0
-1215.4 0
-1253.44 0
-1291.48 0
-1329.52 0
-1367.56 0
-1405.6 0
-1443.64 0
-1481.68 0
-1519.72 0
-1557.76 0
-1595.8 0
-1633.84 0
-1671.88 0
-1709.92 0
-1747.97 0
-1786.01 0
-1824.05 0
-1862.09 0
-1900.13 0
-1938.17 0
-1976.21 0
-2014.25 0
-2052.29 0
-2090.33 0
-2128.37 0
-2166.41 0
-2204.45 0
-2242.49 0
-2280.53 0
-2318.57 0
-2356.61 0
-2394.65 0
-2432.69 0
-2470.73 0
-2508.77 0
-2546.81 0
-2584.85 0
-2622.89 0
-2660.93 0
-2698.97 0
-2737.01 0
-2775.05 0
-2813.09 0
-2851.14 0
-2889.18 0
-2927.22 0
-2965.26 0
-3003.3 0
-3041.34 0
-3079.38 0
-3117.42 0
-3155.46 0
-3193.5 0
-3231.54 0
-3269.58 0
-3307.62 0
-3345.66 0
-3383.7 0
-3421.74 0
-3459.78 0
-3497.82 0
-3535.86 0
-3573.9 0
-3611.94 0
-3649.98 0
-3688.02 0
-3726.06 0
-3764.1 0
