0 -2.23185e-06
0 2.0158e-05
0 1.39831e-05
4.98132e+07 2.39831e-05
6.723e+07 3.39831e-05
7.65776e+07 4.39831e-05
8.29099e+07 5.39831e-05
8.74055e+07 6.39831e-05
9.07575e+07 7.39831e-05
9.31278e+07 8.39831e-05
9.47511e+07 9.39831e-05
9.58607e+07 0.000103983
9.64851e+07 0.000113983
9.67321e+07 0.000123983
9.66255e+07 0.000133983
9.61743e+07 0.000143983
9.53773e+07 0.000153983
9.42513e+07 0.000163983
9.27888e+07 0.000173983
9.09753e+07 0.000183983
8.88204e+07 0.000193983
8.62455e+07 0.000203983
8.32583e+07 0.000213983
7.97957e+07 0.000223983
7.5806e+07 0.000233983
7.11982e+07 0.000243983
6.58564e+07 0.000253983
6.02427e+07 0.000263983
5.46258e+07 0.000273983
4.90069e+07 0.000283983
4.34261e+07 0.000293983
3.77044e+07 0.000303983
3.18085e+07 0.000313983
2.59718e+07 0.000323983
2.00441e+07 0.000333983
1.19559e+07 0.000343983
1.28515e+06 0.000353983
-1.34011e+07 0.000363983
-3.40808e+07 0.000373983
-6.2039e+07 0.000383983
1.06117e+08 0.000393983
1.06117e+08 0.000403983
1.06117e+08 0.000413983
1.06117e+08 0.000423983
1.06117e+08 0.000433983
1.06117e+08 0.000443983
1.06117e+08 0.000453983
1.06117e+08 0.000463983
1.06117e+08 0.000473983
1.06117e+08 0.000483983
1.06117e+08 0.000493983
1.06117e+08 0.000503983
1.06117e+08 0.000513983
1.06117e+08 0.000523983
1.06117e+08 0.000533983
1.06117e+08 0.000543983
1.06117e+08 0.000553983
1.06117e+08 0.000563983
1.06117e+08 0.000573983
1.06117e+08 0.000583983
1.06117e+08 0.000593983
1.06117e+08 0.000603983
1.06117e+08 0.000613983
1.06117e+08 0.000623983
1.06117e+08 0.000633983
1.06117e+08 0.000643983
1.06117e+08 0.000653983
1.06117e+08 0.000663983
1.06117e+08 0.000673983
1.06117e+08 0.000683983
1.06117e+08 0.000693983
1.06117e+08 0.000703983
1.06117e+08 0.000713983
1.06117e+08 0.000723983
1.06117e+08 0.000733983
1.06117e+08 0.000743983
1.06117e+08 0.000753983
1.06117e+08 0.000763983
1.06117e+08 0.000773983
1.06117e+08 0.000783983
1.06117e+08 0.000793983
1.06117e+08 0.000803983
1.06117e+08 0.000813983
1.06117e+08 0.000823983
1.06117e+08 0.000833983
1.06117e+08 0.000843983
1.06117e+08 0.000853983
1.06117e+08 0.000863983
1.06117e+08 0.000873983
1.06117e+08 0.000883983
1.06117e+08 0.000893983
1.06117e+08 0.000903983
1.06117e+08 0.000913983
1.06117e+08 0.000923983
1.06117e+08 0.000933983
1.06117e+08 0.000943983
1.06117e+08 0.000953983
1.06117e+08 0.000963983
1.06117e+08 0.000973983
1.06117e+08 0.000983983
1.06117e+08 0.000993983
1.06117e+08 0.00100398
1.06117e+08 0.00101398
