0 -2.8023e-07
0 0.000144413
0 -107330
-15 -107330
-30 -107330
-45 -107330
-60 -107330
-75 -107330
-90 -107330
-105 -107330
-120 -107330
-135 -107330
-150 -107330
-165 -107330
-180 -107330
-195 -107330
-210 -107330
-225 -107330
-240 -107330
-255 -107330
-270 -107330
-285 -107330
-300 -107330
-315 -107330
-330 -107330
-345 -107330
-360 -107330
-375 -107330
-390 -107330
-405 -107330
-420.001 -107330
-435.001 -107330
-450.001 -107330
-465.001 -107330
-480.001 -107330
-495.001 -107330
-510.001 -107330
-525.001 -107330
-540.001 -107330
-555.001 -107330
-570.001 -107330
-585.001 -107330
-600.001 -107330
-615.001 -107330
-630.001 -107330
-645.001 -107330
-660.001 -107330
-675.001 -107330
-690.001 -107330
-705.001 -107330
-720.002 -107330
-735.002 -107330
-750.002 -107330
-765.002 -107330
-780.002 -107330
-795.002 -107330
-810.002 -107330
-825.002 -107330
-840.002 -107330
-855.002 -107330
-870.002 -107330
-885.002 -107330
-900.002 -107330
-915.002 -107330
-930.003 -107330
-945.003 -107330
-960.003 -107330
-975.003 -107330
-990.003 -107330
-1005 -107330
-1020 -107330
-1035 -107330
-1050 -107330
-1065 -107330
-1080 -107330
-1095 -107330
-1110 -107330
-1125 -107330
-1140 -107330
-1155 -107330
-1170 -107330
-1185 -107330
-1200 -107330
-1215 -107330
-1230 -107330
-1245 -107330
-1260 -107330
-1275 -107330
-1290 -107330
-1305.01 -107330
-1320.01 -107330
-1335.01 -107330
-1350.01 -107330
-1365.01 -107330
-1380.01 -107330
-1395.01 -107330
-1410.01 -107330
-1425.01 -107330
-1440.01 -107330
-1455.01 -107330
-1470.01 -107330
-1485.01 -107330
-1500.01 -107330
