0 -1.56952e-06
0 -1.91198e-05
0 -0.000194069
-412209 -0.000204069
-757155 -0.000214069
-1.04456e+06 -0.000224069
-1.28334e+06 -0.000234069
1.55191e+07 -0.000244069
1.5112e+07 -0.000254069
1.47711e+07 -0.000264069
1.45005e+07 -0.000274069
1.42918e+07 -0.000284069
1.41288e+07 -0.000294069
1.40052e+07 -0.000304069
1.39157e+07 -0.000314069
1.38547e+07 -0.000324069
1.38097e+07 -0.000334069
1.37789e+07 -0.000344069
1.37602e+07 -0.000354069
1.37566e+07 -0.000364069
1.37648e+07 -0.000374069
1.37857e+07 -0.000384069
1.13113e+08 -0.000394069
1.12994e+08 -0.000404069
1.12878e+08 -0.000414069
1.12773e+08 -0.000424069
1.1267e+08 -0.000434069
1.12566e+08 -0.000444069
1.12478e+08 -0.000454069
1.12403e+08 -0.000464069
1.12341e+08 -0.000474069
1.12279e+08 -0.000484069
1.12215e+08 -0.000494069
1.12158e+08 -0.000504069
1.12109e+08 -0.000514069
1.20353e+08 -0.000524069
1.20307e+08 -0.000534069
1.20258e+08 -0.000544069
1.20208e+08 -0.000554069
1.20171e+08 -0.000564069
1.20138e+08 -0.000574069
1.2011e+08 -0.000584069
1.20088e+08 -0.000594069
1.2007e+08 -0.000604069
1.20055e+08 -0.000614069
1.20046e+08 -0.000624069
1.20038e+08 -0.000634069
1.20029e+08 -0.000644069
1.20022e+08 -0.000654069
1.2002e+08 -0.000664069
1.20019e+08 -0.000674069
1.20021e+08 -0.000684069
1.20024e+08 -0.000694069
1.20028e+08 -0.000704069
1.20032e+08 -0.000714069
1.20037e+08 -0.000724069
1.2004e+08 -0.000734069
1.20047e+08 -0.000744069
1.20056e+08 -0.000754069
1.20066e+08 -0.000764069
1.20077e+08 -0.000774069
1.20087e+08 -0.000784069
1.20098e+08 -0.000794069
1.20109e+08 -0.000804069
1.20119e+08 -0.000814069
1.20129e+08 -0.000824069
1.2014e+08 -0.000834069
1.2015e+08 -0.000844069
1.2016e+08 -0.000854069
1.20171e+08 -0.000864069
1.20182e+08 -0.000874069
1.20195e+08 -0.000884069
1.2021e+08 -0.000894069
1.20225e+08 -0.000904069
1.20241e+08 -0.000914069
1.20257e+08 -0.000924069
1.20274e+08 -0.000934069
1.2029e+08 -0.000944069
1.20306e+08 -0.000954069
1.20323e+08 -0.000964069
1.20339e+08 -0.000974069
1.20356e+08 -0.000984069
1.69771e+08 -0.000994069
1.69775e+08 -0.00100407
1.69779e+08 -0.00101407
1.69782e+08 -0.00102407
1.69786e+08 -0.00103407
1.6979e+08 -0.00104407
1.69793e+08 -0.00105407
1.69796e+08 -0.00106407
1.69799e+08 -0.00107407
1.69801e+08 -0.00108407
1.69803e+08 -0.00109407
1.69805e+08 -0.00110407
1.69807e+08 -0.00111407
1.69808e+08 -0.00112407
1.69809e+08 -0.00113407
1.6981e+08 -0.00114407
1.69811e+08 -0.00115407
1.69814e+08 -0.00116407
1.69819e+08 -0.00117407
1.69823e+08 -0.00118407
1.69828e+08 -0.00119407
