0 0
0 -0.000296525
0 -791368
-15 -791368
-30 -791368
-45 -791368
-60 -791368
-75 -791368
-90 -791368
-105 -791368
-120 -791368
-135 -791368
-150 -791368
-165 -791368
-180 -791368
-195 -791368
-210 -791368
-225 -791368
-240 -791368
-255 -791368
-270 -791368
-285 -791368
-300 -791368
-315 -791368
-330 -791368
-345 -791368
-360 -791368
-375 -791368
-390 -791368
-405 -791368
-420 -791368
-435 -791368
-450 -791368
-465 -791368
-480 -791368
-495 -791368
-510 -791368
-525 -791368
-540 -791368
-555 -791368
-570 -791368
-585 -791368
-600 -791368
-615 -791368
-630 -791368
-645 -791368
-660 -791368
-675 -791368
-690 -791368
-705 -791368
-720 -791368
-735 -791368
-750 -791368
-765 -791368
-780 -791368
-795 -791368
-810 -791368
-825 -791368
-840 -791368
-855 -791368
-870 -791368
-885 -791368
-900 -791368
-915 -791368
-930 -791368
-945 -791368
-960 -791368
-975 -791368
-990 -791368
-1005 -791368
-1020 -791368
-1035 -791368
-1050 -791368
-1065 -791368
-1080 -791368
-1095 -791368
-1110 -791368
-1125 -791368
-1140 -791368
-1155 -791368
-1170 -791368
-1185 -791368
-1200 -791368
-1215 -791368
-1230 -791368
-1245 -791368
-1260 -791368
-1275 -791368
-1290 -791368
-1305 -791368
-1320 -791368
-1335 -791368
-1350 -791368
-1365 -791368
-1380 -791368
-1395 -791368
-1410 -791368
-1425 -791368
-1440 -791368
-1455 -791368
-1470 -791368
-1485 -791368
-1500 -791368
