0 -5.51343e-07
0 8.461e+07
0 8.461e+07
-1.43393e+08 2.28003e+08
-2.15713e+08 3.00323e+08
-2.18134e+08 3.02744e+08
-1.94132e+08 2.78742e+08
-1.52688e+08 2.37298e+08
-9.16113e+07 1.76221e+08
1.30717e+07 7.15383e+07
3.08797e+08 -1.69259e+08
9.13425e+08 0
9.13425e+08 0
9.13425e+08 0
9.13425e+08 0
9.13425e+08 0
9.13425e+08 0
9.13425e+08 0
9.13425e+08 0
9.13425e+08 0
9.13425e+08 0
9.13425e+08 0
9.13425e+08 0
9.13425e+08 0
9.13425e+08 0
9.13425e+08 0
9.13425e+08 0
9.13425e+08 0
9.13425e+08 0
9.13425e+08 0
9.13425e+08 0
9.13425e+08 0
9.13425e+08 0
9.13425e+08 0
9.13425e+08 0
9.13425e+08 0
9.13425e+08 0
9.13425e+08 0
9.13425e+08 0
9.13425e+08 0
9.13425e+08 0
9.13425e+08 0
9.13425e+08 0
9.13425e+08 0
9.13425e+08 0
9.13425e+08 0
9.13425e+08 0
9.13425e+08 0
9.13425e+08 0
9.13425e+08 0
9.13425e+08 0
9.13425e+08 0
9.13425e+08 0
9.13425e+08 0
9.13425e+08 0
9.13425e+08 0
9.13425e+08 0
9.13425e+08 0
9.13425e+08 0
9.13425e+08 0
9.13425e+08 0
9.13425e+08 0
9.13425e+08 0
9.13425e+08 0
9.13425e+08 0
9.13425e+08 0
9.13425e+08 0
9.13425e+08 0
9.13425e+08 0
9.13425e+08 0
9.13425e+08 0
9.13425e+08 0
9.13425e+08 0
9.13425e+08 0
9.13425e+08 0
9.13425e+08 0
9.13425e+08 0
9.13425e+08 0
9.13425e+08 0
9.13425e+08 0
9.13425e+08 0
9.13425e+08 0
9.13425e+08 0
9.13425e+08 0
9.13425e+08 0
9.13425e+08 0
9.13425e+08 0
9.13425e+08 0
9.13425e+08 0
9.13425e+08 0
9.13425e+08 0
9.13425e+08 0
9.13425e+08 0
9.13425e+08 0
9.13425e+08 0
9.13425e+08 0
9.13425e+08 0
9.13425e+08 0
9.13425e+08 0
9.13425e+08 0
9.13425e+08 0
9.13425e+08 0
9.13425e+08 0
