0 -1.50442e-06
0 3.88953e-05
0 -459602
-15 -459602
-30 -459602
-45 -459602
-60 -459602
-75 -459602
-90 -459602
-105 -459602
-120 -459602
-135 -459602
-150 -459602
-165 -459602
-180 -459602
-195 -459602
-210 -459602
-225 -459602
-240 -459602
-255 -459602
-270 -459602
-285 -459602
-300 -459602
-315 -459602
-330 -459602
-345 -459602
-360 -459602
-375 -459602
-390 -459602
-405 -459602
-420 -459602
-435 -459602
-450 -459602
-465 -459602
-480 -459602
-495 -459602
-510 -459602
-525 -459602
-540 -459602
-555 -459602
-570 -459602
-585 -459602
-600 -459602
-615 -459602
-630 -459602
-645 -459602
-660 -459602
-675 -459602
-690 -459602
-705 -459602
-720 -459602
-735 -459602
-750 -459602
-765 -459602
-780 -459602
-795 -459602
-810 -459602
-825 -459602
-840 -459602
-855 -459602
-870.001 -459602
-885.001 -459602
-900.001 -459602
-915.001 -459602
-930.001 -459602
-945.001 -459602
-960.001 -459602
-975.001 -459602
-990.001 -459602
-1005 -459602
-1020 -459602
-1035 -459602
-1050 -459602
-1065 -459602
-1080 -459602
-1095 -459602
-1110 -459602
-1125 -459602
-1140 -459602
-1155 -459602
-1170 -459602
-1185 -459602
-1200 -459602
-1215 -459602
-1230 -459602
-1245 -459602
-1260 -459602
-1275 -459602
-1290 -459602
-1305 -459602
-1320 -459602
-1335 -459602
-1350 -459602
-1365 -459602
-1380 -459602
-1395 -459602
-1410 -459602
-1425 -459602
-1440 -459602
-1455 -459602
-1470 -459602
-1485 -459602
-1500 -459602
