0 -2.12639e-06
0 1.12072e-05
0 6.13256e-06
1.38318e+08 1.61326e-05
1.90895e+08 2.61326e-05
2.05953e+08 3.61326e-05
2.09194e+08 4.61326e-05
2.0766e+08 5.61326e-05
2.03219e+08 6.61326e-05
1.96288e+08 7.61326e-05
1.86325e+08 8.61326e-05
1.71768e+08 9.61326e-05
1.51873e+08 0.000106133
1.18026e+08 0.000116133
4.30967e+06 0.000126133
2.97757e+08 0.000136133
2.97757e+08 0.000146133
2.97757e+08 0.000156133
2.97757e+08 0.000166133
2.97757e+08 0.000176133
2.97757e+08 0.000186133
2.97757e+08 0.000196133
2.97757e+08 0.000206133
2.97757e+08 0.000216133
2.97757e+08 0.000226133
2.97757e+08 0.000236133
2.97757e+08 0.000246133
2.97757e+08 0.000256133
2.97757e+08 0.000266133
2.97757e+08 0.000276133
2.97757e+08 0.000286133
2.97757e+08 0.000296133
2.97757e+08 0.000306133
2.97757e+08 0.000316133
2.97757e+08 0.000326133
2.97757e+08 0.000336133
2.97757e+08 0.000346133
2.97757e+08 0.000356133
2.97757e+08 0.000366133
2.97757e+08 0.000376133
2.97757e+08 0.000386133
2.97757e+08 0.000396133
2.97757e+08 0.000406133
2.97757e+08 0.000416133
2.97757e+08 0.000426133
2.97757e+08 0.000436133
2.97757e+08 0.000446133
2.97757e+08 0.000456133
2.97757e+08 0.000466133
2.97757e+08 0.000476133
2.97757e+08 0.000486133
2.97757e+08 0.000496133
2.97757e+08 0.000506133
2.97757e+08 0.000516133
2.97757e+08 0.000526133
2.97757e+08 0.000536133
2.97757e+08 0.000546133
2.97757e+08 0.000556133
2.97757e+08 0.000566133
2.97757e+08 0.000576133
2.97757e+08 0.000586133
2.97757e+08 0.000596133
2.97757e+08 0.000606133
2.97757e+08 0.000616133
2.97757e+08 0.000626133
2.97757e+08 0.000636133
2.97757e+08 0.000646133
2.97757e+08 0.000656133
2.97757e+08 0.000666133
2.97757e+08 0.000676133
2.97757e+08 0.000686133
2.97757e+08 0.000696133
2.97757e+08 0.000706133
2.97757e+08 0.000716133
2.97757e+08 0.000726133
2.97757e+08 0.000736133
2.97757e+08 0.000746133
2.97757e+08 0.000756133
2.97757e+08 0.000766133
2.97757e+08 0.000776133
2.97757e+08 0.000786133
2.97757e+08 0.000796133
2.97757e+08 0.000806133
2.97757e+08 0.000816133
2.97757e+08 0.000826133
2.97757e+08 0.000836133
2.97757e+08 0.000846133
2.97757e+08 0.000856133
2.97757e+08 0.000866133
2.97757e+08 0.000876133
2.97757e+08 0.000886133
2.97757e+08 0.000896133
2.97757e+08 0.000906133
2.97757e+08 0.000916133
2.97757e+08 0.000926133
2.97757e+08 0.000936133
2.97757e+08 0.000946133
2.97757e+08 0.000956133
2.97757e+08 0.000966133
2.97757e+08 0.000976133
2.97757e+08 0.000986133
2.97757e+08 0.000996133
2.97757e+08 0.00100613
