0 -1.5044e-06
0 -3.32804e-05
0 -340141
-15 -340141
-30 -340141
-45 -340141
-60 -340141
-75 -340141
-90 -340141
-105 -340141
-120 -340141
-135 -340141
-150 -340141
-165 -340141
-180 -340141
-195 -340141
-210 -340141
-225 -340141
-240 -340141
-255 -340141
-270 -340141
-285 -340141
-300 -340141
-315 -340141
-330 -340141
-345 -340141
-360 -340141
-375 -340141
-390 -340141
-405 -340141
-420 -340141
-435 -340141
-450 -340141
-465 -340141
-480 -340141
-495 -340141
-510 -340141
-525 -340141
-540 -340141
-555 -340141
-570 -340141
-585 -340141
-600 -340141
-615 -340141
-630 -340141
-645 -340141
-660 -340141
-675 -340141
-690 -340141
-705 -340141
-720 -340141
-735 -340141
-750.001 -340141
-765.001 -340141
-780.001 -340141
-795.001 -340141
-810.001 -340141
-825.001 -340141
-840.001 -340141
-855.001 -340141
-870.001 -340141
-885.001 -340141
-900.001 -340141
-915.001 -340141
-930.001 -340141
-945.001 -340141
-960.001 -340141
-975.001 -340141
-990.001 -340141
-1005 -340141
-1020 -340141
-1035 -340141
-1050 -340141
-1065 -340141
-1080 -340141
-1095 -340141
-1110 -340141
-1125 -340141
-1140 -340141
-1155 -340141
-1170 -340141
-1185 -340141
-1200 -340141
-1215 -340141
-1230 -340141
-1245 -340141
-1260 -340141
-1275 -340141
-1290 -340141
-1305 -340141
-1320 -340141
-1335 -340141
-1350 -340141
-1365 -340141
-1380 -340141
-1395 -340141
-1410 -340141
-1425 -340141
-1440 -340141
-1455 -340141
-1470 -340141
-1485 -340141
-1500 -340141
