0 -8.31079e-07
0 -1.29934e-05
0 -546882
-15 -546882
-30 -546882
-45 -546882
-60 -546882
-75 -546882
-90 -546882
-105 -546882
-120 -546882
-135 -546882
-150 -546882
-165 -546882
-180 -546882
-195 -546882
-210 -546882
-225 -546882
-240 -546882
-255 -546882
-270 -546882
-285 -546882
-300 -546882
-315 -546882
-330 -546882
-345 -546882
-360 -546882
-375 -546882
-390 -546882
-405 -546882
-420 -546882
-435 -546882
-450 -546882
-465 -546882
-480 -546882
-495 -546882
-510 -546882
-525 -546882
-540 -546882
-555 -546882
-570 -546882
-585 -546882
-600 -546882
-615 -546882
-630 -546882
-645 -546882
-660 -546882
-675 -546882
-690 -546882
-705 -546882
-720 -546882
-735 -546882
-750 -546882
-765 -546882
-780 -546882
-795 -546882
-810 -546882
-825 -546882
-840 -546882
-855 -546882
-870 -546882
-885 -546882
-900 -546882
-915 -546882
-930 -546882
-945 -546882
-960 -546882
-975 -546882
-990 -546882
-1005 -546882
-1020 -546882
-1035 -546882
-1050 -546882
-1065 -546882
-1080 -546882
-1095 -546882
-1110 -546882
-1125 -546882
-1140 -546882
-1155 -546882
-1170 -546882
-1185 -546882
-1200 -546882
-1215 -546882
-1230 -546882
-1245 -546882
-1260 -546882
-1275 -546882
-1290 -546882
-1305 -546882
-1320 -546882
-1335 -546882
-1350 -546882
-1365 -546882
-1380 -546882
-1395 -546882
-1410 -546882
-1425 -546882
-1440 -546882
-1455 -546882
-1470 -546882
-1485 -546882
-1500 -546882
