0 -2.0615e-06
0 -3.41352e-05
0 -312042
-15 -312042
-30 -312042
-45 -312042
-60 -312042
-75 -312042
-90 -312042
-105 -312042
-120 -312042
-135 -312042
-150 -312042
-165 -312042
-180 -312042
-195 -312042
-210 -312042
-225 -312042
-240 -312042
-255 -312042
-270 -312042
-285 -312042
-300 -312042
-315 -312042
-330 -312042
-345 -312042
-360 -312042
-375 -312042
-390 -312042
-405 -312042
-420 -312042
-435 -312042
-450 -312042
-465 -312042
-480 -312042
-495 -312042
-510 -312042
-525 -312042
-540 -312042
-555 -312042
-570 -312042
-585 -312042
-600 -312042
-615 -312042
-630 -312042
-645 -312042
-660 -312042
-675 -312042
-690 -312042
-705 -312042
-720 -312042
-735 -312042
-750 -312042
-765 -312042
-780 -312042
-795 -312042
-810.001 -312042
-825.001 -312042
-840.001 -312042
-855.001 -312042
-870.001 -312042
-885.001 -312042
-900.001 -312042
-915.001 -312042
-930.001 -312042
-945.001 -312042
-960.001 -312042
-975.001 -312042
-990.001 -312042
-1005 -312042
-1020 -312042
-1035 -312042
-1050 -312042
-1065 -312042
-1080 -312042
-1095 -312042
-1110 -312042
-1125 -312042
-1140 -312042
-1155 -312042
-1170 -312042
-1185 -312042
-1200 -312042
-1215 -312042
-1230 -312042
-1245 -312042
-1260 -312042
-1275 -312042
-1290 -312042
-1305 -312042
-1320 -312042
-1335 -312042
-1350 -312042
-1365 -312042
-1380 -312042
-1395 -312042
-1410 -312042
-1425 -312042
-1440 -312042
-1455 -312042
-1470 -312042
-1485 -312042
-1500 -312042
