0 -1.66427e-06
0 1.59201e+08
0 1.59201e+08
-1.31216e+08 2.90417e+08
-1.76336e+08 3.35537e+08
-1.91988e+08 3.51189e+08
-1.93815e+08 3.53015e+08
-1.88523e+08 3.47724e+08
-1.77726e+08 3.36927e+08
-1.61531e+08 3.20732e+08
-1.39429e+08 2.98629e+08
-1.09603e+08 2.68803e+08
-6.82926e+07 2.27493e+08
-8.54192e+06 1.67743e+08
6.25555e+07 9.66452e+07
2.32497e+08 -7.32964e+07
2.69627e+08 -6.34451e+07
7.02299e+08 0
7.02299e+08 0
7.02299e+08 0
7.02299e+08 0
7.02299e+08 0
7.02299e+08 0
7.02299e+08 0
7.02299e+08 0
7.02299e+08 0
7.02299e+08 0
7.02299e+08 0
7.02299e+08 0
7.02299e+08 0
7.02299e+08 0
7.02299e+08 0
7.02299e+08 0
7.02299e+08 0
7.02299e+08 0
7.02299e+08 0
7.02299e+08 0
7.02299e+08 0
7.02299e+08 0
7.02299e+08 0
7.02299e+08 0
7.02299e+08 0
7.02299e+08 0
7.02299e+08 0
7.02299e+08 0
7.02299e+08 0
7.02299e+08 0
7.02299e+08 0
7.02299e+08 0
7.02299e+08 0
7.02299e+08 0
7.02299e+08 0
7.02299e+08 0
7.02299e+08 0
7.02299e+08 0
7.02299e+08 0
7.02299e+08 0
7.02299e+08 0
7.02299e+08 0
7.02299e+08 0
7.02299e+08 0
7.02299e+08 0
7.02299e+08 0
7.02299e+08 0
7.02299e+08 0
7.02299e+08 0
7.02299e+08 0
7.02299e+08 0
7.02299e+08 0
7.02299e+08 0
7.02299e+08 0
7.02299e+08 0
7.02299e+08 0
7.02299e+08 0
7.02299e+08 0
7.02299e+08 0
7.02299e+08 0
7.02299e+08 0
7.02299e+08 0
7.02299e+08 0
7.02299e+08 0
7.02299e+08 0
7.02299e+08 0
7.02299e+08 0
7.02299e+08 0
7.02299e+08 0
7.02299e+08 0
7.02299e+08 0
7.02299e+08 0
7.02299e+08 0
7.02299e+08 0
7.02299e+08 0
7.02299e+08 0
7.02299e+08 0
7.02299e+08 0
7.02299e+08 0
7.02299e+08 0
7.02299e+08 0
7.02299e+08 0
7.02299e+08 0
7.02299e+08 0
7.02299e+08 0
7.02299e+08 0
