0 -4.39493e-07
0 7.10755e-05
0 -331353
-15 -331353
-30 -331353
-45 -331353
-60 -331353
-75 -331353
-90 -331353
-105 -331353
-120 -331353
-135 -331353
-150 -331353
-165 -331353
-180 -331353
-195 -331353
-210 -331353
-225 -331353
-240 -331353
-255 -331353
-270 -331353
-285 -331353
-300 -331353
-315 -331353
-330 -331353
-345 -331353
-360 -331353
-375 -331353
-390 -331353
-405 -331353
-420 -331353
-435 -331353
-450 -331353
-465 -331353
-480 -331353
-495 -331353
-510 -331353
-525 -331353
-540 -331353
-555 -331353
-570 -331353
-585 -331353
-600 -331353
-615 -331353
-630 -331353
-645 -331353
-660 -331353
-675 -331353
-690 -331353
-705 -331353
-720 -331353
-735 -331353
-750 -331353
-765.001 -331353
-780.001 -331353
-795.001 -331353
-810.001 -331353
-825.001 -331353
-840.001 -331353
-855.001 -331353
-870.001 -331353
-885.001 -331353
-900.001 -331353
-915.001 -331353
-930.001 -331353
-945.001 -331353
-960.001 -331353
-975.001 -331353
-990.001 -331353
-1005 -331353
-1020 -331353
-1035 -331353
-1050 -331353
-1065 -331353
-1080 -331353
-1095 -331353
-1110 -331353
-1125 -331353
-1140 -331353
-1155 -331353
-1170 -331353
-1185 -331353
-1200 -331353
-1215 -331353
-1230 -331353
-1245 -331353
-1260 -331353
-1275 -331353
-1290 -331353
-1305 -331353
-1320 -331353
-1335 -331353
-1350 -331353
-1365 -331353
-1380 -331353
-1395 -331353
-1410 -331353
-1425 -331353
-1440 -331353
-1455 -331353
-1470 -331353
-1485 -331353
-1500 -331353
