0 -1.5464e-06
0 1.51024e-05
0 7.98669e-06
1.36905e+08 1.79867e-05
1.75997e+08 2.79867e-05
1.69531e+08 3.79867e-05
1.46106e+08 4.79867e-05
1.0704e+08 5.79867e-05
4.29351e+07 6.79867e-05
-9.97414e+07 7.79867e-05
4.85055e+08 8.79867e-05
4.85055e+08 9.79867e-05
4.85055e+08 0.000107987
4.85055e+08 0.000117987
4.85055e+08 0.000127987
4.85055e+08 0.000137987
4.85055e+08 0.000147987
4.85055e+08 0.000157987
4.85055e+08 0.000167987
4.85055e+08 0.000177987
4.85055e+08 0.000187987
4.85055e+08 0.000197987
4.85055e+08 0.000207987
4.85055e+08 0.000217987
4.85055e+08 0.000227987
4.85055e+08 0.000237987
4.85055e+08 0.000247987
4.85055e+08 0.000257987
4.85055e+08 0.000267987
4.85055e+08 0.000277987
4.85055e+08 0.000287987
4.85055e+08 0.000297987
4.85055e+08 0.000307987
4.85055e+08 0.000317987
4.85055e+08 0.000327987
4.85055e+08 0.000337987
4.85055e+08 0.000347987
4.85055e+08 0.000357987
4.85055e+08 0.000367987
4.85055e+08 0.000377987
4.85055e+08 0.000387987
4.85055e+08 0.000397987
4.85055e+08 0.000407987
4.85055e+08 0.000417987
4.85055e+08 0.000427987
4.85055e+08 0.000437987
4.85055e+08 0.000447987
4.85055e+08 0.000457987
4.85055e+08 0.000467987
4.85055e+08 0.000477987
4.85055e+08 0.000487987
4.85055e+08 0.000497987
4.85055e+08 0.000507987
4.85055e+08 0.000517987
4.85055e+08 0.000527987
4.85055e+08 0.000537987
4.85055e+08 0.000547987
4.85055e+08 0.000557987
4.85055e+08 0.000567987
4.85055e+08 0.000577987
4.85055e+08 0.000587987
4.85055e+08 0.000597987
4.85055e+08 0.000607987
4.85055e+08 0.000617987
4.85055e+08 0.000627987
4.85055e+08 0.000637987
4.85055e+08 0.000647987
4.85055e+08 0.000657987
4.85055e+08 0.000667987
4.85055e+08 0.000677987
4.85055e+08 0.000687987
4.85055e+08 0.000697987
4.85055e+08 0.000707987
4.85055e+08 0.000717987
4.85055e+08 0.000727987
4.85055e+08 0.000737987
4.85055e+08 0.000747987
4.85055e+08 0.000757987
4.85055e+08 0.000767987
4.85055e+08 0.000777987
4.85055e+08 0.000787987
4.85055e+08 0.000797987
4.85055e+08 0.000807987
4.85055e+08 0.000817987
4.85055e+08 0.000827987
4.85055e+08 0.000837987
4.85055e+08 0.000847987
4.85055e+08 0.000857987
4.85055e+08 0.000867987
4.85055e+08 0.000877987
4.85055e+08 0.000887987
4.85055e+08 0.000897987
4.85055e+08 0.000907987
4.85055e+08 0.000917987
4.85055e+08 0.000927987
4.85055e+08 0.000937987
4.85055e+08 0.000947987
4.85055e+08 0.000957987
4.85055e+08 0.000967987
4.85055e+08 0.000977987
4.85055e+08 0.000987987
4.85055e+08 0.000997987
4.85055e+08 0.00100799
