0 1.67917e-06
0 7.05216e+07
0 7.05216e+07
-1.32864e+08 2.03386e+08
-1.7274e+08 2.43262e+08
-1.97227e+08 2.67749e+08
-2.1489e+08 2.85412e+08
-2.2556e+08 2.96082e+08
-2.29947e+08 3.00469e+08
-2.32997e+08 3.03518e+08
-2.33378e+08 3.039e+08
-2.32447e+08 3.02969e+08
-2.30307e+08 3.00829e+08
-2.26944e+08 2.97466e+08
-2.22311e+08 2.92832e+08
-2.16086e+08 2.86608e+08
-2.07664e+08 2.78186e+08
-1.95856e+08 2.66378e+08
-1.77623e+08 2.48145e+08
-1.47474e+08 2.17996e+08
-1.0383e+08 1.74352e+08
-6.58938e+07 1.36415e+08
-3.30505e+07 1.03572e+08
-3.63849e+06 7.41601e+07
2.46451e+07 4.58765e+07
5.44562e+07 1.60654e+07
8.79481e+07 -1.74265e+07
1.23499e+08 -5.29777e+07
2.16057e+08 -1.45536e+08
2.44029e+08 -1.69562e+08
2.82412e+08 0
2.82412e+08 0
2.82412e+08 0
2.82412e+08 0
2.82412e+08 0
2.82412e+08 0
2.82412e+08 0
2.82412e+08 0
2.82412e+08 0
2.82412e+08 0
2.82412e+08 0
2.82412e+08 0
2.82412e+08 0
2.82412e+08 0
2.82412e+08 0
2.82412e+08 0
2.82412e+08 0
2.82412e+08 0
2.82412e+08 0
2.82412e+08 0
2.82412e+08 0
2.82412e+08 0
2.82412e+08 0
2.82412e+08 0
2.82412e+08 0
2.82412e+08 0
2.82412e+08 0
2.82412e+08 0
2.82412e+08 0
2.82412e+08 0
2.82412e+08 0
2.82412e+08 0
2.82412e+08 0
2.82412e+08 0
2.82412e+08 0
2.82412e+08 0
2.82412e+08 0
2.82412e+08 0
2.82412e+08 0
2.82412e+08 0
2.82412e+08 0
2.82412e+08 0
2.82412e+08 0
2.82412e+08 0
2.82412e+08 0
2.82412e+08 0
2.82412e+08 0
2.82412e+08 0
2.82412e+08 0
2.82412e+08 0
2.82412e+08 0
2.82412e+08 0
2.82412e+08 0
2.82412e+08 0
2.82412e+08 0
2.82412e+08 0
2.82412e+08 0
2.82412e+08 0
2.82412e+08 0
2.82412e+08 0
2.82412e+08 0
2.82412e+08 0
2.82412e+08 0
2.82412e+08 0
2.82412e+08 0
2.82412e+08 0
2.82412e+08 0
2.82412e+08 0
2.82412e+08 0
2.82412e+08 0
2.82412e+08 0
2.82412e+08 0
2.82412e+08 0
