0 -4.43003e-06
0 -1.55382e-05
0 -988865
-15 -988865
-30 -988865
-45 -988865
-60 -988865
-75 -988865
-90 -988865
-105 -988865
-120 -988865
-135 -988865
-150 -988865
-165 -988865
-180 -988865
-195 -988865
-210 -988865
-225 -988865
-240 -988865
-255 -988865
-270 -988865
-285 -988865
-300 -988865
-315 -988865
-330 -988865
-345 -988865
-360 -988865
-375 -988865
-390 -988865
-405 -988865
-420 -988865
-435 -988865
-450 -988865
-465 -988865
-480 -988865
-495 -988865
-510 -988865
-525 -988865
-540 -988865
-555 -988865
-570 -988865
-585 -988865
-600 -988865
-615 -988865
-630 -988865
-645 -988865
-660 -988865
-675 -988865
-690 -988865
-705 -988865
-720 -988865
-735 -988865
-750 -988865
-765 -988865
-780 -988865
-795 -988865
-810 -988865
-825 -988865
-840 -988865
-855 -988865
-870 -988865
-885 -988865
-900 -988865
-915 -988865
-930 -988865
-945 -988865
-960 -988865
-975 -988865
-990 -988865
-1005 -988865
-1020 -988865
-1035 -988865
-1050 -988865
-1065 -988865
-1080 -988865
-1095 -988865
-1110 -988865
-1125 -988865
-1140 -988865
-1155 -988865
-1170 -988865
-1185 -988865
-1200 -988865
-1215 -988865
-1230 -988865
-1245 -988865
-1260 -988865
-1275 -988865
-1290 -988865
-1305 -988865
-1320 -988865
-1335 -988865
-1350 -988865
-1365 -988865
-1380 -988865
-1395 -988865
-1410 -988865
-1425 -988865
-1440 -988865
-1455 -988865
-1470 -988865
-1485 -988865
-1500 -988865
