0 -4.07445e-06
0 -2.61047e-05
0 -719116
-15 -719116
-30 -719116
-45 -719116
-60 -719116
-75 -719116
-90 -719116
-105 -719116
-120 -719116
-135 -719116
-150 -719116
-165 -719116
-180 -719116
-195 -719116
-210 -719116
-225 -719116
-240 -719116
-255 -719116
-270 -719116
-285 -719116
-300 -719116
-315 -719116
-330 -719116
-345 -719116
-360 -719116
-375 -719116
-390 -719116
-405 -719116
-420 -719116
-435 -719116
-450 -719116
-465 -719116
-480 -719116
-495 -719116
-510 -719116
-525 -719116
-540 -719116
-555 -719116
-570 -719116
-585 -719116
-600 -719116
-615 -719116
-630 -719116
-645 -719116
-660 -719116
-675 -719116
-690 -719116
-705 -719116
-720 -719116
-735 -719116
-750 -719116
-765 -719116
-780 -719116
-795 -719116
-810 -719116
-825 -719116
-840 -719116
-855 -719116
-870 -719116
-885 -719116
-900 -719116
-915 -719116
-930 -719116
-945 -719116
-960 -719116
-975 -719116
-990 -719116
-1005 -719116
-1020 -719116
-1035 -719116
-1050 -719116
-1065 -719116
-1080 -719116
-1095 -719116
-1110 -719116
-1125 -719116
-1140 -719116
-1155 -719116
-1170 -719116
-1185 -719116
-1200 -719116
-1215 -719116
-1230 -719116
-1245 -719116
-1260 -719116
-1275 -719116
-1290 -719116
-1305 -719116
-1320 -719116
-1335 -719116
-1350 -719116
-1365 -719116
-1380 -719116
-1395 -719116
-1410 -719116
-1425 -719116
-1440 -719116
-1455 -719116
-1470 -719116
-1485 -719116
-1500 -719116
