0 -4.12503e-06
0 1.82393e-05
0 0.000191557
-1.11558e+08 0.000201557
2.89508e+08 0.000211557
2.89508e+08 0.000221557
2.89508e+08 0.000231557
2.89508e+08 0.000241557
2.89508e+08 0.000251557
2.89508e+08 0.000261557
2.89508e+08 0.000271557
2.89508e+08 0.000281557
2.89508e+08 0.000291557
2.89508e+08 0.000301557
2.89508e+08 0.000311557
2.89508e+08 0.000321557
2.89508e+08 0.000331557
2.89508e+08 0.000341557
2.89508e+08 0.000351557
2.89508e+08 0.000361557
2.89508e+08 0.000371557
2.89508e+08 0.000381557
2.89508e+08 0.000391557
2.89508e+08 0.000401557
2.89508e+08 0.000411557
2.89508e+08 0.000421557
2.89508e+08 0.000431557
2.89508e+08 0.000441557
2.89508e+08 0.000451557
2.89508e+08 0.000461557
2.89508e+08 0.000471557
2.89508e+08 0.000481557
2.89508e+08 0.000491557
2.89508e+08 0.000501557
2.89508e+08 0.000511557
2.89508e+08 0.000521557
2.89508e+08 0.000531557
2.89508e+08 0.000541557
2.89508e+08 0.000551557
2.89508e+08 0.000561557
2.89508e+08 0.000571557
2.89508e+08 0.000581557
2.89508e+08 0.000591557
2.89508e+08 0.000601557
2.89508e+08 0.000611557
2.89508e+08 0.000621557
2.89508e+08 0.000631557
2.89508e+08 0.000641557
2.89508e+08 0.000651557
2.89508e+08 0.000661557
2.89508e+08 0.000671557
2.89508e+08 0.000681557
2.89508e+08 0.000691557
2.89508e+08 0.000701557
2.89508e+08 0.000711557
2.89508e+08 0.000721557
2.89508e+08 0.000731557
2.89508e+08 0.000741557
2.89508e+08 0.000751557
2.89508e+08 0.000761557
2.89508e+08 0.000771557
2.89508e+08 0.000781557
2.89508e+08 0.000791557
2.89508e+08 0.000801557
2.89508e+08 0.000811557
2.89508e+08 0.000821557
2.89508e+08 0.000831557
2.89508e+08 0.000841557
2.89508e+08 0.000851557
2.89508e+08 0.000861557
2.89508e+08 0.000871557
2.89508e+08 0.000881557
2.89508e+08 0.000891557
2.89508e+08 0.000901557
2.89508e+08 0.000911557
2.89508e+08 0.000921557
2.89508e+08 0.000931557
2.89508e+08 0.000941557
2.89508e+08 0.000951557
2.89508e+08 0.000961557
2.89508e+08 0.000971557
2.89508e+08 0.000981557
2.89508e+08 0.000991557
2.89508e+08 0.00100156
2.89508e+08 0.00101156
2.89508e+08 0.00102156
2.89508e+08 0.00103156
2.89508e+08 0.00104156
2.89508e+08 0.00105156
2.89508e+08 0.00106156
2.89508e+08 0.00107156
2.89508e+08 0.00108156
2.89508e+08 0.00109156
2.89508e+08 0.00110156
2.89508e+08 0.00111156
2.89508e+08 0.00112156
2.89508e+08 0.00113156
2.89508e+08 0.00114156
2.89508e+08 0.00115156
2.89508e+08 0.00116156
2.89508e+08 0.00117156
2.89508e+08 0.00118156
2.89508e+08 0.00119156
