0 -5.60321e-07
0 -4.97425e-05
0 -0.000142659
-1.00671e+06 -0.000152659
-1.88805e+06 -0.000162659
-2.64075e+06 -0.000172659
-3.28111e+06 -0.000182659
-3.81777e+06 -0.000192659
-4.27081e+06 -0.000202659
-4.6659e+06 -0.000212659
-5.01343e+06 -0.000222659
-5.30966e+06 -0.000232659
1.15763e+07 -0.000242659
1.11867e+07 -0.000252659
1.08374e+07 -0.000262659
1.05557e+07 -0.000272659
1.03538e+07 -0.000282659
1.01877e+07 -0.000292659
1.00524e+07 -0.000302659
9.93674e+06 -0.000312659
9.83211e+06 -0.000322659
9.75248e+06 -0.000332659
9.69218e+06 -0.000342659
9.6458e+06 -0.000352659
9.61057e+06 -0.000362659
9.58334e+06 -0.000372659
9.56278e+06 -0.000382659
1.09116e+08 -0.000392659
1.09012e+08 -0.000402659
1.08925e+08 -0.000412659
1.08842e+08 -0.000422659
1.0876e+08 -0.000432659
1.08692e+08 -0.000442659
1.0863e+08 -0.000452659
1.0857e+08 -0.000462659
1.08513e+08 -0.000472659
1.08458e+08 -0.000482659
1.08405e+08 -0.000492659
1.08354e+08 -0.000502659
1.08306e+08 -0.000512659
1.08274e+08 -0.000522659
1.08248e+08 -0.000532659
1.08229e+08 -0.000542659
1.08213e+08 -0.000552659
1.08198e+08 -0.000562659
1.08194e+08 -0.000572659
1.08195e+08 -0.000582659
1.08199e+08 -0.000592659
1.08203e+08 -0.000602659
1.08207e+08 -0.000612659
1.08211e+08 -0.000622659
1.08219e+08 -0.000632659
1.08228e+08 -0.000642659
1.0824e+08 -0.000652659
1.08254e+08 -0.000662659
1.08268e+08 -0.000672659
1.08282e+08 -0.000682659
1.08295e+08 -0.000692659
1.08309e+08 -0.000702659
1.08323e+08 -0.000712659
1.08339e+08 -0.000722659
1.08356e+08 -0.000732659
1.08373e+08 -0.000742659
1.08391e+08 -0.000752659
1.0841e+08 -0.000762659
1.08428e+08 -0.000772659
1.08447e+08 -0.000782659
1.08465e+08 -0.000792659
1.08484e+08 -0.000802659
1.08505e+08 -0.000812659
1.08528e+08 -0.000822659
1.08552e+08 -0.000832659
1.08577e+08 -0.000842659
1.08602e+08 -0.000852659
1.08627e+08 -0.000862659
1.08652e+08 -0.000872659
1.08677e+08 -0.000882659
1.08702e+08 -0.000892659
1.08726e+08 -0.000902659
1.08751e+08 -0.000912659
1.08775e+08 -0.000922659
1.08799e+08 -0.000932659
1.08824e+08 -0.000942659
1.08849e+08 -0.000952659
1.08875e+08 -0.000962659
1.08902e+08 -0.000972659
1.0893e+08 -0.000982659
1.0896e+08 -0.000992659
1.57976e+08 -0.00100266
1.57972e+08 -0.00101266
1.57969e+08 -0.00102266
1.57965e+08 -0.00103266
1.57961e+08 -0.00104266
1.57958e+08 -0.00105266
1.57954e+08 -0.00106266
1.5795e+08 -0.00107266
1.57946e+08 -0.00108266
1.57942e+08 -0.00109266
1.57938e+08 -0.00110266
1.57934e+08 -0.00111266
1.5793e+08 -0.00112266
1.57926e+08 -0.00113266
1.57922e+08 -0.00114266
