0 -2.77068e-08
0 -7.50879e-09
0 -3.72529e-08
1.24796e+08 -1.24796e+08
1.70963e+08 -1.70963e+08
1.46552e+08 -1.46552e+08
4.47229e+07 -4.47229e+07
1.19718e+09 0
1.19718e+09 0
1.19718e+09 0
1.19718e+09 0
1.19718e+09 0
1.19718e+09 0
1.19718e+09 0
1.19718e+09 0
1.19718e+09 0
1.19718e+09 0
1.19718e+09 0
1.19718e+09 0
1.19718e+09 0
1.19718e+09 0
1.19718e+09 0
1.19718e+09 0
1.19718e+09 0
1.19718e+09 0
1.19718e+09 0
1.19718e+09 0
1.19718e+09 0
1.19718e+09 0
1.19718e+09 0
1.19718e+09 0
1.19718e+09 0
1.19718e+09 0
1.19718e+09 0
1.19718e+09 0
1.19718e+09 0
1.19718e+09 0
1.19718e+09 0
1.19718e+09 0
1.19718e+09 0
1.19718e+09 0
1.19718e+09 0
1.19718e+09 0
1.19718e+09 0
1.19718e+09 0
1.19718e+09 0
1.19718e+09 0
1.19718e+09 0
1.19718e+09 0
1.19718e+09 0
1.19718e+09 0
1.19718e+09 0
1.19718e+09 0
1.19718e+09 0
1.19718e+09 0
1.19718e+09 0
1.19718e+09 0
1.19718e+09 0
1.19718e+09 0
1.19718e+09 0
1.19718e+09 0
1.19718e+09 0
1.19718e+09 0
1.19718e+09 0
1.19718e+09 0
1.19718e+09 0
1.19718e+09 0
1.19718e+09 0
1.19718e+09 0
1.19718e+09 0
1.19718e+09 0
1.19718e+09 0
1.19718e+09 0
1.19718e+09 0
1.19718e+09 0
1.19718e+09 0
1.19718e+09 0
1.19718e+09 0
1.19718e+09 0
1.19718e+09 0
1.19718e+09 0
1.19718e+09 0
1.19718e+09 0
1.19718e+09 0
1.19718e+09 0
1.19718e+09 0
1.19718e+09 0
1.19718e+09 0
1.19718e+09 0
1.19718e+09 0
1.19718e+09 0
1.19718e+09 0
1.19718e+09 0
1.19718e+09 0
1.19718e+09 0
1.19718e+09 0
1.19718e+09 0
1.19718e+09 0
1.19718e+09 0
1.19718e+09 0
1.19718e+09 0
1.19718e+09 0
1.19718e+09 0
