0 -4.86616e-08
0 -1.5425e-08
0 2.79397e-08
-1.69725e+08 1.69725e+08
-2.66959e+08 2.66959e+08
-3.03155e+08 3.03155e+08
-3.24459e+08 3.24459e+08
-3.37994e+08 3.37994e+08
-3.45538e+08 3.45538e+08
-3.48636e+08 3.48636e+08
-3.48653e+08 3.48653e+08
-3.45253e+08 3.45253e+08
-3.3987e+08 3.3987e+08
-3.32292e+08 3.32292e+08
-3.22022e+08 3.22022e+08
-3.07961e+08 3.07961e+08
-2.88286e+08 2.88286e+08
-2.59989e+08 2.59989e+08
-2.21438e+08 2.21438e+08
-1.76723e+08 1.76723e+08
-1.20591e+08 1.20591e+08
-6.40331e+07 6.40331e+07
-905944 905944
8.46673e+07 -8.46673e+07
1.68401e+08 -1.68401e+08
3.68362e+08 0
3.68362e+08 0
3.68362e+08 0
3.68362e+08 0
3.68362e+08 0
3.68362e+08 0
3.68362e+08 0
3.68362e+08 0
3.68362e+08 0
3.68362e+08 0
3.68362e+08 0
3.68362e+08 0
3.68362e+08 0
3.68362e+08 0
3.68362e+08 0
3.68362e+08 0
3.68362e+08 0
3.68362e+08 0
3.68362e+08 0
3.68362e+08 0
3.68362e+08 0
3.68362e+08 0
3.68362e+08 0
3.68362e+08 0
3.68362e+08 0
3.68362e+08 0
3.68362e+08 0
3.68362e+08 0
3.68362e+08 0
3.68362e+08 0
3.68362e+08 0
3.68362e+08 0
3.68362e+08 0
3.68362e+08 0
3.68362e+08 0
3.68362e+08 0
3.68362e+08 0
3.68362e+08 0
3.68362e+08 0
3.68362e+08 0
3.68362e+08 0
3.68362e+08 0
3.68362e+08 0
3.68362e+08 0
3.68362e+08 0
3.68362e+08 0
3.68362e+08 0
3.68362e+08 0
3.68362e+08 0
3.68362e+08 0
3.68362e+08 0
3.68362e+08 0
3.68362e+08 0
3.68362e+08 0
3.68362e+08 0
3.68362e+08 0
3.68362e+08 0
3.68362e+08 0
3.68362e+08 0
3.68362e+08 0
3.68362e+08 0
3.68362e+08 0
3.68362e+08 0
3.68362e+08 0
3.68362e+08 0
3.68362e+08 0
3.68362e+08 0
3.68362e+08 0
3.68362e+08 0
3.68362e+08 0
3.68362e+08 0
3.68362e+08 0
3.68362e+08 0
3.68362e+08 0
3.68362e+08 0
3.68362e+08 0
3.68362e+08 0
3.68362e+08 0
