0 -5.23506e-06
0 1.09657e-05
0 7.07687e-06
1.30482e+08 1.70769e-05
1.83823e+08 2.70769e-05
1.85203e+08 3.70769e-05
1.61241e+08 4.70769e-05
1.18619e+08 5.70769e-05
5.25195e+07 6.70769e-05
-6.77771e+07 7.70769e-05
-6.94322e+07 8.70769e-05
7.84933e+08 9.70769e-05
7.84933e+08 0.000107077
7.84933e+08 0.000117077
7.84933e+08 0.000127077
7.84933e+08 0.000137077
7.84933e+08 0.000147077
7.84933e+08 0.000157077
7.84933e+08 0.000167077
7.84933e+08 0.000177077
7.84933e+08 0.000187077
7.84933e+08 0.000197077
7.84933e+08 0.000207077
7.84933e+08 0.000217077
7.84933e+08 0.000227077
7.84933e+08 0.000237077
7.84933e+08 0.000247077
7.84933e+08 0.000257077
7.84933e+08 0.000267077
7.84933e+08 0.000277077
7.84933e+08 0.000287077
7.84933e+08 0.000297077
7.84933e+08 0.000307077
7.84933e+08 0.000317077
7.84933e+08 0.000327077
7.84933e+08 0.000337077
7.84933e+08 0.000347077
7.84933e+08 0.000357077
7.84933e+08 0.000367077
7.84933e+08 0.000377077
7.84933e+08 0.000387077
7.84933e+08 0.000397077
7.84933e+08 0.000407077
7.84933e+08 0.000417077
7.84933e+08 0.000427077
7.84933e+08 0.000437077
7.84933e+08 0.000447077
7.84933e+08 0.000457077
7.84933e+08 0.000467077
7.84933e+08 0.000477077
7.84933e+08 0.000487077
7.84933e+08 0.000497077
7.84933e+08 0.000507077
7.84933e+08 0.000517077
7.84933e+08 0.000527077
7.84933e+08 0.000537077
7.84933e+08 0.000547077
7.84933e+08 0.000557077
7.84933e+08 0.000567077
7.84933e+08 0.000577077
7.84933e+08 0.000587077
7.84933e+08 0.000597077
7.84933e+08 0.000607077
7.84933e+08 0.000617077
7.84933e+08 0.000627077
7.84933e+08 0.000637077
7.84933e+08 0.000647077
7.84933e+08 0.000657077
7.84933e+08 0.000667077
7.84933e+08 0.000677077
7.84933e+08 0.000687077
7.84933e+08 0.000697077
7.84933e+08 0.000707077
7.84933e+08 0.000717077
7.84933e+08 0.000727077
7.84933e+08 0.000737077
7.84933e+08 0.000747077
7.84933e+08 0.000757077
7.84933e+08 0.000767077
7.84933e+08 0.000777077
7.84933e+08 0.000787077
7.84933e+08 0.000797077
7.84933e+08 0.000807077
7.84933e+08 0.000817077
7.84933e+08 0.000827077
7.84933e+08 0.000837077
7.84933e+08 0.000847077
7.84933e+08 0.000857077
7.84933e+08 0.000867077
7.84933e+08 0.000877077
7.84933e+08 0.000887077
7.84933e+08 0.000897077
7.84933e+08 0.000907077
7.84933e+08 0.000917077
7.84933e+08 0.000927077
7.84933e+08 0.000937077
7.84933e+08 0.000947077
7.84933e+08 0.000957077
7.84933e+08 0.000967077
7.84933e+08 0.000977077
7.84933e+08 0.000987077
7.84933e+08 0.000997077
7.84933e+08 0.00100708
