0 5.30854e-08
0 1.12704e+08
0 1.12704e+08
1.26622e+08 -1.2146e+07
1.1989e+09 0
1.1989e+09 0
1.1989e+09 0
1.1989e+09 0
1.1989e+09 0
1.1989e+09 0
1.1989e+09 0
1.1989e+09 0
1.1989e+09 0
1.1989e+09 0
1.1989e+09 0
1.1989e+09 0
1.1989e+09 0
1.1989e+09 0
1.1989e+09 0
1.1989e+09 0
1.1989e+09 0
1.1989e+09 0
1.1989e+09 0
1.1989e+09 0
1.1989e+09 0
1.1989e+09 0
1.1989e+09 0
1.1989e+09 0
1.1989e+09 0
1.1989e+09 0
1.1989e+09 0
1.1989e+09 0
1.1989e+09 0
1.1989e+09 0
1.1989e+09 0
1.1989e+09 0
1.1989e+09 0
1.1989e+09 0
1.1989e+09 0
1.1989e+09 0
1.1989e+09 0
1.1989e+09 0
1.1989e+09 0
1.1989e+09 0
1.1989e+09 0
1.1989e+09 0
1.1989e+09 0
1.1989e+09 0
1.1989e+09 0
1.1989e+09 0
1.1989e+09 0
1.1989e+09 0
1.1989e+09 0
1.1989e+09 0
1.1989e+09 0
1.1989e+09 0
1.1989e+09 0
1.1989e+09 0
1.1989e+09 0
1.1989e+09 0
1.1989e+09 0
1.1989e+09 0
1.1989e+09 0
1.1989e+09 0
1.1989e+09 0
1.1989e+09 0
1.1989e+09 0
1.1989e+09 0
1.1989e+09 0
1.1989e+09 0
1.1989e+09 0
1.1989e+09 0
1.1989e+09 0
1.1989e+09 0
1.1989e+09 0
1.1989e+09 0
1.1989e+09 0
1.1989e+09 0
1.1989e+09 0
1.1989e+09 0
1.1989e+09 0
1.1989e+09 0
1.1989e+09 0
1.1989e+09 0
1.1989e+09 0
1.1989e+09 0
1.1989e+09 0
1.1989e+09 0
1.1989e+09 0
1.1989e+09 0
1.1989e+09 0
1.1989e+09 0
1.1989e+09 0
1.1989e+09 0
1.1989e+09 0
1.1989e+09 0
1.1989e+09 0
1.1989e+09 0
1.1989e+09 0
1.1989e+09 0
1.1989e+09 0
1.1989e+09 0
1.1989e+09 0
