0 1.79036e-07
0 1.79036e-07
0 -1.69388e-07
1.03648e+08 9.83061e-06
1.15382e+08 1.98306e-05
1.20797e+08 2.98306e-05
1.2723e+08 3.98306e-05
1.32631e+08 4.98306e-05
1.37427e+08 5.98306e-05
1.4174e+08 6.98306e-05
1.45614e+08 7.98306e-05
1.48789e+08 8.98306e-05
1.51557e+08 9.98306e-05
1.53015e+08 0.000109831
1.54335e+08 0.000119831
1.55509e+08 0.000129831
1.56479e+08 0.000139831
1.57332e+08 0.000149831
1.58102e+08 0.000159831
1.58771e+08 0.000169831
1.59356e+08 0.000179831
1.59869e+08 0.000189831
1.60332e+08 0.000199831
1.60748e+08 0.000209831
1.6112e+08 0.000219831
1.61449e+08 0.000229831
1.61737e+08 0.000239831
1.45215e+08 0.000249831
1.45802e+08 0.000259831
1.46299e+08 0.000269831
1.46684e+08 0.000279831
1.46988e+08 0.000289831
1.47238e+08 0.000299831
1.47448e+08 0.000309831
1.47621e+08 0.000319831
1.47767e+08 0.000329831
1.47894e+08 0.000339831
1.48005e+08 0.000349831
1.481e+08 0.000359831
1.4818e+08 0.000369831
1.48242e+08 0.000379831
1.48287e+08 0.000389831
1.48315e+08 0.000399831
1.48326e+08 0.000409831
1.48323e+08 0.000419831
1.48306e+08 0.000429831
1.48266e+08 0.000439831
1.48194e+08 0.000449831
1.481e+08 0.000459831
1.47971e+08 0.000469831
1.47804e+08 0.000479831
1.47611e+08 0.000489831
1.47348e+08 0.000499831
1.46968e+08 0.000509831
1.46446e+08 0.000519831
1.45761e+08 0.000529831
1.44723e+08 0.000539831
1.43421e+08 0.000549831
1.41756e+08 0.000559831
1.4016e+08 0.000569831
1.38693e+08 0.000579831
1.37319e+08 0.000589831
1.36005e+08 0.000599831
1.3482e+08 0.000609831
1.33626e+08 0.000619831
1.32625e+08 0.000629831
1.31644e+08 0.000639831
1.30651e+08 0.000649831
1.29808e+08 0.000659831
1.29079e+08 0.000669831
1.28282e+08 0.000679831
1.27517e+08 0.000689831
1.26836e+08 0.000699831
1.26355e+08 0.000709831
4.71934e+07 0.000719831
4.64646e+07 0.000729831
4.57097e+07 0.000739831
4.5085e+07 0.000749831
4.4508e+07 0.000759831
4.39242e+07 0.000769831
4.33086e+07 0.000779831
4.25984e+07 0.000789831
4.21099e+07 0.000799831
4.16708e+07 0.000809831
4.12729e+07 0.000819831
4.07024e+07 0.000829831
4.01225e+07 0.000839831
3.96822e+07 0.000849831
3.93302e+07 0.000859831
3.89262e+07 0.000869831
3.85846e+07 0.000879831
3.82004e+07 0.000889831
3.78022e+07 0.000899831
3.72837e+07 0.000909831
3.69961e+07 0.000919831
3.67201e+07 0.000929831
3.64368e+07 0.000939831
3.61648e+07 0.000949831
3.58859e+07 0.000959831
3.54921e+07 0.000969831
3.50818e+07 0.000979831
3.48637e+07 0.000989831
3.46836e+07 0.000999831
