0 -3.77186e-08
0 -1.26024e+08
0 -1.26024e+08
1.38318e+08 -2.64342e+08
1.90895e+08 -3.16919e+08
2.05953e+08 -3.31977e+08
2.09194e+08 -3.35218e+08
2.0766e+08 -3.33684e+08
2.03219e+08 -3.29243e+08
1.96288e+08 -3.22312e+08
1.86325e+08 -3.12349e+08
1.71768e+08 -2.97792e+08
1.51873e+08 -2.77897e+08
1.18026e+08 -2.4405e+08
4.30967e+06 -1.30334e+08
2.97757e+08 0
2.97757e+08 0
2.97757e+08 0
2.97757e+08 0
2.97757e+08 0
2.97757e+08 0
2.97757e+08 0
2.97757e+08 0
2.97757e+08 0
2.97757e+08 0
2.97757e+08 0
2.97757e+08 0
2.97757e+08 0
2.97757e+08 0
2.97757e+08 0
2.97757e+08 0
2.97757e+08 0
2.97757e+08 0
2.97757e+08 0
2.97757e+08 0
2.97757e+08 0
2.97757e+08 0
2.97757e+08 0
2.97757e+08 0
2.97757e+08 0
2.97757e+08 0
2.97757e+08 0
2.97757e+08 0
2.97757e+08 0
2.97757e+08 0
2.97757e+08 0
2.97757e+08 0
2.97757e+08 0
2.97757e+08 0
2.97757e+08 0
2.97757e+08 0
2.97757e+08 0
2.97757e+08 0
2.97757e+08 0
2.97757e+08 0
2.97757e+08 0
2.97757e+08 0
2.97757e+08 0
2.97757e+08 0
2.97757e+08 0
2.97757e+08 0
2.97757e+08 0
2.97757e+08 0
2.97757e+08 0
2.97757e+08 0
2.97757e+08 0
2.97757e+08 0
2.97757e+08 0
2.97757e+08 0
2.97757e+08 0
2.97757e+08 0
2.97757e+08 0
2.97757e+08 0
2.97757e+08 0
2.97757e+08 0
2.97757e+08 0
2.97757e+08 0
2.97757e+08 0
2.97757e+08 0
2.97757e+08 0
2.97757e+08 0
2.97757e+08 0
2.97757e+08 0
2.97757e+08 0
2.97757e+08 0
2.97757e+08 0
2.97757e+08 0
2.97757e+08 0
2.97757e+08 0
2.97757e+08 0
2.97757e+08 0
2.97757e+08 0
2.97757e+08 0
2.97757e+08 0
2.97757e+08 0
2.97757e+08 0
2.97757e+08 0
2.97757e+08 0
2.97757e+08 0
2.97757e+08 0
2.97757e+08 0
2.97757e+08 0
2.97757e+08 0
