0 -3.11919e-06
0 -1.66051e-05
0 -372437
-15 -372437
-30 -372437
-45 -372437
-60 -372437
-75 -372437
-90 -372437
-105 -372437
-120 -372437
-135 -372437
-150 -372437
-165 -372437
-180 -372437
-195 -372437
-210 -372437
-225 -372437
-240 -372437
-255 -372437
-270 -372437
-285 -372437
-300 -372437
-315 -372437
-330 -372437
-345 -372437
-360 -372437
-375 -372437
-390 -372437
-405 -372437
-420 -372437
-435 -372437
-450 -372437
-465 -372437
-480 -372437
-495 -372437
-510 -372437
-525 -372437
-540 -372437
-555 -372437
-570 -372437
-585 -372437
-600 -372437
-615 -372437
-630 -372437
-645 -372437
-660 -372437
-675 -372437
-690 -372437
-705 -372437
-720 -372437
-735 -372437
-750 -372437
-765 -372437
-780 -372437
-795 -372437
-810 -372437
-825 -372437
-840 -372437
-855 -372437
-870 -372437
-885 -372437
-900 -372437
-915 -372437
-930 -372437
-945.001 -372437
-960.001 -372437
-975.001 -372437
-990.001 -372437
-1005 -372437
-1020 -372437
-1035 -372437
-1050 -372437
-1065 -372437
-1080 -372437
-1095 -372437
-1110 -372437
-1125 -372437
-1140 -372437
-1155 -372437
-1170 -372437
-1185 -372437
-1200 -372437
-1215 -372437
-1230 -372437
-1245 -372437
-1260 -372437
-1275 -372437
-1290 -372437
-1305 -372437
-1320 -372437
-1335 -372437
-1350 -372437
-1365 -372437
-1380 -372437
-1395 -372437
-1410 -372437
-1425 -372437
-1440 -372437
-1455 -372437
-1470 -372437
-1485 -372437
-1500 -372437
