0 -2.96745e-07
0 -8.16361e-05
0 -609817
-15 -609817
-30 -609817
-45 -609817
-60 -609817
-75 -609817
-90 -609817
-105 -609817
-120 -609817
-135 -609817
-150 -609817
-165 -609817
-180 -609817
-195 -609817
-210 -609817
-225 -609817
-240 -609817
-255 -609817
-270 -609817
-285 -609817
-300 -609817
-315 -609817
-330 -609817
-345 -609817
-360 -609817
-375 -609817
-390 -609817
-405 -609817
-420 -609817
-435 -609817
-450 -609817
-465 -609817
-480 -609817
-495 -609817
-510 -609817
-525 -609817
-540 -609817
-555 -609817
-570 -609817
-585 -609817
-600 -609817
-615 -609817
-630 -609817
-645 -609817
-660 -609817
-675 -609817
-690 -609817
-705 -609817
-720 -609817
-735 -609817
-750 -609817
-765 -609817
-780 -609817
-795 -609817
-810 -609817
-825 -609817
-840 -609817
-855 -609817
-870 -609817
-885 -609817
-900 -609817
-915 -609817
-930 -609817
-945 -609817
-960.001 -609817
-975.001 -609817
-990.001 -609817
-1005 -609817
-1020 -609817
-1035 -609817
-1050 -609817
-1065 -609817
-1080 -609817
-1095 -609817
-1110 -609817
-1125 -609817
-1140 -609817
-1155 -609817
-1170 -609817
-1185 -609817
-1200 -609817
-1215 -609817
-1230 -609817
-1245 -609817
-1260 -609817
-1275 -609817
-1290 -609817
-1305 -609817
-1320 -609817
-1335 -609817
-1350 -609817
-1365 -609817
-1380 -609817
-1395 -609817
-1410 -609817
-1425 -609817
-1440 -609817
-1455 -609817
-1470 -609817
-1485 -609817
-1500 -609817
