0 -5.77603e-07
0 4.90058e-06
0 1.70058e-06
1.49654e+08 1.17006e-05
2.57006e+08 2.17006e-05
2.96401e+08 3.17006e-05
3.03217e+08 4.17006e-05
2.96484e+08 5.17006e-05
2.8294e+08 6.17006e-05
2.60862e+08 7.17006e-05
2.29115e+08 8.17006e-05
1.81068e+08 9.17006e-05
8.80723e+07 0.000101701
8.62084e+07 0.000111701
6.80037e+08 0.000121701
6.80037e+08 0.000131701
6.80037e+08 0.000141701
6.80037e+08 0.000151701
6.80037e+08 0.000161701
6.80037e+08 0.000171701
6.80037e+08 0.000181701
6.80037e+08 0.000191701
6.80037e+08 0.000201701
6.80037e+08 0.000211701
6.80037e+08 0.000221701
6.80037e+08 0.000231701
6.80037e+08 0.000241701
6.80037e+08 0.000251701
6.80037e+08 0.000261701
6.80037e+08 0.000271701
6.80037e+08 0.000281701
6.80037e+08 0.000291701
6.80037e+08 0.000301701
6.80037e+08 0.000311701
6.80037e+08 0.000321701
6.80037e+08 0.000331701
6.80037e+08 0.000341701
6.80037e+08 0.000351701
6.80037e+08 0.000361701
6.80037e+08 0.000371701
6.80037e+08 0.000381701
6.80037e+08 0.000391701
6.80037e+08 0.000401701
6.80037e+08 0.000411701
6.80037e+08 0.000421701
6.80037e+08 0.000431701
6.80037e+08 0.000441701
6.80037e+08 0.000451701
6.80037e+08 0.000461701
6.80037e+08 0.000471701
6.80037e+08 0.000481701
6.80037e+08 0.000491701
6.80037e+08 0.000501701
6.80037e+08 0.000511701
6.80037e+08 0.000521701
6.80037e+08 0.000531701
6.80037e+08 0.000541701
6.80037e+08 0.000551701
6.80037e+08 0.000561701
6.80037e+08 0.000571701
6.80037e+08 0.000581701
6.80037e+08 0.000591701
6.80037e+08 0.000601701
6.80037e+08 0.000611701
6.80037e+08 0.000621701
6.80037e+08 0.000631701
6.80037e+08 0.000641701
6.80037e+08 0.000651701
6.80037e+08 0.000661701
6.80037e+08 0.000671701
6.80037e+08 0.000681701
6.80037e+08 0.000691701
6.80037e+08 0.000701701
6.80037e+08 0.000711701
6.80037e+08 0.000721701
6.80037e+08 0.000731701
6.80037e+08 0.000741701
6.80037e+08 0.000751701
6.80037e+08 0.000761701
6.80037e+08 0.000771701
6.80037e+08 0.000781701
6.80037e+08 0.000791701
6.80037e+08 0.000801701
6.80037e+08 0.000811701
6.80037e+08 0.000821701
6.80037e+08 0.000831701
6.80037e+08 0.000841701
6.80037e+08 0.000851701
6.80037e+08 0.000861701
6.80037e+08 0.000871701
6.80037e+08 0.000881701
6.80037e+08 0.000891701
6.80037e+08 0.000901701
6.80037e+08 0.000911701
6.80037e+08 0.000921701
6.80037e+08 0.000931701
6.80037e+08 0.000941701
6.80037e+08 0.000951701
6.80037e+08 0.000961701
6.80037e+08 0.000971701
6.80037e+08 0.000981701
6.80037e+08 0.000991701
6.80037e+08 0.0010017
