0 -6.53135e-07
0 -1.34155e-05
0 0.000112458
-5.07739e+06 0.000102458
-1.56598e+08 9.24585e-05
8.35163e+08 8.24585e-05
8.35163e+08 7.24585e-05
8.35163e+08 6.24585e-05
8.35163e+08 5.24585e-05
8.35163e+08 4.24585e-05
8.35163e+08 3.24585e-05
8.35163e+08 2.24585e-05
8.35163e+08 1.24585e-05
8.35163e+08 2.45847e-06
8.35163e+08 -7.54153e-06
8.35163e+08 -1.75415e-05
8.35163e+08 -2.75415e-05
8.35163e+08 -3.75415e-05
8.35163e+08 -4.75415e-05
8.35163e+08 -5.75415e-05
8.35163e+08 -6.75415e-05
8.35163e+08 -7.75415e-05
8.35163e+08 -8.75415e-05
8.35163e+08 -9.75415e-05
8.35163e+08 -0.000107542
8.35163e+08 -0.000117542
8.35163e+08 -0.000127542
8.35163e+08 -0.000137542
8.35163e+08 -0.000147542
8.35163e+08 -0.000157542
8.35163e+08 -0.000167542
8.35163e+08 -0.000177542
8.35163e+08 -0.000187542
8.35163e+08 -0.000197542
8.35163e+08 -0.000207542
8.35163e+08 -0.000217542
8.35163e+08 -0.000227542
8.35163e+08 -0.000237542
8.35163e+08 -0.000247542
8.35163e+08 -0.000257542
8.35163e+08 -0.000267542
8.35163e+08 -0.000277542
8.35163e+08 -0.000287542
8.35163e+08 -0.000297542
8.35163e+08 -0.000307542
8.35163e+08 -0.000317542
8.35163e+08 -0.000327542
8.35163e+08 -0.000337542
8.35163e+08 -0.000347542
8.35163e+08 -0.000357542
8.35163e+08 -0.000367542
8.35163e+08 -0.000377542
8.35163e+08 -0.000387542
8.35163e+08 -0.000397542
8.35163e+08 -0.000407542
8.35163e+08 -0.000417542
8.35163e+08 -0.000427542
8.35163e+08 -0.000437542
8.35163e+08 -0.000447542
8.35163e+08 -0.000457542
8.35163e+08 -0.000467542
8.35163e+08 -0.000477542
8.35163e+08 -0.000487542
8.35163e+08 -0.000497542
8.35163e+08 -0.000507542
8.35163e+08 -0.000517542
8.35163e+08 -0.000527542
8.35163e+08 -0.000537542
8.35163e+08 -0.000547542
8.35163e+08 -0.000557542
8.35163e+08 -0.000567542
8.35163e+08 -0.000577542
8.35163e+08 -0.000587542
8.35163e+08 -0.000597542
8.35163e+08 -0.000607542
8.35163e+08 -0.000617542
8.35163e+08 -0.000627542
8.35163e+08 -0.000637542
8.35163e+08 -0.000647542
8.35163e+08 -0.000657542
8.35163e+08 -0.000667542
8.35163e+08 -0.000677542
8.35163e+08 -0.000687542
8.35163e+08 -0.000697542
8.35163e+08 -0.000707542
8.35163e+08 -0.000717542
8.35163e+08 -0.000727542
8.35163e+08 -0.000737542
8.35163e+08 -0.000747542
8.35163e+08 -0.000757542
8.35163e+08 -0.000767542
8.35163e+08 -0.000777542
8.35163e+08 -0.000787542
8.35163e+08 -0.000797542
8.35163e+08 -0.000807542
8.35163e+08 -0.000817542
8.35163e+08 -0.000827542
8.35163e+08 -0.000837542
8.35163e+08 -0.000847542
8.35163e+08 -0.000857542
8.35163e+08 -0.000867542
8.35163e+08 -0.000877542
8.35163e+08 -0.000887542
