0 -7.5304e-07
0 -5.41831e-06
0 -5.24303e-06
-1.39965e+08 -1.5243e-05
-2.13715e+08 -2.5243e-05
-2.11671e+08 -3.5243e-05
-1.75403e+08 -4.5243e-05
-1.12973e+08 -5.5243e-05
-6.82257e+06 -6.5243e-05
9.6843e+08 -7.5243e-05
9.6843e+08 -8.5243e-05
9.6843e+08 -9.5243e-05
9.6843e+08 -0.000105243
9.6843e+08 -0.000115243
9.6843e+08 -0.000125243
9.6843e+08 -0.000135243
9.6843e+08 -0.000145243
9.6843e+08 -0.000155243
9.6843e+08 -0.000165243
9.6843e+08 -0.000175243
9.6843e+08 -0.000185243
9.6843e+08 -0.000195243
9.6843e+08 -0.000205243
9.6843e+08 -0.000215243
9.6843e+08 -0.000225243
9.6843e+08 -0.000235243
9.6843e+08 -0.000245243
9.6843e+08 -0.000255243
9.6843e+08 -0.000265243
9.6843e+08 -0.000275243
9.6843e+08 -0.000285243
9.6843e+08 -0.000295243
9.6843e+08 -0.000305243
9.6843e+08 -0.000315243
9.6843e+08 -0.000325243
9.6843e+08 -0.000335243
9.6843e+08 -0.000345243
9.6843e+08 -0.000355243
9.6843e+08 -0.000365243
9.6843e+08 -0.000375243
9.6843e+08 -0.000385243
9.6843e+08 -0.000395243
9.6843e+08 -0.000405243
9.6843e+08 -0.000415243
9.6843e+08 -0.000425243
9.6843e+08 -0.000435243
9.6843e+08 -0.000445243
9.6843e+08 -0.000455243
9.6843e+08 -0.000465243
9.6843e+08 -0.000475243
9.6843e+08 -0.000485243
9.6843e+08 -0.000495243
9.6843e+08 -0.000505243
9.6843e+08 -0.000515243
9.6843e+08 -0.000525243
9.6843e+08 -0.000535243
9.6843e+08 -0.000545243
9.6843e+08 -0.000555243
9.6843e+08 -0.000565243
9.6843e+08 -0.000575243
9.6843e+08 -0.000585243
9.6843e+08 -0.000595243
9.6843e+08 -0.000605243
9.6843e+08 -0.000615243
9.6843e+08 -0.000625243
9.6843e+08 -0.000635243
9.6843e+08 -0.000645243
9.6843e+08 -0.000655243
9.6843e+08 -0.000665243
9.6843e+08 -0.000675243
9.6843e+08 -0.000685243
9.6843e+08 -0.000695243
9.6843e+08 -0.000705243
9.6843e+08 -0.000715243
9.6843e+08 -0.000725243
9.6843e+08 -0.000735243
9.6843e+08 -0.000745243
9.6843e+08 -0.000755243
9.6843e+08 -0.000765243
9.6843e+08 -0.000775243
9.6843e+08 -0.000785243
9.6843e+08 -0.000795243
9.6843e+08 -0.000805243
9.6843e+08 -0.000815243
9.6843e+08 -0.000825243
9.6843e+08 -0.000835243
9.6843e+08 -0.000845243
9.6843e+08 -0.000855243
9.6843e+08 -0.000865243
9.6843e+08 -0.000875243
9.6843e+08 -0.000885243
9.6843e+08 -0.000895243
9.6843e+08 -0.000905243
9.6843e+08 -0.000915243
9.6843e+08 -0.000925243
9.6843e+08 -0.000935243
9.6843e+08 -0.000945243
9.6843e+08 -0.000955243
9.6843e+08 -0.000965243
9.6843e+08 -0.000975243
9.6843e+08 -0.000985243
9.6843e+08 -0.000995243
9.6843e+08 -0.00100524
