0 -3.63216e-08
0 -1.22624e+08
0 -1.22624e+08
5.21948e+06 -1.27843e+08
9.19447e+06 -1.31818e+08
1.31206e+07 -1.35744e+08
1.69767e+07 -1.396e+08
2.07505e+07 -1.43374e+08
2.43537e+07 -1.46977e+08
2.74772e+07 -1.50101e+08
2.9717e+07 -1.52341e+08
3.11785e+07 -1.53802e+08
3.28789e+07 -1.55502e+08
3.44202e+07 -1.57044e+08
3.54807e+07 -1.58104e+08
3.64151e+07 -1.59039e+08
3.72564e+07 -1.5988e+08
3.79879e+07 -1.60611e+08
3.86178e+07 -1.61241e+08
3.91819e+07 -1.61805e+08
3.96945e+07 -1.62318e+08
4.01416e+07 -1.62765e+08
4.05443e+07 -1.63168e+08
4.09105e+07 -1.63534e+08
4.1234e+07 -1.63858e+08
4.15241e+07 -1.64148e+08
4.1785e+07 -1.64409e+08
4.20179e+07 -1.64641e+08
4.22218e+07 -1.64845e+08
4.24024e+07 -1.65026e+08
4.25655e+07 -1.65189e+08
4.27116e+07 -1.65335e+08
4.28393e+07 -1.65463e+08
4.29449e+07 -1.65568e+08
4.30284e+07 -1.65652e+08
4.30912e+07 -1.65715e+08
4.31391e+07 -1.65763e+08
4.31762e+07 -1.658e+08
4.32011e+07 -1.65825e+08
4.32113e+07 -1.65835e+08
4.32018e+07 -1.65825e+08
4.31685e+07 -1.65792e+08
4.312e+07 -1.65743e+08
4.30539e+07 -1.65677e+08
4.29694e+07 -1.65593e+08
4.28689e+07 -1.65492e+08
4.27488e+07 -1.65372e+08
4.25967e+07 -1.6522e+08
4.24124e+07 -1.65036e+08
4.21977e+07 -1.64821e+08
4.1926e+07 -1.64549e+08
4.16074e+07 -1.64231e+08
4.12493e+07 -1.63873e+08
4.08156e+07 -1.63439e+08
4.02599e+07 -1.62883e+08
3.94916e+07 -1.62115e+08
3.8836e+07 -1.6146e+08
3.80552e+07 -1.60679e+08
3.71041e+07 -1.59728e+08
3.61526e+07 -1.58776e+08
3.52527e+07 -1.57876e+08
3.41232e+07 -1.56747e+08
3.28431e+07 -1.55467e+08
3.18453e+07 -1.54469e+08
3.04595e+07 -1.53083e+08
2.89574e+07 -1.51581e+08
2.78377e+07 -1.50461e+08
2.66874e+07 -1.49311e+08
2.53485e+07 -1.47972e+08
2.42129e+07 -1.46836e+08
2.33957e+07 -1.46019e+08
2.24816e+07 -1.45105e+08
-6.07068e+07 -6.19167e+07
-6.16815e+07 -6.0942e+07
-6.25032e+07 -6.01203e+07
-6.29669e+07 -5.96566e+07
-6.36063e+07 -5.90172e+07
-6.44829e+07 -5.81406e+07
-6.54407e+07 -5.71828e+07
-6.59571e+07 -5.66664e+07
-6.64878e+07 -5.6152e+07
-6.74919e+07 -5.51316e+07
-6.84029e+07 -5.42206e+07
-6.89197e+07 -5.37038e+07
-6.94046e+07 -5.32189e+07
-6.97497e+07 -5.26137e+07
-7.08825e+07 -5.1741e+07
-7.16033e+07 -5.1028e+07
-7.19029e+07 -5.07563e+07
-3.05329e+07 0
-3.05329e+07 0
-3.05329e+07 0
-3.05329e+07 0
-3.05329e+07 0
-3.05329e+07 0
-3.05329e+07 0
-3.05329e+07 0
-3.05329e+07 0
-3.05329e+07 0
-3.05329e+07 0
-3.05329e+07 0
-3.05329e+07 0
-3.05329e+07 0
