0 -2.53491e-07
0 0.000201745
0 -146671
-15 -146671
-30 -146671
-45 -146671
-60 -146671
-75 -146671
-90 -146671
-105 -146671
-120 -146671
-135 -146671
-150 -146671
-165 -146671
-180 -146671
-195 -146671
-210 -146671
-225 -146671
-240 -146671
-255 -146671
-270 -146671
-285 -146671
-300 -146671
-315 -146671
-330 -146671
-345 -146671
-360 -146671
-375 -146671
-390 -146671
-405 -146671
-420 -146671
-435 -146671
-450 -146671
-465 -146671
-480 -146671
-495.001 -146671
-510.001 -146671
-525.001 -146671
-540.001 -146671
-555.001 -146671
-570.001 -146671
-585.001 -146671
-600.001 -146671
-615.001 -146671
-630.001 -146671
-645.001 -146671
-660.001 -146671
-675.001 -146671
-690.001 -146671
-705.001 -146671
-720.001 -146671
-735.001 -146671
-750.001 -146671
-765.001 -146671
-780.001 -146671
-795.001 -146671
-810.001 -146671
-825.001 -146671
-840.001 -146671
-855.002 -146671
-870.002 -146671
-885.002 -146671
-900.002 -146671
-915.002 -146671
-930.002 -146671
-945.002 -146671
-960.002 -146671
-975.002 -146671
-990.002 -146671
-1005 -146671
-1020 -146671
-1035 -146671
-1050 -146671
-1065 -146671
-1080 -146671
-1095 -146671
-1110 -146671
-1125 -146671
-1140 -146671
-1155 -146671
-1170 -146671
-1185 -146671
-1200 -146671
-1215 -146671
-1230 -146671
-1245 -146671
-1260 -146671
-1275 -146671
-1290 -146671
-1305 -146671
-1320 -146671
-1335 -146671
-1350 -146671
-1365 -146671
-1380 -146671
-1395 -146671
-1410 -146671
-1425 -146671
-1440 -146671
-1455 -146671
-1470 -146671
-1485 -146671
-1500 -146671
