0 -4.66402e-06
0 2.23527e-05
0 -289122
-15 -289122
-30 -289122
-45 -289122
-60 -289122
-75 -289122
-90 -289122
-105 -289122
-120 -289122
-135 -289122
-150 -289122
-165 -289122
-180 -289122
-195 -289122
-210 -289122
-225 -289122
-240 -289122
-255 -289122
-270 -289122
-285 -289122
-300 -289122
-315 -289122
-330 -289122
-345 -289122
-360 -289122
-375 -289122
-390 -289122
-405 -289122
-420 -289122
-435 -289122
-450 -289122
-465 -289122
-480 -289122
-495 -289122
-510 -289122
-525 -289122
-540 -289122
-555 -289122
-570 -289122
-585 -289122
-600 -289122
-615 -289122
-630 -289122
-645 -289122
-660 -289122
-675.001 -289122
-690.001 -289122
-705.001 -289122
-720.001 -289122
-735.001 -289122
-750.001 -289122
-765.001 -289122
-780.001 -289122
-795.001 -289122
-810.001 -289122
-825.001 -289122
-840.001 -289122
-855.001 -289122
-870.001 -289122
-885.001 -289122
-900.001 -289122
-915.001 -289122
-930.001 -289122
-945.001 -289122
-960.001 -289122
-975.001 -289122
-990.001 -289122
-1005 -289122
-1020 -289122
-1035 -289122
-1050 -289122
-1065 -289122
-1080 -289122
-1095 -289122
-1110 -289122
-1125 -289122
-1140 -289122
-1155 -289122
-1170 -289122
-1185 -289122
-1200 -289122
-1215 -289122
-1230 -289122
-1245 -289122
-1260 -289122
-1275 -289122
-1290 -289122
-1305 -289122
-1320 -289122
-1335 -289122
-1350 -289122
-1365 -289122
-1380 -289122
-1395 -289122
-1410 -289122
-1425 -289122
-1440 -289122
-1455 -289122
-1470 -289122
-1485 -289122
-1500 -289122
