0 -5.81442e-07
0 -4.70896e-06
0 -6.73429e-06
1.23165e+07 -1.67343e-05
1.03253e+09 -2.67343e-05
1.03253e+09 -3.67343e-05
1.03253e+09 -4.67343e-05
1.03253e+09 -5.67343e-05
1.03253e+09 -6.67343e-05
1.03253e+09 -7.67343e-05
1.03253e+09 -8.67343e-05
1.03253e+09 -9.67343e-05
1.03253e+09 -0.000106734
1.03253e+09 -0.000116734
1.03253e+09 -0.000126734
1.03253e+09 -0.000136734
1.03253e+09 -0.000146734
1.03253e+09 -0.000156734
1.03253e+09 -0.000166734
1.03253e+09 -0.000176734
1.03253e+09 -0.000186734
1.03253e+09 -0.000196734
1.03253e+09 -0.000206734
1.03253e+09 -0.000216734
1.03253e+09 -0.000226734
1.03253e+09 -0.000236734
1.03253e+09 -0.000246734
1.03253e+09 -0.000256734
1.03253e+09 -0.000266734
1.03253e+09 -0.000276734
1.03253e+09 -0.000286734
1.03253e+09 -0.000296734
1.03253e+09 -0.000306734
1.03253e+09 -0.000316734
1.03253e+09 -0.000326734
1.03253e+09 -0.000336734
1.03253e+09 -0.000346734
1.03253e+09 -0.000356734
1.03253e+09 -0.000366734
1.03253e+09 -0.000376734
1.03253e+09 -0.000386734
1.03253e+09 -0.000396734
1.03253e+09 -0.000406734
1.03253e+09 -0.000416734
1.03253e+09 -0.000426734
1.03253e+09 -0.000436734
1.03253e+09 -0.000446734
1.03253e+09 -0.000456734
1.03253e+09 -0.000466734
1.03253e+09 -0.000476734
1.03253e+09 -0.000486734
1.03253e+09 -0.000496734
1.03253e+09 -0.000506734
1.03253e+09 -0.000516734
1.03253e+09 -0.000526734
1.03253e+09 -0.000536734
1.03253e+09 -0.000546734
1.03253e+09 -0.000556734
1.03253e+09 -0.000566734
1.03253e+09 -0.000576734
1.03253e+09 -0.000586734
1.03253e+09 -0.000596734
1.03253e+09 -0.000606734
1.03253e+09 -0.000616734
1.03253e+09 -0.000626734
1.03253e+09 -0.000636734
1.03253e+09 -0.000646734
1.03253e+09 -0.000656734
1.03253e+09 -0.000666734
1.03253e+09 -0.000676734
1.03253e+09 -0.000686734
1.03253e+09 -0.000696734
1.03253e+09 -0.000706734
1.03253e+09 -0.000716734
1.03253e+09 -0.000726734
1.03253e+09 -0.000736734
1.03253e+09 -0.000746734
1.03253e+09 -0.000756734
1.03253e+09 -0.000766734
1.03253e+09 -0.000776734
1.03253e+09 -0.000786734
1.03253e+09 -0.000796734
1.03253e+09 -0.000806734
1.03253e+09 -0.000816734
1.03253e+09 -0.000826734
1.03253e+09 -0.000836734
1.03253e+09 -0.000846734
1.03253e+09 -0.000856734
1.03253e+09 -0.000866734
1.03253e+09 -0.000876734
1.03253e+09 -0.000886734
1.03253e+09 -0.000896734
1.03253e+09 -0.000906734
1.03253e+09 -0.000916734
1.03253e+09 -0.000926734
1.03253e+09 -0.000936734
1.03253e+09 -0.000946734
1.03253e+09 -0.000956734
1.03253e+09 -0.000966734
1.03253e+09 -0.000976734
1.03253e+09 -0.000986734
1.03253e+09 -0.000996734
1.03253e+09 -0.00100673
