0 -1.65944e-06
0 -2.10146e-05
0 3.31891e-05
-17.1694 2.31891e-05
-20.3641 1.31891e-05
-49.7684 3.18911e-06
-88.7571 -6.8109e-06
-127.746 -1.68109e-05
-166.734 -2.68109e-05
-205.723 -3.68109e-05
-244.712 -4.68109e-05
-283.701 -5.68108e-05
-322.689 -6.68108e-05
-361.678 -7.68108e-05
-400.667 -8.68108e-05
-439.655 -9.68108e-05
-478.644 -0.000106811
-517.633 -0.000116811
-556.622 -0.000126811
-595.61 -0.000136811
-634.599 -0.000146811
-673.588 -0.000156811
-712.577 -0.000166811
-751.565 -0.000176811
-790.554 -0.000186811
-829.543 -0.000196811
-868.531 -0.000206811
-907.52 -0.000216811
-946.509 -0.000226811
-985.498 -0.000236811
-1024.49 -0.000246811
-1063.48 -0.000256811
-1102.46 -0.000266811
-1141.45 -0.000276811
-1180.44 -0.000286811
-1219.43 -0.000296811
-1258.42 -0.000306811
-1297.41 -0.000316811
-1336.4 -0.000326811
-1375.39 -0.000336811
-1414.37 -0.000346811
-1453.36 -0.000356811
-1492.35 -0.000366811
-1531.34 -0.000376811
-1570.33 -0.000386811
-1609.32 -0.000396811
-1648.31 -0.000406811
-1687.3 -0.000416811
-1726.28 -0.000426811
-1765.27 -0.000436811
-1804.26 -0.000446811
-1843.25 -0.000456811
-1882.24 -0.000466811
-1921.23 -0.000476811
-1960.22 -0.000486811
-1999.21 -0.000496811
-2038.19 -0.000506811
-2077.18 -0.000516811
-2116.17 -0.000526811
-2155.16 -0.000536811
-2194.15 -0.000546811
-2233.14 -0.000556811
-2272.13 -0.000566811
-2311.12 -0.000576811
-2350.1 -0.000586811
-2389.09 -0.000596811
-2428.08 -0.000606811
-2467.07 -0.000616811
-2506.06 -0.000626811
-2545.05 -0.000636811
-2584.04 -0.000646811
-2623.03 -0.000656811
-2662.01 -0.000666811
-2701 -0.000676811
-2739.99 -0.000686811
-2778.98 -0.000696811
-2817.97 -0.000706811
-2856.96 -0.000716811
-2895.95 -0.000726811
-2934.94 -0.000736811
-2973.92 -0.000746811
-3012.91 -0.000756811
-3051.9 -0.000766811
-3090.89 -0.000776811
-3129.88 -0.000786811
-3168.87 -0.000796811
-3207.86 -0.000806811
-3246.85 -0.000816811
-3285.84 -0.000826811
-3324.82 -0.000836811
-3363.81 -0.000846811
-3402.8 -0.000856811
-3441.79 -0.000866811
-3480.78 -0.000876811
-3519.77 -0.000886811
-3558.76 -0.000896811
-3597.75 -0.000906811
-3636.73 -0.000916811
-3675.72 -0.000926811
-3714.71 -0.000936811
-3753.7 -0.000946811
-3792.69 -0.000956811
-3831.68 -0.000966811
