0 -2.58661e-07
0 -5.14139e-06
0 -3.15502e-06
-1.22199e+08 -1.3155e-05
-1.5377e+08 -2.3155e-05
-1.74629e+08 -3.3155e-05
-1.92514e+08 -4.3155e-05
-2.03535e+08 -5.3155e-05
-2.11016e+08 -6.3155e-05
-2.15239e+08 -7.3155e-05
-2.18066e+08 -8.3155e-05
-2.1989e+08 -9.3155e-05
-2.20926e+08 -0.000103155
-2.21318e+08 -0.000113155
-2.21144e+08 -0.000123155
-2.20437e+08 -0.000133155
-2.19216e+08 -0.000143155
-2.17472e+08 -0.000153155
-2.15153e+08 -0.000163155
-2.12128e+08 -0.000173155
-2.08221e+08 -0.000183155
-2.03054e+08 -0.000193155
-1.95825e+08 -0.000203155
-1.84632e+08 -0.000213155
-1.66729e+08 -0.000223155
-1.4575e+08 -0.000233155
-1.27413e+08 -0.000243155
-1.09822e+08 -0.000253155
-9.37095e+07 -0.000263155
-7.91428e+07 -0.000273155
-6.5929e+07 -0.000283155
-5.40858e+07 -0.000293155
-4.3091e+07 -0.000303155
-3.30359e+07 -0.000313155
-2.35448e+07 -0.000323155
-1.44125e+07 -0.000333155
-5.35565e+06 -0.000343155
3.77416e+06 -0.000353155
1.34917e+07 -0.000363155
6.57081e+07 -0.000373155
7.78459e+07 -0.000383155
8.94462e+07 -0.000393155
1.00254e+08 -0.000403155
1.10569e+08 -0.000413155
1.20238e+08 -0.000423155
1.29429e+08 -0.000433155
1.38081e+08 -0.000443155
1.45882e+08 -0.000453155
1.91115e+08 -0.000463155
1.91115e+08 -0.000473155
1.91115e+08 -0.000483155
1.91115e+08 -0.000493155
1.91115e+08 -0.000503155
1.91115e+08 -0.000513155
1.91115e+08 -0.000523155
1.91115e+08 -0.000533155
1.91115e+08 -0.000543155
1.91115e+08 -0.000553155
1.91115e+08 -0.000563155
1.91115e+08 -0.000573155
1.91115e+08 -0.000583155
1.91115e+08 -0.000593155
1.91115e+08 -0.000603155
1.91115e+08 -0.000613155
1.91115e+08 -0.000623155
1.91115e+08 -0.000633155
1.91115e+08 -0.000643155
1.91115e+08 -0.000653155
1.91115e+08 -0.000663155
1.91115e+08 -0.000673155
1.91115e+08 -0.000683155
1.91115e+08 -0.000693155
1.91115e+08 -0.000703155
1.91115e+08 -0.000713155
1.91115e+08 -0.000723155
1.91115e+08 -0.000733155
1.91115e+08 -0.000743155
1.91115e+08 -0.000753155
1.91115e+08 -0.000763155
1.91115e+08 -0.000773155
1.91115e+08 -0.000783155
1.91115e+08 -0.000793155
1.91115e+08 -0.000803155
1.91115e+08 -0.000813155
1.91115e+08 -0.000823155
1.91115e+08 -0.000833155
1.91115e+08 -0.000843155
1.91115e+08 -0.000853155
1.91115e+08 -0.000863155
1.91115e+08 -0.000873155
1.91115e+08 -0.000883155
1.91115e+08 -0.000893155
1.91115e+08 -0.000903155
1.91115e+08 -0.000913155
1.91115e+08 -0.000923155
1.91115e+08 -0.000933155
1.91115e+08 -0.000943155
1.91115e+08 -0.000953155
1.91115e+08 -0.000963155
1.91115e+08 -0.000973155
1.91115e+08 -0.000983155
1.91115e+08 -0.000993155
1.91115e+08 -0.00100316
