0 -2.77182e-06
0 -2.43091e-05
0 -0.000162962
4.43974e+07 -0.000172962
9.77641e+07 -0.000182962
1.42013e+08 -0.000192962
2.11416e+08 -0.000202962
2.97402e+08 -0.000212962
3.83723e+08 -0.000222962
3.96935e+08 -0.000232962
5.5336e+08 -0.000242962
5.5336e+08 -0.000252962
5.5336e+08 -0.000262962
5.5336e+08 -0.000272962
5.5336e+08 -0.000282962
5.5336e+08 -0.000292962
5.5336e+08 -0.000302962
5.5336e+08 -0.000312962
5.5336e+08 -0.000322962
5.5336e+08 -0.000332962
5.5336e+08 -0.000342962
5.5336e+08 -0.000352962
5.5336e+08 -0.000362962
5.5336e+08 -0.000372962
5.5336e+08 -0.000382962
5.5336e+08 -0.000392962
5.5336e+08 -0.000402962
5.5336e+08 -0.000412962
5.5336e+08 -0.000422962
5.5336e+08 -0.000432962
5.5336e+08 -0.000442962
5.5336e+08 -0.000452962
5.5336e+08 -0.000462962
5.5336e+08 -0.000472962
5.5336e+08 -0.000482962
5.5336e+08 -0.000492962
5.5336e+08 -0.000502962
5.5336e+08 -0.000512962
5.5336e+08 -0.000522962
5.5336e+08 -0.000532962
5.5336e+08 -0.000542962
5.5336e+08 -0.000552962
5.5336e+08 -0.000562962
5.5336e+08 -0.000572962
5.5336e+08 -0.000582962
5.5336e+08 -0.000592962
5.5336e+08 -0.000602962
5.5336e+08 -0.000612962
5.5336e+08 -0.000622962
5.5336e+08 -0.000632962
5.5336e+08 -0.000642962
5.5336e+08 -0.000652962
5.5336e+08 -0.000662962
5.5336e+08 -0.000672962
5.5336e+08 -0.000682962
5.5336e+08 -0.000692962
5.5336e+08 -0.000702962
5.5336e+08 -0.000712962
5.5336e+08 -0.000722962
5.5336e+08 -0.000732962
5.5336e+08 -0.000742962
5.5336e+08 -0.000752962
5.5336e+08 -0.000762962
5.5336e+08 -0.000772962
5.5336e+08 -0.000782962
5.5336e+08 -0.000792962
5.5336e+08 -0.000802962
5.5336e+08 -0.000812962
5.5336e+08 -0.000822962
5.5336e+08 -0.000832962
5.5336e+08 -0.000842962
5.5336e+08 -0.000852962
5.5336e+08 -0.000862962
5.5336e+08 -0.000872962
5.5336e+08 -0.000882962
5.5336e+08 -0.000892962
5.5336e+08 -0.000902962
5.5336e+08 -0.000912962
5.5336e+08 -0.000922962
5.5336e+08 -0.000932962
5.5336e+08 -0.000942962
5.5336e+08 -0.000952962
5.5336e+08 -0.000962962
5.5336e+08 -0.000972962
5.5336e+08 -0.000982962
5.5336e+08 -0.000992962
5.5336e+08 -0.00100296
5.5336e+08 -0.00101296
5.5336e+08 -0.00102296
5.5336e+08 -0.00103296
5.5336e+08 -0.00104296
5.5336e+08 -0.00105296
5.5336e+08 -0.00106296
5.5336e+08 -0.00107296
5.5336e+08 -0.00108296
5.5336e+08 -0.00109296
5.5336e+08 -0.00110296
5.5336e+08 -0.00111296
5.5336e+08 -0.00112296
5.5336e+08 -0.00113296
5.5336e+08 -0.00114296
5.5336e+08 -0.00115296
5.5336e+08 -0.00116296
