0 -1.3282e-06
0 -5.42901e-05
0 -704947
-15 -704947
-30 -704947
-45 -704947
-60 -704947
-75 -704947
-90 -704947
-105 -704947
-120 -704947
-135 -704947
-150 -704947
-165 -704947
-180 -704947
-195 -704947
-210 -704947
-225 -704947
-240 -704947
-255 -704947
-270 -704947
-285 -704947
-300 -704947
-315 -704947
-330 -704947
-345 -704947
-360 -704947
-375 -704947
-390 -704947
-405 -704947
-420 -704947
-435 -704947
-450 -704947
-465 -704947
-480 -704947
-495 -704947
-510 -704947
-525 -704947
-540 -704947
-555 -704947
-570 -704947
-585 -704947
-600 -704947
-615 -704947
-630 -704947
-645 -704947
-660 -704947
-675 -704947
-690 -704947
-705 -704947
-720 -704947
-735 -704947
-750 -704947
-765 -704947
-780 -704947
-795 -704947
-810 -704947
-825 -704947
-840 -704947
-855 -704947
-870 -704947
-885 -704947
-900 -704947
-915 -704947
-930 -704947
-945 -704947
-960 -704947
-975.001 -704947
-990.001 -704947
-1005 -704947
-1020 -704947
-1035 -704947
-1050 -704947
-1065 -704947
-1080 -704947
-1095 -704947
-1110 -704947
-1125 -704947
-1140 -704947
-1155 -704947
-1170 -704947
-1185 -704947
-1200 -704947
-1215 -704947
-1230 -704947
-1245 -704947
-1260 -704947
-1275 -704947
-1290 -704947
-1305 -704947
-1320 -704947
-1335 -704947
-1350 -704947
-1365 -704947
-1380 -704947
-1395 -704947
-1410 -704947
-1425 -704947
-1440 -704947
-1455 -704947
-1470 -704947
-1485 -704947
-1500 -704947
