0 1.96422e-06
0 5.09758e+07
0 5.09758e+07
-1.45693e+08 1.96669e+08
-1.99226e+08 2.50202e+08
-2.26385e+08 2.77361e+08
-2.45866e+08 2.96842e+08
-2.60182e+08 3.11158e+08
-2.6839e+08 3.19366e+08
-2.7281e+08 3.23786e+08
-2.75147e+08 3.26122e+08
-2.75694e+08 3.2667e+08
-2.75063e+08 3.26039e+08
-2.7341e+08 3.24386e+08
-2.7076e+08 3.21736e+08
-2.671e+08 3.18076e+08
-2.62307e+08 3.13282e+08
-2.56073e+08 3.07049e+08
-2.47857e+08 2.98832e+08
-2.36445e+08 2.87421e+08
-2.19834e+08 2.70809e+08
-1.96823e+08 2.47799e+08
-1.7035e+08 2.21326e+08
-1.39329e+08 1.90305e+08
-1.02676e+08 1.53652e+08
-6.91815e+07 1.20157e+08
-3.85071e+07 8.94828e+07
-8.17163e+06 5.91474e+07
2.35783e+07 2.73974e+07
5.77529e+07 -6.77711e+06
9.53022e+07 -4.43265e+07
1.31794e+08 -8.08178e+07
1.65375e+08 -1.14399e+08
1.96427e+08 -1.45451e+08
2.25258e+08 -1.74282e+08
2.55874e+08 -1.85805e+08
2.33797e+08 -1.67487e+08
3.27248e+08 0
3.27248e+08 0
3.27248e+08 0
3.27248e+08 0
3.27248e+08 0
3.27248e+08 0
3.27248e+08 0
3.27248e+08 0
3.27248e+08 0
3.27248e+08 0
3.27248e+08 0
3.27248e+08 0
3.27248e+08 0
3.27248e+08 0
3.27248e+08 0
3.27248e+08 0
3.27248e+08 0
3.27248e+08 0
3.27248e+08 0
3.27248e+08 0
3.27248e+08 0
3.27248e+08 0
3.27248e+08 0
3.27248e+08 0
3.27248e+08 0
3.27248e+08 0
3.27248e+08 0
3.27248e+08 0
3.27248e+08 0
3.27248e+08 0
3.27248e+08 0
3.27248e+08 0
3.27248e+08 0
3.27248e+08 0
3.27248e+08 0
3.27248e+08 0
3.27248e+08 0
3.27248e+08 0
3.27248e+08 0
3.27248e+08 0
3.27248e+08 0
3.27248e+08 0
3.27248e+08 0
3.27248e+08 0
3.27248e+08 0
3.27248e+08 0
3.27248e+08 0
3.27248e+08 0
3.27248e+08 0
3.27248e+08 0
3.27248e+08 0
3.27248e+08 0
3.27248e+08 0
3.27248e+08 0
3.27248e+08 0
3.27248e+08 0
3.27248e+08 0
3.27248e+08 0
3.27248e+08 0
3.27248e+08 0
3.27248e+08 0
3.27248e+08 0
3.27248e+08 0
3.27248e+08 0
3.27248e+08 0
3.27248e+08 0
