0 -2.49728e-06
0 -6.39727e-06
0 -5.1229e-06
-1.21249e+08 -1.51229e-05
-1.75724e+08 -2.51229e-05
-1.59127e+08 -3.51229e-05
-1.06038e+08 -4.51229e-05
-8.58671e+06 -5.51229e-05
1.03277e+09 -6.51229e-05
1.03277e+09 -7.51229e-05
1.03277e+09 -8.51229e-05
1.03277e+09 -9.51229e-05
1.03277e+09 -0.000105123
1.03277e+09 -0.000115123
1.03277e+09 -0.000125123
1.03277e+09 -0.000135123
1.03277e+09 -0.000145123
1.03277e+09 -0.000155123
1.03277e+09 -0.000165123
1.03277e+09 -0.000175123
1.03277e+09 -0.000185123
1.03277e+09 -0.000195123
1.03277e+09 -0.000205123
1.03277e+09 -0.000215123
1.03277e+09 -0.000225123
1.03277e+09 -0.000235123
1.03277e+09 -0.000245123
1.03277e+09 -0.000255123
1.03277e+09 -0.000265123
1.03277e+09 -0.000275123
1.03277e+09 -0.000285123
1.03277e+09 -0.000295123
1.03277e+09 -0.000305123
1.03277e+09 -0.000315123
1.03277e+09 -0.000325123
1.03277e+09 -0.000335123
1.03277e+09 -0.000345123
1.03277e+09 -0.000355123
1.03277e+09 -0.000365123
1.03277e+09 -0.000375123
1.03277e+09 -0.000385123
1.03277e+09 -0.000395123
1.03277e+09 -0.000405123
1.03277e+09 -0.000415123
1.03277e+09 -0.000425123
1.03277e+09 -0.000435123
1.03277e+09 -0.000445123
1.03277e+09 -0.000455123
1.03277e+09 -0.000465123
1.03277e+09 -0.000475123
1.03277e+09 -0.000485123
1.03277e+09 -0.000495123
1.03277e+09 -0.000505123
1.03277e+09 -0.000515123
1.03277e+09 -0.000525123
1.03277e+09 -0.000535123
1.03277e+09 -0.000545123
1.03277e+09 -0.000555123
1.03277e+09 -0.000565123
1.03277e+09 -0.000575123
1.03277e+09 -0.000585123
1.03277e+09 -0.000595123
1.03277e+09 -0.000605123
1.03277e+09 -0.000615123
1.03277e+09 -0.000625123
1.03277e+09 -0.000635123
1.03277e+09 -0.000645123
1.03277e+09 -0.000655123
1.03277e+09 -0.000665123
1.03277e+09 -0.000675123
1.03277e+09 -0.000685123
1.03277e+09 -0.000695123
1.03277e+09 -0.000705123
1.03277e+09 -0.000715123
1.03277e+09 -0.000725123
1.03277e+09 -0.000735123
1.03277e+09 -0.000745123
1.03277e+09 -0.000755123
1.03277e+09 -0.000765123
1.03277e+09 -0.000775123
1.03277e+09 -0.000785123
1.03277e+09 -0.000795123
1.03277e+09 -0.000805123
1.03277e+09 -0.000815123
1.03277e+09 -0.000825123
1.03277e+09 -0.000835123
1.03277e+09 -0.000845123
1.03277e+09 -0.000855123
1.03277e+09 -0.000865123
1.03277e+09 -0.000875123
1.03277e+09 -0.000885123
1.03277e+09 -0.000895123
1.03277e+09 -0.000905123
1.03277e+09 -0.000915123
1.03277e+09 -0.000925123
1.03277e+09 -0.000935123
1.03277e+09 -0.000945123
1.03277e+09 -0.000955123
1.03277e+09 -0.000965123
1.03277e+09 -0.000975123
1.03277e+09 -0.000985123
1.03277e+09 -0.000995123
1.03277e+09 -0.00100512
