0 6.51926e-09
0 -9.52714e+07
0 -9.52714e+07
6.8722e+07 -1.63993e+08
6.14358e+07 -1.56707e+08
-4.56887e+06 -9.07025e+07
-1.58348e+08 2.78401e+07
-9.36366e+07 2.70987e+07
1.08144e+09 0
1.08144e+09 0
1.08144e+09 0
1.08144e+09 0
1.08144e+09 0
1.08144e+09 0
1.08144e+09 0
1.08144e+09 0
1.08144e+09 0
1.08144e+09 0
1.08144e+09 0
1.08144e+09 0
1.08144e+09 0
1.08144e+09 0
1.08144e+09 0
1.08144e+09 0
1.08144e+09 0
1.08144e+09 0
1.08144e+09 0
1.08144e+09 0
1.08144e+09 0
1.08144e+09 0
1.08144e+09 0
1.08144e+09 0
1.08144e+09 0
1.08144e+09 0
1.08144e+09 0
1.08144e+09 0
1.08144e+09 0
1.08144e+09 0
1.08144e+09 0
1.08144e+09 0
1.08144e+09 0
1.08144e+09 0
1.08144e+09 0
1.08144e+09 0
1.08144e+09 0
1.08144e+09 0
1.08144e+09 0
1.08144e+09 0
1.08144e+09 0
1.08144e+09 0
1.08144e+09 0
1.08144e+09 0
1.08144e+09 0
1.08144e+09 0
1.08144e+09 0
1.08144e+09 0
1.08144e+09 0
1.08144e+09 0
1.08144e+09 0
1.08144e+09 0
1.08144e+09 0
1.08144e+09 0
1.08144e+09 0
1.08144e+09 0
1.08144e+09 0
1.08144e+09 0
1.08144e+09 0
1.08144e+09 0
1.08144e+09 0
1.08144e+09 0
1.08144e+09 0
1.08144e+09 0
1.08144e+09 0
1.08144e+09 0
1.08144e+09 0
1.08144e+09 0
1.08144e+09 0
1.08144e+09 0
1.08144e+09 0
1.08144e+09 0
1.08144e+09 0
1.08144e+09 0
1.08144e+09 0
1.08144e+09 0
1.08144e+09 0
1.08144e+09 0
1.08144e+09 0
1.08144e+09 0
1.08144e+09 0
1.08144e+09 0
1.08144e+09 0
1.08144e+09 0
1.08144e+09 0
1.08144e+09 0
1.08144e+09 0
1.08144e+09 0
1.08144e+09 0
1.08144e+09 0
1.08144e+09 0
1.08144e+09 0
1.08144e+09 0
1.08144e+09 0
1.08144e+09 0
