0 5.54137e-08
0 -2.15415e+08
0 -1.68248e+08
-21.4284 -1.52411e+08
-2063.46 0
-5078.63 0
-8093.82 0
-11109 0
-14124.3 0
-17139.5 0
-20154.8 0
-23170.1 0
-26185.4 0
-29200.8 0
-32216.1 0
-35231.5 0
-38246.9 0
-41262.3 0
-44277.8 0
-47293.2 0
-50308.7 0
-53324.2 0
-56339.8 0
-59355.3 0
-62370.9 0
-65386.5 0
-68402.1 0
-71417.7 0
-74433.4 0
-77449.1 0
-80464.8 0
-83480.5 0
-86496.2 0
-89512 0
-92527.8 0
-95543.6 0
-98559.4 0
-101575 0
-104591 0
-107607 0
-110623 0
-113639 0
-116655 0
-119671 0
-122687 0
-125703 0
-128719 0
-131735 0
-134751 0
-137767 0
-140783 0
-143799 0
-146816 0
-149832 0
-152848 0
-155864 0
-158880 0
-161897 0
-164913 0
-167929 0
-170946 0
-173962 0
-176978 0
-179995 0
-183011 0
-186028 0
-189044 0
-192061 0
-195077 0
-198094 0
-201110 0
-204127 0
-207143 0
-210160 0
-213177 0
-216193 0
-219210 0
-222227 0
-225243 0
-228260 0
-231277 0
-234294 0
-237310 0
-240327 0
-243344 0
-246361 0
-249378 0
-252395 0
-255412 0
-258429 0
-261445 0
-264462 0
-267479 0
-270497 0
-273514 0
-276531 0
-279548 0
-282565 0
-285582 0
-288599 0
-291616 0
-294634 0
-297651 0
