0 0
0 -4.09753e-06
0 -2.3926e-06
-1.2962e+08 -1.23926e-05
-1.65807e+08 -2.23926e-05
-1.86662e+08 -3.23926e-05
-2.04807e+08 -4.23926e-05
-2.16461e+08 -5.23926e-05
-2.24083e+08 -6.23926e-05
-2.28432e+08 -7.23926e-05
-2.31348e+08 -8.23926e-05
-2.33237e+08 -9.23926e-05
-2.34326e+08 -0.000102393
-2.34763e+08 -0.000112393
-2.34629e+08 -0.000122393
-2.33961e+08 -0.000132393
-2.32779e+08 -0.000142393
-2.31076e+08 -0.000152393
-2.28804e+08 -0.000162393
-2.25839e+08 -0.000172393
-2.22008e+08 -0.000182393
-2.16954e+08 -0.000192393
-2.09924e+08 -0.000202393
-1.99104e+08 -0.000212393
-1.81843e+08 -0.000222393
-1.6072e+08 -0.000232393
-1.42232e+08 -0.000242393
-1.24492e+08 -0.000252393
-1.08298e+08 -0.000262393
-9.35869e+07 -0.000272393
-8.03398e+07 -0.000282393
-6.83455e+07 -0.000292393
-5.73613e+07 -0.000302393
-4.72188e+07 -0.000312393
-3.76157e+07 -0.000322393
-2.85853e+07 -0.000332393
-1.95827e+07 -0.000342393
-1.05164e+07 -0.000352393
-775904 -0.000362393
5.10786e+07 -0.000372393
6.34427e+07 -0.000382393
7.4891e+07 -0.000392393
8.60428e+07 -0.000402393
9.62814e+07 -0.000412393
1.06121e+08 -0.000422393
1.15211e+08 -0.000432393
1.23859e+08 -0.000442393
1.31674e+08 -0.000452393
1.77664e+08 -0.000462393
1.77664e+08 -0.000472393
1.77664e+08 -0.000482393
1.77664e+08 -0.000492393
1.77664e+08 -0.000502393
1.77664e+08 -0.000512393
1.77664e+08 -0.000522393
1.77664e+08 -0.000532393
1.77664e+08 -0.000542393
1.77664e+08 -0.000552393
1.77664e+08 -0.000562393
1.77664e+08 -0.000572393
1.77664e+08 -0.000582393
1.77664e+08 -0.000592393
1.77664e+08 -0.000602393
1.77664e+08 -0.000612393
1.77664e+08 -0.000622393
1.77664e+08 -0.000632393
1.77664e+08 -0.000642393
1.77664e+08 -0.000652393
1.77664e+08 -0.000662393
1.77664e+08 -0.000672393
1.77664e+08 -0.000682393
1.77664e+08 -0.000692393
1.77664e+08 -0.000702393
1.77664e+08 -0.000712393
1.77664e+08 -0.000722393
1.77664e+08 -0.000732393
1.77664e+08 -0.000742393
1.77664e+08 -0.000752393
1.77664e+08 -0.000762393
1.77664e+08 -0.000772393
1.77664e+08 -0.000782393
1.77664e+08 -0.000792393
1.77664e+08 -0.000802393
1.77664e+08 -0.000812393
1.77664e+08 -0.000822393
1.77664e+08 -0.000832393
1.77664e+08 -0.000842393
1.77664e+08 -0.000852393
1.77664e+08 -0.000862393
1.77664e+08 -0.000872393
1.77664e+08 -0.000882393
1.77664e+08 -0.000892393
1.77664e+08 -0.000902393
1.77664e+08 -0.000912393
1.77664e+08 -0.000922393
1.77664e+08 -0.000932393
1.77664e+08 -0.000942393
1.77664e+08 -0.000952393
1.77664e+08 -0.000962393
1.77664e+08 -0.000972393
1.77664e+08 -0.000982393
1.77664e+08 -0.000992393
1.77664e+08 -0.00100239
