0 -6.71134e-08
0 -4.65661e-09
0 1.8999e-06
1.69508e+08 -1.69508e+08
2.70114e+08 -2.70114e+08
3.06515e+08 -3.06515e+08
3.22921e+08 -3.22921e+08
3.31331e+08 -3.31331e+08
3.34748e+08 -3.34748e+08
3.35395e+08 -3.35395e+08
3.34375e+08 -3.34375e+08
3.32143e+08 -3.32143e+08
3.28904e+08 -3.28904e+08
3.2474e+08 -3.2474e+08
3.19637e+08 -3.19637e+08
3.13519e+08 -3.13519e+08
3.0617e+08 -3.0617e+08
2.97113e+08 -2.97113e+08
2.8434e+08 -2.8434e+08
2.64662e+08 -2.64662e+08
2.33988e+08 -2.33988e+08
1.67704e+08 -1.67704e+08
-1.93938e+08 4.17215e+07
4.60453e+08 0
4.60453e+08 0
4.60453e+08 0
4.60453e+08 0
4.60453e+08 0
4.60453e+08 0
4.60453e+08 0
4.60453e+08 0
4.60453e+08 0
4.60453e+08 0
4.60453e+08 0
4.60453e+08 0
4.60453e+08 0
4.60453e+08 0
4.60453e+08 0
4.60453e+08 0
4.60453e+08 0
4.60453e+08 0
4.60453e+08 0
4.60453e+08 0
4.60453e+08 0
4.60453e+08 0
4.60453e+08 0
4.60453e+08 0
4.60453e+08 0
4.60453e+08 0
4.60453e+08 0
4.60453e+08 0
4.60453e+08 0
4.60453e+08 0
4.60453e+08 0
4.60453e+08 0
4.60453e+08 0
4.60453e+08 0
4.60453e+08 0
4.60453e+08 0
4.60453e+08 0
4.60453e+08 0
4.60453e+08 0
4.60453e+08 0
4.60453e+08 0
4.60453e+08 0
4.60453e+08 0
4.60453e+08 0
4.60453e+08 0
4.60453e+08 0
4.60453e+08 0
4.60453e+08 0
4.60453e+08 0
4.60453e+08 0
4.60453e+08 0
4.60453e+08 0
4.60453e+08 0
4.60453e+08 0
4.60453e+08 0
4.60453e+08 0
4.60453e+08 0
4.60453e+08 0
4.60453e+08 0
4.60453e+08 0
4.60453e+08 0
4.60453e+08 0
4.60453e+08 0
4.60453e+08 0
4.60453e+08 0
4.60453e+08 0
4.60453e+08 0
4.60453e+08 0
4.60453e+08 0
4.60453e+08 0
4.60453e+08 0
4.60453e+08 0
4.60453e+08 0
4.60453e+08 0
4.60453e+08 0
4.60453e+08 0
4.60453e+08 0
4.60453e+08 0
4.60453e+08 0
4.60453e+08 0
