0 -3.24784e-06
0 -3.45826e-06
0 -6.14673e-08
-1.18127e+08 1.18127e+08
-1.59336e+08 1.59336e+08
-1.27474e+08 1.27474e+08
-1.96656e+07 1.96656e+07
1.10509e+09 0
1.10509e+09 0
1.10509e+09 0
1.10509e+09 0
1.10509e+09 0
1.10509e+09 0
1.10509e+09 0
1.10509e+09 0
1.10509e+09 0
1.10509e+09 0
1.10509e+09 0
1.10509e+09 0
1.10509e+09 0
1.10509e+09 0
1.10509e+09 0
1.10509e+09 0
1.10509e+09 0
1.10509e+09 0
1.10509e+09 0
1.10509e+09 0
1.10509e+09 0
1.10509e+09 0
1.10509e+09 0
1.10509e+09 0
1.10509e+09 0
1.10509e+09 0
1.10509e+09 0
1.10509e+09 0
1.10509e+09 0
1.10509e+09 0
1.10509e+09 0
1.10509e+09 0
1.10509e+09 0
1.10509e+09 0
1.10509e+09 0
1.10509e+09 0
1.10509e+09 0
1.10509e+09 0
1.10509e+09 0
1.10509e+09 0
1.10509e+09 0
1.10509e+09 0
1.10509e+09 0
1.10509e+09 0
1.10509e+09 0
1.10509e+09 0
1.10509e+09 0
1.10509e+09 0
1.10509e+09 0
1.10509e+09 0
1.10509e+09 0
1.10509e+09 0
1.10509e+09 0
1.10509e+09 0
1.10509e+09 0
1.10509e+09 0
1.10509e+09 0
1.10509e+09 0
1.10509e+09 0
1.10509e+09 0
1.10509e+09 0
1.10509e+09 0
1.10509e+09 0
1.10509e+09 0
1.10509e+09 0
1.10509e+09 0
1.10509e+09 0
1.10509e+09 0
1.10509e+09 0
1.10509e+09 0
1.10509e+09 0
1.10509e+09 0
1.10509e+09 0
1.10509e+09 0
1.10509e+09 0
1.10509e+09 0
1.10509e+09 0
1.10509e+09 0
1.10509e+09 0
1.10509e+09 0
1.10509e+09 0
1.10509e+09 0
1.10509e+09 0
1.10509e+09 0
1.10509e+09 0
1.10509e+09 0
1.10509e+09 0
1.10509e+09 0
1.10509e+09 0
1.10509e+09 0
1.10509e+09 0
1.10509e+09 0
1.10509e+09 0
1.10509e+09 0
1.10509e+09 0
1.10509e+09 0
