0 -1.02531e-06
0 1.0859e-05
0 5.11676e-06
1.41189e+08 1.51168e-05
2.20107e+08 2.51168e-05
2.46812e+08 3.51168e-05
2.53833e+08 4.51168e-05
2.52149e+08 5.51168e-05
2.45259e+08 6.51168e-05
2.34559e+08 7.51168e-05
2.19308e+08 8.51168e-05
1.98106e+08 9.51168e-05
1.67582e+08 0.000105117
1.17038e+08 0.000115117
-5.44732e+06 0.000125117
5.34559e+08 0.000135117
5.34559e+08 0.000145117
5.34559e+08 0.000155117
5.34559e+08 0.000165117
5.34559e+08 0.000175117
5.34559e+08 0.000185117
5.34559e+08 0.000195117
5.34559e+08 0.000205117
5.34559e+08 0.000215117
5.34559e+08 0.000225117
5.34559e+08 0.000235117
5.34559e+08 0.000245117
5.34559e+08 0.000255117
5.34559e+08 0.000265117
5.34559e+08 0.000275117
5.34559e+08 0.000285117
5.34559e+08 0.000295117
5.34559e+08 0.000305117
5.34559e+08 0.000315117
5.34559e+08 0.000325117
5.34559e+08 0.000335117
5.34559e+08 0.000345117
5.34559e+08 0.000355117
5.34559e+08 0.000365117
5.34559e+08 0.000375117
5.34559e+08 0.000385117
5.34559e+08 0.000395117
5.34559e+08 0.000405117
5.34559e+08 0.000415117
5.34559e+08 0.000425117
5.34559e+08 0.000435117
5.34559e+08 0.000445117
5.34559e+08 0.000455117
5.34559e+08 0.000465117
5.34559e+08 0.000475117
5.34559e+08 0.000485117
5.34559e+08 0.000495117
5.34559e+08 0.000505117
5.34559e+08 0.000515117
5.34559e+08 0.000525117
5.34559e+08 0.000535117
5.34559e+08 0.000545117
5.34559e+08 0.000555117
5.34559e+08 0.000565117
5.34559e+08 0.000575117
5.34559e+08 0.000585117
5.34559e+08 0.000595117
5.34559e+08 0.000605117
5.34559e+08 0.000615117
5.34559e+08 0.000625117
5.34559e+08 0.000635117
5.34559e+08 0.000645117
5.34559e+08 0.000655117
5.34559e+08 0.000665117
5.34559e+08 0.000675117
5.34559e+08 0.000685117
5.34559e+08 0.000695117
5.34559e+08 0.000705117
5.34559e+08 0.000715117
5.34559e+08 0.000725117
5.34559e+08 0.000735117
5.34559e+08 0.000745117
5.34559e+08 0.000755117
5.34559e+08 0.000765117
5.34559e+08 0.000775117
5.34559e+08 0.000785117
5.34559e+08 0.000795117
5.34559e+08 0.000805117
5.34559e+08 0.000815117
5.34559e+08 0.000825117
5.34559e+08 0.000835117
5.34559e+08 0.000845117
5.34559e+08 0.000855117
5.34559e+08 0.000865117
5.34559e+08 0.000875117
5.34559e+08 0.000885117
5.34559e+08 0.000895117
5.34559e+08 0.000905117
5.34559e+08 0.000915117
5.34559e+08 0.000925117
5.34559e+08 0.000935117
5.34559e+08 0.000945117
5.34559e+08 0.000955117
5.34559e+08 0.000965117
5.34559e+08 0.000975117
5.34559e+08 0.000985117
5.34559e+08 0.000995117
5.34559e+08 0.00100512
