0 -1.51557e-06
0 4.24718e-05
0 -267452
-15 -267452
-30 -267452
-45 -267452
-60 -267452
-75 -267452
-90 -267452
-105 -267452
-120 -267452
-135 -267452
-150 -267452
-165 -267452
-180 -267452
-195 -267452
-210 -267452
-225 -267452
-240 -267452
-255 -267452
-270 -267452
-285 -267452
-300 -267452
-315 -267452
-330 -267452
-345 -267452
-360 -267452
-375 -267452
-390 -267452
-405 -267452
-420 -267452
-435 -267452
-450 -267452
-465 -267452
-480 -267452
-495 -267452
-510 -267452
-525 -267452
-540 -267452
-555 -267452
-570 -267452
-585 -267452
-600 -267452
-615 -267452
-630 -267452
-645 -267452
-660 -267452
-675 -267452
-690 -267452
-705 -267452
-720.001 -267452
-735.001 -267452
-750.001 -267452
-765.001 -267452
-780.001 -267452
-795.001 -267452
-810.001 -267452
-825.001 -267452
-840.001 -267452
-855.001 -267452
-870.001 -267452
-885.001 -267452
-900.001 -267452
-915.001 -267452
-930.001 -267452
-945.001 -267452
-960.001 -267452
-975.001 -267452
-990.001 -267452
-1005 -267452
-1020 -267452
-1035 -267452
-1050 -267452
-1065 -267452
-1080 -267452
-1095 -267452
-1110 -267452
-1125 -267452
-1140 -267452
-1155 -267452
-1170 -267452
-1185 -267452
-1200 -267452
-1215 -267452
-1230 -267452
-1245 -267452
-1260 -267452
-1275 -267452
-1290 -267452
-1305 -267452
-1320 -267452
-1335 -267452
-1350 -267452
-1365 -267452
-1380 -267452
-1395 -267452
-1410 -267452
-1425 -267452
-1440 -267452
-1455 -267452
-1470 -267452
-1485 -267452
-1500 -267452
