0 -1.20547e-06
0 -4.14833e-05
0 0.000118703
-88.0926 0.000108703
-219.796 9.87027e-05
-351.5 8.87027e-05
-483.204 7.87027e-05
-614.908 6.87027e-05
-746.612 5.87028e-05
-878.315 4.87027e-05
-1010.02 3.87027e-05
-1141.72 2.87027e-05
-1273.43 1.87027e-05
-1405.13 8.70275e-06
-1536.84 -1.29725e-06
-1668.54 -1.12973e-05
-1800.24 -2.12972e-05
-1931.95 -3.12972e-05
-2063.65 -4.12972e-05
-2195.36 -5.12973e-05
-2327.06 -6.12973e-05
-2458.76 -7.12973e-05
-2590.47 -8.12973e-05
-2722.17 -9.12973e-05
-2853.88 -0.000101297
-2985.58 -0.000111297
-3117.28 -0.000121297
-3248.99 -0.000131297
-3380.69 -0.000141297
-3512.4 -0.000151297
-3644.1 -0.000161297
-3775.81 -0.000171297
-3907.51 -0.000181297
-4039.21 -0.000191297
-4170.92 -0.000201297
-4302.62 -0.000211297
-4434.33 -0.000221297
-4566.03 -0.000231297
-4697.74 -0.000241297
-4829.44 -0.000251297
-4961.15 -0.000261297
-5092.85 -0.000271297
-5224.55 -0.000281297
-5356.26 -0.000291297
-5487.96 -0.000301297
-5619.67 -0.000311297
-5751.37 -0.000321297
-5883.08 -0.000331297
-6014.78 -0.000341297
-6146.49 -0.000351297
-6278.19 -0.000361297
-6409.9 -0.000371297
-6541.6 -0.000381297
-6673.31 -0.000391297
-6805.01 -0.000401297
-6936.72 -0.000411297
-7068.42 -0.000421297
-7200.13 -0.000431297
-7331.83 -0.000441297
-7463.53 -0.000451297
-7595.24 -0.000461297
-7726.94 -0.000471297
-7858.65 -0.000481297
-7990.35 -0.000491297
-8122.06 -0.000501297
-8253.76 -0.000511297
-8385.47 -0.000521297
-8517.17 -0.000531297
-8648.88 -0.000541297
-8780.59 -0.000551297
-8912.29 -0.000561297
-9044 -0.000571297
-9175.7 -0.000581297
-9307.41 -0.000591297
-9439.11 -0.000601297
-9570.82 -0.000611297
-9702.52 -0.000621297
-9834.23 -0.000631297
-9965.93 -0.000641297
-10097.6 -0.000651297
-10229.3 -0.000661297
-10361 -0.000671297
-10492.8 -0.000681297
-10624.5 -0.000691297
-10756.2 -0.000701297
-10887.9 -0.000711297
-11019.6 -0.000721297
-11151.3 -0.000731297
-11283 -0.000741297
-11414.7 -0.000751297
-11546.4 -0.000761297
-11678.1 -0.000771297
-11809.8 -0.000781297
-11941.5 -0.000791297
-12073.2 -0.000801297
-12204.9 -0.000811297
-12336.6 -0.000821297
-12468.3 -0.000831297
-12600 -0.000841297
-12731.7 -0.000851297
-12863.5 -0.000861297
-12995.2 -0.000871297
-13126.9 -0.000881297
