0 -1.41796e-06
0 -7.66161e-06
0 -5.56285e-06
-1.62581e+08 -1.55628e-05
-2.17342e+08 -2.55628e-05
-1.91989e+08 -3.55628e-05
-1.27605e+08 -4.55628e-05
567333 -5.55628e-05
1.00167e+09 -6.55628e-05
1.00167e+09 -7.55628e-05
1.00167e+09 -8.55628e-05
1.00167e+09 -9.55628e-05
1.00167e+09 -0.000105563
1.00167e+09 -0.000115563
1.00167e+09 -0.000125563
1.00167e+09 -0.000135563
1.00167e+09 -0.000145563
1.00167e+09 -0.000155563
1.00167e+09 -0.000165563
1.00167e+09 -0.000175563
1.00167e+09 -0.000185563
1.00167e+09 -0.000195563
1.00167e+09 -0.000205563
1.00167e+09 -0.000215563
1.00167e+09 -0.000225563
1.00167e+09 -0.000235563
1.00167e+09 -0.000245563
1.00167e+09 -0.000255563
1.00167e+09 -0.000265563
1.00167e+09 -0.000275563
1.00167e+09 -0.000285563
1.00167e+09 -0.000295563
1.00167e+09 -0.000305563
1.00167e+09 -0.000315563
1.00167e+09 -0.000325563
1.00167e+09 -0.000335563
1.00167e+09 -0.000345563
1.00167e+09 -0.000355563
1.00167e+09 -0.000365563
1.00167e+09 -0.000375563
1.00167e+09 -0.000385563
1.00167e+09 -0.000395563
1.00167e+09 -0.000405563
1.00167e+09 -0.000415563
1.00167e+09 -0.000425563
1.00167e+09 -0.000435563
1.00167e+09 -0.000445563
1.00167e+09 -0.000455563
1.00167e+09 -0.000465563
1.00167e+09 -0.000475563
1.00167e+09 -0.000485563
1.00167e+09 -0.000495563
1.00167e+09 -0.000505563
1.00167e+09 -0.000515563
1.00167e+09 -0.000525563
1.00167e+09 -0.000535563
1.00167e+09 -0.000545563
1.00167e+09 -0.000555563
1.00167e+09 -0.000565563
1.00167e+09 -0.000575563
1.00167e+09 -0.000585563
1.00167e+09 -0.000595563
1.00167e+09 -0.000605563
1.00167e+09 -0.000615563
1.00167e+09 -0.000625563
1.00167e+09 -0.000635563
1.00167e+09 -0.000645563
1.00167e+09 -0.000655563
1.00167e+09 -0.000665563
1.00167e+09 -0.000675563
1.00167e+09 -0.000685563
1.00167e+09 -0.000695563
1.00167e+09 -0.000705563
1.00167e+09 -0.000715563
1.00167e+09 -0.000725563
1.00167e+09 -0.000735563
1.00167e+09 -0.000745563
1.00167e+09 -0.000755563
1.00167e+09 -0.000765563
1.00167e+09 -0.000775563
1.00167e+09 -0.000785563
1.00167e+09 -0.000795563
1.00167e+09 -0.000805563
1.00167e+09 -0.000815563
1.00167e+09 -0.000825563
1.00167e+09 -0.000835563
1.00167e+09 -0.000845563
1.00167e+09 -0.000855563
1.00167e+09 -0.000865563
1.00167e+09 -0.000875563
1.00167e+09 -0.000885563
1.00167e+09 -0.000895563
1.00167e+09 -0.000905563
1.00167e+09 -0.000915563
1.00167e+09 -0.000925563
1.00167e+09 -0.000935563
1.00167e+09 -0.000945563
1.00167e+09 -0.000955563
1.00167e+09 -0.000965563
1.00167e+09 -0.000975563
1.00167e+09 -0.000985563
1.00167e+09 -0.000995563
1.00167e+09 -0.00100556
