0 -1.29379e-07
0 -4.83783e-06
0 -353515
-15 -353515
-30 -353515
-45 -353515
-60 -353515
-75 -353515
-90 -353515
-105 -353515
-120 -353515
-135 -353515
-150 -353515
-165 -353515
-180 -353515
-195 -353515
-210 -353515
-225 -353515
-240 -353515
-255 -353515
-270 -353515
-285 -353515
-300 -353515
-315 -353515
-330 -353515
-345 -353515
-360 -353515
-375 -353515
-390 -353515
-405 -353515
-420 -353515
-435 -353515
-450 -353515
-465 -353515
-480 -353515
-495 -353515
-510 -353515
-525 -353515
-540 -353515
-555 -353515
-570 -353515
-585 -353515
-600 -353515
-615 -353515
-630 -353515
-645 -353515
-660 -353515
-675 -353515
-690 -353515
-705 -353515
-720 -353515
-735 -353515
-750 -353515
-765 -353515
-780 -353515
-795 -353515
-810 -353515
-825.001 -353515
-840.001 -353515
-855.001 -353515
-870.001 -353515
-885.001 -353515
-900.001 -353515
-915.001 -353515
-930.001 -353515
-945.001 -353515
-960.001 -353515
-975.001 -353515
-990.001 -353515
-1005 -353515
-1020 -353515
-1035 -353515
-1050 -353515
-1065 -353515
-1080 -353515
-1095 -353515
-1110 -353515
-1125 -353515
-1140 -353515
-1155 -353515
-1170 -353515
-1185 -353515
-1200 -353515
-1215 -353515
-1230 -353515
-1245 -353515
-1260 -353515
-1275 -353515
-1290 -353515
-1305 -353515
-1320 -353515
-1335 -353515
-1350 -353515
-1365 -353515
-1380 -353515
-1395 -353515
-1410 -353515
-1425 -353515
-1440 -353515
-1455 -353515
-1470 -353515
-1485 -353515
-1500 -353515
