0 -5.52376e-06
0 6.86671e-06
0 4.81289e-06
1.47197e+08 1.48129e-05
2.26406e+08 2.48129e-05
2.45777e+08 3.48129e-05
2.37004e+08 4.48129e-05
2.14352e+08 5.48129e-05
1.78053e+08 6.48129e-05
1.23153e+08 7.48129e-05
2.76643e+07 8.48129e-05
-2.62305e+08 9.48129e-05
-1.72807e+08 0.000104813
7.31989e+08 0.000114813
7.31989e+08 0.000124813
7.31989e+08 0.000134813
7.31989e+08 0.000144813
7.31989e+08 0.000154813
7.31989e+08 0.000164813
7.31989e+08 0.000174813
7.31989e+08 0.000184813
7.31989e+08 0.000194813
7.31989e+08 0.000204813
7.31989e+08 0.000214813
7.31989e+08 0.000224813
7.31989e+08 0.000234813
7.31989e+08 0.000244813
7.31989e+08 0.000254813
7.31989e+08 0.000264813
7.31989e+08 0.000274813
7.31989e+08 0.000284813
7.31989e+08 0.000294813
7.31989e+08 0.000304813
7.31989e+08 0.000314813
7.31989e+08 0.000324813
7.31989e+08 0.000334813
7.31989e+08 0.000344813
7.31989e+08 0.000354813
7.31989e+08 0.000364813
7.31989e+08 0.000374813
7.31989e+08 0.000384813
7.31989e+08 0.000394813
7.31989e+08 0.000404813
7.31989e+08 0.000414813
7.31989e+08 0.000424813
7.31989e+08 0.000434813
7.31989e+08 0.000444813
7.31989e+08 0.000454813
7.31989e+08 0.000464813
7.31989e+08 0.000474813
7.31989e+08 0.000484813
7.31989e+08 0.000494813
7.31989e+08 0.000504813
7.31989e+08 0.000514813
7.31989e+08 0.000524813
7.31989e+08 0.000534813
7.31989e+08 0.000544813
7.31989e+08 0.000554813
7.31989e+08 0.000564813
7.31989e+08 0.000574813
7.31989e+08 0.000584813
7.31989e+08 0.000594813
7.31989e+08 0.000604813
7.31989e+08 0.000614813
7.31989e+08 0.000624813
7.31989e+08 0.000634813
7.31989e+08 0.000644813
7.31989e+08 0.000654813
7.31989e+08 0.000664813
7.31989e+08 0.000674813
7.31989e+08 0.000684813
7.31989e+08 0.000694813
7.31989e+08 0.000704813
7.31989e+08 0.000714813
7.31989e+08 0.000724813
7.31989e+08 0.000734813
7.31989e+08 0.000744813
7.31989e+08 0.000754813
7.31989e+08 0.000764813
7.31989e+08 0.000774813
7.31989e+08 0.000784813
7.31989e+08 0.000794813
7.31989e+08 0.000804813
7.31989e+08 0.000814813
7.31989e+08 0.000824813
7.31989e+08 0.000834813
7.31989e+08 0.000844813
7.31989e+08 0.000854813
7.31989e+08 0.000864813
7.31989e+08 0.000874813
7.31989e+08 0.000884813
7.31989e+08 0.000894813
7.31989e+08 0.000904813
7.31989e+08 0.000914813
7.31989e+08 0.000924813
7.31989e+08 0.000934813
7.31989e+08 0.000944813
7.31989e+08 0.000954813
7.31989e+08 0.000964813
7.31989e+08 0.000974813
7.31989e+08 0.000984813
7.31989e+08 0.000994813
7.31989e+08 0.00100481
