0 -9.26666e-08
0 1.46772e+08
0 1.46772e+08
-1.27009e+07 1.59473e+08
4.64275e+07 1.00344e+08
1.37532e+09 0
9.94334e+08 0
9.94334e+08 0
9.94334e+08 0
9.94334e+08 0
9.94334e+08 0
9.94334e+08 0
9.94334e+08 0
9.94334e+08 0
9.94334e+08 0
9.94334e+08 0
9.94334e+08 0
9.94334e+08 0
9.94334e+08 0
9.94334e+08 0
9.94334e+08 0
9.94334e+08 0
9.94334e+08 0
9.94334e+08 0
9.94334e+08 0
9.94334e+08 0
9.94334e+08 0
9.94334e+08 0
9.94334e+08 0
9.94334e+08 0
9.94334e+08 0
9.94334e+08 0
9.94334e+08 0
9.94334e+08 0
9.94334e+08 0
9.94334e+08 0
9.94334e+08 0
9.94334e+08 0
9.94334e+08 0
9.94334e+08 0
9.94334e+08 0
9.94334e+08 0
9.94334e+08 0
9.94334e+08 0
9.94334e+08 0
9.94334e+08 0
9.94334e+08 0
9.94334e+08 0
9.94334e+08 0
9.94334e+08 0
9.94334e+08 0
9.94334e+08 0
9.94334e+08 0
9.94334e+08 0
9.94334e+08 0
9.94334e+08 0
9.94334e+08 0
9.94334e+08 0
9.94334e+08 0
9.94334e+08 0
9.94334e+08 0
9.94334e+08 0
9.94334e+08 0
9.94334e+08 0
9.94334e+08 0
9.94334e+08 0
9.94334e+08 0
9.94334e+08 0
9.94334e+08 0
9.94334e+08 0
9.94334e+08 0
9.94334e+08 0
9.94334e+08 0
9.94334e+08 0
9.94334e+08 0
9.94334e+08 0
9.94334e+08 0
9.94334e+08 0
9.94334e+08 0
9.94334e+08 0
9.94334e+08 0
9.94334e+08 0
9.94334e+08 0
9.94334e+08 0
9.94334e+08 0
9.94334e+08 0
9.94334e+08 0
9.94334e+08 0
9.94334e+08 0
9.94334e+08 0
9.94334e+08 0
9.94334e+08 0
9.94334e+08 0
9.94334e+08 0
9.94334e+08 0
9.94334e+08 0
9.94334e+08 0
9.94334e+08 0
9.94334e+08 0
9.94334e+08 0
9.94334e+08 0
9.94334e+08 0
9.94334e+08 0
