0 -3.66708e-08
0 5.01215e+07
0 5.01215e+07
-6.15068e+07 1.11628e+08
-9.2705e+06 5.9392e+07
9.68314e+08 0
9.68314e+08 0
9.68314e+08 0
9.68314e+08 0
9.68314e+08 0
9.68314e+08 0
9.68314e+08 0
9.68314e+08 0
9.68314e+08 0
9.68314e+08 0
9.68314e+08 0
9.68314e+08 0
9.68314e+08 0
9.68314e+08 0
9.68314e+08 0
9.68314e+08 0
9.68314e+08 0
9.68314e+08 0
9.68314e+08 0
9.68314e+08 0
9.68314e+08 0
9.68314e+08 0
9.68314e+08 0
9.68314e+08 0
9.68314e+08 0
9.68314e+08 0
9.68314e+08 0
9.68314e+08 0
9.68314e+08 0
9.68314e+08 0
9.68314e+08 0
9.68314e+08 0
9.68314e+08 0
9.68314e+08 0
9.68314e+08 0
9.68314e+08 0
9.68314e+08 0
9.68314e+08 0
9.68314e+08 0
9.68314e+08 0
9.68314e+08 0
9.68314e+08 0
9.68314e+08 0
9.68314e+08 0
9.68314e+08 0
9.68314e+08 0
9.68314e+08 0
9.68314e+08 0
9.68314e+08 0
9.68314e+08 0
9.68314e+08 0
9.68314e+08 0
9.68314e+08 0
9.68314e+08 0
9.68314e+08 0
9.68314e+08 0
9.68314e+08 0
9.68314e+08 0
9.68314e+08 0
9.68314e+08 0
9.68314e+08 0
9.68314e+08 0
9.68314e+08 0
9.68314e+08 0
9.68314e+08 0
9.68314e+08 0
9.68314e+08 0
9.68314e+08 0
9.68314e+08 0
9.68314e+08 0
9.68314e+08 0
9.68314e+08 0
9.68314e+08 0
9.68314e+08 0
9.68314e+08 0
9.68314e+08 0
9.68314e+08 0
9.68314e+08 0
9.68314e+08 0
9.68314e+08 0
9.68314e+08 0
9.68314e+08 0
9.68314e+08 0
9.68314e+08 0
9.68314e+08 0
9.68314e+08 0
9.68314e+08 0
9.68314e+08 0
9.68314e+08 0
9.68314e+08 0
9.68314e+08 0
9.68314e+08 0
9.68314e+08 0
9.68314e+08 0
9.68314e+08 0
9.68314e+08 0
9.68314e+08 0
9.68314e+08 0
