0 -1.71037e-06
0 -7.3137e+07
0 -7.3137e+07
5.60589e+07 -1.29196e+08
-1.20129e+07 -6.11241e+07
9.15686e+08 0
9.15686e+08 0
9.15686e+08 0
9.15686e+08 0
9.15686e+08 0
9.15686e+08 0
9.15686e+08 0
9.15686e+08 0
9.15686e+08 0
9.15686e+08 0
9.15686e+08 0
9.15686e+08 0
9.15686e+08 0
9.15686e+08 0
9.15686e+08 0
9.15686e+08 0
9.15686e+08 0
9.15686e+08 0
9.15686e+08 0
9.15686e+08 0
9.15686e+08 0
9.15686e+08 0
9.15686e+08 0
9.15686e+08 0
9.15686e+08 0
9.15686e+08 0
9.15686e+08 0
9.15686e+08 0
9.15686e+08 0
9.15686e+08 0
9.15686e+08 0
9.15686e+08 0
9.15686e+08 0
9.15686e+08 0
9.15686e+08 0
9.15686e+08 0
9.15686e+08 0
9.15686e+08 0
9.15686e+08 0
9.15686e+08 0
9.15686e+08 0
9.15686e+08 0
9.15686e+08 0
9.15686e+08 0
9.15686e+08 0
9.15686e+08 0
9.15686e+08 0
9.15686e+08 0
9.15686e+08 0
9.15686e+08 0
9.15686e+08 0
9.15686e+08 0
9.15686e+08 0
9.15686e+08 0
9.15686e+08 0
9.15686e+08 0
9.15686e+08 0
9.15686e+08 0
9.15686e+08 0
9.15686e+08 0
9.15686e+08 0
9.15686e+08 0
9.15686e+08 0
9.15686e+08 0
9.15686e+08 0
9.15686e+08 0
9.15686e+08 0
9.15686e+08 0
9.15686e+08 0
9.15686e+08 0
9.15686e+08 0
9.15686e+08 0
9.15686e+08 0
9.15686e+08 0
9.15686e+08 0
9.15686e+08 0
9.15686e+08 0
9.15686e+08 0
9.15686e+08 0
9.15686e+08 0
9.15686e+08 0
9.15686e+08 0
9.15686e+08 0
9.15686e+08 0
9.15686e+08 0
9.15686e+08 0
9.15686e+08 0
9.15686e+08 0
9.15686e+08 0
9.15686e+08 0
9.15686e+08 0
9.15686e+08 0
9.15686e+08 0
9.15686e+08 0
9.15686e+08 0
9.15686e+08 0
9.15686e+08 0
9.15686e+08 0
