0 3.72529e-08
0 3.48306e+07
0 3.48306e+07
-1.72449e+08 2.07279e+08
-2.76364e+08 3.11194e+08
-3.00694e+08 3.35525e+08
-3.04128e+08 3.38958e+08
-2.98628e+08 3.33458e+08
-2.86776e+08 3.21606e+08
-2.67638e+08 3.02469e+08
-2.39699e+08 2.7453e+08
-1.97832e+08 2.32663e+08
-1.27171e+08 1.62001e+08
4.18637e+07 -7.03311e+06
3.11921e+08 -2.1988e+08
4.58612e+08 0
4.58612e+08 0
4.58612e+08 0
4.58612e+08 0
4.58612e+08 0
4.58612e+08 0
4.58612e+08 0
4.58612e+08 0
4.58612e+08 0
4.58612e+08 0
4.58612e+08 0
4.58612e+08 0
4.58612e+08 0
4.58612e+08 0
4.58612e+08 0
4.58612e+08 0
4.58612e+08 0
4.58612e+08 0
4.58612e+08 0
4.58612e+08 0
4.58612e+08 0
4.58612e+08 0
4.58612e+08 0
4.58612e+08 0
4.58612e+08 0
4.58612e+08 0
4.58612e+08 0
4.58612e+08 0
4.58612e+08 0
4.58612e+08 0
4.58612e+08 0
4.58612e+08 0
4.58612e+08 0
4.58612e+08 0
4.58612e+08 0
4.58612e+08 0
4.58612e+08 0
4.58612e+08 0
4.58612e+08 0
4.58612e+08 0
4.58612e+08 0
4.58612e+08 0
4.58612e+08 0
4.58612e+08 0
4.58612e+08 0
4.58612e+08 0
4.58612e+08 0
4.58612e+08 0
4.58612e+08 0
4.58612e+08 0
4.58612e+08 0
4.58612e+08 0
4.58612e+08 0
4.58612e+08 0
4.58612e+08 0
4.58612e+08 0
4.58612e+08 0
4.58612e+08 0
4.58612e+08 0
4.58612e+08 0
4.58612e+08 0
4.58612e+08 0
4.58612e+08 0
4.58612e+08 0
4.58612e+08 0
4.58612e+08 0
4.58612e+08 0
4.58612e+08 0
4.58612e+08 0
4.58612e+08 0
4.58612e+08 0
4.58612e+08 0
4.58612e+08 0
4.58612e+08 0
4.58612e+08 0
4.58612e+08 0
4.58612e+08 0
4.58612e+08 0
4.58612e+08 0
4.58612e+08 0
4.58612e+08 0
4.58612e+08 0
4.58612e+08 0
4.58612e+08 0
4.58612e+08 0
4.58612e+08 0
4.58612e+08 0
4.58612e+08 0
