0 -1.68104e-06
0 -2.78237e+07
0 -2.78238e+07
1.51042e+08 -1.78865e+08
2.6089e+08 -2.88713e+08
3.10054e+08 -3.37877e+08
3.12854e+08 -3.40678e+08
2.99007e+08 -3.26831e+08
2.71573e+08 -2.99397e+08
2.29557e+08 -2.57381e+08
1.63805e+08 -1.91629e+08
2.42683e+07 -5.20921e+07
-1.93238e+08 1.08995e+08
8.00992e+08 0
8.00992e+08 0
8.00992e+08 0
8.00992e+08 0
8.00992e+08 0
8.00992e+08 0
8.00992e+08 0
8.00992e+08 0
8.00992e+08 0
8.00992e+08 0
8.00992e+08 0
8.00992e+08 0
8.00992e+08 0
8.00992e+08 0
8.00992e+08 0
8.00992e+08 0
8.00992e+08 0
8.00992e+08 0
8.00992e+08 0
8.00992e+08 0
8.00992e+08 0
8.00992e+08 0
8.00992e+08 0
8.00992e+08 0
8.00992e+08 0
8.00992e+08 0
8.00992e+08 0
8.00992e+08 0
8.00992e+08 0
8.00992e+08 0
8.00992e+08 0
8.00992e+08 0
8.00992e+08 0
8.00992e+08 0
8.00992e+08 0
8.00992e+08 0
8.00992e+08 0
8.00992e+08 0
8.00992e+08 0
8.00992e+08 0
8.00992e+08 0
8.00992e+08 0
8.00992e+08 0
8.00992e+08 0
8.00992e+08 0
8.00992e+08 0
8.00992e+08 0
8.00992e+08 0
8.00992e+08 0
8.00992e+08 0
8.00992e+08 0
8.00992e+08 0
8.00992e+08 0
8.00992e+08 0
8.00992e+08 0
8.00992e+08 0
8.00992e+08 0
8.00992e+08 0
8.00992e+08 0
8.00992e+08 0
8.00992e+08 0
8.00992e+08 0
8.00992e+08 0
8.00992e+08 0
8.00992e+08 0
8.00992e+08 0
8.00992e+08 0
8.00992e+08 0
8.00992e+08 0
8.00992e+08 0
8.00992e+08 0
8.00992e+08 0
8.00992e+08 0
8.00992e+08 0
8.00992e+08 0
8.00992e+08 0
8.00992e+08 0
8.00992e+08 0
8.00992e+08 0
8.00992e+08 0
8.00992e+08 0
8.00992e+08 0
8.00992e+08 0
8.00992e+08 0
8.00992e+08 0
8.00992e+08 0
8.00992e+08 0
8.00992e+08 0
8.00992e+08 0
8.00992e+08 0
