0 -8.77869e-07
0 -2.98559e-05
0 -1.18249e-05
-6.22013e+07 -2.18249e-05
-9.22065e+07 -3.18249e-05
-1.12305e+08 -4.18249e-05
-1.24866e+08 -5.18249e-05
-1.31596e+08 -6.18249e-05
-1.33961e+08 -7.18249e-05
-1.34717e+08 -8.18249e-05
-1.34119e+08 -9.18249e-05
-1.32303e+08 -0.000101825
-1.29294e+08 -0.000111825
-1.25058e+08 -0.000121825
-1.19332e+08 -0.000131825
-1.11621e+08 -0.000141825
-1.00835e+08 -0.000151825
-8.43462e+07 -0.000161825
-5.71902e+07 -0.000171825
-1.1945e+07 -0.000181825
2.83884e+07 -0.000191825
6.29886e+07 -0.000201825
9.37821e+07 -0.000211825
1.23427e+08 -0.000221825
1.54414e+08 -0.000231825
1.8865e+08 -0.000241825
2.24556e+08 -0.000251825
3.16662e+08 -0.000261825
3.48519e+08 -0.000271825
3.81397e+08 -0.000281825
3.81397e+08 -0.000291825
3.81397e+08 -0.000301825
3.81397e+08 -0.000311825
3.81397e+08 -0.000321825
3.81397e+08 -0.000331825
3.81397e+08 -0.000341825
3.81397e+08 -0.000351825
3.81397e+08 -0.000361825
3.81397e+08 -0.000371825
3.81397e+08 -0.000381825
3.81397e+08 -0.000391825
3.81397e+08 -0.000401825
3.81397e+08 -0.000411825
3.81397e+08 -0.000421825
3.81397e+08 -0.000431825
3.81397e+08 -0.000441825
3.81397e+08 -0.000451825
3.81397e+08 -0.000461825
3.81397e+08 -0.000471825
3.81397e+08 -0.000481825
3.81397e+08 -0.000491825
3.81397e+08 -0.000501825
3.81397e+08 -0.000511825
3.81397e+08 -0.000521825
3.81397e+08 -0.000531825
3.81397e+08 -0.000541825
3.81397e+08 -0.000551825
3.81397e+08 -0.000561825
3.81397e+08 -0.000571825
3.81397e+08 -0.000581825
3.81397e+08 -0.000591825
3.81397e+08 -0.000601825
3.81397e+08 -0.000611825
3.81397e+08 -0.000621825
3.81397e+08 -0.000631825
3.81397e+08 -0.000641825
3.81397e+08 -0.000651825
3.81397e+08 -0.000661825
3.81397e+08 -0.000671825
3.81397e+08 -0.000681825
3.81397e+08 -0.000691825
3.81397e+08 -0.000701825
3.81397e+08 -0.000711825
3.81397e+08 -0.000721825
3.81397e+08 -0.000731825
3.81397e+08 -0.000741825
3.81397e+08 -0.000751825
3.81397e+08 -0.000761825
3.81397e+08 -0.000771825
3.81397e+08 -0.000781825
3.81397e+08 -0.000791825
3.81397e+08 -0.000801825
3.81397e+08 -0.000811825
3.81397e+08 -0.000821825
3.81397e+08 -0.000831825
3.81397e+08 -0.000841825
3.81397e+08 -0.000851825
3.81397e+08 -0.000861825
3.81397e+08 -0.000871825
3.81397e+08 -0.000881825
3.81397e+08 -0.000891825
3.81397e+08 -0.000901825
3.81397e+08 -0.000911825
3.81397e+08 -0.000921825
3.81397e+08 -0.000931825
3.81397e+08 -0.000941825
3.81397e+08 -0.000951825
3.81397e+08 -0.000961825
3.81397e+08 -0.000971825
3.81397e+08 -0.000981825
3.81397e+08 -0.000991825
3.81397e+08 -0.00100182
3.81397e+08 -0.00101182
