0 -4.81241e-07
0 1.07321e-05
0 6.69201e-06
3.55568e+07 1.6692e-05
3.99258e+07 2.6692e-05
4.35134e+07 3.6692e-05
4.71734e+07 4.6692e-05
5.08539e+07 5.6692e-05
5.45116e+07 6.6692e-05
5.80785e+07 7.6692e-05
6.13266e+07 8.6692e-05
6.3834e+07 9.6692e-05
6.54705e+07 0.000106692
6.71809e+07 0.000116692
6.86878e+07 0.000126692
6.97828e+07 0.000136692
7.07614e+07 0.000146692
7.16267e+07 0.000156692
7.24021e+07 0.000166692
7.30858e+07 0.000176692
7.3701e+07 0.000186692
7.42319e+07 0.000196692
7.47156e+07 0.000206692
7.51553e+07 0.000216692
7.55401e+07 0.000226692
7.5884e+07 0.000236692
7.61977e+07 0.000246692
7.64843e+07 0.000256692
7.67408e+07 0.000266692
7.69718e+07 0.000276692
7.71792e+07 0.000286692
7.73634e+07 0.000296692
7.75251e+07 0.000306692
7.76669e+07 0.000316692
7.77943e+07 0.000326692
7.79084e+07 0.000336692
7.80091e+07 0.000346692
7.80946e+07 0.000356692
7.81624e+07 0.000366692
7.82102e+07 0.000376692
7.82425e+07 0.000386692
7.82657e+07 0.000396692
7.82796e+07 0.000406692
7.82823e+07 0.000416692
7.8271e+07 0.000426692
7.82416e+07 0.000436692
7.81901e+07 0.000446692
7.81237e+07 0.000456692
7.80382e+07 0.000466692
7.79371e+07 0.000476692
7.78178e+07 0.000486692
7.76733e+07 0.000496692
7.74999e+07 0.000506692
7.73016e+07 0.000516692
7.70544e+07 0.000526692
7.67324e+07 0.000536692
7.6372e+07 0.000546692
7.5941e+07 0.000556692
7.54224e+07 0.000566692
7.47655e+07 0.000576692
7.41368e+07 0.000586692
7.3469e+07 0.000596692
7.27608e+07 0.000606692
7.18188e+07 0.000616692
7.10819e+07 0.000626692
7.02487e+07 0.000636692
6.91885e+07 0.000646692
6.82001e+07 0.000656692
6.71905e+07 0.000666692
6.61779e+07 0.000676692
6.48318e+07 0.000686692
6.37337e+07 0.000696692
6.27608e+07 0.000706692
6.15743e+07 0.000716692
-2.0213e+07 0.000726692
-2.07856e+07 0.000736692
-2.16011e+07 0.000746692
-2.24329e+07 0.000756692
-2.31943e+07 0.000766692
-2.3853e+07 0.000776692
-2.46559e+07 0.000786692
-2.57623e+07 0.000796692
-2.65045e+07 0.000806692
-2.70799e+07 0.000816692
-2.77938e+07 0.000826692
-2.86329e+07 0.000836692
-2.94234e+07 0.000846692
-3.01369e+07 0.000856692
-3.06241e+07 0.000866692
-3.11648e+07 0.000876692
-3.18166e+07 0.000886692
-3.25235e+07 0.000896692
-3.31079e+07 0.000906692
-3.37022e+07 0.000916692
-3.41761e+07 0.000926692
-3.45076e+07 0.000936692
-3.49537e+07 0.000946692
-3.56921e+07 0.000956692
-3.60602e+07 0.000966692
-3.66207e+07 0.000976692
-3.6971e+07 0.000986692
-3.73259e+07 0.000996692
-3.76878e+07 0.00100669
