0 -1.5464e-06
0 6.02312e-05
0 64728.8
-15 64728.8
-30 64728.8
-45 64728.8
-60 64728.8
-75 64728.8
-90 64728.8
-105 64728.8
-120 64728.8
-135 64728.8
-150 64728.8
-165 64728.8
-180 64728.8
-195 64728.8
-210 64728.8
-225 64728.8
-240 64728.8
-255 64728.8
-270 64728.8
-285 64728.8
-300 64728.8
-315 64728.8
-330 64728.8
-345 64728.8
-359.999 64728.8
-374.999 64728.8
-389.999 64728.8
-404.999 64728.8
-419.999 64728.8
-434.999 64728.8
-449.999 64728.8
-464.999 64728.8
-479.999 64728.8
-494.999 64728.8
-509.999 64728.8
-524.999 64728.8
-539.999 64728.8
-554.999 64728.8
-569.999 64728.8
-584.999 64728.8
-599.999 64728.8
-614.998 64728.8
-629.998 64728.8
-644.998 64728.8
-659.998 64728.8
-674.998 64728.8
-689.998 64728.8
-704.998 64728.8
-719.998 64728.8
-734.998 64728.8
-749.998 64728.8
-764.998 64728.8
-779.998 64728.8
-794.997 64728.8
-809.997 64728.8
-824.997 64728.8
-839.997 64728.8
-854.997 64728.8
-869.997 64728.8
-884.997 64728.8
-899.997 64728.8
-914.997 64728.8
-929.997 64728.8
-944.996 64728.8
-959.996 64728.8
-974.996 64728.8
-989.996 64728.8
-1005 64728.8
-1020 64728.8
-1035 64728.8
-1050 64728.8
-1065 64728.8
-1080 64728.8
-1095 64728.8
-1110 64728.8
-1124.99 64728.8
-1139.99 64728.8
-1154.99 64728.8
-1169.99 64728.8
-1184.99 64728.8
-1199.99 64728.8
-1214.99 64728.8
-1229.99 64728.8
-1244.99 64728.8
-1259.99 64728.8
-1274.99 64728.8
-1289.99 64728.8
-1304.99 64728.8
-1319.99 64728.8
-1334.99 64728.8
-1349.99 64728.8
-1364.99 64728.8
-1379.99 64728.8
-1394.99 64728.8
-1409.99 64728.8
-1424.99 64728.8
-1439.99 64728.8
-1454.99 64728.8
-1469.99 64728.8
-1484.99 64728.8
-1499.99 64728.8
