0 -2.8023e-07
0 -6.28355e-05
0 -869437
-15 -869437
-30 -869437
-45 -869437
-60 -869437
-75 -869437
-90 -869437
-105 -869437
-120 -869437
-135 -869437
-150 -869437
-165 -869437
-180 -869437
-195 -869437
-210 -869437
-225 -869437
-240 -869437
-255 -869437
-270 -869437
-285 -869437
-300 -869437
-315 -869437
-330 -869437
-345 -869437
-360 -869437
-375 -869437
-390 -869437
-405 -869437
-420 -869437
-435 -869437
-450 -869437
-465 -869437
-480 -869437
-495 -869437
-510 -869437
-525 -869437
-540 -869437
-555 -869437
-570 -869437
-585 -869437
-600 -869437
-615 -869437
-630 -869437
-645 -869437
-660 -869437
-675 -869437
-690 -869437
-705 -869437
-720 -869437
-735 -869437
-750 -869437
-765 -869437
-780 -869437
-795 -869437
-810 -869437
-825 -869437
-840 -869437
-855 -869437
-870 -869437
-885 -869437
-900 -869437
-915 -869437
-930 -869437
-945 -869437
-960 -869437
-975 -869437
-990 -869437
-1005 -869437
-1020 -869437
-1035 -869437
-1050 -869437
-1065 -869437
-1080 -869437
-1095 -869437
-1110 -869437
-1125 -869437
-1140 -869437
-1155 -869437
-1170 -869437
-1185 -869437
-1200 -869437
-1215 -869437
-1230 -869437
-1245 -869437
-1260 -869437
-1275 -869437
-1290 -869437
-1305 -869437
-1320 -869437
-1335 -869437
-1350 -869437
-1365 -869437
-1380 -869437
-1395 -869437
-1410 -869437
-1425 -869437
-1440 -869437
-1455 -869437
-1470 -869437
-1485 -869437
-1500 -869437
