0 -2.17975e-06
0 5.52334e-05
0 -233206
-15 -233206
-30 -233206
-45 -233206
-60 -233206
-75 -233206
-90 -233206
-105 -233206
-120 -233206
-135 -233206
-150 -233206
-165 -233206
-180 -233206
-195 -233206
-210 -233206
-225 -233206
-240 -233206
-255 -233206
-270 -233206
-285 -233206
-300 -233206
-315 -233206
-330 -233206
-345 -233206
-360 -233206
-375 -233206
-390 -233206
-405 -233206
-420 -233206
-435 -233206
-450 -233206
-465 -233206
-480 -233206
-495 -233206
-510 -233206
-525 -233206
-540 -233206
-555 -233206
-570 -233206
-585 -233206
-600 -233206
-615 -233206
-630 -233206
-645 -233206
-660 -233206
-675 -233206
-690 -233206
-705 -233206
-720 -233206
-735 -233206
-750 -233206
-765 -233206
-780 -233206
-795 -233206
-810 -233206
-825 -233206
-840 -233206
-855 -233206
-870 -233206
-885.001 -233206
-900.001 -233206
-915.001 -233206
-930.001 -233206
-945.001 -233206
-960.001 -233206
-975.001 -233206
-990.001 -233206
-1005 -233206
-1020 -233206
-1035 -233206
-1050 -233206
-1065 -233206
-1080 -233206
-1095 -233206
-1110 -233206
-1125 -233206
-1140 -233206
-1155 -233206
-1170 -233206
-1185 -233206
-1200 -233206
-1215 -233206
-1230 -233206
-1245 -233206
-1260 -233206
-1275 -233206
-1290 -233206
-1305 -233206
-1320 -233206
-1335 -233206
-1350 -233206
-1365 -233206
-1380 -233206
-1395 -233206
-1410 -233206
-1425 -233206
-1440 -233206
-1455 -233206
-1470 -233206
-1485 -233206
-1500 -233206
