0 -3.65188e-06
0 -1.27037e-05
0 -8.33036e-06
-1.0491e+08 -1.83304e-05
-1.31973e+08 -2.83304e-05
-9.76942e+07 -3.83304e-05
-2.50631e+07 -4.83304e-05
2.13834e+08 -5.83304e-05
2.3001e+08 -6.83304e-05
1.09704e+09 -7.83304e-05
1.09704e+09 -8.83304e-05
1.09704e+09 -9.83304e-05
1.09704e+09 -0.00010833
1.09704e+09 -0.00011833
1.09704e+09 -0.00012833
1.09704e+09 -0.00013833
1.09704e+09 -0.00014833
1.09704e+09 -0.00015833
1.09704e+09 -0.00016833
1.09704e+09 -0.00017833
1.09704e+09 -0.00018833
1.09704e+09 -0.00019833
1.09704e+09 -0.00020833
1.09704e+09 -0.00021833
1.09704e+09 -0.00022833
1.09704e+09 -0.00023833
1.09704e+09 -0.00024833
1.09704e+09 -0.00025833
1.09704e+09 -0.00026833
1.09704e+09 -0.00027833
1.09704e+09 -0.00028833
1.09704e+09 -0.00029833
1.09704e+09 -0.00030833
1.09704e+09 -0.00031833
1.09704e+09 -0.00032833
1.09704e+09 -0.00033833
1.09704e+09 -0.00034833
1.09704e+09 -0.00035833
1.09704e+09 -0.00036833
1.09704e+09 -0.00037833
1.09704e+09 -0.00038833
1.09704e+09 -0.00039833
1.09704e+09 -0.00040833
1.09704e+09 -0.00041833
1.09704e+09 -0.00042833
1.09704e+09 -0.00043833
1.09704e+09 -0.00044833
1.09704e+09 -0.00045833
1.09704e+09 -0.00046833
1.09704e+09 -0.00047833
1.09704e+09 -0.00048833
1.09704e+09 -0.00049833
1.09704e+09 -0.00050833
1.09704e+09 -0.00051833
1.09704e+09 -0.00052833
1.09704e+09 -0.00053833
1.09704e+09 -0.00054833
1.09704e+09 -0.00055833
1.09704e+09 -0.00056833
1.09704e+09 -0.00057833
1.09704e+09 -0.00058833
1.09704e+09 -0.00059833
1.09704e+09 -0.00060833
1.09704e+09 -0.00061833
1.09704e+09 -0.00062833
1.09704e+09 -0.00063833
1.09704e+09 -0.00064833
1.09704e+09 -0.00065833
1.09704e+09 -0.00066833
1.09704e+09 -0.00067833
1.09704e+09 -0.00068833
1.09704e+09 -0.00069833
1.09704e+09 -0.00070833
1.09704e+09 -0.00071833
1.09704e+09 -0.00072833
1.09704e+09 -0.00073833
1.09704e+09 -0.00074833
1.09704e+09 -0.00075833
1.09704e+09 -0.00076833
1.09704e+09 -0.00077833
1.09704e+09 -0.00078833
1.09704e+09 -0.00079833
1.09704e+09 -0.00080833
1.09704e+09 -0.00081833
1.09704e+09 -0.00082833
1.09704e+09 -0.00083833
1.09704e+09 -0.00084833
1.09704e+09 -0.00085833
1.09704e+09 -0.00086833
1.09704e+09 -0.00087833
1.09704e+09 -0.00088833
1.09704e+09 -0.00089833
1.09704e+09 -0.00090833
1.09704e+09 -0.00091833
1.09704e+09 -0.00092833
1.09704e+09 -0.00093833
1.09704e+09 -0.00094833
1.09704e+09 -0.00095833
1.09704e+09 -0.00096833
1.09704e+09 -0.00097833
1.09704e+09 -0.00098833
1.09704e+09 -0.00099833
1.09704e+09 -0.00100833
