0 5.83008e-07
0 1.68565e+08
0 1.68566e+08
-8.75908e+07 2.56156e+08
-8.85419e+07 2.57107e+08
-5.62023e+07 2.24768e+08
-349021 1.68915e+08
8.93179e+07 7.92476e+07
-1.28487e+09 8.17323e+07
1.07373e+09 0
1.07373e+09 0
1.07373e+09 0
1.07373e+09 0
1.07373e+09 0
1.07373e+09 0
1.07373e+09 0
1.07373e+09 0
1.07373e+09 0
1.07373e+09 0
1.07373e+09 0
1.07373e+09 0
1.07373e+09 0
1.07373e+09 0
1.07373e+09 0
1.07373e+09 0
1.07373e+09 0
1.07373e+09 0
1.07373e+09 0
1.07373e+09 0
1.07373e+09 0
1.07373e+09 0
1.07373e+09 0
1.07373e+09 0
1.07373e+09 0
1.07373e+09 0
1.07373e+09 0
1.07373e+09 0
1.07373e+09 0
1.07373e+09 0
1.07373e+09 0
1.07373e+09 0
1.07373e+09 0
1.07373e+09 0
1.07373e+09 0
1.07373e+09 0
1.07373e+09 0
1.07373e+09 0
1.07373e+09 0
1.07373e+09 0
1.07373e+09 0
1.07373e+09 0
1.07373e+09 0
1.07373e+09 0
1.07373e+09 0
1.07373e+09 0
1.07373e+09 0
1.07373e+09 0
1.07373e+09 0
1.07373e+09 0
1.07373e+09 0
1.07373e+09 0
1.07373e+09 0
1.07373e+09 0
1.07373e+09 0
1.07373e+09 0
1.07373e+09 0
1.07373e+09 0
1.07373e+09 0
1.07373e+09 0
1.07373e+09 0
1.07373e+09 0
1.07373e+09 0
1.07373e+09 0
1.07373e+09 0
1.07373e+09 0
1.07373e+09 0
1.07373e+09 0
1.07373e+09 0
1.07373e+09 0
1.07373e+09 0
1.07373e+09 0
1.07373e+09 0
1.07373e+09 0
1.07373e+09 0
1.07373e+09 0
1.07373e+09 0
1.07373e+09 0
1.07373e+09 0
1.07373e+09 0
1.07373e+09 0
1.07373e+09 0
1.07373e+09 0
1.07373e+09 0
1.07373e+09 0
1.07373e+09 0
1.07373e+09 0
1.07373e+09 0
1.07373e+09 0
1.07373e+09 0
1.07373e+09 0
1.07373e+09 0
1.07373e+09 0
1.07373e+09 0
