0 0
0 2.29939e-06
0 -3.24026e-05
1.17487e+09 -2.24026e-05
1.17487e+09 -1.24026e-05
1.17487e+09 -2.40262e-06
1.17487e+09 7.59738e-06
1.17487e+09 1.75974e-05
1.17487e+09 2.75974e-05
1.17487e+09 3.75974e-05
1.17487e+09 4.75974e-05
1.17487e+09 5.75974e-05
1.17487e+09 6.75974e-05
1.17487e+09 7.75974e-05
1.17487e+09 8.75974e-05
1.17487e+09 9.75974e-05
1.17487e+09 0.000107597
1.17487e+09 0.000117597
1.17487e+09 0.000127597
1.17487e+09 0.000137597
1.17487e+09 0.000147597
1.17487e+09 0.000157597
1.17487e+09 0.000167597
1.17487e+09 0.000177597
1.17487e+09 0.000187597
1.17487e+09 0.000197597
1.17487e+09 0.000207597
1.17487e+09 0.000217597
1.17487e+09 0.000227597
1.17487e+09 0.000237597
1.17487e+09 0.000247597
1.17487e+09 0.000257597
1.17487e+09 0.000267597
1.17487e+09 0.000277597
1.17487e+09 0.000287597
1.17487e+09 0.000297597
1.17487e+09 0.000307597
1.17487e+09 0.000317597
1.17487e+09 0.000327597
1.17487e+09 0.000337597
1.17487e+09 0.000347597
1.17487e+09 0.000357597
1.17487e+09 0.000367597
1.17487e+09 0.000377597
1.17487e+09 0.000387597
1.17487e+09 0.000397597
1.17487e+09 0.000407597
1.17487e+09 0.000417597
1.17487e+09 0.000427597
1.17487e+09 0.000437597
1.17487e+09 0.000447597
1.17487e+09 0.000457597
1.17487e+09 0.000467597
1.17487e+09 0.000477597
1.17487e+09 0.000487597
1.17487e+09 0.000497597
1.17487e+09 0.000507597
1.17487e+09 0.000517597
1.17487e+09 0.000527597
1.17487e+09 0.000537597
1.17487e+09 0.000547597
1.17487e+09 0.000557597
1.17487e+09 0.000567597
1.17487e+09 0.000577597
1.17487e+09 0.000587597
1.17487e+09 0.000597597
1.17487e+09 0.000607597
1.17487e+09 0.000617597
1.17487e+09 0.000627597
1.17487e+09 0.000637597
1.17487e+09 0.000647597
1.17487e+09 0.000657597
1.17487e+09 0.000667597
1.17487e+09 0.000677597
1.17487e+09 0.000687597
1.17487e+09 0.000697597
1.17487e+09 0.000707597
1.17487e+09 0.000717597
1.17487e+09 0.000727597
1.17487e+09 0.000737597
1.17487e+09 0.000747597
1.17487e+09 0.000757597
1.17487e+09 0.000767597
1.17487e+09 0.000777597
1.17487e+09 0.000787597
1.17487e+09 0.000797597
1.17487e+09 0.000807597
1.17487e+09 0.000817597
1.17487e+09 0.000827597
1.17487e+09 0.000837597
1.17487e+09 0.000847597
1.17487e+09 0.000857597
1.17487e+09 0.000867597
1.17487e+09 0.000877597
1.17487e+09 0.000887597
1.17487e+09 0.000897597
1.17487e+09 0.000907597
1.17487e+09 0.000917597
1.17487e+09 0.000927597
1.17487e+09 0.000937597
1.17487e+09 0.000947597
1.17487e+09 0.000957597
1.17487e+09 0.000967597
