0 -5.06611e-07
0 -7.66133e-05
0 -652267
-15 -652267
-30 -652267
-45 -652267
-60 -652267
-75 -652267
-90 -652267
-105 -652267
-120 -652267
-135 -652267
-150 -652267
-165 -652267
-180 -652267
-195 -652267
-210 -652267
-225 -652267
-240 -652267
-255 -652267
-270 -652267
-285 -652267
-300 -652267
-315 -652267
-330 -652267
-345 -652267
-360 -652267
-375 -652267
-390 -652267
-405 -652267
-420 -652267
-435 -652267
-450 -652267
-465 -652267
-480 -652267
-495 -652267
-510 -652267
-525 -652267
-540 -652267
-555 -652267
-570 -652267
-585 -652267
-600 -652267
-615 -652267
-630 -652267
-645 -652267
-660 -652267
-675 -652267
-690 -652267
-705 -652267
-720 -652267
-735 -652267
-750 -652267
-765 -652267
-780 -652267
-795 -652267
-810 -652267
-825 -652267
-840 -652267
-855 -652267
-870 -652267
-885 -652267
-900 -652267
-915 -652267
-930 -652267
-945 -652267
-960 -652267
-975 -652267
-990 -652267
-1005 -652267
-1020 -652267
-1035 -652267
-1050 -652267
-1065 -652267
-1080 -652267
-1095 -652267
-1110 -652267
-1125 -652267
-1140 -652267
-1155 -652267
-1170 -652267
-1185 -652267
-1200 -652267
-1215 -652267
-1230 -652267
-1245 -652267
-1260 -652267
-1275 -652267
-1290 -652267
-1305 -652267
-1320 -652267
-1335 -652267
-1350 -652267
-1365 -652267
-1380 -652267
-1395 -652267
-1410 -652267
-1425 -652267
-1440 -652267
-1455 -652267
-1470 -652267
-1485 -652267
-1500 -652267
