0 -5.63007e-07
0 9.69097e-05
0 89839.2
-15 89839.2
-30 89839.2
-45 89839.2
-60 89839.2
-75 89839.2
-90 89839.2
-105 89839.2
-120 89839.2
-135 89839.2
-150 89839.2
-165 89839.2
-180 89839.2
-195 89839.2
-210 89839.2
-225 89839.2
-240 89839.2
-255 89839.2
-270 89839.2
-285 89839.2
-300 89839.2
-315 89839.2
-330 89839.2
-345 89839.2
-359.999 89839.2
-374.999 89839.2
-389.999 89839.2
-404.999 89839.2
-419.999 89839.2
-434.999 89839.2
-449.999 89839.2
-464.999 89839.2
-479.999 89839.2
-494.999 89839.2
-509.999 89839.2
-524.999 89839.2
-539.999 89839.2
-554.999 89839.2
-569.999 89839.2
-584.999 89839.2
-599.999 89839.2
-614.999 89839.2
-629.998 89839.2
-644.998 89839.2
-659.998 89839.2
-674.998 89839.2
-689.998 89839.2
-704.998 89839.2
-719.998 89839.2
-734.998 89839.2
-749.998 89839.2
-764.998 89839.2
-779.998 89839.2
-794.998 89839.2
-809.997 89839.2
-824.997 89839.2
-839.997 89839.2
-854.997 89839.2
-869.997 89839.2
-884.997 89839.2
-899.997 89839.2
-914.997 89839.2
-929.997 89839.2
-944.997 89839.2
-959.996 89839.2
-974.996 89839.2
-989.996 89839.2
-1005 89839.2
-1020 89839.2
-1035 89839.2
-1050 89839.2
-1065 89839.2
-1080 89839.2
-1095 89839.2
-1110 89839.2
-1125 89839.2
-1139.99 89839.2
-1154.99 89839.2
-1169.99 89839.2
-1184.99 89839.2
-1199.99 89839.2
-1214.99 89839.2
-1229.99 89839.2
-1244.99 89839.2
-1259.99 89839.2
-1274.99 89839.2
-1289.99 89839.2
-1304.99 89839.2
-1319.99 89839.2
-1334.99 89839.2
-1349.99 89839.2
-1364.99 89839.2
-1379.99 89839.2
-1394.99 89839.2
-1409.99 89839.2
-1424.99 89839.2
-1439.99 89839.2
-1454.99 89839.2
-1469.99 89839.2
-1484.99 89839.2
-1499.99 89839.2
