0 -2.27535e-06
0 -2.22923e-05
0 -235548
-15 -235548
-30 -235548
-45 -235548
-60 -235548
-75 -235548
-90 -235548
-105 -235548
-120 -235548
-135 -235548
-150 -235548
-165 -235548
-180 -235548
-195 -235548
-210 -235548
-225 -235548
-240 -235548
-255 -235548
-270 -235548
-285 -235548
-300 -235548
-315 -235548
-330 -235548
-345 -235548
-360 -235548
-375 -235548
-390 -235548
-405 -235548
-420 -235548
-435 -235548
-450 -235548
-465 -235548
-480 -235548
-495 -235548
-510 -235548
-525 -235548
-540 -235548
-555 -235548
-570 -235548
-585 -235548
-600 -235548
-615 -235548
-630 -235548
-645 -235548
-660 -235548
-675.001 -235548
-690.001 -235548
-705.001 -235548
-720.001 -235548
-735.001 -235548
-750.001 -235548
-765.001 -235548
-780.001 -235548
-795.001 -235548
-810.001 -235548
-825.001 -235548
-840.001 -235548
-855.001 -235548
-870.001 -235548
-885.001 -235548
-900.001 -235548
-915.001 -235548
-930.001 -235548
-945.001 -235548
-960.001 -235548
-975.001 -235548
-990.001 -235548
-1005 -235548
-1020 -235548
-1035 -235548
-1050 -235548
-1065 -235548
-1080 -235548
-1095 -235548
-1110 -235548
-1125 -235548
-1140 -235548
-1155 -235548
-1170 -235548
-1185 -235548
-1200 -235548
-1215 -235548
-1230 -235548
-1245 -235548
-1260 -235548
-1275 -235548
-1290 -235548
-1305 -235548
-1320 -235548
-1335 -235548
-1350 -235548
-1365 -235548
-1380 -235548
-1395 -235548
-1410 -235548
-1425 -235548
-1440 -235548
-1455 -235548
-1470 -235548
-1485 -235548
-1500 -235548
