0 -4.91273e-08
0 1.60954e+08
0 2.66576e+07
-2.43066 1.16044e+08
9.65263 1.34236e+08
-32.8409 0
-92.9371 0
-153.033 0
-213.129 0
-273.226 0
-333.322 0
-393.418 0
-453.514 0
-513.61 0
-573.707 0
-633.803 0
-693.899 0
-753.995 0
-814.091 0
-874.188 0
-934.284 0
-994.38 0
-1054.48 0
-1114.57 0
-1174.67 0
-1234.76 0
-1294.86 0
-1354.96 0
-1415.05 0
-1475.15 0
-1535.25 0
-1595.34 0
-1655.44 0
-1715.53 0
-1775.63 0
-1835.73 0
-1895.82 0
-1955.92 0
-2016.02 0
-2076.11 0
-2136.21 0
-2196.31 0
-2256.4 0
-2316.5 0
-2376.59 0
-2436.69 0
-2496.79 0
-2556.88 0
-2616.98 0
-2677.08 0
-2737.17 0
-2797.27 0
-2857.36 0
-2917.46 0
-2977.56 0
-3037.65 0
-3097.75 0
-3157.85 0
-3217.94 0
-3278.04 0
-3338.14 0
-3398.23 0
-3458.33 0
-3518.42 0
-3578.52 0
-3638.62 0
-3698.71 0
-3758.81 0
-3818.91 0
-3879 0
-3939.1 0
-3999.2 0
-4059.29 0
-4119.39 0
-4179.48 0
-4239.58 0
-4299.68 0
-4359.77 0
-4419.87 0
-4479.97 0
-4540.06 0
-4600.16 0
-4660.26 0
-4720.35 0
-4780.45 0
-4840.54 0
-4900.64 0
-4960.74 0
-5020.83 0
-5080.93 0
-5141.03 0
-5201.12 0
-5261.22 0
-5321.32 0
-5381.41 0
-5441.51 0
-5501.61 0
-5561.7 0
-5621.8 0
-5681.89 0
-5741.99 0
-5802.09 0
-5862.18 0
