0 -3.49881e-06
0 2.06353e-05
0 1.24733e-05
1.29181e+08 2.24733e-05
1.62019e+08 3.24733e-05
1.58656e+08 4.24733e-05
1.40056e+08 5.24733e-05
1.08733e+08 6.24733e-05
6.14297e+07 7.24733e-05
-1.60477e+07 8.24733e-05
-2.24662e+08 9.24733e-05
6.48551e+08 0.000102473
6.48551e+08 0.000112473
6.48551e+08 0.000122473
6.48551e+08 0.000132473
6.48551e+08 0.000142473
6.48551e+08 0.000152473
6.48551e+08 0.000162473
6.48551e+08 0.000172473
6.48551e+08 0.000182473
6.48551e+08 0.000192473
6.48551e+08 0.000202473
6.48551e+08 0.000212473
6.48551e+08 0.000222473
6.48551e+08 0.000232473
6.48551e+08 0.000242473
6.48551e+08 0.000252473
6.48551e+08 0.000262473
6.48551e+08 0.000272473
6.48551e+08 0.000282473
6.48551e+08 0.000292473
6.48551e+08 0.000302473
6.48551e+08 0.000312473
6.48551e+08 0.000322473
6.48551e+08 0.000332473
6.48551e+08 0.000342473
6.48551e+08 0.000352473
6.48551e+08 0.000362473
6.48551e+08 0.000372473
6.48551e+08 0.000382473
6.48551e+08 0.000392473
6.48551e+08 0.000402473
6.48551e+08 0.000412473
6.48551e+08 0.000422473
6.48551e+08 0.000432473
6.48551e+08 0.000442473
6.48551e+08 0.000452473
6.48551e+08 0.000462473
6.48551e+08 0.000472473
6.48551e+08 0.000482473
6.48551e+08 0.000492473
6.48551e+08 0.000502473
6.48551e+08 0.000512473
6.48551e+08 0.000522473
6.48551e+08 0.000532473
6.48551e+08 0.000542473
6.48551e+08 0.000552473
6.48551e+08 0.000562473
6.48551e+08 0.000572473
6.48551e+08 0.000582473
6.48551e+08 0.000592473
6.48551e+08 0.000602473
6.48551e+08 0.000612473
6.48551e+08 0.000622473
6.48551e+08 0.000632473
6.48551e+08 0.000642473
6.48551e+08 0.000652473
6.48551e+08 0.000662473
6.48551e+08 0.000672473
6.48551e+08 0.000682473
6.48551e+08 0.000692473
6.48551e+08 0.000702473
6.48551e+08 0.000712473
6.48551e+08 0.000722473
6.48551e+08 0.000732473
6.48551e+08 0.000742473
6.48551e+08 0.000752473
6.48551e+08 0.000762473
6.48551e+08 0.000772473
6.48551e+08 0.000782473
6.48551e+08 0.000792473
6.48551e+08 0.000802473
6.48551e+08 0.000812473
6.48551e+08 0.000822473
6.48551e+08 0.000832473
6.48551e+08 0.000842473
6.48551e+08 0.000852473
6.48551e+08 0.000862473
6.48551e+08 0.000872473
6.48551e+08 0.000882473
6.48551e+08 0.000892473
6.48551e+08 0.000902473
6.48551e+08 0.000912473
6.48551e+08 0.000922473
6.48551e+08 0.000932473
6.48551e+08 0.000942473
6.48551e+08 0.000952473
6.48551e+08 0.000962473
6.48551e+08 0.000972473
6.48551e+08 0.000982473
6.48551e+08 0.000992473
6.48551e+08 0.00100247
6.48551e+08 0.00101247
