0 2.129e-06
0 -9.71907e+07
0 -9.71907e+07
1.47222e+08 -2.44413e+08
2.31278e+08 -3.28469e+08
2.43232e+08 -3.40423e+08
2.37221e+08 -3.34412e+08
2.20808e+08 -3.17999e+08
1.94371e+08 -2.91562e+08
1.5386e+08 -2.51051e+08
8.41001e+07 -1.81291e+08
-2.49587e+08 1.2314e+08
4.67851e+08 0
4.67851e+08 0
4.67851e+08 0
4.67851e+08 0
4.67851e+08 0
4.67851e+08 0
4.67851e+08 0
4.67851e+08 0
4.67851e+08 0
4.67851e+08 0
4.67851e+08 0
4.67851e+08 0
4.67851e+08 0
4.67851e+08 0
4.67851e+08 0
4.67851e+08 0
4.67851e+08 0
4.67851e+08 0
4.67851e+08 0
4.67851e+08 0
4.67851e+08 0
4.67851e+08 0
4.67851e+08 0
4.67851e+08 0
4.67851e+08 0
4.67851e+08 0
4.67851e+08 0
4.67851e+08 0
4.67851e+08 0
4.67851e+08 0
4.67851e+08 0
4.67851e+08 0
4.67851e+08 0
4.67851e+08 0
4.67851e+08 0
4.67851e+08 0
4.67851e+08 0
4.67851e+08 0
4.67851e+08 0
4.67851e+08 0
4.67851e+08 0
4.67851e+08 0
4.67851e+08 0
4.67851e+08 0
4.67851e+08 0
4.67851e+08 0
4.67851e+08 0
4.67851e+08 0
4.67851e+08 0
4.67851e+08 0
4.67851e+08 0
4.67851e+08 0
4.67851e+08 0
4.67851e+08 0
4.67851e+08 0
4.67851e+08 0
4.67851e+08 0
4.67851e+08 0
4.67851e+08 0
4.67851e+08 0
4.67851e+08 0
4.67851e+08 0
4.67851e+08 0
4.67851e+08 0
4.67851e+08 0
4.67851e+08 0
4.67851e+08 0
4.67851e+08 0
4.67851e+08 0
4.67851e+08 0
4.67851e+08 0
4.67851e+08 0
4.67851e+08 0
4.67851e+08 0
4.67851e+08 0
4.67851e+08 0
4.67851e+08 0
4.67851e+08 0
4.67851e+08 0
4.67851e+08 0
4.67851e+08 0
4.67851e+08 0
4.67851e+08 0
4.67851e+08 0
4.67851e+08 0
4.67851e+08 0
4.67851e+08 0
4.67851e+08 0
4.67851e+08 0
4.67851e+08 0
4.67851e+08 0
