0 -2.67937e-06
0 2.83078e-06
0 2.6884e-06
1.05163e+08 1.26884e-05
1.2253e+08 2.26884e-05
1.31123e+08 3.26884e-05
1.37398e+08 4.26884e-05
1.42565e+08 5.26884e-05
1.46964e+08 6.26884e-05
1.50736e+08 7.26884e-05
1.54042e+08 8.26884e-05
1.56991e+08 9.26884e-05
1.59607e+08 0.000102688
1.61775e+08 0.000112688
1.63494e+08 0.000122688
1.6475e+08 0.000132688
1.65571e+08 0.000142688
1.66054e+08 0.000152688
1.66313e+08 0.000162688
1.66848e+08 0.000172688
1.67132e+08 0.000182688
1.67118e+08 0.000192688
1.66986e+08 0.000202688
1.66728e+08 0.000212688
1.66361e+08 0.000222688
1.65871e+08 0.000232688
1.65265e+08 0.000242688
1.64529e+08 0.000252688
1.63637e+08 0.000262688
1.62564e+08 0.000272688
1.6132e+08 0.000282688
1.59784e+08 0.000292688
1.57988e+08 0.000302688
1.55798e+08 0.000312688
1.53296e+08 0.000322688
1.50314e+08 0.000332688
1.47252e+08 0.000342688
1.44111e+08 0.000352688
1.4092e+08 0.000362688
1.37673e+08 0.000372688
1.34306e+08 0.000382688
1.30889e+08 0.000392688
1.27287e+08 0.000402688
1.23655e+08 0.000412688
1.20324e+08 0.000422688
1.17391e+08 0.000432688
1.1472e+08 0.000442688
1.12175e+08 0.000452688
1.10005e+08 0.000462688
1.07899e+08 0.000472688
1.06037e+08 0.000482688
1.04373e+08 0.000492688
1.02749e+08 0.000502688
1.01353e+08 0.000512688
1.00003e+08 0.000522688
9.88201e+07 0.000532688
9.76901e+07 0.000542688
9.65856e+07 0.000552688
9.5677e+07 0.000562688
9.46582e+07 0.000572688
9.38432e+07 0.000582688
9.29419e+07 0.000592688
9.21536e+07 0.000602688
1.28534e+08 0.000612688
1.28534e+08 0.000622688
1.28534e+08 0.000632688
1.28534e+08 0.000642688
1.28534e+08 0.000652688
1.28534e+08 0.000662688
1.28534e+08 0.000672688
1.28534e+08 0.000682688
1.28534e+08 0.000692688
1.28534e+08 0.000702688
1.28534e+08 0.000712688
1.28534e+08 0.000722688
1.28534e+08 0.000732688
1.28534e+08 0.000742688
1.28534e+08 0.000752688
1.28534e+08 0.000762688
1.28534e+08 0.000772688
1.28534e+08 0.000782688
1.28534e+08 0.000792688
1.28534e+08 0.000802688
1.28534e+08 0.000812688
1.28534e+08 0.000822688
1.28534e+08 0.000832688
1.28534e+08 0.000842688
1.28534e+08 0.000852688
1.28534e+08 0.000862688
1.28534e+08 0.000872688
1.28534e+08 0.000882688
1.28534e+08 0.000892688
1.28534e+08 0.000902688
1.28534e+08 0.000912688
1.28534e+08 0.000922688
1.28534e+08 0.000932688
1.28534e+08 0.000942688
1.28534e+08 0.000952688
1.28534e+08 0.000962688
1.28534e+08 0.000972688
1.28534e+08 0.000982688
1.28534e+08 0.000992688
1.28534e+08 0.00100269
