0 -1.5464e-06
0 -1.5028e-05
0 -48572.6
-15 -48572.6
-30 -48572.6
-45 -48572.6
-60 -48572.6
-75 -48572.6
-90 -48572.6
-105 -48572.6
-120 -48572.6
-135 -48572.6
-150 -48572.6
-165 -48572.6
-180 -48572.6
-195 -48572.6
-210 -48572.6
-225 -48572.6
-240 -48572.6
-255 -48572.6
-270 -48572.6
-285 -48572.6
-300.001 -48572.6
-315.001 -48572.6
-330.001 -48572.6
-345.001 -48572.6
-360.001 -48572.6
-375.001 -48572.6
-390.001 -48572.6
-405.001 -48572.6
-420.001 -48572.6
-435.001 -48572.6
-450.001 -48572.6
-465.001 -48572.6
-480.001 -48572.6
-495.001 -48572.6
-510.002 -48572.6
-525.002 -48572.6
-540.002 -48572.6
-555.002 -48572.6
-570.002 -48572.6
-585.002 -48572.6
-600.002 -48572.6
-615.002 -48572.6
-630.002 -48572.6
-645.003 -48572.6
-660.003 -48572.6
-675.003 -48572.6
-690.003 -48572.6
-705.003 -48572.6
-720.003 -48572.6
-735.003 -48572.6
-750.003 -48572.6
-765.004 -48572.6
-780.004 -48572.6
-795.004 -48572.6
-810.004 -48572.6
-825.004 -48572.6
-840.004 -48572.6
-855.004 -48572.6
-870.005 -48572.6
-885.005 -48572.6
-900.005 -48572.6
-915.005 -48572.6
-930.005 -48572.6
-945.005 -48572.6
-960.006 -48572.6
-975.006 -48572.6
-990.006 -48572.6
-1005.01 -48572.6
-1020.01 -48572.6
-1035.01 -48572.6
-1050.01 -48572.6
-1065.01 -48572.6
-1080.01 -48572.6
-1095.01 -48572.6
-1110.01 -48572.6
-1125.01 -48572.6
-1140.01 -48572.6
-1155.01 -48572.6
-1170.01 -48572.6
-1185.01 -48572.6
-1200.01 -48572.6
-1215.01 -48572.6
-1230.01 -48572.6
-1245.01 -48572.6
-1260.01 -48572.6
-1275.01 -48572.6
-1290.01 -48572.6
-1305.01 -48572.6
-1320.01 -48572.6
-1335.01 -48572.6
-1350.01 -48572.6
-1365.01 -48572.6
-1380.01 -48572.6
-1395.01 -48572.6
-1410.01 -48572.6
-1425.01 -48572.6
-1440.01 -48572.6
-1455.01 -48572.6
-1470.01 -48572.6
-1485.01 -48572.6
-1500.01 -48572.6
