0 -6.46365e-06
0 8.6259e-06
0 -241048
-15 -241048
-30 -241048
-45 -241048
-60 -241048
-75 -241048
-90 -241048
-105 -241048
-120 -241048
-135 -241048
-150 -241048
-165 -241048
-180 -241048
-195 -241048
-210 -241048
-225 -241048
-240 -241048
-255 -241048
-270 -241048
-285 -241048
-300 -241048
-315 -241048
-330 -241048
-345 -241048
-360 -241048
-375 -241048
-390 -241048
-405 -241048
-420 -241048
-435 -241048
-450 -241048
-465 -241048
-480 -241048
-495 -241048
-510 -241048
-525 -241048
-540 -241048
-555 -241048
-570 -241048
-585 -241048
-600.001 -241048
-615.001 -241048
-630.001 -241048
-645.001 -241048
-660.001 -241048
-675.001 -241048
-690.001 -241048
-705.001 -241048
-720.001 -241048
-735.001 -241048
-750.001 -241048
-765.001 -241048
-780.001 -241048
-795.001 -241048
-810.001 -241048
-825.001 -241048
-840.001 -241048
-855.001 -241048
-870.001 -241048
-885.001 -241048
-900.001 -241048
-915.001 -241048
-930.001 -241048
-945.001 -241048
-960.001 -241048
-975.001 -241048
-990.001 -241048
-1005 -241048
-1020 -241048
-1035 -241048
-1050 -241048
-1065 -241048
-1080 -241048
-1095 -241048
-1110 -241048
-1125 -241048
-1140 -241048
-1155 -241048
-1170 -241048
-1185 -241048
-1200 -241048
-1215 -241048
-1230 -241048
-1245 -241048
-1260 -241048
-1275 -241048
-1290 -241048
-1305 -241048
-1320 -241048
-1335 -241048
-1350 -241048
-1365 -241048
-1380 -241048
-1395 -241048
-1410 -241048
-1425 -241048
-1440 -241048
-1455 -241048
-1470 -241048
-1485 -241048
-1500 -241048
