0 -2.2101e-06
0 2.89704e-05
0 -680204
-15 -680204
-30 -680204
-45 -680204
-60 -680204
-75 -680204
-90 -680204
-105 -680204
-120 -680204
-135 -680204
-150 -680204
-165 -680204
-180 -680204
-195 -680204
-210 -680204
-225 -680204
-240 -680204
-255 -680204
-270 -680204
-285 -680204
-300 -680204
-315 -680204
-330 -680204
-345 -680204
-360 -680204
-375 -680204
-390 -680204
-405 -680204
-420 -680204
-435 -680204
-450 -680204
-465 -680204
-480 -680204
-495 -680204
-510 -680204
-525 -680204
-540 -680204
-555 -680204
-570 -680204
-585 -680204
-600 -680204
-615 -680204
-630 -680204
-645 -680204
-660 -680204
-675 -680204
-690 -680204
-705 -680204
-720 -680204
-735 -680204
-750 -680204
-765 -680204
-780 -680204
-795 -680204
-810 -680204
-825 -680204
-840 -680204
-855 -680204
-870 -680204
-885 -680204
-900 -680204
-915 -680204
-930 -680204
-945 -680204
-960 -680204
-975 -680204
-990 -680204
-1005 -680204
-1020 -680204
-1035 -680204
-1050 -680204
-1065 -680204
-1080 -680204
-1095 -680204
-1110 -680204
-1125 -680204
-1140 -680204
-1155 -680204
-1170 -680204
-1185 -680204
-1200 -680204
-1215 -680204
-1230 -680204
-1245 -680204
-1260 -680204
-1275 -680204
-1290 -680204
-1305 -680204
-1320 -680204
-1335 -680204
-1350 -680204
-1365 -680204
-1380 -680204
-1395 -680204
-1410 -680204
-1425 -680204
-1440 -680204
-1455 -680204
-1470 -680204
-1485 -680204
-1500 -680204
