0 -3.06676e-07
0 -9.8206e-05
0 -880412
-15 -880412
-30 -880412
-45 -880412
-60 -880412
-75 -880412
-90 -880412
-105 -880412
-120 -880412
-135 -880412
-150 -880412
-165 -880412
-180 -880412
-195 -880412
-210 -880412
-225 -880412
-240 -880412
-255 -880412
-270 -880412
-285 -880412
-300 -880412
-315 -880412
-330 -880412
-345 -880412
-360 -880412
-375 -880412
-390 -880412
-405 -880412
-420 -880412
-435 -880412
-450 -880412
-465 -880412
-480 -880412
-495 -880412
-510 -880412
-525 -880412
-540 -880412
-555 -880412
-570 -880412
-585 -880412
-600 -880412
-615 -880412
-630 -880412
-645 -880412
-660 -880412
-675 -880412
-690 -880412
-705 -880412
-720 -880412
-735 -880412
-750 -880412
-765 -880412
-780 -880412
-795 -880412
-810 -880412
-825 -880412
-840 -880412
-855 -880412
-870 -880412
-885 -880412
-900 -880412
-915 -880412
-930 -880412
-945 -880412
-960 -880412
-975 -880412
-990 -880412
-1005 -880412
-1020 -880412
-1035 -880412
-1050 -880412
-1065 -880412
-1080 -880412
-1095 -880412
-1110 -880412
-1125 -880412
-1140 -880412
-1155 -880412
-1170 -880412
-1185 -880412
-1200 -880412
-1215 -880412
-1230 -880412
-1245 -880412
-1260 -880412
-1275 -880412
-1290 -880412
-1305 -880412
-1320 -880412
-1335 -880412
-1350 -880412
-1365 -880412
-1380 -880412
-1395 -880412
-1410 -880412
-1425 -880412
-1440 -880412
-1455 -880412
-1470 -880412
-1485 -880412
-1500 -880412
