0 -2.25057e-07
0 9.00096e-05
0 -420437
-15 -420437
-30 -420437
-45 -420437
-60 -420437
-75 -420437
-90 -420437
-105 -420437
-120 -420437
-135 -420437
-150 -420437
-165 -420437
-180 -420437
-195 -420437
-210 -420437
-225 -420437
-240 -420437
-255 -420437
-270 -420437
-285 -420437
-300 -420437
-315 -420437
-330 -420437
-345 -420437
-360 -420437
-375 -420437
-390 -420437
-405 -420437
-420 -420437
-435 -420437
-450 -420437
-465 -420437
-480 -420437
-495 -420437
-510 -420437
-525 -420437
-540 -420437
-555 -420437
-570 -420437
-585 -420437
-600 -420437
-615 -420437
-630 -420437
-645 -420437
-660 -420437
-675 -420437
-690 -420437
-705 -420437
-720 -420437
-735 -420437
-750 -420437
-765 -420437
-780 -420437
-795 -420437
-810 -420437
-825.001 -420437
-840.001 -420437
-855.001 -420437
-870.001 -420437
-885.001 -420437
-900.001 -420437
-915.001 -420437
-930.001 -420437
-945.001 -420437
-960.001 -420437
-975.001 -420437
-990.001 -420437
-1005 -420437
-1020 -420437
-1035 -420437
-1050 -420437
-1065 -420437
-1080 -420437
-1095 -420437
-1110 -420437
-1125 -420437
-1140 -420437
-1155 -420437
-1170 -420437
-1185 -420437
-1200 -420437
-1215 -420437
-1230 -420437
-1245 -420437
-1260 -420437
-1275 -420437
-1290 -420437
-1305 -420437
-1320 -420437
-1335 -420437
-1350 -420437
-1365 -420437
-1380 -420437
-1395 -420437
-1410 -420437
-1425 -420437
-1440 -420437
-1455 -420437
-1470 -420437
-1485 -420437
-1500 -420437
