0 -4.63844e-06
0 -1.64681e-05
0 -506584
-15 -506584
-30 -506584
-45 -506584
-60 -506584
-75 -506584
-90 -506584
-105 -506584
-120 -506584
-135 -506584
-150 -506584
-165 -506584
-180 -506584
-195 -506584
-210 -506584
-225 -506584
-240 -506584
-255 -506584
-270 -506584
-285 -506584
-300 -506584
-315 -506584
-330 -506584
-345 -506584
-360 -506584
-375 -506584
-390 -506584
-405 -506584
-420 -506584
-435 -506584
-450 -506584
-465 -506584
-480 -506584
-495 -506584
-510 -506584
-525 -506584
-540 -506584
-555 -506584
-570 -506584
-585 -506584
-600 -506584
-615 -506584
-630 -506584
-645 -506584
-660 -506584
-675 -506584
-690 -506584
-705 -506584
-720 -506584
-735 -506584
-750 -506584
-765 -506584
-780 -506584
-795 -506584
-810 -506584
-825 -506584
-840 -506584
-855 -506584
-870.001 -506584
-885.001 -506584
-900.001 -506584
-915.001 -506584
-930.001 -506584
-945.001 -506584
-960.001 -506584
-975.001 -506584
-990.001 -506584
-1005 -506584
-1020 -506584
-1035 -506584
-1050 -506584
-1065 -506584
-1080 -506584
-1095 -506584
-1110 -506584
-1125 -506584
-1140 -506584
-1155 -506584
-1170 -506584
-1185 -506584
-1200 -506584
-1215 -506584
-1230 -506584
-1245 -506584
-1260 -506584
-1275 -506584
-1290 -506584
-1305 -506584
-1320 -506584
-1335 -506584
-1350 -506584
-1365 -506584
-1380 -506584
-1395 -506584
-1410 -506584
-1425 -506584
-1440 -506584
-1455 -506584
-1470 -506584
-1485 -506584
-1500 -506584
