0 -6.53135e-07
0 -0.00013824
0 -820432
-15 -820432
-30 -820432
-45 -820432
-60 -820432
-75 -820432
-90 -820432
-105 -820432
-120 -820432
-135 -820432
-150 -820432
-165 -820432
-180 -820432
-195 -820432
-210 -820432
-225 -820432
-240 -820432
-255 -820432
-270 -820432
-285 -820432
-300 -820432
-315 -820432
-330 -820432
-345 -820432
-360 -820432
-375 -820432
-390 -820432
-405 -820432
-420 -820432
-435 -820432
-450 -820432
-465 -820432
-480 -820432
-495 -820432
-510 -820432
-525 -820432
-540 -820432
-555 -820432
-570 -820432
-585 -820432
-600 -820432
-615 -820432
-630 -820432
-645 -820432
-660 -820432
-675 -820432
-690 -820432
-705 -820432
-720 -820432
-735 -820432
-750 -820432
-765 -820432
-780 -820432
-795 -820432
-810 -820432
-825 -820432
-840 -820432
-855 -820432
-870 -820432
-885 -820432
-900 -820432
-915 -820432
-930 -820432
-945 -820432
-960 -820432
-975 -820432
-990 -820432
-1005 -820432
-1020 -820432
-1035 -820432
-1050 -820432
-1065 -820432
-1080 -820432
-1095 -820432
-1110 -820432
-1125 -820432
-1140 -820432
-1155 -820432
-1170 -820432
-1185 -820432
-1200 -820432
-1215 -820432
-1230 -820432
-1245 -820432
-1260 -820432
-1275 -820432
-1290 -820432
-1305 -820432
-1320 -820432
-1335 -820432
-1350 -820432
-1365 -820432
-1380 -820432
-1395 -820432
-1410 -820432
-1425 -820432
-1440 -820432
-1455 -820432
-1470 -820432
-1485 -820432
-1500 -820432
