0 -6.79865e-08
0 1.22166e+08
0 1.22166e+08
-1.18179e+08 2.40346e+08
-1.43738e+08 2.65905e+08
-1.19355e+08 2.41522e+08
-6.84968e+07 1.90663e+08
1.33312e+07 1.08835e+08
2.71394e+08 -1.35888e+08
1.04307e+09 0
1.04307e+09 0
1.04307e+09 0
1.04307e+09 0
1.04307e+09 0
1.04307e+09 0
1.04307e+09 0
1.04307e+09 0
1.04307e+09 0
1.04307e+09 0
1.04307e+09 0
1.04307e+09 0
1.04307e+09 0
1.04307e+09 0
1.04307e+09 0
1.04307e+09 0
1.04307e+09 0
1.04307e+09 0
1.04307e+09 0
1.04307e+09 0
1.04307e+09 0
1.04307e+09 0
1.04307e+09 0
1.04307e+09 0
1.04307e+09 0
1.04307e+09 0
1.04307e+09 0
1.04307e+09 0
1.04307e+09 0
1.04307e+09 0
1.04307e+09 0
1.04307e+09 0
1.04307e+09 0
1.04307e+09 0
1.04307e+09 0
1.04307e+09 0
1.04307e+09 0
1.04307e+09 0
1.04307e+09 0
1.04307e+09 0
1.04307e+09 0
1.04307e+09 0
1.04307e+09 0
1.04307e+09 0
1.04307e+09 0
1.04307e+09 0
1.04307e+09 0
1.04307e+09 0
1.04307e+09 0
1.04307e+09 0
1.04307e+09 0
1.04307e+09 0
1.04307e+09 0
1.04307e+09 0
1.04307e+09 0
1.04307e+09 0
1.04307e+09 0
1.04307e+09 0
1.04307e+09 0
1.04307e+09 0
1.04307e+09 0
1.04307e+09 0
1.04307e+09 0
1.04307e+09 0
1.04307e+09 0
1.04307e+09 0
1.04307e+09 0
1.04307e+09 0
1.04307e+09 0
1.04307e+09 0
1.04307e+09 0
1.04307e+09 0
1.04307e+09 0
1.04307e+09 0
1.04307e+09 0
1.04307e+09 0
1.04307e+09 0
1.04307e+09 0
1.04307e+09 0
1.04307e+09 0
1.04307e+09 0
1.04307e+09 0
1.04307e+09 0
1.04307e+09 0
1.04307e+09 0
1.04307e+09 0
1.04307e+09 0
1.04307e+09 0
1.04307e+09 0
1.04307e+09 0
1.04307e+09 0
1.04307e+09 0
1.04307e+09 0
1.04307e+09 0
