0 -2.19153e-06
0 1.56017e-05
0 8.13593e-06
1.20678e+08 1.81359e-05
1.63739e+08 2.81359e-05
1.75643e+08 3.81359e-05
1.77706e+08 4.81359e-05
1.75527e+08 5.81359e-05
1.70593e+08 6.81359e-05
1.63135e+08 7.81359e-05
1.52862e+08 8.81359e-05
1.37757e+08 9.81359e-05
1.15135e+08 0.000108136
7.65447e+07 0.000118136
-7.86e+07 0.000128136
2.66349e+08 0.000138136
2.66349e+08 0.000148136
2.66349e+08 0.000158136
2.66349e+08 0.000168136
2.66349e+08 0.000178136
2.66349e+08 0.000188136
2.66349e+08 0.000198136
2.66349e+08 0.000208136
2.66349e+08 0.000218136
2.66349e+08 0.000228136
2.66349e+08 0.000238136
2.66349e+08 0.000248136
2.66349e+08 0.000258136
2.66349e+08 0.000268136
2.66349e+08 0.000278136
2.66349e+08 0.000288136
2.66349e+08 0.000298136
2.66349e+08 0.000308136
2.66349e+08 0.000318136
2.66349e+08 0.000328136
2.66349e+08 0.000338136
2.66349e+08 0.000348136
2.66349e+08 0.000358136
2.66349e+08 0.000368136
2.66349e+08 0.000378136
2.66349e+08 0.000388136
2.66349e+08 0.000398136
2.66349e+08 0.000408136
2.66349e+08 0.000418136
2.66349e+08 0.000428136
2.66349e+08 0.000438136
2.66349e+08 0.000448136
2.66349e+08 0.000458136
2.66349e+08 0.000468136
2.66349e+08 0.000478136
2.66349e+08 0.000488136
2.66349e+08 0.000498136
2.66349e+08 0.000508136
2.66349e+08 0.000518136
2.66349e+08 0.000528136
2.66349e+08 0.000538136
2.66349e+08 0.000548136
2.66349e+08 0.000558136
2.66349e+08 0.000568136
2.66349e+08 0.000578136
2.66349e+08 0.000588136
2.66349e+08 0.000598136
2.66349e+08 0.000608136
2.66349e+08 0.000618136
2.66349e+08 0.000628136
2.66349e+08 0.000638136
2.66349e+08 0.000648136
2.66349e+08 0.000658136
2.66349e+08 0.000668136
2.66349e+08 0.000678136
2.66349e+08 0.000688136
2.66349e+08 0.000698136
2.66349e+08 0.000708136
2.66349e+08 0.000718136
2.66349e+08 0.000728136
2.66349e+08 0.000738136
2.66349e+08 0.000748136
2.66349e+08 0.000758136
2.66349e+08 0.000768136
2.66349e+08 0.000778136
2.66349e+08 0.000788136
2.66349e+08 0.000798136
2.66349e+08 0.000808136
2.66349e+08 0.000818136
2.66349e+08 0.000828136
2.66349e+08 0.000838136
2.66349e+08 0.000848136
2.66349e+08 0.000858136
2.66349e+08 0.000868136
2.66349e+08 0.000878136
2.66349e+08 0.000888136
2.66349e+08 0.000898136
2.66349e+08 0.000908136
2.66349e+08 0.000918136
2.66349e+08 0.000928136
2.66349e+08 0.000938136
2.66349e+08 0.000948136
2.66349e+08 0.000958136
2.66349e+08 0.000968136
2.66349e+08 0.000978136
2.66349e+08 0.000988136
2.66349e+08 0.000998136
2.66349e+08 0.00100814
