0 -3.79539e-06
0 -1.32307e-05
0 -83480.8
-15 -83480.8
-30 -83480.8
-45 -83480.8
-60 -83480.8
-75 -83480.8
-90 -83480.8
-105 -83480.8
-120 -83480.8
-135 -83480.8
-150 -83480.8
-165 -83480.8
-180 -83480.8
-195 -83480.8
-210 -83480.8
-225 -83480.8
-240 -83480.8
-255 -83480.8
-270 -83480.8
-285 -83480.8
-300 -83480.8
-315 -83480.8
-330 -83480.8
-345 -83480.8
-360 -83480.8
-375 -83480.8
-390 -83480.8
-405 -83480.8
-420 -83480.8
-435 -83480.8
-450 -83480.8
-465 -83480.8
-480 -83480.8
-495 -83480.8
-510 -83480.8
-525 -83480.8
-540 -83480.8
-555 -83480.8
-570 -83480.8
-585 -83480.8
-600 -83480.8
-615 -83480.8
-630 -83480.8
-645 -83480.8
-660 -83480.8
-675 -83480.8
-690 -83480.8
-705 -83480.8
-720 -83480.8
-735 -83480.8
-750 -83480.8
-765 -83480.8
-780 -83480.8
-795 -83480.8
-810 -83480.8
-825 -83480.8
-840 -83480.8
-855 -83480.8
-870 -83480.8
-885 -83480.8
-900 -83480.8
-915 -83480.8
-930 -83480.8
-945 -83480.8
-960 -83480.8
-975 -83480.8
-990 -83480.8
-1005 -83480.8
-1020 -83480.8
-1035 -83480.8
-1050 -83480.8
-1065 -83480.8
-1080 -83480.8
-1095 -83480.8
-1110 -83480.8
-1125 -83480.8
-1140 -83480.8
-1155 -83480.8
-1170 -83480.8
-1185 -83480.8
-1200 -83480.8
-1215 -83480.8
-1230 -83480.8
-1245 -83480.8
-1260 -83480.8
-1275 -83480.8
-1290 -83480.8
-1305 -83480.8
-1320 -83480.8
-1335 -83480.8
-1350 -83480.8
-1365 -83480.8
-1380 -83480.8
-1395 -83480.8
-1410 -83480.8
-1425 -83480.8
-1440 -83480.8
-1455 -83480.8
-1470 -83480.8
-1485 -83480.8
-1500 -83480.8
