0 -4.62668e-06
0 -2.42878e-05
0 -54192.6
-15 -54192.6
-30 -54192.6
-45 -54192.6
-60 -54192.6
-75 -54192.6
-90.0001 -54192.6
-105 -54192.6
-120 -54192.6
-135 -54192.6
-150 -54192.6
-165 -54192.6
-180 -54192.6
-195 -54192.6
-210 -54192.6
-225 -54192.6
-240 -54192.6
-255 -54192.6
-270.001 -54192.6
-285.001 -54192.6
-300.001 -54192.6
-315.001 -54192.6
-330.001 -54192.6
-345.001 -54192.6
-360.001 -54192.6
-375.001 -54192.6
-390.001 -54192.6
-405.001 -54192.6
-420.001 -54192.6
-435.001 -54192.6
-450.001 -54192.6
-465.001 -54192.6
-480.002 -54192.6
-495.002 -54192.6
-510.002 -54192.6
-525.002 -54192.6
-540.002 -54192.6
-555.002 -54192.6
-570.002 -54192.6
-585.002 -54192.6
-600.002 -54192.6
-615.003 -54192.6
-630.003 -54192.6
-645.003 -54192.6
-660.003 -54192.6
-675.003 -54192.6
-690.003 -54192.6
-705.003 -54192.6
-720.004 -54192.6
-735.004 -54192.6
-750.004 -54192.6
-765.004 -54192.6
-780.004 -54192.6
-795.004 -54192.6
-810.005 -54192.6
-825.005 -54192.6
-840.005 -54192.6
-855.005 -54192.6
-870.005 -54192.6
-885.005 -54192.6
-900.006 -54192.6
-915.006 -54192.6
-930.006 -54192.6
-945.006 -54192.6
-960.006 -54192.6
-975.007 -54192.6
-990.007 -54192.6
-1005.01 -54192.6
-1020.01 -54192.6
-1035.01 -54192.6
-1050.01 -54192.6
-1065.01 -54192.6
-1080.01 -54192.6
-1095.01 -54192.6
-1110.01 -54192.6
-1125.01 -54192.6
-1140.01 -54192.6
-1155.01 -54192.6
-1170.01 -54192.6
-1185.01 -54192.6
-1200.01 -54192.6
-1215.01 -54192.6
-1230.01 -54192.6
-1245.01 -54192.6
-1260.01 -54192.6
-1275.01 -54192.6
-1290.01 -54192.6
-1305.01 -54192.6
-1320.01 -54192.6
-1335.01 -54192.6
-1350.01 -54192.6
-1365.01 -54192.6
-1380.01 -54192.6
-1395.01 -54192.6
-1410.01 -54192.6
-1425.01 -54192.6
-1440.01 -54192.6
-1455.01 -54192.6
-1470.01 -54192.6
-1485.02 -54192.6
-1500.02 -54192.6
