0 -3.23264e-07
0 1.1826e-05
0 -0.000199176
2.92864e+08 -0.000189176
2.92864e+08 -0.000179176
2.92864e+08 -0.000169176
2.92864e+08 -0.000159176
2.92864e+08 -0.000149176
2.92864e+08 -0.000139176
2.92864e+08 -0.000129176
2.92864e+08 -0.000119176
2.92864e+08 -0.000109176
2.92864e+08 -9.91763e-05
2.92864e+08 -8.91763e-05
2.92864e+08 -7.91763e-05
2.92864e+08 -6.91763e-05
2.92864e+08 -5.91763e-05
2.92864e+08 -4.91763e-05
2.92864e+08 -3.91763e-05
2.92864e+08 -2.91763e-05
2.92864e+08 -1.91763e-05
2.92864e+08 -9.17625e-06
2.92864e+08 8.23747e-07
2.92864e+08 1.08237e-05
2.92864e+08 2.08237e-05
2.92864e+08 3.08237e-05
2.92864e+08 4.08237e-05
2.92864e+08 5.08237e-05
2.92864e+08 6.08237e-05
2.92864e+08 7.08237e-05
2.92864e+08 8.08237e-05
2.92864e+08 9.08237e-05
2.92864e+08 0.000100824
2.92864e+08 0.000110824
2.92864e+08 0.000120824
2.92864e+08 0.000130824
2.92864e+08 0.000140824
2.92864e+08 0.000150824
2.92864e+08 0.000160824
2.92864e+08 0.000170824
2.92864e+08 0.000180824
2.92864e+08 0.000190824
2.92864e+08 0.000200824
2.92864e+08 0.000210824
2.92864e+08 0.000220824
2.92864e+08 0.000230824
2.92864e+08 0.000240824
2.92864e+08 0.000250824
2.92864e+08 0.000260824
2.92864e+08 0.000270824
2.92864e+08 0.000280824
2.92864e+08 0.000290824
2.92864e+08 0.000300824
2.92864e+08 0.000310824
2.92864e+08 0.000320824
2.92864e+08 0.000330824
2.92864e+08 0.000340824
2.92864e+08 0.000350824
2.92864e+08 0.000360824
2.92864e+08 0.000370824
2.92864e+08 0.000380824
2.92864e+08 0.000390824
2.92864e+08 0.000400824
2.92864e+08 0.000410824
2.92864e+08 0.000420824
2.92864e+08 0.000430824
2.92864e+08 0.000440824
2.92864e+08 0.000450824
2.92864e+08 0.000460824
2.92864e+08 0.000470824
2.92864e+08 0.000480824
2.92864e+08 0.000490824
2.92864e+08 0.000500824
2.92864e+08 0.000510824
2.92864e+08 0.000520824
2.92864e+08 0.000530824
2.92864e+08 0.000540824
2.92864e+08 0.000550824
2.92864e+08 0.000560824
2.92864e+08 0.000570824
2.92864e+08 0.000580824
2.92864e+08 0.000590824
2.92864e+08 0.000600824
2.92864e+08 0.000610824
2.92864e+08 0.000620824
2.92864e+08 0.000630824
2.92864e+08 0.000640824
2.92864e+08 0.000650824
2.92864e+08 0.000660824
2.92864e+08 0.000670824
2.92864e+08 0.000680824
2.92864e+08 0.000690824
2.92864e+08 0.000700824
2.92864e+08 0.000710824
2.92864e+08 0.000720824
2.92864e+08 0.000730824
2.92864e+08 0.000740824
2.92864e+08 0.000750824
2.92864e+08 0.000760824
2.92864e+08 0.000770824
2.92864e+08 0.000780824
2.92864e+08 0.000790824
2.92864e+08 0.000800824
