0 -4.10684e-06
0 -4.25318e-06
0 8.3819e-09
1.66183e+08 -1.66183e+08
2.81561e+08 -2.81561e+08
3.24937e+08 -3.24937e+08
3.42539e+08 -3.42539e+08
3.49503e+08 -3.49503e+08
3.50679e+08 -3.50679e+08
3.48816e+08 -3.48816e+08
3.44874e+08 -3.44874e+08
3.39492e+08 -3.39492e+08
3.31891e+08 -3.31891e+08
3.21584e+08 -3.21584e+08
3.084e+08 -3.084e+08
2.9051e+08 -2.9051e+08
2.63805e+08 -2.63805e+08
2.19933e+08 -2.19933e+08
1.41792e+08 -1.41792e+08
5.43098e+08 0
5.43098e+08 0
5.43098e+08 0
5.43098e+08 0
5.43098e+08 0
5.43098e+08 0
5.43098e+08 0
5.43098e+08 0
5.43098e+08 0
5.43098e+08 0
5.43098e+08 0
5.43098e+08 0
5.43098e+08 0
5.43098e+08 0
5.43098e+08 0
5.43098e+08 0
5.43098e+08 0
5.43098e+08 0
5.43098e+08 0
5.43098e+08 0
5.43098e+08 0
5.43098e+08 0
5.43098e+08 0
5.43098e+08 0
5.43098e+08 0
5.43098e+08 0
5.43098e+08 0
5.43098e+08 0
5.43098e+08 0
5.43098e+08 0
5.43098e+08 0
5.43098e+08 0
5.43098e+08 0
5.43098e+08 0
5.43098e+08 0
5.43098e+08 0
5.43098e+08 0
5.43098e+08 0
5.43098e+08 0
5.43098e+08 0
5.43098e+08 0
5.43098e+08 0
5.43098e+08 0
5.43098e+08 0
5.43098e+08 0
5.43098e+08 0
5.43098e+08 0
5.43098e+08 0
5.43098e+08 0
5.43098e+08 0
5.43098e+08 0
5.43098e+08 0
5.43098e+08 0
5.43098e+08 0
5.43098e+08 0
5.43098e+08 0
5.43098e+08 0
5.43098e+08 0
5.43098e+08 0
5.43098e+08 0
5.43098e+08 0
5.43098e+08 0
5.43098e+08 0
5.43098e+08 0
5.43098e+08 0
5.43098e+08 0
5.43098e+08 0
5.43098e+08 0
5.43098e+08 0
5.43098e+08 0
5.43098e+08 0
5.43098e+08 0
5.43098e+08 0
5.43098e+08 0
5.43098e+08 0
5.43098e+08 0
5.43098e+08 0
5.43098e+08 0
5.43098e+08 0
5.43098e+08 0
5.43098e+08 0
5.43098e+08 0
5.43098e+08 0
5.43098e+08 0
