0 -9.52277e-08
0 -8.5242e+07
0 -8.5242e+07
5.48373e+08 0
5.48373e+08 0
5.48373e+08 0
5.48373e+08 0
5.48373e+08 0
5.48373e+08 0
5.48373e+08 0
5.48373e+08 0
5.48373e+08 0
5.48373e+08 0
5.48373e+08 0
5.48373e+08 0
5.48373e+08 0
5.48373e+08 0
5.48373e+08 0
5.48373e+08 0
5.48373e+08 0
5.48373e+08 0
5.48373e+08 0
5.48373e+08 0
5.48373e+08 0
5.48373e+08 0
5.48373e+08 0
5.48373e+08 0
5.48373e+08 0
5.48373e+08 0
5.48373e+08 0
5.48373e+08 0
5.48373e+08 0
5.48373e+08 0
5.48373e+08 0
5.48373e+08 0
5.48373e+08 0
5.48373e+08 0
5.48373e+08 0
5.48373e+08 0
5.48373e+08 0
5.48373e+08 0
5.48373e+08 0
5.48373e+08 0
5.48373e+08 0
5.48373e+08 0
5.48373e+08 0
5.48373e+08 0
5.48373e+08 0
5.48373e+08 0
5.48373e+08 0
5.48373e+08 0
5.48373e+08 0
5.48373e+08 0
5.48373e+08 0
5.48373e+08 0
5.48373e+08 0
5.48373e+08 0
5.48373e+08 0
5.48373e+08 0
5.48373e+08 0
5.48373e+08 0
5.48373e+08 0
5.48373e+08 0
5.48373e+08 0
5.48373e+08 0
5.48373e+08 0
5.48373e+08 0
5.48373e+08 0
5.48373e+08 0
5.48373e+08 0
5.48373e+08 0
5.48373e+08 0
5.48373e+08 0
5.48373e+08 0
5.48373e+08 0
5.48373e+08 0
5.48373e+08 0
5.48373e+08 0
5.48373e+08 0
5.48373e+08 0
5.48373e+08 0
5.48373e+08 0
5.48373e+08 0
5.48373e+08 0
5.48373e+08 0
5.48373e+08 0
5.48373e+08 0
5.48373e+08 0
5.48373e+08 0
5.48373e+08 0
5.48373e+08 0
5.48373e+08 0
5.48373e+08 0
5.48373e+08 0
5.48373e+08 0
5.48373e+08 0
5.48373e+08 0
5.48373e+08 0
5.48373e+08 0
5.48373e+08 0
5.48373e+08 0
5.48373e+08 0
5.48373e+08 0
