0 1.72528e-06
0 8.7663e+07
0 8.7663e+07
-1.98048e+07 1.07468e+08
1.0038e+08 -6.81676e+06
1.30369e+09 0
1.30369e+09 0
1.30369e+09 0
1.30369e+09 0
1.30369e+09 0
1.30369e+09 0
1.30369e+09 0
1.30369e+09 0
1.30369e+09 0
1.30369e+09 0
1.30369e+09 0
1.30369e+09 0
1.30369e+09 0
1.30369e+09 0
1.30369e+09 0
1.30369e+09 0
1.30369e+09 0
1.30369e+09 0
1.30369e+09 0
1.30369e+09 0
1.30369e+09 0
1.30369e+09 0
1.30369e+09 0
1.30369e+09 0
1.30369e+09 0
1.30369e+09 0
1.30369e+09 0
1.30369e+09 0
1.30369e+09 0
1.30369e+09 0
1.30369e+09 0
1.30369e+09 0
1.30369e+09 0
1.30369e+09 0
1.30369e+09 0
1.30369e+09 0
1.30369e+09 0
1.30369e+09 0
1.30369e+09 0
1.30369e+09 0
1.30369e+09 0
1.30369e+09 0
1.30369e+09 0
1.30369e+09 0
1.30369e+09 0
1.30369e+09 0
1.30369e+09 0
1.30369e+09 0
1.30369e+09 0
1.30369e+09 0
1.30369e+09 0
1.30369e+09 0
1.30369e+09 0
1.30369e+09 0
1.30369e+09 0
1.30369e+09 0
1.30369e+09 0
1.30369e+09 0
1.30369e+09 0
1.30369e+09 0
1.30369e+09 0
1.30369e+09 0
1.30369e+09 0
1.30369e+09 0
1.30369e+09 0
1.30369e+09 0
1.30369e+09 0
1.30369e+09 0
1.30369e+09 0
1.30369e+09 0
1.30369e+09 0
1.30369e+09 0
1.30369e+09 0
1.30369e+09 0
1.30369e+09 0
1.30369e+09 0
1.30369e+09 0
1.30369e+09 0
1.30369e+09 0
1.30369e+09 0
1.30369e+09 0
1.30369e+09 0
1.30369e+09 0
1.30369e+09 0
1.30369e+09 0
1.30369e+09 0
1.30369e+09 0
1.30369e+09 0
1.30369e+09 0
1.30369e+09 0
1.30369e+09 0
1.30369e+09 0
1.30369e+09 0
1.30369e+09 0
1.30369e+09 0
1.30369e+09 0
1.30369e+09 0
1.30369e+09 0
