0 -6.97496e-07
0 6.24333e-05
0 -356256
-15 -356256
-30 -356256
-45 -356256
-60 -356256
-75 -356256
-90 -356256
-105 -356256
-120 -356256
-135 -356256
-150 -356256
-165 -356256
-180 -356256
-195 -356256
-210 -356256
-225 -356256
-240 -356256
-255 -356256
-270 -356256
-285 -356256
-300 -356256
-315 -356256
-330 -356256
-345 -356256
-360 -356256
-375 -356256
-390 -356256
-405 -356256
-420 -356256
-435 -356256
-450 -356256
-465 -356256
-480 -356256
-495 -356256
-510 -356256
-525 -356256
-540 -356256
-555 -356256
-570 -356256
-585 -356256
-600 -356256
-615 -356256
-630 -356256
-645 -356256
-660 -356256
-675 -356256
-690 -356256
-705 -356256
-720 -356256
-735 -356256
-750 -356256
-765 -356256
-780 -356256
-795.001 -356256
-810.001 -356256
-825.001 -356256
-840.001 -356256
-855.001 -356256
-870.001 -356256
-885.001 -356256
-900.001 -356256
-915.001 -356256
-930.001 -356256
-945.001 -356256
-960.001 -356256
-975.001 -356256
-990.001 -356256
-1005 -356256
-1020 -356256
-1035 -356256
-1050 -356256
-1065 -356256
-1080 -356256
-1095 -356256
-1110 -356256
-1125 -356256
-1140 -356256
-1155 -356256
-1170 -356256
-1185 -356256
-1200 -356256
-1215 -356256
-1230 -356256
-1245 -356256
-1260 -356256
-1275 -356256
-1290 -356256
-1305 -356256
-1320 -356256
-1335 -356256
-1350 -356256
-1365 -356256
-1380 -356256
-1395 -356256
-1410 -356256
-1425 -356256
-1440 -356256
-1455 -356256
-1470 -356256
-1485 -356256
-1500 -356256
