0 -1.25124e-06
0 -4.52346e-05
0 -951433
-15 -951433
-30 -951433
-45 -951433
-60 -951433
-75 -951433
-90 -951433
-105 -951433
-120 -951433
-135 -951433
-150 -951433
-165 -951433
-180 -951433
-195 -951433
-210 -951433
-225 -951433
-240 -951433
-255 -951433
-270 -951433
-285 -951433
-300 -951433
-315 -951433
-330 -951433
-345 -951433
-360 -951433
-375 -951433
-390 -951433
-405 -951433
-420 -951433
-435 -951433
-450 -951433
-465 -951433
-480 -951433
-495 -951433
-510 -951433
-525 -951433
-540 -951433
-555 -951433
-570 -951433
-585 -951433
-600 -951433
-615 -951433
-630 -951433
-645 -951433
-660 -951433
-675 -951433
-690 -951433
-705 -951433
-720 -951433
-735 -951433
-750 -951433
-765 -951433
-780 -951433
-795 -951433
-810 -951433
-825 -951433
-840 -951433
-855 -951433
-870 -951433
-885 -951433
-900 -951433
-915 -951433
-930 -951433
-945 -951433
-960 -951433
-975 -951433
-990 -951433
-1005 -951433
-1020 -951433
-1035 -951433
-1050 -951433
-1065 -951433
-1080 -951433
-1095 -951433
-1110 -951433
-1125 -951433
-1140 -951433
-1155 -951433
-1170 -951433
-1185 -951433
-1200 -951433
-1215 -951433
-1230 -951433
-1245 -951433
-1260 -951433
-1275 -951433
-1290 -951433
-1305 -951433
-1320 -951433
-1335 -951433
-1350 -951433
-1365 -951433
-1380 -951433
-1395 -951433
-1410 -951433
-1425 -951433
-1440 -951433
-1455 -951433
-1470 -951433
-1485 -951433
-1500 -951433
