0 0
0 -8.76166e-05
0 -774586
-15 -774586
-30 -774586
-45 -774586
-60 -774586
-75 -774586
-90 -774586
-105 -774586
-120 -774586
-135 -774586
-150 -774586
-165 -774586
-180 -774586
-195 -774586
-210 -774586
-225 -774586
-240 -774586
-255 -774586
-270 -774586
-285 -774586
-300 -774586
-315 -774586
-330 -774586
-345 -774586
-360 -774586
-375 -774586
-390 -774586
-405 -774586
-420 -774586
-435 -774586
-450 -774586
-465 -774586
-480 -774586
-495 -774586
-510 -774586
-525 -774586
-540 -774586
-555 -774586
-570 -774586
-585 -774586
-600 -774586
-615 -774586
-630 -774586
-645 -774586
-660 -774586
-675 -774586
-690 -774586
-705 -774586
-720 -774586
-735 -774586
-750 -774586
-765 -774586
-780 -774586
-795 -774586
-810 -774586
-825 -774586
-840 -774586
-855 -774586
-870 -774586
-885 -774586
-900 -774586
-915 -774586
-930 -774586
-945 -774586
-960 -774586
-975 -774586
-990 -774586
-1005 -774586
-1020 -774586
-1035 -774586
-1050 -774586
-1065 -774586
-1080 -774586
-1095 -774586
-1110 -774586
-1125 -774586
-1140 -774586
-1155 -774586
-1170 -774586
-1185 -774586
-1200 -774586
-1215 -774586
-1230 -774586
-1245 -774586
-1260 -774586
-1275 -774586
-1290 -774586
-1305 -774586
-1320 -774586
-1335 -774586
-1350 -774586
-1365 -774586
-1380 -774586
-1395 -774586
-1410 -774586
-1425 -774586
-1440 -774586
-1455 -774586
-1470 -774586
-1485 -774586
-1500 -774586
