0 -2.6474e-06
0 1.10447e-05
0 6.45519e-06
1.03463e+08 1.64552e-05
1.32556e+08 2.64552e-05
1.49057e+08 3.64552e-05
1.58221e+08 4.64552e-05
1.63719e+08 5.64552e-05
1.65722e+08 6.64552e-05
1.66514e+08 7.64552e-05
1.66115e+08 8.64552e-05
1.64819e+08 9.64552e-05
1.62686e+08 0.000106455
1.5976e+08 0.000116455
1.56037e+08 0.000126455
1.51489e+08 0.000136455
1.45972e+08 0.000146455
1.39275e+08 0.000156455
1.31125e+08 0.000166455
1.2097e+08 0.000176455
1.07407e+08 0.000186455
7.16767e+07 0.000196455
2.33169e+07 0.000206455
-2.81802e+07 0.000216455
-8.07199e+07 0.000226455
1.58188e+08 0.000236455
1.58188e+08 0.000246455
1.58188e+08 0.000256455
1.58188e+08 0.000266455
1.58188e+08 0.000276455
1.58188e+08 0.000286455
1.58188e+08 0.000296455
1.58188e+08 0.000306455
1.58188e+08 0.000316455
1.58188e+08 0.000326455
1.58188e+08 0.000336455
1.58188e+08 0.000346455
1.58188e+08 0.000356455
1.58188e+08 0.000366455
1.58188e+08 0.000376455
1.58188e+08 0.000386455
1.58188e+08 0.000396455
1.58188e+08 0.000406455
1.58188e+08 0.000416455
1.58188e+08 0.000426455
1.58188e+08 0.000436455
1.58188e+08 0.000446455
1.58188e+08 0.000456455
1.58188e+08 0.000466455
1.58188e+08 0.000476455
1.58188e+08 0.000486455
1.58188e+08 0.000496455
1.58188e+08 0.000506455
1.58188e+08 0.000516455
1.58188e+08 0.000526455
1.58188e+08 0.000536455
1.58188e+08 0.000546455
1.58188e+08 0.000556455
1.58188e+08 0.000566455
1.58188e+08 0.000576455
1.58188e+08 0.000586455
1.58188e+08 0.000596455
1.58188e+08 0.000606455
1.58188e+08 0.000616455
1.58188e+08 0.000626455
1.58188e+08 0.000636455
1.58188e+08 0.000646455
1.58188e+08 0.000656455
1.58188e+08 0.000666455
1.58188e+08 0.000676455
1.58188e+08 0.000686455
1.58188e+08 0.000696455
1.58188e+08 0.000706455
1.58188e+08 0.000716455
1.58188e+08 0.000726455
1.58188e+08 0.000736455
1.58188e+08 0.000746455
1.58188e+08 0.000756455
1.58188e+08 0.000766455
1.58188e+08 0.000776455
1.58188e+08 0.000786455
1.58188e+08 0.000796455
1.58188e+08 0.000806455
1.58188e+08 0.000816455
1.58188e+08 0.000826455
1.58188e+08 0.000836455
1.58188e+08 0.000846455
1.58188e+08 0.000856455
1.58188e+08 0.000866455
1.58188e+08 0.000876455
1.58188e+08 0.000886455
1.58188e+08 0.000896455
1.58188e+08 0.000906455
1.58188e+08 0.000916455
1.58188e+08 0.000926455
1.58188e+08 0.000936455
1.58188e+08 0.000946455
1.58188e+08 0.000956455
1.58188e+08 0.000966455
1.58188e+08 0.000976455
1.58188e+08 0.000986455
1.58188e+08 0.000996455
1.58188e+08 0.00100646
