0 7.26432e-08
0 -6.9098e+07
0 -6.9098e+07
1.48907e+08 -2.18005e+08
2.45527e+08 -3.14625e+08
2.78283e+08 -3.47381e+08
2.89242e+08 -3.5834e+08
2.89822e+08 -3.5892e+08
2.84969e+08 -3.54067e+08
2.75878e+08 -3.44976e+08
2.63638e+08 -3.32736e+08
2.4691e+08 -3.16008e+08
2.2346e+08 -2.92558e+08
1.8891e+08 -2.58008e+08
1.27416e+08 -1.96514e+08
3.68764e+06 -7.27856e+07
5.64517e+08 0
5.64517e+08 0
5.64517e+08 0
5.64517e+08 0
5.64517e+08 0
5.64517e+08 0
5.64517e+08 0
5.64517e+08 0
5.64517e+08 0
5.64517e+08 0
5.64517e+08 0
5.64517e+08 0
5.64517e+08 0
5.64517e+08 0
5.64517e+08 0
5.64517e+08 0
5.64517e+08 0
5.64517e+08 0
5.64517e+08 0
5.64517e+08 0
5.64517e+08 0
5.64517e+08 0
5.64517e+08 0
5.64517e+08 0
5.64517e+08 0
5.64517e+08 0
5.64517e+08 0
5.64517e+08 0
5.64517e+08 0
5.64517e+08 0
5.64517e+08 0
5.64517e+08 0
5.64517e+08 0
5.64517e+08 0
5.64517e+08 0
5.64517e+08 0
5.64517e+08 0
5.64517e+08 0
5.64517e+08 0
5.64517e+08 0
5.64517e+08 0
5.64517e+08 0
5.64517e+08 0
5.64517e+08 0
5.64517e+08 0
5.64517e+08 0
5.64517e+08 0
5.64517e+08 0
5.64517e+08 0
5.64517e+08 0
5.64517e+08 0
5.64517e+08 0
5.64517e+08 0
5.64517e+08 0
5.64517e+08 0
5.64517e+08 0
5.64517e+08 0
5.64517e+08 0
5.64517e+08 0
5.64517e+08 0
5.64517e+08 0
5.64517e+08 0
5.64517e+08 0
5.64517e+08 0
5.64517e+08 0
5.64517e+08 0
5.64517e+08 0
5.64517e+08 0
5.64517e+08 0
5.64517e+08 0
5.64517e+08 0
5.64517e+08 0
5.64517e+08 0
5.64517e+08 0
5.64517e+08 0
5.64517e+08 0
5.64517e+08 0
5.64517e+08 0
5.64517e+08 0
5.64517e+08 0
5.64517e+08 0
5.64517e+08 0
5.64517e+08 0
5.64517e+08 0
5.64517e+08 0
5.64517e+08 0
5.64517e+08 0
