0 6.0536e-08
0 -1.87912e+08
0 -1.62078e+08
-23.2975 -1.57935e+08
-6.77337 -1.37387e+08
384.223 0
929.949 0
1475.67 0
2021.4 0
2567.12 0
3112.84 0
3658.57 0
4204.29 0
4750.01 0
5295.73 0
5841.45 0
6387.17 0
6932.89 0
7478.61 0
8024.33 0
8570.04 0
9115.76 0
9661.48 0
10207.2 0
10752.9 0
11298.6 0
11844.3 0
12390.1 0
12935.8 0
13481.5 0
14027.2 0
14572.9 0
15118.6 0
15664.3 0
16210 0
16755.7 0
17301.4 0
17847.2 0
18392.9 0
18938.6 0
19484.3 0
20030 0
20575.7 0
21121.4 0
21667.1 0
22212.8 0
22758.5 0
23304.2 0
23849.9 0
24395.6 0
24941.3 0
25487 0
26032.7 0
26578.4 0
27124.1 0
27669.8 0
28215.5 0
28761.2 0
29306.9 0
29852.6 0
30398.3 0
30944 0
31489.7 0
32035.4 0
32581.1 0
33126.8 0
33672.4 0
34218.1 0
34763.8 0
35309.5 0
35855.2 0
36400.9 0
36946.6 0
37492.3 0
38038 0
38583.6 0
39129.3 0
39675 0
40220.7 0
40766.4 0
41312.1 0
41857.8 0
42403.4 0
42949.1 0
43494.8 0
44040.5 0
44586.2 0
45131.8 0
45677.5 0
46223.2 0
46768.9 0
47314.6 0
47860.2 0
48405.9 0
48951.6 0
49497.3 0
50042.9 0
50588.6 0
51134.3 0
51680 0
52225.6 0
52771.3 0
53317 0
