0 8.03848e-08
0 1.93249e-08
0 6.00703e-08
1.45158e+08 -1.45158e+08
1.74233e+08 -1.74233e+08
1.84038e+08 -1.84038e+08
1.90871e+08 -1.90871e+08
1.964e+08 -1.964e+08
2.01108e+08 -2.01108e+08
2.05123e+08 -2.05123e+08
2.08609e+08 -2.08609e+08
2.11703e+08 -2.11703e+08
2.1446e+08 -2.1446e+08
2.16788e+08 -2.16788e+08
2.18678e+08 -2.18678e+08
2.20064e+08 -2.20064e+08
2.21541e+08 -2.21803e+08
2.21947e+08 -2.21947e+08
2.22353e+08 -2.22353e+08
2.22645e+08 -2.22645e+08
2.22804e+08 -2.22804e+08
2.22829e+08 -2.22829e+08
2.22744e+08 -2.22744e+08
2.22529e+08 -2.22529e+08
2.22205e+08 -2.22205e+08
2.21762e+08 -2.21762e+08
2.21197e+08 -2.21197e+08
2.20511e+08 -2.20511e+08
2.19685e+08 -2.19685e+08
2.18681e+08 -2.18681e+08
2.17496e+08 -2.17496e+08
2.16074e+08 -2.16074e+08
2.14355e+08 -2.14355e+08
2.12314e+08 -2.12314e+08
2.09908e+08 -2.09908e+08
2.0706e+08 -2.0706e+08
2.03995e+08 -2.03995e+08
2.00801e+08 -2.00801e+08
1.97647e+08 -1.97647e+08
1.94317e+08 -1.94317e+08
1.91005e+08 -1.91005e+08
1.87508e+08 -1.87508e+08
1.83987e+08 -1.83987e+08
1.80324e+08 -1.80324e+08
1.76968e+08 -1.76968e+08
1.73843e+08 -1.73843e+08
1.71046e+08 -1.71046e+08
1.68472e+08 -1.68472e+08
1.66151e+08 -1.66151e+08
1.6401e+08 -1.6401e+08
1.62136e+08 -1.62136e+08
1.60342e+08 -1.60342e+08
1.58726e+08 -1.58726e+08
1.57267e+08 -1.57267e+08
1.55863e+08 -1.55863e+08
1.54657e+08 -1.54657e+08
1.53475e+08 -1.53475e+08
1.52369e+08 -1.52369e+08
1.51438e+08 -1.51438e+08
1.5045e+08 -1.5045e+08
1.49583e+08 -1.49583e+08
1.48745e+08 -1.48745e+08
1.47987e+08 -1.47987e+08
1.84181e+08 0
1.84181e+08 0
1.84181e+08 0
1.84181e+08 0
1.84181e+08 0
1.84181e+08 0
1.84181e+08 0
1.84181e+08 0
1.84181e+08 0
1.84181e+08 0
1.84181e+08 0
1.84181e+08 0
1.84181e+08 0
1.84181e+08 0
1.84181e+08 0
1.84181e+08 0
1.84181e+08 0
1.84181e+08 0
1.84181e+08 0
1.84181e+08 0
1.84181e+08 0
1.84181e+08 0
1.84181e+08 0
1.84181e+08 0
1.84181e+08 0
1.84181e+08 0
1.84181e+08 0
1.84181e+08 0
1.84181e+08 0
1.84181e+08 0
1.84181e+08 0
1.84181e+08 0
1.84181e+08 0
1.84181e+08 0
1.84181e+08 0
1.84181e+08 0
1.84181e+08 0
1.84181e+08 0
1.84181e+08 0
1.84181e+08 0
