0 -1.09665e-06
0 -2.38731e-05
0 -372282
-15 -372282
-30 -372282
-45 -372282
-60 -372282
-75 -372282
-90 -372282
-105 -372282
-120 -372282
-135 -372282
-150 -372282
-165 -372282
-180 -372282
-195 -372282
-210 -372282
-225 -372282
-240 -372282
-255 -372282
-270 -372282
-285 -372282
-300 -372282
-315 -372282
-330 -372282
-345 -372282
-360 -372282
-375 -372282
-390 -372282
-405 -372282
-420 -372282
-435 -372282
-450 -372282
-465 -372282
-480 -372282
-495 -372282
-510 -372282
-525 -372282
-540 -372282
-555 -372282
-570 -372282
-585 -372282
-600 -372282
-615 -372282
-630 -372282
-645 -372282
-660 -372282
-675 -372282
-690 -372282
-705 -372282
-720 -372282
-735 -372282
-750 -372282
-765 -372282
-780 -372282
-795 -372282
-810 -372282
-825 -372282
-840 -372282
-855 -372282
-870 -372282
-885 -372282
-900 -372282
-915 -372282
-930 -372282
-945.001 -372282
-960.001 -372282
-975.001 -372282
-990.001 -372282
-1005 -372282
-1020 -372282
-1035 -372282
-1050 -372282
-1065 -372282
-1080 -372282
-1095 -372282
-1110 -372282
-1125 -372282
-1140 -372282
-1155 -372282
-1170 -372282
-1185 -372282
-1200 -372282
-1215 -372282
-1230 -372282
-1245 -372282
-1260 -372282
-1275 -372282
-1290 -372282
-1305 -372282
-1320 -372282
-1335 -372282
-1350 -372282
-1365 -372282
-1380 -372282
-1395 -372282
-1410 -372282
-1425 -372282
-1440 -372282
-1455 -372282
-1470 -372282
-1485 -372282
-1500 -372282
