0 2.2131e-07
0 2.2131e-07
0 -2.2307e-21
-9.09254e+07 -1e-05
-1.12739e+08 -2e-05
-1.28563e+08 -3e-05
-1.40922e+08 -4e-05
-1.47426e+08 -5e-05
-1.52707e+08 -6e-05
-1.56937e+08 -7e-05
-1.60378e+08 -8e-05
-1.63231e+08 -9e-05
-1.65597e+08 -0.0001
-1.67581e+08 -0.00011
-1.69268e+08 -0.00012
-1.70678e+08 -0.00013
-1.71866e+08 -0.00014
-1.72893e+08 -0.00015
-1.73758e+08 -0.00016
-1.74488e+08 -0.00017
-1.75129e+08 -0.00018
-1.75684e+08 -0.00019
-1.76156e+08 -0.0002
-1.76561e+08 -0.00021
-1.76896e+08 -0.00022
-1.77186e+08 -0.00023
-1.60342e+08 -0.00024
-1.607e+08 -0.00025
-1.61026e+08 -0.00026
-1.61297e+08 -0.00027
-1.61504e+08 -0.00028
-1.61669e+08 -0.00029
-1.618e+08 -0.0003
-1.6191e+08 -0.00031
-1.62005e+08 -0.00032
-1.62087e+08 -0.00033
-1.62154e+08 -0.00034
-1.62208e+08 -0.00035
-1.6225e+08 -0.00036
-1.62277e+08 -0.00037
-1.62293e+08 -0.00038
-1.62301e+08 -0.00039
-6.27235e+07 -0.0004
-6.27978e+07 -0.00041
-6.28715e+07 -0.00042
-6.29463e+07 -0.00043
-6.30216e+07 -0.00044
-6.30796e+07 -0.00045
-6.31337e+07 -0.00046
-6.31856e+07 -0.00047
-6.32356e+07 -0.00048
-6.32841e+07 -0.00049
-6.3331e+07 -0.0005
-6.33715e+07 -0.00051
-6.34058e+07 -0.00052
-6.34348e+07 -0.00053
-6.34622e+07 -0.00054
-6.34783e+07 -0.00055
-6.34819e+07 -0.00056
-6.34795e+07 -0.00057
-6.34761e+07 -0.00058
-6.34733e+07 -0.00059
-6.34684e+07 -0.0006
-6.3463e+07 -0.00061
-6.34575e+07 -0.00062
-6.34521e+07 -0.00063
-6.34416e+07 -0.00064
-6.34271e+07 -0.00065
-6.34114e+07 -0.00066
-6.33948e+07 -0.00067
-6.3378e+07 -0.00068
-6.33613e+07 -0.00069
-6.33449e+07 -0.0007
-6.33286e+07 -0.00071
-6.33126e+07 -0.00072
-6.32967e+07 -0.00073
-6.32787e+07 -0.00074
-6.32599e+07 -0.00075
-6.32407e+07 -0.00076
-6.32211e+07 -0.00077
-6.32013e+07 -0.00078
-6.31813e+07 -0.00079
-6.31615e+07 -0.0008
-6.31419e+07 -0.00081
-6.31225e+07 -0.00082
-6.31014e+07 -0.00083
-6.30785e+07 -0.00084
-6.30546e+07 -0.00085
-6.30296e+07 -0.00086
-6.30041e+07 -0.00087
-6.29786e+07 -0.00088
-6.29533e+07 -0.00089
-6.29281e+07 -0.0009
-6.2903e+07 -0.00091
-6.2878e+07 -0.00092
-6.28531e+07 -0.00093
-6.28283e+07 -0.00094
-6.28037e+07 -0.00095
-6.27791e+07 -0.00096
-6.27546e+07 -0.00097
-6.27301e+07 -0.00098
-6.27052e+07 -0.00099
-4.79545e-09 -0.001
