0 -6.17556e-06
0 -2.30096e-05
0 -45048.9
-15 -45048.9
-30 -45048.9
-45 -45048.9
-60 -45048.9
-75 -45048.9
-90.0001 -45048.9
-105 -45048.9
-120 -45048.9
-135 -45048.9
-150 -45048.9
-165 -45048.9
-180 -45048.9
-195 -45048.9
-210 -45048.9
-225 -45048.9
-240 -45048.9
-255 -45048.9
-270.001 -45048.9
-285.001 -45048.9
-300.001 -45048.9
-315.001 -45048.9
-330.001 -45048.9
-345.001 -45048.9
-360.001 -45048.9
-375.001 -45048.9
-390.001 -45048.9
-405.001 -45048.9
-420.001 -45048.9
-435.001 -45048.9
-450.001 -45048.9
-465.001 -45048.9
-480.002 -45048.9
-495.002 -45048.9
-510.002 -45048.9
-525.002 -45048.9
-540.002 -45048.9
-555.002 -45048.9
-570.002 -45048.9
-585.002 -45048.9
-600.002 -45048.9
-615.003 -45048.9
-630.003 -45048.9
-645.003 -45048.9
-660.003 -45048.9
-675.003 -45048.9
-690.003 -45048.9
-705.003 -45048.9
-720.004 -45048.9
-735.004 -45048.9
-750.004 -45048.9
-765.004 -45048.9
-780.004 -45048.9
-795.004 -45048.9
-810.005 -45048.9
-825.005 -45048.9
-840.005 -45048.9
-855.005 -45048.9
-870.005 -45048.9
-885.005 -45048.9
-900.006 -45048.9
-915.006 -45048.9
-930.006 -45048.9
-945.006 -45048.9
-960.006 -45048.9
-975.007 -45048.9
-990.007 -45048.9
-1005.01 -45048.9
-1020.01 -45048.9
-1035.01 -45048.9
-1050.01 -45048.9
-1065.01 -45048.9
-1080.01 -45048.9
-1095.01 -45048.9
-1110.01 -45048.9
-1125.01 -45048.9
-1140.01 -45048.9
-1155.01 -45048.9
-1170.01 -45048.9
-1185.01 -45048.9
-1200.01 -45048.9
-1215.01 -45048.9
-1230.01 -45048.9
-1245.01 -45048.9
-1260.01 -45048.9
-1275.01 -45048.9
-1290.01 -45048.9
-1305.01 -45048.9
-1320.01 -45048.9
-1335.01 -45048.9
-1350.01 -45048.9
-1365.01 -45048.9
-1380.01 -45048.9
-1395.01 -45048.9
-1410.01 -45048.9
-1425.01 -45048.9
-1440.01 -45048.9
-1455.01 -45048.9
-1470.01 -45048.9
-1485.02 -45048.9
-1500.02 -45048.9
