0 -1.5464e-06
0 5.35736e-06
0 4.14754e-06
3.75155e+07 1.41475e-05
4.41164e+07 2.41475e-05
5.00118e+07 3.41475e-05
5.63267e+07 4.41475e-05
6.15428e+07 5.41475e-05
6.61517e+07 6.41475e-05
7.031e+07 7.41475e-05
7.39291e+07 8.41475e-05
7.66791e+07 9.41475e-05
7.843e+07 0.000104148
8.02019e+07 0.000114148
8.17272e+07 0.000124148
8.28094e+07 0.000134148
8.37212e+07 0.000144148
8.45381e+07 0.000154148
8.52606e+07 0.000164148
8.58899e+07 0.000174148
8.64433e+07 0.000184148
8.69338e+07 0.000194148
8.73765e+07 0.000204148
8.77729e+07 0.000214148
8.81245e+07 0.000224148
8.84336e+07 0.000234148
8.87064e+07 0.000244148
7.21739e+07 0.000254148
7.27536e+07 0.000264148
7.32432e+07 0.000274148
7.36213e+07 0.000284148
7.39216e+07 0.000294148
7.41661e+07 0.000304148
7.43718e+07 0.000314148
7.45388e+07 0.000324148
7.46776e+07 0.000334148
7.47987e+07 0.000344148
7.49025e+07 0.000354148
7.49899e+07 0.000364148
7.50611e+07 0.000374148
7.51149e+07 0.000384148
7.51507e+07 0.000394148
7.51702e+07 0.000404148
7.51742e+07 0.000414148
7.51693e+07 0.000424148
7.5151e+07 0.000434148
7.5099e+07 0.000444148
7.50196e+07 0.000454148
7.49165e+07 0.000464148
7.47689e+07 0.000474148
7.45846e+07 0.000484148
7.43672e+07 0.000494148
7.40792e+07 0.000504148
7.37097e+07 0.000514148
7.31353e+07 0.000524148
7.23754e+07 0.000534148
7.13614e+07 0.000544148
6.99359e+07 0.000554148
6.83434e+07 0.000564148
6.67947e+07 0.000574148
6.53027e+07 0.000584148
6.40864e+07 0.000594148
6.27219e+07 0.000604148
6.15443e+07 0.000614148
6.04922e+07 0.000624148
5.94545e+07 0.000634148
5.83826e+07 0.000644148
5.75474e+07 0.000654148
5.67386e+07 0.000664148
5.59166e+07 0.000674148
5.51113e+07 0.000684148
5.44276e+07 0.000694148
5.38248e+07 0.000704148
5.32742e+07 0.000714148
-2.59681e+07 0.000724148
-2.6734e+07 0.000734148
-2.73672e+07 0.000744148
-2.79249e+07 0.000754148
-2.85549e+07 0.000764148
-2.92369e+07 0.000774148
-2.98707e+07 0.000784148
-3.04827e+07 0.000794148
-3.09013e+07 0.000804148
-3.13441e+07 0.000814148
-3.17927e+07 0.000824148
-3.24533e+07 0.000834148
-3.30097e+07 0.000844148
-3.33946e+07 0.000854148
-3.36893e+07 0.000864148
-3.40494e+07 0.000874148
-3.44274e+07 0.000884148
-3.49144e+07 0.000894148
-3.53501e+07 0.000904148
-3.58063e+07 0.000914148
-3.60743e+07 0.000924148
-3.62994e+07 0.000934148
-3.65513e+07 0.000944148
-3.68155e+07 0.000954148
-3.71798e+07 0.000964148
-3.7644e+07 0.000974148
-3.80279e+07 0.000984148
-3.82284e+07 0.000994148
-3.83883e+07 0.00100415
