0 -3.67872e-08
0 1.96128e+08
0 1.96128e+08
-3.97117e+07 2.3584e+08
-5.86216e+07 2.5475e+08
-7.2622e+07 2.6875e+08
-8.03382e+07 2.76467e+08
-8.59399e+07 2.82068e+08
-8.95879e+07 2.85716e+08
-9.19734e+07 2.88102e+08
-9.3486e+07 2.89614e+08
-9.43378e+07 2.90466e+08
-9.46702e+07 2.90799e+08
-9.45424e+07 2.90671e+08
-9.40107e+07 2.90139e+08
-9.30895e+07 2.89218e+08
-9.17978e+07 2.87926e+08
-9.01281e+07 2.86257e+08
-8.80485e+07 2.84177e+08
-8.54951e+07 2.81624e+08
-8.23288e+07 2.78457e+08
-7.83618e+07 2.7449e+08
-7.32614e+07 2.6939e+08
-6.6215e+07 2.62343e+08
-5.57258e+07 2.51854e+08
-4.29104e+07 2.39039e+08
-2.79021e+07 2.24031e+08
-1.02423e+07 2.06371e+08
9.90633e+06 1.86222e+08
2.84737e+07 1.67655e+08
4.48197e+07 1.51309e+08
5.96987e+07 1.3643e+08
7.30999e+07 1.23029e+08
8.57015e+07 1.10427e+08
9.70634e+07 9.9065e+07
1.08284e+08 8.78441e+07
1.18346e+08 7.77824e+07
1.29107e+08 6.70212e+07
1.39381e+08 5.67475e+07
1.50187e+08 4.59415e+07
1.61719e+08 3.44091e+07
1.73941e+08 2.21876e+07
1.85953e+08 1.01759e+07
1.99004e+08 -2.87521e+06
2.10908e+08 -1.47799e+07
2.22325e+08 -2.61964e+07
2.332e+08 -3.70716e+07
2.43859e+08 -4.77301e+07
2.54419e+08 -5.82905e+07
2.6284e+08 -6.67114e+07
2.72258e+08 -7.61295e+07
2.80651e+08 -8.45221e+07
3.26258e+08 -1.30129e+08
3.40816e+08 -1.44688e+08
3.8031e+08 0
3.8031e+08 0
3.8031e+08 0
3.8031e+08 0
3.8031e+08 0
3.8031e+08 0
3.8031e+08 0
3.8031e+08 0
3.8031e+08 0
3.8031e+08 0
3.8031e+08 0
3.8031e+08 0
3.8031e+08 0
3.8031e+08 0
3.8031e+08 0
3.8031e+08 0
3.8031e+08 0
3.8031e+08 0
3.8031e+08 0
3.8031e+08 0
3.8031e+08 0
3.8031e+08 0
3.8031e+08 0
3.8031e+08 0
3.8031e+08 0
3.8031e+08 0
3.8031e+08 0
3.8031e+08 0
3.8031e+08 0
3.8031e+08 0
3.8031e+08 0
3.8031e+08 0
3.8031e+08 0
3.8031e+08 0
3.8031e+08 0
3.8031e+08 0
3.8031e+08 0
3.8031e+08 0
3.8031e+08 0
3.8031e+08 0
3.8031e+08 0
3.8031e+08 0
3.8031e+08 0
3.8031e+08 0
3.8031e+08 0
3.8031e+08 0
3.8031e+08 0
3.8031e+08 0
3.8031e+08 0
