0 -5.29805e-06
0 1.82095e-05
0 8.65862e-06
-3.29198 1.86586e-05
-12.2643 2.86586e-05
-27.2552 3.86586e-05
-49.1055 4.86586e-05
-78.4928 5.86586e-05
-116.056 6.86586e-05
-162.437 7.86586e-05
-217.56 8.86586e-05
-283.225 9.86586e-05
-349.68 0.000108659
-657.31 0.000118659
-990.254 0.000128659
-1323.2 0.000138659
-1656.14 0.000148659
-1989.09 0.000158659
-2322.03 0.000168659
-2654.98 0.000178659
-2987.92 0.000188659
-3320.87 0.000198659
-3653.81 0.000208659
-3986.75 0.000218659
-4319.7 0.000228659
-4652.64 0.000238659
-4985.59 0.000248659
-5318.54 0.000258659
-5651.48 0.000268659
-5984.43 0.000278659
-6317.37 0.000288659
-6650.32 0.000298659
-6983.26 0.000308659
-7316.21 0.000318659
-7649.16 0.000328659
-7982.1 0.000338659
-8315.05 0.000348659
-8647.99 0.000358659
-8980.94 0.000368659
-9313.89 0.000378659
-9646.83 0.000388659
-9979.78 0.000398659
-10312.7 0.000408659
-10645.7 0.000418659
-10978.6 0.000428659
-11311.6 0.000438659
-11644.5 0.000448659
-11977.5 0.000458659
-12310.4 0.000468659
-12643.4 0.000478659
-12976.3 0.000488659
-13309.3 0.000498659
-13642.2 0.000508659
-13975.1 0.000518659
-14308.1 0.000528659
-14641 0.000538659
-14974 0.000548659
-15306.9 0.000558659
-15639.9 0.000568659
-15972.8 0.000578659
-16305.8 0.000588659
-16638.7 0.000598659
-16971.7 0.000608659
-17304.6 0.000618659
-17637.6 0.000628659
-17970.5 0.000638659
-18303.5 0.000648659
-18636.4 0.000658659
-18969.4 0.000668659
-19302.3 0.000678659
-19635.3 0.000688659
-19968.2 0.000698659
-20301.2 0.000708659
-20634.1 0.000718659
-20967.1 0.000728659
-21300 0.000738659
-21633 0.000748659
-21965.9 0.000758659
-22298.9 0.000768659
-22631.8 0.000778659
-22964.8 0.000788659
-23297.7 0.000798659
-23630.7 0.000808659
-23963.6 0.000818659
-24296.6 0.000828659
-24629.5 0.000838659
-24962.5 0.000848659
-25295.4 0.000858659
-25628.4 0.000868659
-25961.3 0.000878659
-26294.3 0.000888659
-26627.2 0.000898659
-26960.2 0.000908659
-27293.1 0.000918659
-27626.1 0.000928659
-27959.1 0.000938659
-28292 0.000948659
-28625 0.000958659
-28957.9 0.000968659
-29290.9 0.000978659
-29623.8 0.000988659
-29956.8 0.000998659
-30289.7 0.00100866
