0 -3.79539e-06
0 -3.82581e-05
0 -0.000372521
6.13499e+06 -0.000382521
1.29176e+07 -0.000392521
1.97168e+07 -0.000402521
2.6471e+07 -0.000412521
3.32028e+07 -0.000422521
3.94733e+07 -0.000432521
4.51656e+07 -0.000442521
5.07534e+07 -0.000452521
5.61805e+07 -0.000462521
6.0792e+07 -0.000472521
6.54267e+07 -0.000482521
6.99825e+07 -0.000492521
7.37432e+07 -0.000502521
7.78406e+07 -0.000512521
1.49763e+08 -0.000522521
1.46836e+08 -0.000532521
1.45293e+08 -0.000542521
1.45072e+08 -0.000552521
1.46936e+08 -0.000562521
1.49422e+08 -0.000572521
1.52066e+08 -0.000582521
1.54351e+08 -0.000592521
1.56572e+08 -0.000602521
1.58918e+08 -0.000612521
1.60749e+08 -0.000622521
1.62732e+08 -0.000632521
1.64543e+08 -0.000642521
1.66353e+08 -0.000652521
1.67893e+08 -0.000662521
1.6951e+08 -0.000672521
1.70954e+08 -0.000682521
1.72558e+08 -0.000692521
1.7389e+08 -0.000702521
1.7516e+08 -0.000712521
1.76727e+08 -0.000722521
1.77926e+08 -0.000732521
1.78926e+08 -0.000742521
1.80038e+08 -0.000752521
1.81302e+08 -0.000762521
1.82403e+08 -0.000772521
1.83366e+08 -0.000782521
1.84094e+08 -0.000792521
1.8501e+08 -0.000802521
1.8633e+08 -0.000812521
1.87058e+08 -0.000822521
1.87673e+08 -0.000832521
1.88402e+08 -0.000842521
1.89202e+08 -0.000852521
1.90096e+08 -0.000862521
1.90976e+08 -0.000872521
1.91458e+08 -0.000882521
1.92003e+08 -0.000892521
1.92521e+08 -0.000902521
1.93243e+08 -0.000912521
1.93979e+08 -0.000922521
1.94741e+08 -0.000932521
1.95152e+08 -0.000942521
1.9551e+08 -0.000952521
1.95876e+08 -0.000962521
1.96413e+08 -0.000972521
1.9717e+08 -0.000982521
1.97651e+08 -0.000992521
1.98099e+08 -0.00100252
1.98488e+08 -0.00101252
1.98807e+08 -0.00102252
1.99199e+08 -0.00103252
1.99587e+08 -0.00104252
2.00013e+08 -0.00105252
2.00435e+08 -0.00106252
2.00883e+08 -0.00107252
2.01327e+08 -0.00108252
2.01627e+08 -0.00109252
2.01808e+08 -0.00110252
2.02036e+08 -0.00111252
2.02406e+08 -0.00112252
2.02859e+08 -0.00113252
2.03166e+08 -0.00114252
2.03497e+08 -0.00115252
2.03738e+08 -0.00116252
2.03995e+08 -0.00117252
2.0431e+08 -0.00118252
2.04508e+08 -0.00119252
2.04722e+08 -0.00120252
2.05082e+08 -0.00121252
2.05374e+08 -0.00122252
2.05586e+08 -0.00123252
2.05821e+08 -0.00124252
2.06021e+08 -0.00125252
2.06187e+08 -0.00126252
2.06369e+08 -0.00127252
2.06608e+08 -0.00128252
2.06988e+08 -0.00129252
2.07247e+08 -0.00130252
2.0743e+08 -0.00131252
2.07566e+08 -0.00132252
2.0771e+08 -0.00133252
2.07872e+08 -0.00134252
2.08041e+08 -0.00135252
2.08216e+08 -0.00136252
2.08411e+08 -0.00137252
