0 0
0 -9.40125e-05
0 -388085
-15 -388085
-30 -388085
-45 -388085
-60 -388085
-75 -388085
-90 -388085
-105 -388085
-120 -388085
-135 -388085
-150 -388085
-165 -388085
-180 -388085
-195 -388085
-210 -388085
-225 -388085
-240 -388085
-255 -388085
-270 -388085
-285 -388085
-300 -388085
-315 -388085
-330 -388085
-345 -388085
-360 -388085
-375 -388085
-390 -388085
-405 -388085
-420 -388085
-435 -388085
-450 -388085
-465 -388085
-480 -388085
-495 -388085
-510 -388085
-525 -388085
-540 -388085
-555 -388085
-570 -388085
-585 -388085
-600 -388085
-615 -388085
-630 -388085
-645 -388085
-660 -388085
-675 -388085
-690 -388085
-705 -388085
-720 -388085
-735 -388085
-750 -388085
-765 -388085
-780 -388085
-795 -388085
-810 -388085
-825 -388085
-840.001 -388085
-855.001 -388085
-870.001 -388085
-885.001 -388085
-900.001 -388085
-915.001 -388085
-930.001 -388085
-945.001 -388085
-960.001 -388085
-975.001 -388085
-990.001 -388085
-1005 -388085
-1020 -388085
-1035 -388085
-1050 -388085
-1065 -388085
-1080 -388085
-1095 -388085
-1110 -388085
-1125 -388085
-1140 -388085
-1155 -388085
-1170 -388085
-1185 -388085
-1200 -388085
-1215 -388085
-1230 -388085
-1245 -388085
-1260 -388085
-1275 -388085
-1290 -388085
-1305 -388085
-1320 -388085
-1335 -388085
-1350 -388085
-1365 -388085
-1380 -388085
-1395 -388085
-1410 -388085
-1425 -388085
-1440 -388085
-1455 -388085
-1470 -388085
-1485 -388085
-1500 -388085
