0 -9.2937e-07
0 4.81569e-05
0 -390189
-15 -390189
-30 -390189
-45 -390189
-60 -390189
-75 -390189
-90 -390189
-105 -390189
-120 -390189
-135 -390189
-150 -390189
-165 -390189
-180 -390189
-195 -390189
-210 -390189
-225 -390189
-240 -390189
-255 -390189
-270 -390189
-285 -390189
-300 -390189
-315 -390189
-330 -390189
-345 -390189
-360 -390189
-375 -390189
-390 -390189
-405 -390189
-420 -390189
-435 -390189
-450 -390189
-465 -390189
-480 -390189
-495 -390189
-510 -390189
-525 -390189
-540 -390189
-555 -390189
-570 -390189
-585 -390189
-600 -390189
-615 -390189
-630 -390189
-645 -390189
-660 -390189
-675 -390189
-690 -390189
-705 -390189
-720 -390189
-735 -390189
-750 -390189
-765 -390189
-780 -390189
-795 -390189
-810 -390189
-825 -390189
-840.001 -390189
-855.001 -390189
-870.001 -390189
-885.001 -390189
-900.001 -390189
-915.001 -390189
-930.001 -390189
-945.001 -390189
-960.001 -390189
-975.001 -390189
-990.001 -390189
-1005 -390189
-1020 -390189
-1035 -390189
-1050 -390189
-1065 -390189
-1080 -390189
-1095 -390189
-1110 -390189
-1125 -390189
-1140 -390189
-1155 -390189
-1170 -390189
-1185 -390189
-1200 -390189
-1215 -390189
-1230 -390189
-1245 -390189
-1260 -390189
-1275 -390189
-1290 -390189
-1305 -390189
-1320 -390189
-1335 -390189
-1350 -390189
-1365 -390189
-1380 -390189
-1395 -390189
-1410 -390189
-1425 -390189
-1440 -390189
-1455 -390189
-1470 -390189
-1485 -390189
-1500 -390189
