0 5.30854e-08
0 -1.63835e+08
0 -1.63835e+08
-1.40706e+08 -2.3129e+07
5.60296e+08 0
5.60296e+08 0
5.60296e+08 0
5.60296e+08 0
5.60296e+08 0
5.60296e+08 0
5.60296e+08 0
5.60296e+08 0
5.60296e+08 0
5.60296e+08 0
5.60296e+08 0
5.60296e+08 0
5.60296e+08 0
5.60296e+08 0
5.60296e+08 0
5.60296e+08 0
5.60296e+08 0
5.60296e+08 0
5.60296e+08 0
5.60296e+08 0
5.60296e+08 0
5.60296e+08 0
5.60296e+08 0
5.60296e+08 0
5.60296e+08 0
5.60296e+08 0
5.60296e+08 0
5.60296e+08 0
5.60296e+08 0
5.60296e+08 0
5.60296e+08 0
5.60296e+08 0
5.60296e+08 0
5.60296e+08 0
5.60296e+08 0
5.60296e+08 0
5.60296e+08 0
5.60296e+08 0
5.60296e+08 0
5.60296e+08 0
5.60296e+08 0
5.60296e+08 0
5.60296e+08 0
5.60296e+08 0
5.60296e+08 0
5.60296e+08 0
5.60296e+08 0
5.60296e+08 0
5.60296e+08 0
5.60296e+08 0
5.60296e+08 0
5.60296e+08 0
5.60296e+08 0
5.60296e+08 0
5.60296e+08 0
5.60296e+08 0
5.60296e+08 0
5.60296e+08 0
5.60296e+08 0
5.60296e+08 0
5.60296e+08 0
5.60296e+08 0
5.60296e+08 0
5.60296e+08 0
5.60296e+08 0
5.60296e+08 0
5.60296e+08 0
5.60296e+08 0
5.60296e+08 0
5.60296e+08 0
5.60296e+08 0
5.60296e+08 0
5.60296e+08 0
5.60296e+08 0
5.60296e+08 0
5.60296e+08 0
5.60296e+08 0
5.60296e+08 0
5.60296e+08 0
5.60296e+08 0
5.60296e+08 0
5.60296e+08 0
5.60296e+08 0
5.60296e+08 0
5.60296e+08 0
5.60296e+08 0
5.60296e+08 0
5.60296e+08 0
5.60296e+08 0
5.60296e+08 0
5.60296e+08 0
5.60296e+08 0
5.60296e+08 0
5.60296e+08 0
5.60296e+08 0
5.60296e+08 0
5.60296e+08 0
5.60296e+08 0
5.60296e+08 0
