0 0
0 7.78742e-05
0 -477166
-15 -477166
-30 -477166
-45 -477166
-60 -477166
-75 -477166
-90 -477166
-105 -477166
-120 -477166
-135 -477166
-150 -477166
-165 -477166
-180 -477166
-195 -477166
-210 -477166
-225 -477166
-240 -477166
-255 -477166
-270 -477166
-285 -477166
-300 -477166
-315 -477166
-330 -477166
-345 -477166
-360 -477166
-375 -477166
-390 -477166
-405 -477166
-420 -477166
-435 -477166
-450 -477166
-465 -477166
-480 -477166
-495 -477166
-510 -477166
-525 -477166
-540 -477166
-555 -477166
-570 -477166
-585 -477166
-600 -477166
-615 -477166
-630 -477166
-645 -477166
-660 -477166
-675 -477166
-690 -477166
-705 -477166
-720 -477166
-735 -477166
-750 -477166
-765 -477166
-780 -477166
-795 -477166
-810 -477166
-825 -477166
-840 -477166
-855 -477166
-870 -477166
-885.001 -477166
-900.001 -477166
-915.001 -477166
-930.001 -477166
-945.001 -477166
-960.001 -477166
-975.001 -477166
-990.001 -477166
-1005 -477166
-1020 -477166
-1035 -477166
-1050 -477166
-1065 -477166
-1080 -477166
-1095 -477166
-1110 -477166
-1125 -477166
-1140 -477166
-1155 -477166
-1170 -477166
-1185 -477166
-1200 -477166
-1215 -477166
-1230 -477166
-1245 -477166
-1260 -477166
-1275 -477166
-1290 -477166
-1305 -477166
-1320 -477166
-1335 -477166
-1350 -477166
-1365 -477166
-1380 -477166
-1395 -477166
-1410 -477166
-1425 -477166
-1440 -477166
-1455 -477166
-1470 -477166
-1485 -477166
-1500 -477166
