0 -6.53135e-07
0 -5.64268e-06
0 -3.56194e-06
-1.46199e+08 -1.35619e-05
-1.97069e+08 -2.35619e-05
-2.23565e+08 -3.35619e-05
-2.42476e+08 -4.35619e-05
-2.56451e+08 -5.35619e-05
-2.64717e+08 -6.35619e-05
-2.69224e+08 -7.35619e-05
-2.71667e+08 -8.35619e-05
-2.72362e+08 -9.35619e-05
-2.71919e+08 -0.000103562
-2.70506e+08 -0.000113562
-2.68173e+08 -0.000123562
-2.6491e+08 -0.000133562
-2.60669e+08 -0.000143562
-2.55198e+08 -0.000153562
-2.48122e+08 -0.000163562
-2.38672e+08 -0.000173562
-2.25314e+08 -0.000183562
-2.06573e+08 -0.000193562
-1.85333e+08 -0.000203562
-1.61631e+08 -0.000213562
-1.34828e+08 -0.000223562
-1.02789e+08 -0.000233562
-7.19653e+07 -0.000243562
-4.34951e+07 -0.000253562
-1.58709e+07 -0.000263562
1.29307e+07 -0.000273562
4.35695e+07 -0.000283562
7.78499e+07 -0.000293562
1.1249e+08 -0.000303562
1.44291e+08 -0.000313562
1.73791e+08 -0.000323562
2.01162e+08 -0.000333562
2.27356e+08 -0.000343562
2.45615e+08 -0.000353562
3.22085e+08 -0.000363562
3.22085e+08 -0.000373562
3.22085e+08 -0.000383562
3.22085e+08 -0.000393562
3.22085e+08 -0.000403562
3.22085e+08 -0.000413562
3.22085e+08 -0.000423562
3.22085e+08 -0.000433562
3.22085e+08 -0.000443562
3.22085e+08 -0.000453562
3.22085e+08 -0.000463562
3.22085e+08 -0.000473562
3.22085e+08 -0.000483562
3.22085e+08 -0.000493562
3.22085e+08 -0.000503562
3.22085e+08 -0.000513562
3.22085e+08 -0.000523562
3.22085e+08 -0.000533562
3.22085e+08 -0.000543562
3.22085e+08 -0.000553562
3.22085e+08 -0.000563562
3.22085e+08 -0.000573562
3.22085e+08 -0.000583562
3.22085e+08 -0.000593562
3.22085e+08 -0.000603562
3.22085e+08 -0.000613562
3.22085e+08 -0.000623562
3.22085e+08 -0.000633562
3.22085e+08 -0.000643562
3.22085e+08 -0.000653562
3.22085e+08 -0.000663562
3.22085e+08 -0.000673562
3.22085e+08 -0.000683562
3.22085e+08 -0.000693562
3.22085e+08 -0.000703562
3.22085e+08 -0.000713562
3.22085e+08 -0.000723562
3.22085e+08 -0.000733562
3.22085e+08 -0.000743562
3.22085e+08 -0.000753562
3.22085e+08 -0.000763562
3.22085e+08 -0.000773562
3.22085e+08 -0.000783562
3.22085e+08 -0.000793562
3.22085e+08 -0.000803562
3.22085e+08 -0.000813562
3.22085e+08 -0.000823562
3.22085e+08 -0.000833562
3.22085e+08 -0.000843562
3.22085e+08 -0.000853562
3.22085e+08 -0.000863562
3.22085e+08 -0.000873562
3.22085e+08 -0.000883562
3.22085e+08 -0.000893562
3.22085e+08 -0.000903562
3.22085e+08 -0.000913562
3.22085e+08 -0.000923562
3.22085e+08 -0.000933562
3.22085e+08 -0.000943562
3.22085e+08 -0.000953562
3.22085e+08 -0.000963562
3.22085e+08 -0.000973562
3.22085e+08 -0.000983562
3.22085e+08 -0.000993562
3.22085e+08 -0.00100356
