0 -4.37722e-08
0 -1.83692e+08
0 29360.2
-15 28891.6
-30 29417.9
-44.9999 28633.9
-59.9999 28600
-74.9998 28570.5
-89.9997 28543
-105 28516.9
-120 28491.7
-134.999 28467.3
-149.999 28443.6
-164.999 28420.3
-179.999 28397.3
-194.999 28374.5
-209.999 28351.9
-224.999 28329.5
-239.999 28307.1
-254.999 28284.8
-269.999 28262.7
-284.999 28240.5
-299.998 28218.5
-314.998 28196.4
-329.998 28174.4
-344.998 28152.5
-359.998 28130.6
-374.998 28108.6
-389.998 28086.8
-404.997 28064.9
-419.997 28043.1
-434.997 28021.2
-449.997 27999.4
-464.997 27977.6
-479.997 27955.8
-494.997 27934
-509.996 27912.2
-524.996 27890.4
-539.996 27868.6
-554.996 27846.8
-569.996 27825.1
-584.996 27803.3
-599.995 27781.5
-614.995 27759.8
-629.995 27738
-644.995 27716.2
-659.995 27694.5
-674.994 27672.7
-689.994 27650.9
-704.994 27629.2
-719.994 27607.4
-734.994 27585.7
-749.993 27563.9
-764.993 27542.1
-779.993 27520.4
-794.993 27498.6
-809.993 27476.8
-824.992 27455.1
-839.992 27433.3
-854.992 27411.5
-869.992 27389.7
-884.991 27368
-899.991 27346.2
-914.991 27324.4
-929.991 27302.6
-944.991 27280.8
-959.99 27259
-974.99 27237.2
-989.99 27215.4
-1004.99 27193.6
-1019.99 27171.8
-1034.99 27150
-1049.99 27128.1
-1064.99 27106.3
-1079.99 27084.5
-1094.99 27062.7
-1109.99 27040.8
-1124.99 27019
-1139.99 26997.1
-1154.99 26975.3
-1169.99 26953.5
-1184.99 26931.6
-1199.99 26909.7
-1214.99 26887.9
-1229.99 26866
-1244.98 26844.1
-1259.98 26822.3
-1274.98 26800.4
-1289.98 26778.5
-1304.98 26756.6
-1319.98 26734.7
-1334.98 26712.8
-1349.98 26690.9
-1364.98 26669
-1379.98 26647.1
-1394.98 26625.2
-1409.98 26603.3
-1424.98 26581.3
-1439.98 26559.4
-1454.98 26537.5
-1469.98 26515.5
-1484.98 26493.6
-1499.98 26471.6
