0 -2.32278e-06
0 3.37671e-05
0 143673
-15 143673
-30 143673
-45 143673
-60 143673
-75 143673
-90 143673
-105 143673
-120 143673
-135 143673
-150 143673
-165 143673
-180 143673
-195 143673
-210 143673
-225 143673
-240 143673
-255 143673
-270 143673
-285 143673
-300 143673
-315 143673
-330 143673
-345 143673
-360 143673
-375 143673
-390 143673
-405 143673
-420 143673
-435 143673
-450 143673
-465 143673
-480 143673
-495 143673
-509.999 143673
-524.999 143673
-539.999 143673
-554.999 143673
-569.999 143673
-584.999 143673
-599.999 143673
-614.999 143673
-629.999 143673
-644.999 143673
-659.999 143673
-674.999 143673
-689.999 143673
-704.999 143673
-719.999 143673
-734.999 143673
-749.999 143673
-764.999 143673
-779.999 143673
-794.999 143673
-809.999 143673
-824.999 143673
-839.999 143673
-854.999 143673
-869.999 143673
-884.998 143673
-899.998 143673
-914.998 143673
-929.998 143673
-944.998 143673
-959.998 143673
-974.998 143673
-989.998 143673
-1005 143673
-1020 143673
-1035 143673
-1050 143673
-1065 143673
-1080 143673
-1095 143673
-1110 143673
-1125 143673
-1140 143673
-1155 143673
-1170 143673
-1185 143673
-1200 143673
-1215 143673
-1230 143673
-1245 143673
-1260 143673
-1275 143673
-1290 143673
-1305 143673
-1320 143673
-1335 143673
-1350 143673
-1365 143673
-1380 143673
-1395 143673
-1410 143673
-1425 143673
-1440 143673
-1455 143673
-1470 143673
-1485 143673
-1500 143673
