0 -1.60735e-06
0 -3.81975e-05
0 7.5602e-05
-36.0352 6.56021e-05
-83.5964 5.56021e-05
-131.158 4.56021e-05
-178.719 3.56021e-05
-226.28 2.56021e-05
-273.841 1.56021e-05
-321.402 5.60208e-06
-368.963 -4.39793e-06
-416.525 -1.43979e-05
-464.086 -2.43979e-05
-511.647 -3.43979e-05
-559.208 -4.43979e-05
-606.769 -5.43979e-05
-654.33 -6.43979e-05
-701.892 -7.43979e-05
-749.453 -8.4398e-05
-797.014 -9.43979e-05
-844.575 -0.000104398
-892.136 -0.000114398
-939.698 -0.000124398
-987.259 -0.000134398
-1034.82 -0.000144398
-1082.38 -0.000154398
-1129.94 -0.000164398
-1177.5 -0.000174398
-1225.06 -0.000184398
-1272.63 -0.000194398
-1320.19 -0.000204398
-1367.75 -0.000214398
-1415.31 -0.000224398
-1462.87 -0.000234398
-1510.43 -0.000244398
-1557.99 -0.000254398
-1605.55 -0.000264398
-1653.12 -0.000274398
-1700.68 -0.000284398
-1748.24 -0.000294398
-1795.8 -0.000304398
-1843.36 -0.000314398
-1890.92 -0.000324398
-1938.48 -0.000334398
-1986.04 -0.000344398
-2033.61 -0.000354398
-2081.17 -0.000364398
-2128.73 -0.000374398
-2176.29 -0.000384398
-2223.85 -0.000394398
-2271.41 -0.000404398
-2318.97 -0.000414398
-2366.53 -0.000424398
-2414.1 -0.000434398
-2461.66 -0.000444398
-2509.22 -0.000454398
-2556.78 -0.000464398
-2604.34 -0.000474398
-2651.9 -0.000484398
-2699.46 -0.000494398
-2747.02 -0.000504398
-2794.59 -0.000514398
-2842.15 -0.000524398
-2889.71 -0.000534398
-2937.27 -0.000544398
-2984.83 -0.000554398
-3032.39 -0.000564398
-3079.95 -0.000574398
-3127.51 -0.000584398
-3175.08 -0.000594398
-3222.64 -0.000604398
-3270.2 -0.000614398
-3317.76 -0.000624398
-3365.32 -0.000634398
-3412.88 -0.000644398
-3460.44 -0.000654398
-3508.01 -0.000664398
-3555.57 -0.000674398
-3603.13 -0.000684398
-3650.69 -0.000694398
-3698.25 -0.000704398
-3745.81 -0.000714398
-3793.37 -0.000724398
-3840.93 -0.000734398
-3888.5 -0.000744398
-3936.06 -0.000754398
-3983.62 -0.000764398
-4031.18 -0.000774398
-4078.74 -0.000784398
-4126.3 -0.000794398
-4173.86 -0.000804398
-4221.43 -0.000814398
-4268.99 -0.000824398
-4316.55 -0.000834398
-4364.11 -0.000844398
-4411.67 -0.000854398
-4459.23 -0.000864398
-4506.79 -0.000874398
-4554.35 -0.000884398
-4601.92 -0.000894398
-4649.48 -0.000904398
-4697.04 -0.000914398
-4744.6 -0.000924398
