0 -5.66444e-07
0 -5.77344e-06
0 -1.26762e-05
-1.6274e+07 -2.26762e-05
-2.64751e+07 -3.26762e-05
-3.40903e+07 -4.26762e-05
-3.89326e+07 -5.26762e-05
-4.28292e+07 -6.26762e-05
-4.5993e+07 -7.26762e-05
-4.86038e+07 -8.26762e-05
-5.07716e+07 -9.26762e-05
-5.25874e+07 -0.000102676
-5.41187e+07 -0.000112676
-5.54192e+07 -0.000122676
-5.65158e+07 -0.000132676
-5.74452e+07 -0.000142676
-5.82428e+07 -0.000152676
-5.8922e+07 -0.000162676
-5.9506e+07 -0.000172676
-6.00149e+07 -0.000182676
-6.04521e+07 -0.000192676
-6.08314e+07 -0.000202676
-6.11648e+07 -0.000212676
-4.33754e+07 -0.000222676
-4.36187e+07 -0.000232676
-4.38312e+07 -0.000242676
-4.4019e+07 -0.000252676
-4.41866e+07 -0.000262676
-4.43379e+07 -0.000272676
-4.44719e+07 -0.000282676
-4.45891e+07 -0.000292676
-4.46916e+07 -0.000302676
-4.47815e+07 -0.000312676
-4.48602e+07 -0.000322676
-4.49289e+07 -0.000332676
-4.49885e+07 -0.000342676
-4.50398e+07 -0.000352676
-4.50836e+07 -0.000362676
-4.51206e+07 -0.000372676
-2.0105e+07 -0.000382676
-2.0105e+07 -0.000392676
-2.0105e+07 -0.000402676
-2.0105e+07 -0.000412676
-2.0105e+07 -0.000422676
-2.0105e+07 -0.000432676
-2.0105e+07 -0.000442676
-2.0105e+07 -0.000452676
-2.0105e+07 -0.000462676
-2.0105e+07 -0.000472676
-2.0105e+07 -0.000482676
-2.0105e+07 -0.000492676
-2.0105e+07 -0.000502676
-2.0105e+07 -0.000512676
-2.0105e+07 -0.000522676
-2.0105e+07 -0.000532676
-2.0105e+07 -0.000542676
-2.0105e+07 -0.000552676
-2.0105e+07 -0.000562676
-2.0105e+07 -0.000572676
-2.0105e+07 -0.000582676
-2.0105e+07 -0.000592676
-2.0105e+07 -0.000602676
-2.0105e+07 -0.000612676
-2.0105e+07 -0.000622676
-2.0105e+07 -0.000632676
-2.0105e+07 -0.000642676
-2.0105e+07 -0.000652676
-2.0105e+07 -0.000662676
-2.0105e+07 -0.000672676
-2.0105e+07 -0.000682676
-2.0105e+07 -0.000692676
-2.0105e+07 -0.000702676
-2.0105e+07 -0.000712676
-2.0105e+07 -0.000722676
-2.0105e+07 -0.000732676
-2.0105e+07 -0.000742676
-2.0105e+07 -0.000752676
-2.0105e+07 -0.000762676
-2.0105e+07 -0.000772676
-2.0105e+07 -0.000782676
-2.0105e+07 -0.000792676
-2.0105e+07 -0.000802676
-2.0105e+07 -0.000812676
-2.0105e+07 -0.000822676
-2.0105e+07 -0.000832676
-2.0105e+07 -0.000842676
-2.0105e+07 -0.000852676
-2.0105e+07 -0.000862676
-2.0105e+07 -0.000872676
-2.0105e+07 -0.000882676
-2.0105e+07 -0.000892676
-2.0105e+07 -0.000902676
-2.0105e+07 -0.000912676
-2.0105e+07 -0.000922676
-2.0105e+07 -0.000932676
-2.0105e+07 -0.000942676
-2.0105e+07 -0.000952676
-2.0105e+07 -0.000962676
-2.0105e+07 -0.000972676
-2.0105e+07 -0.000982676
-2.0105e+07 -0.000992676
-2.0105e+07 -0.00100268
-2.0105e+07 -0.00101268
