0 -1.46933e-06
0 3.49182e-05
0 -124599
-15 -124599
-30 -124599
-45 -124599
-60 -124599
-75 -124599
-90 -124599
-105 -124599
-120 -124599
-135 -124599
-150 -124599
-165 -124599
-180 -124599
-195 -124599
-210 -124599
-225 -124599
-240 -124599
-255 -124599
-270 -124599
-285 -124599
-300 -124599
-315 -124599
-330 -124599
-345 -124599
-360 -124599
-375 -124599
-390 -124599
-405 -124599
-420 -124599
-435 -124599
-450 -124599
-465 -124599
-480 -124599
-495 -124599
-510 -124599
-525 -124599
-540 -124599
-555.001 -124599
-570.001 -124599
-585.001 -124599
-600.001 -124599
-615.001 -124599
-630.001 -124599
-645.001 -124599
-660.001 -124599
-675.001 -124599
-690.001 -124599
-705.001 -124599
-720.001 -124599
-735.001 -124599
-750.001 -124599
-765.001 -124599
-780.001 -124599
-795.001 -124599
-810.001 -124599
-825.001 -124599
-840.001 -124599
-855.001 -124599
-870.001 -124599
-885.001 -124599
-900.001 -124599
-915.001 -124599
-930.001 -124599
-945.001 -124599
-960.001 -124599
-975.002 -124599
-990.002 -124599
-1005 -124599
-1020 -124599
-1035 -124599
-1050 -124599
-1065 -124599
-1080 -124599
-1095 -124599
-1110 -124599
-1125 -124599
-1140 -124599
-1155 -124599
-1170 -124599
-1185 -124599
-1200 -124599
-1215 -124599
-1230 -124599
-1245 -124599
-1260 -124599
-1275 -124599
-1290 -124599
-1305 -124599
-1320 -124599
-1335 -124599
-1350 -124599
-1365 -124599
-1380 -124599
-1395 -124599
-1410 -124599
-1425 -124599
-1440 -124599
-1455 -124599
-1470 -124599
-1485 -124599
-1500 -124599
