0 -3.5597e-06
0 -2.85711e-05
0 -439658
-15 -439658
-30 -439658
-45 -439658
-60 -439658
-75 -439658
-90 -439658
-105 -439658
-120 -439658
-135 -439658
-150 -439658
-165 -439658
-180 -439658
-195 -439658
-210 -439658
-225 -439658
-240 -439658
-255 -439658
-270 -439658
-285 -439658
-300 -439658
-315 -439658
-330 -439658
-345 -439658
-360 -439658
-375 -439658
-390 -439658
-405 -439658
-420 -439658
-435 -439658
-450 -439658
-465 -439658
-480 -439658
-495 -439658
-510 -439658
-525 -439658
-540 -439658
-555 -439658
-570 -439658
-585 -439658
-600 -439658
-615 -439658
-630 -439658
-645 -439658
-660 -439658
-675 -439658
-690 -439658
-705 -439658
-720 -439658
-735 -439658
-750 -439658
-765 -439658
-780 -439658
-795 -439658
-810.001 -439658
-825.001 -439658
-840.001 -439658
-855.001 -439658
-870.001 -439658
-885.001 -439658
-900.001 -439658
-915.001 -439658
-930.001 -439658
-945.001 -439658
-960.001 -439658
-975.001 -439658
-990.001 -439658
-1005 -439658
-1020 -439658
-1035 -439658
-1050 -439658
-1065 -439658
-1080 -439658
-1095 -439658
-1110 -439658
-1125 -439658
-1140 -439658
-1155 -439658
-1170 -439658
-1185 -439658
-1200 -439658
-1215 -439658
-1230 -439658
-1245 -439658
-1260 -439658
-1275 -439658
-1290 -439658
-1305 -439658
-1320 -439658
-1335 -439658
-1350 -439658
-1365 -439658
-1380 -439658
-1395 -439658
-1410 -439658
-1425 -439658
-1440 -439658
-1455 -439658
-1470 -439658
-1485 -439658
-1500 -439658
