0 -6.64724e-07
0 1.09119e-05
0 -604267
-15 -604267
-30 -604267
-45 -604267
-60 -604267
-75 -604267
-90 -604267
-105 -604267
-120 -604267
-135 -604267
-150 -604267
-165 -604267
-180 -604267
-195 -604267
-210 -604267
-225 -604267
-240 -604267
-255 -604267
-270 -604267
-285 -604267
-300 -604267
-315 -604267
-330 -604267
-345 -604267
-360 -604267
-375 -604267
-390 -604267
-405 -604267
-420 -604267
-435 -604267
-450 -604267
-465 -604267
-480 -604267
-495 -604267
-510 -604267
-525 -604267
-540 -604267
-555 -604267
-570 -604267
-585 -604267
-600 -604267
-615 -604267
-630 -604267
-645 -604267
-660 -604267
-675 -604267
-690 -604267
-705 -604267
-720 -604267
-735 -604267
-750 -604267
-765 -604267
-780 -604267
-795 -604267
-810 -604267
-825 -604267
-840 -604267
-855 -604267
-870 -604267
-885 -604267
-900 -604267
-915 -604267
-930 -604267
-945 -604267
-960 -604267
-975 -604267
-990 -604267
-1005 -604267
-1020 -604267
-1035 -604267
-1050 -604267
-1065 -604267
-1080 -604267
-1095 -604267
-1110 -604267
-1125 -604267
-1140 -604267
-1155 -604267
-1170 -604267
-1185 -604267
-1200 -604267
-1215 -604267
-1230 -604267
-1245 -604267
-1260 -604267
-1275 -604267
-1290 -604267
-1305 -604267
-1320 -604267
-1335 -604267
-1350 -604267
-1365 -604267
-1380 -604267
-1395 -604267
-1410 -604267
-1425 -604267
-1440 -604267
-1455 -604267
-1470 -604267
-1485 -604267
-1500 -604267
