0 -6.10016e-08
0 -1.61136e+08
0 -1.61136e+08
1.18789e+08 -2.79925e+08
1.38652e+08 -2.99788e+08
1.16153e+08 -2.77289e+08
6.91756e+07 -2.30312e+08
-1.06156e+07 -1.50521e+08
-1.46883e+08 1.02306e+06
5.45166e+08 0
5.45166e+08 0
5.45166e+08 0
5.45166e+08 0
5.45166e+08 0
5.45166e+08 0
5.45166e+08 0
5.45166e+08 0
5.45166e+08 0
5.45166e+08 0
5.45166e+08 0
5.45166e+08 0
5.45166e+08 0
5.45166e+08 0
5.45166e+08 0
5.45166e+08 0
5.45166e+08 0
5.45166e+08 0
5.45166e+08 0
5.45166e+08 0
5.45166e+08 0
5.45166e+08 0
5.45166e+08 0
5.45166e+08 0
5.45166e+08 0
5.45166e+08 0
5.45166e+08 0
5.45166e+08 0
5.45166e+08 0
5.45166e+08 0
5.45166e+08 0
5.45166e+08 0
5.45166e+08 0
5.45166e+08 0
5.45166e+08 0
5.45166e+08 0
5.45166e+08 0
5.45166e+08 0
5.45166e+08 0
5.45166e+08 0
5.45166e+08 0
5.45166e+08 0
5.45166e+08 0
5.45166e+08 0
5.45166e+08 0
5.45166e+08 0
5.45166e+08 0
5.45166e+08 0
5.45166e+08 0
5.45166e+08 0
5.45166e+08 0
5.45166e+08 0
5.45166e+08 0
5.45166e+08 0
5.45166e+08 0
5.45166e+08 0
5.45166e+08 0
5.45166e+08 0
5.45166e+08 0
5.45166e+08 0
5.45166e+08 0
5.45166e+08 0
5.45166e+08 0
5.45166e+08 0
5.45166e+08 0
5.45166e+08 0
5.45166e+08 0
5.45166e+08 0
5.45166e+08 0
5.45166e+08 0
5.45166e+08 0
5.45166e+08 0
5.45166e+08 0
5.45166e+08 0
5.45166e+08 0
5.45166e+08 0
5.45166e+08 0
5.45166e+08 0
5.45166e+08 0
5.45166e+08 0
5.45166e+08 0
5.45166e+08 0
5.45166e+08 0
5.45166e+08 0
5.45166e+08 0
5.45166e+08 0
5.45166e+08 0
5.45166e+08 0
5.45166e+08 0
5.45166e+08 0
5.45166e+08 0
5.45166e+08 0
5.45166e+08 0
5.45166e+08 0
