0 1.71922e-06
0 1.73653e+08
0 7.20598e+07
-23.4285 3.84634e+07
-75.0409 0
-120.876 0
-166.712 0
-212.547 0
-258.382 0
-304.218 0
-350.053 0
-395.889 0
-441.724 0
-487.559 0
-533.395 0
-579.23 0
-625.066 0
-670.901 0
-716.736 0
-762.572 0
-808.407 0
-854.243 0
-900.078 0
-945.914 0
-991.749 0
-1037.58 0
-1083.42 0
-1129.26 0
-1175.09 0
-1220.93 0
-1266.76 0
-1312.6 0
-1358.43 0
-1404.27 0
-1450.1 0
-1495.94 0
-1541.77 0
-1587.61 0
-1633.45 0
-1679.28 0
-1725.12 0
-1770.95 0
-1816.79 0
-1862.62 0
-1908.46 0
-1954.29 0
-2000.13 0
-2045.96 0
-2091.8 0
-2137.64 0
-2183.47 0
-2229.31 0
-2275.14 0
-2320.98 0
-2366.81 0
-2412.65 0
-2458.48 0
-2504.32 0
-2550.15 0
-2595.99 0
-2641.83 0
-2687.66 0
-2733.5 0
-2779.33 0
-2825.17 0
-2871 0
-2916.84 0
-2962.67 0
-3008.51 0
-3054.35 0
-3100.18 0
-3146.02 0
-3191.85 0
-3237.69 0
-3283.52 0
-3329.36 0
-3375.19 0
-3421.03 0
-3466.87 0
-3512.7 0
-3558.54 0
-3604.37 0
-3650.21 0
-3696.04 0
-3741.88 0
-3787.71 0
-3833.55 0
-3879.39 0
-3925.22 0
-3971.06 0
-4016.89 0
-4062.73 0
-4108.56 0
-4154.4 0
-4200.23 0
-4246.07 0
-4291.91 0
-4337.74 0
-4383.58 0
-4429.41 0
-4475.25 0
-4521.08 0
-4566.92 0
