0 -2.11596e-06
0 -1.38910e+08
0 -1.3891e+08
1.06903e+08 -2.45813e+08
1.19516e+08 -2.58426e+08
8.64555e+07 -2.25366e+08
1.45876e+07 -1.53498e+08
-1.50506e+08 1.15957e+07
6.38022e+08 0
6.38022e+08 0
6.38022e+08 0
6.38022e+08 0
6.38022e+08 0
6.38022e+08 0
6.38022e+08 0
6.38022e+08 0
6.38022e+08 0
6.38022e+08 0
6.38022e+08 0
6.38022e+08 0
6.38022e+08 0
6.38022e+08 0
6.38022e+08 0
6.38022e+08 0
6.38022e+08 0
6.38022e+08 0
6.38022e+08 0
6.38022e+08 0
6.38022e+08 0
6.38022e+08 0
6.38022e+08 0
6.38022e+08 0
6.38022e+08 0
6.38022e+08 0
6.38022e+08 0
6.38022e+08 0
6.38022e+08 0
6.38022e+08 0
6.38022e+08 0
6.38022e+08 0
6.38022e+08 0
6.38022e+08 0
6.38022e+08 0
6.38022e+08 0
6.38022e+08 0
6.38022e+08 0
6.38022e+08 0
6.38022e+08 0
6.38022e+08 0
6.38022e+08 0
6.38022e+08 0
6.38022e+08 0
6.38022e+08 0
6.38022e+08 0
6.38022e+08 0
6.38022e+08 0
6.38022e+08 0
6.38022e+08 0
6.38022e+08 0
6.38022e+08 0
6.38022e+08 0
6.38022e+08 0
6.38022e+08 0
6.38022e+08 0
6.38022e+08 0
6.38022e+08 0
6.38022e+08 0
6.38022e+08 0
6.38022e+08 0
6.38022e+08 0
6.38022e+08 0
6.38022e+08 0
6.38022e+08 0
6.38022e+08 0
6.38022e+08 0
6.38022e+08 0
6.38022e+08 0
6.38022e+08 0
6.38022e+08 0
6.38022e+08 0
6.38022e+08 0
6.38022e+08 0
6.38022e+08 0
6.38022e+08 0
6.38022e+08 0
6.38022e+08 0
6.38022e+08 0
6.38022e+08 0
6.38022e+08 0
6.38022e+08 0
6.38022e+08 0
6.38022e+08 0
6.38022e+08 0
6.38022e+08 0
6.38022e+08 0
6.38022e+08 0
6.38022e+08 0
6.38022e+08 0
6.38022e+08 0
6.38022e+08 0
6.38022e+08 0
6.38022e+08 0
6.38022e+08 0
