0 -3.15207e-07
0 -5.92607e-06
0 -3.85089e-06
-1.43693e+08 -1.38509e-05
-1.93115e+08 -2.38509e-05
-2.19269e+08 -3.38509e-05
-2.37986e+08 -4.38509e-05
-2.51817e+08 -5.38509e-05
-2.59902e+08 -6.38509e-05
-2.64332e+08 -7.38509e-05
-2.66732e+08 -8.38509e-05
-2.67391e+08 -9.38509e-05
-2.66917e+08 -0.000103851
-2.65476e+08 -0.000113851
-2.63116e+08 -0.000123851
-2.59825e+08 -0.000133851
-2.55552e+08 -0.000143851
-2.50039e+08 -0.000153851
-2.4291e+08 -0.000163851
-2.33367e+08 -0.000173851
-2.19869e+08 -0.000183851
-2.0102e+08 -0.000193851
-1.7969e+08 -0.000203851
-1.55937e+08 -0.000213851
-1.28995e+08 -0.000223851
-9.68937e+07 -0.000233851
-6.61696e+07 -0.000243851
-3.77254e+07 -0.000253851
-1.01078e+07 -0.000263851
1.88277e+07 -0.000273851
4.95095e+07 -0.000283851
8.39758e+07 -0.000293851
1.18413e+08 -0.000303851
1.50196e+08 -0.000313851
1.7979e+08 -0.000323851
2.07086e+08 -0.000333851
2.33204e+08 -0.000343851
3.27065e+08 -0.000353851
3.27065e+08 -0.000363851
3.27065e+08 -0.000373851
3.27065e+08 -0.000383851
3.27065e+08 -0.000393851
3.27065e+08 -0.000403851
3.27065e+08 -0.000413851
3.27065e+08 -0.000423851
3.27065e+08 -0.000433851
3.27065e+08 -0.000443851
3.27065e+08 -0.000453851
3.27065e+08 -0.000463851
3.27065e+08 -0.000473851
3.27065e+08 -0.000483851
3.27065e+08 -0.000493851
3.27065e+08 -0.000503851
3.27065e+08 -0.000513851
3.27065e+08 -0.000523851
3.27065e+08 -0.000533851
3.27065e+08 -0.000543851
3.27065e+08 -0.000553851
3.27065e+08 -0.000563851
3.27065e+08 -0.000573851
3.27065e+08 -0.000583851
3.27065e+08 -0.000593851
3.27065e+08 -0.000603851
3.27065e+08 -0.000613851
3.27065e+08 -0.000623851
3.27065e+08 -0.000633851
3.27065e+08 -0.000643851
3.27065e+08 -0.000653851
3.27065e+08 -0.000663851
3.27065e+08 -0.000673851
3.27065e+08 -0.000683851
3.27065e+08 -0.000693851
3.27065e+08 -0.000703851
3.27065e+08 -0.000713851
3.27065e+08 -0.000723851
3.27065e+08 -0.000733851
3.27065e+08 -0.000743851
3.27065e+08 -0.000753851
3.27065e+08 -0.000763851
3.27065e+08 -0.000773851
3.27065e+08 -0.000783851
3.27065e+08 -0.000793851
3.27065e+08 -0.000803851
3.27065e+08 -0.000813851
3.27065e+08 -0.000823851
3.27065e+08 -0.000833851
3.27065e+08 -0.000843851
3.27065e+08 -0.000853851
3.27065e+08 -0.000863851
3.27065e+08 -0.000873851
3.27065e+08 -0.000883851
3.27065e+08 -0.000893851
3.27065e+08 -0.000903851
3.27065e+08 -0.000913851
3.27065e+08 -0.000923851
3.27065e+08 -0.000933851
3.27065e+08 -0.000943851
3.27065e+08 -0.000953851
3.27065e+08 -0.000963851
3.27065e+08 -0.000973851
3.27065e+08 -0.000983851
3.27065e+08 -0.000993851
3.27065e+08 -0.00100385
