0 -4.61005e-08
0 1.727e+08
0 1.727e+08
-1.16343e+08 2.89043e+08
-1.23615e+08 2.96314e+08
-9.62406e+07 2.6894e+08
-4.76002e+07 2.203e+08
2.92584e+07 1.43441e+08
2.32995e+08 -6.02949e+07
8.08371e+08 0
8.08371e+08 0
8.08371e+08 0
8.08371e+08 0
8.08371e+08 0
8.08371e+08 0
8.08371e+08 0
8.08371e+08 0
8.08371e+08 0
8.08371e+08 0
8.08371e+08 0
8.08371e+08 0
8.08371e+08 0
8.08371e+08 0
8.08371e+08 0
8.08371e+08 0
8.08371e+08 0
8.08371e+08 0
8.08371e+08 0
8.08371e+08 0
8.08371e+08 0
8.08371e+08 0
8.08371e+08 0
8.08371e+08 0
8.08371e+08 0
8.08371e+08 0
8.08371e+08 0
8.08371e+08 0
8.08371e+08 0
8.08371e+08 0
8.08371e+08 0
8.08371e+08 0
8.08371e+08 0
8.08371e+08 0
8.08371e+08 0
8.08371e+08 0
8.08371e+08 0
8.08371e+08 0
8.08371e+08 0
8.08371e+08 0
8.08371e+08 0
8.08371e+08 0
8.08371e+08 0
8.08371e+08 0
8.08371e+08 0
8.08371e+08 0
8.08371e+08 0
8.08371e+08 0
8.08371e+08 0
8.08371e+08 0
8.08371e+08 0
8.08371e+08 0
8.08371e+08 0
8.08371e+08 0
8.08371e+08 0
8.08371e+08 0
8.08371e+08 0
8.08371e+08 0
8.08371e+08 0
8.08371e+08 0
8.08371e+08 0
8.08371e+08 0
8.08371e+08 0
8.08371e+08 0
8.08371e+08 0
8.08371e+08 0
8.08371e+08 0
8.08371e+08 0
8.08371e+08 0
8.08371e+08 0
8.08371e+08 0
8.08371e+08 0
8.08371e+08 0
8.08371e+08 0
8.08371e+08 0
8.08371e+08 0
8.08371e+08 0
8.08371e+08 0
8.08371e+08 0
8.08371e+08 0
8.08371e+08 0
8.08371e+08 0
8.08371e+08 0
8.08371e+08 0
8.08371e+08 0
8.08371e+08 0
8.08371e+08 0
8.08371e+08 0
8.08371e+08 0
8.08371e+08 0
8.08371e+08 0
8.08371e+08 0
8.08371e+08 0
8.08371e+08 0
