0 0
0 1.90018e-06
0 -3.97738e-07
1.62584e+08 9.60226e-06
2.78798e+08 1.96023e-05
3.07041e+08 2.96023e-05
2.9724e+08 3.96023e-05
2.72126e+08 4.96023e-05
2.29558e+08 5.96023e-05
1.59413e+08 6.96023e-05
-3.4756e+07 7.96023e-05
6.15747e+08 8.96023e-05
6.15747e+08 9.96023e-05
6.15747e+08 0.000109602
6.15747e+08 0.000119602
6.15747e+08 0.000129602
6.15747e+08 0.000139602
6.15747e+08 0.000149602
6.15747e+08 0.000159602
6.15747e+08 0.000169602
6.15747e+08 0.000179602
6.15747e+08 0.000189602
6.15747e+08 0.000199602
6.15747e+08 0.000209602
6.15747e+08 0.000219602
6.15747e+08 0.000229602
6.15747e+08 0.000239602
6.15747e+08 0.000249602
6.15747e+08 0.000259602
6.15747e+08 0.000269602
6.15747e+08 0.000279602
6.15747e+08 0.000289602
6.15747e+08 0.000299602
6.15747e+08 0.000309602
6.15747e+08 0.000319602
6.15747e+08 0.000329602
6.15747e+08 0.000339602
6.15747e+08 0.000349602
6.15747e+08 0.000359602
6.15747e+08 0.000369602
6.15747e+08 0.000379602
6.15747e+08 0.000389602
6.15747e+08 0.000399602
6.15747e+08 0.000409602
6.15747e+08 0.000419602
6.15747e+08 0.000429602
6.15747e+08 0.000439602
6.15747e+08 0.000449602
6.15747e+08 0.000459602
6.15747e+08 0.000469602
6.15747e+08 0.000479602
6.15747e+08 0.000489602
6.15747e+08 0.000499602
6.15747e+08 0.000509602
6.15747e+08 0.000519602
6.15747e+08 0.000529602
6.15747e+08 0.000539602
6.15747e+08 0.000549602
6.15747e+08 0.000559602
6.15747e+08 0.000569602
6.15747e+08 0.000579602
6.15747e+08 0.000589602
6.15747e+08 0.000599602
6.15747e+08 0.000609602
6.15747e+08 0.000619602
6.15747e+08 0.000629602
6.15747e+08 0.000639602
6.15747e+08 0.000649602
6.15747e+08 0.000659602
6.15747e+08 0.000669602
6.15747e+08 0.000679602
6.15747e+08 0.000689602
6.15747e+08 0.000699602
6.15747e+08 0.000709602
6.15747e+08 0.000719602
6.15747e+08 0.000729602
6.15747e+08 0.000739602
6.15747e+08 0.000749602
6.15747e+08 0.000759602
6.15747e+08 0.000769602
6.15747e+08 0.000779602
6.15747e+08 0.000789602
6.15747e+08 0.000799602
6.15747e+08 0.000809602
6.15747e+08 0.000819602
6.15747e+08 0.000829602
6.15747e+08 0.000839602
6.15747e+08 0.000849602
6.15747e+08 0.000859602
6.15747e+08 0.000869602
6.15747e+08 0.000879602
6.15747e+08 0.000889602
6.15747e+08 0.000899602
6.15747e+08 0.000909602
6.15747e+08 0.000919602
6.15747e+08 0.000929602
6.15747e+08 0.000939602
6.15747e+08 0.000949602
6.15747e+08 0.000959602
6.15747e+08 0.000969602
6.15747e+08 0.000979602
6.15747e+08 0.000989602
6.15747e+08 0.000999602
