0 -1.60735e-06
0 9.61819e-06
0 51884.8
-15 51884.8
-30 51884.8
-45 51884.8
-60 51884.8
-75 51884.8
-90 51884.8
-105 51884.8
-120 51884.8
-135 51884.8
-150 51884.8
-165 51884.8
-180 51884.8
-195 51884.8
-210 51884.8
-225 51884.8
-240 51884.8
-255 51884.8
-270 51884.8
-285 51884.8
-300 51884.8
-315 51884.8
-329.999 51884.8
-344.999 51884.8
-359.999 51884.8
-374.999 51884.8
-389.999 51884.8
-404.999 51884.8
-419.999 51884.8
-434.999 51884.8
-449.999 51884.8
-464.999 51884.8
-479.999 51884.8
-494.999 51884.8
-509.999 51884.8
-524.999 51884.8
-539.999 51884.8
-554.999 51884.8
-569.999 51884.8
-584.998 51884.8
-599.998 51884.8
-614.998 51884.8
-629.998 51884.8
-644.998 51884.8
-659.998 51884.8
-674.998 51884.8
-689.998 51884.8
-704.998 51884.8
-719.998 51884.8
-734.998 51884.8
-749.997 51884.8
-764.997 51884.8
-779.997 51884.8
-794.997 51884.8
-809.997 51884.8
-824.997 51884.8
-839.997 51884.8
-854.997 51884.8
-869.997 51884.8
-884.996 51884.8
-899.996 51884.8
-914.996 51884.8
-929.996 51884.8
-944.996 51884.8
-959.996 51884.8
-974.996 51884.8
-989.995 51884.8
-1005 51884.8
-1020 51884.8
-1035 51884.8
-1049.99 51884.8
-1064.99 51884.8
-1079.99 51884.8
-1094.99 51884.8
-1109.99 51884.8
-1124.99 51884.8
-1139.99 51884.8
-1154.99 51884.8
-1169.99 51884.8
-1184.99 51884.8
-1199.99 51884.8
-1214.99 51884.8
-1229.99 51884.8
-1244.99 51884.8
-1259.99 51884.8
-1274.99 51884.8
-1289.99 51884.8
-1304.99 51884.8
-1319.99 51884.8
-1334.99 51884.8
-1349.99 51884.8
-1364.99 51884.8
-1379.99 51884.8
-1394.99 51884.8
-1409.99 51884.8
-1424.99 51884.8
-1439.99 51884.8
-1454.99 51884.8
-1469.99 51884.8
-1484.99 51884.8
-1499.99 51884.8
