0 -3.63216e-08
0 8.4045e+07
0 8.4045e+07
-1.28668e+08 2.12713e+08
-1.71273e+08 2.55318e+08
-1.97091e+08 2.81136e+08
-2.15873e+08 2.99918e+08
-2.29269e+08 3.13314e+08
-2.3609e+08 3.20135e+08
-2.39814e+08 3.23859e+08
-2.41688e+08 3.25733e+08
-2.41782e+08 3.25827e+08
-2.40767e+08 3.24812e+08
-2.38717e+08 3.22762e+08
-2.35658e+08 3.19703e+08
-2.3155e+08 3.15595e+08
-2.2622e+08 3.10265e+08
-2.193e+08 3.03345e+08
-2.10179e+08 2.94224e+08
-1.97385e+08 2.8143e+08
-1.78718e+08 2.62763e+08
-1.55221e+08 2.39266e+08
-1.28304e+08 2.12349e+08
-9.61404e+07 1.80185e+08
-6.07232e+07 1.44768e+08
-2.90042e+07 1.13049e+08
257587 8.37874e+07
2.93064e+07 5.47386e+07
6.00616e+07 2.39834e+07
9.37484e+07 -9.70342e+06
1.30835e+08 -4.67899e+07
1.66397e+08 -8.23525e+07
1.99613e+08 -1.15568e+08
2.3036e+08 -1.46315e+08
2.64289e+08 -1.80244e+08
3.60317e+08 0
3.60317e+08 0
3.60317e+08 0
3.60317e+08 0
3.60317e+08 0
3.60317e+08 0
3.60317e+08 0
3.60317e+08 0
3.60317e+08 0
3.60317e+08 0
3.60317e+08 0
3.60317e+08 0
3.60317e+08 0
3.60317e+08 0
3.60317e+08 0
3.60317e+08 0
3.60317e+08 0
3.60317e+08 0
3.60317e+08 0
3.60317e+08 0
3.60317e+08 0
3.60317e+08 0
3.60317e+08 0
3.60317e+08 0
3.60317e+08 0
3.60317e+08 0
3.60317e+08 0
3.60317e+08 0
3.60317e+08 0
3.60317e+08 0
3.60317e+08 0
3.60317e+08 0
3.60317e+08 0
3.60317e+08 0
3.60317e+08 0
3.60317e+08 0
3.60317e+08 0
3.60317e+08 0
3.60317e+08 0
3.60317e+08 0
3.60317e+08 0
3.60317e+08 0
3.60317e+08 0
3.60317e+08 0
3.60317e+08 0
3.60317e+08 0
3.60317e+08 0
3.60317e+08 0
3.60317e+08 0
3.60317e+08 0
3.60317e+08 0
3.60317e+08 0
3.60317e+08 0
3.60317e+08 0
3.60317e+08 0
3.60317e+08 0
3.60317e+08 0
3.60317e+08 0
3.60317e+08 0
3.60317e+08 0
3.60317e+08 0
3.60317e+08 0
3.60317e+08 0
3.60317e+08 0
3.60317e+08 0
3.60317e+08 0
3.60317e+08 0
3.60317e+08 0
