0 -1.40319e-06
0 0.000135462
0 -730226
-15 -730226
-30 -730226
-45 -730226
-60 -730226
-75 -730226
-90 -730226
-105 -730226
-120 -730226
-135 -730226
-150 -730226
-165 -730226
-180 -730226
-195 -730226
-210 -730226
-225 -730226
-240 -730226
-255 -730226
-270 -730226
-285 -730226
-300 -730226
-315 -730226
-330 -730226
-345 -730226
-360 -730226
-375 -730226
-390 -730226
-405 -730226
-420 -730226
-435 -730226
-450 -730226
-465 -730226
-480 -730226
-495 -730226
-510 -730226
-525 -730226
-540 -730226
-555 -730226
-570 -730226
-585 -730226
-600 -730226
-615 -730226
-630 -730226
-645 -730226
-660 -730226
-675 -730226
-690 -730226
-705 -730226
-720 -730226
-735 -730226
-750 -730226
-765 -730226
-780 -730226
-795 -730226
-810 -730226
-825 -730226
-840 -730226
-855 -730226
-870 -730226
-885 -730226
-900 -730226
-915 -730226
-930 -730226
-945 -730226
-960 -730226
-975 -730226
-990 -730226
-1005 -730226
-1020 -730226
-1035 -730226
-1050 -730226
-1065 -730226
-1080 -730226
-1095 -730226
-1110 -730226
-1125 -730226
-1140 -730226
-1155 -730226
-1170 -730226
-1185 -730226
-1200 -730226
-1215 -730226
-1230 -730226
-1245 -730226
-1260 -730226
-1275 -730226
-1290 -730226
-1305 -730226
-1320 -730226
-1335 -730226
-1350 -730226
-1365 -730226
-1380 -730226
-1395 -730226
-1410 -730226
-1425 -730226
-1440 -730226
-1455 -730226
-1470 -730226
-1485 -730226
-1500 -730226
