0 -6.79865e-08
0 -1.59689e+08
0 -1.59689e+08
2.56443e+06 -1.62253e+08
-5.7316e+07 -1.02373e+08
-1.3847e+09 -7.61865e+07
1.03749e+09 0
1.03749e+09 0
1.03749e+09 0
1.03749e+09 0
1.03749e+09 0
1.03749e+09 0
1.03749e+09 0
1.03749e+09 0
1.03749e+09 0
1.03749e+09 0
1.03749e+09 0
1.03749e+09 0
1.03749e+09 0
1.03749e+09 0
1.03749e+09 0
1.03749e+09 0
1.03749e+09 0
1.03749e+09 0
1.03749e+09 0
1.03749e+09 0
1.03749e+09 0
1.03749e+09 0
1.03749e+09 0
1.03749e+09 0
1.03749e+09 0
1.03749e+09 0
1.03749e+09 0
1.03749e+09 0
1.03749e+09 0
1.03749e+09 0
1.03749e+09 0
1.03749e+09 0
1.03749e+09 0
1.03749e+09 0
1.03749e+09 0
1.03749e+09 0
1.03749e+09 0
1.03749e+09 0
1.03749e+09 0
1.03749e+09 0
1.03749e+09 0
1.03749e+09 0
1.03749e+09 0
1.03749e+09 0
1.03749e+09 0
1.03749e+09 0
1.03749e+09 0
1.03749e+09 0
1.03749e+09 0
1.03749e+09 0
1.03749e+09 0
1.03749e+09 0
1.03749e+09 0
1.03749e+09 0
1.03749e+09 0
1.03749e+09 0
1.03749e+09 0
1.03749e+09 0
1.03749e+09 0
1.03749e+09 0
1.03749e+09 0
1.03749e+09 0
1.03749e+09 0
1.03749e+09 0
1.03749e+09 0
1.03749e+09 0
1.03749e+09 0
1.03749e+09 0
1.03749e+09 0
1.03749e+09 0
1.03749e+09 0
1.03749e+09 0
1.03749e+09 0
1.03749e+09 0
1.03749e+09 0
1.03749e+09 0
1.03749e+09 0
1.03749e+09 0
1.03749e+09 0
1.03749e+09 0
1.03749e+09 0
1.03749e+09 0
1.03749e+09 0
1.03749e+09 0
1.03749e+09 0
1.03749e+09 0
1.03749e+09 0
1.03749e+09 0
1.03749e+09 0
1.03749e+09 0
1.03749e+09 0
1.03749e+09 0
1.03749e+09 0
1.03749e+09 0
1.03749e+09 0
1.03749e+09 0
1.03749e+09 0
