0 -6.75209e-08
0 1.0057e+08
0 1.0057e+08
-1.63839e+07 1.16954e+08
-3.18762e+07 1.32446e+08
-4.06327e+07 1.41203e+08
-4.85419e+07 1.49112e+08
-5.34865e+07 1.54057e+08
-5.74663e+07 1.58036e+08
-6.07174e+07 1.61287e+08
-6.34258e+07 1.63996e+08
-6.56522e+07 1.66222e+08
-6.75592e+07 1.68129e+08
-6.91321e+07 1.69702e+08
-7.04909e+07 1.71061e+08
-7.16229e+07 1.72193e+08
-7.25826e+07 1.73153e+08
-7.34139e+07 1.73984e+08
-7.41297e+07 1.747e+08
-7.47343e+07 1.75304e+08
-7.52523e+07 1.75822e+08
-7.57058e+07 1.76276e+08
-7.60886e+07 1.76659e+08
-7.6415e+07 1.76985e+08
-7.67033e+07 1.77273e+08
-5.98199e+07 1.6039e+08
-6.01755e+07 1.60745e+08
-6.05126e+07 1.61083e+08
-6.07696e+07 1.6134e+08
-6.09652e+07 1.61535e+08
-6.1126e+07 1.61696e+08
-6.12554e+07 1.61825e+08
-6.13613e+07 1.61931e+08
-6.14546e+07 1.62025e+08
-6.15336e+07 1.62104e+08
-6.15977e+07 1.62168e+08
-6.16486e+07 1.62219e+08
-6.16862e+07 1.62256e+08
-6.171e+07 1.6228e+08
-6.17229e+07 1.62293e+08
3.78485e+07 6.27215e+07
3.77665e+07 6.28035e+07
3.76839e+07 6.28861e+07
3.76029e+07 6.29671e+07
3.75367e+07 6.30333e+07
3.74773e+07 6.30927e+07
3.7421e+07 6.3149e+07
3.73671e+07 6.32029e+07
3.73152e+07 6.32548e+07
3.72651e+07 6.33049e+07
3.72168e+07 6.33532e+07
3.71765e+07 6.33935e+07
3.7141e+07 6.3429e+07
3.7111e+07 6.3459e+07
3.70823e+07 6.34877e+07
3.70677e+07 6.35023e+07
3.70648e+07 6.35052e+07
3.70668e+07 6.35032e+07
3.70677e+07 6.35023e+07
3.7068e+07 6.3502e+07
3.7071e+07 6.3499e+07
3.70747e+07 6.34953e+07
3.70813e+07 6.34887e+07
3.70907e+07 6.34793e+07
3.7103e+07 6.3467e+07
3.71176e+07 6.34524e+07
3.71333e+07 6.34367e+07
3.71498e+07 6.34202e+07
3.71667e+07 6.34033e+07
3.71833e+07 6.33867e+07
3.71998e+07 6.33702e+07
3.72161e+07 6.33539e+07
3.72322e+07 6.33378e+07
3.7248e+07 6.3322e+07
3.72658e+07 6.33042e+07
3.72846e+07 6.32854e+07
3.73039e+07 6.32661e+07
3.73235e+07 6.32465e+07
3.73433e+07 6.32267e+07
3.73634e+07 6.32066e+07
3.73832e+07 6.31868e+07
3.74029e+07 6.31671e+07
3.74225e+07 6.31475e+07
3.74431e+07 6.31269e+07
3.74659e+07 6.31041e+07
3.74898e+07 6.30802e+07
3.75146e+07 6.30554e+07
3.75402e+07 6.30298e+07
3.75657e+07 6.30043e+07
3.75911e+07 6.29789e+07
3.76164e+07 6.29536e+07
3.76416e+07 6.29284e+07
3.76666e+07 6.29034e+07
3.76916e+07 6.28784e+07
3.77164e+07 6.28536e+07
3.77411e+07 6.28289e+07
3.77658e+07 6.28042e+07
3.77903e+07 6.27797e+07
3.78148e+07 6.27552e+07
3.78396e+07 6.27304e+07
3.78648e+07 6.27052e+07
1.0057e+08 0
1.0057e+08 0
