0 -2.27115e-06
0 -2.54494e-05
0 -1.34509e-05
-1.035e+08 -2.34509e-05
-1.41616e+08 -3.34509e-05
-1.61061e+08 -4.34509e-05
-1.67943e+08 -5.34509e-05
-1.68639e+08 -6.34509e-05
-1.64899e+08 -7.34509e-05
-1.57099e+08 -8.34509e-05
-1.45179e+08 -9.34509e-05
-1.28509e+08 -0.000103451
-1.05634e+08 -0.000113451
-7.37054e+07 -0.000123451
-2.64869e+07 -0.000133451
3.31285e+07 -0.000143451
1.07048e+08 -0.000153451
2.47823e+08 -0.000163451
4.27803e+08 -0.000173451
6.48489e+08 -0.000183451
6.48489e+08 -0.000193451
6.48489e+08 -0.000203451
6.48489e+08 -0.000213451
6.48489e+08 -0.000223451
6.48489e+08 -0.000233451
6.48489e+08 -0.000243451
6.48489e+08 -0.000253451
6.48489e+08 -0.000263451
6.48489e+08 -0.000273451
6.48489e+08 -0.000283451
6.48489e+08 -0.000293451
6.48489e+08 -0.000303451
6.48489e+08 -0.000313451
6.48489e+08 -0.000323451
6.48489e+08 -0.000333451
6.48489e+08 -0.000343451
6.48489e+08 -0.000353451
6.48489e+08 -0.000363451
6.48489e+08 -0.000373451
6.48489e+08 -0.000383451
6.48489e+08 -0.000393451
6.48489e+08 -0.000403451
6.48489e+08 -0.000413451
6.48489e+08 -0.000423451
6.48489e+08 -0.000433451
6.48489e+08 -0.000443451
6.48489e+08 -0.000453451
6.48489e+08 -0.000463451
6.48489e+08 -0.000473451
6.48489e+08 -0.000483451
6.48489e+08 -0.000493451
6.48489e+08 -0.000503451
6.48489e+08 -0.000513451
6.48489e+08 -0.000523451
6.48489e+08 -0.000533451
6.48489e+08 -0.000543451
6.48489e+08 -0.000553451
6.48489e+08 -0.000563451
6.48489e+08 -0.000573451
6.48489e+08 -0.000583451
6.48489e+08 -0.000593451
6.48489e+08 -0.000603451
6.48489e+08 -0.000613451
6.48489e+08 -0.000623451
6.48489e+08 -0.000633451
6.48489e+08 -0.000643451
6.48489e+08 -0.000653451
6.48489e+08 -0.000663451
6.48489e+08 -0.000673451
6.48489e+08 -0.000683451
6.48489e+08 -0.000693451
6.48489e+08 -0.000703451
6.48489e+08 -0.000713451
6.48489e+08 -0.000723451
6.48489e+08 -0.000733451
6.48489e+08 -0.000743451
6.48489e+08 -0.000753451
6.48489e+08 -0.000763451
6.48489e+08 -0.000773451
6.48489e+08 -0.000783451
6.48489e+08 -0.000793451
6.48489e+08 -0.000803451
6.48489e+08 -0.000813451
6.48489e+08 -0.000823451
6.48489e+08 -0.000833451
6.48489e+08 -0.000843451
6.48489e+08 -0.000853451
6.48489e+08 -0.000863451
6.48489e+08 -0.000873451
6.48489e+08 -0.000883451
6.48489e+08 -0.000893451
6.48489e+08 -0.000903451
6.48489e+08 -0.000913451
6.48489e+08 -0.000923451
6.48489e+08 -0.000933451
6.48489e+08 -0.000943451
6.48489e+08 -0.000953451
6.48489e+08 -0.000963451
6.48489e+08 -0.000973451
6.48489e+08 -0.000983451
6.48489e+08 -0.000993451
6.48489e+08 -0.00100345
6.48489e+08 -0.00101345
