0 1.54914e-06
0 1.3255e-06
0 3.72529e-08
-5.99481e+08 6.62921e+07
9.18192e+08 0
9.18192e+08 0
9.18192e+08 0
9.18192e+08 0
9.18192e+08 0
9.18192e+08 0
9.18192e+08 0
9.18192e+08 0
9.18192e+08 0
9.18192e+08 0
9.18192e+08 0
9.18192e+08 0
9.18192e+08 0
9.18192e+08 0
9.18192e+08 0
9.18192e+08 0
9.18192e+08 0
9.18192e+08 0
9.18192e+08 0
9.18192e+08 0
9.18192e+08 0
9.18192e+08 0
9.18192e+08 0
9.18192e+08 0
9.18192e+08 0
9.18192e+08 0
9.18192e+08 0
9.18192e+08 0
9.18192e+08 0
9.18192e+08 0
9.18192e+08 0
9.18192e+08 0
9.18192e+08 0
9.18192e+08 0
9.18192e+08 0
9.18192e+08 0
9.18192e+08 0
9.18192e+08 0
9.18192e+08 0
9.18192e+08 0
9.18192e+08 0
9.18192e+08 0
9.18192e+08 0
9.18192e+08 0
9.18192e+08 0
9.18192e+08 0
9.18192e+08 0
9.18192e+08 0
9.18192e+08 0
9.18192e+08 0
9.18192e+08 0
9.18192e+08 0
9.18192e+08 0
9.18192e+08 0
9.18192e+08 0
9.18192e+08 0
9.18192e+08 0
9.18192e+08 0
9.18192e+08 0
9.18192e+08 0
9.18192e+08 0
9.18192e+08 0
9.18192e+08 0
9.18192e+08 0
9.18192e+08 0
9.18192e+08 0
9.18192e+08 0
9.18192e+08 0
9.18192e+08 0
9.18192e+08 0
9.18192e+08 0
9.18192e+08 0
9.18192e+08 0
9.18192e+08 0
9.18192e+08 0
9.18192e+08 0
9.18192e+08 0
9.18192e+08 0
9.18192e+08 0
9.18192e+08 0
9.18192e+08 0
9.18192e+08 0
9.18192e+08 0
9.18192e+08 0
9.18192e+08 0
9.18192e+08 0
9.18192e+08 0
9.18192e+08 0
9.18192e+08 0
9.18192e+08 0
9.18192e+08 0
9.18192e+08 0
9.18192e+08 0
9.18192e+08 0
9.18192e+08 0
9.18192e+08 0
9.18192e+08 0
9.18192e+08 0
9.18192e+08 0
