0 -2.98356e-06
0 2.2302e-05
0 1.31916e-05
1.30269e+08 2.31916e-05
1.66958e+08 3.31916e-05
1.7641e+08 4.31916e-05
1.75782e+08 5.31916e-05
1.70302e+08 6.31916e-05
1.59856e+08 7.31916e-05
1.45174e+08 8.31916e-05
1.25082e+08 9.31916e-05
9.65417e+07 0.000103192
5.12193e+07 0.000113192
-4.9343e+07 0.000123192
4.57367e+08 0.000133192
4.57367e+08 0.000143192
4.57367e+08 0.000153192
4.57367e+08 0.000163192
4.57367e+08 0.000173192
4.57367e+08 0.000183192
4.57367e+08 0.000193192
4.57367e+08 0.000203192
4.57367e+08 0.000213192
4.57367e+08 0.000223192
4.57367e+08 0.000233192
4.57367e+08 0.000243192
4.57367e+08 0.000253192
4.57367e+08 0.000263192
4.57367e+08 0.000273192
4.57367e+08 0.000283192
4.57367e+08 0.000293192
4.57367e+08 0.000303192
4.57367e+08 0.000313192
4.57367e+08 0.000323192
4.57367e+08 0.000333192
4.57367e+08 0.000343192
4.57367e+08 0.000353192
4.57367e+08 0.000363192
4.57367e+08 0.000373192
4.57367e+08 0.000383192
4.57367e+08 0.000393192
4.57367e+08 0.000403192
4.57367e+08 0.000413192
4.57367e+08 0.000423192
4.57367e+08 0.000433192
4.57367e+08 0.000443192
4.57367e+08 0.000453192
4.57367e+08 0.000463192
4.57367e+08 0.000473192
4.57367e+08 0.000483192
4.57367e+08 0.000493192
4.57367e+08 0.000503192
4.57367e+08 0.000513192
4.57367e+08 0.000523192
4.57367e+08 0.000533192
4.57367e+08 0.000543192
4.57367e+08 0.000553192
4.57367e+08 0.000563192
4.57367e+08 0.000573192
4.57367e+08 0.000583192
4.57367e+08 0.000593192
4.57367e+08 0.000603192
4.57367e+08 0.000613192
4.57367e+08 0.000623192
4.57367e+08 0.000633192
4.57367e+08 0.000643192
4.57367e+08 0.000653192
4.57367e+08 0.000663192
4.57367e+08 0.000673192
4.57367e+08 0.000683192
4.57367e+08 0.000693192
4.57367e+08 0.000703192
4.57367e+08 0.000713192
4.57367e+08 0.000723192
4.57367e+08 0.000733192
4.57367e+08 0.000743192
4.57367e+08 0.000753192
4.57367e+08 0.000763192
4.57367e+08 0.000773192
4.57367e+08 0.000783192
4.57367e+08 0.000793192
4.57367e+08 0.000803192
4.57367e+08 0.000813192
4.57367e+08 0.000823192
4.57367e+08 0.000833192
4.57367e+08 0.000843192
4.57367e+08 0.000853192
4.57367e+08 0.000863192
4.57367e+08 0.000873192
4.57367e+08 0.000883192
4.57367e+08 0.000893192
4.57367e+08 0.000903192
4.57367e+08 0.000913192
4.57367e+08 0.000923192
4.57367e+08 0.000933192
4.57367e+08 0.000943192
4.57367e+08 0.000953192
4.57367e+08 0.000963192
4.57367e+08 0.000973192
4.57367e+08 0.000983192
4.57367e+08 0.000993192
4.57367e+08 0.00100319
4.57367e+08 0.00101319
