0 -2.26332e-06
0 -5.85315e-05
0 -9.46563e-05
6.71044e+07 -0.000104656
1.90602e+08 -0.000114656
4.01114e+08 -0.000124656
8.52273e+08 -0.000134656
8.52273e+08 -0.000144656
8.52273e+08 -0.000154656
8.52273e+08 -0.000164656
8.52273e+08 -0.000174656
8.52273e+08 -0.000184656
8.52273e+08 -0.000194656
8.52273e+08 -0.000204656
8.52273e+08 -0.000214656
8.52273e+08 -0.000224656
8.52273e+08 -0.000234656
8.52273e+08 -0.000244656
8.52273e+08 -0.000254656
8.52273e+08 -0.000264656
8.52273e+08 -0.000274656
8.52273e+08 -0.000284656
8.52273e+08 -0.000294656
8.52273e+08 -0.000304656
8.52273e+08 -0.000314656
8.52273e+08 -0.000324656
8.52273e+08 -0.000334656
8.52273e+08 -0.000344656
8.52273e+08 -0.000354656
8.52273e+08 -0.000364656
8.52273e+08 -0.000374656
8.52273e+08 -0.000384656
8.52273e+08 -0.000394656
8.52273e+08 -0.000404656
8.52273e+08 -0.000414656
8.52273e+08 -0.000424656
8.52273e+08 -0.000434656
8.52273e+08 -0.000444656
8.52273e+08 -0.000454656
8.52273e+08 -0.000464656
8.52273e+08 -0.000474656
8.52273e+08 -0.000484656
8.52273e+08 -0.000494656
8.52273e+08 -0.000504656
8.52273e+08 -0.000514656
8.52273e+08 -0.000524656
8.52273e+08 -0.000534656
8.52273e+08 -0.000544656
8.52273e+08 -0.000554656
8.52273e+08 -0.000564656
8.52273e+08 -0.000574656
8.52273e+08 -0.000584656
8.52273e+08 -0.000594656
8.52273e+08 -0.000604656
8.52273e+08 -0.000614656
8.52273e+08 -0.000624656
8.52273e+08 -0.000634656
8.52273e+08 -0.000644656
8.52273e+08 -0.000654656
8.52273e+08 -0.000664656
8.52273e+08 -0.000674656
8.52273e+08 -0.000684656
8.52273e+08 -0.000694656
8.52273e+08 -0.000704656
8.52273e+08 -0.000714656
8.52273e+08 -0.000724656
8.52273e+08 -0.000734656
8.52273e+08 -0.000744656
8.52273e+08 -0.000754656
8.52273e+08 -0.000764656
8.52273e+08 -0.000774656
8.52273e+08 -0.000784656
8.52273e+08 -0.000794656
8.52273e+08 -0.000804656
8.52273e+08 -0.000814656
8.52273e+08 -0.000824656
8.52273e+08 -0.000834656
8.52273e+08 -0.000844656
8.52273e+08 -0.000854656
8.52273e+08 -0.000864656
8.52273e+08 -0.000874656
8.52273e+08 -0.000884656
8.52273e+08 -0.000894656
8.52273e+08 -0.000904656
8.52273e+08 -0.000914656
8.52273e+08 -0.000924656
8.52273e+08 -0.000934656
8.52273e+08 -0.000944656
8.52273e+08 -0.000954656
8.52273e+08 -0.000964656
8.52273e+08 -0.000974656
8.52273e+08 -0.000984656
8.52273e+08 -0.000994656
8.52273e+08 -0.00100466
8.52273e+08 -0.00101466
8.52273e+08 -0.00102466
8.52273e+08 -0.00103466
8.52273e+08 -0.00104466
8.52273e+08 -0.00105466
8.52273e+08 -0.00106466
8.52273e+08 -0.00107466
8.52273e+08 -0.00108466
8.52273e+08 -0.00109466
