0 -2.32812e-07
0 0.00010698
0 -155172
-15 -155172
-30 -155172
-45 -155172
-60 -155172
-75 -155172
-90 -155172
-105 -155172
-120 -155172
-135 -155172
-150 -155172
-165 -155172
-180 -155172
-195 -155172
-210 -155172
-225 -155172
-240 -155172
-255 -155172
-270 -155172
-285 -155172
-300 -155172
-315 -155172
-330 -155172
-345 -155172
-360 -155172
-375 -155172
-390 -155172
-405 -155172
-420 -155172
-435 -155172
-450 -155172
-465 -155172
-480 -155172
-495 -155172
-510.001 -155172
-525.001 -155172
-540.001 -155172
-555.001 -155172
-570.001 -155172
-585.001 -155172
-600.001 -155172
-615.001 -155172
-630.001 -155172
-645.001 -155172
-660.001 -155172
-675.001 -155172
-690.001 -155172
-705.001 -155172
-720.001 -155172
-735.001 -155172
-750.001 -155172
-765.001 -155172
-780.001 -155172
-795.001 -155172
-810.001 -155172
-825.001 -155172
-840.001 -155172
-855.001 -155172
-870.002 -155172
-885.002 -155172
-900.002 -155172
-915.002 -155172
-930.002 -155172
-945.002 -155172
-960.002 -155172
-975.002 -155172
-990.002 -155172
-1005 -155172
-1020 -155172
-1035 -155172
-1050 -155172
-1065 -155172
-1080 -155172
-1095 -155172
-1110 -155172
-1125 -155172
-1140 -155172
-1155 -155172
-1170 -155172
-1185 -155172
-1200 -155172
-1215 -155172
-1230 -155172
-1245 -155172
-1260 -155172
-1275 -155172
-1290 -155172
-1305 -155172
-1320 -155172
-1335 -155172
-1350 -155172
-1365 -155172
-1380 -155172
-1395 -155172
-1410 -155172
-1425 -155172
-1440 -155172
-1455 -155172
-1470 -155172
-1485 -155172
-1500 -155172
