0 -1.80342e-06
0 -4.83649e-06
0 -3.52853e-06
-1.83244e+08 -1.35285e-05
-2.84352e+08 -2.35285e-05
-2.85425e+08 -3.35285e-05
-2.52013e+08 -4.35285e-05
-1.92262e+08 -5.35285e-05
-8.65986e+07 -6.35285e-05
8.74064e+08 -7.35285e-05
8.74064e+08 -8.35285e-05
8.74064e+08 -9.35285e-05
8.74064e+08 -0.000103529
8.74064e+08 -0.000113529
8.74064e+08 -0.000123529
8.74064e+08 -0.000133529
8.74064e+08 -0.000143529
8.74064e+08 -0.000153529
8.74064e+08 -0.000163529
8.74064e+08 -0.000173529
8.74064e+08 -0.000183529
8.74064e+08 -0.000193529
8.74064e+08 -0.000203529
8.74064e+08 -0.000213529
8.74064e+08 -0.000223529
8.74064e+08 -0.000233529
8.74064e+08 -0.000243529
8.74064e+08 -0.000253529
8.74064e+08 -0.000263529
8.74064e+08 -0.000273529
8.74064e+08 -0.000283529
8.74064e+08 -0.000293529
8.74064e+08 -0.000303529
8.74064e+08 -0.000313529
8.74064e+08 -0.000323529
8.74064e+08 -0.000333529
8.74064e+08 -0.000343529
8.74064e+08 -0.000353529
8.74064e+08 -0.000363529
8.74064e+08 -0.000373529
8.74064e+08 -0.000383529
8.74064e+08 -0.000393529
8.74064e+08 -0.000403529
8.74064e+08 -0.000413529
8.74064e+08 -0.000423529
8.74064e+08 -0.000433529
8.74064e+08 -0.000443529
8.74064e+08 -0.000453529
8.74064e+08 -0.000463529
8.74064e+08 -0.000473529
8.74064e+08 -0.000483529
8.74064e+08 -0.000493529
8.74064e+08 -0.000503529
8.74064e+08 -0.000513529
8.74064e+08 -0.000523529
8.74064e+08 -0.000533529
8.74064e+08 -0.000543529
8.74064e+08 -0.000553529
8.74064e+08 -0.000563529
8.74064e+08 -0.000573529
8.74064e+08 -0.000583529
8.74064e+08 -0.000593529
8.74064e+08 -0.000603529
8.74064e+08 -0.000613529
8.74064e+08 -0.000623529
8.74064e+08 -0.000633529
8.74064e+08 -0.000643529
8.74064e+08 -0.000653529
8.74064e+08 -0.000663529
8.74064e+08 -0.000673529
8.74064e+08 -0.000683529
8.74064e+08 -0.000693529
8.74064e+08 -0.000703529
8.74064e+08 -0.000713529
8.74064e+08 -0.000723529
8.74064e+08 -0.000733529
8.74064e+08 -0.000743529
8.74064e+08 -0.000753529
8.74064e+08 -0.000763529
8.74064e+08 -0.000773529
8.74064e+08 -0.000783529
8.74064e+08 -0.000793529
8.74064e+08 -0.000803529
8.74064e+08 -0.000813529
8.74064e+08 -0.000823529
8.74064e+08 -0.000833529
8.74064e+08 -0.000843529
8.74064e+08 -0.000853529
8.74064e+08 -0.000863529
8.74064e+08 -0.000873529
8.74064e+08 -0.000883529
8.74064e+08 -0.000893529
8.74064e+08 -0.000903529
8.74064e+08 -0.000913529
8.74064e+08 -0.000923529
8.74064e+08 -0.000933529
8.74064e+08 -0.000943529
8.74064e+08 -0.000953529
8.74064e+08 -0.000963529
8.74064e+08 -0.000973529
8.74064e+08 -0.000983529
8.74064e+08 -0.000993529
8.74064e+08 -0.00100353
