0 -1.54537e-06
0 4.26956e-05
0 -52450.3
-15 -52450.3
-30 -52450.3
-45 -52450.3
-60 -52450.3
-75 -52450.3
-90 -52450.3
-105 -52450.3
-120 -52450.3
-135 -52450.3
-150 -52450.3
-165 -52450.3
-180 -52450.3
-195 -52450.3
-210 -52450.3
-225 -52450.3
-240 -52450.3
-255 -52450.3
-270 -52450.3
-285 -52450.3
-300 -52450.3
-315.001 -52450.3
-330.001 -52450.3
-345.001 -52450.3
-360.001 -52450.3
-375.001 -52450.3
-390.001 -52450.3
-405.001 -52450.3
-420.001 -52450.3
-435.001 -52450.3
-450.001 -52450.3
-465.001 -52450.3
-480.001 -52450.3
-495.001 -52450.3
-510.001 -52450.3
-525.001 -52450.3
-540.002 -52450.3
-555.002 -52450.3
-570.002 -52450.3
-585.002 -52450.3
-600.002 -52450.3
-615.002 -52450.3
-630.002 -52450.3
-645.002 -52450.3
-660.002 -52450.3
-675.002 -52450.3
-690.003 -52450.3
-705.003 -52450.3
-720.003 -52450.3
-735.003 -52450.3
-750.003 -52450.3
-765.003 -52450.3
-780.003 -52450.3
-795.003 -52450.3
-810.003 -52450.3
-825.004 -52450.3
-840.004 -52450.3
-855.004 -52450.3
-870.004 -52450.3
-885.004 -52450.3
-900.004 -52450.3
-915.004 -52450.3
-930.005 -52450.3
-945.005 -52450.3
-960.005 -52450.3
-975.005 -52450.3
-990.005 -52450.3
-1005.01 -52450.3
-1020.01 -52450.3
-1035.01 -52450.3
-1050.01 -52450.3
-1065.01 -52450.3
-1080.01 -52450.3
-1095.01 -52450.3
-1110.01 -52450.3
-1125.01 -52450.3
-1140.01 -52450.3
-1155.01 -52450.3
-1170.01 -52450.3
-1185.01 -52450.3
-1200.01 -52450.3
-1215.01 -52450.3
-1230.01 -52450.3
-1245.01 -52450.3
-1260.01 -52450.3
-1275.01 -52450.3
-1290.01 -52450.3
-1305.01 -52450.3
-1320.01 -52450.3
-1335.01 -52450.3
-1350.01 -52450.3
-1365.01 -52450.3
-1380.01 -52450.3
-1395.01 -52450.3
-1410.01 -52450.3
-1425.01 -52450.3
-1440.01 -52450.3
-1455.01 -52450.3
-1470.01 -52450.3
-1485.01 -52450.3
-1500.01 -52450.3
