0 -6.60212e-06
0 2.16285e-05
0 0.000190362
-9.54798e+07 0.000200362
-1.15963e+08 0.000210362
3.14386e+08 0.000220362
3.14386e+08 0.000230362
3.14386e+08 0.000240362
3.14386e+08 0.000250362
3.14386e+08 0.000260362
3.14386e+08 0.000270362
3.14386e+08 0.000280362
3.14386e+08 0.000290362
3.14386e+08 0.000300362
3.14386e+08 0.000310362
3.14386e+08 0.000320362
3.14386e+08 0.000330362
3.14386e+08 0.000340362
3.14386e+08 0.000350362
3.14386e+08 0.000360362
3.14386e+08 0.000370362
3.14386e+08 0.000380362
3.14386e+08 0.000390362
3.14386e+08 0.000400362
3.14386e+08 0.000410362
3.14386e+08 0.000420362
3.14386e+08 0.000430362
3.14386e+08 0.000440362
3.14386e+08 0.000450362
3.14386e+08 0.000460362
3.14386e+08 0.000470362
3.14386e+08 0.000480362
3.14386e+08 0.000490362
3.14386e+08 0.000500362
3.14386e+08 0.000510362
3.14386e+08 0.000520362
3.14386e+08 0.000530362
3.14386e+08 0.000540362
3.14386e+08 0.000550362
3.14386e+08 0.000560362
3.14386e+08 0.000570362
3.14386e+08 0.000580362
3.14386e+08 0.000590362
3.14386e+08 0.000600362
3.14386e+08 0.000610362
3.14386e+08 0.000620362
3.14386e+08 0.000630362
3.14386e+08 0.000640362
3.14386e+08 0.000650362
3.14386e+08 0.000660362
3.14386e+08 0.000670362
3.14386e+08 0.000680362
3.14386e+08 0.000690362
3.14386e+08 0.000700362
3.14386e+08 0.000710362
3.14386e+08 0.000720362
3.14386e+08 0.000730362
3.14386e+08 0.000740362
3.14386e+08 0.000750362
3.14386e+08 0.000760362
3.14386e+08 0.000770362
3.14386e+08 0.000780362
3.14386e+08 0.000790362
3.14386e+08 0.000800362
3.14386e+08 0.000810362
3.14386e+08 0.000820362
3.14386e+08 0.000830362
3.14386e+08 0.000840362
3.14386e+08 0.000850362
3.14386e+08 0.000860362
3.14386e+08 0.000870362
3.14386e+08 0.000880362
3.14386e+08 0.000890362
3.14386e+08 0.000900362
3.14386e+08 0.000910362
3.14386e+08 0.000920362
3.14386e+08 0.000930362
3.14386e+08 0.000940362
3.14386e+08 0.000950362
3.14386e+08 0.000960362
3.14386e+08 0.000970362
3.14386e+08 0.000980362
3.14386e+08 0.000990362
3.14386e+08 0.00100036
3.14386e+08 0.00101036
3.14386e+08 0.00102036
3.14386e+08 0.00103036
3.14386e+08 0.00104036
3.14386e+08 0.00105036
3.14386e+08 0.00106036
3.14386e+08 0.00107036
3.14386e+08 0.00108036
3.14386e+08 0.00109036
3.14386e+08 0.00110036
3.14386e+08 0.00111036
3.14386e+08 0.00112036
3.14386e+08 0.00113036
3.14386e+08 0.00114036
3.14386e+08 0.00115036
3.14386e+08 0.00116036
3.14386e+08 0.00117036
3.14386e+08 0.00118036
3.14386e+08 0.00119036
