0 -1.60735e-06
0 -2.23199e-05
0 -1.16291e-05
-1.18563e+08 -2.16291e-05
-1.5964e+08 -3.16291e-05
-1.78346e+08 -4.16291e-05
-1.867e+08 -5.16291e-05
-1.88739e+08 -6.16291e-05
-1.86401e+08 -7.16291e-05
-1.80243e+08 -8.16291e-05
-1.70316e+08 -9.16291e-05
-1.56338e+08 -0.000101629
-1.37239e+08 -0.000111629
-1.11218e+08 -0.000121629
-7.45732e+07 -0.000131629
-2.65845e+07 -0.000141629
2.63126e+07 -0.000151629
8.93859e+07 -0.000161629
2.2608e+08 -0.000171629
4.01949e+08 -0.000181629
6.16576e+08 -0.000191629
6.16576e+08 -0.000201629
6.16576e+08 -0.000211629
6.16576e+08 -0.000221629
6.16576e+08 -0.000231629
6.16576e+08 -0.000241629
6.16576e+08 -0.000251629
6.16576e+08 -0.000261629
6.16576e+08 -0.000271629
6.16576e+08 -0.000281629
6.16576e+08 -0.000291629
6.16576e+08 -0.000301629
6.16576e+08 -0.000311629
6.16576e+08 -0.000321629
6.16576e+08 -0.000331629
6.16576e+08 -0.000341629
6.16576e+08 -0.000351629
6.16576e+08 -0.000361629
6.16576e+08 -0.000371629
6.16576e+08 -0.000381629
6.16576e+08 -0.000391629
6.16576e+08 -0.000401629
6.16576e+08 -0.000411629
6.16576e+08 -0.000421629
6.16576e+08 -0.000431629
6.16576e+08 -0.000441629
6.16576e+08 -0.000451629
6.16576e+08 -0.000461629
6.16576e+08 -0.000471629
6.16576e+08 -0.000481629
6.16576e+08 -0.000491629
6.16576e+08 -0.000501629
6.16576e+08 -0.000511629
6.16576e+08 -0.000521629
6.16576e+08 -0.000531629
6.16576e+08 -0.000541629
6.16576e+08 -0.000551629
6.16576e+08 -0.000561629
6.16576e+08 -0.000571629
6.16576e+08 -0.000581629
6.16576e+08 -0.000591629
6.16576e+08 -0.000601629
6.16576e+08 -0.000611629
6.16576e+08 -0.000621629
6.16576e+08 -0.000631629
6.16576e+08 -0.000641629
6.16576e+08 -0.000651629
6.16576e+08 -0.000661629
6.16576e+08 -0.000671629
6.16576e+08 -0.000681629
6.16576e+08 -0.000691629
6.16576e+08 -0.000701629
6.16576e+08 -0.000711629
6.16576e+08 -0.000721629
6.16576e+08 -0.000731629
6.16576e+08 -0.000741629
6.16576e+08 -0.000751629
6.16576e+08 -0.000761629
6.16576e+08 -0.000771629
6.16576e+08 -0.000781629
6.16576e+08 -0.000791629
6.16576e+08 -0.000801629
6.16576e+08 -0.000811629
6.16576e+08 -0.000821629
6.16576e+08 -0.000831629
6.16576e+08 -0.000841629
6.16576e+08 -0.000851629
6.16576e+08 -0.000861629
6.16576e+08 -0.000871629
6.16576e+08 -0.000881629
6.16576e+08 -0.000891629
6.16576e+08 -0.000901629
6.16576e+08 -0.000911629
6.16576e+08 -0.000921629
6.16576e+08 -0.000931629
6.16576e+08 -0.000941629
6.16576e+08 -0.000951629
6.16576e+08 -0.000961629
6.16576e+08 -0.000971629
6.16576e+08 -0.000981629
6.16576e+08 -0.000991629
6.16576e+08 -0.00100163
6.16576e+08 -0.00101163
