0 -7.67495e-08
0 -4.97715e-06
0 -2.8472e-06
-9.85387e+07 -1.28472e-05
-1.22667e+08 -2.28472e-05
-1.40856e+08 -3.28472e-05
-1.56132e+08 -4.28472e-05
-1.65657e+08 -5.28472e-05
-1.72741e+08 -6.28472e-05
-1.77835e+08 -7.28472e-05
-1.81781e+08 -8.28472e-05
-1.84902e+08 -9.28472e-05
-1.8742e+08 -0.000102847
-1.89372e+08 -0.000112847
-1.90926e+08 -0.000122847
-1.92097e+08 -0.000132847
-1.93014e+08 -0.000142847
-1.93713e+08 -0.000152847
-1.94222e+08 -0.000162847
-1.94567e+08 -0.000172847
-1.94783e+08 -0.000182847
-1.94884e+08 -0.000192847
-1.94883e+08 -0.000202847
-1.94784e+08 -0.000212847
-1.94606e+08 -0.000222847
-1.94337e+08 -0.000232847
-1.93981e+08 -0.000242847
-1.9356e+08 -0.000252847
-1.93049e+08 -0.000262847
-1.92448e+08 -0.000272847
-1.91754e+08 -0.000282847
-1.77116e+08 -0.000292847
-1.77484e+08 -0.000302847
-1.7737e+08 -0.000312847
-1.76944e+08 -0.000322847
-1.76259e+08 -0.000332847
-1.75392e+08 -0.000342847
-1.74313e+08 -0.000352847
-1.73052e+08 -0.000362847
-1.71446e+08 -0.000372847
-1.69435e+08 -0.000382847
-1.66677e+08 -0.000392847
-1.63545e+08 -0.000402847
-1.59715e+08 -0.000412847
-1.54858e+08 -0.000422847
-1.48944e+08 -0.000432847
-9.43232e+07 -0.000442847
-5.24613e+07 -0.000452847
-5.96384e+07 -0.000462847
-6.17668e+07 -0.000472847
-6.15536e+07 -0.000482847
-6.09782e+07 -0.000492847
-6.01002e+07 -0.000502847
-5.86264e+07 -0.000512847
-5.59273e+07 -0.000522847
-5.11522e+07 -0.000532847
-4.61472e+07 -0.000542847
-4.14783e+07 -0.000552847
-3.70356e+07 -0.000562847
-3.27036e+07 -0.000572847
-2.85928e+07 -0.000582847
-2.47936e+07 -0.000592847
-2.10788e+07 -0.000602847
-1.7553e+07 -0.000612847
-1.43873e+07 -0.000622847
-1.10995e+07 -0.000632847
-8.05705e+06 -0.000642847
-5.20499e+06 -0.000652847
-2.63071e+06 -0.000662847
39693.2 -0.000672847
2.53365e+06 -0.000682847
4.83298e+06 -0.000692847
7.16495e+06 -0.000702847
9.3308e+06 -0.000712847
1.14609e+07 -0.000722847
1.32906e+07 -0.000732847
1.52632e+07 -0.000742847
1.6993e+07 -0.000752847
1.88134e+07 -0.000762847
2.05502e+07 -0.000772847
2.20645e+07 -0.000782847
2.35348e+07 -0.000792847
2.52605e+07 -0.000802847
2.63426e+07 -0.000812847
2.81866e+07 -0.000822847
2.92498e+07 -0.000832847
3.04634e+07 -0.000842847
3.20143e+07 -0.000852847
3.30661e+07 -0.000862847
3.40685e+07 -0.000872847
3.56487e+07 -0.000882847
3.64909e+07 -0.000892847
3.72471e+07 -0.000902847
3.88007e+07 -0.000912847
3.9765e+07 -0.000922847
4.03109e+07 -0.000932847
4.18038e+07 -0.000942847
4.27845e+07 -0.000952847
4.31214e+07 -0.000962847
4.47165e+07 -0.000972847
4.54549e+07 -0.000982847
4.5865e+07 -0.000992847
4.63941e+07 -0.00100285
