0 -9.03622e-07
0 1.50734e-06
0 4.27162e-07
1.6947e+08 1.04272e-05
2.69324e+08 2.04272e-05
3.00313e+08 3.04272e-05
3.08646e+08 4.04272e-05
3.09432e+08 5.04272e-05
3.06535e+08 6.04272e-05
3.01025e+08 7.04272e-05
2.92926e+08 8.04272e-05
2.81292e+08 9.04272e-05
2.65004e+08 0.000100427
2.40278e+08 0.000110427
1.93184e+08 0.000120427
-2.46008e+07 0.000130427
3.98205e+08 0.000140427
3.98205e+08 0.000150427
3.98205e+08 0.000160427
3.98205e+08 0.000170427
3.98205e+08 0.000180427
3.98205e+08 0.000190427
3.98205e+08 0.000200427
3.98205e+08 0.000210427
3.98205e+08 0.000220427
3.98205e+08 0.000230427
3.98205e+08 0.000240427
3.98205e+08 0.000250427
3.98205e+08 0.000260427
3.98205e+08 0.000270427
3.98205e+08 0.000280427
3.98205e+08 0.000290427
3.98205e+08 0.000300427
3.98205e+08 0.000310427
3.98205e+08 0.000320427
3.98205e+08 0.000330427
3.98205e+08 0.000340427
3.98205e+08 0.000350427
3.98205e+08 0.000360427
3.98205e+08 0.000370427
3.98205e+08 0.000380427
3.98205e+08 0.000390427
3.98205e+08 0.000400427
3.98205e+08 0.000410427
3.98205e+08 0.000420427
3.98205e+08 0.000430427
3.98205e+08 0.000440427
3.98205e+08 0.000450427
3.98205e+08 0.000460427
3.98205e+08 0.000470427
3.98205e+08 0.000480427
3.98205e+08 0.000490427
3.98205e+08 0.000500427
3.98205e+08 0.000510427
3.98205e+08 0.000520427
3.98205e+08 0.000530427
3.98205e+08 0.000540427
3.98205e+08 0.000550427
3.98205e+08 0.000560427
3.98205e+08 0.000570427
3.98205e+08 0.000580427
3.98205e+08 0.000590427
3.98205e+08 0.000600427
3.98205e+08 0.000610427
3.98205e+08 0.000620427
3.98205e+08 0.000630427
3.98205e+08 0.000640427
3.98205e+08 0.000650427
3.98205e+08 0.000660427
3.98205e+08 0.000670427
3.98205e+08 0.000680427
3.98205e+08 0.000690427
3.98205e+08 0.000700427
3.98205e+08 0.000710427
3.98205e+08 0.000720427
3.98205e+08 0.000730427
3.98205e+08 0.000740427
3.98205e+08 0.000750427
3.98205e+08 0.000760427
3.98205e+08 0.000770427
3.98205e+08 0.000780427
3.98205e+08 0.000790427
3.98205e+08 0.000800427
3.98205e+08 0.000810427
3.98205e+08 0.000820427
3.98205e+08 0.000830427
3.98205e+08 0.000840427
3.98205e+08 0.000850427
3.98205e+08 0.000860427
3.98205e+08 0.000870427
3.98205e+08 0.000880427
3.98205e+08 0.000890427
3.98205e+08 0.000900427
3.98205e+08 0.000910427
3.98205e+08 0.000920427
3.98205e+08 0.000930427
3.98205e+08 0.000940427
3.98205e+08 0.000950427
3.98205e+08 0.000960427
3.98205e+08 0.000970427
3.98205e+08 0.000980427
3.98205e+08 0.000990427
3.98205e+08 0.00100043
