0 -1.10977e-06
0 -2.96175e-06
0 -1.54342e-06
-1.43397e+08 -1.15434e-05
-1.88724e+08 -2.15434e-05
-2.11567e+08 -3.15434e-05
-2.30571e+08 -4.15434e-05
-2.44547e+08 -5.15434e-05
-2.52953e+08 -6.15434e-05
-2.59077e+08 -7.15434e-05
-2.63112e+08 -8.15434e-05
-2.65851e+08 -9.15434e-05
-2.67655e+08 -0.000101543
-2.68798e+08 -0.000111543
-2.69392e+08 -0.000121543
-2.69521e+08 -0.000131543
-2.69263e+08 -0.000141543
-2.6865e+08 -0.000151543
-2.67685e+08 -0.000161543
-2.66387e+08 -0.000171543
-2.64746e+08 -0.000181543
-2.62713e+08 -0.000191543
-2.6023e+08 -0.000201543
-2.57175e+08 -0.000211543
-2.53352e+08 -0.000221543
-2.48429e+08 -0.000231543
-2.41668e+08 -0.000241543
-2.32028e+08 -0.000251543
-2.20804e+08 -0.000261543
-2.08243e+08 -0.000271543
-1.93982e+08 -0.000281543
-1.776e+08 -0.000291543
-1.59619e+08 -0.000301543
-1.43029e+08 -0.000311543
-1.28293e+08 -0.000321543
-1.14641e+08 -0.000331543
-1.02482e+08 -0.000341543
-9.08737e+07 -0.000351543
-8.03694e+07 -0.000361543
-7.03202e+07 -0.000371543
-6.04819e+07 -0.000381543
-5.11749e+07 -0.000391543
-4.16079e+07 -0.000401543
-3.18064e+07 -0.000411543
-2.16447e+07 -0.000421543
-1.05659e+07 -0.000431543
686829 -0.000441543
1.22054e+07 -0.000451543
2.36181e+07 -0.000461543
3.48788e+07 -0.000471543
4.5978e+07 -0.000481543
5.59919e+07 -0.000491543
6.49895e+07 -0.000501543
7.4775e+07 -0.000511543
8.29226e+07 -0.000521543
9.15119e+07 -0.000531543
9.87255e+07 -0.000541543
1.44133e+08 -0.000551543
1.51977e+08 -0.000561543
1.44053e+08 -0.000571543
1.62886e+08 -0.000581543
1.99579e+08 -0.000591543
1.99579e+08 -0.000601543
1.99579e+08 -0.000611543
1.99579e+08 -0.000621543
1.99579e+08 -0.000631543
1.99579e+08 -0.000641543
1.99579e+08 -0.000651543
1.99579e+08 -0.000661543
1.99579e+08 -0.000671543
1.99579e+08 -0.000681543
1.99579e+08 -0.000691543
1.99579e+08 -0.000701543
1.99579e+08 -0.000711543
1.99579e+08 -0.000721543
1.99579e+08 -0.000731543
1.99579e+08 -0.000741543
1.99579e+08 -0.000751543
1.99579e+08 -0.000761543
1.99579e+08 -0.000771543
1.99579e+08 -0.000781543
1.99579e+08 -0.000791543
1.99579e+08 -0.000801543
1.99579e+08 -0.000811543
1.99579e+08 -0.000821543
1.99579e+08 -0.000831543
1.99579e+08 -0.000841543
1.99579e+08 -0.000851543
1.99579e+08 -0.000861543
1.99579e+08 -0.000871543
1.99579e+08 -0.000881543
1.99579e+08 -0.000891543
1.99579e+08 -0.000901543
1.99579e+08 -0.000911543
1.99579e+08 -0.000921543
1.99579e+08 -0.000931543
1.99579e+08 -0.000941543
1.99579e+08 -0.000951543
1.99579e+08 -0.000961543
1.99579e+08 -0.000971543
1.99579e+08 -0.000981543
1.99579e+08 -0.000991543
1.99579e+08 -0.00100154
