0 0
0 0.000372934
0 107737
-15 107737
-30 107737
-45 107737
-60 107737
-75 107737
-90 107737
-105 107737
-120 107737
-135 107737
-150 107737
-165 107737
-180 107737
-195 107737
-210 107737
-225 107737
-240 107737
-255 107737
-270 107737
-285 107737
-300 107737
-315 107737
-330 107737
-345 107737
-360 107737
-375 107737
-390 107737
-404.999 107737
-419.999 107737
-434.999 107737
-449.999 107737
-464.999 107737
-479.999 107737
-494.999 107737
-509.999 107737
-524.999 107737
-539.999 107737
-554.999 107737
-569.999 107737
-584.999 107737
-599.999 107737
-614.999 107737
-629.999 107737
-644.999 107737
-659.999 107737
-674.999 107737
-689.998 107737
-704.998 107737
-719.998 107737
-734.998 107737
-749.998 107737
-764.998 107737
-779.998 107737
-794.998 107737
-809.998 107737
-824.998 107737
-839.998 107737
-854.998 107737
-869.998 107737
-884.997 107737
-899.997 107737
-914.997 107737
-929.997 107737
-944.997 107737
-959.997 107737
-974.997 107737
-989.997 107737
-1005 107737
-1020 107737
-1035 107737
-1050 107737
-1065 107737
-1080 107737
-1095 107737
-1110 107737
-1125 107737
-1140 107737
-1155 107737
-1170 107737
-1185 107737
-1200 107737
-1215 107737
-1230 107737
-1244.99 107737
-1259.99 107737
-1274.99 107737
-1289.99 107737
-1304.99 107737
-1319.99 107737
-1334.99 107737
-1349.99 107737
-1364.99 107737
-1379.99 107737
-1394.99 107737
-1409.99 107737
-1424.99 107737
-1439.99 107737
-1454.99 107737
-1469.99 107737
-1484.99 107737
-1499.99 107737
