0 -2.30485e-06
0 -2.61118e-05
0 -1.36956e-05
-1.02261e+08 -2.36956e-05
-1.39711e+08 -3.36956e-05
-1.59294e+08 -4.36956e-05
-1.66381e+08 -5.36956e-05
-1.67429e+08 -6.36956e-05
-1.64251e+08 -7.36956e-05
-1.5728e+08 -8.36956e-05
-1.46522e+08 -9.36956e-05
-1.31558e+08 -0.000103696
-1.11258e+08 -0.000113696
-8.35278e+07 -0.000123696
-4.40478e+07 -0.000133696
4.48259e+06 -0.000143696
5.86392e+07 -0.000153696
1.28748e+08 -0.000163696
2.79395e+08 -0.000173696
3.04069e+08 -0.000183696
6.37353e+08 -0.000193696
6.37353e+08 -0.000203696
6.37353e+08 -0.000213696
6.37353e+08 -0.000223696
6.37353e+08 -0.000233696
6.37353e+08 -0.000243696
6.37353e+08 -0.000253696
6.37353e+08 -0.000263696
6.37353e+08 -0.000273696
6.37353e+08 -0.000283696
6.37353e+08 -0.000293696
6.37353e+08 -0.000303696
6.37353e+08 -0.000313696
6.37353e+08 -0.000323696
6.37353e+08 -0.000333696
6.37353e+08 -0.000343696
6.37353e+08 -0.000353696
6.37353e+08 -0.000363696
6.37353e+08 -0.000373696
6.37353e+08 -0.000383696
6.37353e+08 -0.000393696
6.37353e+08 -0.000403696
6.37353e+08 -0.000413696
6.37353e+08 -0.000423696
6.37353e+08 -0.000433696
6.37353e+08 -0.000443696
6.37353e+08 -0.000453696
6.37353e+08 -0.000463696
6.37353e+08 -0.000473696
6.37353e+08 -0.000483696
6.37353e+08 -0.000493696
6.37353e+08 -0.000503696
6.37353e+08 -0.000513696
6.37353e+08 -0.000523696
6.37353e+08 -0.000533696
6.37353e+08 -0.000543696
6.37353e+08 -0.000553696
6.37353e+08 -0.000563696
6.37353e+08 -0.000573696
6.37353e+08 -0.000583696
6.37353e+08 -0.000593696
6.37353e+08 -0.000603696
6.37353e+08 -0.000613696
6.37353e+08 -0.000623696
6.37353e+08 -0.000633696
6.37353e+08 -0.000643696
6.37353e+08 -0.000653696
6.37353e+08 -0.000663696
6.37353e+08 -0.000673696
6.37353e+08 -0.000683696
6.37353e+08 -0.000693696
6.37353e+08 -0.000703696
6.37353e+08 -0.000713696
6.37353e+08 -0.000723696
6.37353e+08 -0.000733696
6.37353e+08 -0.000743696
6.37353e+08 -0.000753696
6.37353e+08 -0.000763696
6.37353e+08 -0.000773696
6.37353e+08 -0.000783696
6.37353e+08 -0.000793696
6.37353e+08 -0.000803696
6.37353e+08 -0.000813696
6.37353e+08 -0.000823696
6.37353e+08 -0.000833696
6.37353e+08 -0.000843696
6.37353e+08 -0.000853696
6.37353e+08 -0.000863696
6.37353e+08 -0.000873696
6.37353e+08 -0.000883696
6.37353e+08 -0.000893696
6.37353e+08 -0.000903696
6.37353e+08 -0.000913696
6.37353e+08 -0.000923696
6.37353e+08 -0.000933696
6.37353e+08 -0.000943696
6.37353e+08 -0.000953696
6.37353e+08 -0.000963696
6.37353e+08 -0.000973696
6.37353e+08 -0.000983696
6.37353e+08 -0.000993696
6.37353e+08 -0.0010037
6.37353e+08 -0.0010137
