0 -1.53668e-07
0 3.40734e+07
0 3.40734e+07
-1.62818e+08 1.96891e+08
-2.28477e+08 2.6255e+08
-2.11197e+08 2.45271e+08
-1.58507e+08 1.9258e+08
-6.82649e+07 1.02338e+08
7.40375e+08 0
7.40375e+08 0
7.40375e+08 0
7.40375e+08 0
7.40375e+08 0
7.40375e+08 0
7.40375e+08 0
7.40375e+08 0
7.40375e+08 0
7.40375e+08 0
7.40375e+08 0
7.40375e+08 0
7.40375e+08 0
7.40375e+08 0
7.40375e+08 0
7.40375e+08 0
7.40375e+08 0
7.40375e+08 0
7.40375e+08 0
7.40375e+08 0
7.40375e+08 0
7.40375e+08 0
7.40375e+08 0
7.40375e+08 0
7.40375e+08 0
7.40375e+08 0
7.40375e+08 0
7.40375e+08 0
7.40375e+08 0
7.40375e+08 0
7.40375e+08 0
7.40375e+08 0
7.40375e+08 0
7.40375e+08 0
7.40375e+08 0
7.40375e+08 0
7.40375e+08 0
7.40375e+08 0
7.40375e+08 0
7.40375e+08 0
7.40375e+08 0
7.40375e+08 0
7.40375e+08 0
7.40375e+08 0
7.40375e+08 0
7.40375e+08 0
7.40375e+08 0
7.40375e+08 0
7.40375e+08 0
7.40375e+08 0
7.40375e+08 0
7.40375e+08 0
7.40375e+08 0
7.40375e+08 0
7.40375e+08 0
7.40375e+08 0
7.40375e+08 0
7.40375e+08 0
7.40375e+08 0
7.40375e+08 0
7.40375e+08 0
7.40375e+08 0
7.40375e+08 0
7.40375e+08 0
7.40375e+08 0
7.40375e+08 0
7.40375e+08 0
7.40375e+08 0
7.40375e+08 0
7.40375e+08 0
7.40375e+08 0
7.40375e+08 0
7.40375e+08 0
7.40375e+08 0
7.40375e+08 0
7.40375e+08 0
7.40375e+08 0
7.40375e+08 0
7.40375e+08 0
7.40375e+08 0
7.40375e+08 0
7.40375e+08 0
7.40375e+08 0
7.40375e+08 0
7.40375e+08 0
7.40375e+08 0
7.40375e+08 0
7.40375e+08 0
7.40375e+08 0
7.40375e+08 0
7.40375e+08 0
7.40375e+08 0
7.40375e+08 0
7.40375e+08 0
7.40375e+08 0
