0 -2.10712e-08
0 -5.0996e+07
0 -5.0996e+07
1.5667e+08 -2.07666e+08
2.30467e+08 -2.81463e+08
2.57458e+08 -3.08454e+08
2.70174e+08 -3.2117e+08
2.76759e+08 -3.27755e+08
2.79325e+08 -3.30321e+08
2.79615e+08 -3.30611e+08
2.78452e+08 -3.29448e+08
2.76246e+08 -3.27242e+08
2.73119e+08 -3.24115e+08
2.69176e+08 -3.20172e+08
2.64391e+08 -3.15387e+08
2.58716e+08 -3.09712e+08
2.51971e+08 -3.02967e+08
2.43469e+08 -2.94465e+08
2.3143e+08 -2.82843e+08
2.16089e+08 -2.67085e+08
1.92556e+08 -2.43552e+08
1.59189e+08 -2.10185e+08
-1.60967e+07 -3.48993e+07
4.01586e+08 0
4.01586e+08 0
4.01586e+08 0
4.01586e+08 0
4.01586e+08 0
4.01586e+08 0
4.01586e+08 0
4.01586e+08 0
4.01586e+08 0
4.01586e+08 0
4.01586e+08 0
4.01586e+08 0
4.01586e+08 0
4.01586e+08 0
4.01586e+08 0
4.01586e+08 0
4.01586e+08 0
4.01586e+08 0
4.01586e+08 0
4.01586e+08 0
4.01586e+08 0
4.01586e+08 0
4.01586e+08 0
4.01586e+08 0
4.01586e+08 0
4.01586e+08 0
4.01586e+08 0
4.01586e+08 0
4.01586e+08 0
4.01586e+08 0
4.01586e+08 0
4.01586e+08 0
4.01586e+08 0
4.01586e+08 0
4.01586e+08 0
4.01586e+08 0
4.01586e+08 0
4.01586e+08 0
4.01586e+08 0
4.01586e+08 0
4.01586e+08 0
4.01586e+08 0
4.01586e+08 0
4.01586e+08 0
4.01586e+08 0
4.01586e+08 0
4.01586e+08 0
4.01586e+08 0
4.01586e+08 0
4.01586e+08 0
4.01586e+08 0
4.01586e+08 0
4.01586e+08 0
4.01586e+08 0
4.01586e+08 0
4.01586e+08 0
4.01586e+08 0
4.01586e+08 0
4.01586e+08 0
4.01586e+08 0
4.01586e+08 0
4.01586e+08 0
4.01586e+08 0
4.01586e+08 0
4.01586e+08 0
4.01586e+08 0
4.01586e+08 0
4.01586e+08 0
4.01586e+08 0
4.01586e+08 0
4.01586e+08 0
4.01586e+08 0
4.01586e+08 0
4.01586e+08 0
4.01586e+08 0
4.01586e+08 0
4.01586e+08 0
4.01586e+08 0
4.01586e+08 0
4.01586e+08 0
