0 -9.2937e-07
0 4.81569e-05
0 -352141
-15 -352141
-30 -352141
-45 -352141
-60 -352141
-75 -352141
-90 -352141
-105 -352141
-120 -352141
-135 -352141
-150 -352141
-165 -352141
-180 -352141
-195 -352141
-210 -352141
-225 -352141
-240 -352141
-255 -352141
-270 -352141
-285 -352141
-300 -352141
-315 -352141
-330 -352141
-345 -352141
-360 -352141
-375 -352141
-390 -352141
-405 -352141
-420 -352141
-435 -352141
-450 -352141
-465 -352141
-480 -352141
-495 -352141
-510 -352141
-525 -352141
-540 -352141
-555 -352141
-570 -352141
-585 -352141
-600 -352141
-615 -352141
-630 -352141
-645 -352141
-660 -352141
-675 -352141
-690 -352141
-705 -352141
-720 -352141
-735 -352141
-750 -352141
-765 -352141
-780 -352141
-795.001 -352141
-810.001 -352141
-825.001 -352141
-840.001 -352141
-855.001 -352141
-870.001 -352141
-885.001 -352141
-900.001 -352141
-915.001 -352141
-930.001 -352141
-945.001 -352141
-960.001 -352141
-975.001 -352141
-990.001 -352141
-1005 -352141
-1020 -352141
-1035 -352141
-1050 -352141
-1065 -352141
-1080 -352141
-1095 -352141
-1110 -352141
-1125 -352141
-1140 -352141
-1155 -352141
-1170 -352141
-1185 -352141
-1200 -352141
-1215 -352141
-1230 -352141
-1245 -352141
-1260 -352141
-1275 -352141
-1290 -352141
-1305 -352141
-1320 -352141
-1335 -352141
-1350 -352141
-1365 -352141
-1380 -352141
-1395 -352141
-1410 -352141
-1425 -352141
-1440 -352141
-1455 -352141
-1470 -352141
-1485 -352141
-1500 -352141
