0 5.64149e-07
0 9.38585e+07
0 9.38585e+07
-5.1885e+07 1.45743e+08
-7.05575e+07 1.64416e+08
-8.8004e+07 1.81863e+08
-9.99896e+07 1.93848e+08
-1.09031e+08 2.0289e+08
-1.15189e+08 2.09048e+08
-1.20007e+08 2.13865e+08
-1.23689e+08 2.17547e+08
-1.26545e+08 2.20404e+08
-1.28779e+08 2.22637e+08
-1.3051e+08 2.24368e+08
-1.31813e+08 2.25672e+08
-1.32738e+08 2.26597e+08
-1.33365e+08 2.27223e+08
-1.34182e+08 2.2804e+08
-1.34441e+08 2.28299e+08
-1.34509e+08 2.28367e+08
-1.34397e+08 2.28255e+08
-1.34119e+08 2.27977e+08
-1.33672e+08 2.27531e+08
-1.33065e+08 2.26924e+08
-1.32276e+08 2.26134e+08
-1.31266e+08 2.25124e+08
-1.30018e+08 2.23877e+08
-1.28441e+08 2.223e+08
-1.26439e+08 2.20298e+08
-1.23843e+08 2.17701e+08
-1.20326e+08 2.14184e+08
-1.1502e+08 2.08879e+08
-1.06203e+08 2.00061e+08
-9.59401e+07 1.89799e+08
-8.66706e+07 1.80529e+08
-7.85175e+07 1.72376e+08
-7.13033e+07 1.65162e+08
-6.4813e+07 1.58672e+08
-5.87797e+07 1.52638e+08
-5.31515e+07 1.4701e+08
-4.76636e+07 1.41522e+08
-4.36446e+07 1.37503e+08
-3.88437e+07 1.32702e+08
-3.40982e+07 1.27957e+08
-2.94861e+07 1.23345e+08
-2.52001e+07 1.19059e+08
-2.12443e+07 1.15103e+08
-1.73857e+07 1.11244e+08
-1.36175e+07 1.07476e+08
-1.04426e+07 1.04301e+08
-7.27458e+06 1.01133e+08
-4.2569e+06 9.81154e+07
-1.69672e+06 9.55552e+07
1.02169e+06 9.28368e+07
8.52475e+07 6.51097e+07
8.48753e+07 8.98325e+06
8.28259e+07 1.10326e+07
8.10073e+07 1.28512e+07
7.94429e+07 1.44156e+07
7.8216e+07 1.56425e+07
7.73371e+07 1.65214e+07
7.67206e+07 1.71379e+07
7.64073e+07 1.74512e+07
7.65375e+07 1.7321e+07
7.73828e+07 1.64757e+07
7.84743e+07 1.53842e+07
7.97723e+07 1.40862e+07
8.06699e+07 1.31886e+07
8.16263e+07 1.22322e+07
9.42268e+07 -368309
9.51801e+07 -1.32157e+06
9.61552e+07 -2.29671e+06
9.68089e+07 -2.95039e+06
9.74169e+07 -3.55844e+06
9.82443e+07 -4.3858e+06
9.90378e+07 -5.17926e+06
9.98282e+07 -5.96974e+06
1.00338e+08 -6.47916e+06
1.00827e+08 -6.96851e+06
1.01397e+08 -7.53819e+06
1.01936e+08 -8.07723e+06
1.02653e+08 -8.79407e+06
1.03394e+08 -9.53502e+06
1.03773e+08 -9.91463e+06
1.04148e+08 -1.02898e+07
1.04736e+08 -1.08776e+07
1.05374e+08 -1.15152e+07
1.05996e+08 -1.21378e+07
1.06451e+08 -1.25926e+07
1.06767e+08 -1.29083e+07
1.07157e+08 -1.32989e+07
1.07553e+08 -1.36948e+07
1.08153e+08 -1.42941e+07
1.08652e+08 -1.47939e+07
1.09037e+08 -1.5179e+07
1.09261e+08 -1.54023e+07
1.09532e+08 -1.5673e+07
1.09886e+08 -1.60275e+07
1.1037e+08 -1.65111e+07
1.1077e+08 -1.69116e+07
1.11045e+08 -1.71866e+07
1.11397e+08 -1.7538e+07
1.11639e+08 -1.77802e+07
