0 3.81842e-08
0 -1.80321e+08
0 -1.80321e+08
6.27279e+07 -2.43049e+08
8.64396e+07 -2.66761e+08
9.88973e+07 -2.79218e+08
1.05473e+08 -2.85794e+08
1.09032e+08 -2.89353e+08
1.1036e+08 -2.90681e+08
1.10354e+08 -2.90675e+08
1.09375e+08 -2.89696e+08
1.0752e+08 -2.87841e+08
1.04874e+08 -2.85195e+08
1.01434e+08 -2.81755e+08
9.71694e+07 -2.7749e+08
9.19956e+07 -2.72316e+08
8.57175e+07 -2.66038e+08
7.81055e+07 -2.58426e+08
6.8707e+07 -2.49028e+08
5.62673e+07 -2.36588e+08
2.97949e+07 -2.10116e+08
-1.97939e+07 -1.60527e+08
-7.37445e+07 -1.06576e+08
-1.28605e+08 -5.17155e+07
1.022e+08 0
1.022e+08 0
1.022e+08 0
1.022e+08 0
1.022e+08 0
1.022e+08 0
1.022e+08 0
1.022e+08 0
1.022e+08 0
1.022e+08 0
1.022e+08 0
1.022e+08 0
1.022e+08 0
1.022e+08 0
1.022e+08 0
1.022e+08 0
1.022e+08 0
1.022e+08 0
1.022e+08 0
1.022e+08 0
1.022e+08 0
1.022e+08 0
1.022e+08 0
1.022e+08 0
1.022e+08 0
1.022e+08 0
1.022e+08 0
1.022e+08 0
1.022e+08 0
1.022e+08 0
1.022e+08 0
1.022e+08 0
1.022e+08 0
1.022e+08 0
1.022e+08 0
1.022e+08 0
1.022e+08 0
1.022e+08 0
1.022e+08 0
1.022e+08 0
1.022e+08 0
1.022e+08 0
1.022e+08 0
1.022e+08 0
1.022e+08 0
1.022e+08 0
1.022e+08 0
1.022e+08 0
1.022e+08 0
1.022e+08 0
1.022e+08 0
1.022e+08 0
1.022e+08 0
1.022e+08 0
1.022e+08 0
1.022e+08 0
1.022e+08 0
1.022e+08 0
1.022e+08 0
1.022e+08 0
1.022e+08 0
1.022e+08 0
1.022e+08 0
1.022e+08 0
1.022e+08 0
1.022e+08 0
1.022e+08 0
1.022e+08 0
1.022e+08 0
1.022e+08 0
1.022e+08 0
1.022e+08 0
1.022e+08 0
1.022e+08 0
1.022e+08 0
1.022e+08 0
1.022e+08 0
1.022e+08 0
1.022e+08 0
