0 -4.91124e-07
0 -6.09427e-05
0 -55828.6
-15 -55828.6
-30 -55828.6
-45 -55828.6
-60 -55828.6
-75 -55828.6
-90 -55828.6
-105 -55828.6
-120 -55828.6
-135 -55828.6
-150 -55828.6
-165 -55828.6
-180 -55828.6
-195 -55828.6
-210 -55828.6
-225 -55828.6
-240 -55828.6
-255 -55828.6
-270 -55828.6
-285 -55828.6
-300 -55828.6
-315 -55828.6
-330 -55828.6
-345 -55828.6
-360 -55828.6
-375 -55828.6
-390 -55828.6
-405 -55828.6
-420.001 -55828.6
-435.001 -55828.6
-450.001 -55828.6
-465.001 -55828.6
-480.001 -55828.6
-495.001 -55828.6
-510.001 -55828.6
-525.001 -55828.6
-540.001 -55828.6
-555.001 -55828.6
-570.001 -55828.6
-585.001 -55828.6
-600.001 -55828.6
-615.001 -55828.6
-630.001 -55828.6
-645.001 -55828.6
-660.001 -55828.6
-675.001 -55828.6
-690.001 -55828.6
-705.001 -55828.6
-720.002 -55828.6
-735.002 -55828.6
-750.002 -55828.6
-765.002 -55828.6
-780.002 -55828.6
-795.002 -55828.6
-810.002 -55828.6
-825.002 -55828.6
-840.002 -55828.6
-855.002 -55828.6
-870.002 -55828.6
-885.002 -55828.6
-900.002 -55828.6
-915.002 -55828.6
-930.003 -55828.6
-945.003 -55828.6
-960.003 -55828.6
-975.003 -55828.6
-990.003 -55828.6
-1005 -55828.6
-1020 -55828.6
-1035 -55828.6
-1050 -55828.6
-1065 -55828.6
-1080 -55828.6
-1095 -55828.6
-1110 -55828.6
-1125 -55828.6
-1140 -55828.6
-1155 -55828.6
-1170 -55828.6
-1185 -55828.6
-1200 -55828.6
-1215 -55828.6
-1230 -55828.6
-1245 -55828.6
-1260 -55828.6
-1275 -55828.6
-1290 -55828.6
-1305 -55828.6
-1320.01 -55828.6
-1335.01 -55828.6
-1350.01 -55828.6
-1365.01 -55828.6
-1380.01 -55828.6
-1395.01 -55828.6
-1410.01 -55828.6
-1425.01 -55828.6
-1440.01 -55828.6
-1455.01 -55828.6
-1470.01 -55828.6
-1485.01 -55828.6
-1500.01 -55828.6
