0 -2.90133e-07
0 0.00018014
0 -189257
-15 -189257
-30 -189257
-45 -189257
-60 -189257
-75 -189257
-90 -189257
-105 -189257
-120 -189257
-135 -189257
-150 -189257
-165 -189257
-180 -189257
-195 -189257
-210 -189257
-225 -189257
-240 -189257
-255 -189257
-270 -189257
-285 -189257
-300 -189257
-315 -189257
-330 -189257
-345 -189257
-360 -189257
-375 -189257
-390 -189257
-405 -189257
-420 -189257
-435 -189257
-450 -189257
-465 -189257
-480 -189257
-495 -189257
-510.001 -189257
-525.001 -189257
-540.001 -189257
-555.001 -189257
-570.001 -189257
-585.001 -189257
-600.001 -189257
-615.001 -189257
-630.001 -189257
-645.001 -189257
-660.001 -189257
-675.001 -189257
-690.001 -189257
-705.001 -189257
-720.001 -189257
-735.001 -189257
-750.001 -189257
-765.001 -189257
-780.001 -189257
-795.001 -189257
-810.001 -189257
-825.001 -189257
-840.001 -189257
-855.001 -189257
-870.001 -189257
-885.002 -189257
-900.002 -189257
-915.002 -189257
-930.002 -189257
-945.002 -189257
-960.002 -189257
-975.002 -189257
-990.002 -189257
-1005 -189257
-1020 -189257
-1035 -189257
-1050 -189257
-1065 -189257
-1080 -189257
-1095 -189257
-1110 -189257
-1125 -189257
-1140 -189257
-1155 -189257
-1170 -189257
-1185 -189257
-1200 -189257
-1215 -189257
-1230 -189257
-1245 -189257
-1260 -189257
-1275 -189257
-1290 -189257
-1305 -189257
-1320 -189257
-1335 -189257
-1350 -189257
-1365 -189257
-1380 -189257
-1395 -189257
-1410 -189257
-1425 -189257
-1440 -189257
-1455 -189257
-1470 -189257
-1485 -189257
-1500 -189257
