0 -1.09665e-06
0 -2.38731e-05
0 -2.96623e-05
-1.61015e+07 -3.96623e-05
-2.70668e+07 -4.96623e-05
-3.43463e+07 -5.96623e-05
-4.01827e+07 -6.96623e-05
-4.46584e+07 -7.96623e-05
-4.80568e+07 -8.96623e-05
-5.07185e+07 -9.96623e-05
-5.2779e+07 -0.000109662
-5.43809e+07 -0.000119662
-5.58118e+07 -0.000129662
-5.66478e+07 -0.000139662
-5.72872e+07 -0.000149662
-5.76856e+07 -0.000159662
-5.78808e+07 -0.000169662
-5.78819e+07 -0.000179662
-5.77139e+07 -0.000189662
-5.73718e+07 -0.000199662
-5.68674e+07 -0.000209662
-5.61916e+07 -0.000219662
-5.53235e+07 -0.000229662
-5.42288e+07 -0.000239662
-5.28574e+07 -0.000249662
-5.11484e+07 -0.000259662
-4.89693e+07 -0.000269662
-4.60876e+07 -0.000279662
-4.2157e+07 -0.000289662
-3.60114e+07 -0.000299662
-2.61622e+07 -0.000309662
-1.62527e+07 -0.000319662
-7.43739e+06 -0.000329662
524637 -0.000339662
7.54591e+06 -0.000349662
1.389e+07 -0.000359662
1.95503e+07 -0.000369662
2.47687e+07 -0.000379662
2.97497e+07 -0.000389662
3.46067e+07 -0.000399662
3.95015e+07 -0.000409662
4.40978e+07 -0.000419662
4.85333e+07 -0.000429662
5.28624e+07 -0.000439662
5.70369e+07 -0.000449662
6.05677e+07 -0.000459662
6.40885e+07 -0.000469662
6.76376e+07 -0.000479662
7.03168e+07 -0.000489662
7.34145e+07 -0.000499662
7.587e+07 -0.000509662
7.85219e+07 -0.000519662
1.54819e+08 -0.000529662
2.41036e+08 -0.000539662
2.41036e+08 -0.000549662
2.41036e+08 -0.000559662
2.41036e+08 -0.000569662
2.41036e+08 -0.000579662
2.41036e+08 -0.000589662
2.41036e+08 -0.000599662
2.41036e+08 -0.000609662
2.41036e+08 -0.000619662
2.41036e+08 -0.000629662
2.41036e+08 -0.000639662
2.41036e+08 -0.000649662
2.41036e+08 -0.000659662
2.41036e+08 -0.000669662
2.41036e+08 -0.000679662
2.41036e+08 -0.000689662
2.41036e+08 -0.000699662
2.41036e+08 -0.000709662
2.41036e+08 -0.000719662
2.41036e+08 -0.000729662
2.41036e+08 -0.000739662
2.41036e+08 -0.000749662
2.41036e+08 -0.000759662
2.41036e+08 -0.000769662
2.41036e+08 -0.000779662
2.41036e+08 -0.000789662
2.41036e+08 -0.000799662
2.41036e+08 -0.000809662
2.41036e+08 -0.000819662
2.41036e+08 -0.000829662
2.41036e+08 -0.000839662
2.41036e+08 -0.000849662
2.41036e+08 -0.000859662
2.41036e+08 -0.000869662
2.41036e+08 -0.000879662
2.41036e+08 -0.000889662
2.41036e+08 -0.000899662
2.41036e+08 -0.000909662
2.41036e+08 -0.000919662
2.41036e+08 -0.000929662
2.41036e+08 -0.000939662
2.41036e+08 -0.000949662
2.41036e+08 -0.000959662
2.41036e+08 -0.000969662
2.41036e+08 -0.000979662
2.41036e+08 -0.000989662
2.41036e+08 -0.000999662
2.41036e+08 -0.00100966
2.41036e+08 -0.00101966
2.41036e+08 -0.00102966
