0 -7.41339e-07
0 -5.38445e-06
0 -4.09358e-06
-1.65237e+08 -1.40936e-05
-2.62821e+08 -2.40936e-05
-2.94877e+08 -3.40936e-05
-3.0593e+08 -4.40936e-05
-3.06143e+08 -5.40936e-05
-2.99824e+08 -6.40936e-05
-2.88078e+08 -7.40936e-05
-2.70902e+08 -8.40936e-05
-2.47548e+08 -9.40936e-05
-2.15887e+08 -0.000104094
-1.71628e+08 -0.000114094
-1.09034e+08 -0.000124094
-3.19813e+07 -0.000134094
1.77147e+08 -0.000144094
7.25744e+07 -0.000154094
5.89922e+08 -0.000164094
5.89922e+08 -0.000174094
5.89922e+08 -0.000184094
5.89922e+08 -0.000194094
5.89922e+08 -0.000204094
5.89922e+08 -0.000214094
5.89922e+08 -0.000224094
5.89922e+08 -0.000234094
5.89922e+08 -0.000244094
5.89922e+08 -0.000254094
5.89922e+08 -0.000264094
5.89922e+08 -0.000274094
5.89922e+08 -0.000284094
5.89922e+08 -0.000294094
5.89922e+08 -0.000304094
5.89922e+08 -0.000314094
5.89922e+08 -0.000324094
5.89922e+08 -0.000334094
5.89922e+08 -0.000344094
5.89922e+08 -0.000354094
5.89922e+08 -0.000364094
5.89922e+08 -0.000374094
5.89922e+08 -0.000384094
5.89922e+08 -0.000394094
5.89922e+08 -0.000404094
5.89922e+08 -0.000414094
5.89922e+08 -0.000424094
5.89922e+08 -0.000434094
5.89922e+08 -0.000444094
5.89922e+08 -0.000454094
5.89922e+08 -0.000464094
5.89922e+08 -0.000474094
5.89922e+08 -0.000484094
5.89922e+08 -0.000494094
5.89922e+08 -0.000504094
5.89922e+08 -0.000514094
5.89922e+08 -0.000524094
5.89922e+08 -0.000534094
5.89922e+08 -0.000544094
5.89922e+08 -0.000554094
5.89922e+08 -0.000564094
5.89922e+08 -0.000574094
5.89922e+08 -0.000584094
5.89922e+08 -0.000594094
5.89922e+08 -0.000604094
5.89922e+08 -0.000614094
5.89922e+08 -0.000624094
5.89922e+08 -0.000634094
5.89922e+08 -0.000644094
5.89922e+08 -0.000654094
5.89922e+08 -0.000664094
5.89922e+08 -0.000674094
5.89922e+08 -0.000684094
5.89922e+08 -0.000694094
5.89922e+08 -0.000704094
5.89922e+08 -0.000714094
5.89922e+08 -0.000724094
5.89922e+08 -0.000734094
5.89922e+08 -0.000744094
5.89922e+08 -0.000754094
5.89922e+08 -0.000764094
5.89922e+08 -0.000774094
5.89922e+08 -0.000784094
5.89922e+08 -0.000794094
5.89922e+08 -0.000804094
5.89922e+08 -0.000814094
5.89922e+08 -0.000824094
5.89922e+08 -0.000834094
5.89922e+08 -0.000844094
5.89922e+08 -0.000854094
5.89922e+08 -0.000864094
5.89922e+08 -0.000874094
5.89922e+08 -0.000884094
5.89922e+08 -0.000894094
5.89922e+08 -0.000904094
5.89922e+08 -0.000914094
5.89922e+08 -0.000924094
5.89922e+08 -0.000934094
5.89922e+08 -0.000944094
5.89922e+08 -0.000954094
5.89922e+08 -0.000964094
5.89922e+08 -0.000974094
5.89922e+08 -0.000984094
5.89922e+08 -0.000994094
5.89922e+08 -0.00100409
