0 -6.40284e-08
0 1.85459e+07
0 1.85459e+07
-1.64888e+08 1.83434e+08
-2.85695e+08 3.04241e+08
-3.21499e+08 3.40045e+08
-3.28174e+08 3.4672e+08
-3.2169e+08 3.40236e+08
-3.06792e+08 3.25338e+08
-2.84204e+08 3.0275e+08
-2.53214e+08 2.7176e+08
-2.10884e+08 2.2943e+08
-1.50286e+08 1.68832e+08
-4.40403e+07 6.25862e+07
2.47256e+08 -2.14078e+08
6.52161e+08 0
6.52161e+08 0
6.52161e+08 0
6.52161e+08 0
6.52161e+08 0
6.52161e+08 0
6.52161e+08 0
6.52161e+08 0
6.52161e+08 0
6.52161e+08 0
6.52161e+08 0
6.52161e+08 0
6.52161e+08 0
6.52161e+08 0
6.52161e+08 0
6.52161e+08 0
6.52161e+08 0
6.52161e+08 0
6.52161e+08 0
6.52161e+08 0
6.52161e+08 0
6.52161e+08 0
6.52161e+08 0
6.52161e+08 0
6.52161e+08 0
6.52161e+08 0
6.52161e+08 0
6.52161e+08 0
6.52161e+08 0
6.52161e+08 0
6.52161e+08 0
6.52161e+08 0
6.52161e+08 0
6.52161e+08 0
6.52161e+08 0
6.52161e+08 0
6.52161e+08 0
6.52161e+08 0
6.52161e+08 0
6.52161e+08 0
6.52161e+08 0
6.52161e+08 0
6.52161e+08 0
6.52161e+08 0
6.52161e+08 0
6.52161e+08 0
6.52161e+08 0
6.52161e+08 0
6.52161e+08 0
6.52161e+08 0
6.52161e+08 0
6.52161e+08 0
6.52161e+08 0
6.52161e+08 0
6.52161e+08 0
6.52161e+08 0
6.52161e+08 0
6.52161e+08 0
6.52161e+08 0
6.52161e+08 0
6.52161e+08 0
6.52161e+08 0
6.52161e+08 0
6.52161e+08 0
6.52161e+08 0
6.52161e+08 0
6.52161e+08 0
6.52161e+08 0
6.52161e+08 0
6.52161e+08 0
6.52161e+08 0
6.52161e+08 0
6.52161e+08 0
6.52161e+08 0
6.52161e+08 0
6.52161e+08 0
6.52161e+08 0
6.52161e+08 0
6.52161e+08 0
6.52161e+08 0
6.52161e+08 0
6.52161e+08 0
6.52161e+08 0
6.52161e+08 0
6.52161e+08 0
6.52161e+08 0
6.52161e+08 0
6.52161e+08 0
