0 -6.45926e-07
0 9.54588e-06
0 -6.01503e-05
6.7509e+07 -5.01503e-05
6.49413e+07 -4.01503e-05
6.1225e+08 -3.01503e-05
6.1225e+08 -2.01503e-05
6.1225e+08 -1.01503e-05
6.1225e+08 -1.50311e-07
6.1225e+08 9.84969e-06
6.1225e+08 1.98497e-05
6.1225e+08 2.98497e-05
6.1225e+08 3.98497e-05
6.1225e+08 4.98497e-05
6.1225e+08 5.98497e-05
6.1225e+08 6.98497e-05
6.1225e+08 7.98497e-05
6.1225e+08 8.98497e-05
6.1225e+08 9.98497e-05
6.1225e+08 0.00010985
6.1225e+08 0.00011985
6.1225e+08 0.00012985
6.1225e+08 0.00013985
6.1225e+08 0.00014985
6.1225e+08 0.00015985
6.1225e+08 0.00016985
6.1225e+08 0.00017985
6.1225e+08 0.00018985
6.1225e+08 0.00019985
6.1225e+08 0.00020985
6.1225e+08 0.00021985
6.1225e+08 0.00022985
6.1225e+08 0.00023985
6.1225e+08 0.00024985
6.1225e+08 0.00025985
6.1225e+08 0.00026985
6.1225e+08 0.00027985
6.1225e+08 0.00028985
6.1225e+08 0.00029985
6.1225e+08 0.00030985
6.1225e+08 0.00031985
6.1225e+08 0.00032985
6.1225e+08 0.00033985
6.1225e+08 0.00034985
6.1225e+08 0.00035985
6.1225e+08 0.00036985
6.1225e+08 0.00037985
6.1225e+08 0.00038985
6.1225e+08 0.00039985
6.1225e+08 0.00040985
6.1225e+08 0.00041985
6.1225e+08 0.00042985
6.1225e+08 0.00043985
6.1225e+08 0.00044985
6.1225e+08 0.00045985
6.1225e+08 0.00046985
6.1225e+08 0.00047985
6.1225e+08 0.00048985
6.1225e+08 0.00049985
6.1225e+08 0.00050985
6.1225e+08 0.00051985
6.1225e+08 0.00052985
6.1225e+08 0.00053985
6.1225e+08 0.00054985
6.1225e+08 0.00055985
6.1225e+08 0.00056985
6.1225e+08 0.00057985
6.1225e+08 0.00058985
6.1225e+08 0.00059985
6.1225e+08 0.00060985
6.1225e+08 0.00061985
6.1225e+08 0.00062985
6.1225e+08 0.00063985
6.1225e+08 0.00064985
6.1225e+08 0.00065985
6.1225e+08 0.00066985
6.1225e+08 0.00067985
6.1225e+08 0.00068985
6.1225e+08 0.00069985
6.1225e+08 0.00070985
6.1225e+08 0.00071985
6.1225e+08 0.00072985
6.1225e+08 0.00073985
6.1225e+08 0.00074985
6.1225e+08 0.00075985
6.1225e+08 0.00076985
6.1225e+08 0.00077985
6.1225e+08 0.00078985
6.1225e+08 0.00079985
6.1225e+08 0.00080985
6.1225e+08 0.00081985
6.1225e+08 0.00082985
6.1225e+08 0.00083985
6.1225e+08 0.00084985
6.1225e+08 0.00085985
6.1225e+08 0.00086985
6.1225e+08 0.00087985
6.1225e+08 0.00088985
6.1225e+08 0.00089985
6.1225e+08 0.00090985
6.1225e+08 0.00091985
6.1225e+08 0.00092985
6.1225e+08 0.00093985
