0 -7.5304e-07
0 4.57299e-06
0 1.60303e-06
1.48816e+08 1.1603e-05
2.57951e+08 2.1603e-05
2.97839e+08 3.1603e-05
3.0484e+08 4.1603e-05
2.98203e+08 5.1603e-05
2.84723e+08 6.1603e-05
2.62725e+08 7.1603e-05
2.31091e+08 8.1603e-05
1.83261e+08 9.1603e-05
9.11721e+07 0.000101603
-1.25672e+08 0.000111603
6.81646e+08 0.000121603
6.81646e+08 0.000131603
6.81646e+08 0.000141603
6.81646e+08 0.000151603
6.81646e+08 0.000161603
6.81646e+08 0.000171603
6.81646e+08 0.000181603
6.81646e+08 0.000191603
6.81646e+08 0.000201603
6.81646e+08 0.000211603
6.81646e+08 0.000221603
6.81646e+08 0.000231603
6.81646e+08 0.000241603
6.81646e+08 0.000251603
6.81646e+08 0.000261603
6.81646e+08 0.000271603
6.81646e+08 0.000281603
6.81646e+08 0.000291603
6.81646e+08 0.000301603
6.81646e+08 0.000311603
6.81646e+08 0.000321603
6.81646e+08 0.000331603
6.81646e+08 0.000341603
6.81646e+08 0.000351603
6.81646e+08 0.000361603
6.81646e+08 0.000371603
6.81646e+08 0.000381603
6.81646e+08 0.000391603
6.81646e+08 0.000401603
6.81646e+08 0.000411603
6.81646e+08 0.000421603
6.81646e+08 0.000431603
6.81646e+08 0.000441603
6.81646e+08 0.000451603
6.81646e+08 0.000461603
6.81646e+08 0.000471603
6.81646e+08 0.000481603
6.81646e+08 0.000491603
6.81646e+08 0.000501603
6.81646e+08 0.000511603
6.81646e+08 0.000521603
6.81646e+08 0.000531603
6.81646e+08 0.000541603
6.81646e+08 0.000551603
6.81646e+08 0.000561603
6.81646e+08 0.000571603
6.81646e+08 0.000581603
6.81646e+08 0.000591603
6.81646e+08 0.000601603
6.81646e+08 0.000611603
6.81646e+08 0.000621603
6.81646e+08 0.000631603
6.81646e+08 0.000641603
6.81646e+08 0.000651603
6.81646e+08 0.000661603
6.81646e+08 0.000671603
6.81646e+08 0.000681603
6.81646e+08 0.000691603
6.81646e+08 0.000701603
6.81646e+08 0.000711603
6.81646e+08 0.000721603
6.81646e+08 0.000731603
6.81646e+08 0.000741603
6.81646e+08 0.000751603
6.81646e+08 0.000761603
6.81646e+08 0.000771603
6.81646e+08 0.000781603
6.81646e+08 0.000791603
6.81646e+08 0.000801603
6.81646e+08 0.000811603
6.81646e+08 0.000821603
6.81646e+08 0.000831603
6.81646e+08 0.000841603
6.81646e+08 0.000851603
6.81646e+08 0.000861603
6.81646e+08 0.000871603
6.81646e+08 0.000881603
6.81646e+08 0.000891603
6.81646e+08 0.000901603
6.81646e+08 0.000911603
6.81646e+08 0.000921603
6.81646e+08 0.000931603
6.81646e+08 0.000941603
6.81646e+08 0.000951603
6.81646e+08 0.000961603
6.81646e+08 0.000971603
6.81646e+08 0.000981603
6.81646e+08 0.000991603
6.81646e+08 0.0010016
