0 -1.75198e-06
0 1.87698e-05
0 -192988
-15 -192988
-30 -192988
-45 -192988
-60 -192988
-75 -192988
-90 -192988
-105 -192988
-120 -192988
-135 -192988
-150 -192988
-165 -192988
-180 -192988
-195 -192988
-210 -192988
-225 -192988
-240 -192988
-255 -192988
-270 -192988
-285 -192988
-300 -192988
-315 -192988
-330 -192988
-345 -192988
-360 -192988
-375 -192988
-390 -192988
-405 -192988
-420 -192988
-435 -192988
-450 -192988
-465 -192988
-480 -192988
-495 -192988
-510 -192988
-525 -192988
-540 -192988
-555 -192988
-570 -192988
-585 -192988
-600 -192988
-615 -192988
-630 -192988
-645 -192988
-660 -192988
-675 -192988
-690 -192988
-705 -192988
-720 -192988
-735 -192988
-750 -192988
-765 -192988
-780 -192988
-795 -192988
-810 -192988
-825 -192988
-840 -192988
-855 -192988
-870 -192988
-885 -192988
-900 -192988
-915.001 -192988
-930.001 -192988
-945.001 -192988
-960.001 -192988
-975.001 -192988
-990.001 -192988
-1005 -192988
-1020 -192988
-1035 -192988
-1050 -192988
-1065 -192988
-1080 -192988
-1095 -192988
-1110 -192988
-1125 -192988
-1140 -192988
-1155 -192988
-1170 -192988
-1185 -192988
-1200 -192988
-1215 -192988
-1230 -192988
-1245 -192988
-1260 -192988
-1275 -192988
-1290 -192988
-1305 -192988
-1320 -192988
-1335 -192988
-1350 -192988
-1365 -192988
-1380 -192988
-1395 -192988
-1410 -192988
-1425 -192988
-1440 -192988
-1455 -192988
-1470 -192988
-1485 -192988
-1500 -192988
