0 -5.94933e-07
0 -5.82571e-05
0 -750448
-15 -750448
-30 -750448
-45 -750448
-60 -750448
-75 -750448
-90 -750448
-105 -750448
-120 -750448
-135 -750448
-150 -750448
-165 -750448
-180 -750448
-195 -750448
-210 -750448
-225 -750448
-240 -750448
-255 -750448
-270 -750448
-285 -750448
-300 -750448
-315 -750448
-330 -750448
-345 -750448
-360 -750448
-375 -750448
-390 -750448
-405 -750448
-420 -750448
-435 -750448
-450 -750448
-465 -750448
-480 -750448
-495 -750448
-510 -750448
-525 -750448
-540 -750448
-555 -750448
-570 -750448
-585 -750448
-600 -750448
-615 -750448
-630 -750448
-645 -750448
-660 -750448
-675 -750448
-690 -750448
-705 -750448
-720 -750448
-735 -750448
-750 -750448
-765 -750448
-780 -750448
-795 -750448
-810 -750448
-825 -750448
-840 -750448
-855 -750448
-870 -750448
-885 -750448
-900 -750448
-915 -750448
-930 -750448
-945 -750448
-960 -750448
-975 -750448
-990 -750448
-1005 -750448
-1020 -750448
-1035 -750448
-1050 -750448
-1065 -750448
-1080 -750448
-1095 -750448
-1110 -750448
-1125 -750448
-1140 -750448
-1155 -750448
-1170 -750448
-1185 -750448
-1200 -750448
-1215 -750448
-1230 -750448
-1245 -750448
-1260 -750448
-1275 -750448
-1290 -750448
-1305 -750448
-1320 -750448
-1335 -750448
-1350 -750448
-1365 -750448
-1380 -750448
-1395 -750448
-1410 -750448
-1425 -750448
-1440 -750448
-1455 -750448
-1470 -750448
-1485 -750448
-1500 -750448
