0 0
0 -0.000214455
0 -343354
-15 -343354
-30 -343354
-45 -343354
-60 -343354
-75 -343354
-90 -343354
-105 -343354
-120 -343354
-135 -343354
-150 -343354
-165 -343354
-180 -343354
-195 -343354
-210 -343354
-225 -343354
-240 -343354
-255 -343354
-270 -343354
-285 -343354
-300 -343354
-315 -343354
-330 -343354
-345 -343354
-360 -343354
-375 -343354
-390 -343354
-405 -343354
-420 -343354
-435 -343354
-450 -343354
-465 -343354
-480 -343354
-495 -343354
-510 -343354
-525 -343354
-540 -343354
-555 -343354
-570 -343354
-585 -343354
-600 -343354
-615 -343354
-630 -343354
-645 -343354
-660 -343354
-675 -343354
-690 -343354
-705 -343354
-720 -343354
-735 -343354
-750 -343354
-765 -343354
-780 -343354
-795 -343354
-810.001 -343354
-825.001 -343354
-840.001 -343354
-855.001 -343354
-870.001 -343354
-885.001 -343354
-900.001 -343354
-915.001 -343354
-930.001 -343354
-945.001 -343354
-960.001 -343354
-975.001 -343354
-990.001 -343354
-1005 -343354
-1020 -343354
-1035 -343354
-1050 -343354
-1065 -343354
-1080 -343354
-1095 -343354
-1110 -343354
-1125 -343354
-1140 -343354
-1155 -343354
-1170 -343354
-1185 -343354
-1200 -343354
-1215 -343354
-1230 -343354
-1245 -343354
-1260 -343354
-1275 -343354
-1290 -343354
-1305 -343354
-1320 -343354
-1335 -343354
-1350 -343354
-1365 -343354
-1380 -343354
-1395 -343354
-1410 -343354
-1425 -343354
-1440 -343354
-1455 -343354
-1470 -343354
-1485 -343354
-1500 -343354
