0 -3.5597e-06
0 -2.85711e-05
0 -77865.5
-15 -77865.5
-30 -77865.5
-45 -77865.5
-60 -77865.5
-75 -77865.5
-90 -77865.5
-105 -77865.5
-120 -77865.5
-135 -77865.5
-150 -77865.5
-165 -77865.5
-180 -77865.5
-195 -77865.5
-210 -77865.5
-225 -77865.5
-240 -77865.5
-255 -77865.5
-270 -77865.5
-285 -77865.5
-300 -77865.5
-315 -77865.5
-330 -77865.5
-345.001 -77865.5
-360.001 -77865.5
-375.001 -77865.5
-390.001 -77865.5
-405.001 -77865.5
-420.001 -77865.5
-435.001 -77865.5
-450.001 -77865.5
-465.001 -77865.5
-480.001 -77865.5
-495.001 -77865.5
-510.001 -77865.5
-525.001 -77865.5
-540.001 -77865.5
-555.001 -77865.5
-570.001 -77865.5
-585.001 -77865.5
-600.002 -77865.5
-615.002 -77865.5
-630.002 -77865.5
-645.002 -77865.5
-660.002 -77865.5
-675.002 -77865.5
-690.002 -77865.5
-705.002 -77865.5
-720.002 -77865.5
-735.002 -77865.5
-750.002 -77865.5
-765.002 -77865.5
-780.003 -77865.5
-795.003 -77865.5
-810.003 -77865.5
-825.003 -77865.5
-840.003 -77865.5
-855.003 -77865.5
-870.003 -77865.5
-885.003 -77865.5
-900.003 -77865.5
-915.004 -77865.5
-930.004 -77865.5
-945.004 -77865.5
-960.004 -77865.5
-975.004 -77865.5
-990.004 -77865.5
-1005 -77865.5
-1020 -77865.5
-1035 -77865.5
-1050 -77865.5
-1065 -77865.5
-1080 -77865.5
-1095.01 -77865.5
-1110.01 -77865.5
-1125.01 -77865.5
-1140.01 -77865.5
-1155.01 -77865.5
-1170.01 -77865.5
-1185.01 -77865.5
-1200.01 -77865.5
-1215.01 -77865.5
-1230.01 -77865.5
-1245.01 -77865.5
-1260.01 -77865.5
-1275.01 -77865.5
-1290.01 -77865.5
-1305.01 -77865.5
-1320.01 -77865.5
-1335.01 -77865.5
-1350.01 -77865.5
-1365.01 -77865.5
-1380.01 -77865.5
-1395.01 -77865.5
-1410.01 -77865.5
-1425.01 -77865.5
-1440.01 -77865.5
-1455.01 -77865.5
-1470.01 -77865.5
-1485.01 -77865.5
-1500.01 -77865.5
