0 -2.32278e-06
0 -2.94866e-05
0 -2.36485e-05
-26.7837 -3.36485e-05
-69.8006 -4.36485e-05
-130.686 -5.36485e-05
-210.661 -6.36485e-05
-310.879 -7.36485e-05
-432.141 -8.36485e-05
-571.627 -9.36485e-05
-773.364 -0.000103649
-990.497 -0.000113649
-1207.63 -0.000123649
-1424.76 -0.000133649
-1641.9 -0.000143649
-1859.03 -0.000153649
-2076.16 -0.000163649
-2293.3 -0.000173649
-2510.43 -0.000183649
-2727.56 -0.000193649
-2944.7 -0.000203649
-3161.83 -0.000213649
-3378.97 -0.000223649
-3596.1 -0.000233649
-3813.23 -0.000243649
-4030.37 -0.000253649
-4247.5 -0.000263649
-4464.63 -0.000273649
-4681.77 -0.000283649
-4898.9 -0.000293649
-5116.04 -0.000303649
-5333.17 -0.000313649
-5550.3 -0.000323649
-5767.44 -0.000333649
-5984.57 -0.000343649
-6201.71 -0.000353649
-6418.84 -0.000363649
-6635.97 -0.000373649
-6853.11 -0.000383649
-7070.24 -0.000393649
-7287.38 -0.000403649
-7504.51 -0.000413649
-7721.65 -0.000423649
-7938.78 -0.000433649
-8155.91 -0.000443649
-8373.05 -0.000453649
-8590.18 -0.000463649
-8807.32 -0.000473649
-9024.45 -0.000483649
-9241.59 -0.000493649
-9458.72 -0.000503649
-9675.86 -0.000513649
-9892.99 -0.000523649
-10110.1 -0.000533649
-10327.3 -0.000543649
-10544.4 -0.000553649
-10761.5 -0.000563649
-10978.7 -0.000573649
-11195.8 -0.000583649
-11412.9 -0.000593649
-11630.1 -0.000603649
-11847.2 -0.000613649
-12064.3 -0.000623649
-12281.5 -0.000633649
-12498.6 -0.000643649
-12715.7 -0.000653649
-12932.9 -0.000663649
-13150 -0.000673649
-13367.2 -0.000683649
-13584.3 -0.000693649
-13801.4 -0.000703649
-14018.6 -0.000713649
-14235.7 -0.000723649
-14452.8 -0.000733649
-14670 -0.000743649
-14887.1 -0.000753649
-15104.2 -0.000763649
-15321.4 -0.000773649
-15538.5 -0.000783649
-15755.6 -0.000793649
-15972.8 -0.000803649
-16189.9 -0.000813649
-16407 -0.000823649
-16624.2 -0.000833649
-16841.3 -0.000843649
-17058.5 -0.000853649
-17275.6 -0.000863649
-17492.7 -0.000873649
-17709.9 -0.000883649
-17927 -0.000893649
-18144.1 -0.000903649
-18361.3 -0.000913649
-18578.4 -0.000923649
-18795.5 -0.000933649
-19012.7 -0.000943649
-19229.8 -0.000953649
-19446.9 -0.000963649
-19664.1 -0.000973649
-19881.2 -0.000983649
-20098.4 -0.000993649
-20315.5 -0.00100365
-20532.6 -0.00101365
-20749.8 -0.00102365
