0 1.68779e-06
0 4.7524e+07
0 4.7524e+07
-1.48761e+08 1.96285e+08
-2.01942e+08 2.49466e+08
-2.29359e+08 2.76883e+08
-2.48979e+08 2.96503e+08
-2.63398e+08 3.10922e+08
-2.71732e+08 3.19256e+08
-2.76204e+08 3.23728e+08
-2.78569e+08 3.26093e+08
-2.79142e+08 3.26666e+08
-2.78533e+08 3.26057e+08
-2.769e+08 3.24424e+08
-2.74269e+08 3.21793e+08
-2.7063e+08 3.18154e+08
-2.65862e+08 3.13386e+08
-2.59658e+08 3.07182e+08
-2.5149e+08 2.99014e+08
-2.40159e+08 2.87683e+08
-2.23686e+08 2.7121e+08
-2.00753e+08 2.48277e+08
-1.74393e+08 2.21917e+08
-1.43483e+08 1.91007e+08
-1.06799e+08 1.54323e+08
-7.32338e+07 1.20758e+08
-4.25736e+07 9.00976e+07
-1.2277e+07 5.9801e+07
1.95463e+07 2.79777e+07
5.36069e+07 -6.08287e+06
9.10536e+07 -4.35296e+07
1.27583e+08 -8.00586e+07
1.61096e+08 -1.13572e+08
1.91824e+08 -1.443e+08
2.21018e+08 -1.73494e+08
4.19863e+08 0
3.23796e+08 0
3.23796e+08 0
3.23796e+08 0
3.23796e+08 0
3.23796e+08 0
3.23796e+08 0
3.23796e+08 0
3.23796e+08 0
3.23796e+08 0
3.23796e+08 0
3.23796e+08 0
3.23796e+08 0
3.23796e+08 0
3.23796e+08 0
3.23796e+08 0
3.23796e+08 0
3.23796e+08 0
3.23796e+08 0
3.23796e+08 0
3.23796e+08 0
3.23796e+08 0
3.23796e+08 0
3.23796e+08 0
3.23796e+08 0
3.23796e+08 0
3.23796e+08 0
3.23796e+08 0
3.23796e+08 0
3.23796e+08 0
3.23796e+08 0
3.23796e+08 0
3.23796e+08 0
3.23796e+08 0
3.23796e+08 0
3.23796e+08 0
3.23796e+08 0
3.23796e+08 0
3.23796e+08 0
3.23796e+08 0
3.23796e+08 0
3.23796e+08 0
3.23796e+08 0
3.23796e+08 0
3.23796e+08 0
3.23796e+08 0
3.23796e+08 0
3.23796e+08 0
3.23796e+08 0
3.23796e+08 0
3.23796e+08 0
3.23796e+08 0
3.23796e+08 0
3.23796e+08 0
3.23796e+08 0
3.23796e+08 0
3.23796e+08 0
3.23796e+08 0
3.23796e+08 0
3.23796e+08 0
3.23796e+08 0
3.23796e+08 0
3.23796e+08 0
3.23796e+08 0
3.23796e+08 0
3.23796e+08 0
3.23796e+08 0
3.23796e+08 0
