0 -2.45737e-07
0 0.000156886
0 -278767
-15 -278767
-30 -278767
-45 -278767
-60 -278767
-75 -278767
-90 -278767
-105 -278767
-120 -278767
-135 -278767
-150 -278767
-165 -278767
-180 -278767
-195 -278767
-210 -278767
-225 -278767
-240 -278767
-255 -278767
-270 -278767
-285 -278767
-300 -278767
-315 -278767
-330 -278767
-345 -278767
-360 -278767
-375 -278767
-390 -278767
-405 -278767
-420 -278767
-435 -278767
-450 -278767
-465 -278767
-480 -278767
-495 -278767
-510 -278767
-525 -278767
-540 -278767
-555 -278767
-570 -278767
-585 -278767
-600 -278767
-615 -278767
-630 -278767
-645 -278767
-660 -278767
-675.001 -278767
-690.001 -278767
-705.001 -278767
-720.001 -278767
-735.001 -278767
-750.001 -278767
-765.001 -278767
-780.001 -278767
-795.001 -278767
-810.001 -278767
-825.001 -278767
-840.001 -278767
-855.001 -278767
-870.001 -278767
-885.001 -278767
-900.001 -278767
-915.001 -278767
-930.001 -278767
-945.001 -278767
-960.001 -278767
-975.001 -278767
-990.001 -278767
-1005 -278767
-1020 -278767
-1035 -278767
-1050 -278767
-1065 -278767
-1080 -278767
-1095 -278767
-1110 -278767
-1125 -278767
-1140 -278767
-1155 -278767
-1170 -278767
-1185 -278767
-1200 -278767
-1215 -278767
-1230 -278767
-1245 -278767
-1260 -278767
-1275 -278767
-1290 -278767
-1305 -278767
-1320 -278767
-1335 -278767
-1350 -278767
-1365 -278767
-1380 -278767
-1395 -278767
-1410 -278767
-1425 -278767
-1440 -278767
-1455 -278767
-1470 -278767
-1485 -278767
-1500 -278767
