0 -1.03233e-06
0 -6.65128e-05
0 -294798
-15 -294798
-30 -294798
-45 -294798
-60 -294798
-75 -294798
-90 -294798
-105 -294798
-120 -294798
-135 -294798
-150 -294798
-165 -294798
-180 -294798
-195 -294798
-210 -294798
-225 -294798
-240 -294798
-255 -294798
-270 -294798
-285 -294798
-300 -294798
-315 -294798
-330 -294798
-345 -294798
-360 -294798
-375 -294798
-390 -294798
-405 -294798
-420 -294798
-435 -294798
-450 -294798
-465 -294798
-480 -294798
-495 -294798
-510 -294798
-525 -294798
-540 -294798
-555 -294798
-570 -294798
-585 -294798
-600 -294798
-615 -294798
-630 -294798
-645 -294798
-660 -294798
-675 -294798
-690 -294798
-705 -294798
-720 -294798
-735 -294798
-750 -294798
-765 -294798
-780 -294798
-795.001 -294798
-810.001 -294798
-825.001 -294798
-840.001 -294798
-855.001 -294798
-870.001 -294798
-885.001 -294798
-900.001 -294798
-915.001 -294798
-930.001 -294798
-945.001 -294798
-960.001 -294798
-975.001 -294798
-990.001 -294798
-1005 -294798
-1020 -294798
-1035 -294798
-1050 -294798
-1065 -294798
-1080 -294798
-1095 -294798
-1110 -294798
-1125 -294798
-1140 -294798
-1155 -294798
-1170 -294798
-1185 -294798
-1200 -294798
-1215 -294798
-1230 -294798
-1245 -294798
-1260 -294798
-1275 -294798
-1290 -294798
-1305 -294798
-1320 -294798
-1335 -294798
-1350 -294798
-1365 -294798
-1380 -294798
-1395 -294798
-1410 -294798
-1425 -294798
-1440 -294798
-1455 -294798
-1470 -294798
-1485 -294798
-1500 -294798
