0 -5.23527e-06
0 -2.17463e-05
0 -162150
-15 -162150
-30 -162150
-45 -162150
-60 -162150
-75 -162150
-90 -162150
-105 -162150
-120 -162150
-135 -162150
-150 -162150
-165 -162150
-180 -162150
-195 -162150
-210 -162150
-225 -162150
-240 -162150
-255 -162150
-270 -162150
-285 -162150
-300 -162150
-315 -162150
-330 -162150
-345 -162150
-360 -162150
-375 -162150
-390 -162150
-405 -162150
-420 -162150
-435 -162150
-450.001 -162150
-465.001 -162150
-480.001 -162150
-495.001 -162150
-510.001 -162150
-525.001 -162150
-540.001 -162150
-555.001 -162150
-570.001 -162150
-585.001 -162150
-600.001 -162150
-615.001 -162150
-630.001 -162150
-645.001 -162150
-660.001 -162150
-675.001 -162150
-690.001 -162150
-705.001 -162150
-720.001 -162150
-735.001 -162150
-750.001 -162150
-765.001 -162150
-780.002 -162150
-795.002 -162150
-810.002 -162150
-825.002 -162150
-840.002 -162150
-855.002 -162150
-870.002 -162150
-885.002 -162150
-900.002 -162150
-915.002 -162150
-930.002 -162150
-945.002 -162150
-960.002 -162150
-975.002 -162150
-990.002 -162150
-1005 -162150
-1020 -162150
-1035 -162150
-1050 -162150
-1065 -162150
-1080 -162150
-1095 -162150
-1110 -162150
-1125 -162150
-1140 -162150
-1155 -162150
-1170 -162150
-1185 -162150
-1200 -162150
-1215 -162150
-1230 -162150
-1245 -162150
-1260 -162150
-1275 -162150
-1290 -162150
-1305 -162150
-1320 -162150
-1335 -162150
-1350 -162150
-1365 -162150
-1380 -162150
-1395 -162150
-1410 -162150
-1425.01 -162150
-1440.01 -162150
-1455.01 -162150
-1470.01 -162150
-1485.01 -162150
-1500.01 -162150
