0 -1.97906e-08
0 1.60979e+07
0 1.60979e+07
-7.23778e+07 8.84757e+07
-8.89796e+07 1.05078e+08
-1.04435e+08 1.20533e+08
-1.1511e+08 1.31208e+08
-1.22284e+08 1.38382e+08
-1.27877e+08 1.43975e+08
-1.32556e+08 1.48654e+08
-1.36505e+08 1.52603e+08
-1.40183e+08 1.56281e+08
-1.42843e+08 1.5894e+08
-1.45203e+08 1.61301e+08
-1.47166e+08 1.63264e+08
-1.48794e+08 1.64892e+08
-1.50126e+08 1.66224e+08
-1.51224e+08 1.67322e+08
-1.52135e+08 1.68233e+08
-1.52888e+08 1.68986e+08
-1.53511e+08 1.69609e+08
-1.5403e+08 1.70128e+08
-1.54471e+08 1.70569e+08
-1.54839e+08 1.70937e+08
-1.55146e+08 1.71244e+08
-1.55403e+08 1.71501e+08
-1.38597e+08 1.54695e+08
-1.39013e+08 1.55111e+08
-1.39369e+08 1.55467e+08
-1.39658e+08 1.55756e+08
-1.39868e+08 1.55966e+08
-1.40025e+08 1.56123e+08
-1.40146e+08 1.56244e+08
-1.40237e+08 1.56335e+08
-1.40305e+08 1.56403e+08
-1.40356e+08 1.56454e+08
-1.40392e+08 1.5649e+08
-1.40416e+08 1.56514e+08
-1.40426e+08 1.56524e+08
-1.40425e+08 1.56523e+08
-1.40415e+08 1.56513e+08
-1.40392e+08 1.5649e+08
-4.10583e+07 5.71562e+07
-4.11756e+07 5.72735e+07
-4.12858e+07 5.73837e+07
-4.13884e+07 5.74863e+07
-4.14935e+07 5.75914e+07
-4.15889e+07 5.76868e+07
-4.16707e+07 5.77686e+07
-4.1747e+07 5.78449e+07
-4.18133e+07 5.79112e+07
-4.18787e+07 5.79766e+07
-4.19487e+07 5.80466e+07
-4.20021e+07 5.81e+07
-4.20379e+07 5.81358e+07
-3.37887e+07 4.98866e+07
-3.38361e+07 4.9934e+07
-3.38864e+07 4.99843e+07
-3.39301e+07 5.0028e+07
-3.39656e+07 5.00635e+07
-3.39993e+07 5.00972e+07
-3.40328e+07 5.01307e+07
-3.40593e+07 5.01572e+07
-3.40766e+07 5.01745e+07
-3.4091e+07 5.01889e+07
-3.41005e+07 5.01984e+07
-3.4109e+07 5.02069e+07
-3.41187e+07 5.02166e+07
-3.41241e+07 5.0222e+07
-3.41265e+07 5.02244e+07
-3.41268e+07 5.02247e+07
-3.41245e+07 5.02224e+07
-3.41211e+07 5.0219e+07
-3.41169e+07 5.02148e+07
-3.41127e+07 5.02106e+07
-3.41086e+07 5.02065e+07
-3.41043e+07 5.02022e+07
-3.40969e+07 5.01948e+07
-3.40879e+07 5.01858e+07
-3.40778e+07 5.01757e+07
-3.4067e+07 5.01649e+07
-3.40564e+07 5.01543e+07
-3.40458e+07 5.01437e+07
-3.40353e+07 5.01332e+07
-3.40249e+07 5.01228e+07
-3.40145e+07 5.01124e+07
-3.40043e+07 5.01022e+07
-3.3994e+07 5.00919e+07
-3.39838e+07 5.00817e+07
-3.39735e+07 5.00714e+07
-3.39614e+07 5.00593e+07
-3.39476e+07 5.00455e+07
-3.39329e+07 5.00308e+07
-3.39173e+07 5.00152e+07
-3.3901e+07 4.99989e+07
-3.38846e+07 4.99825e+07
-3.38683e+07 4.99662e+07
-3.3852e+07 4.99499e+07
-3.38358e+07 4.99337e+07
-3.38195e+07 4.99174e+07
-3.38034e+07 4.99013e+07
-3.37845e+07 4.98824e+07
1.60979e+07 0
