0 -2.01748e-06
0 1.77756e-05
0 9.18268e-06
9.39594e+07 1.91827e-05
1.26579e+08 2.91827e-05
1.40327e+08 3.91827e-05
1.45346e+08 4.91827e-05
1.46709e+08 5.91827e-05
1.46322e+08 6.91827e-05
1.43547e+08 7.91827e-05
1.39542e+08 8.91827e-05
1.34106e+08 9.91827e-05
1.27174e+08 0.000109183
1.18461e+08 0.000119183
1.07189e+08 0.000129183
8.87128e+07 0.000139183
4.99857e+07 0.000149183
-7.33328e+07 0.000159183
-1.633e+08 0.000169183
1.8263e+08 0.000179183
1.8263e+08 0.000189183
1.8263e+08 0.000199183
1.8263e+08 0.000209183
1.8263e+08 0.000219183
1.8263e+08 0.000229183
1.8263e+08 0.000239183
1.8263e+08 0.000249183
1.8263e+08 0.000259183
1.8263e+08 0.000269183
1.8263e+08 0.000279183
1.8263e+08 0.000289183
1.8263e+08 0.000299183
1.8263e+08 0.000309183
1.8263e+08 0.000319183
1.8263e+08 0.000329183
1.8263e+08 0.000339183
1.8263e+08 0.000349183
1.8263e+08 0.000359183
1.8263e+08 0.000369183
1.8263e+08 0.000379183
1.8263e+08 0.000389183
1.8263e+08 0.000399183
1.8263e+08 0.000409183
1.8263e+08 0.000419183
1.8263e+08 0.000429183
1.8263e+08 0.000439183
1.8263e+08 0.000449183
1.8263e+08 0.000459183
1.8263e+08 0.000469183
1.8263e+08 0.000479183
1.8263e+08 0.000489183
1.8263e+08 0.000499183
1.8263e+08 0.000509183
1.8263e+08 0.000519183
1.8263e+08 0.000529183
1.8263e+08 0.000539183
1.8263e+08 0.000549183
1.8263e+08 0.000559183
1.8263e+08 0.000569183
1.8263e+08 0.000579183
1.8263e+08 0.000589183
1.8263e+08 0.000599183
1.8263e+08 0.000609183
1.8263e+08 0.000619183
1.8263e+08 0.000629183
1.8263e+08 0.000639183
1.8263e+08 0.000649183
1.8263e+08 0.000659183
1.8263e+08 0.000669183
1.8263e+08 0.000679183
1.8263e+08 0.000689183
1.8263e+08 0.000699183
1.8263e+08 0.000709183
1.8263e+08 0.000719183
1.8263e+08 0.000729183
1.8263e+08 0.000739183
1.8263e+08 0.000749183
1.8263e+08 0.000759183
1.8263e+08 0.000769183
1.8263e+08 0.000779183
1.8263e+08 0.000789183
1.8263e+08 0.000799183
1.8263e+08 0.000809183
1.8263e+08 0.000819183
1.8263e+08 0.000829183
1.8263e+08 0.000839183
1.8263e+08 0.000849183
1.8263e+08 0.000859183
1.8263e+08 0.000869183
1.8263e+08 0.000879183
1.8263e+08 0.000889183
1.8263e+08 0.000899183
1.8263e+08 0.000909183
1.8263e+08 0.000919183
1.8263e+08 0.000929183
1.8263e+08 0.000939183
1.8263e+08 0.000949183
1.8263e+08 0.000959183
1.8263e+08 0.000969183
1.8263e+08 0.000979183
1.8263e+08 0.000989183
1.8263e+08 0.000999183
1.8263e+08 0.00100918
