1.40541e-08 -1.90077e-08
-6.02742e-09 -7.95627e-08
2.30323e-08 1.92757e-07
-3.23575e-07 1.36875e-05
-2.67708e-07 2.94605e-05
-1.63598e-06 4.02415e-05
-2.80847e-06 5.75517e-05
-5.06056e-06 7.02062e-05
-6.7752e-06 9.39976e-05
-8.84349e-06 0.000100532
-1.15566e-05 0.000126181
-1.30573e-05 0.000141412
-1.67899e-05 0.00017557
-1.9827e-05 0.000206587
-2.36663e-05 0.000229339
-2.67494e-05 0.000264662
-3.09083e-05 0.000289921
-3.44834e-05 0.000315472
-3.86571e-05 0.000326073
-4.30705e-05 0.000345273
-4.83605e-05 0.000364237
-5.30322e-05 0.000388328
-5.82562e-05 0.000404432
