6730.49 -45.3846
6804.57 226.943
6816.36 227.796
21442.2 531.892
21368.6 536.52
21363.7 543.388
27938.5 665.461
27915.6 661.604
27886.1 661.909
27842.2 661.787
27759.9 660.557
27885.2 664.636
28005.6 826.932
30100.7 1035.12
25516.6 1134.72
21912 1316.78
13454.9 1411.39
7939.49 1648.53
283.515 1663.2
-9360.55 1882.97
-13884.4 2015.58
-27648.8 2327.83
-38054.2 2612.6
-52309 2791.63
-62915.2 3151.62
-76441.1 3365.37
-89681.3 3586.43
-105282 3616.28
-120984 3750.94
-141350 3863.83
-158801 4056.96
-177781 4139.16
