31131.4 407.278 238.388 -31131.4 -407.278 -192.527
31054.3 397.614 234.057 -31054.3 -397.614 -189.285
31066.9 396.303 233.493 -31066.9 -396.303 -188.868
68791.1 809.733 531.304 -68791.1 -809.733 -440.125
69101.8 753.707 527.492 -69101.8 -753.707 -442.622
69511 794.508 532.134 -69511 -794.508 -442.67
81736.2 888.249 636.72 -81736.2 -888.249 -536.7
81719.7 880.213 635.365 -81719.7 -880.213 -536.25
81820.1 885.612 637.196 -81820.1 -885.612 -537.473
81784.1 886.391 637.004 -81784.1 -886.391 -537.193
81783.1 886.472 637.062 -81783.1 -886.472 -537.242
81783.6 886.459 637.043 -81783.6 -886.459 -537.224
103895 868.327 912.956 -103895 -868.327 -815.179
122996 833.201 1116.27 -122996 -833.201 -1022.45
142724 771.244 1355.89 -142724 -771.244 -1269.05
161212 692.203 1568.74 -161212 -692.203 -1490.79
180957 625.432 1810.96 -180957 -625.432 -1740.54
199355 584.164 2042.27 -199355 -584.164 -1976.49
223249 535.265 2349.44 -223249 -535.265 -2289.16
237221 506.137 2499.42 -237221 -506.137 -2442.42
263221 422.013 2834.05 -263221 -422.013 -2786.53
278183 442.071 3006.57 -278183 -442.071 -2956.79
301578 471.288 3279.73 -301578 -471.288 -3226.66
324664 391.168 3528.44 -324664 -391.168 -3484.4
349275 384.94 3785.86 -349275 -384.94 -3742.51
373542 338.642 4060.27 -373542 -338.642 -4022.14
396200 288.516 4324.38 -396200 -288.516 -4291.89
420290 210.708 4653.99 -420290 -210.708 -4630.26
448914 93.6386 5042.38 -448914 -93.6386 -5031.83
479493 18.2645 5448.09 -479493 -18.2645 -5446.04
508771 -30.5865 5781.01 -508771 30.5865 -5784.46
534840 -28.8194 6140.6 -534840 28.8194 -6143.84
