6.12046e-09 2.6328e-09
7.99478e-09 3.34625e-09
5.18984e-09 2.27829e-09
3.74533e-06 1.67509e-05
5.33481e-06 3.42005e-05
7.12688e-06 5.31189e-05
7.39267e-06 4.86729e-05
7.83067e-06 1.0624e-05
7.45612e-06 1.93474e-05
7.96148e-06 2.06755e-05
6.77227e-06 6.90581e-05
7.11795e-06 3.93835e-05
6.22089e-06 0.000126165
5.63241e-06 0.000191454
3.93994e-06 0.000276561
3.76602e-06 0.000383337
3.13244e-06 0.000340887
3.55227e-06 0.000426038
4.18843e-06 0.00045401
3.36499e-06 0.000578812
3.87226e-06 0.000614332
2.34782e-06 0.000714397
9.76205e-07 0.000808515
