8.75323e-09 5.51637e-09
7.88742e-09 2.22999e-09
9.28467e-09 7.67294e-09
-1.4528e-06 1.21549e-06
-2.81738e-06 4.35583e-06
-4.5442e-06 5.78793e-06
-6.39579e-06 2.11703e-06
-8.91007e-06 -1.2723e-05
-1.10571e-05 -3.00633e-05
-1.39247e-05 -4.46358e-05
-1.68413e-05 -6.00048e-05
-1.95197e-05 -7.23916e-05
-2.36156e-05 -9.17841e-05
-2.68745e-05 -0.000110317
-3.11794e-05 -0.000130316
-3.54695e-05 -0.000153607
-4.04012e-05 -0.000182818
-4.51038e-05 -0.000214224
-5.01555e-05 -0.000247471
-5.58214e-05 -0.000282887
-6.21589e-05 -0.00031943
-6.94518e-05 -0.000363671
-7.72491e-05 -0.000405001
