-28399 -220.489
-28320.5 -218.066
-28317.3 -218.373
-64351.5 -525.346
-64660.9 -536.06
-65139.9 -537.365
-76639.2 -627.929
-76598 -630.47
-76714 -628.832
-76679.6 -628.734
-76681 -628.781
-76678.4 -628.747
-99932 -979.556
-119284 -1231.85
-140622 -1523.58
-159195 -1729.01
-179955 -1959.61
-198542 -2157.92
-223403 -2441.67
-238785 -2586.03
-265009 -2918.04
-282803 -3101.05
-306941 -3395.69
-331423 -3645.64
-358378 -3958.38
-384638 -4241.89
-409314 -4516.86
-437018 -4861.37
-468189 -5208.92
-502099 -5601.3
-535555 -5965.8
-566556 -6317.44
