35147.2 -210.475 306.22 -35147.2 210.475 -330.031
34851.9 -202.204 311.651 -34851.9 202.204 -334.526
35176.6 -199.597 305.928 -35176.6 199.597 -328.508
73935.4 -391.908 616.671 -73935.4 391.908 -661.007
73954 -429.039 622.219 -73954 429.039 -670.756
74507.7 -442.231 618.363 -74507.7 442.231 -668.392
86247.7 -442.056 724.252 -86247.7 442.056 -774.262
86328.1 -443.518 726.016 -86328.1 443.518 -776.191
86369.3 -443.406 726.072 -86369.3 443.406 -776.234
86332.7 -443.624 725.759 -86332.7 443.624 -775.945
86324.5 -443.522 725.655 -86324.5 443.522 -775.83
86335.6 -443.69 725.788 -86335.6 443.69 -775.982
100193 -448.743 913.241 -100193 448.743 -964.006
115808 -506.136 1126.85 -115808 506.136 -1184.11
125932 -653.911 1241.3 -125932 653.911 -1315.28
141079 -1022.88 1508.81 -141079 1022.88 -1624.53
153750 -1333.68 1710.8 -153750 1333.68 -1861.67
167196 -1580.74 1890.63 -167196 1580.74 -2069.46
182246 -2148.73 2185.67 -182246 2148.73 -2428.75
190962 -2410.4 2326.23 -190962 2410.4 -2598.91
209786 -2891.84 2639.76 -209786 2891.84 -2966.91
215999 -2882.02 2690.67 -215999 2882.02 -3016.71
234495 -3141.51 2980.78 -234495 3141.51 -3336.18
249300 -3470.52 3141.54 -249300 3470.52 -3534.16
267215 -3802.06 3356.29 -267215 3802.06 -3786.41
282265 -3488.18 3582.37 -282265 3488.18 -3976.99
295534 -3614.45 3690.88 -295534 3614.45 -4099.78
306599 -4117.33 4107.04 -306599 4117.33 -4572.83
323068 -4102.25 4392.62 -323068 4102.25 -4856.7
340561 -4008.41 4592.02 -340561 4008.41 -5045.48
357552 -4522.73 4914.81 -357552 4522.73 -5426.46
367852 -4148.28 4955.8 -367852 4148.28 -5425.09
