-33.4601 -0.349252 -0.0614993 33.4601 0.349252 0.0214001
-29.9403 -0.310436 -0.0372717 29.9403 0.310436 0.00162917
-35.6412 -0.362139 -0.0805544 35.6412 0.362139 0.0389755
8504.68 10.2629 29.3837 -8504.68 -10.2629 -28.2054
15951.6 28.4845 53.3103 -15951.6 -28.4845 -50.0399
25238.7 -9.14597 121.847 -25238.7 9.14597 -122.897
34237 -161.917 224.835 -34237 161.917 -243.426
45940.5 -253.943 358.34 -45940.5 253.943 -387.496
55841.7 -291.189 492.194 -55841.7 291.189 -525.627
69258.3 -393.395 606.966 -69258.3 393.395 -652.133
81512.6 -456.583 767.076 -81512.6 456.583 -819.499
94207 -563.787 879.52 -94207 563.787 -944.251
111089 -667.583 1085.56 -111089 667.583 -1162.21
125437 -760.979 1252.53 -125437 760.979 -1339.9
143644 -852.549 1445.89 -143644 852.549 -1543.77
162363 -939.994 1648.03 -162363 939.994 -1755.95
182972 -973.148 1884.13 -182972 973.148 -1995.86
202601 -1026.12 2134.23 -202601 1026.12 -2252.04
224107 -1119.13 2399.87 -224107 1119.13 -2528.36
248019 -1173.04 2664.23 -248019 1173.04 -2798.91
274677 -1161.14 2906.45 -274677 1161.14 -3039.77
304671 -1078.27 3202.1 -304671 1078.27 -3325.9
335914 -838.097 3465.65 -335914 838.097 -3561.88
