7.61286e-09 6.82333e-09
8.06011e-09 5.43906e-09
7.37967e-09 4.7679e-09
3.67308e-06 2.28602e-05
5.97842e-06 4.29994e-05
8.59318e-06 7.67315e-05
9.31818e-06 0.000156073
9.59112e-06 0.000232475
9.74947e-06 0.000294105
9.86592e-06 0.000385318
1.00015e-05 0.000410463
1.02054e-05 0.000508484
1.02985e-05 0.000516724
1.03458e-05 0.00056432
1.02797e-05 0.000577792
1.04299e-05 0.000620505
1.00216e-05 0.000621413
9.46724e-06 0.000620061
9.18715e-06 0.000644538
8.57361e-06 0.000651611
7.67887e-06 0.000661053
6.09277e-06 0.000646052
3.75739e-06 0.000627573
