-32.4432 -0.264814 -0.0445238 32.4432 0.264814 0.0142575
-30.3637 -0.258534 -0.0300443 30.3637 0.258534 0.000495846
-33.7099 -0.270466 -0.0571118 33.7099 0.270466 0.0261995
-3672.82 -107.449 -74.6151 3672.82 107.449 62.3346
-5577.12 -156.086 -177.364 5577.12 156.086 159.525
-7360.3 -226.058 -296.266 7360.3 226.058 270.429
-6379.05 60.6128 -175.125 6379.05 -60.6128 182.053
-3471.04 -203.53 -32.0744 3471.04 203.53 8.81242
-1041.31 -432.893 60.2491 1041.31 432.893 -109.726
2350.63 -745.959 303.815 -2350.63 745.959 -389.073
8154.77 -413.088 330.144 -8154.77 413.088 -377.357
11081.3 -901.115 673.628 -11081.3 901.115 -776.618
21415.5 162.285 545.389 -21415.5 -162.285 -526.841
27832.8 165.177 610.32 -27832.8 -165.177 -591.441
38455.4 -57.6646 408.199 -38455.4 57.6646 -414.79
47356.5 -242.206 350.057 -47356.5 242.206 -377.74
60162.6 -819.772 137.169 -60162.6 819.772 -230.863
72450.3 -1288.02 31.7688 -72450.3 1288.02 -178.98
84310.2 -1614.99 28.4025 -84310.2 1614.99 -212.983
98414.7 -2013.81 34.4574 -98414.7 2013.81 -264.621
114305 -2419.36 91.3205 -114305 2419.36 -367.836
134172 -2832 210.262 -134172 2832 -533.938
157016 -3176.17 400.392 -157016 3176.17 -763.404
