-53.335 0.0827223 0.0407607 53.335 -0.0827223 -0.0334811
30.0571 0.164162 0.420079 -30.0571 -0.164162 -0.405632
-51.9329 -0.327854 -1.0195 51.9329 0.327854 0.990649
4252.96 -28.5187 -79.3312 -4252.96 28.5187 76.8215
7152.43 -56.3801 -176.954 -7152.43 56.3801 171.992
15110.7 -74.7167 -242.03 -15110.7 74.7167 235.455
22094.7 -104.523 -347.207 -22094.7 104.523 338.009
33024.5 -122.689 -426.24 -33024.5 122.689 415.443
42289.8 -162.532 -565.562 -42289.8 162.532 551.259
52690.3 -145.588 -632.596 -52690.3 145.588 619.785
65880.2 -260.113 -773.396 -65880.2 260.113 750.506
74529.6 -246.643 -873.809 -74529.6 246.643 852.105
90963 -260.405 -1052.8 -90963 260.405 1029.88
105024 -312.518 -1225.54 -105024 312.518 1198.04
121492 -329.953 -1366.42 -121492 329.953 1337.38
137481 -411.781 -1549.29 -137481 411.781 1513.05
157303 -463.261 -1684.53 -157303 463.261 1643.76
175317 -502.354 -1835.56 -175317 502.354 1791.35
193923 -504.009 -1909.49 -193923 504.009 1865.14
213929 -534.664 -2019.54 -213929 534.664 1972.49
238518 -564.862 -2129.75 -238518 564.862 2080.04
259144 -618.173 -2253.6 -259144 618.173 2199.2
282072 -641.606 -2346.85 -282072 641.606 2290.39
