19335.8 201.068 -28.6364 -19335.8 -201.068 51.6944
19337.8 213.021 -27.8369 -19337.8 -213.021 52.2657
19353.9 213.189 -27.7105 -19353.9 -213.189 52.1585
46475.9 466.251 164.44 -46475.9 -466.251 -110.971
46785.2 454.85 169.888 -46785.2 -454.85 -117.727
46969.5 456.225 171.823 -46969.5 -456.225 -119.504
55641.7 644.208 186.576 -55641.7 -644.208 -112.699
55631 641.468 188.736 -55631 -641.468 -115.173
55697.3 641.681 189.177 -55697.3 -641.681 -115.591
55663.9 641.452 188.924 -55663.9 -641.452 -115.364
55664.3 641.457 188.939 -55664.3 -641.457 -115.378
55663.6 641.482 188.927 -55663.6 -641.482 -115.363
44595.1 445.827 -75.3887 -44595.1 -445.827 126.515
37294.4 337.336 -274.581 -37294.4 -337.336 313.266
29083.4 233.7 -538.052 -29083.4 -233.7 564.852
26500.2 -745.264 -966.929 -26500.2 745.264 881.464
25941.3 -1319.5 -1422.59 -25941.3 1319.5 1271.27
25066.7 -1806.27 -1836.06 -25066.7 1806.27 1628.92
24385 -2603.71 -2306.12 -24385 2603.71 2007.53
24980.7 -2920.13 -2329.96 -24980.7 2920.13 1995.09
23671.6 -3853.32 -2860.64 -23671.6 3853.32 2418.75
26762 -4069.83 -2561.37 -26762 4069.83 2094.65
28386.2 -4545.44 -2609.24 -28386.2 4545.44 2087.98
32729.9 -4607.56 -2372.14 -32729.9 4607.56 1843.76
35783.8 -4945.52 -2359.57 -35783.8 4945.52 1792.43
42423.3 -4601.64 -2106.24 -42423.3 4601.64 1578.53
49518.4 -4090.11 -1877.64 -49518.4 4090.11 1408.6
55478.1 -3821.43 -1890.63 -55478.1 3821.43 1452.4
63871.3 -3074.09 -1889.51 -63871.3 3074.09 1536.98
73572.3 -2017.67 -1836.64 -73572.3 2017.67 1605.26
87193 -1566.21 -1977.02 -87193 1566.21 1797.41
104549 -1485.23 -1980.56 -104549 1485.23 1810.24
