-6.92791e-06 1.06859e-05
-7.02585e-06 1.08604e-05
-7.02997e-06 1.08806e-05
-1.53645e-05 2.66403e-05
-1.55214e-05 2.78036e-05
-1.5542e-05 2.78755e-05
-1.82479e-05 3.59536e-05
-1.83356e-05 3.55905e-05
-1.83308e-05 3.5537e-05
-1.83293e-05 3.55385e-05
-1.83241e-05 3.55184e-05
-1.83318e-05 3.55461e-05
-1.97127e-05 8.45919e-05
-2.2422e-05 0.000135385
-2.44046e-05 0.000193272
-2.78965e-05 0.000251477
-3.14872e-05 0.000315411
-3.5569e-05 0.000384016
-3.92381e-05 0.000455077
-4.42401e-05 0.00052842
-4.81105e-05 0.000606477
-5.21037e-05 0.000702111
-5.66505e-05 0.000771806
-6.07252e-05 0.000849108
-6.39981e-05 0.000931581
-6.72987e-05 0.000954821
-7.05933e-05 0.00100836
-7.33046e-05 0.00104886
-7.51672e-05 0.00112607
-7.7753e-05 0.00117307
-7.97059e-05 0.00119264
-8.14281e-05 0.00124496
