-7.08081e-06 -2.45115e-06
-7.08023e-06 -2.18528e-06
-7.08442e-06 -2.19066e-06
-1.64905e-05 -1.47957e-05
-1.655e-05 -1.41682e-05
-1.65891e-05 -1.42304e-05
-1.97979e-05 -2.13337e-05
-1.98091e-05 -2.13147e-05
-1.98205e-05 -2.13297e-05
-1.98136e-05 -2.13279e-05
-1.98124e-05 -2.13284e-05
-1.98141e-05 -2.13288e-05
-1.57918e-05 2.69697e-06
-1.36412e-05 2.7273e-05
-1.12241e-05 5.5368e-05
-1.04428e-05 6.42846e-05
-1.01843e-05 0.000116704
-1.01621e-05 0.000159868
-9.69824e-06 0.000238593
-1.00392e-05 0.000268354
-9.54e-06 0.0003344
-9.99206e-06 0.000376303
-1.01675e-05 0.000438246
-1.07063e-05 0.000496918
-1.05857e-05 0.000551063
-1.14843e-05 0.000621881
-1.24801e-05 0.000701875
-1.2468e-05 0.00076225
-1.29472e-05 0.000826856
-1.367e-05 0.000918228
-1.52197e-05 0.00103084
-1.66589e-05 0.00111295
