-28.5003 0.109353 -0.0111692 28.5003 -0.109353 0.023732
-30.931 0.102984 -0.00164471 30.931 -0.102984 0.0134758
-27.2463 0.106481 0.00184552 27.2463 -0.106481 0.0103873
-15747.8 31.2076 -170.377 15747.8 -31.2076 173.962
-26098.8 -119.7 -370.183 26098.8 119.7 356.431
-38365.8 -106.804 -663.504 38365.8 106.804 651.234
-42987.6 192.903 -1263.84 42987.6 -192.903 1286
-46092.5 240.749 -1927.72 46092.5 -240.749 1955.38
-48145.3 327.082 -2444.71 48145.3 -327.082 2482.28
-51613.2 280.777 -3264.4 51613.2 -280.777 3296.66
-52264.4 237.748 -3505.95 52264.4 -237.748 3533.27
-56366.6 300.258 -4346.45 56366.6 -300.258 4380.95
-56591.1 46.9888 -4512.52 56591.1 -46.9888 4517.92
-58325.8 -130.947 -4986.72 58325.8 130.947 4971.68
-58246.8 -466.433 -5218.18 58246.8 466.433 5164.6
-60232 -656.676 -5647.25 60232 656.676 5571.81
-59270.4 -1133.79 -5818.65 59270.4 1133.79 5688.4
-57473 -1656.78 -5975.02 57473 1656.78 5784.69
-57902.4 -1985.63 -6284.31 57902.4 1985.63 6056.19
-56956.3 -2436.76 -6484.67 56956.3 2436.76 6204.73
-54732.7 -3094.5 -6765.65 54732.7 3094.5 6410.14
-49094.6 -3859.31 -6839.77 49094.6 3859.31 6396.4
-40724.3 -4691.12 -6874.41 40724.3 4691.12 6335.48
