-7.93275e-06 -1.68953e-05
-7.94569e-06 -1.68662e-05
-7.9498e-06 -1.68741e-05
-1.76679e-05 -2.28492e-05
-1.77568e-05 -2.29429e-05
-1.77928e-05 -2.29671e-05
-2.10778e-05 -2.62804e-05
-2.10905e-05 -2.63894e-05
-2.10999e-05 -2.63909e-05
-2.10935e-05 -2.63872e-05
-2.10919e-05 -2.63865e-05
-2.10944e-05 -2.63878e-05
-1.72288e-05 -7.63145e-06
-1.55122e-05 1.49024e-05
-1.35308e-05 3.84656e-05
-1.30227e-05 2.69065e-05
-1.26927e-05 1.7848e-05
-1.29273e-05 3.50381e-05
-1.23699e-05 6.02723e-05
-1.32423e-05 9.94632e-05
-1.27161e-05 9.86325e-05
-1.36041e-05 0.00016985
-1.3922e-05 0.000230064
-1.48523e-05 0.000326725
-1.43326e-05 0.000379925
-1.6041e-05 0.000468063
-1.66985e-05 0.00052106
-1.80186e-05 0.000577703
-1.83086e-05 0.000647253
-1.80076e-05 0.000697948
-1.94157e-05 0.000795592
-2.06682e-05 0.000876319
