7.89904e-09 3.89828e-09
8.08937e-09 2.51095e-09
7.79966e-09 2.20235e-09
3.29824e-06 2.12576e-05
5.41723e-06 3.74725e-05
7.83326e-06 6.22482e-05
8.45847e-06 0.000137953
8.60678e-06 0.000203964
8.72907e-06 0.000259679
8.77447e-06 0.000334534
8.87251e-06 0.000351506
8.97768e-06 0.000434093
8.93737e-06 0.00042588
8.87305e-06 0.000456039
8.57969e-06 0.000451383
8.41943e-06 0.000474592
7.69855e-06 0.000456911
6.79582e-06 0.0004367
6.07287e-06 0.0004444
4.91231e-06 0.000436605
3.53244e-06 0.000423949
1.33525e-06 0.000401739
-1.76954e-06 0.000387984
