30499.9 657.524 221.851 -30499.9 -657.524 -127.825
30727 717.404 234.856 -30727 -717.404 -132.268
30743.4 720.971 235.294 -30743.4 -720.971 -132.195
62821.9 2243.63 641.316 -62821.9 -2243.63 -320.477
63147 2289.13 648.19 -63147 -2289.13 -320.845
63228.2 2296.78 650.07 -63228.2 -2296.78 -321.63
73803 2991.44 826.121 -73803 -2991.44 -398.345
73920.9 2996.49 827.4 -73920.9 -2996.49 -398.903
73886.5 2989.77 826.584 -73886.5 -2989.77 -399.047
73883.8 2990.27 826.549 -73883.8 -2990.27 -398.94
73859.8 2986.58 825.684 -73859.8 -2986.58 -398.604
73895.9 2992.24 827.076 -73895.9 -2992.24 -399.186
83520.7 5074.94 533.923 -83520.7 -5074.94 191.793
97788.7 8153.16 575.207 -97788.7 -8153.16 590.696
109958 11211.1 474.795 -109958 -11211.1 1128.39
126748 14323.6 442.376 -126748 -14323.6 1605.9
144076 17290.6 362.865 -144076 -17290.6 2109.69
163558 20726.7 300.079 -163558 -20726.7 2663.85
181309 23760 -14.1174 -181309 -23760 3411.79
203200 25969.8 -128.844 -203200 -25969.8 3842.53
222446 29115.2 -500.066 -222446 -29115.2 4663.54
241114 31416.8 -1007.7 -241114 -31416.8 5500.31
260591 33350.1 -1580.03 -260591 -33350.1 6349.09
278565 35444.8 -2138.32 -278565 -35444.8 7206.93
293415 36407.8 -2806.67 -293415 -36407.8 8012.98
305625 37091.9 -3519.96 -305625 -37091.9 8824.1
319913 37466.3 -4201.69 -319913 -37466.3 9559.37
330637 37187.9 -4774.95 -330637 -37187.9 10092.8
340584 37791.9 -5594.87 -340584 -37791.9 10999.1
351806 38144.4 -6334.44 -351806 -38144.4 11789.1
361333 38638.8 -7163.32 -361333 -38638.8 12688.7
371680 38677.6 -7285.74 -371680 -38677.6 12816.6
