-50.1509 0.0835835 0.142857 50.1509 -0.0835835 -0.135418
19.6668 0.163321 0.655795 -19.6668 -0.163321 -0.641259
-49.2566 -0.345164 -1.21427 49.2566 0.345164 1.18355
-53.3862 -28.5495 -102.887 53.3862 28.5495 100.346
-1717.48 -55.9349 -228.285 1717.48 55.9349 223.307
2212.93 -73.6366 -306.727 -2212.93 73.6366 300.173
5433.44 -103.424 -438.382 -5433.44 103.424 429.177
12916.1 -121.677 -533.381 -12916.1 121.677 522.552
18157.9 -165.337 -711.179 -18157.9 165.337 696.464
24800 -107.289 -745.237 -24800 107.289 735.689
33714.6 -193.535 -934.029 -33714.6 193.535 916.804
37952.4 -166.574 -1034.8 -37952.4 166.574 1019.97
50919.1 -200.461 -1295.3 -50919.1 200.461 1277.45
60881.8 -319.164 -1530.54 -60881.8 319.164 1502.13
74022.6 -333.888 -1696.47 -74022.6 333.888 1666.76
84326.3 -402.584 -1980.76 -84326.3 402.584 1944.93
97415.3 -457.136 -2174.88 -97415.3 457.136 2134.2
109705 -494.853 -2368.78 -109705 494.853 2324.74
124107 -498.225 -2440.74 -124107 498.225 2396.39
139173 -534.946 -2582.54 -139173 534.946 2534.93
158489 -565.158 -2722.5 -158489 565.158 2672.2
174809 -618.485 -2908.6 -174809 618.485 2853.55
192997 -641.929 -3023.68 -192997 641.929 2966.55
