-8246.49 -288.388 -89.4169 8246.49 288.388 63.7503
-8323.21 -5.81784 -212.042 8323.21 5.81784 211.524
-8320.66 -5.97949 -212.482 8320.66 5.97949 211.95
-21424.6 -12.6248 -499.606 21424.6 12.6248 498.482
-21318.6 -10.5448 -509.461 21318.6 10.5448 508.522
-21381 -10.5324 -510.864 21381 10.5324 509.926
-27389.9 -7.70183 -645.661 27389.9 7.70183 644.976
-27323.6 -8.33177 -640.205 27323.6 8.33177 639.463
-27312.9 -7.90834 -641.602 27312.9 7.90834 640.898
-27361.9 -7.77368 -641.981 27361.9 7.77368 641.289
-27280.5 -7.64135 -641.096 27280.5 7.64135 640.416
-27404.4 -8.45847 -643.095 27404.4 8.45847 642.343
-16925.8 -54.1251 -667.848 16925.8 54.1251 663.031
-7838.88 -97.1008 -738.617 7838.88 97.1008 729.975
5814.31 -125.205 -738.878 -5814.31 125.205 727.735
17805.1 -169.615 -785.265 -17805.1 169.615 770.17
33137.7 -197.515 -794.605 -33137.7 197.515 777.026
46967.5 -259.05 -865.532 -46967.5 259.05 842.476
62222 -231.91 -937.556 -62222 231.91 916.916
79588.6 -295.487 -992.275 -79588.6 295.487 965.977
94086.1 -303.706 -1082.69 -94086.1 303.706 1055.66
114275 -401.328 -1139.43 -114275 401.328 1103.71
132556 -480.207 -1221.5 -132556 480.207 1178.76
153804 -506.583 -1312.25 -153804 506.583 1267.16
178182 -630.462 -1333.51 -178182 630.462 1277.39
203770 -708.392 -1330.05 -203770 708.392 1267
228564 -767.561 -1381.88 -228564 767.561 1313.56
254611 -770.054 -1388.11 -254611 770.054 1319.58
283191 -816.45 -1382.23 -283191 816.45 1309.56
312069 -862.157 -1363.51 -312069 862.157 1286.77
340392 -942.865 -1331.86 -340392 942.865 1247.95
368838 -978.331 -1306.72 -368838 978.331 1219.65
