-32.8645 0.0273224 0.0133802 32.8645 -0.0273224 -0.0102748
-32.7535 0.0167897 0.0593384 32.7535 -0.0167897 -0.05743
-33.7445 0.0210851 0.0453292 33.7445 -0.0210851 -0.0429327
20990.5 28.3652 147.396 -20990.5 -28.3652 -144.172
38834.2 46.5632 248.952 -38834.2 -46.5632 -243.659
57919.4 62.6496 371.083 -57919.4 -62.6496 -363.962
75038.6 35.442 455.295 -75038.6 -35.442 -451.267
93752.1 -30.9461 554.273 -93752.1 30.9461 -557.791
110891 -88.8766 653.332 -110891 88.8766 -663.434
133530 -125.254 797.398 -133530 125.254 -811.634
147216 -128.142 869.753 -147216 128.142 -884.318
171407 -144.54 1027.45 -171407 144.54 -1043.88
186569 -157.824 1106.82 -186569 157.824 -1124.75
208655 -181.595 1242.27 -208655 181.595 -1262.91
230734 -206.873 1352.3 -230734 206.873 -1375.82
254682 -183.689 1484.38 -254682 183.689 -1505.26
278087 -198.593 1603.29 -278087 198.593 -1625.86
300038 -237.624 1723.03 -300038 237.624 -1750.04
324094 -257.754 1886.73 -324094 257.754 -1916.03
351796 -319.375 2051.37 -351796 319.375 -2087.67
381702 -379.578 2239.32 -381702 379.578 -2282.46
410802 -394.468 2399.49 -410802 394.468 -2444.33
437214 -437.242 2567.32 -437214 437.242 -2617.01
