1.19538e-06 4.86962e-06
1.1222e-06 1.91917e-05
1.12718e-06 1.9274e-05
4.43636e-06 3.72613e-05
4.40464e-06 3.75518e-05
4.41515e-06 3.76443e-05
5.71812e-06 4.52683e-05
5.71515e-06 4.49941e-05
5.71251e-06 4.49891e-05
5.72632e-06 4.49554e-05
5.7141e-06 4.48658e-05
5.73136e-06 4.52583e-05
6.50887e-06 6.19812e-05
7.50903e-06 8.11285e-05
7.00962e-06 9.40094e-05
6.66709e-06 0.000116199
5.27334e-06 0.00013176
4.73028e-06 0.000160366
3.52695e-06 0.000163777
1.94233e-06 0.000194781
1.39475e-06 0.00020864
-1.19454e-06 0.000253655
-2.95988e-06 0.000292455
-5.23834e-06 0.000317445
-7.07608e-06 0.000366037
-9.37237e-06 0.00039959
-1.13607e-05 0.000431206
-1.39817e-05 0.000441885
-1.71083e-05 0.000466962
-2.13579e-05 0.00049265
-2.44846e-05 0.000526192
-2.82637e-05 0.000546676
