-34.6478 -1.19903 0.354462 34.6478 1.19903 -0.525924
-44.9373 -1.49151 0.364415 44.9373 1.49151 -0.5777
-30.3695 -1.09741 0.355928 30.3695 1.09741 -0.512858
8834.93 30.3574 41.5795 -8834.93 -30.3574 -37.2384
20858.4 -63.8302 159.538 -20858.4 63.8302 -168.666
25586.5 -534.935 454.653 -25586.5 534.935 -531.148
37219.7 -108.068 748.84 -37219.7 108.068 -764.293
45529 344.37 1087.54 -45529 -344.37 -1038.3
55904.3 415.501 1305.49 -55904.3 -415.501 -1246.07
63936.6 1202.73 1760.28 -63936.6 -1202.73 -1588.29
71107.4 1113.23 1871.59 -71107.4 -1113.23 -1712.4
83466.3 1673.3 2296.23 -83466.3 -1673.3 -2056.95
86319.7 1308.86 2264.65 -86319.7 -1308.86 -2077.48
101199 1360.5 2623.17 -101199 -1360.5 -2428.62
111166 1473.5 2793.26 -111166 -1473.5 -2582.55
127366 1394.32 3109.35 -127366 -1394.32 -2909.96
135376 1299.02 3170.41 -135376 -1299.02 -2984.65
144928 1383.97 3388.66 -144928 -1383.97 -3190.75
148752 1811.57 3494.31 -148752 -1811.57 -3235.26
158543 1821.09 3433.57 -158543 -1821.09 -3173.16
170888 1832.37 3405.33 -170888 -1832.37 -3143.3
183470 1784.98 3425.71 -183470 -1784.98 -3170.46
189372 1483.43 3126.77 -189372 -1483.43 -2914.64
