-28.6305 0.0819481 -0.181111 28.6305 -0.0819481 0.188322
20.5265 0.164853 0.0903691 -20.5265 -0.164853 -0.075862
-30.9271 -0.408498 -0.269324 30.9271 0.408498 0.233376
12578 -31.0286 -33.1265 -12578 31.0286 30.3959
23971.3 -57.0236 -97.2711 -23971.3 57.0236 92.2531
39240.8 -76.0405 -138.448 -39240.8 76.0405 131.757
53238.3 -107.095 -186.19 -53238.3 107.095 176.766
69908.1 -125.642 -227.948 -69908.1 125.642 216.891
85288.6 -166.267 -285.658 -85288.6 166.267 271.026
102112 -148.344 -400.346 -102112 148.344 387.291
120356 -190.319 -455.959 -120356 190.319 439.211
137402 -195.741 -561.729 -137402 195.741 544.504
158052 -260.193 -606.907 -158052 260.193 584.01
177024 -312.269 -674.239 -177024 312.269 646.759
199067 -329.679 -787.507 -199067 329.679 758.495
225300 -411.472 -809.753 -225300 411.472 773.544
251693 -462.927 -844.195 -251693 462.927 803.457
277896 -501.993 -924.898 -277896 501.993 880.723
306337 -503.639 -1014.3 -306337 503.639 969.983
335584 -534.274 -1074.69 -335584 534.274 1027.67
366933 -564.457 -1131.41 -366933 564.457 1081.74
396725 -617.751 -1155.45 -396725 617.751 1101.08
426267 -641.173 -1209.85 -426267 641.173 1153.43
