34526.2 -237.927 198.577 -34526.2 237.927 -218.961
34437.6 -239.186 200.12 -34437.6 239.186 -220.612
34487.9 -235.489 200.451 -34487.9 235.489 -220.626
74264 -491.416 493.14 -74264 491.416 -535.242
74346 -497.158 485.283 -74346 497.158 -527.877
74992.5 -492.251 497.891 -74992.5 492.251 -540.064
87858.1 -686.478 585.305 -87858.1 686.478 -644.118
87877.2 -684.506 584.096 -87877.2 684.506 -642.74
87953.5 -685.257 585.156 -87953.5 685.257 -643.864
87913.4 -685.374 585.574 -87913.4 685.374 -644.293
87909.5 -685.278 585.552 -87909.5 685.278 -644.263
87914 -685.373 585.571 -87914 685.373 -644.289
107300 -737.865 813.83 -107300 737.865 -877.046
125493 -856.236 1031.83 -125493 856.236 -1105.19
142125 -848.724 1233.32 -142125 848.724 -1306.03
159666 -886.917 1423.12 -159666 886.917 -1499.1
177129 -931.274 1642.84 -177129 931.274 -1722.62
194112 -971.105 1846.06 -194112 971.105 -1929.26
215251 -960.922 2103.83 -215251 960.922 -2186.15
227131 -946.62 2202.59 -227131 946.62 -2283.69
251206 -1043.76 2508.59 -251206 1043.76 -2598.01
262625 -1019.34 2616.04 -262625 1019.34 -2703.37
283649 -1002.9 2747.2 -283649 1002.9 -2833.13
304380 -1045.04 2990.39 -304380 1045.04 -3079.92
325829 -1072.35 3143.9 -325829 1072.35 -3235.77
347063 -1161.61 3400.95 -347063 1161.61 -3500.47
366896 -1305.49 3686.22 -366896 1305.49 -3798.07
385904 -1258.04 3936.08 -385904 1258.04 -4043.86
410361 -1282.48 4311.56 -410361 1282.48 -4421.44
435956 -1204.03 4623.76 -435956 1204.03 -4726.91
460087 -1155.71 4811.4 -460087 1155.71 -4910.42
480016 -1029.92 5029.86 -480016 1029.92 -5118.09
