-28.9694 0.307675 -0.0531126 28.9694 -0.307675 0.087982
-30.6695 0.318379 -0.0437197 30.6695 -0.318379 0.0798024
-28.0802 0.304223 -0.0383694 28.0802 -0.304223 0.0728477
-14894.1 108.835 -182.431 14894.1 -108.835 194.765
-25010 100.3 -359.708 25010 -100.3 371.075
-37156.9 -214.544 -672.488 37156.9 214.544 648.173
-41925.8 -148.105 -1354.65 41925.8 148.105 1337.86
-44989.7 -301.697 -2011.25 44989.7 301.697 1977.06
-47366.8 -348.379 -2541.13 47366.8 348.379 2501.65
-50454.3 -571.076 -3325.26 50454.3 571.076 3260.54
-51779.4 -686.976 -3544.65 51779.4 686.976 3466.8
-55455.3 -860.505 -4381.15 55455.3 860.505 4283.63
-56067.2 -1142.72 -4456.39 56067.2 1142.72 4326.88
-57523.3 -1422.41 -4857.99 57523.3 1422.41 4696.79
-57526.9 -1772.79 -4972.35 57526.9 1772.79 4771.43
-59255 -2035 -5330.83 59255 2035 5100.2
-57432.4 -2501.56 -5335.05 57432.4 2501.56 5051.54
-54925.3 -2942.9 -5317.21 54925.3 2942.9 4983.69
-54202.5 -3292.99 -5514.84 54202.5 3292.99 5141.63
-51631.5 -3682.13 -5563.86 51631.5 3682.13 5146.55
-47872.2 -4233.01 -5627.87 47872.2 4233.01 5148.13
-40568.1 -4631.21 -5474.64 40568.1 4631.21 4949.78
-29950.9 -4924.28 -5274.55 29950.9 4924.28 4716.47
