-39738 -239.05
-39541.9 -241.7
-39713 -239.204
-80463.2 -530.564
-80573.6 -534.554
-81049.9 -535.035
-94052.1 -626.905
-94116.9 -628.298
-94168.3 -628.451
-94131.6 -628.029
-94124.7 -627.945
-94133.7 -628.045
-109907 -840.903
-126545 -1074.56
-138839 -1202.9
-154855 -1426.72
-169159 -1608.56
-183819 -1785.53
-200948 -2005.82
-210516 -2110.42
-231388 -2404.86
-239129 -2462.28
-258212 -2699.75
-275042 -2837.12
-293581 -3011.88
-311063 -3307.43
-327081 -3514.93
-340313 -3772.77
-358990 -4073.41
-378413 -4262.22
-397244 -4484.2
-410440 -4586.32
