18393.4 -308.677 -51.6944 -18393.4 308.677 16.4308
18402.6 -315.646 -52.2657 -18402.6 315.646 16.2059
18418.6 -315.776 -52.1585 -18418.6 315.776 16.0839
44502.9 -511.969 110.971 -44502.9 511.969 -169.459
44813 -527.52 117.727 -44813 527.52 -177.991
44996.7 -529.551 119.504 -44996.7 529.551 -180
53398.8 -489.325 112.699 -53398.8 489.325 -168.6
53389.1 -490.813 115.173 -53389.1 490.813 -171.244
53455.4 -492.208 115.591 -53455.4 492.208 -171.821
53422 -491.836 115.364 -53422 491.836 -171.552
53422.6 -491.849 115.378 -53422.6 491.849 -171.567
53421.6 -491.801 115.363 -53421.6 491.801 -171.547
42850.2 -463.723 -125.82 -42850.2 463.723 72.8434
35982.2 -409.665 -312.189 -35982.2 409.665 265.388
28293.9 -382.403 -563.59 -28293.9 382.403 519.904
26018.2 -1300.9 -880.399 -26018.2 1300.9 731.783
25605.7 -1844.84 -1271.57 -25605.7 1844.84 1060.82
24934.4 -2371.58 -1630.32 -24934.4 2371.58 1359.39
24534.5 -3186.18 -2009.81 -24534.5 3186.18 1645.82
25453.8 -3482.98 -1998.87 -25453.8 3482.98 1600.97
24559.1 -4454.42 -2422.02 -24559.1 4454.42 1913.14
28167.7 -4560.15 -2097.61 -28167.7 4560.15 1576.65
30183 -4978.2 -2090.72 -30183 4978.2 1522
34945.6 -4891.13 -1846.26 -34945.6 4891.13 1287.49
38394.8 -5126.89 -1794.81 -38394.8 5126.89 1209.11
45415.3 -4568.57 -1580.84 -45415.3 4568.57 1058.92
52738.8 -3844.96 -1410.64 -52738.8 3844.96 971.392
59011.4 -3383.25 -1454.1 -59011.4 3383.25 1067.6
67461 -2895.17 -1537.83 -67461 2895.17 1207.09
77372.5 -2799.91 -1604.77 -77372.5 2799.91 1284.91
91392 -2852.22 -1794.62 -91392 2852.22 1468.78
109123 -2798.72 -1802.01 -109123 2798.72 1482.28
