-51.0438 0.0655293 0.209673 51.0438 -0.0655293 -0.203906
3.89436 0.169785 0.807375 -3.89436 -0.169785 -0.792434
-52.9718 -0.366377 -1.15698 52.9718 0.366377 1.12474
-2270.68 -28.5246 -118.266 2270.68 28.5246 115.756
-5752.64 -56.3883 -260.152 5752.64 56.3883 255.189
-3371.29 -73.7285 -354.032 3371.29 73.7285 347.543
-1757.14 -98.6064 -504.179 1757.14 98.6064 495.501
4128.63 -117.423 -607.323 -4128.63 117.423 596.99
6842.78 -157.371 -807.55 -6842.78 157.371 793.701
12144.6 -141.026 -830.61 -12144.6 141.026 818.199
18941.7 -183.009 -1040.07 -18941.7 183.009 1023.97
21318.4 -187.369 -1138.94 -21318.4 187.369 1122.45
31964 -251.22 -1439.57 -31964 251.22 1417.47
39510.3 -305.511 -1705.83 -39510.3 305.511 1678.95
49480.2 -283.808 -1871.82 -49480.2 283.808 1846.84
56747.8 -400.591 -2203.83 -56747.8 400.591 2168.57
66952.9 -451.297 -2427.64 -66952.9 451.297 2387.92
76620.8 -488.478 -2643.02 -76620.8 488.478 2600.04
87027.9 -488.763 -2708.64 -87027.9 488.763 2665.63
100857 -520.585 -2873.11 -100857 520.585 2827.3
118656 -552.066 -3037.94 -118656 552.066 2989.36
130803 -597.214 -3255.77 -130803 597.214 3203.21
146539 -624.461 -3388.02 -146539 624.461 3333.07
