-26123.3 -218.823
-26020.2 -222.104
-26195.1 -220.701
-56479.8 -518.079
-56380.8 -518.973
-56580.8 -519.622
-66356.8 -631.991
-66503.2 -631.091
-66509.4 -631.462
-66471.2 -632.12
-66454.4 -632.115
-66479.4 -632.162
-70055.4 -1290.87
-79314.6 -1413.57
-82006.5 -1036.64
-88133.4 -981.078
-89312.6 -629.443
-100409 -869.117
-96778.6 8.78473
-103838 -384.605
-109314 31.0789
-106541 -638.886
-121197 -1152.68
-125320 -1234.63
-140885 -1947.04
-143683 -2258.16
-147066 -2454.83
-139016 -1770.38
-142942 -1696.16
-147351 -1675.44
-153495 -1847.4
-159179 -2016.73
