8.82345e-09 3.13809e-10
7.89441e-09 -1.82732e-09
9.40379e-09 4.30685e-09
-4.36597e-06 -1.69346e-05
-7.96906e-06 -4.19081e-05
-1.22726e-05 -7.48345e-05
-1.59601e-05 -0.00010067
-2.04139e-05 -0.000129613
-2.42035e-05 -0.000153004
-2.9401e-05 -0.000185142
-3.32468e-05 -0.000205005
-3.8364e-05 -0.000236098
-4.33223e-05 -0.000253629
-4.84022e-05 -0.00026483
-5.42036e-05 -0.000286709
-6.05372e-05 -0.000306718
-6.69582e-05 -0.000319122
-7.30041e-05 -0.000328378
-7.98994e-05 -0.000343595
-8.74939e-05 -0.000357952
-9.57956e-05 -0.000374164
-0.000104615 -0.000391418
-0.000113281 -0.000404599
