-35021.5 -294.164
-34800.4 -297.937
-35024.3 -294.632
-74009 -584.667
-74072.3 -590.392
-74567.7 -588.832
-86910.3 -685.883
-86981.5 -687.331
-87028.6 -687.4
-86991.8 -687.02
-86984.5 -686.931
-86994.2 -687.04
-102025 -880.981
-118255 -1096.85
-129673 -1205.76
-145316 -1428.5
-158899 -1598.04
-173058 -1761.67
-189331 -1983.1
-198579 -2090.66
-218518 -2365.07
-225726 -2409.85
-244682 -2660.85
-260571 -2783.02
-278696 -2948.45
-295312 -3216.95
-310176 -3367.57
-322512 -3651.55
-340861 -3942.61
-360024 -4124.27
-378267 -4367.09
-390338 -4457.33
