30874.7 480.314 242.347 -30874.7 -480.314 -190.99
30876 476.294 238.538 -30876 -476.294 -187.61
30893.1 476.273 238.68 -30893.1 -476.273 -187.755
69701.8 721.734 574.285 -69701.8 -721.734 -497.114
70008 737.803 571.841 -70008 -737.803 -492.951
70163.7 737.175 573.19 -70163.7 -737.175 -494.368
82809.5 391.516 654.225 -82809.5 -391.516 -612.362
82859.2 396.208 656.217 -82859.2 -396.208 -613.853
82903.3 395.855 656.537 -82903.3 -395.855 -614.21
82875.6 395.827 656.367 -82875.6 -395.827 -614.043
82870.2 395.797 656.341 -82870.2 -395.797 -614.02
82878.3 395.824 656.388 -82878.3 -395.824 -614.065
66073.5 457.708 329.295 -66073.5 -457.708 -280.355
57256.6 577.793 35.1008 -57256.6 -577.793 26.6795
47212.9 511.208 -302.577 -47212.9 -511.208 357.238
44398.7 1322.89 -217.149 -44398.7 -1322.89 358.598
42428.9 1917.36 -655.211 -42428.9 -1917.36 860.225
41940.7 2347.12 -1019.93 -41940.7 -2347.12 1270.89
38879.6 3250.95 -1671.34 -38879.6 -3250.95 2018.95
40003.3 3022.61 -2017.01 -40003.3 -3022.61 2340.2
36650.4 4136.52 -2536.98 -36650.4 -4136.52 2979.28
37696 3743.9 -3078.49 -37696 -3743.9 3478.81
36862.6 3884.52 -3759.94 -36862.6 -3884.52 4175.29
37512.8 3395.51 -4527.76 -37512.8 -3395.51 4890.83
35169.9 3666.31 -5114.74 -35169.9 -3666.31 5506.76
36992.1 2741.45 -6115.68 -36992.1 -2741.45 6408.81
38758.9 1588.62 -7271.12 -38758.9 -1588.62 7440.98
35926.5 984.821 -8073.03 -35926.5 -984.821 8178.33
35901.5 3767.85 -8553.34 -35901.5 -3767.85 8956.21
35835 5980.57 -9381.18 -35835 -5980.57 10020.7
36361.8 1863.14 -11178.5 -36361.8 -1863.14 11377.7
39032.3 3714.01 -11859.8 -39032.3 -3714.01 12256.9
