5875.43 -13523 343.055 -5875.43 13523 -2506.74
6016.52 -13058.3 500.967 -6016.52 13058.3 -2590.29
6045.64 -13114.7 500.728 -6045.64 13114.7 -2599.08
11923.5 -27587.6 1159.93 -11923.5 27587.6 -5573.94
12124.6 -27851 1194.36 -12124.6 27851 -5650.52
12125.9 -27864 1198.91 -12125.9 27864 -5657.15
14623.4 -33111.9 1568.91 -14623.4 33111.9 -6866.82
14650 -33313.2 1549.48 -14650 33313.2 -6879.59
14617 -33257.2 1544.69 -14617 33257.2 -6865.84
14621 -33262 1545.43 -14621 33262 -6867.35
14611.3 -33241.4 1543.44 -14611.3 33241.4 -6862.06
14625.1 -33271.4 1546.49 -14625.1 33271.4 -6869.91
35837.9 -47751.2 4476.67 -35837.9 47751.2 -12116.9
59258.6 -63005.3 7030.85 -59258.6 63005.3 -17111.7
84915.9 -76909.4 9677.48 -84915.9 76909.4 -21983
110496 -92786.3 12149.2 -110496 92786.3 -26995
137374 -110236 14473.4 -137374 110236 -32111.3
164299 -131072 16633.2 -164299 131072 -37604.7
194578 -155388 18724.2 -194578 155388 -43586.2
219237 -177631 20162.8 -219237 177631 -48583.7
248602 -202897 21745 -248602 202897 -54208.5
275012 -225934 22906.1 -275012 225934 -59055.5
303219 -249932 24055.8 -303219 249932 -64044.8
332571 -273645 25201 -332571 273645 -68984.2
366396 -294332 26691.3 -366396 294332 -73784.3
396610 -312953 27821.3 -396610 312953 -77893.8
429254 -333727 28964.1 -429254 333727 -82360.4
463660 -351599 30207.9 -463660 351599 -86463.8
497497 -370164 31233.3 -497497 370164 -90459.5
534970 -388495 32563.6 -534970 388495 -94722.8
570465 -403875 33786.5 -570465 403875 -98406.5
602925 -419511 34936.3 -602925 419511 -102058
