-33.4011 -0.226603 -0.0462188 33.4011 0.226603 0.0203412
-29.981 -0.200713 -0.0229482 29.981 0.200713 2.70647e-05
-35.5114 -0.235438 -0.0625952 35.5114 0.235438 0.0357087
7031.64 -41.0473 9.03752 -7031.64 41.0473 -13.725
13358.3 -116.646 11.3033 -13358.3 116.646 -24.6241
21282.7 -265.497 39.4642 -21282.7 265.497 -69.7834
29291.4 -467.88 112.004 -29291.4 467.88 -165.435
39927.5 -605.749 228.13 -39927.5 605.749 -297.305
48961.7 -690.77 354.914 -48961.7 690.77 -433.799
61123.1 -815.332 455.923 -61123.1 815.332 -549.032
72813.5 -985.205 592.721 -72813.5 985.205 -705.229
84241.5 -1119.41 688.448 -84241.5 1119.41 -816.282
100508 -1347.1 863.234 -100508 1347.1 -1017.07
113874 -1505.76 1011.37 -113874 1505.76 -1183.33
131193 -1719.93 1177.54 -131193 1719.93 -1373.95
148731 -1897.85 1360.21 -148731 1897.85 -1576.94
168449 -2056.57 1583.49 -168449 2056.57 -1818.35
187241 -2216.28 1818.81 -187241 2216.28 -2071.9
207644 -2397.24 2066.16 -207644 2397.24 -2339.92
230404 -2545.31 2323.92 -230404 2545.31 -2614.59
255820 -2633.83 2574.76 -255820 2633.83 -2875.54
284746 -2745.87 2879.78 -284746 2745.87 -3193.35
315342 -2814.03 3160.39 -315342 2814.03 -3481.75
