-8.14818e-06 -7.78852e-06
-8.18298e-06 -8.03239e-06
-8.18644e-06 -8.03457e-06
-1.76259e-05 -2.10801e-05
-1.77223e-05 -2.12934e-05
-1.77586e-05 -2.14096e-05
-2.09138e-05 -2.59056e-05
-2.09295e-05 -2.60121e-05
-2.09333e-05 -2.60105e-05
-2.0929e-05 -2.60097e-05
-2.09256e-05 -2.60001e-05
-2.09307e-05 -2.60139e-05
-1.89831e-05 -1.55157e-05
-1.87394e-05 -1.51883e-05
-1.80439e-05 -7.05432e-06
-1.95412e-05 -8.88307e-06
-2.05373e-05 -9.16687e-06
-2.24778e-05 -1.58935e-05
-2.39167e-05 -2.90486e-05
-2.6152e-05 -2.77104e-05
-2.60498e-05 -1.20731e-05
-2.94702e-05 -9.32803e-05
-3.10549e-05 -8.39619e-05
-3.11914e-05 -3.98985e-05
-3.21614e-05 -4.91516e-05
-3.3284e-05 -3.48858e-05
-3.35733e-05 -2.71764e-05
-3.39887e-05 3.88175e-05
-3.42595e-05 3.85462e-05
-3.48625e-05 6.85933e-05
-3.71773e-05 0.000135749
-3.74923e-05 0.000182403
