-8.19491e-06 -6.14557e-06
-8.21853e-06 -5.51693e-06
-8.22219e-06 -5.51921e-06
-1.80269e-05 -1.60434e-05
-1.81019e-05 -1.58564e-05
-1.81407e-05 -1.58679e-05
-2.15285e-05 -2.00368e-05
-2.15444e-05 -2.00228e-05
-2.15498e-05 -2.0023e-05
-2.15449e-05 -2.00209e-05
-2.1542e-05 -2.00153e-05
-2.15464e-05 -2.00231e-05
-1.88974e-05 -6.12529e-06
-1.81766e-05 -3.50203e-06
-1.69978e-05 2.41634e-06
-1.79362e-05 7.46062e-06
-1.87912e-05 5.45866e-06
-2.01451e-05 -6.5616e-06
-2.09059e-05 -1.00151e-05
-2.25724e-05 -3.9792e-05
-2.25085e-05 -4.48597e-05
-2.53796e-05 -1.88408e-05
-2.60633e-05 -4.33268e-05
-2.68886e-05 -3.84922e-05
-2.65734e-05 -2.21e-05
-2.70215e-05 2.22226e-05
-2.71204e-05 3.7912e-05
-2.711e-05 7.156e-05
-2.76274e-05 0.000125932
-2.71746e-05 0.000244458
-2.82852e-05 0.000312652
-2.86664e-05 0.00038768
