-8.65058e-06 -5.87911e-06
-8.60646e-06 -6.08837e-06
-8.64563e-06 -5.82259e-06
-1.82608e-05 -1.38466e-05
-1.82908e-05 -1.39758e-05
-1.84072e-05 -1.39342e-05
-2.15072e-05 -1.52626e-05
-2.15216e-05 -1.53535e-05
-2.15348e-05 -1.53445e-05
-2.15259e-05 -1.53264e-05
-2.15243e-05 -1.53229e-05
-2.15264e-05 -1.53263e-05
-2.54126e-05 -2.68004e-05
-2.9463e-05 -3.98275e-05
-3.25487e-05 -4.56807e-05
-3.64443e-05 -5.69057e-05
-3.99757e-05 -6.61009e-05
-4.35746e-05 -7.47851e-05
-4.78075e-05 -8.50083e-05
-5.01855e-05 -8.85451e-05
-5.52861e-05 -0.00010487
-5.72654e-05 -0.000106424
-6.19092e-05 -0.000115476
-6.61057e-05 -0.000119298
-7.06739e-05 -0.000124891
-7.49528e-05 -0.000142786
-7.89463e-05 -0.000156725
-8.2241e-05 -0.00017062
-8.68664e-05 -0.000188555
-9.17926e-05 -0.000195633
-9.65544e-05 -0.000203607
-9.99445e-05 -0.000205064
