-6.80402e-06 -6.11922e-06
-6.78659e-06 -5.77901e-06
-6.78555e-06 -5.80369e-06
-1.55122e-05 -1.51197e-05
-1.55852e-05 -1.61527e-05
-1.57017e-05 -1.62193e-05
-1.84789e-05 -1.83984e-05
-1.84699e-05 -1.8495e-05
-1.84971e-05 -1.83006e-05
-1.84886e-05 -1.83038e-05
-1.84891e-05 -1.83073e-05
-1.84883e-05 -1.83045e-05
-2.40705e-05 -4.42618e-05
-2.87146e-05 -6.19067e-05
-3.38709e-05 -8.26586e-05
-3.83533e-05 -9.57481e-05
-4.33966e-05 -0.000110467
-4.78941e-05 -0.000122501
-5.39163e-05 -0.000140009
-5.76956e-05 -0.000147368
-6.39856e-05 -0.000168343
-6.83925e-05 -0.000178458
-7.42163e-05 -0.000197206
-8.01893e-05 -0.000211656
-8.67687e-05 -0.000231423
-9.31696e-05 -0.000248268
-9.91911e-05 -0.00026483
-0.000105979 -0.000287023
-0.000113597 -0.000308233
-0.000121866 -0.000332093
-0.000130097 -0.00035391
-0.000137767 -0.000375383
