-668.479 41.6022 -490.64 668.479 -41.6022 497.214
-315.393 -5.79412 -197.027 315.393 5.79412 196.111
-309.147 -5.95561 -197.049 309.147 5.95561 196.108
-1723.58 -12.4547 -467.012 1723.58 12.4547 465.044
-1410.5 -259.717 -482.209 1410.5 259.717 441.173
-1469.99 -265.674 -483.682 1469.99 265.674 441.706
-2439.51 -739.814 -625.848 2439.51 739.814 508.958
-2517.52 -661.483 -618.778 2517.52 661.483 514.263
-2534.06 -641.714 -621.265 2534.06 641.714 519.874
-2533.54 -644.233 -621.867 2533.54 644.233 520.079
-2525.75 -641.314 -621.473 2525.75 641.314 520.146
-2539.07 -644.164 -621.189 2539.07 644.164 519.411
19550.5 -4445.7 -507.256 -19550.5 4445.7 -195.164
38341.5 -5278.58 -451.573 -38341.5 5278.58 -382.443
60273.5 -6808.91 -372.95 -60273.5 6808.91 -702.857
80411.4 -7823.39 -290.461 -80411.4 7823.39 -945.635
102557 -8738.77 -216.765 -102557 8738.77 -1163.96
122772 -9386.68 -117.556 -122772 9386.68 -1365.54
145575 -10312 -246.096 -145575 10312 -1383.19
166823 -10386.7 -129.812 -166823 10386.7 -1511.29
189945 -10712 -183.431 -189945 10712 -1509.06
212940 -9966 16.8859 -212940 9966 -1591.51
235651 -9158.78 146.51 -235651 9158.78 -1593.6
260113 -8254.44 129.854 -260113 8254.44 -1434.06
290926 -7675.42 439.944 -290926 7675.42 -1652.66
320575 -6947.03 651.962 -320575 6947.03 -1749.59
349949 -5986.74 761.312 -349949 5986.74 -1707.22
382514 -5665.34 773.449 -382514 5665.34 -1668.57
416012 -4791.6 908.168 -416012 4791.6 -1665.24
453365 -4161.24 1060.37 -453365 4161.24 -1717.85
490770 -3654.27 1316.84 -490770 3654.27 -1894.21
524660 -2987.58 1443.53 -524660 2987.58 -1915.57
