-39.9157 0.0824536 -0.108442 39.9157 -0.0824536 0.115698
25.2449 0.164558 0.177008 -25.2449 -0.164558 -0.162526
-40.1945 -0.371195 -0.489674 40.1945 0.371195 0.457009
10251.7 -29.1385 -44.7695 -10251.7 29.1385 42.2053
19367.5 -56.952 -119.488 -19367.5 56.952 114.477
32733 -75.073 -171.317 -32733 75.073 164.711
44852.7 -111.163 -237.866 -44852.7 111.163 228.083
60041.7 -125.675 -287.341 -60041.7 125.675 276.281
73679.1 -166.305 -366.779 -73679.1 166.305 352.144
88910.5 -148.384 -467.295 -88910.5 148.384 454.237
105888 -190.363 -546.396 -105888 190.363 529.644
120744 -195.789 -651.265 -120744 195.789 634.035
140428 -260.248 -734.412 -140428 260.248 711.511
158351 -312.332 -831.902 -158351 312.332 804.417
179314 -329.747 -953.835 -179314 329.747 924.818
203223 -411.548 -1022.13 -203223 411.548 985.917
228088 -463.007 -1085.42 -228088 463.007 1044.67
252276 -502.079 -1186.36 -252276 502.079 1142.17
277972 -503.728 -1271.45 -277972 503.728 1227.12
305322 -534.367 -1347.09 -305322 534.367 1300.06
333678 -564.552 -1416.65 -333678 564.552 1366.97
360945 -617.85 -1468.73 -360945 617.85 1414.36
388229 -641.274 -1533.23 -388229 641.274 1476.8
