8.92424e-09 9.44455e-09
1.0976e-08 1.64313e-08
8.18403e-09 7.31551e-09
-3.2381e-06 -1.12733e-05
-6.94772e-06 -2.47602e-05
-9.28618e-06 -3.27213e-05
-1.2837e-05 -5.52706e-05
-1.57821e-05 -7.21905e-05
-1.89513e-05 -8.58374e-05
-2.2394e-05 -0.000113517
-2.44336e-05 -0.000125806
-2.88058e-05 -0.000152448
-3.02635e-05 -0.000154211
-3.46373e-05 -0.00017599
-3.81212e-05 -0.000188172
-4.24135e-05 -0.000203901
-4.59185e-05 -0.000214512
-4.90179e-05 -0.000220334
-5.14393e-05 -0.000260315
-5.52231e-05 -0.000279542
-5.93164e-05 -0.000289031
-6.3392e-05 -0.00031741
-6.5826e-05 -0.000311863
