-15.262 0.0803163 -0.256421 15.262 -0.0803163 0.269111
17.623 0.169092 0.00089197 -17.623 -0.169092 0.0258246
-20.58 -0.400706 -0.0408349 20.58 0.400706 -0.0224767
15089.5 -26.5617 -23.668 -15089.5 26.5617 19.4713
28751.8 -54.5532 -75.1358 -28751.8 54.5532 66.5164
45899.4 -73.8319 -103.415 -45899.4 73.8319 91.7498
61681.2 -104.168 -137.107 -61681.2 104.168 120.648
79924.4 -122.714 -170.809 -79924.4 122.714 151.42
96624.2 -163.336 -206.74 -96624.2 163.336 180.933
115093 -145.411 -335.365 -115093 145.411 312.39
134189 -187.384 -367.483 -134189 187.384 337.876
153195 -192.804 -473.814 -153195 192.804 443.351
174629 -257.251 -481.896 -174629 257.251 441.25
194619 -309.323 -520.004 -194619 309.323 471.131
217227 -326.729 -623.936 -217227 326.729 572.313
244819 -408.517 -599.815 -244819 408.517 535.269
272710 -459.969 -606.335 -272710 459.969 533.66
299950 -499.031 -665.645 -299950 499.031 586.799
329763 -500.676 -756.73 -329763 500.676 677.623
361077 -531.308 -802.775 -361077 531.308 718.829
394777 -561.488 -845.979 -394777 561.488 757.264
427075 -614.781 -842.95 -427075 614.781 745.814
458058 -638.201 -886.122 -458058 638.201 785.287
