-8.04948e-06 -1.12923e-05
-7.96362e-06 -9.09003e-06
-8.08033e-06 -1.06989e-05
-1.71273e-05 -2.34915e-05
-1.70589e-05 -2.15488e-05
-1.72015e-05 -2.21762e-05
-2.01033e-05 -2.64981e-05
-2.01245e-05 -2.64429e-05
-2.01319e-05 -2.64216e-05
-2.01229e-05 -2.64402e-05
-2.01204e-05 -2.64349e-05
-2.01239e-05 -2.64427e-05
-2.27689e-05 -3.47722e-05
-2.61132e-05 -5.0344e-05
-2.77427e-05 -7.70224e-05
-3.08903e-05 -0.00011702
-3.32597e-05 -0.000157604
-3.60935e-05 -0.000185973
-3.86331e-05 -0.000246321
-4.05082e-05 -0.000267307
-4.41188e-05 -0.000327984
-4.53822e-05 -0.000319436
-4.92292e-05 -0.000361879
-5.22796e-05 -0.00038675
-5.6298e-05 -0.000415228
-5.88927e-05 -0.000426682
-6.13299e-05 -0.000451465
-6.3064e-05 -0.00048743
-6.59043e-05 -0.000488279
-6.90189e-05 -0.000489608
-7.27856e-05 -0.000504704
-7.46562e-05 -0.000476989
