1.84679e-06 1.58387e-05
1.82549e-06 1.59574e-05
1.82456e-06 1.60059e-05
4.76937e-06 3.50596e-05
4.75773e-06 3.58685e-05
4.76896e-06 3.59612e-05
6.00391e-06 4.45438e-05
5.99892e-06 4.41015e-05
5.99088e-06 4.42267e-05
6.00325e-06 4.423e-05
5.98293e-06 4.41882e-05
6.01315e-06 4.43351e-05
4.02035e-06 5.2829e-05
2.34491e-06 6.5123e-05
-5.30908e-07 7.38749e-05
-3.11104e-06 8.64893e-05
-6.58971e-06 9.63188e-05
-9.66159e-06 0.000111437
-1.31634e-05 0.000123871
-1.72253e-05 0.000139455
-2.04576e-05 0.000154663
-2.52707e-05 0.000173199
-2.95629e-05 0.0001924
-3.4459e-05 0.000211538
-4.00302e-05 0.000229434
-4.59385e-05 0.000243774
-5.16961e-05 0.000262227
-5.7341e-05 0.000274196
-6.41982e-05 0.000288696
-7.07106e-05 0.000301596
-7.73309e-05 0.000314729
-8.39731e-05 0.000326697
