8.64021e-09 -3.2669e-09
8.61301e-09 -9.78896e-09
8.8729e-09 -7.83977e-09
-5.51304e-06 -1.99177e-05
-1.02005e-05 -3.34963e-05
-1.52133e-05 -4.99385e-05
-1.97107e-05 -6.1173e-05
-2.46263e-05 -7.45002e-05
-2.91278e-05 -8.78912e-05
-3.50735e-05 -0.000107378
-3.86684e-05 -0.000117036
-4.50212e-05 -0.000138347
-4.90034e-05 -0.000148951
-5.48034e-05 -0.000167216
-6.06025e-05 -0.000181882
-6.6892e-05 -0.0001995
-7.30387e-05 -0.000215345
-7.88031e-05 -0.000231414
-8.51187e-05 -0.00025358
-9.23923e-05 -0.000275793
-0.000100244 -0.000301206
-0.000107885 -0.000322639
-0.000114818 -0.00034532
