0 0
4.32721e+07 3.06667e-06
4.47364e+07 6.13333e-06
4.37236e+07 9.2e-06
4.51942e+07 1.22667e-05
4.81436e+07 1.53333e-05
5.14249e+07 1.84e-05
5.39797e+07 2.14667e-05
5.61723e+07 2.45333e-05
5.76192e+07 2.76e-05
5.98626e+07 3.06667e-05
6.13311e+07 3.37333e-05
6.29017e+07 3.68e-05
6.44233e+07 3.98667e-05
6.58955e+07 4.29333e-05
6.73184e+07 4.6e-05
6.86903e+07 4.90667e-05
7.00056e+07 5.21333e-05
7.12534e+07 5.52e-05
7.24179e+07 5.82667e-05
7.34789e+07 6.13333e-05
7.44162e+07 6.44e-05
7.52191e+07 6.74667e-05
7.63526e+07 7.05333e-05
7.71709e+07 7.36e-05
7.75719e+07 7.66667e-05
7.80345e+07 7.97333e-05
7.85008e+07 8.28e-05
7.89485e+07 8.58667e-05
7.93786e+07 8.89333e-05
7.97901e+07 9.2e-05
8.01855e+07 9.50667e-05
8.05682e+07 9.81333e-05
8.09368e+07 0.0001012
8.12915e+07 0.000104267
8.16329e+07 0.000107333
8.196e+07 0.0001104
8.2277e+07 0.000113467
8.25864e+07 0.000116533
8.28873e+07 0.0001196
8.31795e+07 0.000122667
8.34602e+07 0.000125733
8.37352e+07 0.0001288
8.40036e+07 0.000131867
8.42647e+07 0.000134933
8.45183e+07 0.000138
8.47644e+07 0.000141067
8.50034e+07 0.000144133
8.52359e+07 0.0001472
8.5462e+07 0.000150267
8.56805e+07 0.000153333
8.58965e+07 0.0001564
8.61099e+07 0.000159467
8.63193e+07 0.000162533
8.65243e+07 0.0001656
8.67246e+07 0.000168667
8.69203e+07 0.000171733
8.71089e+07 0.0001748
8.72943e+07 0.000177867
8.74772e+07 0.000180933
8.76574e+07 0.000184
8.78341e+07 0.000187067
8.80073e+07 0.000190133
8.81766e+07 0.0001932
8.83422e+07 0.000196267
8.85041e+07 0.000199333
8.86626e+07 0.0002024
8.8818e+07 0.000205467
8.89705e+07 0.000208533
8.91203e+07 0.0002116
8.92677e+07 0.000214667
8.94127e+07 0.000217733
6.99809e+07 0.0002208
7.15163e+07 0.000223867
7.16529e+07 0.000226933
7.17872e+07 0.00023
7.19193e+07 0.000233067
7.2049e+07 0.000236133
7.21764e+07 0.0002392
7.23016e+07 0.000242267
7.24246e+07 0.000245333
7.25455e+07 0.0002484
7.26644e+07 0.000251467
7.27801e+07 0.000254533
7.28942e+07 0.0002576
7.30067e+07 0.000260667
7.31175e+07 0.000263733
7.32269e+07 0.0002668
7.33347e+07 0.000269867
7.3441e+07 0.000272933
7.35459e+07 0.000276
7.36495e+07 0.000279067
7.37516e+07 0.000282133
7.38521e+07 0.0002852
7.3951e+07 0.000288267
7.40483e+07 0.000291333
7.41441e+07 0.0002944
7.42383e+07 0.000297467
7.4331e+07 0.000300533
7.44222e+07 0.0003036
7.4512e+07 0.000306667
7.46004e+07 0.000309733
7.46874e+07 0.0003128
7.47732e+07 0.000315867
7.48577e+07 0.000318933
7.4941e+07 0.000322
7.50232e+07 0.000325067
7.51043e+07 0.000328133
7.51842e+07 0.0003312
7.52631e+07 0.000334267
7.5341e+07 0.000337333
7.54179e+07 0.0003404
7.54939e+07 0.000343467
7.55689e+07 0.000346533
7.56429e+07 0.0003496
7.57161e+07 0.000352667
7.57884e+07 0.000355733
7.58598e+07 0.0003588
7.59303e+07 0.000361867
7.60001e+07 0.000364933
7.6069e+07 0.000368
7.61372e+07 0.000371067
7.62046e+07 0.000374133
7.62712e+07 0.0003772
7.63371e+07 0.000380267
7.64022e+07 0.000383333
7.64663e+07 0.0003864
7.65295e+07 0.000389467
7.65921e+07 0.000392533
7.66541e+07 0.0003956
7.67155e+07 0.000398667
7.67764e+07 0.000401733
7.68367e+07 0.0004048
7.68964e+07 0.000407867
7.69556e+07 0.000410933
7.70143e+07 0.000414
7.70724e+07 0.000417067
7.71301e+07 0.000420133
7.71874e+07 0.0004232
7.72443e+07 0.000426267
7.73007e+07 0.000429333
7.73565e+07 0.0004324
7.74118e+07 0.000435467
7.74665e+07 0.000438533
7.75208e+07 0.0004416
7.75744e+07 0.000444667
6.40469e+07 0.000447733
6.60313e+07 0.0004508
6.78593e+07 0.000453867
6.87834e+07 0.000456933
6.88319e+07 0.00046
6.88799e+07 0.000463067
6.89276e+07 0.000466133
6.89749e+07 0.0004692
6.90219e+07 0.000472267
6.90684e+07 0.000475333
6.91146e+07 0.0004784
6.91604e+07 0.000481467
6.92059e+07 0.000484533
6.9251e+07 0.0004876
6.92958e+07 0.000490667
6.93403e+07 0.000493733
6.93845e+07 0.0004968
6.94284e+07 0.000499867
6.9472e+07 0.000502933
6.95152e+07 0.000506
6.95582e+07 0.000509067
6.96009e+07 0.000512133
6.96434e+07 0.0005152
6.96856e+07 0.000518267
6.97275e+07 0.000521333
6.97691e+07 0.0005244
6.98106e+07 0.000527467
6.98517e+07 0.000530533
6.98927e+07 0.0005336
6.99335e+07 0.000536667
6.99741e+07 0.000539733
7.00145e+07 0.0005428
7.00546e+07 0.000545867
7.00946e+07 0.000548933
7.01343e+07 0.000552
7.01736e+07 0.000555067
7.02126e+07 0.000558133
7.02515e+07 0.0005612
7.02901e+07 0.000564267
7.03285e+07 0.000567333
7.03667e+07 0.0005704
7.04046e+07 0.000573467
7.04424e+07 0.000576533
7.04799e+07 0.0005796
7.05173e+07 0.000582667
7.05544e+07 0.000585733
7.05914e+07 0.0005888
7.06281e+07 0.000591867
7.06647e+07 0.000594933
7.07012e+07 0.000598
7.07374e+07 0.000601067
7.07735e+07 0.000604133
7.08095e+07 0.0006072
7.08453e+07 0.000610267
7.0881e+07 0.000613333
7.09165e+07 0.0006164
7.09519e+07 0.000619467
7.09872e+07 0.000622533
7.10224e+07 0.0006256
7.10574e+07 0.000628667
7.10923e+07 0.000631733
7.11271e+07 0.0006348
7.11618e+07 0.000637867
7.11964e+07 0.000640933
7.12309e+07 0.000644
7.12652e+07 0.000647067
7.12995e+07 0.000650133
7.13337e+07 0.0006532
7.13678e+07 0.000656267
7.14017e+07 0.000659333
7.14356e+07 0.0006624
7.14694e+07 0.000665467
7.15032e+07 0.000668533
7.15368e+07 0.0006716
7.15703e+07 0.000674667
7.16038e+07 0.000677733
7.16372e+07 0.0006808
7.16705e+07 0.000683867
7.17037e+07 0.000686933
7.17369e+07 0.00069
7.17699e+07 0.000693067
7.1803e+07 0.000696133
7.18359e+07 0.0006992
7.18687e+07 0.000702267
7.19015e+07 0.000705333
7.19343e+07 0.0007084
7.19669e+07 0.000711467
7.19995e+07 0.000714533
7.20321e+07 0.0007176
7.20645e+07 0.000720667
7.2097e+07 0.000723733
7.21293e+07 0.0007268
7.21616e+07 0.000729867
7.21939e+07 0.000732933
7.22261e+07 0.000736
7.22582e+07 0.000739067
7.22903e+07 0.000742133
7.23223e+07 0.0007452
7.23543e+07 0.000748267
7.23863e+07 0.000751333
7.24182e+07 0.0007544
7.245e+07 0.000757467
7.24818e+07 0.000760533
7.25136e+07 0.0007636
7.25453e+07 0.000766667
7.2577e+07 0.000769733
7.26086e+07 0.0007728
7.26402e+07 0.000775867
7.26718e+07 0.000778933
7.27033e+07 0.000782
7.27348e+07 0.000785067
7.27662e+07 0.000788133
7.27977e+07 0.0007912
7.28291e+07 0.000794267
7.28604e+07 0.000797333
7.28917e+07 0.0008004
7.2923e+07 0.000803467
7.29543e+07 0.000806533
7.29855e+07 0.0008096
7.30167e+07 0.000812667
7.30479e+07 0.000815733
7.30791e+07 0.0008188
7.31102e+07 0.000821867
7.31413e+07 0.000824933
7.31724e+07 0.000828
7.32035e+07 0.000831067
7.32346e+07 0.000834133
7.32656e+07 0.0008372
7.32966e+07 0.000840267
7.33276e+07 0.000843333
7.33586e+07 0.0008464
7.33895e+07 0.000849467
7.34205e+07 0.000852533
7.34514e+07 0.0008556
7.34823e+07 0.000858667
7.35132e+07 0.000861733
7.35441e+07 0.0008648
7.3575e+07 0.000867867
7.36058e+07 0.000870933
7.36367e+07 0.000874
7.36675e+07 0.000877067
7.36983e+07 0.000880133
7.37292e+07 0.0008832
7.376e+07 0.000886267
7.37903e+07 0.000889333
7.38206e+07 0.0008924
7.38508e+07 0.000895467
7.38811e+07 0.000898533
7.39115e+07 0.0009016
7.39418e+07 0.000904667
7.39722e+07 0.000907733
7.40027e+07 0.0009108
7.40331e+07 0.000913867
7.40635e+07 0.000916933
7.4094e+07 0.00092
