0 -3.25963e-09
4.9513e+07 -4.9513e+07
7.61192e+07 -7.61192e+07
8.52033e+07 -8.52033e+07
9.06462e+07 -9.06462e+07
9.48063e+07 -9.48063e+07
9.751e+07 -9.751e+07
9.94294e+07 -9.94294e+07
9.98882e+07 -9.98882e+07
1.00583e+08 -1.00583e+08
1.01349e+08 -1.01349e+08
1.02172e+08 -1.02172e+08
1.03032e+08 -1.03032e+08
1.03932e+08 -1.03932e+08
1.04857e+08 -1.04857e+08
1.05805e+08 -1.05805e+08
1.06769e+08 -1.06769e+08
1.07749e+08 -1.07749e+08
1.08736e+08 -1.08736e+08
1.09734e+08 -1.09734e+08
1.10738e+08 -1.10738e+08
1.11744e+08 -1.11744e+08
1.12745e+08 -1.12745e+08
1.13747e+08 -1.13747e+08
1.14743e+08 -1.14743e+08
1.15717e+08 -1.15717e+08
1.16668e+08 -1.16668e+08
1.17579e+08 -1.17579e+08
1.18437e+08 -1.18437e+08
1.19237e+08 -1.19237e+08
1.19963e+08 -1.19963e+08
1.20602e+08 -1.20234e+08
1.21609e+08 -1.21609e+08
1.22364e+08 -1.22364e+08
1.22715e+08 -1.22715e+08
1.23107e+08 -1.23107e+08
1.2354e+08 -1.2354e+08
1.23966e+08 -1.23966e+08
1.24371e+08 -1.24371e+08
1.24768e+08 -1.24768e+08
1.25156e+08 -1.25156e+08
1.25531e+08 -1.25531e+08
1.25886e+08 -1.25886e+08
1.26233e+08 -1.26233e+08
1.26577e+08 -1.26577e+08
1.26907e+08 -1.26907e+08
1.27218e+08 -1.27218e+08
1.27519e+08 -1.27519e+08
1.27817e+08 -1.27817e+08
1.28107e+08 -1.28107e+08
1.28388e+08 -1.28388e+08
1.28658e+08 -1.28658e+08
1.28916e+08 -1.28916e+08
1.29164e+08 -1.29164e+08
1.29409e+08 -1.29409e+08
1.29651e+08 -1.29651e+08
1.29885e+08 -1.29885e+08
1.3011e+08 -1.3011e+08
1.30326e+08 -1.30326e+08
1.30534e+08 -1.30534e+08
1.3074e+08 -1.3074e+08
1.30944e+08 -1.30944e+08
1.31144e+08 -1.31144e+08
1.31338e+08 -1.31338e+08
1.31527e+08 -1.31527e+08
1.3171e+08 -1.3171e+08
1.31888e+08 -1.31888e+08
1.3206e+08 -1.3206e+08
1.32225e+08 -1.32225e+08
1.32388e+08 -1.32388e+08
1.32549e+08 -1.32549e+08
1.32708e+08 -1.32708e+08
1.32867e+08 -1.32867e+08
1.3302e+08 -1.3302e+08
1.33169e+08 -1.33169e+08
1.33315e+08 -1.33315e+08
1.33457e+08 -1.33457e+08
1.33595e+08 -1.33595e+08
1.3373e+08 -1.3373e+08
1.33861e+08 -1.33861e+08
1.33991e+08 -1.33991e+08
1.34119e+08 -1.34119e+08
1.34245e+08 -1.34245e+08
1.34371e+08 -1.34371e+08
1.34493e+08 -1.34493e+08
1.34613e+08 -1.34613e+08
1.3473e+08 -1.3473e+08
1.34844e+08 -1.34844e+08
1.34955e+08 -1.34955e+08
1.35063e+08 -1.35063e+08
1.35169e+08 -1.35169e+08
1.35272e+08 -1.35272e+08
1.35373e+08 -1.35373e+08
1.35473e+08 -1.35473e+08
1.3557e+08 -1.3557e+08
1.35665e+08 -1.35665e+08
1.35757e+08 -1.35757e+08
1.35847e+08 -1.35847e+08
1.35936e+08 -1.35936e+08
1.36025e+08 -1.36025e+08
1.36112e+08 -1.36112e+08
1.36198e+08 -1.36198e+08
1.36283e+08 -1.36283e+08
1.36367e+08 -1.36367e+08
1.3645e+08 -1.3645e+08
1.36532e+08 -1.36532e+08
1.36612e+08 -1.36612e+08
1.3669e+08 -1.3669e+08
1.36767e+08 -1.36767e+08
1.36843e+08 -1.36843e+08
1.36917e+08 -1.36917e+08
1.3699e+08 -1.3699e+08
1.37061e+08 -1.37061e+08
1.37131e+08 -1.37131e+08
1.372e+08 -1.372e+08
1.37268e+08 -1.37268e+08
1.37335e+08 -1.37335e+08
1.374e+08 -1.374e+08
1.37464e+08 -1.37464e+08
1.37527e+08 -1.37527e+08
1.37589e+08 -1.37589e+08
1.3765e+08 -1.3765e+08
1.37709e+08 -1.37709e+08
1.37768e+08 -1.37768e+08
1.37826e+08 -1.37826e+08
1.37883e+08 -1.37883e+08
1.3794e+08 -1.3794e+08
1.37995e+08 -1.37995e+08
1.3805e+08 -1.3805e+08
1.38104e+08 -1.38104e+08
1.38157e+08 -1.38157e+08
1.3821e+08 -1.3821e+08
1.38262e+08 -1.38262e+08
1.38314e+08 -1.38314e+08
1.38365e+08 -1.38365e+08
1.38415e+08 -1.38415e+08
1.38465e+08 -1.38465e+08
1.38514e+08 -1.38514e+08
1.38563e+08 -1.38563e+08
1.38611e+08 -1.38611e+08
1.38658e+08 -1.38658e+08
1.38705e+08 -1.38705e+08
1.38751e+08 -1.38751e+08
1.38797e+08 -1.38797e+08
1.38842e+08 -1.38842e+08
1.38887e+08 -1.38887e+08
1.3893e+08 -1.3893e+08
1.38974e+08 -1.38974e+08
1.39016e+08 -1.39016e+08
1.39058e+08 -1.39058e+08
1.391e+08 -1.391e+08
1.3914e+08 -1.3914e+08
1.3918e+08 -1.3918e+08
1.3922e+08 -1.3922e+08
1.39259e+08 -1.39259e+08
1.39297e+08 -1.39297e+08
1.39335e+08 -1.39335e+08
1.39373e+08 -1.39373e+08
1.39411e+08 -1.39411e+08
1.39448e+08 -1.39448e+08
1.39484e+08 -1.39484e+08
1.39521e+08 -1.39521e+08
1.39556e+08 -1.39556e+08
1.39592e+08 -1.39592e+08
1.39627e+08 -1.39627e+08
1.39662e+08 -1.39662e+08
1.39696e+08 -1.39696e+08
1.3973e+08 -1.3973e+08
1.39764e+08 -1.39764e+08
1.39797e+08 -1.39797e+08
1.39829e+08 -1.39829e+08
1.39862e+08 -1.39862e+08
1.39893e+08 -1.39893e+08
1.39925e+08 -1.39925e+08
1.39956e+08 -1.39956e+08
1.39986e+08 -1.39986e+08
1.40016e+08 -1.40016e+08
1.40046e+08 -1.40046e+08
1.40075e+08 -1.40075e+08
1.40104e+08 -1.40104e+08
1.40133e+08 -1.40133e+08
1.40162e+08 -1.40162e+08
1.4019e+08 -1.4019e+08
1.40218e+08 -1.40218e+08
1.40246e+08 -1.40246e+08
1.40273e+08 -1.40273e+08
1.403e+08 -1.403e+08
1.40326e+08 -1.40326e+08
1.40352e+08 -1.40352e+08
1.40378e+08 -1.40378e+08
1.40404e+08 -1.40404e+08
1.40429e+08 -1.40429e+08
1.40453e+08 -1.40453e+08
1.40478e+08 -1.40478e+08
1.40501e+08 -1.40501e+08
1.40525e+08 -1.40525e+08
1.40548e+08 -1.40548e+08
1.40572e+08 -1.40572e+08
1.40595e+08 -1.40595e+08
1.40618e+08 -1.40618e+08
1.40642e+08 -1.40642e+08
1.32534e+08 -1.32534e+08
1.32722e+08 -1.32722e+08
1.32785e+08 -1.32785e+08
1.32848e+08 -1.32848e+08
1.32911e+08 -1.32911e+08
1.32973e+08 -1.32973e+08
1.33036e+08 -1.33036e+08
1.33099e+08 -1.33099e+08
1.33161e+08 -1.33161e+08
1.33224e+08 -1.33224e+08
1.33286e+08 -1.33286e+08
1.33348e+08 -1.33348e+08
1.33409e+08 -1.33409e+08
1.33468e+08 -1.33468e+08
1.33527e+08 -1.33527e+08
1.33586e+08 -1.33586e+08
1.33646e+08 -1.33646e+08
1.33705e+08 -1.33705e+08
1.33763e+08 -1.33763e+08
1.33819e+08 -1.33819e+08
1.33873e+08 -1.33873e+08
1.33925e+08 -1.33925e+08
1.33975e+08 -1.33975e+08
1.34024e+08 -1.34024e+08
1.34071e+08 -1.34071e+08
1.34116e+08 -1.34116e+08
1.34161e+08 -1.34161e+08
1.34204e+08 -1.34204e+08
1.34246e+08 -1.34246e+08
1.34287e+08 -1.34287e+08
1.34328e+08 -1.34328e+08
1.34368e+08 -1.34368e+08
1.34407e+08 -1.34407e+08
1.34447e+08 -1.34447e+08
1.34486e+08 -1.34486e+08
1.34525e+08 -1.34525e+08
1.34562e+08 -1.34562e+08
1.34599e+08 -1.34599e+08
1.34636e+08 -1.34636e+08
1.34672e+08 -1.34672e+08
1.34708e+08 -1.34708e+08
1.34744e+08 -1.34744e+08
1.34779e+08 -1.34779e+08
1.34813e+08 -1.34813e+08
1.34846e+08 -1.34846e+08
1.34879e+08 -1.34879e+08
1.34912e+08 -1.34912e+08
1.34945e+08 -1.34945e+08
1.34978e+08 -1.34978e+08
1.3501e+08 -1.3501e+08
1.35043e+08 -1.35043e+08
1.35075e+08 -1.35075e+08
1.35108e+08 -1.35108e+08
1.3514e+08 -1.3514e+08
1.35172e+08 -1.35172e+08
1.35202e+08 -1.35202e+08
1.35232e+08 -1.35232e+08
1.35262e+08 -1.35262e+08
1.35292e+08 -1.35292e+08
1.35321e+08 -1.35321e+08
1.3535e+08 -1.3535e+08
1.35379e+08 -1.35379e+08
1.35409e+08 -1.35409e+08
1.35438e+08 -1.35438e+08
1.35466e+08 -1.35466e+08
1.35493e+08 -1.35493e+08
1.3552e+08 -1.3552e+08
1.35547e+08 -1.35547e+08
1.35573e+08 -1.35573e+08
1.35598e+08 -1.35598e+08
1.35624e+08 -1.35624e+08
1.3565e+08 -1.3565e+08
1.35675e+08 -1.35675e+08
1.35701e+08 -1.35701e+08
1.35726e+08 -1.35726e+08
1.35752e+08 -1.35752e+08
1.35777e+08 -1.35777e+08
1.35802e+08 -1.35802e+08
1.35828e+08 -1.35828e+08
1.35853e+08 -1.35853e+08
1.35878e+08 -1.35878e+08
1.35901e+08 -1.35901e+08
1.35924e+08 -1.35924e+08
1.35946e+08 -1.35946e+08
1.35968e+08 -1.35968e+08
1.3599e+08 -1.3599e+08
1.36011e+08 -1.36011e+08
1.36032e+08 -1.36032e+08
1.36052e+08 -1.36052e+08
1.36073e+08 -1.36073e+08
1.36094e+08 -1.36094e+08
1.36115e+08 -1.36115e+08
1.36136e+08 -1.36136e+08
1.36157e+08 -1.36157e+08
1.36177e+08 -1.36177e+08
1.36198e+08 -1.36198e+08
1.36218e+08 -1.36218e+08
1.36239e+08 -1.36239e+08
1.36259e+08 -1.36259e+08
1.36278e+08 -1.36278e+08
