0 -5.99767e-07
5.3255e+07 2.4669e-06
1.06259e+08 5.53357e-06
1.55451e+08 8.60023e-06
1.8449e+08 1.16669e-05
1.99871e+08 1.47336e-05
2.09392e+08 1.78002e-05
2.16557e+08 2.08669e-05
2.22234e+08 2.39336e-05
2.26944e+08 2.70002e-05
2.30941e+08 3.00669e-05
2.34398e+08 3.31336e-05
2.37438e+08 3.62002e-05
2.40116e+08 3.92669e-05
2.42498e+08 4.23336e-05
2.44607e+08 4.54002e-05
2.46472e+08 4.84669e-05
2.48132e+08 5.15336e-05
2.49653e+08 5.46002e-05
2.5103e+08 5.76669e-05
2.523e+08 6.07336e-05
2.53477e+08 6.38002e-05
2.5457e+08 6.68669e-05
2.55572e+08 6.99336e-05
2.56524e+08 7.30002e-05
2.57371e+08 7.60669e-05
2.58152e+08 7.91336e-05
2.5887e+08 8.22002e-05
2.59506e+08 8.52669e-05
2.60062e+08 8.83336e-05
2.60569e+08 9.14002e-05
2.61029e+08 9.44669e-05
2.61443e+08 9.75336e-05
2.61805e+08 0.0001006
2.62118e+08 0.000103667
2.62388e+08 0.000106734
2.6262e+08 0.0001098
2.62816e+08 0.000112867
2.62979e+08 0.000115934
2.63108e+08 0.000119
2.63199e+08 0.000122067
2.6326e+08 0.000125134
2.6329e+08 0.0001282
2.63287e+08 0.000131267
2.63254e+08 0.000134334
2.63189e+08 0.0001374
2.63094e+08 0.000140467
2.6297e+08 0.000143534
2.62818e+08 0.0001466
2.62633e+08 0.000149667
2.62414e+08 0.000152734
2.62171e+08 0.0001558
2.61901e+08 0.000158867
2.61601e+08 0.000161934
2.61269e+08 0.000165
2.60909e+08 0.000168067
2.60522e+08 0.000171134
2.60105e+08 0.0001742
2.59657e+08 0.000177267
2.59181e+08 0.000180334
2.58671e+08 0.0001834
2.58133e+08 0.000186467
2.57565e+08 0.000189534
2.56968e+08 0.0001926
2.5634e+08 0.000195667
2.55677e+08 0.000198734
2.5497e+08 0.0002018
2.54231e+08 0.000204867
2.53461e+08 0.000207934
2.5266e+08 0.000211
2.5182e+08 0.000214067
2.50933e+08 0.000217134
2.50014e+08 0.0002202
2.49061e+08 0.000223267
2.48063e+08 0.000226334
2.47012e+08 0.0002294
2.45913e+08 0.000232467
2.44777e+08 0.000235534
2.43599e+08 0.0002386
2.42368e+08 0.000241667
2.41076e+08 0.000244734
2.39724e+08 0.0002478
2.38319e+08 0.000250867
2.36865e+08 0.000253934
2.35337e+08 0.000257
2.33781e+08 0.000260067
2.3228e+08 0.000263134
2.30713e+08 0.0002662
2.29259e+08 0.000269267
2.27744e+08 0.000272334
2.26268e+08 0.0002754
2.24777e+08 0.000278467
2.23261e+08 0.000281534
2.2182e+08 0.0002846
2.2033e+08 0.000287667
2.18883e+08 0.000290734
2.17408e+08 0.0002938
2.15901e+08 0.000296867
2.14479e+08 0.000299934
2.13017e+08 0.000303
2.11551e+08 0.000306067
2.10097e+08 0.000309134
2.08601e+08 0.0003122
2.07164e+08 0.000315267
2.05722e+08 0.000318334
2.04219e+08 0.0003214
2.02758e+08 0.000324467
2.01294e+08 0.000327534
1.99791e+08 0.0003306
1.98356e+08 0.000333667
1.9686e+08 0.000336734
1.95263e+08 0.0003398
1.9374e+08 0.000342867
1.92225e+08 0.000345934
1.90745e+08 0.000349
1.89595e+08 0.000352067
1.87592e+08 0.000355134
1.8535e+08 0.0003582
1.83625e+08 0.000361267
1.80427e+08 0.000364334
1.77717e+08 0.0003674
1.74313e+08 0.000370467
1.70978e+08 0.000373534
1.67182e+08 0.0003766
1.62967e+08 0.000379667
1.58548e+08 0.000382734
1.53852e+08 0.0003858
1.48154e+08 0.000388867
1.42405e+08 0.000391934
1.36853e+08 0.000395
2.71549e+08 0.000398067
2.71549e+08 0.000401134
2.71549e+08 0.0004042
2.71549e+08 0.000407267
2.71549e+08 0.000410334
2.71549e+08 0.0004134
2.71549e+08 0.000416467
2.71549e+08 0.000419534
2.71549e+08 0.0004226
2.71549e+08 0.000425667
2.71549e+08 0.000428734
2.71549e+08 0.0004318
2.71549e+08 0.000434867
2.71549e+08 0.000437934
2.71549e+08 0.000441
2.71549e+08 0.000444067
2.71549e+08 0.000447134
2.71549e+08 0.0004502
2.71549e+08 0.000453267
2.71549e+08 0.000456334
2.71549e+08 0.0004594
2.71549e+08 0.000462467
2.71549e+08 0.000465534
2.71549e+08 0.0004686
2.71549e+08 0.000471667
2.71549e+08 0.000474734
2.71549e+08 0.0004778
2.71549e+08 0.000480867
2.71549e+08 0.000483934
2.71549e+08 0.000487
2.71549e+08 0.000490067
2.71549e+08 0.000493134
2.71549e+08 0.0004962
2.71549e+08 0.000499267
2.71549e+08 0.000502334
2.71549e+08 0.0005054
2.71549e+08 0.000508467
2.71549e+08 0.000511534
2.71549e+08 0.0005146
2.71549e+08 0.000517667
2.71549e+08 0.000520734
2.71549e+08 0.0005238
2.71549e+08 0.000526867
2.71549e+08 0.000529934
2.71549e+08 0.000533
2.71549e+08 0.000536067
2.71549e+08 0.000539134
2.71549e+08 0.0005422
2.71549e+08 0.000545267
2.71549e+08 0.000548334
2.71549e+08 0.0005514
2.71549e+08 0.000554467
2.71549e+08 0.000557534
2.71549e+08 0.0005606
2.71549e+08 0.000563667
2.71549e+08 0.000566734
2.71549e+08 0.0005698
2.71549e+08 0.000572867
2.71549e+08 0.000575934
2.71549e+08 0.000579
2.71549e+08 0.000582067
2.71549e+08 0.000585134
2.71549e+08 0.0005882
2.71549e+08 0.000591267
2.71549e+08 0.000594334
2.71549e+08 0.0005974
2.71549e+08 0.000600467
2.71549e+08 0.000603534
2.71549e+08 0.0006066
2.71549e+08 0.000609667
2.71549e+08 0.000612734
2.71549e+08 0.0006158
2.71549e+08 0.000618867
2.71549e+08 0.000621934
2.71549e+08 0.000625
2.71549e+08 0.000628067
2.71549e+08 0.000631134
2.71549e+08 0.0006342
2.71549e+08 0.000637267
2.71549e+08 0.000640334
2.71549e+08 0.0006434
2.71549e+08 0.000646467
2.71549e+08 0.000649534
2.71549e+08 0.0006526
2.71549e+08 0.000655667
2.71549e+08 0.000658734
2.71549e+08 0.0006618
2.71549e+08 0.000664867
2.71549e+08 0.000667934
2.71549e+08 0.000671
2.71549e+08 0.000674067
2.71549e+08 0.000677134
2.71549e+08 0.0006802
2.71549e+08 0.000683267
2.71549e+08 0.000686334
2.71549e+08 0.0006894
2.71549e+08 0.000692467
2.71549e+08 0.000695534
2.71549e+08 0.0006986
2.71549e+08 0.000701667
2.71549e+08 0.000704734
2.71549e+08 0.0007078
2.71549e+08 0.000710867
2.71549e+08 0.000713934
2.71549e+08 0.000717
2.71549e+08 0.000720067
2.71549e+08 0.000723134
2.71549e+08 0.0007262
2.71549e+08 0.000729267
2.71549e+08 0.000732334
2.71549e+08 0.0007354
2.71549e+08 0.000738467
2.71549e+08 0.000741534
2.71549e+08 0.0007446
2.71549e+08 0.000747667
2.71549e+08 0.000750734
2.71549e+08 0.0007538
2.71549e+08 0.000756867
2.71549e+08 0.000759934
2.71549e+08 0.000763
2.71549e+08 0.000766067
2.71549e+08 0.000769134
2.71549e+08 0.0007722
2.71549e+08 0.000775267
2.71549e+08 0.000778334
2.71549e+08 0.0007814
2.71549e+08 0.000784467
2.71549e+08 0.000787534
2.71549e+08 0.0007906
2.71549e+08 0.000793667
2.71549e+08 0.000796734
2.71549e+08 0.0007998
2.71549e+08 0.000802867
2.71549e+08 0.000805934
2.71549e+08 0.000809
2.71549e+08 0.000812067
2.71549e+08 0.000815134
2.71549e+08 0.0008182
2.71549e+08 0.000821267
2.71549e+08 0.000824334
2.71549e+08 0.0008274
2.71549e+08 0.000830467
2.71549e+08 0.000833534
2.71549e+08 0.0008366
2.71549e+08 0.000839667
2.71549e+08 0.000842734
2.71549e+08 0.0008458
2.71549e+08 0.000848867
2.71549e+08 0.000851934
2.71549e+08 0.000855
2.71549e+08 0.000858067
2.71549e+08 0.000861134
2.71549e+08 0.0008642
2.71549e+08 0.000867267
2.71549e+08 0.000870334
2.71549e+08 0.0008734
2.71549e+08 0.000876467
2.71549e+08 0.000879534
2.71549e+08 0.0008826
2.71549e+08 0.000885667
2.71549e+08 0.000888734
2.71549e+08 0.0008918
2.71549e+08 0.000894867
2.71549e+08 0.000897934
2.71549e+08 0.000901
2.71549e+08 0.000904067
2.71549e+08 0.000907134
2.71549e+08 0.0009102
2.71549e+08 0.000913267
2.71549e+08 0.000916334
2.71549e+08 0.0009194
