0 -1.34995e-06
-2.30493e+07 -2.64995e-06
-4.60692e+07 -3.94995e-06
-6.90423e+07 -5.24995e-06
-9.19437e+07 -6.54995e-06
-1.14737e+08 -7.84995e-06
-1.37372e+08 -9.14995e-06
-1.59778e+08 -1.045e-05
-1.81858e+08 -1.175e-05
-2.0348e+08 -1.305e-05
-2.24462e+08 -1.435e-05
-2.44546e+08 -1.565e-05
-2.62995e+08 -1.695e-05
-2.79383e+08 -1.825e-05
-2.92824e+08 -1.955e-05
-3.02771e+08 -2.085e-05
-3.1103e+08 -2.215e-05
-3.15326e+08 -2.345e-05
-3.18584e+08 -2.475e-05
-3.20949e+08 -2.605e-05
-3.22516e+08 -2.735e-05
-3.23414e+08 -2.865e-05
-3.2376e+08 -2.995e-05
-3.23623e+08 -3.125e-05
-3.23058e+08 -3.255e-05
-3.22123e+08 -3.385e-05
-3.21464e+08 -3.515e-05
-3.19815e+08 -3.645e-05
-3.17892e+08 -3.775e-05
-3.15713e+08 -3.905e-05
-3.13299e+08 -4.035e-05
-3.10666e+08 -4.165e-05
-3.0782e+08 -4.295e-05
-3.04737e+08 -4.425e-05
-3.01421e+08 -4.555e-05
-2.9787e+08 -4.685e-05
-2.94081e+08 -4.815e-05
-2.90049e+08 -4.945e-05
-2.85768e+08 -5.075e-05
-2.8123e+08 -5.205e-05
-2.76428e+08 -5.335e-05
-2.71356e+08 -5.465e-05
-2.66008e+08 -5.595e-05
-2.60375e+08 -5.725e-05
-2.54443e+08 -5.855e-05
-2.48212e+08 -5.985e-05
-2.41652e+08 -6.115e-05
-2.34729e+08 -6.245e-05
-2.27407e+08 -6.375e-05
-2.19632e+08 -6.505e-05
-2.11397e+08 -6.635e-05
-2.0264e+08 -6.765e-05
-1.93342e+08 -6.895e-05
-1.83428e+08 -7.025e-05
-1.72819e+08 -7.155e-05
-1.61398e+08 -7.285e-05
-1.49018e+08 -7.415e-05
-1.35427e+08 -7.545e-05
-1.20219e+08 -7.675e-05
-1.02622e+08 -7.805e-05
-8.36512e+07 -7.935e-05
-5.72237e+07 -8.065e-05
-2.10529e+07 -8.195e-05
3.54175e+07 -8.325e-05
5.65041e+08 -8.455e-05
5.65041e+08 -8.585e-05
5.65041e+08 -8.715e-05
5.65041e+08 -8.845e-05
5.65041e+08 -8.975e-05
5.65041e+08 -9.105e-05
5.65041e+08 -9.235e-05
5.65041e+08 -9.365e-05
5.65041e+08 -9.495e-05
5.65041e+08 -9.625e-05
5.65041e+08 -9.755e-05
5.65041e+08 -9.885e-05
5.65041e+08 -0.00010015
5.65041e+08 -0.00010145
5.65041e+08 -0.00010275
5.65041e+08 -0.00010405
5.65041e+08 -0.00010535
5.65041e+08 -0.00010665
5.65041e+08 -0.00010795
5.65041e+08 -0.00010925
5.65041e+08 -0.00011055
5.65041e+08 -0.00011185
5.65041e+08 -0.00011315
5.65041e+08 -0.00011445
5.65041e+08 -0.00011575
5.65041e+08 -0.00011705
5.65041e+08 -0.00011835
5.65041e+08 -0.00011965
5.65041e+08 -0.00012095
5.65041e+08 -0.00012225
5.65041e+08 -0.00012355
5.65041e+08 -0.00012485
5.65041e+08 -0.00012615
5.65041e+08 -0.00012745
5.65041e+08 -0.00012875
5.65041e+08 -0.00013005
5.65041e+08 -0.00013135
5.65041e+08 -0.00013265
5.65041e+08 -0.00013395
5.65041e+08 -0.00013525
5.65041e+08 -0.00013655
5.65041e+08 -0.00013785
5.65041e+08 -0.00013915
5.65041e+08 -0.00014045
5.65041e+08 -0.00014175
5.65041e+08 -0.00014305
5.65041e+08 -0.00014435
5.65041e+08 -0.00014565
5.65041e+08 -0.00014695
5.65041e+08 -0.00014825
5.65041e+08 -0.00014955
5.65041e+08 -0.00015085
5.65041e+08 -0.00015215
5.65041e+08 -0.00015345
5.65041e+08 -0.00015475
5.65041e+08 -0.00015605
5.65041e+08 -0.00015735
5.65041e+08 -0.00015865
5.65041e+08 -0.00015995
5.65041e+08 -0.00016125
5.65041e+08 -0.00016255
5.65041e+08 -0.00016385
5.65041e+08 -0.00016515
5.65041e+08 -0.00016645
5.65041e+08 -0.00016775
5.65041e+08 -0.00016905
5.65041e+08 -0.00017035
5.65041e+08 -0.00017165
5.65041e+08 -0.00017295
5.65041e+08 -0.00017425
5.65041e+08 -0.00017555
5.65041e+08 -0.00017685
5.65041e+08 -0.00017815
5.65041e+08 -0.00017945
5.65041e+08 -0.00018075
5.65041e+08 -0.00018205
5.65041e+08 -0.00018335
5.65041e+08 -0.00018465
5.65041e+08 -0.00018595
5.65041e+08 -0.00018725
5.65041e+08 -0.00018855
5.65041e+08 -0.00018985
5.65041e+08 -0.00019115
5.65041e+08 -0.00019245
5.65041e+08 -0.00019375
5.65041e+08 -0.00019505
5.65041e+08 -0.00019635
5.65041e+08 -0.00019765
5.65041e+08 -0.00019895
5.65041e+08 -0.00020025
5.65041e+08 -0.00020155
5.65041e+08 -0.00020285
5.65041e+08 -0.00020415
5.65041e+08 -0.00020545
5.65041e+08 -0.00020675
5.65041e+08 -0.00020805
5.65041e+08 -0.00020935
5.65041e+08 -0.00021065
5.65041e+08 -0.00021195
5.65041e+08 -0.00021325
5.65041e+08 -0.00021455
5.65041e+08 -0.00021585
5.65041e+08 -0.00021715
5.65041e+08 -0.00021845
5.65041e+08 -0.00021975
5.65041e+08 -0.00022105
5.65041e+08 -0.00022235
5.65041e+08 -0.00022365
5.65041e+08 -0.00022495
5.65041e+08 -0.00022625
5.65041e+08 -0.00022755
5.65041e+08 -0.00022885
5.65041e+08 -0.00023015
5.65041e+08 -0.00023145
5.65041e+08 -0.00023275
5.65041e+08 -0.00023405
5.65041e+08 -0.00023535
5.65041e+08 -0.00023665
5.65041e+08 -0.00023795
5.65041e+08 -0.00023925
5.65041e+08 -0.00024055
5.65041e+08 -0.00024185
5.65041e+08 -0.00024315
5.65041e+08 -0.00024445
5.65041e+08 -0.00024575
5.65041e+08 -0.00024705
5.65041e+08 -0.00024835
5.65041e+08 -0.00024965
5.65041e+08 -0.00025095
5.65041e+08 -0.00025225
5.65041e+08 -0.00025355
5.65041e+08 -0.00025485
5.65041e+08 -0.00025615
5.65041e+08 -0.00025745
5.65041e+08 -0.00025875
5.65041e+08 -0.00026005
5.65041e+08 -0.00026135
5.65041e+08 -0.00026265
5.65041e+08 -0.00026395
5.65041e+08 -0.00026525
5.65041e+08 -0.00026655
5.65041e+08 -0.00026785
5.65041e+08 -0.00026915
5.65041e+08 -0.00027045
5.65041e+08 -0.00027175
5.65041e+08 -0.00027305
5.65041e+08 -0.00027435
5.65041e+08 -0.00027565
5.65041e+08 -0.00027695
5.65041e+08 -0.00027825
5.65041e+08 -0.00027955
5.65041e+08 -0.00028085
5.65041e+08 -0.00028215
5.65041e+08 -0.00028345
5.65041e+08 -0.00028475
5.65041e+08 -0.00028605
5.65041e+08 -0.00028735
5.65041e+08 -0.00028865
5.65041e+08 -0.00028995
5.65041e+08 -0.00029125
5.65041e+08 -0.00029255
5.65041e+08 -0.00029385
5.65041e+08 -0.00029515
5.65041e+08 -0.00029645
5.65041e+08 -0.00029775
5.65041e+08 -0.00029905
5.65041e+08 -0.00030035
5.65041e+08 -0.00030165
5.65041e+08 -0.00030295
5.65041e+08 -0.00030425
5.65041e+08 -0.00030555
5.65041e+08 -0.00030685
5.65041e+08 -0.00030815
5.65041e+08 -0.00030945
5.65041e+08 -0.00031075
5.65041e+08 -0.00031205
5.65041e+08 -0.00031335
5.65041e+08 -0.00031465
5.65041e+08 -0.00031595
5.65041e+08 -0.00031725
5.65041e+08 -0.00031855
5.65041e+08 -0.00031985
5.65041e+08 -0.00032115
5.65041e+08 -0.00032245
5.65041e+08 -0.00032375
5.65041e+08 -0.00032505
5.65041e+08 -0.00032635
5.65041e+08 -0.00032765
5.65041e+08 -0.00032895
5.65041e+08 -0.00033025
5.65041e+08 -0.00033155
5.65041e+08 -0.00033285
5.65041e+08 -0.00033415
5.65041e+08 -0.00033545
5.65041e+08 -0.00033675
5.65041e+08 -0.00033805
5.65041e+08 -0.00033935
5.65041e+08 -0.00034065
5.65041e+08 -0.00034195
5.65041e+08 -0.00034325
5.65041e+08 -0.00034455
5.65041e+08 -0.00034585
5.65041e+08 -0.00034715
5.65041e+08 -0.00034845
5.65041e+08 -0.00034975
5.65041e+08 -0.00035105
5.65041e+08 -0.00035235
5.65041e+08 -0.00035365
5.65041e+08 -0.00035495
5.65041e+08 -0.00035625
5.65041e+08 -0.00035755
5.65041e+08 -0.00035885
5.65041e+08 -0.00036015
5.65041e+08 -0.00036145
5.65041e+08 -0.00036275
5.65041e+08 -0.00036405
5.65041e+08 -0.00036535
5.65041e+08 -0.00036665
5.65041e+08 -0.00036795
5.65041e+08 -0.00036925
5.65041e+08 -0.00037055
5.65041e+08 -0.00037185
5.65041e+08 -0.00037315
5.65041e+08 -0.00037445
5.65041e+08 -0.00037575
5.65041e+08 -0.00037705
5.65041e+08 -0.00037835
5.65041e+08 -0.00037965
5.65041e+08 -0.00038095
5.65041e+08 -0.00038225
5.65041e+08 -0.00038355
5.65041e+08 -0.00038485
5.65041e+08 -0.00038615
5.65041e+08 -0.00038745
5.65041e+08 -0.00038875
5.65041e+08 -0.00039005
5.65041e+08 -0.00039135
