0 -1.01234e-06
-2.30694e+07 -2.31234e-06
-4.61351e+07 -3.61234e-06
-6.91935e+07 -4.91234e-06
-9.22385e+07 -6.21234e-06
-1.15261e+08 -7.51234e-06
-1.38246e+08 -8.81234e-06
-1.61172e+08 -1.01123e-05
-1.84009e+08 -1.14123e-05
-2.06273e+08 -1.27123e-05
-2.28051e+08 -1.40123e-05
-2.48091e+08 -1.53123e-05
-2.65371e+08 -1.66123e-05
-2.79758e+08 -1.79123e-05
-2.91272e+08 -1.92123e-05
-3.01339e+08 -2.05123e-05
-3.08384e+08 -2.18123e-05
-3.14523e+08 -2.31123e-05
-3.19636e+08 -2.44123e-05
-3.23846e+08 -2.57123e-05
-3.27326e+08 -2.70123e-05
-3.30209e+08 -2.83123e-05
-3.32589e+08 -2.96123e-05
-3.34547e+08 -3.09123e-05
-3.36153e+08 -3.22123e-05
-3.37439e+08 -3.35123e-05
-3.38459e+08 -3.48123e-05
-3.39234e+08 -3.61123e-05
-3.39796e+08 -3.74123e-05
-3.40161e+08 -3.87123e-05
-3.40359e+08 -4.00123e-05
-3.40387e+08 -4.13123e-05
-3.40264e+08 -4.26123e-05
-3.40007e+08 -4.39123e-05
-3.39613e+08 -4.52123e-05
-3.39095e+08 -4.65123e-05
-3.38456e+08 -4.78123e-05
-3.37699e+08 -4.91123e-05
-3.3683e+08 -5.04123e-05
-3.35849e+08 -5.17123e-05
-3.34759e+08 -5.30123e-05
-3.33561e+08 -5.43123e-05
-3.32253e+08 -5.56123e-05
-3.30835e+08 -5.69123e-05
-3.29883e+08 -5.82123e-05
-3.28194e+08 -5.95123e-05
-3.26401e+08 -6.08123e-05
-3.24503e+08 -6.21123e-05
-3.22498e+08 -6.34123e-05
-3.2039e+08 -6.47123e-05
-3.18179e+08 -6.60123e-05
-3.15866e+08 -6.73123e-05
-3.13443e+08 -6.86123e-05
-3.10897e+08 -6.99123e-05
-3.08225e+08 -7.12123e-05
-3.05425e+08 -7.25123e-05
-3.02485e+08 -7.38123e-05
-2.99404e+08 -7.51123e-05
-2.96171e+08 -7.64123e-05
-2.9277e+08 -7.77123e-05
-2.89193e+08 -7.90123e-05
-2.85435e+08 -8.03123e-05
-2.81472e+08 -8.16123e-05
-2.77308e+08 -8.29123e-05
-2.72922e+08 -8.42123e-05
-2.6831e+08 -8.55123e-05
-2.63436e+08 -8.68123e-05
-2.58305e+08 -8.81123e-05
-2.52869e+08 -8.94123e-05
-2.47107e+08 -9.07123e-05
-2.40998e+08 -9.20123e-05
-2.34485e+08 -9.33123e-05
-2.27532e+08 -9.46123e-05
-2.20068e+08 -9.59123e-05
-2.12028e+08 -9.72123e-05
-2.03306e+08 -9.85123e-05
-1.9377e+08 -9.98123e-05
-1.83263e+08 -0.000101112
-1.71539e+08 -0.000102412
-1.58274e+08 -0.000103712
-1.43033e+08 -0.000105012
-1.2525e+08 -0.000106312
-1.0404e+08 -0.000107612
-7.97729e+07 -0.000108912
-5.49841e+07 -0.000110212
-3.02467e+07 -0.000111512
8.24349e+06 -0.000112812
4.8836e+07 -0.000114112
9.14724e+07 -0.000115412
1.38988e+08 -0.000116712
4.23781e+08 -0.000118012
4.23781e+08 -0.000119312
4.23781e+08 -0.000120612
4.23781e+08 -0.000121912
4.23781e+08 -0.000123212
4.23781e+08 -0.000124512
4.23781e+08 -0.000125812
4.23781e+08 -0.000127112
4.23781e+08 -0.000128412
4.23781e+08 -0.000129712
4.23781e+08 -0.000131012
4.23781e+08 -0.000132312
4.23781e+08 -0.000133612
4.23781e+08 -0.000134912
4.23781e+08 -0.000136212
4.23781e+08 -0.000137512
4.23781e+08 -0.000138812
4.23781e+08 -0.000140112
4.23781e+08 -0.000141412
4.23781e+08 -0.000142712
4.23781e+08 -0.000144012
4.23781e+08 -0.000145312
4.23781e+08 -0.000146612
4.23781e+08 -0.000147912
4.23781e+08 -0.000149212
4.23781e+08 -0.000150512
4.23781e+08 -0.000151812
4.23781e+08 -0.000153112
4.23781e+08 -0.000154412
4.23781e+08 -0.000155712
4.23781e+08 -0.000157012
4.23781e+08 -0.000158312
4.23781e+08 -0.000159612
4.23781e+08 -0.000160912
4.23781e+08 -0.000162212
4.23781e+08 -0.000163512
4.23781e+08 -0.000164812
4.23781e+08 -0.000166112
4.23781e+08 -0.000167412
4.23781e+08 -0.000168712
4.23781e+08 -0.000170012
4.23781e+08 -0.000171312
4.23781e+08 -0.000172612
4.23781e+08 -0.000173912
4.23781e+08 -0.000175212
4.23781e+08 -0.000176512
4.23781e+08 -0.000177812
4.23781e+08 -0.000179112
4.23781e+08 -0.000180412
4.23781e+08 -0.000181712
4.23781e+08 -0.000183012
4.23781e+08 -0.000184312
4.23781e+08 -0.000185612
4.23781e+08 -0.000186912
4.23781e+08 -0.000188212
4.23781e+08 -0.000189512
4.23781e+08 -0.000190812
4.23781e+08 -0.000192112
4.23781e+08 -0.000193412
4.23781e+08 -0.000194712
4.23781e+08 -0.000196012
4.23781e+08 -0.000197312
4.23781e+08 -0.000198612
4.23781e+08 -0.000199912
4.23781e+08 -0.000201212
4.23781e+08 -0.000202512
4.23781e+08 -0.000203812
4.23781e+08 -0.000205112
4.23781e+08 -0.000206412
4.23781e+08 -0.000207712
4.23781e+08 -0.000209012
4.23781e+08 -0.000210312
4.23781e+08 -0.000211612
4.23781e+08 -0.000212912
4.23781e+08 -0.000214212
4.23781e+08 -0.000215512
4.23781e+08 -0.000216812
4.23781e+08 -0.000218112
4.23781e+08 -0.000219412
4.23781e+08 -0.000220712
4.23781e+08 -0.000222012
4.23781e+08 -0.000223312
4.23781e+08 -0.000224612
4.23781e+08 -0.000225912
4.23781e+08 -0.000227212
4.23781e+08 -0.000228512
4.23781e+08 -0.000229812
4.23781e+08 -0.000231112
4.23781e+08 -0.000232412
4.23781e+08 -0.000233712
4.23781e+08 -0.000235012
4.23781e+08 -0.000236312
4.23781e+08 -0.000237612
4.23781e+08 -0.000238912
4.23781e+08 -0.000240212
4.23781e+08 -0.000241512
4.23781e+08 -0.000242812
4.23781e+08 -0.000244112
4.23781e+08 -0.000245412
4.23781e+08 -0.000246712
4.23781e+08 -0.000248012
4.23781e+08 -0.000249312
4.23781e+08 -0.000250612
4.23781e+08 -0.000251912
4.23781e+08 -0.000253212
4.23781e+08 -0.000254512
4.23781e+08 -0.000255812
4.23781e+08 -0.000257112
4.23781e+08 -0.000258412
4.23781e+08 -0.000259712
4.23781e+08 -0.000261012
4.23781e+08 -0.000262312
4.23781e+08 -0.000263612
4.23781e+08 -0.000264912
4.23781e+08 -0.000266212
4.23781e+08 -0.000267512
4.23781e+08 -0.000268812
4.23781e+08 -0.000270112
4.23781e+08 -0.000271412
4.23781e+08 -0.000272712
4.23781e+08 -0.000274012
4.23781e+08 -0.000275312
4.23781e+08 -0.000276612
4.23781e+08 -0.000277912
4.23781e+08 -0.000279212
4.23781e+08 -0.000280512
4.23781e+08 -0.000281812
4.23781e+08 -0.000283112
4.23781e+08 -0.000284412
4.23781e+08 -0.000285712
4.23781e+08 -0.000287012
4.23781e+08 -0.000288312
4.23781e+08 -0.000289612
4.23781e+08 -0.000290912
4.23781e+08 -0.000292212
4.23781e+08 -0.000293512
4.23781e+08 -0.000294812
4.23781e+08 -0.000296112
4.23781e+08 -0.000297412
4.23781e+08 -0.000298712
4.23781e+08 -0.000300012
4.23781e+08 -0.000301312
4.23781e+08 -0.000302612
4.23781e+08 -0.000303912
4.23781e+08 -0.000305212
4.23781e+08 -0.000306512
4.23781e+08 -0.000307812
4.23781e+08 -0.000309112
4.23781e+08 -0.000310412
4.23781e+08 -0.000311712
4.23781e+08 -0.000313012
4.23781e+08 -0.000314312
4.23781e+08 -0.000315612
4.23781e+08 -0.000316912
4.23781e+08 -0.000318212
4.23781e+08 -0.000319512
4.23781e+08 -0.000320812
4.23781e+08 -0.000322112
4.23781e+08 -0.000323412
4.23781e+08 -0.000324712
4.23781e+08 -0.000326012
4.23781e+08 -0.000327312
4.23781e+08 -0.000328612
4.23781e+08 -0.000329912
4.23781e+08 -0.000331212
4.23781e+08 -0.000332512
4.23781e+08 -0.000333812
4.23781e+08 -0.000335112
4.23781e+08 -0.000336412
4.23781e+08 -0.000337712
4.23781e+08 -0.000339012
4.23781e+08 -0.000340312
4.23781e+08 -0.000341612
4.23781e+08 -0.000342912
4.23781e+08 -0.000344212
4.23781e+08 -0.000345512
4.23781e+08 -0.000346812
4.23781e+08 -0.000348112
4.23781e+08 -0.000349412
4.23781e+08 -0.000350712
4.23781e+08 -0.000352012
4.23781e+08 -0.000353312
4.23781e+08 -0.000354612
4.23781e+08 -0.000355912
4.23781e+08 -0.000357212
4.23781e+08 -0.000358512
4.23781e+08 -0.000359812
4.23781e+08 -0.000361112
4.23781e+08 -0.000362412
4.23781e+08 -0.000363712
4.23781e+08 -0.000365012
4.23781e+08 -0.000366312
4.23781e+08 -0.000367612
4.23781e+08 -0.000368912
4.23781e+08 -0.000370212
4.23781e+08 -0.000371512
4.23781e+08 -0.000372812
4.23781e+08 -0.000374112
4.23781e+08 -0.000375412
4.23781e+08 -0.000376712
4.23781e+08 -0.000378012
4.23781e+08 -0.000379312
4.23781e+08 -0.000380612
4.23781e+08 -0.000381912
4.23781e+08 -0.000383212
4.23781e+08 -0.000384512
4.23781e+08 -0.000385812
4.23781e+08 -0.000387112
4.23781e+08 -0.000388412
4.23781e+08 -0.000389712
4.23781e+08 -0.000391012
