0 -7.63685e-08
5.27397e+07 -5.27397e+07
1.05004e+08 -1.05004e+08
1.54338e+08 -1.54338e+08
1.98588e+08 -1.98588e+08
2.37752e+08 -2.37752e+08
2.69544e+08 -2.69544e+08
2.9143e+08 -2.9143e+08
3.07015e+08 -3.07015e+08
3.18257e+08 -3.18257e+08
3.26696e+08 -3.26696e+08
3.33244e+08 -3.33244e+08
3.38401e+08 -3.38401e+08
3.4244e+08 -3.4244e+08
3.45525e+08 -3.45525e+08
3.47714e+08 -3.47714e+08
3.49194e+08 -3.49194e+08
3.50122e+08 -3.50122e+08
3.50622e+08 -3.50622e+08
3.50753e+08 -3.50753e+08
3.50586e+08 -3.50586e+08
3.50158e+08 -3.50158e+08
3.49498e+08 -3.49498e+08
3.48652e+08 -3.48652e+08
3.47606e+08 -3.47606e+08
3.4638e+08 -3.4638e+08
3.44993e+08 -3.44993e+08
3.4344e+08 -3.4344e+08
3.4172e+08 -3.4172e+08
3.39818e+08 -3.39818e+08
3.38071e+08 -3.38071e+08
3.3574e+08 -3.3574e+08
3.33211e+08 -3.33211e+08
3.30747e+08 -3.30747e+08
3.27745e+08 -3.27745e+08
3.24541e+08 -3.24541e+08
3.21102e+08 -3.21102e+08
3.17394e+08 -3.17394e+08
3.13373e+08 -3.13373e+08
3.08971e+08 -3.08971e+08
3.04145e+08 -3.04145e+08
2.98842e+08 -2.98842e+08
2.92965e+08 -2.92965e+08
2.8637e+08 -2.8637e+08
2.78887e+08 -2.78887e+08
2.70265e+08 -2.70265e+08
2.6008e+08 -2.6008e+08
2.47769e+08 -2.47769e+08
2.33988e+08 -2.33988e+08
2.18498e+08 -2.18498e+08
2.00596e+08 -2.00596e+08
1.78585e+08 -1.78585e+08
1.48636e+08 -1.48636e+08
8.71665e+07 -8.71665e+07
5.43098e+08 0
5.43098e+08 0
5.43098e+08 0
5.43098e+08 0
5.43098e+08 0
5.43098e+08 0
5.43098e+08 0
5.43098e+08 0
5.43098e+08 0
5.43098e+08 0
5.43098e+08 0
5.43098e+08 0
5.43098e+08 0
5.43098e+08 0
5.43098e+08 0
5.43098e+08 0
5.43098e+08 0
5.43098e+08 0
5.43098e+08 0
5.43098e+08 0
5.43098e+08 0
5.43098e+08 0
5.43098e+08 0
5.43098e+08 0
5.43098e+08 0
5.43098e+08 0
5.43098e+08 0
5.43098e+08 0
5.43098e+08 0
5.43098e+08 0
5.43098e+08 0
5.43098e+08 0
5.43098e+08 0
5.43098e+08 0
5.43098e+08 0
5.43098e+08 0
5.43098e+08 0
5.43098e+08 0
5.43098e+08 0
5.43098e+08 0
5.43098e+08 0
5.43098e+08 0
5.43098e+08 0
5.43098e+08 0
5.43098e+08 0
5.43098e+08 0
5.43098e+08 0
5.43098e+08 0
5.43098e+08 0
5.43098e+08 0
5.43098e+08 0
5.43098e+08 0
5.43098e+08 0
5.43098e+08 0
5.43098e+08 0
5.43098e+08 0
5.43098e+08 0
5.43098e+08 0
5.43098e+08 0
5.43098e+08 0
5.43098e+08 0
5.43098e+08 0
5.43098e+08 0
5.43098e+08 0
5.43098e+08 0
5.43098e+08 0
5.43098e+08 0
5.43098e+08 0
5.43098e+08 0
5.43098e+08 0
5.43098e+08 0
5.43098e+08 0
5.43098e+08 0
5.43098e+08 0
5.43098e+08 0
5.43098e+08 0
5.43098e+08 0
5.43098e+08 0
5.43098e+08 0
5.43098e+08 0
5.43098e+08 0
5.43098e+08 0
5.43098e+08 0
5.43098e+08 0
5.43098e+08 0
5.43098e+08 0
5.43098e+08 0
5.43098e+08 0
5.43098e+08 0
5.43098e+08 0
5.43098e+08 0
5.43098e+08 0
5.43098e+08 0
5.43098e+08 0
5.43098e+08 0
5.43098e+08 0
5.43098e+08 0
5.43098e+08 0
5.43098e+08 0
5.43098e+08 0
5.43098e+08 0
5.43098e+08 0
5.43098e+08 0
5.43098e+08 0
5.43098e+08 0
5.43098e+08 0
5.43098e+08 0
5.43098e+08 0
5.43098e+08 0
5.43098e+08 0
5.43098e+08 0
5.43098e+08 0
5.43098e+08 0
5.43098e+08 0
5.43098e+08 0
5.43098e+08 0
5.43098e+08 0
5.43098e+08 0
5.43098e+08 0
5.43098e+08 0
5.43098e+08 0
5.43098e+08 0
5.43098e+08 0
5.43098e+08 0
5.43098e+08 0
5.43098e+08 0
5.43098e+08 0
5.43098e+08 0
5.43098e+08 0
5.43098e+08 0
5.43098e+08 0
5.43098e+08 0
5.43098e+08 0
5.43098e+08 0
5.43098e+08 0
5.43098e+08 0
5.43098e+08 0
5.43098e+08 0
5.43098e+08 0
5.43098e+08 0
5.43098e+08 0
5.43098e+08 0
5.43098e+08 0
5.43098e+08 0
5.43098e+08 0
5.43098e+08 0
5.43098e+08 0
5.43098e+08 0
5.43098e+08 0
5.43098e+08 0
5.43098e+08 0
5.43098e+08 0
5.43098e+08 0
5.43098e+08 0
5.43098e+08 0
5.43098e+08 0
5.43098e+08 0
5.43098e+08 0
5.43098e+08 0
5.43098e+08 0
5.43098e+08 0
5.43098e+08 0
5.43098e+08 0
5.43098e+08 0
5.43098e+08 0
5.43098e+08 0
5.43098e+08 0
5.43098e+08 0
5.43098e+08 0
5.43098e+08 0
5.43098e+08 0
5.43098e+08 0
5.43098e+08 0
5.43098e+08 0
5.43098e+08 0
5.43098e+08 0
5.43098e+08 0
5.43098e+08 0
5.43098e+08 0
5.43098e+08 0
5.43098e+08 0
5.43098e+08 0
5.43098e+08 0
5.43098e+08 0
5.43098e+08 0
5.43098e+08 0
5.43098e+08 0
5.43098e+08 0
5.43098e+08 0
5.43098e+08 0
5.43098e+08 0
5.43098e+08 0
5.43098e+08 0
5.43098e+08 0
5.43098e+08 0
5.43098e+08 0
5.43098e+08 0
5.43098e+08 0
5.43098e+08 0
5.43098e+08 0
5.43098e+08 0
5.43098e+08 0
5.43098e+08 0
5.43098e+08 0
5.43098e+08 0
5.43098e+08 0
5.43098e+08 0
5.43098e+08 0
5.43098e+08 0
5.43098e+08 0
5.43098e+08 0
5.43098e+08 0
5.43098e+08 0
5.43098e+08 0
5.43098e+08 0
5.43098e+08 0
5.43098e+08 0
5.43098e+08 0
5.43098e+08 0
5.43098e+08 0
5.43098e+08 0
5.43098e+08 0
5.43098e+08 0
5.43098e+08 0
5.43098e+08 0
5.43098e+08 0
5.43098e+08 0
5.43098e+08 0
5.43098e+08 0
5.43098e+08 0
5.43098e+08 0
5.43098e+08 0
5.43098e+08 0
5.43098e+08 0
5.43098e+08 0
5.43098e+08 0
5.43098e+08 0
5.43098e+08 0
5.43098e+08 0
5.43098e+08 0
5.43098e+08 0
5.43098e+08 0
5.43098e+08 0
5.43098e+08 0
5.43098e+08 0
5.43098e+08 0
5.43098e+08 0
