0 0
2.74487e+07 3.06667e-06
3.45828e+07 6.13333e-06
3.88352e+07 9.2e-06
4.27495e+07 1.22667e-05
4.64791e+07 1.53333e-05
4.95796e+07 1.84e-05
5.14725e+07 2.14667e-05
5.2367e+07 2.45333e-05
5.28671e+07 2.76e-05
5.43638e+07 3.06667e-05
5.51885e+07 3.37333e-05
5.60366e+07 3.68e-05
5.6901e+07 3.98667e-05
5.77756e+07 4.29333e-05
5.86543e+07 4.6e-05
5.95311e+07 4.90667e-05
6.03984e+07 5.21333e-05
6.12468e+07 5.52e-05
6.20636e+07 5.82667e-05
6.28333e+07 6.13333e-05
6.35386e+07 6.44e-05
6.41636e+07 6.74667e-05
6.46984e+07 7.05333e-05
6.51441e+07 7.36e-05
6.55097e+07 7.66667e-05
6.58275e+07 7.97333e-05
6.61062e+07 8.28e-05
6.6351e+07 8.58667e-05
6.65712e+07 8.89333e-05
6.72008e+07 9.2e-05
6.74753e+07 9.50667e-05
6.77435e+07 9.81333e-05
6.8018e+07 0.0001012
6.82891e+07 0.000104267
6.85532e+07 0.000107333
6.88101e+07 0.0001104
6.90611e+07 0.000113467
6.93076e+07 0.000116533
6.95502e+07 0.0001196
6.97895e+07 0.000122667
7.00231e+07 0.000125733
7.02543e+07 0.0001288
7.04879e+07 0.000131867
7.07178e+07 0.000134933
7.09423e+07 0.000138
7.11612e+07 0.000141067
7.13748e+07 0.000144133
7.15838e+07 0.0001472
7.17891e+07 0.000150267
7.19905e+07 0.000153333
7.21886e+07 0.0001564
7.23835e+07 0.000159467
7.25754e+07 0.000162533
7.27642e+07 0.0001656
7.29502e+07 0.000168667
7.31326e+07 0.000171733
7.33102e+07 0.0001748
7.34864e+07 0.000177867
7.36612e+07 0.000180933
7.38351e+07 0.000184
7.40059e+07 0.000187067
7.4173e+07 0.000190133
7.43365e+07 0.0001932
7.44963e+07 0.000196267
7.46526e+07 0.000199333
7.48058e+07 0.0002024
7.49559e+07 0.000205467
7.51034e+07 0.000208533
7.52482e+07 0.0002116
7.53906e+07 0.000214667
7.55306e+07 0.000217733
7.56684e+07 0.0002208
7.58039e+07 0.000223867
7.59372e+07 0.000226933
7.60684e+07 0.00023
7.61975e+07 0.000233067
7.63246e+07 0.000236133
7.64497e+07 0.0002392
7.65727e+07 0.000242267
7.66939e+07 0.000245333
7.68132e+07 0.0002484
7.69306e+07 0.000251467
7.70462e+07 0.000254533
7.716e+07 0.0002576
7.7272e+07 0.000260667
7.73819e+07 0.000263733
7.7489e+07 0.0002668
7.75949e+07 0.000269867
7.76995e+07 0.000272933
7.78029e+07 0.000276
7.79049e+07 0.000279067
7.80056e+07 0.000282133
7.81057e+07 0.0002852
7.82044e+07 0.000288267
7.83016e+07 0.000291333
7.8397e+07 0.0002944
7.84908e+07 0.000297467
7.8583e+07 0.000300533
7.86735e+07 0.0003036
7.87625e+07 0.000306667
7.88499e+07 0.000309733
7.89359e+07 0.0003128
7.90205e+07 0.000315867
7.91038e+07 0.000318933
7.91859e+07 0.000322
7.92669e+07 0.000325067
7.93467e+07 0.000328133
7.94254e+07 0.0003312
7.95031e+07 0.000334267
7.95797e+07 0.000337333
7.96554e+07 0.0003404
7.97301e+07 0.000343467
7.98039e+07 0.000346533
7.98768e+07 0.0003496
7.99488e+07 0.000352667
8.00199e+07 0.000355733
8.00902e+07 0.0003588
8.01596e+07 0.000361867
8.02283e+07 0.000364933
8.02962e+07 0.000368
8.03633e+07 0.000371067
8.04296e+07 0.000374133
8.04953e+07 0.0003772
8.05602e+07 0.000380267
8.06244e+07 0.000383333
8.06879e+07 0.0003864
8.07508e+07 0.000389467
8.0813e+07 0.000392533
8.08747e+07 0.0003956
8.09356e+07 0.000398667
8.0996e+07 0.000401733
8.10558e+07 0.0004048
8.1115e+07 0.000407867
8.11737e+07 0.000410933
8.12318e+07 0.000414
8.12894e+07 0.000417067
8.13464e+07 0.000420133
8.1403e+07 0.0004232
8.1459e+07 0.000426267
8.15146e+07 0.000429333
8.15697e+07 0.0004324
8.16243e+07 0.000435467
8.16785e+07 0.000438533
8.17323e+07 0.0004416
8.17856e+07 0.000444667
8.18385e+07 0.000447733
8.18909e+07 0.0004508
8.1943e+07 0.000453867
8.19947e+07 0.000456933
8.2046e+07 0.00046
8.2097e+07 0.000463067
8.21475e+07 0.000466133
8.21977e+07 0.0004692
8.22476e+07 0.000472267
8.22971e+07 0.000475333
8.23463e+07 0.0004784
8.23951e+07 0.000481467
8.24436e+07 0.000484533
8.24918e+07 0.0004876
8.25395e+07 0.000490667
8.25866e+07 0.000493733
8.26331e+07 0.0004968
8.26794e+07 0.000499867
8.27257e+07 0.000502933
8.27717e+07 0.000506
8.28176e+07 0.000509067
8.28634e+07 0.000512133
8.29089e+07 0.0005152
8.29543e+07 0.000518267
8.29994e+07 0.000521333
8.30444e+07 0.0005244
8.30895e+07 0.000527467
8.31346e+07 0.000530533
8.31793e+07 0.0005336
8.32237e+07 0.000536667
8.32678e+07 0.000539733
8.33115e+07 0.0005428
8.3355e+07 0.000545867
8.3398e+07 0.000548933
8.34407e+07 0.000552
8.34831e+07 0.000555067
8.35251e+07 0.000558133
8.35668e+07 0.0005612
8.36082e+07 0.000564267
8.36493e+07 0.000567333
8.36901e+07 0.0005704
8.37307e+07 0.000573467
8.37711e+07 0.000576533
8.38113e+07 0.0005796
8.38513e+07 0.000582667
8.38911e+07 0.000585733
8.39308e+07 0.0005888
8.39702e+07 0.000591867
8.40096e+07 0.000594933
8.40487e+07 0.000598
8.40878e+07 0.000601067
8.41267e+07 0.000604133
8.41654e+07 0.0006072
8.4204e+07 0.000610267
8.42425e+07 0.000613333
8.42809e+07 0.0006164
8.43191e+07 0.000619467
8.43572e+07 0.000622533
8.43952e+07 0.0006256
8.4433e+07 0.000628667
8.44708e+07 0.000631733
8.45084e+07 0.0006348
8.45459e+07 0.000637867
8.45834e+07 0.000640933
8.46207e+07 0.000644
8.46579e+07 0.000647067
8.46949e+07 0.000650133
8.47319e+07 0.0006532
8.47688e+07 0.000656267
8.48056e+07 0.000659333
8.48423e+07 0.0006624
8.48789e+07 0.000665467
8.49154e+07 0.000668533
8.49518e+07 0.0006716
8.49881e+07 0.000674667
8.50243e+07 0.000677733
8.50605e+07 0.0006808
8.50965e+07 0.000683867
8.51325e+07 0.000686933
8.51684e+07 0.00069
8.52042e+07 0.000693067
8.52399e+07 0.000696133
8.52756e+07 0.0006992
8.53111e+07 0.000702267
8.53466e+07 0.000705333
8.53821e+07 0.0007084
8.54174e+07 0.000711467
8.54527e+07 0.000714533
8.54879e+07 0.0007176
8.5523e+07 0.000720667
8.55581e+07 0.000723733
8.55931e+07 0.0007268
8.5628e+07 0.000729867
8.56629e+07 0.000732933
8.56977e+07 0.000736
8.57325e+07 0.000739067
8.57672e+07 0.000742133
8.58018e+07 0.0007452
8.58364e+07 0.000748267
8.58709e+07 0.000751333
8.59054e+07 0.0007544
8.59398e+07 0.000757467
8.59741e+07 0.000760533
8.60085e+07 0.0007636
8.60427e+07 0.000766667
8.60769e+07 0.000769733
8.61111e+07 0.0007728
8.61452e+07 0.000775867
8.61793e+07 0.000778933
8.62133e+07 0.000782
8.62473e+07 0.000785067
8.62812e+07 0.000788133
8.63151e+07 0.0007912
8.63489e+07 0.000794267
8.63827e+07 0.000797333
8.64165e+07 0.0008004
8.64503e+07 0.000803467
8.6484e+07 0.000806533
8.65176e+07 0.0008096
8.65512e+07 0.000812667
8.65848e+07 0.000815733
8.66184e+07 0.0008188
8.66519e+07 0.000821867
8.66854e+07 0.000824933
8.67189e+07 0.000828
8.67523e+07 0.000831067
8.67858e+07 0.000834133
8.68191e+07 0.0008372
8.68525e+07 0.000840267
8.68858e+07 0.000843333
8.69191e+07 0.0008464
8.69524e+07 0.000849467
8.69857e+07 0.000852533
8.70189e+07 0.0008556
8.70521e+07 0.000858667
8.70853e+07 0.000861733
8.71185e+07 0.0008648
8.71516e+07 0.000867867
8.71848e+07 0.000870933
8.72179e+07 0.000874
8.7251e+07 0.000877067
8.7284e+07 0.000880133
8.73171e+07 0.0008832
8.73502e+07 0.000886267
8.73832e+07 0.000889333
8.74162e+07 0.0008924
8.74492e+07 0.000895467
8.74822e+07 0.000898533
2.06312e+07 0.0009016
2.10242e+07 0.000904667
2.14073e+07 0.000907733
2.17815e+07 0.0009108
2.21446e+07 0.000913867
2.24943e+07 0.000916933
2.28274e+07 0.00092
