0 -3.60672e-06
3.19112e+07 -5.4005e-07
6.12502e+07 2.52662e-06
8.40834e+07 5.59328e-06
1.03089e+08 8.65995e-06
1.16024e+08 1.17266e-05
1.22551e+08 1.47933e-05
1.24628e+08 1.78599e-05
1.23313e+08 2.09266e-05
1.19167e+08 2.39933e-05
1.12495e+08 2.70599e-05
1.04593e+08 3.01266e-05
9.34099e+07 3.31933e-05
7.88882e+07 3.62599e-05
5.8019e+07 3.93266e-05
5.31446e+07 4.23933e-05
5.83893e+08 4.54599e-05
5.04443e+08 4.85266e-05
5.04443e+08 5.15933e-05
5.04443e+08 5.46599e-05
5.04443e+08 5.77266e-05
5.04443e+08 6.07933e-05
5.04443e+08 6.38599e-05
5.04443e+08 6.69266e-05
5.04443e+08 6.99933e-05
5.04443e+08 7.30599e-05
5.04443e+08 7.61266e-05
5.04443e+08 7.91933e-05
5.04443e+08 8.22599e-05
5.04443e+08 8.53266e-05
5.04443e+08 8.83933e-05
5.04443e+08 9.14599e-05
5.04443e+08 9.45266e-05
5.04443e+08 9.75933e-05
5.04443e+08 0.00010066
5.04443e+08 0.000103727
5.04443e+08 0.000106793
5.04443e+08 0.00010986
5.04443e+08 0.000112927
5.04443e+08 0.000115993
5.04443e+08 0.00011906
5.04443e+08 0.000122127
5.04443e+08 0.000125193
5.04443e+08 0.00012826
5.04443e+08 0.000131327
5.04443e+08 0.000134393
5.04443e+08 0.00013746
5.04443e+08 0.000140527
5.04443e+08 0.000143593
5.04443e+08 0.00014666
5.04443e+08 0.000149727
5.04443e+08 0.000152793
5.04443e+08 0.00015586
5.04443e+08 0.000158927
5.04443e+08 0.000161993
5.04443e+08 0.00016506
5.04443e+08 0.000168127
5.04443e+08 0.000171193
5.04443e+08 0.00017426
5.04443e+08 0.000177327
5.04443e+08 0.000180393
5.04443e+08 0.00018346
5.04443e+08 0.000186527
5.04443e+08 0.000189593
5.04443e+08 0.00019266
5.04443e+08 0.000195727
5.04443e+08 0.000198793
5.04443e+08 0.00020186
5.04443e+08 0.000204927
5.04443e+08 0.000207993
5.04443e+08 0.00021106
5.04443e+08 0.000214127
5.04443e+08 0.000217193
5.04443e+08 0.00022026
5.04443e+08 0.000223327
5.04443e+08 0.000226393
5.04443e+08 0.00022946
5.04443e+08 0.000232527
5.04443e+08 0.000235593
5.04443e+08 0.00023866
5.04443e+08 0.000241727
5.04443e+08 0.000244793
5.04443e+08 0.00024786
5.04443e+08 0.000250927
5.04443e+08 0.000253993
5.04443e+08 0.00025706
5.04443e+08 0.000260127
5.04443e+08 0.000263193
5.04443e+08 0.00026626
5.04443e+08 0.000269327
5.04443e+08 0.000272393
5.04443e+08 0.00027546
5.04443e+08 0.000278527
5.04443e+08 0.000281593
5.04443e+08 0.00028466
5.04443e+08 0.000287727
5.04443e+08 0.000290793
5.04443e+08 0.00029386
5.04443e+08 0.000296927
5.04443e+08 0.000299993
5.04443e+08 0.00030306
5.04443e+08 0.000306127
5.04443e+08 0.000309193
5.04443e+08 0.00031226
5.04443e+08 0.000315327
5.04443e+08 0.000318393
5.04443e+08 0.00032146
5.04443e+08 0.000324527
5.04443e+08 0.000327593
5.04443e+08 0.00033066
5.04443e+08 0.000333727
5.04443e+08 0.000336793
5.04443e+08 0.00033986
5.04443e+08 0.000342927
5.04443e+08 0.000345993
5.04443e+08 0.00034906
5.04443e+08 0.000352127
5.04443e+08 0.000355193
5.04443e+08 0.00035826
5.04443e+08 0.000361327
5.04443e+08 0.000364393
5.04443e+08 0.00036746
5.04443e+08 0.000370527
5.04443e+08 0.000373593
5.04443e+08 0.00037666
5.04443e+08 0.000379727
5.04443e+08 0.000382793
5.04443e+08 0.00038586
5.04443e+08 0.000388927
5.04443e+08 0.000391993
5.04443e+08 0.00039506
5.04443e+08 0.000398127
5.04443e+08 0.000401193
5.04443e+08 0.00040426
5.04443e+08 0.000407327
5.04443e+08 0.000410393
5.04443e+08 0.00041346
5.04443e+08 0.000416527
5.04443e+08 0.000419593
5.04443e+08 0.00042266
5.04443e+08 0.000425727
5.04443e+08 0.000428793
5.04443e+08 0.00043186
5.04443e+08 0.000434927
5.04443e+08 0.000437993
5.04443e+08 0.00044106
5.04443e+08 0.000444127
5.04443e+08 0.000447193
5.04443e+08 0.00045026
5.04443e+08 0.000453327
5.04443e+08 0.000456393
5.04443e+08 0.00045946
5.04443e+08 0.000462527
5.04443e+08 0.000465593
5.04443e+08 0.00046866
5.04443e+08 0.000471727
5.04443e+08 0.000474793
5.04443e+08 0.00047786
5.04443e+08 0.000480927
5.04443e+08 0.000483993
5.04443e+08 0.00048706
5.04443e+08 0.000490127
5.04443e+08 0.000493193
5.04443e+08 0.00049626
5.04443e+08 0.000499327
5.04443e+08 0.000502393
5.04443e+08 0.00050546
5.04443e+08 0.000508527
5.04443e+08 0.000511593
5.04443e+08 0.00051466
5.04443e+08 0.000517727
5.04443e+08 0.000520793
5.04443e+08 0.00052386
5.04443e+08 0.000526927
5.04443e+08 0.000529993
5.04443e+08 0.00053306
5.04443e+08 0.000536127
5.04443e+08 0.000539193
5.04443e+08 0.00054226
5.04443e+08 0.000545327
5.04443e+08 0.000548393
5.04443e+08 0.00055146
5.04443e+08 0.000554527
5.04443e+08 0.000557593
5.04443e+08 0.00056066
5.04443e+08 0.000563727
5.04443e+08 0.000566793
5.04443e+08 0.00056986
5.04443e+08 0.000572927
5.04443e+08 0.000575993
5.04443e+08 0.00057906
5.04443e+08 0.000582127
5.04443e+08 0.000585193
5.04443e+08 0.00058826
5.04443e+08 0.000591327
5.04443e+08 0.000594393
5.04443e+08 0.00059746
5.04443e+08 0.000600527
5.04443e+08 0.000603593
5.04443e+08 0.00060666
5.04443e+08 0.000609727
5.04443e+08 0.000612793
5.04443e+08 0.00061586
5.04443e+08 0.000618927
5.04443e+08 0.000621993
5.04443e+08 0.00062506
5.04443e+08 0.000628127
5.04443e+08 0.000631193
5.04443e+08 0.00063426
5.04443e+08 0.000637327
5.04443e+08 0.000640393
5.04443e+08 0.00064346
5.04443e+08 0.000646527
5.04443e+08 0.000649593
5.04443e+08 0.00065266
5.04443e+08 0.000655727
5.04443e+08 0.000658793
5.04443e+08 0.00066186
5.04443e+08 0.000664927
5.04443e+08 0.000667993
5.04443e+08 0.00067106
5.04443e+08 0.000674127
5.04443e+08 0.000677193
5.04443e+08 0.00068026
5.04443e+08 0.000683327
5.04443e+08 0.000686393
5.04443e+08 0.00068946
5.04443e+08 0.000692527
5.04443e+08 0.000695593
5.04443e+08 0.00069866
5.04443e+08 0.000701727
5.04443e+08 0.000704793
5.04443e+08 0.00070786
5.04443e+08 0.000710927
5.04443e+08 0.000713993
5.04443e+08 0.00071706
5.04443e+08 0.000720127
5.04443e+08 0.000723193
5.04443e+08 0.00072626
5.04443e+08 0.000729327
5.04443e+08 0.000732393
5.04443e+08 0.00073546
5.04443e+08 0.000738527
5.04443e+08 0.000741593
5.04443e+08 0.00074466
5.04443e+08 0.000747727
5.04443e+08 0.000750793
5.04443e+08 0.00075386
5.04443e+08 0.000756927
5.04443e+08 0.000759993
5.04443e+08 0.00076306
5.04443e+08 0.000766127
5.04443e+08 0.000769193
5.04443e+08 0.00077226
5.04443e+08 0.000775327
5.04443e+08 0.000778393
5.04443e+08 0.00078146
5.04443e+08 0.000784527
5.04443e+08 0.000787593
5.04443e+08 0.00079066
5.04443e+08 0.000793727
5.04443e+08 0.000796793
5.04443e+08 0.00079986
5.04443e+08 0.000802927
5.04443e+08 0.000805993
5.04443e+08 0.00080906
5.04443e+08 0.000812127
5.04443e+08 0.000815193
5.04443e+08 0.00081826
5.04443e+08 0.000821327
5.04443e+08 0.000824393
5.04443e+08 0.00082746
5.04443e+08 0.000830527
5.04443e+08 0.000833593
5.04443e+08 0.00083666
5.04443e+08 0.000839727
5.04443e+08 0.000842793
5.04443e+08 0.00084586
5.04443e+08 0.000848927
5.04443e+08 0.000851993
5.04443e+08 0.00085506
5.04443e+08 0.000858127
5.04443e+08 0.000861193
5.04443e+08 0.00086426
5.04443e+08 0.000867327
5.04443e+08 0.000870393
5.04443e+08 0.00087346
5.04443e+08 0.000876527
5.04443e+08 0.000879593
5.04443e+08 0.00088266
5.04443e+08 0.000885727
5.04443e+08 0.000888793
5.04443e+08 0.00089186
5.04443e+08 0.000894927
5.04443e+08 0.000897993
5.04443e+08 0.00090106
5.04443e+08 0.000904127
5.04443e+08 0.000907193
5.04443e+08 0.00091026
5.04443e+08 0.000913327
5.04443e+08 0.000916393
