0 -5.96978e-07
-2.30341e+07 2.30341e+07
-4.5651e+07 4.5651e+07
-6.77313e+07 6.77313e+07
-8.90596e+07 8.90596e+07
-1.0926e+08 1.0926e+08
-1.27679e+08 1.27679e+08
-1.4312e+08 1.4312e+08
-1.54482e+08 1.54482e+08
-1.6133e+08 1.6133e+08
-1.64614e+08 1.64614e+08
-1.65891e+08 1.65891e+08
-1.67265e+08 1.67265e+08
-1.66816e+08 1.66816e+08
-1.65546e+08 1.65546e+08
-1.63598e+08 1.63598e+08
-1.61072e+08 1.61072e+08
-1.58029e+08 1.58029e+08
-1.54514e+08 1.54514e+08
-1.50538e+08 1.50538e+08
-1.46101e+08 1.46101e+08
-1.41182e+08 1.41182e+08
-1.35739e+08 1.35739e+08
-1.29726e+08 1.29726e+08
-1.23102e+08 1.23102e+08
-1.15836e+08 1.15836e+08
-1.07849e+08 1.07849e+08
-9.89688e+07 9.89688e+07
-8.98e+07 8.98e+07
-7.90082e+07 7.90082e+07
-6.68558e+07 6.68558e+07
-5.2974e+07 5.2974e+07
-3.61575e+07 3.61575e+07
-1.34296e+07 1.34296e+07
5.05436e+07 -4.89393e+07
5.34413e+08 0
5.34413e+08 0
5.34413e+08 0
5.34413e+08 0
5.34413e+08 0
5.34413e+08 0
5.34413e+08 0
5.34413e+08 0
5.34413e+08 0
5.34413e+08 0
5.34413e+08 0
5.34413e+08 0
5.34413e+08 0
5.34413e+08 0
5.34413e+08 0
5.34413e+08 0
5.34413e+08 0
5.34413e+08 0
5.34413e+08 0
5.34413e+08 0
5.34413e+08 0
5.34413e+08 0
5.34413e+08 0
5.34413e+08 0
5.34413e+08 0
5.34413e+08 0
5.34413e+08 0
5.34413e+08 0
5.34413e+08 0
5.34413e+08 0
5.34413e+08 0
5.34413e+08 0
5.34413e+08 0
5.34413e+08 0
5.34413e+08 0
5.34413e+08 0
5.34413e+08 0
5.34413e+08 0
5.34413e+08 0
5.34413e+08 0
5.34413e+08 0
5.34413e+08 0
5.34413e+08 0
5.34413e+08 0
5.34413e+08 0
5.34413e+08 0
5.34413e+08 0
5.34413e+08 0
5.34413e+08 0
5.34413e+08 0
5.34413e+08 0
5.34413e+08 0
5.34413e+08 0
5.34413e+08 0
5.34413e+08 0
5.34413e+08 0
5.34413e+08 0
5.34413e+08 0
5.34413e+08 0
5.34413e+08 0
5.34413e+08 0
5.34413e+08 0
5.34413e+08 0
5.34413e+08 0
5.34413e+08 0
5.34413e+08 0
5.34413e+08 0
5.34413e+08 0
5.34413e+08 0
5.34413e+08 0
5.34413e+08 0
5.34413e+08 0
5.34413e+08 0
5.34413e+08 0
5.34413e+08 0
5.34413e+08 0
5.34413e+08 0
5.34413e+08 0
5.34413e+08 0
5.34413e+08 0
5.34413e+08 0
5.34413e+08 0
5.34413e+08 0
5.34413e+08 0
5.34413e+08 0
5.34413e+08 0
5.34413e+08 0
5.34413e+08 0
5.34413e+08 0
5.34413e+08 0
5.34413e+08 0
5.34413e+08 0
5.34413e+08 0
5.34413e+08 0
5.34413e+08 0
5.34413e+08 0
5.34413e+08 0
5.34413e+08 0
5.34413e+08 0
5.34413e+08 0
5.34413e+08 0
5.34413e+08 0
5.34413e+08 0
5.34413e+08 0
5.34413e+08 0
5.34413e+08 0
5.34413e+08 0
5.34413e+08 0
5.34413e+08 0
5.34413e+08 0
5.34413e+08 0
5.34413e+08 0
5.34413e+08 0
5.34413e+08 0
5.34413e+08 0
5.34413e+08 0
5.34413e+08 0
5.34413e+08 0
5.34413e+08 0
5.34413e+08 0
5.34413e+08 0
5.34413e+08 0
5.34413e+08 0
5.34413e+08 0
5.34413e+08 0
5.34413e+08 0
5.34413e+08 0
5.34413e+08 0
5.34413e+08 0
5.34413e+08 0
5.34413e+08 0
5.34413e+08 0
5.34413e+08 0
5.34413e+08 0
5.34413e+08 0
5.34413e+08 0
5.34413e+08 0
5.34413e+08 0
5.34413e+08 0
5.34413e+08 0
5.34413e+08 0
5.34413e+08 0
5.34413e+08 0
5.34413e+08 0
5.34413e+08 0
5.34413e+08 0
5.34413e+08 0
5.34413e+08 0
5.34413e+08 0
5.34413e+08 0
5.34413e+08 0
5.34413e+08 0
5.34413e+08 0
5.34413e+08 0
5.34413e+08 0
5.34413e+08 0
5.34413e+08 0
5.34413e+08 0
5.34413e+08 0
5.34413e+08 0
5.34413e+08 0
5.34413e+08 0
5.34413e+08 0
5.34413e+08 0
5.34413e+08 0
5.34413e+08 0
5.34413e+08 0
5.34413e+08 0
5.34413e+08 0
5.34413e+08 0
5.34413e+08 0
5.34413e+08 0
5.34413e+08 0
5.34413e+08 0
5.34413e+08 0
5.34413e+08 0
5.34413e+08 0
5.34413e+08 0
5.34413e+08 0
5.34413e+08 0
5.34413e+08 0
5.34413e+08 0
5.34413e+08 0
5.34413e+08 0
5.34413e+08 0
5.34413e+08 0
5.34413e+08 0
5.34413e+08 0
5.34413e+08 0
5.34413e+08 0
5.34413e+08 0
5.34413e+08 0
5.34413e+08 0
5.34413e+08 0
5.34413e+08 0
5.34413e+08 0
5.34413e+08 0
5.34413e+08 0
5.34413e+08 0
5.34413e+08 0
5.34413e+08 0
5.34413e+08 0
5.34413e+08 0
5.34413e+08 0
5.34413e+08 0
5.34413e+08 0
5.34413e+08 0
5.34413e+08 0
5.34413e+08 0
5.34413e+08 0
5.34413e+08 0
5.34413e+08 0
5.34413e+08 0
5.34413e+08 0
5.34413e+08 0
5.34413e+08 0
5.34413e+08 0
5.34413e+08 0
5.34413e+08 0
5.34413e+08 0
5.34413e+08 0
5.34413e+08 0
5.34413e+08 0
5.34413e+08 0
5.34413e+08 0
5.34413e+08 0
5.34413e+08 0
5.34413e+08 0
5.34413e+08 0
5.34413e+08 0
5.34413e+08 0
5.34413e+08 0
5.34413e+08 0
5.34413e+08 0
5.34413e+08 0
5.34413e+08 0
5.34413e+08 0
5.34413e+08 0
5.34413e+08 0
5.34413e+08 0
5.34413e+08 0
5.34413e+08 0
5.34413e+08 0
5.34413e+08 0
5.34413e+08 0
5.34413e+08 0
5.34413e+08 0
5.34413e+08 0
5.34413e+08 0
5.34413e+08 0
5.34413e+08 0
5.34413e+08 0
5.34413e+08 0
5.34413e+08 0
5.34413e+08 0
5.34413e+08 0
5.34413e+08 0
5.34413e+08 0
5.34413e+08 0
5.34413e+08 0
5.34413e+08 0
5.34413e+08 0
5.34413e+08 0
5.34413e+08 0
5.34413e+08 0
5.34413e+08 0
