0 -7.36851e-06
-1.58464e+07 -9.93518e-06
-2.60359e+07 -1.25018e-05
-3.10899e+07 -1.50685e-05
-3.22989e+07 -1.76352e-05
-3.01373e+07 -2.02018e-05
-2.44571e+07 -2.27685e-05
-1.40507e+07 -2.53352e-05
6.03929e+06 -2.79018e-05
7.73117e+08 -3.04685e-05
7.73117e+08 -3.30352e-05
7.73117e+08 -3.56018e-05
7.73117e+08 -3.81685e-05
7.73117e+08 -4.07352e-05
7.73117e+08 -4.33018e-05
7.73117e+08 -4.58685e-05
7.73117e+08 -4.84352e-05
7.73117e+08 -5.10018e-05
7.73117e+08 -5.35685e-05
7.73117e+08 -5.61352e-05
7.73117e+08 -5.87018e-05
7.73117e+08 -6.12685e-05
7.73117e+08 -6.38352e-05
7.73117e+08 -6.64018e-05
7.73117e+08 -6.89685e-05
7.73117e+08 -7.15352e-05
7.73117e+08 -7.41018e-05
7.73117e+08 -7.66685e-05
7.73117e+08 -7.92352e-05
7.73117e+08 -8.18018e-05
7.73117e+08 -8.43685e-05
7.73117e+08 -8.69352e-05
7.73117e+08 -8.95018e-05
7.73117e+08 -9.20685e-05
7.73117e+08 -9.46352e-05
7.73117e+08 -9.72018e-05
7.73117e+08 -9.97685e-05
7.73117e+08 -0.000102335
7.73117e+08 -0.000104902
7.73117e+08 -0.000107469
7.73117e+08 -0.000110035
7.73117e+08 -0.000112602
7.73117e+08 -0.000115169
7.73117e+08 -0.000117735
7.73117e+08 -0.000120302
7.73117e+08 -0.000122869
7.73117e+08 -0.000125435
7.73117e+08 -0.000128002
7.73117e+08 -0.000130569
7.73117e+08 -0.000133135
7.73117e+08 -0.000135702
7.73117e+08 -0.000138269
7.73117e+08 -0.000140835
7.73117e+08 -0.000143402
7.73117e+08 -0.000145969
7.73117e+08 -0.000148535
7.73117e+08 -0.000151102
7.73117e+08 -0.000153669
7.73117e+08 -0.000156235
7.73117e+08 -0.000158802
7.73117e+08 -0.000161369
7.73117e+08 -0.000163935
7.73117e+08 -0.000166502
7.73117e+08 -0.000169069
7.73117e+08 -0.000171635
7.73117e+08 -0.000174202
7.73117e+08 -0.000176769
7.73117e+08 -0.000179335
7.73117e+08 -0.000181902
7.73117e+08 -0.000184469
7.73117e+08 -0.000187035
7.73117e+08 -0.000189602
7.73117e+08 -0.000192169
7.73117e+08 -0.000194735
7.73117e+08 -0.000197302
7.73117e+08 -0.000199869
7.73117e+08 -0.000202435
7.73117e+08 -0.000205002
7.73117e+08 -0.000207569
7.73117e+08 -0.000210135
7.73117e+08 -0.000212702
7.73117e+08 -0.000215269
7.73117e+08 -0.000217835
7.73117e+08 -0.000220402
7.73117e+08 -0.000222969
7.73117e+08 -0.000225535
7.73117e+08 -0.000228102
7.73117e+08 -0.000230669
7.73117e+08 -0.000233235
7.73117e+08 -0.000235802
7.73117e+08 -0.000238369
7.73117e+08 -0.000240935
7.73117e+08 -0.000243502
7.73117e+08 -0.000246069
7.73117e+08 -0.000248635
7.73117e+08 -0.000251202
7.73117e+08 -0.000253769
7.73117e+08 -0.000256335
7.73117e+08 -0.000258902
7.73117e+08 -0.000261469
7.73117e+08 -0.000264035
7.73117e+08 -0.000266602
7.73117e+08 -0.000269169
7.73117e+08 -0.000271735
7.73117e+08 -0.000274302
7.73117e+08 -0.000276869
7.73117e+08 -0.000279435
7.73117e+08 -0.000282002
7.73117e+08 -0.000284569
7.73117e+08 -0.000287135
7.73117e+08 -0.000289702
7.73117e+08 -0.000292269
7.73117e+08 -0.000294835
7.73117e+08 -0.000297402
7.73117e+08 -0.000299969
7.73117e+08 -0.000302535
7.73117e+08 -0.000305102
7.73117e+08 -0.000307669
7.73117e+08 -0.000310235
7.73117e+08 -0.000312802
7.73117e+08 -0.000315369
7.73117e+08 -0.000317935
7.73117e+08 -0.000320502
7.73117e+08 -0.000323069
7.73117e+08 -0.000325635
7.73117e+08 -0.000328202
7.73117e+08 -0.000330769
7.73117e+08 -0.000333335
7.73117e+08 -0.000335902
7.73117e+08 -0.000338469
7.73117e+08 -0.000341035
7.73117e+08 -0.000343602
7.73117e+08 -0.000346169
7.73117e+08 -0.000348735
7.73117e+08 -0.000351302
7.73117e+08 -0.000353869
7.73117e+08 -0.000356435
7.73117e+08 -0.000359002
7.73117e+08 -0.000361569
7.73117e+08 -0.000364135
7.73117e+08 -0.000366702
7.73117e+08 -0.000369269
7.73117e+08 -0.000371835
7.73117e+08 -0.000374402
7.73117e+08 -0.000376969
7.73117e+08 -0.000379535
7.73117e+08 -0.000382102
7.73117e+08 -0.000384669
7.73117e+08 -0.000387235
7.73117e+08 -0.000389802
7.73117e+08 -0.000392369
7.73117e+08 -0.000394935
7.73117e+08 -0.000397502
7.73117e+08 -0.000400069
7.73117e+08 -0.000402635
7.73117e+08 -0.000405202
7.73117e+08 -0.000407769
7.73117e+08 -0.000410335
7.73117e+08 -0.000412902
7.73117e+08 -0.000415469
7.73117e+08 -0.000418035
7.73117e+08 -0.000420602
7.73117e+08 -0.000423169
7.73117e+08 -0.000425735
7.73117e+08 -0.000428302
7.73117e+08 -0.000430869
7.73117e+08 -0.000433435
7.73117e+08 -0.000436002
7.73117e+08 -0.000438569
7.73117e+08 -0.000441135
7.73117e+08 -0.000443702
7.73117e+08 -0.000446269
7.73117e+08 -0.000448835
7.73117e+08 -0.000451402
7.73117e+08 -0.000453969
7.73117e+08 -0.000456535
7.73117e+08 -0.000459102
7.73117e+08 -0.000461669
7.73117e+08 -0.000464235
7.73117e+08 -0.000466802
7.73117e+08 -0.000469369
7.73117e+08 -0.000471935
7.73117e+08 -0.000474502
7.73117e+08 -0.000477069
7.73117e+08 -0.000479635
7.73117e+08 -0.000482202
7.73117e+08 -0.000484769
7.73117e+08 -0.000487335
7.73117e+08 -0.000489902
7.73117e+08 -0.000492469
7.73117e+08 -0.000495035
7.73117e+08 -0.000497602
7.73117e+08 -0.000500169
7.73117e+08 -0.000502735
7.73117e+08 -0.000505302
7.73117e+08 -0.000507869
7.73117e+08 -0.000510435
7.73117e+08 -0.000513002
7.73117e+08 -0.000515569
7.73117e+08 -0.000518135
7.73117e+08 -0.000520702
7.73117e+08 -0.000523269
7.73117e+08 -0.000525835
7.73117e+08 -0.000528402
7.73117e+08 -0.000530969
7.73117e+08 -0.000533535
7.73117e+08 -0.000536102
7.73117e+08 -0.000538669
7.73117e+08 -0.000541235
7.73117e+08 -0.000543802
7.73117e+08 -0.000546369
7.73117e+08 -0.000548935
7.73117e+08 -0.000551502
7.73117e+08 -0.000554069
7.73117e+08 -0.000556635
7.73117e+08 -0.000559202
7.73117e+08 -0.000561769
7.73117e+08 -0.000564335
7.73117e+08 -0.000566902
7.73117e+08 -0.000569469
7.73117e+08 -0.000572035
7.73117e+08 -0.000574602
7.73117e+08 -0.000577169
7.73117e+08 -0.000579735
7.73117e+08 -0.000582302
7.73117e+08 -0.000584869
7.73117e+08 -0.000587435
7.73117e+08 -0.000590002
7.73117e+08 -0.000592569
7.73117e+08 -0.000595135
7.73117e+08 -0.000597702
7.73117e+08 -0.000600269
7.73117e+08 -0.000602835
7.73117e+08 -0.000605402
7.73117e+08 -0.000607969
7.73117e+08 -0.000610535
7.73117e+08 -0.000613102
7.73117e+08 -0.000615669
7.73117e+08 -0.000618235
7.73117e+08 -0.000620802
7.73117e+08 -0.000623369
7.73117e+08 -0.000625935
7.73117e+08 -0.000628502
7.73117e+08 -0.000631069
7.73117e+08 -0.000633635
7.73117e+08 -0.000636202
7.73117e+08 -0.000638769
7.73117e+08 -0.000641335
7.73117e+08 -0.000643902
7.73117e+08 -0.000646469
7.73117e+08 -0.000649035
7.73117e+08 -0.000651602
7.73117e+08 -0.000654169
7.73117e+08 -0.000656735
7.73117e+08 -0.000659302
7.73117e+08 -0.000661869
7.73117e+08 -0.000664435
7.73117e+08 -0.000667002
7.73117e+08 -0.000669569
7.73117e+08 -0.000672135
7.73117e+08 -0.000674702
7.73117e+08 -0.000677269
7.73117e+08 -0.000679835
7.73117e+08 -0.000682402
7.73117e+08 -0.000684969
7.73117e+08 -0.000687535
7.73117e+08 -0.000690102
7.73117e+08 -0.000692669
7.73117e+08 -0.000695235
7.73117e+08 -0.000697802
7.73117e+08 -0.000700369
7.73117e+08 -0.000702935
7.73117e+08 -0.000705502
7.73117e+08 -0.000708069
7.73117e+08 -0.000710635
7.73117e+08 -0.000713202
7.73117e+08 -0.000715769
7.73117e+08 -0.000718335
7.73117e+08 -0.000720902
7.73117e+08 -0.000723469
7.73117e+08 -0.000726035
7.73117e+08 -0.000728602
7.73117e+08 -0.000731169
7.73117e+08 -0.000733735
7.73117e+08 -0.000736302
7.73117e+08 -0.000738869
7.73117e+08 -0.000741435
7.73117e+08 -0.000744002
7.73117e+08 -0.000746569
7.73117e+08 -0.000749135
7.73117e+08 -0.000751702
7.73117e+08 -0.000754269
7.73117e+08 -0.000756835
7.73117e+08 -0.000759402
7.73117e+08 -0.000761969
7.73117e+08 -0.000764535
7.73117e+08 -0.000767102
7.73117e+08 -0.000769669
7.73117e+08 -0.000772235
7.73117e+08 -0.000774802
7.73117e+08 -0.000777369
