0 -1.54914e-06
-2.66946e+07 2.66946e+07
-5.14526e+07 5.14526e+07
-7.03046e+07 7.03046e+07
-8.6848e+07 8.6848e+07
-1.00662e+08 1.00662e+08
-1.08573e+08 1.08573e+08
-1.1278e+08 1.1278e+08
-1.18357e+08 1.18357e+08
-1.22449e+08 1.22449e+08
-1.26358e+08 1.26358e+08
-1.30138e+08 1.30138e+08
-1.33809e+08 1.33809e+08
-1.37383e+08 1.37383e+08
-1.40862e+08 1.40862e+08
-1.44212e+08 1.44212e+08
-1.4742e+08 1.4742e+08
-1.504e+08 1.504e+08
-1.53043e+08 1.53043e+08
-1.55325e+08 1.55325e+08
-1.57205e+08 1.57205e+08
-1.58835e+08 1.58835e+08
-1.60219e+08 1.60219e+08
-1.61507e+08 1.61507e+08
-1.63309e+08 1.63309e+08
-1.64577e+08 1.64577e+08
-1.65768e+08 1.65768e+08
-1.66891e+08 1.66891e+08
-1.67995e+08 1.67995e+08
-1.69015e+08 1.69015e+08
-1.69976e+08 1.69976e+08
-1.70913e+08 1.70913e+08
-1.71783e+08 1.71783e+08
-1.72583e+08 1.72583e+08
-1.73339e+08 1.73339e+08
-1.7407e+08 1.7407e+08
-1.74747e+08 1.74747e+08
-1.75379e+08 1.75379e+08
-1.75964e+08 1.75964e+08
-1.76517e+08 1.76517e+08
-1.77047e+08 1.77047e+08
-1.77554e+08 1.77554e+08
-1.78024e+08 1.78024e+08
-1.78464e+08 1.78464e+08
-1.78877e+08 1.78877e+08
-1.79264e+08 1.79264e+08
-1.79624e+08 1.79624e+08
-1.79965e+08 1.79965e+08
-1.80289e+08 1.80289e+08
-1.80594e+08 1.80594e+08
-1.80882e+08 1.80882e+08
-1.81152e+08 1.81152e+08
-1.81405e+08 1.81405e+08
-1.81639e+08 1.81639e+08
-1.81856e+08 1.81856e+08
-1.82057e+08 1.82057e+08
-1.82245e+08 1.82245e+08
-1.8242e+08 1.8242e+08
-1.82582e+08 1.82582e+08
-1.82731e+08 1.82731e+08
-1.82866e+08 1.82866e+08
-1.82991e+08 1.82991e+08
-1.83106e+08 1.83106e+08
-1.8321e+08 1.8321e+08
-1.83304e+08 1.83304e+08
-1.83387e+08 1.83387e+08
-1.83459e+08 1.83459e+08
-1.83522e+08 1.83522e+08
-1.83578e+08 1.83578e+08
-1.83625e+08 1.83625e+08
-1.83664e+08 1.83664e+08
-1.83694e+08 1.83694e+08
-1.83715e+08 1.83715e+08
-1.83727e+08 1.83727e+08
-1.83732e+08 1.83732e+08
-1.83731e+08 1.83731e+08
-1.83722e+08 1.83722e+08
-1.83706e+08 1.83706e+08
-1.83683e+08 1.83683e+08
-1.83652e+08 1.83652e+08
-1.83612e+08 1.83612e+08
-1.83566e+08 1.83566e+08
-1.83515e+08 1.83515e+08
-1.83458e+08 1.83458e+08
-1.83395e+08 1.83395e+08
-1.83325e+08 1.83325e+08
-1.83249e+08 1.83249e+08
-1.83164e+08 1.83164e+08
-1.83072e+08 1.83072e+08
-1.82975e+08 1.82975e+08
-1.82873e+08 1.82873e+08
-1.82765e+08 1.82765e+08
-1.82651e+08 1.82651e+08
-1.82529e+08 1.82529e+08
-1.82399e+08 1.82399e+08
-1.82259e+08 1.82259e+08
-1.82109e+08 1.82109e+08
-1.81952e+08 1.81952e+08
-1.81792e+08 1.81792e+08
-1.81626e+08 1.81626e+08
-1.81453e+08 1.81453e+08
-1.81273e+08 1.81273e+08
-1.81082e+08 1.81082e+08
-1.8088e+08 1.8088e+08
-1.80668e+08 1.80668e+08
-1.80448e+08 1.80448e+08
-1.80216e+08 1.80216e+08
-1.79974e+08 1.79974e+08
-1.79722e+08 1.79722e+08
-1.79458e+08 1.79458e+08
-1.79177e+08 1.79177e+08
-1.78881e+08 1.78881e+08
-1.78575e+08 1.78575e+08
-1.78259e+08 1.78259e+08
-1.7793e+08 1.7793e+08
-1.77584e+08 1.77584e+08
-1.77213e+08 1.77213e+08
-1.7681e+08 1.7681e+08
-1.7639e+08 1.7639e+08
-1.75955e+08 1.75955e+08
-1.75499e+08 1.75499e+08
-1.75015e+08 1.75015e+08
-1.74476e+08 1.74476e+08
-1.73903e+08 1.73903e+08
-1.73305e+08 1.73305e+08
-1.72669e+08 1.72669e+08
-1.7197e+08 1.7197e+08
-1.71181e+08 1.71181e+08
-1.7036e+08 1.7036e+08
-1.69466e+08 1.69466e+08
-1.68447e+08 1.68447e+08
-1.67343e+08 1.67343e+08
-1.66192e+08 1.66192e+08
-1.64923e+08 1.64923e+08
-1.63485e+08 1.63485e+08
-1.62037e+08 1.62037e+08
-1.6046e+08 1.6046e+08
-1.58658e+08 1.58658e+08
-1.56845e+08 1.56845e+08
-1.55031e+08 1.55031e+08
-1.53169e+08 1.53169e+08
-1.51402e+08 1.51402e+08
-1.49769e+08 1.49769e+08
-1.47931e+08 1.47931e+08
-1.46329e+08 1.46329e+08
-1.4471e+08 1.4471e+08
-1.43144e+08 1.43144e+08
-1.41487e+08 1.41487e+08
-1.40049e+08 1.40049e+08
-1.38594e+08 1.38594e+08
-1.37002e+08 1.37002e+08
-1.35615e+08 1.35615e+08
-1.34233e+08 1.34233e+08
-1.32892e+08 1.32892e+08
-1.31484e+08 1.31484e+08
-1.30144e+08 1.30144e+08
-1.28981e+08 1.28981e+08
-1.27624e+08 1.27624e+08
-1.26365e+08 1.26365e+08
-1.25176e+08 1.25136e+08
-1.23981e+08 1.23883e+08
-1.22856e+08 1.22856e+08
-1.21684e+08 1.21684e+08
-1.20485e+08 1.20485e+08
-1.19479e+08 1.19479e+08
-1.18418e+08 1.18418e+08
-1.17298e+08 1.17298e+08
-1.16312e+08 1.16312e+08
-1.1527e+08 1.1527e+08
-1.14227e+08 1.14227e+08
-1.13344e+08 1.13344e+08
-1.12398e+08 1.12398e+08
-1.11372e+08 1.11372e+08
-1.10478e+08 1.10478e+08
-1.09566e+08 1.09566e+08
-1.08686e+08 1.08686e+08
-1.07861e+08 1.07861e+08
-1.07037e+08 1.07037e+08
-1.06121e+08 1.06121e+08
-1.05192e+08 1.05192e+08
-1.04494e+08 1.04494e+08
-1.03765e+08 1.03765e+08
-1.0296e+08 1.0296e+08
-1.02173e+08 1.02173e+08
-1.01361e+08 1.01361e+08
-1.00572e+08 1.00572e+08
-9.98688e+07 9.98688e+07
-9.92711e+07 9.92711e+07
-9.86156e+07 9.86156e+07
-9.78547e+07 9.78547e+07
-9.70059e+07 9.70059e+07
-9.63675e+07 9.63675e+07
-9.58022e+07 9.58022e+07
-9.52183e+07 9.52183e+07
-9.45577e+07 9.45577e+07
-9.39557e+07 9.39557e+07
-9.32627e+07 9.32627e+07
-9.25718e+07 9.25718e+07
-9.19346e+07 9.19346e+07
-9.14854e+07 9.14854e+07
-9.10052e+07 9.10052e+07
-9.04487e+07 9.04487e+07
-8.9774e+07 8.9774e+07
-8.91405e+07 8.91405e+07
-8.85956e+07 8.85956e+07
-8.80786e+07 8.80786e+07
1.62504e+07 -1.62504e+07
1.61797e+07 -1.61797e+07
1.61089e+07 -1.61089e+07
1.60381e+07 -1.60381e+07
1.59672e+07 -1.59672e+07
1.58963e+07 -1.58963e+07
1.58252e+07 -1.58252e+07
1.57541e+07 -1.57541e+07
1.56829e+07 -1.56829e+07
1.56117e+07 -1.56117e+07
1.55404e+07 -1.55404e+07
1.5469e+07 -1.5469e+07
1.53975e+07 -1.53975e+07
1.5326e+07 -1.5326e+07
1.52544e+07 -1.52544e+07
1.51827e+07 -1.51827e+07
1.51109e+07 -1.51109e+07
1.50391e+07 -1.50391e+07
1.49672e+07 -1.49672e+07
1.48953e+07 -1.48953e+07
1.48233e+07 -1.48233e+07
1.47512e+07 -1.47512e+07
1.4679e+07 -1.4679e+07
1.46067e+07 -1.46067e+07
1.45344e+07 -1.45344e+07
1.4462e+07 -1.4462e+07
1.43896e+07 -1.43896e+07
1.4317e+07 -1.4317e+07
1.42444e+07 -1.42444e+07
1.41717e+07 -1.41717e+07
1.4099e+07 -1.4099e+07
1.40262e+07 -1.40262e+07
1.39533e+07 -1.39533e+07
1.38803e+07 -1.38803e+07
1.38073e+07 -1.38073e+07
1.37342e+07 -1.37342e+07
5.52227e+07 0
5.52227e+07 0
5.52227e+07 0
5.52227e+07 0
5.52227e+07 0
5.52227e+07 0
5.52227e+07 0
5.52227e+07 0
5.52227e+07 0
5.52227e+07 0
5.52227e+07 0
5.52227e+07 0
5.52227e+07 0
5.52227e+07 0
5.52227e+07 0
5.52227e+07 0
5.52227e+07 0
5.52227e+07 0
5.52227e+07 0
5.52227e+07 0
5.52227e+07 0
5.52227e+07 0
5.52227e+07 0
5.52227e+07 0
5.52227e+07 0
5.52227e+07 0
5.52227e+07 0
5.52227e+07 0
5.52227e+07 0
5.52227e+07 0
5.52227e+07 0
5.52227e+07 0
5.52227e+07 0
5.52227e+07 0
5.52227e+07 0
5.52227e+07 0
5.52227e+07 0
5.52227e+07 0
5.52227e+07 0
5.52227e+07 0
5.52227e+07 0
5.52227e+07 0
5.52227e+07 0
5.52227e+07 0
5.52227e+07 0
5.52227e+07 0
5.52227e+07 0
5.52227e+07 0
5.52227e+07 0
5.52227e+07 0
5.52227e+07 0
5.52227e+07 0
5.52227e+07 0
5.52227e+07 0
5.52227e+07 0
5.52227e+07 0
5.52227e+07 0
5.52227e+07 0
5.52227e+07 0
