0 5.64149e-07
-2.72385e+07 2.72385e+07
-5.44729e+07 5.44729e+07
-8.1507e+07 8.1507e+07
-1.07356e+08 1.07356e+08
-1.28672e+08 1.28672e+08
-1.44881e+08 1.44881e+08
-1.54569e+08 1.54569e+08
-1.60699e+08 1.60699e+08
-1.67786e+08 1.67786e+08
-1.72865e+08 1.72865e+08
-1.77307e+08 1.77307e+08
-1.8111e+08 1.8111e+08
-1.84296e+08 1.84296e+08
-1.86988e+08 1.86988e+08
-1.89287e+08 1.89287e+08
-1.91265e+08 1.91265e+08
-1.92961e+08 1.92961e+08
-1.94424e+08 1.94424e+08
-1.95663e+08 1.95663e+08
-1.96711e+08 1.96711e+08
-1.97579e+08 1.97579e+08
-1.98269e+08 1.98269e+08
-1.98794e+08 1.98794e+08
-1.99159e+08 1.99159e+08
-1.99365e+08 1.99365e+08
-1.99419e+08 1.99419e+08
-1.99323e+08 1.99323e+08
-1.9908e+08 1.9908e+08
-1.98693e+08 1.98693e+08
-1.98169e+08 1.98169e+08
-1.97513e+08 1.97513e+08
-1.96725e+08 1.96725e+08
-1.95813e+08 1.95813e+08
-1.94776e+08 1.94776e+08
-1.93606e+08 1.93606e+08
-1.92301e+08 1.92301e+08
-1.90833e+08 1.90833e+08
-1.89185e+08 1.89185e+08
-1.87324e+08 1.87324e+08
-1.8522e+08 1.8522e+08
-1.82829e+08 1.82829e+08
-1.8017e+08 1.8061e+08
-1.78492e+08 1.78492e+08
-1.75504e+08 1.75504e+08
-1.72164e+08 1.72164e+08
-1.68446e+08 1.68446e+08
-1.64254e+08 1.64254e+08
-1.59517e+08 1.59517e+08
-1.54126e+08 1.54126e+08
-1.47928e+08 1.47928e+08
-1.40685e+08 1.40685e+08
-1.32008e+08 1.32008e+08
-1.21954e+08 1.21954e+08
-1.12578e+08 1.12578e+08
-1.03929e+08 1.03929e+08
-9.59368e+07 9.59368e+07
-8.8547e+07 8.8547e+07
-8.18054e+07 8.18054e+07
-7.55634e+07 7.55634e+07
-6.9774e+07 6.9774e+07
-6.45242e+07 6.45242e+07
-5.96268e+07 5.96268e+07
-5.51399e+07 5.51399e+07
-5.09863e+07 5.09863e+07
-4.6224e+07 4.6224e+07
-3.49142e+07 3.49142e+07
-2.61785e+07 2.61785e+07
-1.62287e+07 1.62287e+07
-6.72029e+06 6.72029e+06
2.27568e+06 -2.27568e+06
1.08646e+07 -1.08646e+07
1.90806e+07 -1.90806e+07
2.68908e+07 -2.68908e+07
3.43947e+07 -3.43947e+07
4.14847e+07 -4.14847e+07
4.82497e+07 -4.82497e+07
5.49489e+07 -5.49489e+07
6.14158e+07 -6.14158e+07
1.55213e+08 0
1.55213e+08 0
1.55213e+08 0
1.55213e+08 0
1.55213e+08 0
1.55213e+08 0
1.55213e+08 0
1.55213e+08 0
1.55213e+08 0
1.55213e+08 0
1.55213e+08 0
1.55213e+08 0
1.55213e+08 0
1.55213e+08 0
1.55213e+08 0
1.55213e+08 0
1.55213e+08 0
1.55213e+08 0
1.55213e+08 0
1.55213e+08 0
1.55213e+08 0
1.55213e+08 0
1.55213e+08 0
1.55213e+08 0
1.55213e+08 0
1.55213e+08 0
1.55213e+08 0
1.55213e+08 0
1.55213e+08 0
1.55213e+08 0
1.55213e+08 0
1.55213e+08 0
1.55213e+08 0
1.55213e+08 0
1.55213e+08 0
1.55213e+08 0
1.55213e+08 0
1.55213e+08 0
1.55213e+08 0
1.55213e+08 0
1.55213e+08 0
1.55213e+08 0
1.55213e+08 0
1.55213e+08 0
1.55213e+08 0
1.55213e+08 0
1.55213e+08 0
1.55213e+08 0
1.55213e+08 0
1.55213e+08 0
1.55213e+08 0
1.55213e+08 0
1.55213e+08 0
1.55213e+08 0
1.55213e+08 0
1.55213e+08 0
1.55213e+08 0
1.55213e+08 0
1.55213e+08 0
1.55213e+08 0
1.55213e+08 0
1.55213e+08 0
1.55213e+08 0
1.55213e+08 0
1.55213e+08 0
1.55213e+08 0
1.55213e+08 0
1.55213e+08 0
1.55213e+08 0
1.55213e+08 0
1.55213e+08 0
1.55213e+08 0
1.55213e+08 0
1.55213e+08 0
1.55213e+08 0
1.55213e+08 0
1.55213e+08 0
1.55213e+08 0
1.55213e+08 0
1.55213e+08 0
1.55213e+08 0
1.55213e+08 0
1.55213e+08 0
1.55213e+08 0
1.55213e+08 0
1.55213e+08 0
1.55213e+08 0
1.55213e+08 0
1.55213e+08 0
1.55213e+08 0
1.55213e+08 0
1.55213e+08 0
1.55213e+08 0
1.55213e+08 0
1.55213e+08 0
1.55213e+08 0
1.55213e+08 0
1.55213e+08 0
1.55213e+08 0
1.55213e+08 0
1.55213e+08 0
1.55213e+08 0
1.55213e+08 0
1.55213e+08 0
1.55213e+08 0
1.55213e+08 0
1.55213e+08 0
1.55213e+08 0
1.55213e+08 0
1.55213e+08 0
1.55213e+08 0
1.55213e+08 0
1.55213e+08 0
1.55213e+08 0
1.55213e+08 0
1.55213e+08 0
1.55213e+08 0
1.55213e+08 0
1.55213e+08 0
1.55213e+08 0
1.55213e+08 0
1.55213e+08 0
1.55213e+08 0
1.55213e+08 0
1.55213e+08 0
1.55213e+08 0
1.55213e+08 0
1.55213e+08 0
1.55213e+08 0
1.55213e+08 0
1.55213e+08 0
1.55213e+08 0
1.55213e+08 0
1.55213e+08 0
1.55213e+08 0
1.55213e+08 0
1.55213e+08 0
1.55213e+08 0
1.55213e+08 0
1.55213e+08 0
1.55213e+08 0
1.55213e+08 0
1.55213e+08 0
1.55213e+08 0
1.55213e+08 0
1.55213e+08 0
1.55213e+08 0
1.55213e+08 0
1.55213e+08 0
1.55213e+08 0
1.55213e+08 0
1.55213e+08 0
1.55213e+08 0
1.55213e+08 0
1.55213e+08 0
1.55213e+08 0
1.55213e+08 0
1.55213e+08 0
1.55213e+08 0
1.55213e+08 0
1.55213e+08 0
1.55213e+08 0
1.55213e+08 0
1.55213e+08 0
1.55213e+08 0
1.55213e+08 0
1.55213e+08 0
1.55213e+08 0
1.55213e+08 0
1.55213e+08 0
1.55213e+08 0
1.55213e+08 0
1.55213e+08 0
1.55213e+08 0
1.55213e+08 0
1.55213e+08 0
1.55213e+08 0
1.55213e+08 0
1.55213e+08 0
1.55213e+08 0
1.55213e+08 0
1.55213e+08 0
1.55213e+08 0
1.55213e+08 0
1.55213e+08 0
1.55213e+08 0
1.55213e+08 0
1.55213e+08 0
1.55213e+08 0
1.55213e+08 0
1.55213e+08 0
1.55213e+08 0
1.55213e+08 0
1.55213e+08 0
1.55213e+08 0
1.55213e+08 0
1.55213e+08 0
1.55213e+08 0
1.55213e+08 0
1.55213e+08 0
1.55213e+08 0
1.55213e+08 0
1.55213e+08 0
1.55213e+08 0
1.55213e+08 0
1.55213e+08 0
1.55213e+08 0
1.55213e+08 0
1.55213e+08 0
1.55213e+08 0
1.55213e+08 0
1.55213e+08 0
1.55213e+08 0
1.55213e+08 0
1.55213e+08 0
1.55213e+08 0
1.55213e+08 0
1.55213e+08 0
1.55213e+08 0
1.55213e+08 0
1.55213e+08 0
1.55213e+08 0
