0 -1.55857e-06
3.25296e+07 -3.25296e+07
6.49697e+07 -6.49697e+07
9.36705e+07 -9.36705e+07
1.08883e+08 -1.08883e+08
1.15876e+08 -1.15876e+08
1.19743e+08 -1.19743e+08
1.23905e+08 -1.23905e+08
1.2687e+08 -1.2687e+08
1.29581e+08 -1.29581e+08
1.32115e+08 -1.32115e+08
1.34524e+08 -1.34524e+08
1.36819e+08 -1.36819e+08
1.39012e+08 -1.39012e+08
1.41093e+08 -1.41093e+08
1.43016e+08 -1.43016e+08
1.44708e+08 -1.44708e+08
1.46147e+08 -1.46147e+08
1.47342e+08 -1.47342e+08
1.49642e+08 -1.49642e+08
1.50817e+08 -1.50817e+08
1.51877e+08 -1.51877e+08
1.52813e+08 -1.52813e+08
1.53666e+08 -1.53666e+08
1.54442e+08 -1.54442e+08
1.55135e+08 -1.55135e+08
1.5576e+08 -1.5576e+08
1.56334e+08 -1.56334e+08
1.56858e+08 -1.56858e+08
1.57334e+08 -1.57334e+08
1.57764e+08 -1.57764e+08
1.58151e+08 -1.58151e+08
1.585e+08 -1.585e+08
1.58812e+08 -1.58812e+08
1.59094e+08 -1.59094e+08
1.59346e+08 -1.59346e+08
1.59565e+08 -1.59565e+08
1.59758e+08 -1.59758e+08
1.59924e+08 -1.59924e+08
1.60061e+08 -1.60061e+08
1.60172e+08 -1.60172e+08
1.60261e+08 -1.60261e+08
1.60324e+08 -1.60324e+08
1.60358e+08 -1.60358e+08
1.60371e+08 -1.60371e+08
1.60361e+08 -1.60361e+08
1.60325e+08 -1.60325e+08
1.60263e+08 -1.60263e+08
1.60182e+08 -1.60182e+08
1.60081e+08 -1.60081e+08
1.59955e+08 -1.59955e+08
1.59802e+08 -1.59802e+08
1.59629e+08 -1.59629e+08
1.59433e+08 -1.59433e+08
1.59213e+08 -1.59213e+08
1.58964e+08 -1.58964e+08
1.58694e+08 -1.58694e+08
1.58403e+08 -1.58403e+08
1.58085e+08 -1.58085e+08
1.57738e+08 -1.57738e+08
1.57365e+08 -1.57365e+08
1.56967e+08 -1.56967e+08
1.56542e+08 -1.56542e+08
1.56091e+08 -1.56091e+08
1.55606e+08 -1.55606e+08
1.55098e+08 -1.55098e+08
1.54564e+08 -1.54564e+08
1.53996e+08 -1.53996e+08
1.5338e+08 -1.5338e+08
1.52744e+08 -1.52744e+08
1.5208e+08 -1.5208e+08
1.51377e+08 -1.51377e+08
1.50623e+08 -1.50623e+08
1.49833e+08 -1.49833e+08
1.49017e+08 -1.49017e+08
1.48153e+08 -1.48153e+08
1.47225e+08 -1.47225e+08
1.4626e+08 -1.4626e+08
1.4525e+08 -1.4525e+08
1.44181e+08 -1.44181e+08
1.43037e+08 -1.43037e+08
1.41849e+08 -1.41849e+08
1.40728e+08 -1.40728e+08
1.39626e+08 -1.39626e+08
1.38632e+08 -1.38632e+08
1.37661e+08 -1.37661e+08
1.36762e+08 -1.36762e+08
1.35882e+08 -1.35882e+08
1.35075e+08 -1.35075e+08
1.34321e+08 -1.34321e+08
1.33567e+08 -1.33567e+08
1.32891e+08 -1.32891e+08
1.32195e+08 -1.32195e+08
1.31603e+08 -1.31603e+08
1.31028e+08 -1.31028e+08
1.30438e+08 -1.30438e+08
1.29944e+08 -1.29944e+08
1.29417e+08 -1.29417e+08
1.28901e+08 -1.28901e+08
1.28477e+08 -1.28477e+08
1.28048e+08 -1.28048e+08
1.276e+08 -1.276e+08
1.27237e+08 -1.27237e+08
1.26847e+08 -1.26847e+08
1.26413e+08 -1.26413e+08
1.26027e+08 -1.26027e+08
1.25634e+08 -1.25634e+08
1.25169e+08 -1.25169e+08
1.2469e+08 -1.2469e+08
1.23991e+08 -1.23991e+08
1.23021e+08 -1.23021e+08
1.21998e+08 -1.21998e+08
1.20717e+08 -1.20946e+08
1.206e+08 -1.206e+08
1.19702e+08 -1.19702e+08
1.1889e+08 -1.1889e+08
1.17994e+08 -1.17994e+08
1.17289e+08 -1.17289e+08
1.16502e+08 -1.16502e+08
1.15762e+08 -1.15762e+08
1.15082e+08 -1.15082e+08
1.1433e+08 -1.1433e+08
1.13732e+08 -1.13732e+08
1.1308e+08 -1.1308e+08
1.12468e+08 -1.12468e+08
1.11882e+08 -1.11882e+08
1.11261e+08 -1.11261e+08
1.10778e+08 -1.10778e+08
1.10254e+08 -1.10254e+08
1.09617e+08 -1.09617e+08
1.09217e+08 -1.09217e+08
1.08775e+08 -1.08775e+08
1.08256e+08 -1.08256e+08
1.07826e+08 -1.07826e+08
1.07381e+08 -1.07381e+08
1.06959e+08 -1.06959e+08
1.06662e+08 -1.06662e+08
1.06253e+08 -1.06253e+08
1.05748e+08 -1.05748e+08
1.05472e+08 -1.05472e+08
1.05224e+08 -1.05224e+08
1.04871e+08 -1.04871e+08
1.04497e+08 -1.04497e+08
1.0416e+08 -1.0416e+08
1.03882e+08 -1.03882e+08
1.0362e+08 -1.0362e+08
1.03447e+08 -1.03447e+08
1.03149e+08 -1.03149e+08
1.02789e+08 -1.02789e+08
1.02509e+08 -1.02509e+08
1.02409e+08 -1.02409e+08
1.02265e+08 -1.02265e+08
1.02002e+08 -1.02002e+08
1.01707e+08 -1.01707e+08
1.0151e+08 -1.0151e+08
1.01336e+08 -1.01336e+08
1.01194e+08 -1.01194e+08
1.01074e+08 -1.01074e+08
1.0094e+08 -1.0094e+08
1.0072e+08 -1.0072e+08
1.00507e+08 -1.00507e+08
1.00308e+08 -1.00308e+08
1.00272e+08 -1.00272e+08
1.00244e+08 -1.00244e+08
1.00131e+08 -1.00131e+08
9.99179e+07 -9.99179e+07
9.97637e+07 -9.97637e+07
9.96859e+07 -9.96859e+07
1.1641e+08 0
1.1641e+08 0
1.1641e+08 0
1.1641e+08 0
1.1641e+08 0
1.1641e+08 0
1.1641e+08 0
1.1641e+08 0
1.1641e+08 0
1.1641e+08 0
1.1641e+08 0
1.1641e+08 0
1.1641e+08 0
1.1641e+08 0
1.1641e+08 0
1.1641e+08 0
1.1641e+08 0
1.1641e+08 0
1.1641e+08 0
1.1641e+08 0
1.1641e+08 0
1.1641e+08 0
1.1641e+08 0
1.1641e+08 0
1.1641e+08 0
1.1641e+08 0
1.1641e+08 0
1.1641e+08 0
1.1641e+08 0
1.1641e+08 0
1.1641e+08 0
1.1641e+08 0
1.1641e+08 0
1.1641e+08 0
1.1641e+08 0
1.1641e+08 0
1.1641e+08 0
1.1641e+08 0
1.1641e+08 0
1.1641e+08 0
1.1641e+08 0
1.1641e+08 0
1.1641e+08 0
1.1641e+08 0
1.1641e+08 0
1.1641e+08 0
1.1641e+08 0
1.1641e+08 0
1.1641e+08 0
1.1641e+08 0
1.1641e+08 0
1.1641e+08 0
1.1641e+08 0
1.1641e+08 0
1.1641e+08 0
1.1641e+08 0
1.1641e+08 0
1.1641e+08 0
1.1641e+08 0
1.1641e+08 0
1.1641e+08 0
1.1641e+08 0
1.1641e+08 0
1.1641e+08 0
1.1641e+08 0
1.1641e+08 0
1.1641e+08 0
1.1641e+08 0
1.1641e+08 0
1.1641e+08 0
1.1641e+08 0
1.1641e+08 0
1.1641e+08 0
1.1641e+08 0
1.1641e+08 0
1.1641e+08 0
1.1641e+08 0
1.1641e+08 0
1.1641e+08 0
1.1641e+08 0
1.1641e+08 0
1.1641e+08 0
1.1641e+08 0
1.1641e+08 0
1.1641e+08 0
1.1641e+08 0
1.1641e+08 0
1.1641e+08 0
1.1641e+08 0
1.1641e+08 0
1.1641e+08 0
1.1641e+08 0
1.1641e+08 0
1.1641e+08 0
1.1641e+08 0
1.1641e+08 0
1.1641e+08 0
1.1641e+08 0
1.1641e+08 0
1.1641e+08 0
1.1641e+08 0
1.1641e+08 0
1.1641e+08 0
1.1641e+08 0
1.1641e+08 0
1.1641e+08 0
1.1641e+08 0
1.1641e+08 0
1.1641e+08 0
1.1641e+08 0
1.1641e+08 0
1.1641e+08 0
1.1641e+08 0
1.1641e+08 0
1.1641e+08 0
1.1641e+08 0
1.1641e+08 0
1.1641e+08 0
1.1641e+08 0
1.1641e+08 0
1.1641e+08 0
1.1641e+08 0
1.1641e+08 0
1.1641e+08 0
1.1641e+08 0
1.1641e+08 0
1.1641e+08 0
1.1641e+08 0
1.1641e+08 0
1.1641e+08 0
1.1641e+08 0
1.1641e+08 0
1.1641e+08 0
