0 -1.66241e-06
-2.39117e+07 2.39117e+07
-4.75062e+07 4.75062e+07
-7.0764e+07 7.0764e+07
-9.36401e+07 9.36401e+07
-1.16041e+08 1.16041e+08
-1.37706e+08 1.37706e+08
-1.57359e+08 1.57359e+08
-1.72637e+08 1.72637e+08
-1.82714e+08 1.82714e+08
-1.88984e+08 1.88984e+08
-1.94728e+08 1.94728e+08
-1.97941e+08 1.97941e+08
-2.0007e+08 2.0007e+08
-2.01376e+08 2.01376e+08
-2.02025e+08 2.02025e+08
-2.02133e+08 2.02133e+08
-2.01795e+08 2.01795e+08
-2.0108e+08 2.0108e+08
-2.00015e+08 2.00015e+08
-1.9865e+08 1.9865e+08
-1.9701e+08 1.9701e+08
-1.95108e+08 1.95108e+08
-1.92956e+08 1.92956e+08
-1.90569e+08 1.90569e+08
-1.87953e+08 1.87953e+08
-1.85107e+08 1.85107e+08
-1.82036e+08 1.82036e+08
-1.78742e+08 1.78742e+08
-1.75222e+08 1.75222e+08
-1.7148e+08 1.7148e+08
-1.67514e+08 1.67514e+08
-1.6332e+08 1.6332e+08
-1.58889e+08 1.58889e+08
-1.5419e+08 1.5419e+08
-1.4922e+08 1.4922e+08
-1.43935e+08 1.43935e+08
-1.38307e+08 1.38307e+08
-1.3225e+08 1.3225e+08
-1.25626e+08 1.25626e+08
-1.18185e+08 1.18185e+08
-1.09524e+08 1.09524e+08
-9.90496e+07 9.90496e+07
-8.6012e+07 8.6012e+07
-7.19477e+07 7.19477e+07
-5.29372e+07 5.29372e+07
-2.88556e+07 2.88556e+07
3.39076e+06 -3.39076e+06
7.02307e+07 -7.02307e+07
4.2753e+08 0
4.2753e+08 0
4.2753e+08 0
4.2753e+08 0
4.2753e+08 0
4.2753e+08 0
4.2753e+08 0
4.2753e+08 0
4.2753e+08 0
4.2753e+08 0
4.2753e+08 0
4.2753e+08 0
4.2753e+08 0
4.2753e+08 0
4.2753e+08 0
4.2753e+08 0
4.2753e+08 0
4.2753e+08 0
4.2753e+08 0
4.2753e+08 0
4.2753e+08 0
4.2753e+08 0
4.2753e+08 0
4.2753e+08 0
4.2753e+08 0
4.2753e+08 0
4.2753e+08 0
4.2753e+08 0
4.2753e+08 0
4.2753e+08 0
4.2753e+08 0
4.2753e+08 0
4.2753e+08 0
4.2753e+08 0
4.2753e+08 0
4.2753e+08 0
4.2753e+08 0
4.2753e+08 0
4.2753e+08 0
4.2753e+08 0
4.2753e+08 0
4.2753e+08 0
4.2753e+08 0
4.2753e+08 0
4.2753e+08 0
4.2753e+08 0
4.2753e+08 0
4.2753e+08 0
4.2753e+08 0
4.2753e+08 0
4.2753e+08 0
4.2753e+08 0
4.2753e+08 0
4.2753e+08 0
4.2753e+08 0
4.2753e+08 0
4.2753e+08 0
4.2753e+08 0
4.2753e+08 0
4.2753e+08 0
4.2753e+08 0
4.2753e+08 0
4.2753e+08 0
4.2753e+08 0
4.2753e+08 0
4.2753e+08 0
4.2753e+08 0
4.2753e+08 0
4.2753e+08 0
4.2753e+08 0
4.2753e+08 0
4.2753e+08 0
4.2753e+08 0
4.2753e+08 0
4.2753e+08 0
4.2753e+08 0
4.2753e+08 0
4.2753e+08 0
4.2753e+08 0
4.2753e+08 0
4.2753e+08 0
4.2753e+08 0
4.2753e+08 0
4.2753e+08 0
4.2753e+08 0
4.2753e+08 0
4.2753e+08 0
4.2753e+08 0
4.2753e+08 0
4.2753e+08 0
4.2753e+08 0
4.2753e+08 0
4.2753e+08 0
4.2753e+08 0
4.2753e+08 0
4.2753e+08 0
4.2753e+08 0
4.2753e+08 0
4.2753e+08 0
4.2753e+08 0
4.2753e+08 0
4.2753e+08 0
4.2753e+08 0
4.2753e+08 0
4.2753e+08 0
4.2753e+08 0
4.2753e+08 0
4.2753e+08 0
4.2753e+08 0
4.2753e+08 0
4.2753e+08 0
4.2753e+08 0
4.2753e+08 0
4.2753e+08 0
4.2753e+08 0
4.2753e+08 0
4.2753e+08 0
4.2753e+08 0
4.2753e+08 0
4.2753e+08 0
4.2753e+08 0
4.2753e+08 0
4.2753e+08 0
4.2753e+08 0
4.2753e+08 0
4.2753e+08 0
4.2753e+08 0
4.2753e+08 0
4.2753e+08 0
4.2753e+08 0
4.2753e+08 0
4.2753e+08 0
4.2753e+08 0
4.2753e+08 0
4.2753e+08 0
4.2753e+08 0
4.2753e+08 0
4.2753e+08 0
4.2753e+08 0
4.2753e+08 0
4.2753e+08 0
4.2753e+08 0
4.2753e+08 0
4.2753e+08 0
4.2753e+08 0
4.2753e+08 0
4.2753e+08 0
4.2753e+08 0
4.2753e+08 0
4.2753e+08 0
4.2753e+08 0
4.2753e+08 0
4.2753e+08 0
4.2753e+08 0
4.2753e+08 0
4.2753e+08 0
4.2753e+08 0
4.2753e+08 0
4.2753e+08 0
4.2753e+08 0
4.2753e+08 0
4.2753e+08 0
4.2753e+08 0
4.2753e+08 0
4.2753e+08 0
4.2753e+08 0
4.2753e+08 0
4.2753e+08 0
4.2753e+08 0
4.2753e+08 0
4.2753e+08 0
4.2753e+08 0
4.2753e+08 0
4.2753e+08 0
4.2753e+08 0
4.2753e+08 0
4.2753e+08 0
4.2753e+08 0
4.2753e+08 0
4.2753e+08 0
4.2753e+08 0
4.2753e+08 0
4.2753e+08 0
4.2753e+08 0
4.2753e+08 0
4.2753e+08 0
4.2753e+08 0
4.2753e+08 0
4.2753e+08 0
4.2753e+08 0
4.2753e+08 0
4.2753e+08 0
4.2753e+08 0
4.2753e+08 0
4.2753e+08 0
4.2753e+08 0
4.2753e+08 0
4.2753e+08 0
4.2753e+08 0
4.2753e+08 0
4.2753e+08 0
4.2753e+08 0
4.2753e+08 0
4.2753e+08 0
4.2753e+08 0
4.2753e+08 0
4.2753e+08 0
4.2753e+08 0
4.2753e+08 0
4.2753e+08 0
4.2753e+08 0
4.2753e+08 0
4.2753e+08 0
4.2753e+08 0
4.2753e+08 0
4.2753e+08 0
4.2753e+08 0
4.2753e+08 0
4.2753e+08 0
4.2753e+08 0
4.2753e+08 0
4.2753e+08 0
4.2753e+08 0
4.2753e+08 0
4.2753e+08 0
4.2753e+08 0
4.2753e+08 0
4.2753e+08 0
4.2753e+08 0
4.2753e+08 0
4.2753e+08 0
4.2753e+08 0
4.2753e+08 0
4.2753e+08 0
4.2753e+08 0
4.2753e+08 0
4.2753e+08 0
4.2753e+08 0
4.2753e+08 0
4.2753e+08 0
4.2753e+08 0
4.2753e+08 0
4.2753e+08 0
4.2753e+08 0
4.2753e+08 0
4.2753e+08 0
4.2753e+08 0
4.2753e+08 0
4.2753e+08 0
4.2753e+08 0
4.2753e+08 0
4.2753e+08 0
