0 6.07688e-08
-2.57555e+07 2.57555e+07
-5.11857e+07 5.11857e+07
-7.62029e+07 7.62029e+07
-9.89334e+07 9.89334e+07
-1.18058e+08 1.18058e+08
-1.32917e+08 1.32917e+08
-1.41966e+08 1.41966e+08
-1.47896e+08 1.47896e+08
-1.54943e+08 1.54943e+08
-1.60192e+08 1.60192e+08
-1.65044e+08 1.65044e+08
-1.69579e+08 1.69579e+08
-1.7384e+08 1.7384e+08
-1.77877e+08 1.77877e+08
-1.81691e+08 1.81691e+08
-1.85298e+08 1.85298e+08
-1.88708e+08 1.88708e+08
-1.91922e+08 1.91922e+08
-1.94922e+08 1.94922e+08
-1.97658e+08 1.97658e+08
-2.00152e+08 2.00152e+08
-2.0237e+08 2.0237e+08
-2.04354e+08 2.04354e+08
-2.06083e+08 2.06083e+08
-2.07543e+08 2.07543e+08
-2.08771e+08 2.08771e+08
-2.09784e+08 2.09784e+08
-2.10586e+08 2.10586e+08
-2.11246e+08 2.11246e+08
-2.11806e+08 2.11806e+08
-2.12265e+08 2.12265e+08
-2.12632e+08 2.12632e+08
-2.12934e+08 2.12934e+08
-2.13645e+08 2.13645e+08
-2.13912e+08 2.13912e+08
-2.14138e+08 2.14138e+08
-2.14317e+08 2.14317e+08
-2.14451e+08 2.14451e+08
-2.14541e+08 2.14541e+08
-2.14593e+08 2.14593e+08
-2.14604e+08 2.14604e+08
-2.14579e+08 2.14579e+08
-2.14519e+08 2.14519e+08
-2.14422e+08 2.14422e+08
-2.14292e+08 2.14292e+08
-2.14127e+08 2.14127e+08
-2.13927e+08 2.13927e+08
-2.13696e+08 2.13696e+08
-2.13429e+08 2.13429e+08
-2.13128e+08 2.13128e+08
-2.12797e+08 2.12797e+08
-2.1243e+08 2.1243e+08
-2.12031e+08 2.12031e+08
-2.11602e+08 2.11602e+08
-2.11138e+08 2.11138e+08
-2.10641e+08 2.10641e+08
-2.10112e+08 2.10112e+08
-2.09546e+08 2.09546e+08
-2.08936e+08 2.08936e+08
-2.08296e+08 2.08296e+08
-2.07618e+08 2.07618e+08
-2.06894e+08 2.06894e+08
-2.06129e+08 2.06129e+08
-2.05314e+08 2.05314e+08
-2.0445e+08 2.0445e+08
-2.03543e+08 2.03543e+08
-2.02582e+08 2.02582e+08
-2.01551e+08 2.01551e+08
-2.00468e+08 2.00468e+08
-1.99315e+08 1.99315e+08
-1.9808e+08 1.9808e+08
-1.96779e+08 1.96779e+08
-1.95385e+08 1.95385e+08
-1.93889e+08 1.93889e+08
-1.92306e+08 1.92306e+08
-1.90609e+08 1.90609e+08
-1.88812e+08 1.88812e+08
-1.869e+08 1.869e+08
-1.84871e+08 1.84871e+08
-1.82721e+08 1.82721e+08
-1.8043e+08 1.8043e+08
-1.7802e+08 1.7802e+08
-1.75441e+08 1.75441e+08
-1.72731e+08 1.72731e+08
-1.69834e+08 1.69834e+08
-1.66775e+08 1.66775e+08
-1.63515e+08 1.63515e+08
-1.60054e+08 1.60054e+08
-1.5636e+08 1.5636e+08
-1.52428e+08 1.52428e+08
-1.482e+08 1.482e+08
-1.43681e+08 1.43681e+08
-1.39177e+08 1.39177e+08
-1.34845e+08 1.34845e+08
-1.30662e+08 1.30662e+08
-1.26597e+08 1.26597e+08
-1.22709e+08 1.22709e+08
-1.18882e+08 1.18882e+08
-1.15237e+08 1.15237e+08
-1.11683e+08 1.11683e+08
-1.08324e+08 1.08324e+08
-1.0498e+08 1.0498e+08
-1.01757e+08 1.01757e+08
-9.857e+07 9.857e+07
-9.55229e+07 9.55229e+07
-9.25849e+07 9.25849e+07
-8.96587e+07 8.96587e+07
-8.67842e+07 8.67842e+07
-8.39906e+07 8.39906e+07
-8.12697e+07 8.12697e+07
-7.85886e+07 7.85886e+07
-7.58253e+07 7.58253e+07
-7.32326e+07 7.32326e+07
-7.05539e+07 7.05539e+07
-6.79718e+07 6.79718e+07
-6.51743e+07 6.51743e+07
-6.25097e+07 6.25097e+07
-5.96356e+07 5.96356e+07
-5.67771e+07 5.67771e+07
-5.368e+07 5.368e+07
-5.01833e+07 5.01833e+07
-4.6593e+07 4.6593e+07
-4.27796e+07 4.27796e+07
-3.85501e+07 3.85501e+07
-3.43785e+07 3.43785e+07
-3.04195e+07 3.04195e+07
-2.6505e+07 2.6505e+07
-2.2539e+07 2.2539e+07
-1.8769e+07 1.8769e+07
-1.50648e+07 1.50648e+07
-1.14509e+07 1.14509e+07
-8.00987e+06 8.00987e+06
-4.55209e+06 4.55209e+06
-1.14403e+06 1.14403e+06
2.12546e+06 -2.12546e+06
5.53671e+06 -5.53671e+06
8.61702e+06 -8.61702e+06
1.1673e+07 -1.1673e+07
1.48006e+07 -1.48006e+07
1.76852e+07 -1.76852e+07
2.08784e+07 -2.08784e+07
2.34829e+07 -2.34829e+07
2.63843e+07 -2.63843e+07
2.91524e+07 -2.91524e+07
3.18747e+07 -3.18747e+07
3.45555e+07 -3.45555e+07
3.7036e+07 -3.7036e+07
3.98628e+07 -3.98628e+07
4.20857e+07 -4.20857e+07
4.47412e+07 -4.47412e+07
4.70629e+07 -4.70629e+07
4.95466e+07 -4.95466e+07
5.16852e+07 -5.16852e+07
5.42658e+07 -5.42658e+07
5.62357e+07 -5.62357e+07
5.86247e+07 -5.86247e+07
6.07086e+07 -6.07086e+07
6.28679e+07 -6.28679e+07
6.50457e+07 -6.50457e+07
6.7007e+07 -6.7007e+07
6.91379e+07 -6.91379e+07
7.10924e+07 -7.10924e+07
7.32101e+07 -7.32101e+07
7.54607e+07 -7.54607e+07
7.84524e+07 -7.84524e+07
7.35545e+07 -7.48262e+07
7.08499e+07 -3.27207e+07
1.60324e+08 0
1.60324e+08 0
1.60324e+08 0
1.60324e+08 0
1.60324e+08 0
1.60324e+08 0
1.60324e+08 0
1.60324e+08 0
1.60324e+08 0
1.60324e+08 0
1.60324e+08 0
1.60324e+08 0
1.60324e+08 0
1.60324e+08 0
1.60324e+08 0
1.60324e+08 0
1.60324e+08 0
1.60324e+08 0
1.60324e+08 0
1.60324e+08 0
1.60324e+08 0
1.60324e+08 0
1.60324e+08 0
1.60324e+08 0
1.60324e+08 0
1.60324e+08 0
1.60324e+08 0
1.60324e+08 0
1.60324e+08 0
1.60324e+08 0
1.60324e+08 0
1.60324e+08 0
1.60324e+08 0
1.60324e+08 0
1.60324e+08 0
1.60324e+08 0
1.60324e+08 0
1.60324e+08 0
1.60324e+08 0
1.60324e+08 0
1.60324e+08 0
1.60324e+08 0
1.60324e+08 0
1.60324e+08 0
1.60324e+08 0
1.60324e+08 0
1.60324e+08 0
1.60324e+08 0
1.60324e+08 0
1.60324e+08 0
1.60324e+08 0
1.60324e+08 0
1.60324e+08 0
1.60324e+08 0
1.60324e+08 0
1.60324e+08 0
1.60324e+08 0
1.60324e+08 0
1.60324e+08 0
1.60324e+08 0
1.60324e+08 0
1.60324e+08 0
1.60324e+08 0
1.60324e+08 0
1.60324e+08 0
1.60324e+08 0
1.60324e+08 0
1.60324e+08 0
1.60324e+08 0
1.60324e+08 0
1.60324e+08 0
1.60324e+08 0
1.60324e+08 0
1.60324e+08 0
1.60324e+08 0
1.60324e+08 0
1.60324e+08 0
1.60324e+08 0
1.60324e+08 0
1.60324e+08 0
1.60324e+08 0
1.60324e+08 0
1.60324e+08 0
1.60324e+08 0
1.60324e+08 0
1.60324e+08 0
1.60324e+08 0
1.60324e+08 0
1.60324e+08 0
1.60324e+08 0
1.60324e+08 0
1.60324e+08 0
1.60324e+08 0
1.60324e+08 0
1.60324e+08 0
1.60324e+08 0
1.60324e+08 0
1.60324e+08 0
1.60324e+08 0
1.60324e+08 0
1.60324e+08 0
1.60324e+08 0
1.60324e+08 0
1.60324e+08 0
1.60324e+08 0
1.60324e+08 0
1.60324e+08 0
1.60324e+08 0
1.60324e+08 0
1.60324e+08 0
1.60324e+08 0
1.60324e+08 0
1.60324e+08 0
1.60324e+08 0
1.60324e+08 0
1.60324e+08 0
1.60324e+08 0
1.60324e+08 0
1.60324e+08 0
1.60324e+08 0
1.60324e+08 0
1.60324e+08 0
1.60324e+08 0
1.60324e+08 0
1.60324e+08 0
1.60324e+08 0
1.60324e+08 0
1.60324e+08 0
1.60324e+08 0
1.60324e+08 0
1.60324e+08 0
1.60324e+08 0
1.60324e+08 0
