0 -1.40599e-06
-2.5729e+07 -3.97266e-06
-5.1208e+07 -6.53933e-06
-7.64405e+07 -9.10599e-06
-1.01041e+08 -1.16727e-05
-1.23345e+08 -1.42393e-05
-1.4169e+08 -1.6806e-05
-1.54262e+08 -1.93727e-05
-1.62425e+08 -2.19393e-05
-1.7061e+08 -2.4506e-05
-1.7704e+08 -2.70727e-05
-1.82856e+08 -2.96393e-05
-1.88168e+08 -3.2206e-05
-1.93e+08 -3.47727e-05
-1.97418e+08 -3.73393e-05
-2.01408e+08 -3.9906e-05
-2.04956e+08 -4.24727e-05
-2.08046e+08 -4.50393e-05
-2.1074e+08 -4.7606e-05
-2.13092e+08 -5.01727e-05
-2.1517e+08 -5.27393e-05
-2.16986e+08 -5.5306e-05
-2.18597e+08 -5.78727e-05
-2.19997e+08 -6.04393e-05
-2.21216e+08 -6.3006e-05
-2.22271e+08 -6.55727e-05
-2.23172e+08 -6.81393e-05
-2.23914e+08 -7.0706e-05
-2.24505e+08 -7.32727e-05
-2.24955e+08 -7.58393e-05
-2.25268e+08 -7.8406e-05
-2.25448e+08 -8.09727e-05
-2.25501e+08 -8.35393e-05
-2.25436e+08 -8.6106e-05
-2.25258e+08 -8.86727e-05
-2.24976e+08 -9.12393e-05
-2.246e+08 -9.3806e-05
-2.24133e+08 -9.63727e-05
-2.23585e+08 -9.89393e-05
-2.22951e+08 -0.000101506
-2.22243e+08 -0.000104073
-2.21456e+08 -0.000106639
-2.20597e+08 -0.000109206
-2.19662e+08 -0.000111773
-2.18653e+08 -0.000114339
-2.17563e+08 -0.000116906
-2.16398e+08 -0.000119473
-2.1514e+08 -0.000122039
-2.13794e+08 -0.000124606
-2.12349e+08 -0.000127173
-2.10806e+08 -0.000129739
-2.09144e+08 -0.000132306
-2.07369e+08 -0.000134873
-2.05452e+08 -0.000137439
-2.03414e+08 -0.000140006
-2.01224e+08 -0.000142573
-1.98889e+08 -0.000145139
-1.96394e+08 -0.000147706
-1.93736e+08 -0.000150273
-1.90892e+08 -0.000152839
-1.87876e+08 -0.000155406
-1.84648e+08 -0.000157973
-1.81209e+08 -0.000160539
-1.77536e+08 -0.000163106
-1.73611e+08 -0.000165673
-1.69408e+08 -0.000168239
-1.64909e+08 -0.000170806
-1.60067e+08 -0.000173373
-1.54861e+08 -0.000175939
-1.49242e+08 -0.000178506
-1.43104e+08 -0.000181073
-1.36401e+08 -0.000183639
-1.29023e+08 -0.000186206
-1.2141e+08 -0.000188773
-1.14285e+08 -0.000191339
-1.07427e+08 -0.000193906
-1.00893e+08 -0.000196473
-9.47512e+07 -0.000199039
-8.88192e+07 -0.000201606
-8.31211e+07 -0.000204173
-7.76364e+07 -0.000206739
-7.23084e+07 -0.000209306
-6.69967e+07 -0.000211873
-6.15613e+07 -0.000214439
-5.55949e+07 -0.000217006
-4.8128e+07 -0.000219573
-3.95951e+07 -0.000222139
-2.9359e+07 -0.000224706
-1.9589e+07 -0.000227273
-1.01216e+07 -0.000229839
-866841 -0.000232406
7.89636e+06 -0.000234973
1.64964e+07 -0.000237539
2.47143e+07 -0.000240106
3.26902e+07 -0.000242673
4.03499e+07 -0.000245239
4.789e+07 -0.000247806
5.50472e+07 -0.000250373
6.21456e+07 -0.000252939
6.89418e+07 -0.000255506
7.55192e+07 -0.000258073
8.20221e+07 -0.000260639
8.8328e+07 -0.000263206
9.45351e+07 -0.000265773
1.01106e+08 -0.000268339
1.09661e+08 -0.000270906
1.19845e+08 -0.000273473
2.20891e+08 -0.000276039
2.20891e+08 -0.000278606
2.20891e+08 -0.000281173
2.20891e+08 -0.000283739
2.20891e+08 -0.000286306
2.20891e+08 -0.000288873
2.20891e+08 -0.000291439
2.20891e+08 -0.000294006
2.20891e+08 -0.000296573
2.20891e+08 -0.000299139
2.20891e+08 -0.000301706
2.20891e+08 -0.000304273
2.20891e+08 -0.000306839
2.20891e+08 -0.000309406
2.20891e+08 -0.000311973
2.20891e+08 -0.000314539
2.20891e+08 -0.000317106
2.20891e+08 -0.000319673
2.20891e+08 -0.000322239
2.20891e+08 -0.000324806
2.20891e+08 -0.000327373
2.20891e+08 -0.000329939
2.20891e+08 -0.000332506
2.20891e+08 -0.000335073
2.20891e+08 -0.000337639
2.20891e+08 -0.000340206
2.20891e+08 -0.000342773
2.20891e+08 -0.000345339
2.20891e+08 -0.000347906
2.20891e+08 -0.000350473
2.20891e+08 -0.000353039
2.20891e+08 -0.000355606
2.20891e+08 -0.000358173
2.20891e+08 -0.000360739
2.20891e+08 -0.000363306
2.20891e+08 -0.000365873
2.20891e+08 -0.000368439
2.20891e+08 -0.000371006
2.20891e+08 -0.000373573
2.20891e+08 -0.000376139
2.20891e+08 -0.000378706
2.20891e+08 -0.000381273
2.20891e+08 -0.000383839
2.20891e+08 -0.000386406
2.20891e+08 -0.000388973
2.20891e+08 -0.000391539
2.20891e+08 -0.000394106
2.20891e+08 -0.000396673
2.20891e+08 -0.000399239
2.20891e+08 -0.000401806
2.20891e+08 -0.000404373
2.20891e+08 -0.000406939
2.20891e+08 -0.000409506
2.20891e+08 -0.000412073
2.20891e+08 -0.000414639
2.20891e+08 -0.000417206
2.20891e+08 -0.000419773
2.20891e+08 -0.000422339
2.20891e+08 -0.000424906
2.20891e+08 -0.000427473
2.20891e+08 -0.000430039
2.20891e+08 -0.000432606
2.20891e+08 -0.000435173
2.20891e+08 -0.000437739
2.20891e+08 -0.000440306
2.20891e+08 -0.000442873
2.20891e+08 -0.000445439
2.20891e+08 -0.000448006
2.20891e+08 -0.000450573
2.20891e+08 -0.000453139
2.20891e+08 -0.000455706
2.20891e+08 -0.000458273
2.20891e+08 -0.000460839
2.20891e+08 -0.000463406
2.20891e+08 -0.000465973
2.20891e+08 -0.000468539
2.20891e+08 -0.000471106
2.20891e+08 -0.000473673
2.20891e+08 -0.000476239
2.20891e+08 -0.000478806
2.20891e+08 -0.000481373
2.20891e+08 -0.000483939
2.20891e+08 -0.000486506
2.20891e+08 -0.000489073
2.20891e+08 -0.000491639
2.20891e+08 -0.000494206
2.20891e+08 -0.000496773
2.20891e+08 -0.000499339
2.20891e+08 -0.000501906
2.20891e+08 -0.000504473
2.20891e+08 -0.000507039
2.20891e+08 -0.000509606
2.20891e+08 -0.000512173
2.20891e+08 -0.000514739
2.20891e+08 -0.000517306
2.20891e+08 -0.000519873
2.20891e+08 -0.000522439
2.20891e+08 -0.000525006
2.20891e+08 -0.000527573
2.20891e+08 -0.000530139
2.20891e+08 -0.000532706
2.20891e+08 -0.000535273
2.20891e+08 -0.000537839
2.20891e+08 -0.000540406
2.20891e+08 -0.000542973
2.20891e+08 -0.000545539
2.20891e+08 -0.000548106
2.20891e+08 -0.000550673
2.20891e+08 -0.000553239
2.20891e+08 -0.000555806
2.20891e+08 -0.000558373
2.20891e+08 -0.000560939
2.20891e+08 -0.000563506
2.20891e+08 -0.000566073
2.20891e+08 -0.000568639
2.20891e+08 -0.000571206
2.20891e+08 -0.000573773
2.20891e+08 -0.000576339
2.20891e+08 -0.000578906
2.20891e+08 -0.000581473
2.20891e+08 -0.000584039
2.20891e+08 -0.000586606
2.20891e+08 -0.000589173
2.20891e+08 -0.000591739
2.20891e+08 -0.000594306
2.20891e+08 -0.000596873
2.20891e+08 -0.000599439
2.20891e+08 -0.000602006
2.20891e+08 -0.000604573
2.20891e+08 -0.000607139
2.20891e+08 -0.000609706
2.20891e+08 -0.000612273
2.20891e+08 -0.000614839
2.20891e+08 -0.000617406
2.20891e+08 -0.000619973
2.20891e+08 -0.000622539
2.20891e+08 -0.000625106
2.20891e+08 -0.000627673
2.20891e+08 -0.000630239
2.20891e+08 -0.000632806
2.20891e+08 -0.000635373
2.20891e+08 -0.000637939
2.20891e+08 -0.000640506
2.20891e+08 -0.000643073
2.20891e+08 -0.000645639
2.20891e+08 -0.000648206
2.20891e+08 -0.000650773
2.20891e+08 -0.000653339
2.20891e+08 -0.000655906
2.20891e+08 -0.000658473
2.20891e+08 -0.000661039
2.20891e+08 -0.000663606
2.20891e+08 -0.000666173
2.20891e+08 -0.000668739
2.20891e+08 -0.000671306
2.20891e+08 -0.000673873
2.20891e+08 -0.000676439
2.20891e+08 -0.000679006
2.20891e+08 -0.000681573
2.20891e+08 -0.000684139
2.20891e+08 -0.000686706
2.20891e+08 -0.000689273
2.20891e+08 -0.000691839
2.20891e+08 -0.000694406
2.20891e+08 -0.000696973
2.20891e+08 -0.000699539
2.20891e+08 -0.000702106
2.20891e+08 -0.000704673
2.20891e+08 -0.000707239
2.20891e+08 -0.000709806
2.20891e+08 -0.000712373
2.20891e+08 -0.000714939
2.20891e+08 -0.000717506
2.20891e+08 -0.000720073
2.20891e+08 -0.000722639
2.20891e+08 -0.000725206
2.20891e+08 -0.000727773
2.20891e+08 -0.000730339
2.20891e+08 -0.000732906
2.20891e+08 -0.000735473
2.20891e+08 -0.000738039
2.20891e+08 -0.000740606
2.20891e+08 -0.000743173
2.20891e+08 -0.000745739
2.20891e+08 -0.000748306
2.20891e+08 -0.000750873
2.20891e+08 -0.000753439
2.20891e+08 -0.000756006
2.20891e+08 -0.000758573
2.20891e+08 -0.000761139
2.20891e+08 -0.000763706
2.20891e+08 -0.000766273
2.20891e+08 -0.000768839
2.20891e+08 -0.000771406
