0 2.72908e-21
-1.76432e+07 -1.3e-06
-3.49717e+07 -2.6e-06
-5.18648e+07 -3.9e-06
-6.81587e+07 -5.2e-06
-8.36294e+07 -6.5e-06
-9.79676e+07 -7.8e-06
-1.10739e+08 -9.1e-06
-1.21319e+08 -1.04e-05
-1.29057e+08 -1.17e-05
-1.34275e+08 -1.3e-05
-1.37448e+08 -1.43e-05
-1.39745e+08 -1.56e-05
-1.39635e+08 -1.69e-05
-1.38245e+08 -1.82e-05
-1.35722e+08 -1.95e-05
-1.32177e+08 -2.08e-05
-1.2768e+08 -2.21e-05
-1.22222e+08 -2.34e-05
-1.15821e+08 -2.47e-05
-1.08481e+08 -2.6e-05
-1.00184e+08 -2.73e-05
-9.08873e+07 -2.86e-05
-8.05161e+07 -2.99e-05
-6.89546e+07 -3.12e-05
-5.60171e+07 -3.25e-05
-4.26937e+07 -3.38e-05
-2.56789e+07 -3.51e-05
-5.3861e+06 -3.64e-05
2.13135e+07 -3.77e-05
5.73743e+07 -3.9e-05
-3.88151e-187 -4.03e-05
-1.02893e-225 -4.16e-05
-1.02893e-225 -4.29e-05
-1.02893e-225 -4.42e-05
-1.02893e-225 -4.55e-05
-1.02893e-225 -4.68e-05
-1.02893e-225 -4.81e-05
-1.02893e-225 -4.94e-05
-1.02893e-225 -5.07e-05
-1.02893e-225 -5.2e-05
-1.02893e-225 -5.33e-05
-1.02893e-225 -5.46e-05
-1.02893e-225 -5.59e-05
-1.02893e-225 -5.72e-05
-1.02893e-225 -5.85e-05
-1.02893e-225 -5.98e-05
-1.02893e-225 -6.11e-05
-1.02893e-225 -6.24e-05
-1.02893e-225 -6.37e-05
-1.02893e-225 -6.5e-05
-1.02893e-225 -6.63e-05
-1.02893e-225 -6.76e-05
-1.02893e-225 -6.89e-05
-1.02893e-225 -7.02e-05
-1.02893e-225 -7.15e-05
-1.02893e-225 -7.28e-05
-1.02893e-225 -7.41e-05
-1.02893e-225 -7.54e-05
-1.02893e-225 -7.67e-05
-1.02893e-225 -7.8e-05
-1.02893e-225 -7.93e-05
-1.02893e-225 -8.06e-05
-1.02893e-225 -8.19e-05
-1.02893e-225 -8.32e-05
-1.02893e-225 -8.45e-05
-1.02893e-225 -8.58e-05
-1.02893e-225 -8.71e-05
-1.02893e-225 -8.84e-05
-1.02893e-225 -8.97e-05
-1.02893e-225 -9.1e-05
-1.02893e-225 -9.23e-05
-1.02893e-225 -9.36e-05
-1.02893e-225 -9.49e-05
-1.02893e-225 -9.62e-05
-1.02893e-225 -9.75e-05
-1.02893e-225 -9.88e-05
-1.02893e-225 -0.0001001
-1.02893e-225 -0.0001014
-1.02893e-225 -0.0001027
-1.02893e-225 -0.000104
-1.02893e-225 -0.0001053
-1.02893e-225 -0.0001066
-1.02893e-225 -0.0001079
-1.02893e-225 -0.0001092
-1.02893e-225 -0.0001105
-1.02893e-225 -0.0001118
-1.02893e-225 -0.0001131
-1.02893e-225 -0.0001144
-1.02893e-225 -0.0001157
-1.02893e-225 -0.000117
-1.02893e-225 -0.0001183
-1.02893e-225 -0.0001196
-1.02893e-225 -0.0001209
-1.02893e-225 -0.0001222
-1.02893e-225 -0.0001235
-1.02893e-225 -0.0001248
-1.02893e-225 -0.0001261
-1.02893e-225 -0.0001274
-1.02893e-225 -0.0001287
-1.02893e-225 -0.00013
-1.02893e-225 -0.0001313
-1.02893e-225 -0.0001326
-1.02893e-225 -0.0001339
-1.02893e-225 -0.0001352
-1.02893e-225 -0.0001365
-1.02893e-225 -0.0001378
-1.02893e-225 -0.0001391
-1.02893e-225 -0.0001404
-1.02893e-225 -0.0001417
-1.02893e-225 -0.000143
-1.02893e-225 -0.0001443
-1.02893e-225 -0.0001456
-1.02893e-225 -0.0001469
-1.02893e-225 -0.0001482
-1.02893e-225 -0.0001495
-1.02893e-225 -0.0001508
-1.02893e-225 -0.0001521
-1.02893e-225 -0.0001534
-1.02893e-225 -0.0001547
-1.02893e-225 -0.000156
-1.02893e-225 -0.0001573
-1.02893e-225 -0.0001586
-1.02893e-225 -0.0001599
-1.02893e-225 -0.0001612
-1.02893e-225 -0.0001625
-1.02893e-225 -0.0001638
-1.02893e-225 -0.0001651
-1.02893e-225 -0.0001664
-1.02893e-225 -0.0001677
-1.02893e-225 -0.000169
-1.02893e-225 -0.0001703
-1.02893e-225 -0.0001716
-1.02893e-225 -0.0001729
-1.02893e-225 -0.0001742
-1.02893e-225 -0.0001755
-1.02893e-225 -0.0001768
-1.02893e-225 -0.0001781
-1.02893e-225 -0.0001794
-1.02893e-225 -0.0001807
-1.02893e-225 -0.000182
-1.02893e-225 -0.0001833
-1.02893e-225 -0.0001846
-1.02893e-225 -0.0001859
-1.02893e-225 -0.0001872
-1.02893e-225 -0.0001885
-1.02893e-225 -0.0001898
-1.02893e-225 -0.0001911
-1.02893e-225 -0.0001924
-1.02893e-225 -0.0001937
-1.02893e-225 -0.000195
-1.02893e-225 -0.0001963
-1.02893e-225 -0.0001976
-1.02893e-225 -0.0001989
-1.02893e-225 -0.0002002
-1.02893e-225 -0.0002015
-1.02893e-225 -0.0002028
-1.02893e-225 -0.0002041
-1.02893e-225 -0.0002054
-1.02893e-225 -0.0002067
-1.02893e-225 -0.000208
-1.02893e-225 -0.0002093
-1.02893e-225 -0.0002106
-1.02893e-225 -0.0002119
-1.02893e-225 -0.0002132
-1.02893e-225 -0.0002145
-1.02893e-225 -0.0002158
-1.02893e-225 -0.0002171
-1.02893e-225 -0.0002184
-1.02893e-225 -0.0002197
-1.02893e-225 -0.000221
-1.02893e-225 -0.0002223
-1.02893e-225 -0.0002236
-1.02893e-225 -0.0002249
-1.02893e-225 -0.0002262
-1.02893e-225 -0.0002275
-1.02893e-225 -0.0002288
-1.02893e-225 -0.0002301
-1.02893e-225 -0.0002314
-1.02893e-225 -0.0002327
-1.02893e-225 -0.000234
-1.02893e-225 -0.0002353
-1.02893e-225 -0.0002366
-1.02893e-225 -0.0002379
-1.02893e-225 -0.0002392
-1.02893e-225 -0.0002405
-1.02893e-225 -0.0002418
-1.02893e-225 -0.0002431
-1.02893e-225 -0.0002444
-1.02893e-225 -0.0002457
-1.02893e-225 -0.000247
-1.02893e-225 -0.0002483
-1.02893e-225 -0.0002496
-1.02893e-225 -0.0002509
-1.02893e-225 -0.0002522
-1.02893e-225 -0.0002535
-1.02893e-225 -0.0002548
-1.02893e-225 -0.0002561
-1.02893e-225 -0.0002574
-1.02893e-225 -0.0002587
-1.02893e-225 -0.00026
-1.02893e-225 -0.0002613
-1.02893e-225 -0.0002626
-1.02893e-225 -0.0002639
-1.02893e-225 -0.0002652
-1.02893e-225 -0.0002665
-1.02893e-225 -0.0002678
-1.02893e-225 -0.0002691
-1.02893e-225 -0.0002704
-1.02893e-225 -0.0002717
-1.02893e-225 -0.000273
-1.02893e-225 -0.0002743
-1.02893e-225 -0.0002756
-1.02893e-225 -0.0002769
-1.02893e-225 -0.0002782
-1.02893e-225 -0.0002795
-1.02893e-225 -0.0002808
-1.02893e-225 -0.0002821
-1.02893e-225 -0.0002834
-1.02893e-225 -0.0002847
-1.02893e-225 -0.000286
-1.02893e-225 -0.0002873
-1.02893e-225 -0.0002886
-1.02893e-225 -0.0002899
-1.02893e-225 -0.0002912
-1.02893e-225 -0.0002925
-1.02893e-225 -0.0002938
-1.02893e-225 -0.0002951
-1.02893e-225 -0.0002964
-1.02893e-225 -0.0002977
-1.02893e-225 -0.000299
-1.02893e-225 -0.0003003
-1.02893e-225 -0.0003016
-1.02893e-225 -0.0003029
-1.02893e-225 -0.0003042
-1.02893e-225 -0.0003055
-1.02893e-225 -0.0003068
-1.02893e-225 -0.0003081
-1.02893e-225 -0.0003094
-1.02893e-225 -0.0003107
-1.02893e-225 -0.000312
-1.02893e-225 -0.0003133
-1.02893e-225 -0.0003146
-1.02893e-225 -0.0003159
-1.02893e-225 -0.0003172
-1.02893e-225 -0.0003185
-1.02893e-225 -0.0003198
-1.02893e-225 -0.0003211
-1.02893e-225 -0.0003224
-1.02893e-225 -0.0003237
-1.02893e-225 -0.000325
-1.02893e-225 -0.0003263
-1.02893e-225 -0.0003276
-1.02893e-225 -0.0003289
-1.02893e-225 -0.0003302
-1.02893e-225 -0.0003315
-1.02893e-225 -0.0003328
-1.02893e-225 -0.0003341
-1.02893e-225 -0.0003354
-1.02893e-225 -0.0003367
-1.02893e-225 -0.000338
-1.02893e-225 -0.0003393
-1.02893e-225 -0.0003406
-1.02893e-225 -0.0003419
-1.02893e-225 -0.0003432
-1.02893e-225 -0.0003445
-1.02893e-225 -0.0003458
-1.02893e-225 -0.0003471
-1.02893e-225 -0.0003484
-1.02893e-225 -0.0003497
-1.02893e-225 -0.000351
-1.02893e-225 -0.0003523
-1.02893e-225 -0.0003536
-1.02893e-225 -0.0003549
-1.02893e-225 -0.0003562
-1.02893e-225 -0.0003575
-1.02893e-225 -0.0003588
-1.02893e-225 -0.0003601
-1.02893e-225 -0.0003614
-1.02893e-225 -0.0003627
-1.02893e-225 -0.000364
-1.02893e-225 -0.0003653
-1.02893e-225 -0.0003666
-1.02893e-225 -0.0003679
-1.02893e-225 -0.0003692
-1.02893e-225 -0.0003705
-1.02893e-225 -0.0003718
-1.02893e-225 -0.0003731
-1.02893e-225 -0.0003744
-1.02893e-225 -0.0003757
-1.02893e-225 -0.000377
-1.02893e-225 -0.0003783
-1.02893e-225 -0.0003796
-1.02893e-225 -0.0003809
-1.02893e-225 -0.0003822
-1.02893e-225 -0.0003835
-1.02893e-225 -0.0003848
-1.02893e-225 -0.0003861
-1.02893e-225 -0.0003874
-1.02893e-225 -0.0003887
-1.02893e-225 -0.00039
