0 0
3.43616e+07 -3.43616e+07
3.52147e+07 -3.52147e+07
3.2281e+07 -3.2281e+07
2.99992e+07 -2.99992e+07
2.83801e+07 -2.83801e+07
2.72366e+07 -2.72366e+07
2.64085e+07 -2.64085e+07
2.58096e+07 -2.58096e+07
2.53768e+07 -2.53768e+07
2.50592e+07 -2.50592e+07
2.48423e+07 -2.48423e+07
2.46957e+07 -2.46957e+07
2.46136e+07 -2.46136e+07
2.45642e+07 -2.45642e+07
2.45698e+07 -2.45698e+07
2.46027e+07 -2.46027e+07
2.46496e+07 -2.46496e+07
2.47254e+07 -2.47254e+07
2.48176e+07 -2.48176e+07
2.49115e+07 -2.49115e+07
2.4998e+07 -2.4998e+07
2.50698e+07 -2.4765e+07
2.55871e+07 -2.55871e+07
2.55701e+07 -2.55701e+07
2.5617e+07 -2.5617e+07
2.57087e+07 -2.57087e+07
2.57949e+07 -2.57949e+07
2.58721e+07 -2.58721e+07
2.59414e+07 -2.59414e+07
2.59978e+07 -2.59978e+07
2.60553e+07 -2.60553e+07
2.6113e+07 -2.6113e+07
2.61644e+07 -2.61644e+07
2.62082e+07 -2.62082e+07
2.62446e+07 -2.62446e+07
2.6274e+07 -2.6274e+07
2.62977e+07 -2.62977e+07
2.63166e+07 -2.63166e+07
2.63319e+07 -2.63319e+07
2.63434e+07 -2.63434e+07
2.63477e+07 -2.63477e+07
2.63557e+07 -2.63557e+07
2.6367e+07 -2.6367e+07
2.63753e+07 -2.63753e+07
2.63796e+07 -2.63796e+07
2.63799e+07 -2.63799e+07
2.63763e+07 -2.63763e+07
2.63694e+07 -2.63694e+07
2.636e+07 -2.636e+07
2.63489e+07 -2.63489e+07
2.63368e+07 -2.63368e+07
2.6324e+07 -2.6324e+07
2.6311e+07 -2.6311e+07
2.62979e+07 -2.62979e+07
2.62849e+07 -2.62849e+07
2.62713e+07 -2.62713e+07
2.62535e+07 -2.62535e+07
2.62391e+07 -2.62391e+07
2.62286e+07 -2.62262e+07
2.62201e+07 -2.62201e+07
2.62106e+07 -2.62106e+07
2.61997e+07 -2.61997e+07
2.61873e+07 -2.61873e+07
2.61732e+07 -2.61732e+07
2.61579e+07 -2.61579e+07
2.61415e+07 -2.61415e+07
2.61246e+07 -2.61246e+07
2.61074e+07 -2.61074e+07
2.60903e+07 -2.60903e+07
2.60735e+07 -2.60735e+07
2.6057e+07 -2.6057e+07
2.60411e+07 -2.60411e+07
2.60256e+07 -2.60256e+07
2.60108e+07 -2.60108e+07
2.59965e+07 -2.59965e+07
2.59827e+07 -2.59827e+07
2.59694e+07 -2.59694e+07
2.59567e+07 -2.59567e+07
2.59445e+07 -2.59445e+07
2.59328e+07 -2.59328e+07
2.59216e+07 -2.59216e+07
2.59108e+07 -2.59108e+07
2.58996e+07 -2.58996e+07
2.58861e+07 -2.58861e+07
2.58743e+07 -2.58743e+07
2.58639e+07 -2.58639e+07
2.58547e+07 -2.58547e+07
2.58477e+07 -2.58477e+07
2.58412e+07 -2.58412e+07
2.58344e+07 -2.58344e+07
2.5827e+07 -2.5827e+07
2.5819e+07 -2.5819e+07
2.58103e+07 -2.58103e+07
2.5801e+07 -2.5801e+07
2.57911e+07 -2.57911e+07
2.57807e+07 -2.57807e+07
2.577e+07 -2.577e+07
2.57591e+07 -2.57591e+07
2.57482e+07 -2.57482e+07
2.57373e+07 -2.57373e+07
2.57265e+07 -2.57265e+07
2.57159e+07 -2.57159e+07
2.57056e+07 -2.57056e+07
2.56955e+07 -2.56955e+07
2.56856e+07 -2.56856e+07
2.56761e+07 -2.56761e+07
2.56667e+07 -2.56667e+07
2.56577e+07 -2.56577e+07
2.56488e+07 -2.56488e+07
2.56402e+07 -2.56402e+07
2.56319e+07 -2.56319e+07
2.56237e+07 -2.56237e+07
2.56158e+07 -2.56158e+07
2.56081e+07 -2.56081e+07
2.56006e+07 -2.56006e+07
2.55932e+07 -2.55932e+07
2.55861e+07 -2.55861e+07
2.55791e+07 -2.55791e+07
2.55723e+07 -2.55723e+07
2.55657e+07 -2.55657e+07
2.55592e+07 -2.55592e+07
2.55529e+07 -2.55529e+07
2.55467e+07 -2.55467e+07
2.55406e+07 -2.55406e+07
2.55347e+07 -2.55347e+07
2.55289e+07 -2.55289e+07
2.55232e+07 -2.55232e+07
2.55177e+07 -2.55177e+07
2.55122e+07 -2.55122e+07
2.55069e+07 -2.55069e+07
2.55017e+07 -2.55017e+07
2.54966e+07 -2.54966e+07
2.54915e+07 -2.54915e+07
2.54866e+07 -2.54866e+07
2.54818e+07 -2.54818e+07
1.65838e+07 -1.65838e+07
1.65773e+07 -1.65773e+07
1.65709e+07 -1.65709e+07
1.65647e+07 -1.65647e+07
1.65585e+07 -1.65585e+07
1.65524e+07 -1.65524e+07
1.65465e+07 -1.65465e+07
1.65406e+07 -1.65406e+07
1.65349e+07 -1.65349e+07
1.65292e+07 -1.65292e+07
1.65236e+07 -1.65236e+07
1.65181e+07 -1.65181e+07
1.65127e+07 -1.65127e+07
1.65073e+07 -1.65073e+07
1.6502e+07 -1.6502e+07
1.64968e+07 -1.64968e+07
1.64917e+07 -1.64917e+07
1.64866e+07 -1.64866e+07
1.64815e+07 -1.64815e+07
1.64764e+07 -1.64764e+07
1.64713e+07 -1.64713e+07
1.64661e+07 -1.64661e+07
1.64609e+07 -1.64609e+07
1.64559e+07 -1.64559e+07
1.6451e+07 -1.6451e+07
1.64459e+07 -1.64459e+07
1.64406e+07 -1.64406e+07
1.64355e+07 -1.64355e+07
1.64306e+07 -1.64306e+07
1.64258e+07 -1.64258e+07
1.64212e+07 -1.64212e+07
1.64168e+07 -1.64168e+07
1.64124e+07 -1.64124e+07
1.64082e+07 -1.64082e+07
1.64042e+07 -1.64042e+07
1.64002e+07 -1.64002e+07
1.63963e+07 -1.63963e+07
1.63926e+07 -1.63926e+07
1.6389e+07 -1.6389e+07
1.63855e+07 -1.63855e+07
1.6382e+07 -1.6382e+07
1.63784e+07 -1.63784e+07
1.63749e+07 -1.63749e+07
1.63713e+07 -1.63713e+07
1.63677e+07 -1.63677e+07
1.6364e+07 -1.6364e+07
1.63601e+07 -1.63601e+07
1.63562e+07 -1.63562e+07
1.63521e+07 -1.63521e+07
1.63479e+07 -1.63479e+07
1.63437e+07 -1.63437e+07
1.63393e+07 -1.63393e+07
1.63348e+07 -1.63348e+07
1.63303e+07 -1.63303e+07
1.63256e+07 -1.63256e+07
1.6321e+07 -1.6321e+07
1.63163e+07 -1.63163e+07
1.63116e+07 -1.63116e+07
1.63069e+07 -1.63069e+07
1.63022e+07 -1.63022e+07
1.62975e+07 -1.62975e+07
1.62929e+07 -1.62929e+07
1.62883e+07 -1.62883e+07
1.62837e+07 -1.62837e+07
1.62792e+07 -1.62792e+07
1.62747e+07 -1.62747e+07
1.62703e+07 -1.62703e+07
1.62659e+07 -1.62659e+07
1.62616e+07 -1.62616e+07
1.62573e+07 -1.62573e+07
1.62531e+07 -1.62531e+07
1.62489e+07 -1.62489e+07
1.62448e+07 -1.62448e+07
1.62407e+07 -1.62407e+07
1.62367e+07 -1.62367e+07
1.62327e+07 -1.62327e+07
1.62288e+07 -1.62288e+07
1.62249e+07 -1.62249e+07
1.6221e+07 -1.6221e+07
1.62172e+07 -1.62172e+07
1.62134e+07 -1.62134e+07
1.62097e+07 -1.62097e+07
1.6206e+07 -1.6206e+07
1.62023e+07 -1.62023e+07
1.61987e+07 -1.61987e+07
1.61952e+07 -1.61952e+07
1.61916e+07 -1.61916e+07
1.61881e+07 -1.61881e+07
1.61846e+07 -1.61846e+07
1.61812e+07 -1.61812e+07
1.61778e+07 -1.61778e+07
1.61744e+07 -1.61744e+07
1.61711e+07 -1.61711e+07
1.61678e+07 -1.61678e+07
1.61645e+07 -1.61645e+07
1.61612e+07 -1.61612e+07
1.6158e+07 -1.6158e+07
1.61548e+07 -1.61548e+07
1.61517e+07 -1.61517e+07
1.61485e+07 -1.61485e+07
1.61454e+07 -1.61454e+07
1.61424e+07 -1.61424e+07
1.61393e+07 -1.61393e+07
1.61363e+07 -1.61363e+07
1.61333e+07 -1.61333e+07
1.61304e+07 -1.61304e+07
1.61274e+07 -1.61274e+07
1.61245e+07 -1.61245e+07
1.61216e+07 -1.61216e+07
1.61187e+07 -1.61187e+07
1.61159e+07 -1.61159e+07
1.61131e+07 -1.61131e+07
1.61103e+07 -1.61103e+07
1.61075e+07 -1.61075e+07
1.61048e+07 -1.61048e+07
1.61021e+07 -1.61021e+07
1.60994e+07 -1.60994e+07
1.60967e+07 -1.60967e+07
1.6094e+07 -1.6094e+07
1.60914e+07 -1.60914e+07
1.60888e+07 -1.60888e+07
1.60862e+07 -1.60862e+07
1.60836e+07 -1.60836e+07
1.6081e+07 -1.6081e+07
1.60785e+07 -1.60785e+07
1.6076e+07 -1.6076e+07
1.60735e+07 -1.60735e+07
1.6071e+07 -1.6071e+07
1.60686e+07 -1.60686e+07
1.60662e+07 -1.60662e+07
1.60637e+07 -1.60637e+07
1.60613e+07 -1.60613e+07
1.6059e+07 -1.6059e+07
1.60566e+07 -1.60566e+07
1.60543e+07 -1.60543e+07
1.60519e+07 -1.60519e+07
1.60496e+07 -1.60496e+07
1.60473e+07 -1.60473e+07
1.60451e+07 -1.60451e+07
1.60428e+07 -1.60428e+07
1.60406e+07 -1.60406e+07
1.60384e+07 -1.60384e+07
1.60361e+07 -1.60361e+07
1.6034e+07 -1.6034e+07
1.60318e+07 -1.60318e+07
1.60296e+07 -1.60296e+07
1.60275e+07 -1.60275e+07
1.60254e+07 -1.60254e+07
1.60233e+07 -1.60233e+07
1.60212e+07 -1.60212e+07
1.60191e+07 -1.60191e+07
1.6017e+07 -1.6017e+07
1.6015e+07 -1.6015e+07
1.60129e+07 -1.60129e+07
1.60109e+07 -1.60109e+07
1.60089e+07 -1.60089e+07
1.60069e+07 -1.60069e+07
1.60049e+07 -1.60049e+07
1.6003e+07 -1.6003e+07
1.6001e+07 -1.6001e+07
1.59991e+07 -1.59991e+07
1.59972e+07 -1.59972e+07
1.59952e+07 -1.59952e+07
1.59934e+07 -1.59934e+07
1.59915e+07 -1.59915e+07
