0 -2.51457e-08
4.34335e+07 -4.34335e+07
8.6846e+07 -8.6846e+07
1.30151e+08 -1.30151e+08
1.72862e+08 -1.72862e+08
2.11124e+08 -2.11124e+08
2.37336e+08 -2.37336e+08
2.54853e+08 -2.54853e+08
2.66577e+08 -2.66577e+08
2.73794e+08 -2.73794e+08
2.78075e+08 -2.78075e+08
2.80438e+08 -2.80438e+08
2.81481e+08 -2.81481e+08
2.81559e+08 -2.81559e+08
2.80894e+08 -2.80894e+08
2.79643e+08 -2.79643e+08
2.77888e+08 -2.77888e+08
2.757e+08 -2.757e+08
2.73101e+08 -2.73101e+08
2.70117e+08 -2.70117e+08
2.66745e+08 -2.66745e+08
2.62981e+08 -2.62981e+08
2.59346e+08 -2.59346e+08
2.54603e+08 -2.54603e+08
2.49413e+08 -2.49413e+08
2.43783e+08 -2.43783e+08
2.37653e+08 -2.37653e+08
2.30872e+08 -2.30872e+08
2.23274e+08 -2.23274e+08
2.14701e+08 -2.14701e+08
2.04947e+08 -2.04947e+08
1.93709e+08 -1.93709e+08
1.80492e+08 -1.80492e+08
1.64383e+08 -1.64383e+08
1.43485e+08 -1.43485e+08
1.12731e+08 -1.12731e+08
3.89611e+07 -3.89611e+07
-4.37956e-137 0
2.09878e-231 0
2.09878e-231 0
2.09878e-231 0
2.09878e-231 0
2.09878e-231 0
2.09878e-231 0
2.09878e-231 0
2.09878e-231 0
2.09878e-231 0
2.09878e-231 0
2.09878e-231 0
2.09878e-231 0
2.09878e-231 0
2.09878e-231 0
2.09878e-231 0
2.09878e-231 0
2.09878e-231 0
2.09878e-231 0
2.09878e-231 0
2.09878e-231 0
2.09878e-231 0
2.09878e-231 0
2.09878e-231 0
2.09878e-231 0
2.09878e-231 0
2.09878e-231 0
2.09878e-231 0
2.09878e-231 0
2.09878e-231 0
2.09878e-231 0
2.09878e-231 0
2.09878e-231 0
2.09878e-231 0
2.09878e-231 0
2.09878e-231 0
2.09878e-231 0
2.09878e-231 0
2.09878e-231 0
2.09878e-231 0
2.09878e-231 0
2.09878e-231 0
2.09878e-231 0
2.09878e-231 0
2.09878e-231 0
2.09878e-231 0
2.09878e-231 0
2.09878e-231 0
2.09878e-231 0
2.09878e-231 0
2.09878e-231 0
2.09878e-231 0
2.09878e-231 0
2.09878e-231 0
2.09878e-231 0
2.09878e-231 0
2.09878e-231 0
2.09878e-231 0
2.09878e-231 0
2.09878e-231 0
2.09878e-231 0
2.09878e-231 0
2.09878e-231 0
2.09878e-231 0
2.09878e-231 0
2.09878e-231 0
2.09878e-231 0
2.09878e-231 0
2.09878e-231 0
2.09878e-231 0
2.09878e-231 0
2.09878e-231 0
2.09878e-231 0
2.09878e-231 0
2.09878e-231 0
2.09878e-231 0
2.09878e-231 0
2.09878e-231 0
2.09878e-231 0
2.09878e-231 0
2.09878e-231 0
2.09878e-231 0
2.09878e-231 0
2.09878e-231 0
2.09878e-231 0
2.09878e-231 0
2.09878e-231 0
2.09878e-231 0
2.09878e-231 0
2.09878e-231 0
2.09878e-231 0
2.09878e-231 0
2.09878e-231 0
2.09878e-231 0
2.09878e-231 0
2.09878e-231 0
2.09878e-231 0
2.09878e-231 0
2.09878e-231 0
2.09878e-231 0
2.09878e-231 0
2.09878e-231 0
2.09878e-231 0
2.09878e-231 0
2.09878e-231 0
2.09878e-231 0
2.09878e-231 0
2.09878e-231 0
2.09878e-231 0
2.09878e-231 0
2.09878e-231 0
2.09878e-231 0
2.09878e-231 0
2.09878e-231 0
2.09878e-231 0
2.09878e-231 0
2.09878e-231 0
2.09878e-231 0
2.09878e-231 0
2.09878e-231 0
2.09878e-231 0
2.09878e-231 0
2.09878e-231 0
2.09878e-231 0
2.09878e-231 0
2.09878e-231 0
2.09878e-231 0
2.09878e-231 0
2.09878e-231 0
2.09878e-231 0
2.09878e-231 0
2.09878e-231 0
2.09878e-231 0
2.09878e-231 0
2.09878e-231 0
2.09878e-231 0
2.09878e-231 0
2.09878e-231 0
2.09878e-231 0
2.09878e-231 0
2.09878e-231 0
2.09878e-231 0
2.09878e-231 0
2.09878e-231 0
2.09878e-231 0
2.09878e-231 0
2.09878e-231 0
2.09878e-231 0
2.09878e-231 0
2.09878e-231 0
2.09878e-231 0
2.09878e-231 0
2.09878e-231 0
2.09878e-231 0
2.09878e-231 0
2.09878e-231 0
2.09878e-231 0
2.09878e-231 0
2.09878e-231 0
2.09878e-231 0
2.09878e-231 0
2.09878e-231 0
2.09878e-231 0
2.09878e-231 0
2.09878e-231 0
2.09878e-231 0
2.09878e-231 0
2.09878e-231 0
2.09878e-231 0
2.09878e-231 0
2.09878e-231 0
2.09878e-231 0
2.09878e-231 0
2.09878e-231 0
2.09878e-231 0
2.09878e-231 0
2.09878e-231 0
2.09878e-231 0
2.09878e-231 0
2.09878e-231 0
2.09878e-231 0
2.09878e-231 0
2.09878e-231 0
2.09878e-231 0
2.09878e-231 0
2.09878e-231 0
2.09878e-231 0
2.09878e-231 0
2.09878e-231 0
2.09878e-231 0
2.09878e-231 0
2.09878e-231 0
2.09878e-231 0
2.09878e-231 0
2.09878e-231 0
2.09878e-231 0
2.09878e-231 0
2.09878e-231 0
2.09878e-231 0
2.09878e-231 0
2.09878e-231 0
2.09878e-231 0
2.09878e-231 0
2.09878e-231 0
2.09878e-231 0
2.09878e-231 0
2.09878e-231 0
2.09878e-231 0
2.09878e-231 0
2.09878e-231 0
2.09878e-231 0
2.09878e-231 0
2.09878e-231 0
2.09878e-231 0
2.09878e-231 0
2.09878e-231 0
2.09878e-231 0
2.09878e-231 0
2.09878e-231 0
2.09878e-231 0
2.09878e-231 0
2.09878e-231 0
2.09878e-231 0
2.09878e-231 0
2.09878e-231 0
2.09878e-231 0
2.09878e-231 0
2.09878e-231 0
2.09878e-231 0
2.09878e-231 0
2.09878e-231 0
2.09878e-231 0
2.09878e-231 0
2.09878e-231 0
2.09878e-231 0
2.09878e-231 0
2.09878e-231 0
2.09878e-231 0
2.09878e-231 0
2.09878e-231 0
2.09878e-231 0
2.09878e-231 0
2.09878e-231 0
2.09878e-231 0
2.09878e-231 0
2.09878e-231 0
2.09878e-231 0
2.09878e-231 0
2.09878e-231 0
2.09878e-231 0
2.09878e-231 0
2.09878e-231 0
2.09878e-231 0
2.09878e-231 0
2.09878e-231 0
2.09878e-231 0
2.09878e-231 0
2.09878e-231 0
2.09878e-231 0
2.09878e-231 0
2.09878e-231 0
2.09878e-231 0
2.09878e-231 0
2.09878e-231 0
