0 7.2876e-08
3.11313e+07 -3.11313e+07
5.29687e+07 -5.29687e+07
6.88135e+07 -6.88135e+07
8.04182e+07 -8.04182e+07
8.49313e+07 -8.49313e+07
8.03689e+07 -8.03689e+07
6.85178e+07 -6.85178e+07
4.98355e+07 -4.98355e+07
2.24892e+07 -2.24892e+07
-2.69307e+07 2.58237e+07
3.73091e+08 0
3.73091e+08 0
3.73091e+08 0
3.73091e+08 0
3.73091e+08 0
3.73091e+08 0
3.73091e+08 0
3.73091e+08 0
3.73091e+08 0
3.73091e+08 0
3.73091e+08 0
3.73091e+08 0
3.73091e+08 0
3.73091e+08 0
3.73091e+08 0
3.73091e+08 0
3.73091e+08 0
3.73091e+08 0
3.73091e+08 0
3.73091e+08 0
3.73091e+08 0
3.73091e+08 0
3.73091e+08 0
3.73091e+08 0
3.73091e+08 0
3.73091e+08 0
3.73091e+08 0
3.73091e+08 0
3.73091e+08 0
3.73091e+08 0
3.73091e+08 0
3.73091e+08 0
3.73091e+08 0
3.73091e+08 0
3.73091e+08 0
3.73091e+08 0
3.73091e+08 0
3.73091e+08 0
3.73091e+08 0
3.73091e+08 0
3.73091e+08 0
3.73091e+08 0
3.73091e+08 0
3.73091e+08 0
3.73091e+08 0
3.73091e+08 0
3.73091e+08 0
3.73091e+08 0
3.73091e+08 0
3.73091e+08 0
3.73091e+08 0
3.73091e+08 0
3.73091e+08 0
3.73091e+08 0
3.73091e+08 0
3.73091e+08 0
3.73091e+08 0
3.73091e+08 0
3.73091e+08 0
3.73091e+08 0
3.73091e+08 0
3.73091e+08 0
3.73091e+08 0
3.73091e+08 0
3.73091e+08 0
3.73091e+08 0
3.73091e+08 0
3.73091e+08 0
3.73091e+08 0
3.73091e+08 0
3.73091e+08 0
3.73091e+08 0
3.73091e+08 0
3.73091e+08 0
3.73091e+08 0
3.73091e+08 0
3.73091e+08 0
3.73091e+08 0
3.73091e+08 0
3.73091e+08 0
3.73091e+08 0
3.73091e+08 0
3.73091e+08 0
3.73091e+08 0
3.73091e+08 0
3.73091e+08 0
3.73091e+08 0
3.73091e+08 0
3.73091e+08 0
3.73091e+08 0
3.73091e+08 0
3.73091e+08 0
3.73091e+08 0
3.73091e+08 0
3.73091e+08 0
3.73091e+08 0
3.73091e+08 0
3.73091e+08 0
3.73091e+08 0
3.73091e+08 0
3.73091e+08 0
3.73091e+08 0
3.73091e+08 0
3.73091e+08 0
3.73091e+08 0
3.73091e+08 0
3.73091e+08 0
3.73091e+08 0
3.73091e+08 0
3.73091e+08 0
3.73091e+08 0
3.73091e+08 0
3.73091e+08 0
3.73091e+08 0
3.73091e+08 0
3.73091e+08 0
3.73091e+08 0
3.73091e+08 0
3.73091e+08 0
3.73091e+08 0
3.73091e+08 0
3.73091e+08 0
3.73091e+08 0
3.73091e+08 0
3.73091e+08 0
3.73091e+08 0
3.73091e+08 0
3.73091e+08 0
3.73091e+08 0
3.73091e+08 0
3.73091e+08 0
3.73091e+08 0
3.73091e+08 0
3.73091e+08 0
3.73091e+08 0
3.73091e+08 0
3.73091e+08 0
3.73091e+08 0
3.73091e+08 0
3.73091e+08 0
3.73091e+08 0
3.73091e+08 0
3.73091e+08 0
3.73091e+08 0
3.73091e+08 0
3.73091e+08 0
3.73091e+08 0
3.73091e+08 0
3.73091e+08 0
3.73091e+08 0
3.73091e+08 0
3.73091e+08 0
3.73091e+08 0
3.73091e+08 0
3.73091e+08 0
3.73091e+08 0
3.73091e+08 0
3.73091e+08 0
3.73091e+08 0
3.73091e+08 0
3.73091e+08 0
3.73091e+08 0
3.73091e+08 0
3.73091e+08 0
3.73091e+08 0
3.73091e+08 0
3.73091e+08 0
3.73091e+08 0
3.73091e+08 0
3.73091e+08 0
3.73091e+08 0
3.73091e+08 0
3.73091e+08 0
3.73091e+08 0
3.73091e+08 0
3.73091e+08 0
3.73091e+08 0
3.73091e+08 0
3.73091e+08 0
3.73091e+08 0
3.73091e+08 0
3.73091e+08 0
3.73091e+08 0
3.73091e+08 0
3.73091e+08 0
3.73091e+08 0
3.73091e+08 0
3.73091e+08 0
3.73091e+08 0
3.73091e+08 0
3.73091e+08 0
3.73091e+08 0
3.73091e+08 0
3.73091e+08 0
3.73091e+08 0
3.73091e+08 0
3.73091e+08 0
3.73091e+08 0
3.73091e+08 0
3.73091e+08 0
3.73091e+08 0
3.73091e+08 0
3.73091e+08 0
3.73091e+08 0
3.73091e+08 0
3.73091e+08 0
3.73091e+08 0
3.73091e+08 0
3.73091e+08 0
3.73091e+08 0
3.73091e+08 0
3.73091e+08 0
3.73091e+08 0
3.73091e+08 0
3.73091e+08 0
3.73091e+08 0
3.73091e+08 0
3.73091e+08 0
3.73091e+08 0
3.73091e+08 0
3.73091e+08 0
3.73091e+08 0
3.73091e+08 0
3.73091e+08 0
3.73091e+08 0
3.73091e+08 0
3.73091e+08 0
3.73091e+08 0
3.73091e+08 0
3.73091e+08 0
3.73091e+08 0
3.73091e+08 0
3.73091e+08 0
3.73091e+08 0
3.73091e+08 0
3.73091e+08 0
3.73091e+08 0
3.73091e+08 0
3.73091e+08 0
3.73091e+08 0
3.73091e+08 0
3.73091e+08 0
3.73091e+08 0
3.73091e+08 0
3.73091e+08 0
3.73091e+08 0
3.73091e+08 0
3.73091e+08 0
3.73091e+08 0
3.73091e+08 0
3.73091e+08 0
3.73091e+08 0
3.73091e+08 0
3.73091e+08 0
3.73091e+08 0
3.73091e+08 0
3.73091e+08 0
3.73091e+08 0
3.73091e+08 0
3.73091e+08 0
3.73091e+08 0
3.73091e+08 0
3.73091e+08 0
3.73091e+08 0
3.73091e+08 0
3.73091e+08 0
3.73091e+08 0
3.73091e+08 0
3.73091e+08 0
3.73091e+08 0
3.73091e+08 0
3.73091e+08 0
3.73091e+08 0
3.73091e+08 0
3.73091e+08 0
3.73091e+08 0
3.73091e+08 0
3.73091e+08 0
3.73091e+08 0
3.73091e+08 0
3.73091e+08 0
3.73091e+08 0
3.73091e+08 0
3.73091e+08 0
3.73091e+08 0
3.73091e+08 0
3.73091e+08 0
3.73091e+08 0
3.73091e+08 0
3.73091e+08 0
