0 -1.77006e-07
-3.25788e+07 -2.74367e-06
-6.36599e+07 -5.31034e-06
-9.2181e+07 -7.87701e-06
-1.16449e+08 -1.04437e-05
-1.36139e+08 -1.30103e-05
-1.52452e+08 -1.5577e-05
-1.65253e+08 -1.81437e-05
-1.73359e+08 -2.07103e-05
-1.76591e+08 -2.3277e-05
-1.75896e+08 -2.58437e-05
-1.71925e+08 -2.84103e-05
-1.65107e+08 -3.0977e-05
-1.55718e+08 -3.35437e-05
-1.43921e+08 -3.61103e-05
-1.29752e+08 -3.8677e-05
-1.13143e+08 -4.12437e-05
-9.47006e+07 -4.38103e-05
-7.22744e+07 -4.6377e-05
-4.62894e+07 -4.89437e-05
-1.49949e+07 -5.15103e-05
2.70797e+07 -5.4077e-05
1.28701e+08 -5.66437e-05
9.70342e+07 -5.92103e-05
3.21182e+08 -524288
3.21182e+08 -524288
3.21182e+08 -524288
3.21182e+08 -524288
3.21182e+08 -524288
3.21182e+08 -524288
3.21182e+08 -524288
3.21182e+08 -524288
3.21182e+08 -524288
3.21182e+08 -524288
3.21182e+08 -524288
3.21182e+08 -524288
3.21182e+08 -524288
3.21182e+08 -524288
3.21182e+08 -524288
3.21182e+08 -524288
3.21182e+08 -524288
3.21182e+08 -524288
3.21182e+08 -524288
3.21182e+08 -524288
3.21182e+08 -524288
3.21182e+08 -524288
3.21182e+08 -524288
3.21182e+08 -524288
3.21182e+08 -524288
3.21182e+08 -524288
3.21182e+08 -524288
3.21182e+08 -524288
3.21182e+08 -524288
3.21182e+08 -524288
3.21182e+08 -524288
3.21182e+08 -524288
3.21182e+08 -524288
3.21182e+08 -524288
3.21182e+08 -524288
3.21182e+08 -524288
3.21182e+08 -524288
3.21182e+08 -524288
3.21182e+08 -524288
3.21182e+08 -524288
3.21182e+08 -524288
3.21182e+08 -524288
3.21182e+08 -524288
3.21182e+08 -524288
3.21182e+08 -524288
3.21182e+08 -524288
3.21182e+08 -524288
3.21182e+08 -524288
3.21182e+08 -524288
3.21182e+08 -524288
3.21182e+08 -524288
3.21182e+08 -524288
3.21182e+08 -524288
3.21182e+08 -524288
3.21182e+08 -524288
3.21182e+08 -524288
3.21182e+08 -524288
3.21182e+08 -524288
3.21182e+08 -524288
3.21182e+08 -524288
3.21182e+08 -524288
3.21182e+08 -524288
3.21182e+08 -524288
3.21182e+08 -524288
3.21182e+08 -524288
3.21182e+08 -524288
3.21182e+08 -524288
3.21182e+08 -524288
3.21182e+08 -524288
3.21182e+08 -524288
3.21182e+08 -524288
3.21182e+08 -524288
3.21182e+08 -524288
3.21182e+08 -524288
3.21182e+08 -524288
3.21182e+08 -524288
3.21182e+08 -524288
3.21182e+08 -524288
3.21182e+08 -524288
3.21182e+08 -524288
3.21182e+08 -524288
3.21182e+08 -524288
3.21182e+08 -524288
3.21182e+08 -524288
3.21182e+08 -524288
3.21182e+08 -524288
3.21182e+08 -524288
3.21182e+08 -524288
3.21182e+08 -524288
3.21182e+08 -524288
3.21182e+08 -524288
3.21182e+08 -524288
3.21182e+08 -524288
3.21182e+08 -524288
3.21182e+08 -524288
3.21182e+08 -524288
3.21182e+08 -524288
3.21182e+08 -524288
3.21182e+08 -524288
3.21182e+08 -524288
3.21182e+08 -524288
3.21182e+08 -524288
3.21182e+08 -524288
3.21182e+08 -524288
3.21182e+08 -524288
3.21182e+08 -524288
3.21182e+08 -524288
3.21182e+08 -524288
3.21182e+08 -524288
3.21182e+08 -524288
3.21182e+08 -524288
3.21182e+08 -524288
3.21182e+08 -524288
3.21182e+08 -524288
3.21182e+08 -524288
3.21182e+08 -524288
3.21182e+08 -524288
3.21182e+08 -524288
3.21182e+08 -524288
3.21182e+08 -524288
3.21182e+08 -524288
3.21182e+08 -524288
3.21182e+08 -524288
3.21182e+08 -524288
3.21182e+08 -524288
3.21182e+08 -524288
3.21182e+08 -524288
3.21182e+08 -524288
3.21182e+08 -524288
3.21182e+08 -524288
3.21182e+08 -524288
3.21182e+08 -524288
3.21182e+08 -524288
3.21182e+08 -524288
3.21182e+08 -524288
3.21182e+08 -524288
3.21182e+08 -524288
3.21182e+08 -524288
3.21182e+08 -524288
3.21182e+08 -524288
3.21182e+08 -524288
3.21182e+08 -524288
3.21182e+08 -524288
3.21182e+08 -524288
3.21182e+08 -524288
3.21182e+08 -524288
3.21182e+08 -524288
3.21182e+08 -524288
3.21182e+08 -524288
3.21182e+08 -524288
3.21182e+08 -524288
3.21182e+08 -524288
3.21182e+08 -524288
3.21182e+08 -524288
3.21182e+08 -524288
3.21182e+08 -524288
3.21182e+08 -524288
3.21182e+08 -524288
3.21182e+08 -524288
3.21182e+08 -524288
3.21182e+08 -524288
3.21182e+08 -524288
3.21182e+08 -524288
3.21182e+08 -524288
3.21182e+08 -524288
3.21182e+08 -524288
3.21182e+08 -524288
3.21182e+08 -524288
3.21182e+08 -524288
3.21182e+08 -524288
3.21182e+08 -524288
3.21182e+08 -524288
3.21182e+08 -524288
3.21182e+08 -524288
3.21182e+08 -524288
3.21182e+08 -524288
3.21182e+08 -524288
3.21182e+08 -524288
3.21182e+08 -524288
3.21182e+08 -524288
3.21182e+08 -524288
3.21182e+08 -524288
3.21182e+08 -524288
3.21182e+08 -524288
3.21182e+08 -524288
3.21182e+08 -524288
3.21182e+08 -524288
3.21182e+08 -524288
3.21182e+08 -524288
3.21182e+08 -524288
3.21182e+08 -524288
3.21182e+08 -524288
3.21182e+08 -524288
3.21182e+08 -524288
3.21182e+08 -524288
3.21182e+08 -524288
3.21182e+08 -524288
3.21182e+08 -524288
3.21182e+08 -524288
3.21182e+08 -524288
3.21182e+08 -524288
3.21182e+08 -524288
3.21182e+08 -524288
3.21182e+08 -524288
3.21182e+08 -524288
3.21182e+08 -524288
3.21182e+08 -524288
3.21182e+08 -524288
3.21182e+08 -524288
3.21182e+08 -524288
3.21182e+08 -524288
3.21182e+08 -524288
3.21182e+08 -524288
3.21182e+08 -524288
3.21182e+08 -524288
3.21182e+08 -524288
3.21182e+08 -524288
3.21182e+08 -524288
3.21182e+08 -524288
3.21182e+08 -524288
3.21182e+08 -524288
3.21182e+08 -524288
3.21182e+08 -524288
3.21182e+08 -524288
3.21182e+08 -524288
3.21182e+08 -524288
3.21182e+08 -524288
3.21182e+08 -524288
3.21182e+08 -524288
3.21182e+08 -524288
3.21182e+08 -524288
3.21182e+08 -524288
3.21182e+08 -524288
3.21182e+08 -524288
3.21182e+08 -524288
3.21182e+08 -524288
3.21182e+08 -524288
3.21182e+08 -524288
3.21182e+08 -524288
3.21182e+08 -524288
3.21182e+08 -524288
3.21182e+08 -524288
3.21182e+08 -524288
3.21182e+08 -524288
3.21182e+08 -524288
3.21182e+08 -524288
3.21182e+08 -524288
3.21182e+08 -524288
3.21182e+08 -524288
3.21182e+08 -524288
3.21182e+08 -524288
3.21182e+08 -524288
3.21182e+08 -524288
3.21182e+08 -524288
3.21182e+08 -524288
3.21182e+08 -524288
3.21182e+08 -524288
3.21182e+08 -524288
3.21182e+08 -524288
3.21182e+08 -524288
3.21182e+08 -524288
3.21182e+08 -524288
3.21182e+08 -524288
3.21182e+08 -524288
3.21182e+08 -524288
3.21182e+08 -524288
3.21182e+08 -524288
3.21182e+08 -524288
3.21182e+08 -524288
3.21182e+08 -524288
3.21182e+08 -524288
3.21182e+08 -524288
3.21182e+08 -524288
3.21182e+08 -524288
3.21182e+08 -524288
3.21182e+08 -524288
3.21182e+08 -524288
