0 8.76967e-06
-40.7525 1.18363e-05
-93.0086 1.4903e-05
-156.68 1.79697e-05
-231.89 2.10363e-05
-318.721 2.4103e-05
-417.227 2.71697e-05
-527.452 3.02363e-05
-649.425 3.3303e-05
-783.172 3.63697e-05
-928.713 3.94363e-05
-1086.06 4.2503e-05
-1255.23 4.55697e-05
-1436.22 4.86363e-05
-1629.05 5.1703e-05
-1833.7 5.47697e-05
-2050.18 5.78363e-05
-2278.45 6.0903e-05
-2518.48 6.39697e-05
-2770.22 6.70363e-05
-3033.58 7.0103e-05
-3308.42 7.31697e-05
-3594.57 7.62363e-05
-3891.93 7.9303e-05
-4200.38 8.23697e-05
-4519.62 8.54363e-05
-4849.11 8.8503e-05
-5188.34 9.15697e-05
-5536.87 9.46363e-05
-5894.33 9.7703e-05
-6260.37 0.00010077
-6634.65 0.000103836
-7016.9 0.000106903
-7406.86 0.00010997
-7804.29 0.000113036
-8208.98 0.000116103
-8620.7 0.00011917
-9039.31 0.000122236
-9464.61 0.000125303
-9896.47 0.00012837
-10334.7 0.000131436
-10779.2 0.000134503
-11229.8 0.00013757
-11686.2 0.000140636
-12148 0.000143703
-12615.1 0.00014677
-13087.2 0.000149836
-13564 0.000152903
-14045.4 0.00015597
-14531.1 0.000159036
-15021 0.000162103
-15514.8 0.00016517
-16012.4 0.000168236
-16513.7 0.000171303
-17018.6 0.00017437
-17526.8 0.000177436
-18038.2 0.000180503
-18552.7 0.00018357
-19070.3 0.000186636
-19590.7 0.000189703
-20114 0.00019277
-20639.8 0.000195836
-21168.2 0.000198903
-21699.1 0.00020197
-22232.4 0.000205036
-22768 0.000208103
-23305.9 0.00021117
-23846 0.000214236
-24388.1 0.000217303
-24932.2 0.00022037
-25478.3 0.000223436
-26026.3 0.000226503
-26576.2 0.00022957
-27127.9 0.000232636
-27681.4 0.000235703
-28236.5 0.00023877
-28793.3 0.000241836
-29351.6 0.000244903
-29911.4 0.00024797
-30472.7 0.000251036
-31035.4 0.000254103
-31599.4 0.00025717
-32164.9 0.000260236
-32731.7 0.000263303
-33299.8 0.00026637
-33869.3 0.000269436
-34440 0.000272503
-35011.9 0.00027557
-35585 0.000278636
-36159.3 0.000281703
-36737.4 0.00028477
-37328.7 0.000287836
-37918.9 0.000290903
-38509.3 0.00029397
-39100.2 0.000297036
-39691.6 0.000300103
-40283.8 0.00030317
-40876.7 0.000306236
-41470.3 0.000309303
-42064.7 0.00031237
-42659.8 0.000315436
-43255.7 0.000318503
-43852.4 0.00032157
-44449.9 0.000324636
-45048.1 0.000327703
-45647.1 0.00033077
-46246.9 0.000333836
-46847.4 0.000336903
-47448.7 0.00033997
-48050.7 0.000343036
-48653.3 0.000346103
-49256.7 0.00034917
-49860.6 0.000352236
-50465.2 0.000355303
-51070.6 0.00035837
-51676.5 0.000361436
-52283.2 0.000364503
-52890.5 0.00036757
-53498.4 0.000370636
-54106.9 0.000373703
-54716 0.00037677
-55325.7 0.000379836
-55936 0.000382903
-56546.9 0.00038597
-57158.3 0.000389036
-57770.2 0.000392103
-58382.6 0.00039517
-58995.6 0.000398236
-59609 0.000401303
-60222.9 0.00040437
-60837.2 0.000407436
-61452.1 0.000410503
-62067.4 0.00041357
-62683.2 0.000416636
-63299.4 0.000419703
-63916.1 0.00042277
-64533.3 0.000425836
-65150.9 0.000428903
-65769 0.00043197
-66387.5 0.000435036
-67006.4 0.000438103
-67625.8 0.00044117
-68245.5 0.000444236
-68865.6 0.000447303
-69486.1 0.00045037
-70106.9 0.000453436
-70728.1 0.000456503
-71349.7 0.00045957
-71971.7 0.000462636
-72594 0.000465703
-73216.6 0.00046877
-73839.5 0.000471836
-74462.7 0.000474903
-75086.4 0.00047797
-75710.4 0.000481036
-76334.7 0.000484103
-76959.4 0.00048717
-77584.4 0.000490236
-78209.7 0.000493303
-78835.4 0.00049637
-79461.4 0.000499436
-80087.7 0.000502503
-80714.3 0.00050557
-81341.2 0.000508636
-81968.3 0.000511703
-82595.8 0.00051477
-83223.5 0.000517836
-83851.4 0.000520903
-84479.7 0.00052397
-85108.2 0.000527036
-85737 0.000530103
-86366 0.00053317
-86995.3 0.000536236
-87624.7 0.000539303
-88254.5 0.00054237
-88884.5 0.000545436
-89514.7 0.000548503
-90145.3 0.00055157
-90776.1 0.000554636
-91407.2 0.000557703
-92038.6 0.00056077
-92670.2 0.000563836
-93302.1 0.000566903
-93934.1 0.00056997
-94566.4 0.000573036
-95199 0.000576103
-95831.7 0.00057917
-96464.7 0.000582236
-97097.9 0.000585303
-97731.3 0.00058837
-98364.8 0.000591436
-98998.6 0.000594503
-99632.6 0.00059757
-100267 0.000600636
-100901 0.000603703
-101536 0.00060677
-102170 0.000609836
-102805 0.000612903
-103440 0.00061597
-104076 0.000619036
-104711 0.000622103
-105347 0.00062517
-105983 0.000628236
-106620 0.000631303
-107256 0.00063437
-107893 0.000637436
-108530 0.000640503
-109167 0.00064357
-109804 0.000646636
-110441 0.000649703
-111079 0.00065277
-111716 0.000655836
-112354 0.000658903
-112992 0.00066197
-113630 0.000665036
-114269 0.000668103
-114907 0.00067117
-115546 0.000674236
-116185 0.000677303
-116824 0.00068037
-117463 0.000683436
-118102 0.000686503
-118742 0.00068957
-119382 0.000692636
-120022 0.000695703
-120662 0.00069877
-121302 0.000701836
-121942 0.000704903
-122583 0.00070797
-123224 0.000711036
-123865 0.000714103
-124506 0.00071717
-125147 0.000720236
-125788 0.000723303
-126430 0.00072637
-127071 0.000729436
-127713 0.000732503
-128355 0.00073557
-128997 0.000738636
-129639 0.000741703
-130281 0.00074477
-130924 0.000747836
-131567 0.000750903
-132209 0.00075397
-132852 0.000757036
-133496 0.000760103
-134139 0.00076317
-134782 0.000766236
-135426 0.000769303
-136070 0.00077237
-136714 0.000775436
-137358 0.000778503
-138002 0.00078157
-138646 0.000784636
-139290 0.000787703
-139935 0.00079077
-140579 0.000793836
-141224 0.000796903
-141869 0.00079997
-142513 0.000803036
-143159 0.000806103
-143804 0.00080917
-144449 0.000812236
-145095 0.000815303
-145740 0.00081837
-146386 0.000821436
-147032 0.000824503
-147678 0.00082757
-148324 0.000830636
-148971 0.000833703
-149617 0.00083677
-150264 0.000839836
-150910 0.000842903
-151557 0.00084597
-152204 0.000849036
-152851 0.000852103
-153498 0.00085517
-154145 0.000858236
-154792 0.000861303
-155440 0.00086437
-156087 0.000867436
-156734 0.000870503
-157382 0.00087357
-158030 0.000876636
-158678 0.000879703
-159326 0.00088277
-159974 0.000885836
-160623 0.000888903
-161271 0.00089197
-161920 0.000895036
-162569 0.000898103
-163217 0.00090117
-163866 0.000904236
-164515 0.000907303
-165164 0.00091037
-165813 0.000913436
-166463 0.000916503
-167112 0.00091957
-167761 0.000922636
-168411 0.000925703
-169060 0.00092877
