0 9.28558e-08
-1.86571e+07 1.86571e+07
-3.82481e+07 3.82481e+07
-5.22961e+07 5.22961e+07
-5.95753e+07 5.95753e+07
-6.32321e+07 6.32321e+07
-6.52303e+07 6.52303e+07
-6.64422e+07 6.64422e+07
-6.72712e+07 6.72712e+07
-6.79056e+07 6.79056e+07
-6.84478e+07 6.84478e+07
-6.89252e+07 6.89252e+07
-6.93832e+07 6.93832e+07
-6.98289e+07 6.98289e+07
-7.0267e+07 7.0267e+07
-7.07048e+07 7.07048e+07
-7.11513e+07 7.11513e+07
-7.16044e+07 7.16044e+07
-7.20432e+07 7.20432e+07
-7.25057e+07 7.25057e+07
-7.29591e+07 7.29591e+07
-7.34227e+07 7.34227e+07
-7.38763e+07 7.38763e+07
-7.43414e+07 7.43414e+07
-7.47706e+07 7.47706e+07
-7.52075e+07 7.52075e+07
-7.56012e+07 7.56012e+07
-7.71371e+07 7.71371e+07
-7.72264e+07 7.72264e+07
-7.73897e+07 7.73897e+07
-7.76113e+07 7.76113e+07
-7.79342e+07 7.79342e+07
-7.82763e+07 7.82763e+07
-7.85823e+07 7.85823e+07
-7.88643e+07 7.88643e+07
-7.91487e+07 7.91487e+07
-7.9417e+07 7.9417e+07
-7.96603e+07 7.96603e+07
-7.98737e+07 7.98737e+07
-8.00841e+07 8.00841e+07
-8.02944e+07 8.02944e+07
-8.04886e+07 8.04886e+07
-8.06644e+07 8.06644e+07
-8.08145e+07 8.08145e+07
-8.0958e+07 8.0958e+07
-8.1108e+07 8.1108e+07
-8.12499e+07 8.12499e+07
-8.13793e+07 8.13793e+07
-8.14969e+07 8.14969e+07
-8.15939e+07 8.15939e+07
-8.16828e+07 8.16828e+07
-8.17759e+07 8.17759e+07
-8.18726e+07 8.18726e+07
-8.19615e+07 8.19615e+07
-8.20417e+07 8.20417e+07
-8.2114e+07 8.2114e+07
-8.2176e+07 8.2176e+07
-8.22257e+07 8.22257e+07
-8.22741e+07 8.22741e+07
-8.23282e+07 8.23282e+07
-8.23867e+07 8.23867e+07
-8.24407e+07 8.24407e+07
-8.2489e+07 8.2489e+07
-8.2532e+07 8.2532e+07
-8.25703e+07 8.25703e+07
-8.26044e+07 8.26044e+07
-8.26304e+07 8.26304e+07
-8.26503e+07 8.26503e+07
-8.26738e+07 8.26738e+07
-8.27038e+07 8.27038e+07
-8.27375e+07 8.27375e+07
-8.27689e+07 8.27689e+07
-8.27969e+07 8.27969e+07
-8.28215e+07 8.28215e+07
-8.2843e+07 8.2843e+07
-8.28619e+07 8.28619e+07
-8.28788e+07 8.28788e+07
-8.28938e+07 8.28938e+07
-8.29033e+07 8.29033e+07
-8.29103e+07 8.29103e+07
-8.29191e+07 8.29191e+07
-8.29311e+07 8.29311e+07
-8.29495e+07 8.29495e+07
-8.29691e+07 8.29691e+07
-8.29875e+07 8.29875e+07
-8.30038e+07 8.30038e+07
-8.30179e+07 8.30179e+07
-8.30299e+07 8.30299e+07
-8.30402e+07 8.30402e+07
-8.3049e+07 8.3049e+07
-8.30568e+07 8.30568e+07
-8.30638e+07 8.30638e+07
-8.30705e+07 8.30705e+07
-8.30758e+07 8.30758e+07
-8.30785e+07 8.30785e+07
-8.30808e+07 8.30808e+07
-8.30825e+07 8.30825e+07
-8.30866e+07 8.30866e+07
-8.30929e+07 8.30929e+07
-8.31034e+07 8.31034e+07
-8.31142e+07 8.31142e+07
-8.31252e+07 8.31252e+07
-8.31348e+07 8.31348e+07
-8.3143e+07 8.3143e+07
-8.31499e+07 8.31499e+07
-8.31553e+07 8.31553e+07
-8.31596e+07 8.31596e+07
-8.31628e+07 8.31628e+07
-8.31651e+07 8.31651e+07
-8.31668e+07 8.31668e+07
-8.3168e+07 8.3168e+07
-8.3169e+07 8.3169e+07
-8.31697e+07 8.31697e+07
-8.31704e+07 8.31704e+07
-8.3171e+07 8.3171e+07
-8.31707e+07 8.31707e+07
-8.31689e+07 8.31689e+07
-8.31681e+07 8.31681e+07
-8.31681e+07 8.31681e+07
-8.31659e+07 8.31659e+07
-8.31653e+07 8.31653e+07
-8.3166e+07 8.3166e+07
-8.31678e+07 8.31678e+07
-8.31716e+07 8.31716e+07
-8.31764e+07 8.31764e+07
-8.31808e+07 8.31808e+07
-8.31854e+07 8.31854e+07
-8.31895e+07 8.31895e+07
-8.31928e+07 8.31928e+07
-8.31953e+07 8.31953e+07
-8.31971e+07 8.31971e+07
-8.31981e+07 8.31981e+07
-8.31985e+07 8.31985e+07
-8.31982e+07 8.31982e+07
-8.31974e+07 8.31974e+07
-8.31962e+07 8.31962e+07
-8.31946e+07 8.31946e+07
-8.31928e+07 8.31928e+07
-8.31908e+07 8.31908e+07
-8.31887e+07 8.31887e+07
-8.31866e+07 8.31866e+07
-8.31844e+07 8.31844e+07
-8.31823e+07 8.31823e+07
-8.31803e+07 8.31803e+07
-8.31784e+07 8.31784e+07
-8.31766e+07 8.31766e+07
-8.31749e+07 8.31749e+07
-8.31732e+07 8.31732e+07
-8.31716e+07 8.31716e+07
-8.31698e+07 8.31698e+07
-8.31674e+07 8.31674e+07
-8.31644e+07 8.31644e+07
-8.31618e+07 8.31618e+07
-8.31597e+07 8.31597e+07
-8.31579e+07 8.31579e+07
-8.31557e+07 8.31557e+07
-8.31528e+07 8.31528e+07
-8.31504e+07 8.31504e+07
-8.31486e+07 8.31486e+07
-8.31472e+07 8.31472e+07
-8.31463e+07 8.31463e+07
-6.5738e+07 6.5738e+07
-6.57423e+07 6.57423e+07
-6.57467e+07 6.57467e+07
-6.57511e+07 6.57511e+07
-6.57553e+07 6.57553e+07
-6.57592e+07 6.57592e+07
-6.57622e+07 6.57622e+07
-6.57653e+07 6.57653e+07
-6.5769e+07 6.5769e+07
-6.57732e+07 6.57732e+07
-6.57779e+07 6.57779e+07
-6.57821e+07 6.57821e+07
-6.57852e+07 6.57852e+07
-6.57892e+07 6.57892e+07
-6.57939e+07 6.57939e+07
-6.57993e+07 6.57993e+07
-6.58052e+07 6.58052e+07
-6.58125e+07 6.58125e+07
-6.58197e+07 6.58197e+07
-6.58266e+07 6.58266e+07
-6.58331e+07 6.58331e+07
-6.58395e+07 6.58395e+07
-6.58461e+07 6.58461e+07
-6.58524e+07 6.58524e+07
-6.58581e+07 6.58581e+07
-6.58634e+07 6.58634e+07
-6.58681e+07 6.58681e+07
-6.58723e+07 6.58723e+07
-6.5876e+07 6.5876e+07
-6.58793e+07 6.58793e+07
-6.58818e+07 6.58818e+07
-6.58832e+07 6.58832e+07
-6.58838e+07 6.58838e+07
-6.58838e+07 6.58838e+07
-6.58834e+07 6.58834e+07
-6.58827e+07 6.58827e+07
-6.58816e+07 6.58816e+07
-6.58803e+07 6.58803e+07
-6.58788e+07 6.58788e+07
-6.58772e+07 6.58772e+07
-6.58757e+07 6.58757e+07
-6.58742e+07 6.58742e+07
-6.58727e+07 6.58727e+07
-6.58714e+07 6.58714e+07
-6.58697e+07 6.58697e+07
-6.58677e+07 6.58677e+07
-6.58657e+07 6.58657e+07
-6.58635e+07 6.58635e+07
-6.58613e+07 6.58613e+07
-6.58589e+07 6.58589e+07
-6.58565e+07 6.58565e+07
-6.5854e+07 6.5854e+07
-6.58513e+07 6.58513e+07
-6.58486e+07 6.58486e+07
-6.58458e+07 6.58458e+07
-6.58429e+07 6.58429e+07
-6.584e+07 6.584e+07
-6.58371e+07 6.58371e+07
-6.58342e+07 6.58342e+07
-6.58313e+07 6.58313e+07
-6.58284e+07 6.58284e+07
-6.58255e+07 6.58255e+07
-6.58225e+07 6.58225e+07
-6.58196e+07 6.58196e+07
-6.58165e+07 6.58165e+07
-6.58135e+07 6.58135e+07
-6.58103e+07 6.58103e+07
-6.5807e+07 6.5807e+07
-6.58036e+07 6.58036e+07
-6.58e+07 6.58e+07
-6.57963e+07 6.57963e+07
-6.57927e+07 6.57927e+07
-6.57891e+07 6.57891e+07
-6.57856e+07 6.57856e+07
-6.57822e+07 6.57822e+07
-6.57787e+07 6.57787e+07
-6.57754e+07 6.57754e+07
-6.5772e+07 6.5772e+07
-6.57687e+07 6.57687e+07
-6.57654e+07 6.57654e+07
-6.5762e+07 6.5762e+07
-6.57583e+07 6.57583e+07
-6.57543e+07 6.57543e+07
-6.57504e+07 6.57504e+07
-6.57465e+07 6.57465e+07
-6.57427e+07 6.57427e+07
-6.5739e+07 6.5739e+07
-6.57352e+07 6.57352e+07
-6.57315e+07 6.57315e+07
-6.57279e+07 6.57279e+07
-6.57243e+07 6.57243e+07
-6.57208e+07 6.57208e+07
-6.57173e+07 6.57173e+07
-6.5714e+07 6.5714e+07
-6.57105e+07 6.57105e+07
-6.57071e+07 6.57071e+07
-6.57035e+07 6.57035e+07
-6.56999e+07 6.56999e+07
-6.56963e+07 6.56963e+07
-6.56926e+07 6.56926e+07
-6.56889e+07 6.56889e+07
-6.56852e+07 6.56852e+07
-6.56814e+07 6.56814e+07
-6.56776e+07 6.56776e+07
-6.56738e+07 6.56738e+07
-6.567e+07 6.567e+07
-6.56661e+07 6.56661e+07
-6.56623e+07 6.56623e+07
-6.56584e+07 6.56584e+07
-6.56545e+07 6.56545e+07
-6.56505e+07 6.56505e+07
-6.56465e+07 6.56465e+07
-6.56423e+07 6.56423e+07
-6.56382e+07 6.56382e+07
-6.56339e+07 6.56339e+07
-6.56297e+07 6.56297e+07
-6.56253e+07 6.56253e+07
-6.5621e+07 6.5621e+07
-6.56166e+07 6.56166e+07
-6.56121e+07 6.56121e+07
-6.56076e+07 6.56076e+07
-6.5603e+07 6.5603e+07
-6.55984e+07 6.55984e+07
-6.55938e+07 6.55938e+07
-6.55891e+07 6.55891e+07
-6.55844e+07 6.55844e+07
-6.55797e+07 6.55797e+07
-6.55749e+07 6.55749e+07
-6.55701e+07 6.55701e+07
-6.55653e+07 6.55653e+07
-6.55605e+07 6.55605e+07
-6.55557e+07 6.55557e+07
-6.55509e+07 6.55509e+07
-6.5546e+07 6.5546e+07
-6.55412e+07 6.55412e+07
-6.55363e+07 6.55363e+07
-6.55314e+07 6.55314e+07
-6.55265e+07 6.55265e+07
-6.55216e+07 6.55216e+07
-6.55167e+07 6.55167e+07
