0 -2.96859e-09
2.87928e+07 -2.87928e+07
5.71621e+07 -5.71621e+07
8.37935e+07 -8.37935e+07
9.97017e+07 -9.97017e+07
1.08777e+08 -1.08777e+08
1.14642e+08 -1.14642e+08
1.18809e+08 -1.18809e+08
1.21972e+08 -1.21972e+08
1.24492e+08 -1.24492e+08
1.26561e+08 -1.26561e+08
1.28318e+08 -1.28318e+08
1.29837e+08 -1.29837e+08
1.31185e+08 -1.31185e+08
1.32373e+08 -1.32373e+08
1.33446e+08 -1.33446e+08
1.34426e+08 -1.34426e+08
1.35319e+08 -1.35319e+08
1.36125e+08 -1.36125e+08
1.36893e+08 -1.36893e+08
1.3762e+08 -1.3762e+08
1.38261e+08 -1.38261e+08
1.38903e+08 -1.38903e+08
1.39473e+08 -1.39473e+08
1.40045e+08 -1.40045e+08
1.40544e+08 -1.40544e+08
1.41065e+08 -1.41065e+08
1.41508e+08 -1.41508e+08
1.41961e+08 -1.41961e+08
1.42396e+08 -1.42396e+08
1.42768e+08 -1.42768e+08
1.43157e+08 -1.43157e+08
1.43523e+08 -1.43523e+08
1.43836e+08 -1.43836e+08
1.44145e+08 -1.44145e+08
1.44464e+08 -1.44464e+08
1.44751e+08 -1.44751e+08
1.45001e+08 -1.45001e+08
1.45246e+08 -1.45246e+08
1.45505e+08 -1.45505e+08
1.45755e+08 -1.45755e+08
1.4598e+08 -1.4598e+08
1.4618e+08 -1.4618e+08
1.46373e+08 -1.46373e+08
1.46574e+08 -1.46574e+08
1.46781e+08 -1.46781e+08
1.46974e+08 -1.46974e+08
1.47153e+08 -1.47153e+08
1.47314e+08 -1.47314e+08
1.47463e+08 -1.47463e+08
1.47606e+08 -1.47606e+08
1.47749e+08 -1.47749e+08
1.47893e+08 -1.47893e+08
1.48031e+08 -1.48031e+08
1.48154e+08 -1.48154e+08
1.48263e+08 -1.48263e+08
1.48359e+08 -1.48359e+08
1.48444e+08 -1.48444e+08
1.48515e+08 -1.48515e+08
1.48982e+08 -1.48982e+08
1.48982e+08 -1.48982e+08
1.48985e+08 -1.48985e+08
1.48996e+08 -1.48996e+08
1.49015e+08 -1.49015e+08
1.49042e+08 -1.49042e+08
1.49073e+08 -1.49073e+08
1.49105e+08 -1.49105e+08
1.49136e+08 -1.49136e+08
1.4916e+08 -1.4916e+08
1.49179e+08 -1.49179e+08
1.49192e+08 -1.49192e+08
1.492e+08 -1.492e+08
1.49203e+08 -1.49203e+08
1.492e+08 -1.492e+08
1.49194e+08 -1.49194e+08
1.49183e+08 -1.49183e+08
1.49169e+08 -1.49169e+08
1.49152e+08 -1.49152e+08
1.49131e+08 -1.49131e+08
1.49107e+08 -1.49107e+08
1.4908e+08 -1.4908e+08
1.49049e+08 -1.49049e+08
1.49015e+08 -1.49015e+08
1.48976e+08 -1.48976e+08
1.48935e+08 -1.48935e+08
1.48892e+08 -1.48892e+08
1.48847e+08 -1.48847e+08
1.48799e+08 -1.48799e+08
1.4875e+08 -1.4875e+08
1.48698e+08 -1.48698e+08
1.48644e+08 -1.48644e+08
1.48587e+08 -1.48587e+08
1.48527e+08 -1.48527e+08
1.48464e+08 -1.48464e+08
1.48399e+08 -1.48399e+08
1.48331e+08 -1.48331e+08
1.48262e+08 -1.48262e+08
1.4819e+08 -1.4819e+08
1.48116e+08 -1.48116e+08
1.48039e+08 -1.48039e+08
1.47959e+08 -1.47959e+08
1.47877e+08 -1.47877e+08
1.47793e+08 -1.47793e+08
1.47706e+08 -1.47706e+08
1.47616e+08 -1.47616e+08
1.47524e+08 -1.47524e+08
1.47431e+08 -1.47431e+08
1.47336e+08 -1.47336e+08
1.47239e+08 -1.47239e+08
1.4714e+08 -1.4714e+08
1.47039e+08 -1.47039e+08
1.46935e+08 -1.46935e+08
1.4683e+08 -1.4683e+08
1.46721e+08 -1.46721e+08
1.46609e+08 -1.46609e+08
1.46494e+08 -1.46494e+08
1.46376e+08 -1.46376e+08
1.46255e+08 -1.46255e+08
1.46132e+08 -1.46132e+08
1.46007e+08 -1.46007e+08
1.45881e+08 -1.45881e+08
1.45754e+08 -1.45754e+08
1.45624e+08 -1.45624e+08
1.45493e+08 -1.45493e+08
1.45359e+08 -1.45359e+08
1.45223e+08 -1.45223e+08
1.45085e+08 -1.45085e+08
1.44944e+08 -1.44944e+08
1.448e+08 -1.448e+08
1.44652e+08 -1.44652e+08
1.44499e+08 -1.44499e+08
1.44344e+08 -1.44344e+08
1.44185e+08 -1.44185e+08
1.44023e+08 -1.44023e+08
1.43859e+08 -1.43859e+08
1.43692e+08 -1.43692e+08
1.43522e+08 -1.43522e+08
1.43349e+08 -1.43349e+08
1.43172e+08 -1.43172e+08
1.42993e+08 -1.42993e+08
1.42809e+08 -1.42809e+08
1.42622e+08 -1.42622e+08
1.42429e+08 -1.42429e+08
1.4223e+08 -1.4223e+08
1.42024e+08 -1.42024e+08
1.41814e+08 -1.41814e+08
1.41597e+08 -1.41597e+08
1.41375e+08 -1.41375e+08
1.41145e+08 -1.41145e+08
1.4091e+08 -1.4091e+08
1.40673e+08 -1.40673e+08
1.40433e+08 -1.40433e+08
1.40187e+08 -1.40187e+08
1.39936e+08 -1.39936e+08
1.39678e+08 -1.39678e+08
1.39411e+08 -1.39411e+08
1.39135e+08 -1.39135e+08
1.38849e+08 -1.38849e+08
1.3855e+08 -1.3855e+08
1.3824e+08 -1.3824e+08
1.37915e+08 -1.37915e+08
1.37573e+08 -1.37573e+08
1.37218e+08 -1.37218e+08
1.36855e+08 -1.36855e+08
1.36488e+08 -1.36488e+08
1.36105e+08 -1.36105e+08
1.35706e+08 -1.35706e+08
1.35296e+08 -1.35296e+08
1.34873e+08 -1.34873e+08
1.34432e+08 -1.34432e+08
1.33968e+08 -1.33968e+08
1.33459e+08 -1.33459e+08
1.32921e+08 -1.32921e+08
1.32364e+08 -1.32364e+08
1.31795e+08 -1.31795e+08
1.31204e+08 -1.31204e+08
1.30592e+08 -1.30592e+08
1.29949e+08 -1.29949e+08
1.29257e+08 -1.29257e+08
1.28556e+08 -1.28556e+08
1.27859e+08 -1.27859e+08
1.27139e+08 -1.27139e+08
1.26413e+08 -1.26413e+08
1.25679e+08 -1.25679e+08
1.24999e+08 -1.24999e+08
1.24247e+08 -1.24247e+08
1.23374e+08 -1.23374e+08
1.2246e+08 -1.2246e+08
1.21694e+08 -1.21694e+08
1.20917e+08 -1.20917e+08
1.20081e+08 -1.20081e+08
1.19123e+08 -1.19123e+08
1.18109e+08 -1.18109e+08
1.17124e+08 -1.17124e+08
1.1618e+08 -1.1618e+08
1.15171e+08 -1.15171e+08
1.14166e+08 -1.14166e+08
1.12932e+08 -1.12932e+08
1.1164e+08 -1.1164e+08
1.10473e+08 -1.10473e+08
1.09372e+08 -1.09372e+08
1.0793e+08 -1.0793e+08
1.0615e+08 -1.0615e+08
1.0485e+08 -1.0485e+08
1.03535e+08 -1.03535e+08
1.01811e+08 -1.01811e+08
1.0017e+08 -1.0017e+08
9.89988e+07 -9.89988e+07
9.76648e+07 -9.76648e+07
9.57942e+07 -9.57942e+07
9.4471e+07 -9.4471e+07
9.32716e+07 -9.32716e+07
9.18051e+07 -9.18051e+07
9.01774e+07 -9.01774e+07
8.88397e+07 -8.88397e+07
8.76906e+07 -8.76906e+07
8.63118e+07 -8.63118e+07
8.45096e+07 -8.45096e+07
8.34846e+07 -8.34846e+07
8.24973e+07 -8.24973e+07
8.05071e+07 -8.05071e+07
7.93103e+07 -7.93103e+07
7.84353e+07 -7.84353e+07
7.71297e+07 -7.71297e+07
7.53688e+07 -7.53688e+07
7.43647e+07 -7.43647e+07
7.33706e+07 -7.33706e+07
7.18425e+07 -7.18425e+07
7.04744e+07 -7.04744e+07
6.94864e+07 -6.94864e+07
6.85623e+07 -6.85623e+07
6.69728e+07 -6.69728e+07
6.56357e+07 -6.56357e+07
6.4739e+07 -6.4739e+07
6.24189e+07 -6.24189e+07
6.1007e+07 -6.1007e+07
5.83018e+07 -5.83018e+07
5.67161e+07 -5.67161e+07
4.99118e+07 0
4.99118e+07 0
4.99118e+07 0
4.99118e+07 0
4.99118e+07 0
4.99118e+07 0
4.99118e+07 0
4.99118e+07 0
4.99118e+07 0
4.99118e+07 0
4.99118e+07 0
4.99118e+07 0
4.99118e+07 0
4.99118e+07 0
4.99118e+07 0
4.99118e+07 0
4.99118e+07 0
4.99118e+07 0
4.99118e+07 0
4.99118e+07 0
4.99118e+07 0
4.99118e+07 0
4.99118e+07 0
4.99118e+07 0
4.99118e+07 0
4.99118e+07 0
4.99118e+07 0
4.99118e+07 0
4.99118e+07 0
4.99118e+07 0
4.99118e+07 0
4.99118e+07 0
4.99118e+07 0
4.99118e+07 0
4.99118e+07 0
4.99118e+07 0
4.99118e+07 0
4.99118e+07 0
4.99118e+07 0
4.99118e+07 0
4.99118e+07 0
4.99118e+07 0
4.99118e+07 0
4.99118e+07 0
4.99118e+07 0
4.99118e+07 0
4.99118e+07 0
4.99118e+07 0
4.99118e+07 0
4.99118e+07 0
4.99118e+07 0
4.99118e+07 0
4.99118e+07 0
4.99118e+07 0
4.99118e+07 0
4.99118e+07 0
4.99118e+07 0
4.99118e+07 0
4.99118e+07 0
4.99118e+07 0
4.99118e+07 0
4.99118e+07 0
4.99118e+07 0
