0 1.76951e-08
-1.80584e+07 1.80584e+07
-3.59516e+07 3.59516e+07
-5.36119e+07 5.36119e+07
-7.09478e+07 7.09478e+07
-8.78353e+07 8.78353e+07
-1.04107e+08 1.04107e+08
-1.19536e+08 1.19536e+08
-1.33814e+08 1.33814e+08
-1.46515e+08 1.46515e+08
-1.57047e+08 1.57047e+08
-1.65134e+08 1.65134e+08
-1.71154e+08 1.71154e+08
-1.75432e+08 1.75432e+08
-1.78215e+08 1.78215e+08
-1.80563e+08 1.80563e+08
-1.80757e+08 1.80757e+08
-1.7992e+08 1.7992e+08
-1.78155e+08 1.78155e+08
-1.75544e+08 1.75544e+08
-1.72154e+08 1.72154e+08
-1.67989e+08 1.67989e+08
-1.6306e+08 1.6306e+08
-1.57382e+08 1.57382e+08
-1.50964e+08 1.50964e+08
-1.43819e+08 1.43819e+08
-1.35943e+08 1.35943e+08
-1.27315e+08 1.27315e+08
-1.17891e+08 1.17891e+08
-1.07635e+08 1.07635e+08
-9.6488e+07 9.6488e+07
-8.43481e+07 8.43481e+07
-7.108e+07 7.108e+07
-5.64617e+07 5.64617e+07
-4.13538e+07 4.13538e+07
-2.27543e+07 2.27543e+07
-1.21238e+06 1.21238e+06
2.6146e+07 -2.6146e+07
7.60887e+07 -7.52206e+07
-4.93167e-142 0
-2.3493e-236 0
-2.3493e-236 0
-2.3493e-236 0
-2.3493e-236 0
-2.3493e-236 0
-2.3493e-236 0
-2.3493e-236 0
-2.3493e-236 0
-2.3493e-236 0
-2.3493e-236 0
-2.3493e-236 0
-2.3493e-236 0
-2.3493e-236 0
-2.3493e-236 0
-2.3493e-236 0
-2.3493e-236 0
-2.3493e-236 0
-2.3493e-236 0
-2.3493e-236 0
-2.3493e-236 0
-2.3493e-236 0
-2.3493e-236 0
-2.3493e-236 0
-2.3493e-236 0
-2.3493e-236 0
-2.3493e-236 0
-2.3493e-236 0
-2.3493e-236 0
-2.3493e-236 0
-2.3493e-236 0
-2.3493e-236 0
-2.3493e-236 0
-2.3493e-236 0
-2.3493e-236 0
-2.3493e-236 0
-2.3493e-236 0
-2.3493e-236 0
-2.3493e-236 0
-2.3493e-236 0
-2.3493e-236 0
-2.3493e-236 0
-2.3493e-236 0
-2.3493e-236 0
-2.3493e-236 0
-2.3493e-236 0
-2.3493e-236 0
-2.3493e-236 0
-2.3493e-236 0
-2.3493e-236 0
-2.3493e-236 0
-2.3493e-236 0
-2.3493e-236 0
-2.3493e-236 0
-2.3493e-236 0
-2.3493e-236 0
-2.3493e-236 0
-2.3493e-236 0
-2.3493e-236 0
-2.3493e-236 0
-2.3493e-236 0
-2.3493e-236 0
-2.3493e-236 0
-2.3493e-236 0
-2.3493e-236 0
-2.3493e-236 0
-2.3493e-236 0
-2.3493e-236 0
-2.3493e-236 0
-2.3493e-236 0
-2.3493e-236 0
-2.3493e-236 0
-2.3493e-236 0
-2.3493e-236 0
-2.3493e-236 0
-2.3493e-236 0
-2.3493e-236 0
-2.3493e-236 0
-2.3493e-236 0
-2.3493e-236 0
-2.3493e-236 0
-2.3493e-236 0
-2.3493e-236 0
-2.3493e-236 0
-2.3493e-236 0
-2.3493e-236 0
-2.3493e-236 0
-2.3493e-236 0
-2.3493e-236 0
-2.3493e-236 0
-2.3493e-236 0
-2.3493e-236 0
-2.3493e-236 0
-2.3493e-236 0
-2.3493e-236 0
-2.3493e-236 0
-2.3493e-236 0
-2.3493e-236 0
-2.3493e-236 0
-2.3493e-236 0
-2.3493e-236 0
-2.3493e-236 0
-2.3493e-236 0
-2.3493e-236 0
-2.3493e-236 0
-2.3493e-236 0
-2.3493e-236 0
-2.3493e-236 0
-2.3493e-236 0
-2.3493e-236 0
-2.3493e-236 0
-2.3493e-236 0
-2.3493e-236 0
-2.3493e-236 0
-2.3493e-236 0
-2.3493e-236 0
-2.3493e-236 0
-2.3493e-236 0
-2.3493e-236 0
-2.3493e-236 0
-2.3493e-236 0
-2.3493e-236 0
-2.3493e-236 0
-2.3493e-236 0
-2.3493e-236 0
-2.3493e-236 0
-2.3493e-236 0
-2.3493e-236 0
-2.3493e-236 0
-2.3493e-236 0
-2.3493e-236 0
-2.3493e-236 0
-2.3493e-236 0
-2.3493e-236 0
-2.3493e-236 0
-2.3493e-236 0
-2.3493e-236 0
-2.3493e-236 0
-2.3493e-236 0
-2.3493e-236 0
-2.3493e-236 0
-2.3493e-236 0
-2.3493e-236 0
-2.3493e-236 0
-2.3493e-236 0
-2.3493e-236 0
-2.3493e-236 0
-2.3493e-236 0
-2.3493e-236 0
-2.3493e-236 0
-2.3493e-236 0
-2.3493e-236 0
-2.3493e-236 0
-2.3493e-236 0
-2.3493e-236 0
-2.3493e-236 0
-2.3493e-236 0
-2.3493e-236 0
-2.3493e-236 0
-2.3493e-236 0
-2.3493e-236 0
-2.3493e-236 0
-2.3493e-236 0
-2.3493e-236 0
-2.3493e-236 0
-2.3493e-236 0
-2.3493e-236 0
-2.3493e-236 0
-2.3493e-236 0
-2.3493e-236 0
-2.3493e-236 0
-2.3493e-236 0
-2.3493e-236 0
-2.3493e-236 0
-2.3493e-236 0
-2.3493e-236 0
-2.3493e-236 0
-2.3493e-236 0
-2.3493e-236 0
-2.3493e-236 0
-2.3493e-236 0
-2.3493e-236 0
-2.3493e-236 0
-2.3493e-236 0
-2.3493e-236 0
-2.3493e-236 0
-2.3493e-236 0
-2.3493e-236 0
-2.3493e-236 0
-2.3493e-236 0
-2.3493e-236 0
-2.3493e-236 0
-2.3493e-236 0
-2.3493e-236 0
-2.3493e-236 0
-2.3493e-236 0
-2.3493e-236 0
-2.3493e-236 0
-2.3493e-236 0
-2.3493e-236 0
-2.3493e-236 0
-2.3493e-236 0
-2.3493e-236 0
-2.3493e-236 0
-2.3493e-236 0
-2.3493e-236 0
-2.3493e-236 0
-2.3493e-236 0
-2.3493e-236 0
-2.3493e-236 0
-2.3493e-236 0
-2.3493e-236 0
-2.3493e-236 0
-2.3493e-236 0
-2.3493e-236 0
-2.3493e-236 0
-2.3493e-236 0
-2.3493e-236 0
-2.3493e-236 0
-2.3493e-236 0
-2.3493e-236 0
-2.3493e-236 0
-2.3493e-236 0
-2.3493e-236 0
-2.3493e-236 0
-2.3493e-236 0
-2.3493e-236 0
-2.3493e-236 0
-2.3493e-236 0
-2.3493e-236 0
-2.3493e-236 0
-2.3493e-236 0
-2.3493e-236 0
-2.3493e-236 0
-2.3493e-236 0
-2.3493e-236 0
-2.3493e-236 0
-2.3493e-236 0
-2.3493e-236 0
-2.3493e-236 0
-2.3493e-236 0
-2.3493e-236 0
-2.3493e-236 0
-2.3493e-236 0
-2.3493e-236 0
-2.3493e-236 0
-2.3493e-236 0
-2.3493e-236 0
-2.3493e-236 0
-2.3493e-236 0
-2.3493e-236 0
-2.3493e-236 0
-2.3493e-236 0
-2.3493e-236 0
-2.3493e-236 0
-2.3493e-236 0
-2.3493e-236 0
-2.3493e-236 0
-2.3493e-236 0
-2.3493e-236 0
-2.3493e-236 0
-2.3493e-236 0
