0 -4.13274e-08
-1.77833e+07 1.77833e+07
-3.51453e+07 3.51453e+07
-5.17035e+07 5.17035e+07
-6.6765e+07 6.6765e+07
-7.90555e+07 7.90555e+07
-8.70103e+07 8.70103e+07
-9.13571e+07 9.13571e+07
-9.38371e+07 9.38371e+07
-9.31775e+07 9.31775e+07
-9.08737e+07 9.08737e+07
-8.71407e+07 8.71407e+07
-8.19338e+07 8.19338e+07
-7.52903e+07 7.52903e+07
-6.71802e+07 6.71802e+07
-5.74826e+07 5.74826e+07
-4.59642e+07 4.59642e+07
-3.21313e+07 3.21313e+07
-1.48144e+07 1.48144e+07
1.03447e+07 -1.03447e+07
-1.50983e+08 0
-1.50983e+08 0
-1.50983e+08 0
-1.50983e+08 0
-1.50983e+08 0
-1.50983e+08 0
-1.50983e+08 0
-1.50983e+08 0
-1.50983e+08 0
-1.50983e+08 0
-1.50983e+08 0
-1.50983e+08 0
-1.50983e+08 0
-1.50983e+08 0
-1.50983e+08 0
-1.50983e+08 0
-1.50983e+08 0
-1.50983e+08 0
-1.50983e+08 0
-1.50983e+08 0
-1.50983e+08 0
-1.50983e+08 0
-1.50983e+08 0
-1.50983e+08 0
-1.50983e+08 0
-1.50983e+08 0
-1.50983e+08 0
-1.50983e+08 0
-1.50983e+08 0
-1.50983e+08 0
-1.50983e+08 0
-1.50983e+08 0
-1.50983e+08 0
-1.50983e+08 0
-1.50983e+08 0
-1.50983e+08 0
-1.50983e+08 0
-1.50983e+08 0
-1.50983e+08 0
-1.50983e+08 0
-1.50983e+08 0
-1.50983e+08 0
-1.50983e+08 0
-1.50983e+08 0
-1.50983e+08 0
-1.50983e+08 0
-1.50983e+08 0
-1.50983e+08 0
-1.50983e+08 0
-1.50983e+08 0
-1.50983e+08 0
-1.50983e+08 0
-1.50983e+08 0
-1.50983e+08 0
-1.50983e+08 0
-1.50983e+08 0
-1.50983e+08 0
-1.50983e+08 0
-1.50983e+08 0
-1.50983e+08 0
-1.50983e+08 0
-1.50983e+08 0
-1.50983e+08 0
-1.50983e+08 0
-1.50983e+08 0
-1.50983e+08 0
-1.50983e+08 0
-1.50983e+08 0
-1.50983e+08 0
-1.50983e+08 0
-1.50983e+08 0
-1.50983e+08 0
-1.50983e+08 0
-1.50983e+08 0
-1.50983e+08 0
-1.50983e+08 0
-1.50983e+08 0
-1.50983e+08 0
-1.50983e+08 0
-1.50983e+08 0
-1.50983e+08 0
-1.50983e+08 0
-1.50983e+08 0
-1.50983e+08 0
-1.50983e+08 0
-1.50983e+08 0
-1.50983e+08 0
-1.50983e+08 0
-1.50983e+08 0
-1.50983e+08 0
-1.50983e+08 0
-1.50983e+08 0
-1.50983e+08 0
-1.50983e+08 0
-1.50983e+08 0
-1.50983e+08 0
-1.50983e+08 0
-1.50983e+08 0
-1.50983e+08 0
-1.50983e+08 0
-1.50983e+08 0
-1.50983e+08 0
-1.50983e+08 0
-1.50983e+08 0
-1.50983e+08 0
-1.50983e+08 0
-1.50983e+08 0
-1.50983e+08 0
-1.50983e+08 0
-1.50983e+08 0
-1.50983e+08 0
-1.50983e+08 0
-1.50983e+08 0
-1.50983e+08 0
-1.50983e+08 0
-1.50983e+08 0
-1.50983e+08 0
-1.50983e+08 0
-1.50983e+08 0
-1.50983e+08 0
-1.50983e+08 0
-1.50983e+08 0
-1.50983e+08 0
-1.50983e+08 0
-1.50983e+08 0
-1.50983e+08 0
-1.50983e+08 0
-1.50983e+08 0
-1.50983e+08 0
-1.50983e+08 0
-1.50983e+08 0
-1.50983e+08 0
-1.50983e+08 0
-1.50983e+08 0
-1.50983e+08 0
-1.50983e+08 0
-1.50983e+08 0
-1.50983e+08 0
-1.50983e+08 0
-1.50983e+08 0
-1.50983e+08 0
-1.50983e+08 0
-1.50983e+08 0
-1.50983e+08 0
-1.50983e+08 0
-1.50983e+08 0
-1.50983e+08 0
-1.50983e+08 0
-1.50983e+08 0
-1.50983e+08 0
-1.50983e+08 0
-1.50983e+08 0
-1.50983e+08 0
-1.50983e+08 0
-1.50983e+08 0
-1.50983e+08 0
-1.50983e+08 0
-1.50983e+08 0
-1.50983e+08 0
-1.50983e+08 0
-1.50983e+08 0
-1.50983e+08 0
-1.50983e+08 0
-1.50983e+08 0
-1.50983e+08 0
-1.50983e+08 0
-1.50983e+08 0
-1.50983e+08 0
-1.50983e+08 0
-1.50983e+08 0
-1.50983e+08 0
-1.50983e+08 0
-1.50983e+08 0
-1.50983e+08 0
-1.50983e+08 0
-1.50983e+08 0
-1.50983e+08 0
-1.50983e+08 0
-1.50983e+08 0
-1.50983e+08 0
-1.50983e+08 0
-1.50983e+08 0
-1.50983e+08 0
-1.50983e+08 0
-1.50983e+08 0
-1.50983e+08 0
-1.50983e+08 0
-1.50983e+08 0
-1.50983e+08 0
-1.50983e+08 0
-1.50983e+08 0
-1.50983e+08 0
-1.50983e+08 0
-1.50983e+08 0
-1.50983e+08 0
-1.50983e+08 0
-1.50983e+08 0
-1.50983e+08 0
-1.50983e+08 0
-1.50983e+08 0
-1.50983e+08 0
-1.50983e+08 0
-1.50983e+08 0
-1.50983e+08 0
-1.50983e+08 0
-1.50983e+08 0
-1.50983e+08 0
-1.50983e+08 0
-1.50983e+08 0
-1.50983e+08 0
-1.50983e+08 0
-1.50983e+08 0
-1.50983e+08 0
-1.50983e+08 0
-1.50983e+08 0
-1.50983e+08 0
-1.50983e+08 0
-1.50983e+08 0
-1.50983e+08 0
-1.50983e+08 0
-1.50983e+08 0
-1.50983e+08 0
-1.50983e+08 0
-1.50983e+08 0
-1.50983e+08 0
-1.50983e+08 0
-1.50983e+08 0
-1.50983e+08 0
-1.50983e+08 0
-1.50983e+08 0
-1.50983e+08 0
-1.50983e+08 0
-1.50983e+08 0
-1.50983e+08 0
-1.50983e+08 0
-1.50983e+08 0
-1.50983e+08 0
-1.50983e+08 0
-1.50983e+08 0
-1.50983e+08 0
-1.50983e+08 0
-1.50983e+08 0
-1.50983e+08 0
-1.50983e+08 0
-1.50983e+08 0
-1.50983e+08 0
-1.50983e+08 0
-1.50983e+08 0
-1.50983e+08 0
-1.50983e+08 0
-1.50983e+08 0
-1.50983e+08 0
-1.50983e+08 0
-1.50983e+08 0
-1.50983e+08 0
-1.50983e+08 0
-1.50983e+08 0
-1.50983e+08 0
-1.50983e+08 0
-1.50983e+08 0
-1.50983e+08 0
-1.50983e+08 0
-1.50983e+08 0
-1.50983e+08 0
-1.50983e+08 0
-1.50983e+08 0
-1.50983e+08 0
-1.50983e+08 0
-1.50983e+08 0
-1.50983e+08 0
-1.50983e+08 0
-1.50983e+08 0
-1.50983e+08 0
-1.50983e+08 0
-1.50983e+08 0
-1.50983e+08 0
-1.50983e+08 0
-1.50983e+08 0
-1.50983e+08 0
-1.50983e+08 0
-1.50983e+08 0
