0 7.21775e-09
2.17108e+07 -2.17108e+07
4.34233e+07 -4.34233e+07
6.51156e+07 -6.51156e+07
8.57703e+07 -8.57703e+07
1.00845e+08 -1.00845e+08
1.10763e+08 -1.10763e+08
1.17906e+08 -1.17906e+08
1.23259e+08 -1.23259e+08
1.27227e+08 -1.27227e+08
1.30018e+08 -1.30018e+08
1.31893e+08 -1.31893e+08
1.33151e+08 -1.33151e+08
1.33954e+08 -1.33954e+08
1.34416e+08 -1.34416e+08
1.34614e+08 -1.34614e+08
1.34591e+08 -1.34591e+08
1.34382e+08 -1.34382e+08
1.34007e+08 -1.34007e+08
1.33487e+08 -1.33487e+08
1.3282e+08 -1.3282e+08
1.32012e+08 -1.32012e+08
1.31067e+08 -1.31067e+08
1.29983e+08 -1.29983e+08
1.28751e+08 -1.28751e+08
1.2737e+08 -1.2737e+08
1.25825e+08 -1.25825e+08
1.24118e+08 -1.24118e+08
1.22236e+08 -1.22236e+08
1.20172e+08 -1.20172e+08
1.17891e+08 -1.17891e+08
1.15359e+08 -1.15359e+08
1.12532e+08 -1.12532e+08
1.09362e+08 -1.09362e+08
1.05802e+08 -1.05802e+08
1.01748e+08 -1.01748e+08
9.70608e+07 -9.70608e+07
9.15586e+07 -9.15586e+07
8.49124e+07 -8.49124e+07
7.64861e+07 -7.64861e+07
6.48804e+07 -6.48804e+07
4.48811e+07 -4.48811e+07
1.51875e+07 -1.51875e+07
-1.17285e+07 1.17285e+07
-4.2858e+07 4.2858e+07
-6.86287e+07 0
-6.86287e+07 0
-6.86287e+07 0
-6.86287e+07 0
-6.86287e+07 0
-6.86287e+07 0
-6.86287e+07 0
-6.86287e+07 0
-6.86287e+07 0
-6.86287e+07 0
-6.86287e+07 0
-6.86287e+07 0
-6.86287e+07 0
-6.86287e+07 0
-6.86287e+07 0
-6.86287e+07 0
-6.86287e+07 0
-6.86287e+07 0
-6.86287e+07 0
-6.86287e+07 0
-6.86287e+07 0
-6.86287e+07 0
-6.86287e+07 0
-6.86287e+07 0
-6.86287e+07 0
-6.86287e+07 0
-6.86287e+07 0
-6.86287e+07 0
-6.86287e+07 0
-6.86287e+07 0
-6.86287e+07 0
-6.86287e+07 0
-6.86287e+07 0
-6.86287e+07 0
-6.86287e+07 0
-6.86287e+07 0
-6.86287e+07 0
-6.86287e+07 0
-6.86287e+07 0
-6.86287e+07 0
-6.86287e+07 0
-6.86287e+07 0
-6.86287e+07 0
-6.86287e+07 0
-6.86287e+07 0
-6.86287e+07 0
-6.86287e+07 0
-6.86287e+07 0
-6.86287e+07 0
-6.86287e+07 0
-6.86287e+07 0
-6.86287e+07 0
-6.86287e+07 0
-6.86287e+07 0
-6.86287e+07 0
-6.86287e+07 0
-6.86287e+07 0
-6.86287e+07 0
-6.86287e+07 0
-6.86287e+07 0
-6.86287e+07 0
-6.86287e+07 0
-6.86287e+07 0
-6.86287e+07 0
-6.86287e+07 0
-6.86287e+07 0
-6.86287e+07 0
-6.86287e+07 0
-6.86287e+07 0
-6.86287e+07 0
-6.86287e+07 0
-6.86287e+07 0
-6.86287e+07 0
-6.86287e+07 0
-6.86287e+07 0
-6.86287e+07 0
-6.86287e+07 0
-6.86287e+07 0
-6.86287e+07 0
-6.86287e+07 0
-6.86287e+07 0
-6.86287e+07 0
-6.86287e+07 0
-6.86287e+07 0
-6.86287e+07 0
-6.86287e+07 0
-6.86287e+07 0
-6.86287e+07 0
-6.86287e+07 0
-6.86287e+07 0
-6.86287e+07 0
-6.86287e+07 0
-6.86287e+07 0
-6.86287e+07 0
-6.86287e+07 0
-6.86287e+07 0
-6.86287e+07 0
-6.86287e+07 0
-6.86287e+07 0
-6.86287e+07 0
-6.86287e+07 0
-6.86287e+07 0
-6.86287e+07 0
-6.86287e+07 0
-6.86287e+07 0
-6.86287e+07 0
-6.86287e+07 0
-6.86287e+07 0
-6.86287e+07 0
-6.86287e+07 0
-6.86287e+07 0
-6.86287e+07 0
-6.86287e+07 0
-6.86287e+07 0
-6.86287e+07 0
-6.86287e+07 0
-6.86287e+07 0
-6.86287e+07 0
-6.86287e+07 0
-6.86287e+07 0
-6.86287e+07 0
-6.86287e+07 0
-6.86287e+07 0
-6.86287e+07 0
-6.86287e+07 0
-6.86287e+07 0
-6.86287e+07 0
-6.86287e+07 0
-6.86287e+07 0
-6.86287e+07 0
-6.86287e+07 0
-6.86287e+07 0
-6.86287e+07 0
-6.86287e+07 0
-6.86287e+07 0
-6.86287e+07 0
-6.86287e+07 0
-6.86287e+07 0
-6.86287e+07 0
-6.86287e+07 0
-6.86287e+07 0
-6.86287e+07 0
-6.86287e+07 0
-6.86287e+07 0
-6.86287e+07 0
-6.86287e+07 0
-6.86287e+07 0
-6.86287e+07 0
-6.86287e+07 0
-6.86287e+07 0
-6.86287e+07 0
-6.86287e+07 0
-6.86287e+07 0
-6.86287e+07 0
-6.86287e+07 0
-6.86287e+07 0
-6.86287e+07 0
-6.86287e+07 0
-6.86287e+07 0
-6.86287e+07 0
-6.86287e+07 0
-6.86287e+07 0
-6.86287e+07 0
-6.86287e+07 0
-6.86287e+07 0
-6.86287e+07 0
-6.86287e+07 0
-6.86287e+07 0
-6.86287e+07 0
-6.86287e+07 0
-6.86287e+07 0
-6.86287e+07 0
-6.86287e+07 0
-6.86287e+07 0
-6.86287e+07 0
-6.86287e+07 0
-6.86287e+07 0
-6.86287e+07 0
-6.86287e+07 0
-6.86287e+07 0
-6.86287e+07 0
-6.86287e+07 0
-6.86287e+07 0
-6.86287e+07 0
-6.86287e+07 0
-6.86287e+07 0
-6.86287e+07 0
-6.86287e+07 0
-6.86287e+07 0
-6.86287e+07 0
-6.86287e+07 0
-6.86287e+07 0
-6.86287e+07 0
-6.86287e+07 0
-6.86287e+07 0
-6.86287e+07 0
-6.86287e+07 0
-6.86287e+07 0
-6.86287e+07 0
-6.86287e+07 0
-6.86287e+07 0
-6.86287e+07 0
-6.86287e+07 0
-6.86287e+07 0
-6.86287e+07 0
-6.86287e+07 0
-6.86287e+07 0
-6.86287e+07 0
-6.86287e+07 0
-6.86287e+07 0
-6.86287e+07 0
-6.86287e+07 0
-6.86287e+07 0
-6.86287e+07 0
-6.86287e+07 0
-6.86287e+07 0
-6.86287e+07 0
-6.86287e+07 0
-6.86287e+07 0
-6.86287e+07 0
-6.86287e+07 0
-6.86287e+07 0
-6.86287e+07 0
-6.86287e+07 0
-6.86287e+07 0
-6.86287e+07 0
-6.86287e+07 0
-6.86287e+07 0
-6.86287e+07 0
-6.86287e+07 0
-6.86287e+07 0
-6.86287e+07 0
-6.86287e+07 0
-6.86287e+07 0
-6.86287e+07 0
-6.86287e+07 0
-6.86287e+07 0
-6.86287e+07 0
-6.86287e+07 0
-6.86287e+07 0
-6.86287e+07 0
-6.86287e+07 0
-6.86287e+07 0
-6.86287e+07 0
-6.86287e+07 0
-6.86287e+07 0
-6.86287e+07 0
-6.86287e+07 0
-6.86287e+07 0
-6.86287e+07 0
-6.86287e+07 0
-6.86287e+07 0
-6.86287e+07 0
-6.86287e+07 0
-6.86287e+07 0
-6.86287e+07 0
