0 -3.20269e-21
-1.5957e+07 -2.56667e-06
-3.16949e+07 -5.13333e-06
-4.72136e+07 -7.7e-06
-6.25079e+07 -1.02667e-05
-7.75628e+07 -1.28333e-05
-9.23202e+07 -1.54e-05
-1.06091e+08 -1.79667e-05
-1.18714e+08 -2.05333e-05
-1.29173e+08 -2.31e-05
-1.37434e+08 -2.56667e-05
-1.43906e+08 -2.82333e-05
-1.48777e+08 -3.08e-05
-1.52254e+08 -3.33667e-05
-1.54704e+08 -3.59333e-05
-1.56375e+08 -3.85e-05
-1.57464e+08 -4.10667e-05
-1.58091e+08 -4.36333e-05
-1.58343e+08 -4.62e-05
-1.58295e+08 -4.87667e-05
-1.58008e+08 -5.13333e-05
-1.57489e+08 -5.39e-05
-1.56799e+08 -5.64667e-05
-1.55928e+08 -5.90333e-05
-1.54919e+08 -6.16e-05
-1.53768e+08 -6.41667e-05
-1.52484e+08 -6.67333e-05
-1.51076e+08 -6.93e-05
-1.49548e+08 -7.18667e-05
-1.47898e+08 -7.44333e-05
-1.46125e+08 -7.7e-05
-1.44229e+08 -7.95667e-05
-1.42207e+08 -8.21333e-05
-1.40053e+08 -8.47e-05
-1.37766e+08 -8.72667e-05
-1.35343e+08 -8.98333e-05
-1.3278e+08 -9.24e-05
-1.30066e+08 -9.49667e-05
-1.27191e+08 -9.75333e-05
-1.24137e+08 -0.0001001
-1.20877e+08 -0.000102667
-1.17413e+08 -0.000105233
-1.13695e+08 -0.0001078
-1.09711e+08 -0.000110367
-1.05425e+08 -0.000112933
-1.00782e+08 -0.0001155
-9.57359e+07 -0.000118067
-9.02009e+07 -0.000120633
-8.40713e+07 -0.0001232
-7.71967e+07 -0.000125767
-6.93505e+07 -0.000128333
-6.01359e+07 -0.0001309
-4.87316e+07 -0.000133467
-3.34268e+07 -0.000136033
-8.26123e+06 -0.0001386
