0 4.00469e-08
1.86919e+07 -1.86919e+07
3.70329e+07 -3.70329e+07
5.48963e+07 -5.48963e+07
7.20354e+07 -7.20354e+07
8.79888e+07 -8.79888e+07
1.01906e+08 -1.01906e+08
1.12351e+08 -1.12351e+08
1.19077e+08 -1.19077e+08
1.22904e+08 -1.22904e+08
1.24326e+08 -1.24326e+08
1.23975e+08 -1.23975e+08
1.22255e+08 -1.22255e+08
1.19249e+08 -1.19249e+08
1.15184e+08 -1.15184e+08
1.10174e+08 -1.10174e+08
1.04288e+08 -1.04288e+08
9.75206e+07 -9.75206e+07
8.98455e+07 -8.98455e+07
8.1217e+07 -8.1217e+07
7.15831e+07 -7.15831e+07
6.08454e+07 -6.08454e+07
4.87149e+07 -4.87149e+07
3.48189e+07 -3.48189e+07
1.87023e+07 -1.87023e+07
-784919 784919
-2.85125e+07 2.85125e+07
