-25.8653 27.347 -1.48909 25.8653 -27.347 5.86461
-15.43 36.4798 -2.24868 15.43 -36.4798 8.08546
-29.0861 23.4371 -0.804396 29.0861 -23.4371 4.55433
4071.27 -7624.95 2000.33 -4071.27 7624.95 -3220.33
6891.53 -16687.5 4248.56 -6891.53 16687.5 -6918.56
9619.23 -28575.5 6405.23 -9619.23 28575.5 -10977.3
13120.1 -44873.5 7941.71 -13120.1 44873.5 -15121.5
26892.3 -54221.6 11223 -26892.3 54221.6 -19898.4
13482.2 -53605.1 11995.4 -13482.2 53605.1 -20572.2
26707.1 -59123.6 13870.1 -26707.1 59123.6 -23329.9
36670 -66169.3 14541.1 -36670 66169.3 -25128.2
48680 -72323 14740.9 -48680 72323 -26312.6
62191.1 -81513.7 14528.7 -62191.1 81513.7 -27570.9
79136.3 -94673.7 13952.2 -79136.3 94673.7 -29100
103018 -109133 13652.1 -103018 109133 -31113.4
127254 -123329 13365.9 -127254 123329 -33098.6
152074 -139318 12928.1 -152074 139318 -35218.9
178019 -157209 12436 -178019 157209 -37589.4
199514 -177244 11637 -199514 177244 -39996.1
222265 -197433 10891.6 -222265 197433 -42480.9
240013 -212077 10413.5 -240013 212077 -44345.8
246986 -207982 10979.2 -246986 207982 -44256.3
262536 -216202 10977.2 -262536 216202 -45569.6
