9.20307e-09 6.08558e-09
9.31384e-09 7.19628e-09
9.06564e-09 5.47355e-09
-2.03471e-06 2.50681e-05
-4.38266e-06 4.49327e-05
-7.41518e-06 6.38512e-05
-1.23755e-05 8.36832e-05
-1.73667e-05 0.00011271
-1.62469e-05 0.000107948
-1.96996e-05 0.000167545
-2.32022e-05 0.000210482
-2.58931e-05 0.000290344
-2.96122e-05 0.000391314
-3.4793e-05 0.000529209
-4.05625e-05 0.000662979
-4.61917e-05 0.00084121
-5.2217e-05 0.00108861
-5.79262e-05 0.00131141
-6.35336e-05 0.00156046
-6.7427e-05 0.00176177
-6.92722e-05 0.00193746
-6.95938e-05 0.00209427
-7.01136e-05 0.00213609
