-23355.9 37.8214
-22848.6 39.7964
-22957.5 39.2793
-50650.7 -133.081
-51127.2 -134.859
-51160.2 -140.435
-59434.4 -132.843
-59454.5 -134.458
-59490.7 -133.222
-59453.1 -133.038
-59452.7 -133.071
-59453.7 -133.034
-67001.4 352.368
-76002.4 665.96
-87812.8 974.124
-107062 872.933
-126217 782.153
-121876 1589.02
-134768 2627.37
-149132 2339.65
-158285 3269.54
-173337 2668.1
-192234 3491.8
-214221 3606.86
-234694 3922.3
-256078 3988.89
-276096 3823.93
-294976 3454.7
-308007 3004.65
-312978 2417.17
-312215 2003.1
-314507 1711.84
