-35.0169 0.224183 -0.0351206 35.0169 -0.224183 0.060743
-35.464 0.267639 -0.0162223 35.464 -0.267639 0.0468114
-34.4573 0.229908 -0.064593 34.4573 -0.229908 0.0908697
7327.09 -231.636 164.019 -7327.09 231.636 -190.493
15839.2 -457.009 373.638 -15839.2 457.009 -425.87
26918.4 -652.394 618.542 -26918.4 652.394 -693.106
45033.5 -781.909 906.337 -45033.5 781.909 -995.704
63225.1 -936.114 1300.06 -63225.1 936.114 -1407.05
58756.7 -826.494 1589.89 -58756.7 826.494 -1684.35
71053.8 -943.998 2111.31 -71053.8 943.998 -2219.2
83494.2 -863.875 2502.8 -83494.2 863.875 -2601.53
92548 -702.41 3045.32 -92548 702.41 -3125.6
105171 -561.012 3611.34 -105171 561.012 -3675.46
123340 -319.9 4092.45 -123340 319.9 -4129.02
143674 -325.441 4477.14 -143674 325.441 -4514.34
162697 -283.887 4990.9 -162697 283.887 -5023.34
182317 -145.098 5512.68 -182317 145.098 -5529.26
200409 -52.5031 6048.5 -200409 52.5031 -6054.5
217207 49.7793 6595.96 -217207 -49.7793 -6590.27
228346 180.799 7202.54 -228346 -180.799 -7181.88
231529 252.954 7899.06 -231529 -252.954 -7870.15
229349 381.588 8621.4 -229349 -381.588 -8577.78
230043 577.43 9489.98 -230043 -577.43 -9423.98
