9.22366e-09 -4.33361e-09
9.34679e-09 -8.56578e-09
9.08376e-09 -3.50059e-09
-1.84838e-06 -5.80482e-05
-4.01957e-06 -0.000120306
-6.87848e-06 -0.000176911
-1.15487e-05 -0.000211792
-1.63526e-05 -0.00024997
-1.50092e-05 -0.000309868
-1.82919e-05 -0.000384039
-2.15892e-05 -0.000425022
-2.4001e-05 -0.000486691
-2.73453e-05 -0.000542083
-3.215e-05 -0.000596681
-3.75058e-05 -0.000649695
-4.25189e-05 -0.000717659
-4.76913e-05 -0.00078232
-5.2451e-05 -0.000847908
-5.68766e-05 -0.000914018
-5.98334e-05 -0.000983061
-6.0727e-05 -0.00106513
-6.03228e-05 -0.0011388
-6.07406e-05 -0.00122139
