-35.0238 -0.285182 -0.0543351 35.0238 0.285182 0.0228505
-35.459 -0.294976 -0.0494966 35.459 0.294976 0.0169308
-34.4939 -0.282648 -0.0560131 34.4939 0.282648 0.0248082
7841.72 89.9589 -308.49 -7841.72 -89.9589 318.422
16922.8 212.818 -624.888 -16922.8 -212.818 648.383
28646.3 364.773 -974.751 -28646.3 -364.773 1015.02
47042.2 -29.7244 -1185.37 -47042.2 29.7244 1182.09
65348.5 191.717 -1518.79 -65348.5 -191.717 1539.96
62068.9 -419.68 -1848.94 -62068.9 419.68 1802.61
76607.3 -524.924 -2833.33 -76607.3 524.924 2775.38
89725.2 1979.01 -2961.75 -89725.2 -1979.01 3180.23
100021 2747.36 -3680.21 -100021 -2747.36 3983.52
113875 2482.69 -4418.36 -113875 -2482.69 4692.45
132658 1805.92 -4671.34 -132658 -1805.92 4870.72
153031 2389.05 -4138.06 -153031 -2389.05 4401.82
172746 4052.99 -4213.4 -172746 -4052.99 4660.86
194071 9974.75 -4445.86 -194071 -9974.75 5547.09
214130 11919.3 -5892.08 -214130 -11919.3 7207.99
233083 13258.9 -6861.14 -233083 -13258.9 8324.94
246161 13971.9 -7753.08 -246161 -13971.9 9295.6
251421 10737.9 -8743.47 -251421 -10737.9 9928.95
249703 4487.21 -8368.34 -249703 -4487.21 8863.73
252383 4542.25 -9007.88 -252383 -4542.25 9509.35
