9.23074e-09 -4.47883e-09
9.34905e-09 -6.76589e-09
9.08505e-09 -1.49237e-09
-2.01587e-06 1.86544e-05
-4.38737e-06 5.07472e-05
-7.45456e-06 8.69511e-05
-1.23111e-05 9.263e-05
-1.69852e-05 4.4738e-05
-1.64896e-05 0.000246157
-1.97838e-05 0.000234535
-2.3243e-05 0.000267712
-2.5775e-05 0.000271316
-2.93813e-05 0.000328483
-3.41756e-05 0.000290253
-3.94322e-05 0.000203504
-4.43701e-05 0.000118352
-4.94431e-05 2.20069e-05
-5.40961e-05 -8.66331e-05
-5.84244e-05 -0.00019149
-6.12368e-05 -0.000322723
-6.20602e-05 -0.000443713
-6.155e-05 -0.000554543
-6.18292e-05 -0.000661415
