-23518 -352.879
-23019.8 -358.627
-23129.2 -359.504
-51020.3 -857.716
-51500.8 -861.173
-51532.4 -860.788
-59904.8 -1031.26
-59924 -1021.38
-59961.2 -1021.24
-59924.2 -1021.15
-59922.4 -1019.83
-59925.3 -1021.73
-67490.3 -376.113
-76702.5 -148.744
-88717.6 46.4425
-108229 201.176
-126550 1863.93
-122741 858.802
-135118 2183.14
-147888 3452.98
-157831 3551.19
-172287 3281.74
-191194 3369.24
-213213 3593.29
-233658 4631.49
-254351 5620.78
-273543 6214.04
-291628 6632.55
-303197 7740.67
-306914 7941.31
-306965 6833.33
-307979 7377.89
