-23399.8 -242.874
-22892.3 -240.722
-23001.2 -241.349
-50718.5 -451.191
-51203 -484.916
-51233.6 -484.515
-59541.1 -564.97
-59560.6 -566.419
-59597.7 -566.843
-59560 -566.573
-59559.6 -566.576
-59560.6 -566.573
-67192.6 -154.82
-76102.7 258.925
-87749.2 702.055
-106913 1036.95
-125917 1480.22
-120904 2140.31
-133407 3570.84
-147205 3461.85
-157021 4057.1
-170178 5100.95
-189295 5762.02
-212399 4867.71
-234051 4257.16
-256588 3502.34
-274961 4957.57
-292681 5864.2
-304090 6988.21
-305533 9026.83
-302513 10117.5
-303175 11287.1
