-4647.08 101.915
-5550.4 270.896
-5587.2 271.781
-11448.3 620.399
-11786.1 623.937
-11814 623.558
-13464.4 745.217
-13352.5 751.343
-13372.6 751.452
-13342.6 751.459
-13353.6 751.218
-13339.2 751.245
-20081.8 707.825
-28061.8 805.797
-37843.3 946.473
-48786.2 837.698
-67188.6 1459.36
-63444.7 1451.02
-86054.5 1417.77
-102925 1659.64
-120266 1693.86
-139034 1728.58
-162659 1770.22
-192056 1739.09
-223607 1685.5
-255562 1606.48
-287971 1640.17
-313623 1692.2
-339569 1635.46
-358454 1653.85
-368363 1614.08
-383953 1522.41
