-4674.81 125.944
-5552.3 270.292
-5589.1 271.213
-11450 624.367
-11788.5 625.666
-11816.4 625.079
-13466.9 747.706
-13355 753.213
-13375 753.311
-13345 753.367
-13356.1 753.046
-13341.6 753.152
-20029.7 772.629
-27977.7 908.22
-37687.6 1131.75
-48691.4 952.54
-67035.2 1642.08
-63118.8 1832.99
-85710.5 1820.67
-102478 2181.57
-119796 2242.45
-138592 2243.59
-162140 2374.78
-191572 2303.33
-223178 2186.42
-255202 2027.91
-287643 2024.29
-313307 2063.5
-339273 1982.71
-358159 2000.49
-368071 1956.27
-383705 1814.15
