-5.7518e-06 2.99934e-06
-5.6278e-06 3.20123e-06
-5.65445e-06 3.18109e-06
-1.25188e-05 1.82355e-05
-1.26254e-05 1.59859e-05
-1.26333e-05 1.60675e-05
-1.46901e-05 2.15904e-05
-1.46955e-05 2.17279e-05
-1.47045e-05 2.17196e-05
-1.46953e-05 2.17201e-05
-1.46952e-05 2.17162e-05
-1.46955e-05 2.17223e-05
-1.6696e-05 2.83957e-05
-1.90559e-05 5.59148e-05
-2.21082e-05 8.61648e-05
-2.70605e-05 0.000124041
-3.19936e-05 0.000142638
-3.08388e-05 0.000130006
-3.40912e-05 7.99941e-05
-3.74226e-05 5.98561e-05
-3.98408e-05 1.01847e-05
-4.31876e-05 -5.01104e-05
-4.78924e-05 -0.000131243
-5.31775e-05 -0.000210596
-5.81322e-05 -0.000292785
-6.32185e-05 -0.000386963
-6.79164e-05 -0.000477384
-7.22978e-05 -0.000559697
-7.5167e-05 -0.000666269
-7.6022e-05 -0.000770936
-7.54771e-05 -0.000881048
-7.57287e-05 -0.00100341
