-23424.3 -184.837
-22916 -185.546
-23024.6 -183.887
-50771.7 -472.498
-51248.5 -479.188
-51280.2 -481.181
-59588.9 -575.275
-59608.3 -579.42
-59645.6 -580.426
-59608 -580.241
-59607.6 -580.26
-59608.6 -580.229
-68116.6 -1014.71
-77958.2 -1501.5
-90515.8 -1949.4
-110141 -2049.23
-129335 -2188.97
-126846 -3320.78
-140890 -3664.43
-155171 -3991.39
-165832 -4333.22
-180611 -4827.54
-200910 -5337.06
-223427 -5724.99
-244545 -5978.17
-266566 -6469.75
-286961 -6883.14
-305763 -7147.03
-318559 -7315.07
-323511 -7789.71
-322854 -8182.2
-325438 -8636.81
