9.23454e-09 -9.64974e-09
9.35404e-09 -1.22845e-08
9.08924e-09 -6.60144e-09
-2.0105e-06 1.66349e-05
-4.38094e-06 4.80636e-05
-7.44818e-06 8.37716e-05
-1.23279e-05 9.33646e-05
-1.71655e-05 5.04915e-05
-1.65292e-05 0.000262825
-1.97433e-05 0.000213477
-2.31836e-05 0.000239958
-2.5704e-05 0.000236234
-2.9272e-05 0.000275723
-3.40456e-05 0.000226773
-3.92899e-05 0.000132506
-4.42123e-05 3.89021e-05
-4.92719e-05 -6.4912e-05
-5.39208e-05 -0.000176804
-5.82478e-05 -0.000283454
-6.10627e-05 -0.000414481
-6.18967e-05 -0.000530861
-6.14008e-05 -0.000634761
-6.16902e-05 -0.000736713
