9.20159e-09 7.98683e-09
9.32063e-09 5.24019e-09
9.05357e-09 1.19343e-08
-1.92727e-06 -1.95131e-05
-4.16559e-06 -4.41482e-05
-7.08349e-06 -7.33423e-05
-1.1855e-05 -0.000110129
-1.66418e-05 -0.000160636
-1.54305e-05 -0.000201862
-1.86136e-05 -0.000274747
-2.18744e-05 -0.000328806
-2.42448e-05 -0.00040477
-2.7563e-05 -0.000485505
-3.22929e-05 -0.000553396
-3.76434e-05 -0.000605059
-4.26219e-05 -0.000675474
-4.77563e-05 -0.000748126
-5.24911e-05 -0.000822338
-5.68898e-05 -0.00089809
-5.9825e-05 -0.000982652
-6.07509e-05 -0.00107751
-6.03835e-05 -0.00117326
-6.08436e-05 -0.00128786
