9.89866e-09 -5.17032e-07
4.96794e-09 -5.54295e-08
1.10284e-08 1.90302e-07
-1.75745e-06 4.26351e-05
-3.85291e-06 8.15933e-05
-6.50676e-06 0.000156325
-9.02061e-06 0.000102949
-1.39328e-05 0.000219582
-1.27497e-05 0.000376501
-1.87758e-05 0.000382594
-2.33084e-05 0.000495447
-2.76963e-05 0.000524489
-3.24042e-05 0.000510821
-3.85577e-05 0.000583728
-4.57388e-05 0.000566584
-5.34005e-05 0.000532526
-6.11204e-05 0.000485079
-6.9084e-05 0.000477675
-7.54306e-05 0.000485772
-8.17772e-05 0.000475969
-8.64564e-05 0.000486157
-8.88804e-05 0.000483979
-9.25992e-05 0.000447743
