-28.2306 -0.054089 0.173249 28.2306 0.054089 -0.178009
-18.104 0.0341037 0.160991 18.104 -0.0341037 -0.15799
-31.8114 -0.0530031 0.324725 31.8114 0.0530031 -0.329389
6101.14 -65.9685 115.86 -6101.14 65.9685 -121.666
13688.2 -106.326 90.2694 -13688.2 106.326 -99.626
22941.7 -195.129 107.511 -22941.7 195.129 -124.682
33209 -119.689 27.2558 -33209 119.689 -37.7884
51413.4 -192.402 -327.499 -51413.4 192.402 310.568
47434.7 -405.966 27.6236 -47434.7 405.966 -63.3486
68601.1 -428.381 16.6463 -68601.1 428.381 -54.3438
84612.3 -555.96 6.36918 -84612.3 555.96 -55.2937
100923 -584.531 -23.8182 -100923 584.531 -27.6205
118710 -548.544 -160.904 -118710 548.544 112.632
140805 -644.516 -108.361 -140805 644.516 51.6434
168495 -601.282 -245.324 -168495 601.282 192.411
198225 -533.4 -412.889 -198225 533.4 365.95
228329 -448.202 -592.163 -228329 448.202 552.721
258954 -408.198 -776.323 -258954 408.198 740.401
283201 -394.447 -910.622 -283201 394.447 875.91
307566 -368.665 -992.407 -307566 368.665 959.965
325363 -368.008 -1063.02 -325363 368.008 1030.64
334627 -363.236 -1074.17 -334627 363.236 1042.2
349250 -309.153 -1146.07 -349250 309.153 1118.87
