-23408 17.8074
-22895.5 29.3913
-23004.4 29.5717
-50696.7 88.5367
-51174.1 89.7768
-51205.4 90.3961
-59490.5 117.291
-59509.3 121.087
-59546.3 121.09
-59507.9 122.078
-59507.3 122.245
-59508.5 122.081
-67190.2 514.404
-76246.9 807.206
-88110.5 1111.23
-107474 1436.5
-126930 2046.6
-122628 1613.5
-135785 2273.68
-149683 2079.91
-159456 2536.19
-173893 2227.72
-193741 2364.63
-214802 3536.5
-234923 4059.13
-255136 5281.31
-273911 6437
-291833 7001.7
-302855 8462.9
-306481 9002.38
-304279 10372.6
-305668 11889.5
