23397.7 -311.057 39.1831 -23397.7 311.057 -74.8438
22889.3 -296.579 37.034 -22889.3 296.579 -71.0349
22998.3 -297.96 37.7065 -22998.3 297.96 -71.8657
50708.7 -858.278 165.011 -50708.7 858.278 -263.407
51185.9 -846.784 160.856 -51185.9 846.784 -257.934
51217.6 -853.469 163.301 -51217.6 853.469 -261.146
59509.9 -892.046 207.073 -59509.9 892.046 -309.34
59529.7 -907.807 208.678 -59529.7 907.807 -312.752
59566.3 -891.993 207.603 -59566.3 891.993 -309.864
59528.6 -891.576 207.266 -59528.6 891.576 -309.479
59528.2 -891.575 207.301 -59528.2 891.575 -309.514
59529.1 -891.573 207.277 -59529.1 891.573 -309.49
67068.4 -871.131 -293.579 -67068.4 871.131 193.71
76008 -1062.56 -682.224 -76008 1062.56 560.408
87827.8 -937.676 -977.71 -87827.8 937.676 870.212
106995 -1092.8 -915.182 -106995 1092.8 789.9
126384 1496.71 -1152.52 -126384 -1496.71 1324.11
121090 1560.64 -2327.68 -121090 -1560.64 2506.59
134682 -632.917 -2285.25 -134682 632.917 2212.69
148174 -3572.21 -3067.89 -148174 3572.21 2658.36
157129 -2588.96 -4150.02 -157129 2588.96 3853.22
171194 -6638.52 -4426.57 -171194 6638.52 3665.5
189773 -5717.21 -5647.72 -189773 5717.21 4992.28
210402 -8422.32 -7416.34 -210402 8422.32 6450.78
229924 -9779.61 -9056.06 -229924 9779.61 7934.89
250089 -11925 -10541.9 -250089 11925 9174.73
268999 -13610 -11774.2 -268999 13610 10213.9
286653 -16040.4 -12941.6 -286653 16040.4 11102.7
298331 -18494.3 -14307.8 -298331 18494.3 12187.5
301881 -21580.9 -15859 -301881 21580.9 13384.9
299399 -24559.3 -17919.4 -299399 24559.3 15103.9
300402 -26898.7 -19318.4 -300402 26898.7 16234.7
