4661.4 -127.7 99.8827 -4661.4 127.7 -111.12
5551.31 1.03899 -271.874 -5551.31 -1.03899 271.965
5588.11 0.980514 -272.701 -5588.11 -0.980514 272.788
11446.3 -6.31425 -614.512 -11446.3 6.31425 613.956
11787.5 -2.67537 -621.321 -11787.5 2.67537 621.085
11815.4 -2.33913 -621.264 -11815.4 2.33913 621.058
13465.7 -3.84192 -741.436 -13465.7 3.84192 741.098
13353.9 -2.87952 -748.522 -13353.9 2.87952 748.268
13374 -2.86151 -748.648 -13374 2.86151 748.396
13344.1 -2.94214 -748.577 -13344.1 2.94214 748.318
13355 -2.80982 -748.464 -13355 2.80982 748.217
13340.7 -2.94076 -748.365 -13340.7 2.94076 748.106
20160.1 -104.608 -607.648 -20160.1 104.608 598.442
28193.7 -165.689 -647.093 -28193.7 165.689 632.512
38096.9 -300.188 -658.761 -38096.9 300.188 632.344
48936.3 -185.909 -659.61 -48936.3 185.909 643.25
67438.4 -296.05 -1175.62 -67438.4 296.05 1149.57
63987.1 -619.507 -857.027 -63987.1 619.507 802.51
86627.6 -653.465 -791.2 -86627.6 653.465 733.695
103673 -846.686 -847.739 -103673 846.686 773.231
121053 -889.954 -840.456 -121053 889.954 762.14
139771 -835.447 -927.462 -139771 835.447 853.942
163528 -980.802 -829.671 -163528 980.802 743.361
192866 -915.319 -861.35 -192866 915.319 780.802
224324 -812.511 -906.362 -224324 812.511 834.861
256163 -683.477 -951.094 -256163 683.477 890.948
288516 -622.889 -1042.89 -288516 622.889 988.079
314150 -602.062 -1114.9 -314150 602.062 1061.92
340060 -563.014 -1095.61 -340060 563.014 1046.06
358945 -562.018 -1114.96 -358945 562.018 1065.5
368847 -554.788 -1082.12 -368847 554.788 1033.3
384363 -472.883 -1069.02 -384363 472.883 1027.4
