9.17597e-09 1.93291e-08
9.29659e-09 1.59812e-08
9.03906e-09 1.84647e-08
-2.0909e-06 4.9572e-05
-4.48959e-06 9.46527e-05
-7.54789e-06 0.000129825
-1.22692e-05 0.000136395
-1.71591e-05 0.000174069
-1.64587e-05 0.000280413
-1.98002e-05 0.00029309
-2.34293e-05 0.000396192
-2.62013e-05 0.000491518
-2.98108e-05 0.000559362
-3.49567e-05 0.000670965
-4.09693e-05 0.000879658
-4.65912e-05 0.0010439
-5.23819e-05 0.00121766
-5.76303e-05 0.00133199
-6.26565e-05 0.00146925
-6.6382e-05 0.00162192
-6.8272e-05 0.00179216
-6.90606e-05 0.00199562
-7.02447e-05 0.00214237
