-4642.26 212.261
-5551.24 267.416
-5588.02 268.532
-11443 646.097
-11786.8 635.509
-11814.7 633.821
-13465.1 761.694
-13353.2 763.929
-13373.2 763.969
-13342.9 764.291
-13354.4 763.538
-13339.6 764.069
-19731.6 1117.09
-27502.2 1452.21
-36799.9 2115.78
-48178.3 1560.87
-66361.4 2602.06
-61484.8 3888.99
-83848.2 3969.5
-100032 4962.08
-117451 5146.01
-136322 4976.92
-159522 5565.51
-189002 5290.58
-220895 4838.57
-253283 4259.49
-285895 4058.47
-311617 4029.86
-337693 3821.82
-356582 3836.37
-366515 3768.59
-382379 3359.51
