-35.107 -0.382883 0.0159578 35.107 0.382883 -0.0598529
-35.5544 -0.400839 0.0317428 35.5544 0.400839 -0.0776964
-34.5565 -0.374718 -0.00485386 34.5565 0.374718 -0.0381051
7646 -116.731 -130.866 -7646 116.731 117.484
16628.5 -160.73 -355.26 -16628.5 160.73 336.833
28252.3 -197.253 -607.781 -28252.3 197.253 585.167
46715.4 28.5641 -639.328 -46715.4 -28.5641 642.602
64546.8 323.031 -291.957 -64546.8 -323.031 328.991
62548.7 970.094 -1699.19 -62548.7 -970.094 1810.41
75032.8 -1331.99 -1646.67 -75032.8 1331.99 1493.96
88141.8 -1745.6 -1882.99 -88141.8 1745.6 1682.87
97753.2 -2203.69 -1912.67 -97753.2 2203.69 1660.03
111412 -3301.43 -2326.33 -111412 3301.43 1947.84
129682 -4001.06 -2061.51 -129682 4001.06 1602.82
149781 -4489.91 -1449.21 -149781 4489.91 934.467
168668 -5037.3 -849.263 -168668 5037.3 271.77
188082 -5523.65 -169.313 -188082 5523.65 -463.937
205912 -5748.3 600.382 -205912 5748.3 -1259.39
222502 -5881.6 1344.2 -222502 5881.6 -2018.48
233356 -5886.23 2274.16 -233356 5886.23 -2948.98
236630 -5605.15 3133.16 -236630 5605.15 -3775.75
234819 -5169.3 3920.82 -234819 5169.3 -4513.45
236006 -4860.78 4679.85 -236006 4860.78 -5237.11
