9.23666e-09 -8.42867e-09
9.36411e-09 -1.47954e-08
9.09878e-09 -8.75811e-09
-1.98905e-06 5.81765e-06
-4.35126e-06 3.31426e-05
-7.41049e-06 6.57605e-05
-1.2353e-05 9.62683e-05
-1.72498e-05 9.42012e-05
-1.63698e-05 0.000209186
-1.95307e-05 0.000117926
-2.28988e-05 0.000113828
-2.53507e-05 7.93985e-05
-2.876e-05 4.75125e-05
-3.34673e-05 -3.15736e-05
-3.87013e-05 -0.000132782
-4.36133e-05 -0.000233637
-4.86643e-05 -0.000343479
-5.3332e-05 -0.000448159
-5.7685e-05 -0.000544043
-6.05327e-05 -0.000660833
-6.13938e-05 -0.000763523
-6.08884e-05 -0.000860965
-6.11461e-05 -0.000963768
