23446.9 -260.364 279.603 -23446.9 260.364 -309.358
22938.6 -254.651 277.909 -22938.6 254.651 -307.01
23047.7 -255.567 278.764 -23047.7 255.567 -307.97
50751.4 -765.62 368.122 -50751.4 765.62 -455.617
51232.6 -737.861 384.855 -51232.6 737.861 -469.177
51262.5 -769.039 377.298 -51262.5 769.039 -465.184
59567.4 -766.124 483.371 -59567.4 766.124 -570.924
59586.4 -766.853 481.666 -59586.4 766.853 -569.302
59624 -765.891 484.707 -59624 765.891 -572.233
59586.3 -765.078 484.422 -59586.3 765.078 -571.854
59585.9 -765.086 484.451 -59585.9 765.086 -571.884
59586.9 -765.094 484.431 -59586.9 765.094 -571.866
67131.2 -784.618 -13.6077 -67131.2 784.618 -76.0581
75945.9 -944.705 -534.756 -75945.9 944.705 426.795
87711.6 -825.966 -818.639 -87711.6 825.966 724.248
106827 -916.825 -858.055 -106827 916.825 753.28
125437 -1505.8 -1374.31 -125437 1505.8 1202.22
120836 -1363.94 -2105.84 -120836 1363.94 1949.97
134071 -727.48 -2607.18 -134071 727.48 2524.04
146538 -975.755 -3833.3 -146538 975.755 3721.79
156153 -421.221 -4562.99 -156153 421.221 4514.85
169108 -1197.66 -5846.03 -169108 1197.66 5709.17
187781 -1660 -7001.7 -187781 1660 6812
208778 -1925.54 -9320.2 -208778 1925.54 9100.15
228215 -1774.82 -10994.6 -228215 1774.82 10791.7
248403 993.957 -12561.9 -248403 -993.957 12675.5
266870 -2788.42 -14218.9 -266870 2788.42 13900.3
283774 -3247.67 -16232.2 -283774 3247.67 15861
294612 -4158.57 -18259.2 -294612 4158.57 17783.9
295670 -9092.06 -21834.8 -295670 9092.06 20795.8
291780 -6761.61 -24041.1 -291780 6761.61 23268.4
290895 -8245.56 -26360 -290895 8245.56 25417.7
