-23228.9 -2031.63
-22730.2 -2284.66
-22840.3 -2293.69
-50658.6 -5348.39
-51140.4 -5310.87
-51171.1 -5301.51
-59509.1 -6293.56
-59531.2 -6314.21
-59567.8 -6315.72
-59529 -6312.99
-59540.3 -6311.44
-59518.8 -6313.76
-67636.5 -5888.23
-77101.1 -5683.42
-89571.6 -7165.14
-99664.3 -8682.18
-109018 -13420.7
-126668 -9965.3
-139317 -11896.7
-153739 -12398.6
-164302 -11942.6
-178470 -10682.2
-198631 -13322.9
-221022 -13279.6
-247084 -13963
-263287 -11459.4
-281552 -10378
-293526 -10283.5
-302380 -9452.45
-311211 -8848.45
-322505 -9596.58
-262363 -4106.19
