-23372.9 -14.9351
-22865.5 -15.6394
-22974.5 -16.1941
-50619.6 43.8929
-51101.4 24.4248
-51132.4 26.0525
-59394.8 73.0316
-59414 71.5935
-59450.9 72.0495
-59413.2 72.278
-59412.8 72.2524
-59413.8 72.32
-67754.3 -216.548
-77451.1 -579.845
-89993.9 -1008.51
-110192 -1535.2
-130760 -2223.09
-126730 -2640.59
-141321 -3492.75
-155722 -4143.49
-166960 -4999.55
-182115 -5903.18
-202884 -6715.5
-225701 -7399.74
-247485 -8269.01
-269923 -9151.75
-290772 -10048.1
-310284 -10953.3
-323989 -11907.7
-329797 -12920.5
-330262 -13908.7
-334107 -15129.1
