-27.9562 -0.0530094 -0.0581496 27.9562 0.0530094 0.0534848
-18.3452 0.0339251 0.307106 18.3452 -0.0339251 -0.30412
-31.4999 -0.0515879 0.0998531 31.4999 0.0515879 -0.104393
6480.28 -68.0093 -177.259 -6480.28 68.0093 171.274
14300.4 -108.279 -377.676 -14300.4 108.279 368.148
24051.4 -199.157 -746.011 -24051.4 199.157 728.485
33907.4 -122.496 -497.835 -33907.4 122.496 487.055
52548.1 -209.94 -1167.41 -52548.1 209.94 1148.93
49967.2 -414.019 -1725.19 -49967.2 414.019 1688.76
71035.5 -514.613 -1850.82 -71035.5 514.613 1805.53
87739.7 -715.196 -2419.28 -87739.7 715.196 2356.35
104247 -633.603 -2567.43 -104247 633.603 2511.68
121839 -544.76 -2545.93 -121839 544.76 2497.99
144475 -647.809 -2910.27 -144475 647.809 2853.26
171921 -604.698 -2859.81 -171921 604.698 2806.59
201265 -536.705 -2732.97 -201265 536.705 2685.74
230886 -451.481 -2542.75 -230886 451.481 2503.02
261285 -411.487 -2553.47 -261285 411.487 2517.26
285454 -397.748 -2628.17 -285454 397.748 2593.16
309673 -371.966 -2598.15 -309673 371.966 2565.42
327466 -371.315 -2665.93 -327466 371.315 2633.26
336703 -366.541 -2656.38 -336703 366.541 2624.12
351020 -312.443 -2493.74 -351020 312.443 2466.24
