23430.4 -124.913 211.592 -23430.4 124.913 -225.905
22920.2 -55.1288 204.377 -22920.2 55.1288 -210.694
23029.3 -54.9676 205.002 -23029.3 54.9676 -211.3
50764.3 -124.537 479.783 -50764.3 124.537 -494.053
51244.5 -96.1983 491.693 -51244.5 96.1983 -502.716
51275.3 -97.9246 490.165 -51275.3 97.9246 -501.385
59574 -139.717 566.305 -59574 139.717 -582.315
59593.2 -135.151 566.144 -59593.2 135.151 -581.63
59630.3 -135.698 566.59 -59630.3 135.698 -582.139
59592.7 -135.481 566.372 -59592.7 135.481 -581.896
59592.2 -135.429 566.347 -59592.2 135.429 -581.865
59593.3 -135.445 566.379 -59593.3 135.445 -581.899
67504 191.938 449.021 -67504 -191.938 -427.028
76782.3 566.562 420.463 -76782.3 -566.562 -355.544
88879 959.302 423.436 -88879 -959.302 -313.515
108645 1320.06 439.281 -108645 -1320.06 -288.024
128433 1696.82 391.764 -128433 -1696.82 -197.337
124177 2142.72 655.242 -124177 -2142.72 -409.722
137351 2580.69 235.165 -137351 -2580.69 60.5399
150738 2397.12 -100.676 -150738 -2397.12 375.347
159755 1578.53 -1370.42 -159755 -1578.53 1551.29
173437 2654.8 -1772.51 -173437 -2654.8 2076.71
191588 1533.1 -3470.6 -191588 -1533.1 3646.27
212820 3935.1 -4235.37 -212820 -3935.1 4686.27
232039 4307.21 -5733.11 -232039 -4307.21 6226.64
251595 5970.58 -7635.58 -251595 -5970.58 8319.71
270010 8459.48 -9340.28 -270010 -8459.48 10309.6
286747 9362.22 -11802.6 -286747 -9362.22 12875.4
297452 10013.5 -14437 -297452 -10013.5 15584.3
299689 9515.25 -17158.5 -299689 -9515.25 18248.8
295294 8638.26 -20492.3 -295294 -8638.26 21482.1
294705 7608.83 -22752.3 -294705 -7608.83 23624.2
