9.18448e-09 1.59915e-08
9.29726e-09 1.60158e-08
9.04414e-09 1.66616e-08
-1.95205e-06 -1.14905e-05
-4.219e-06 -2.67673e-05
-7.16755e-06 -4.46534e-05
-1.20651e-05 -3.58628e-05
-1.69641e-05 -4.83194e-05
-1.56024e-05 -0.000148258
-1.90331e-05 -0.000118917
-2.22592e-05 -0.000185915
-2.47377e-05 -0.000213454
-2.81911e-05 -0.000232024
-3.31441e-05 -0.000205834
-3.85525e-05 -0.000229146
-4.36468e-05 -0.000252019
-4.90818e-05 -0.000195653
-5.40378e-05 -0.000176003
-5.87691e-05 -0.000107598
-6.1957e-05 -7.69458e-05
-6.32165e-05 -7.77926e-06
-6.31413e-05 6.97512e-05
-6.37191e-05 9.24882e-05
