7.41486e-09 -2.05078e-08
4.77531e-09 -2.69902e-08
8.36264e-09 -4.22011e-08
-1.62022e-06 -9.52511e-06
-3.62744e-06 -1.5843e-06
-6.08396e-06 5.15908e-06
-8.76657e-06 9.50791e-06
-1.35883e-05 6.77365e-05
-1.25847e-05 3.83889e-05
-1.81566e-05 4.30787e-05
-2.24014e-05 5.78461e-05
-2.66988e-05 6.56524e-05
-3.13714e-05 8.22765e-05
-3.72039e-05 8.52817e-05
-4.44777e-05 0.000101598
-5.2282e-05 0.000119896
-6.018e-05 0.000138155
-6.82273e-05 0.000161595
-7.46027e-05 0.000180296
-8.10033e-05 0.000190375
-8.56838e-05 0.000201074
-8.81179e-05 0.000202578
-9.19496e-05 0.000208039
