23440.5 403.876 272.639 -23440.5 -403.876 -228.169
22932 398.569 269.526 -22932 -398.569 -225.64
23041.1 399.427 270.267 -23041.1 -399.427 -226.287
50757 20.3415 436.366 -50757 -20.3415 -434.127
51236.1 96.1735 443.441 -51236.1 -96.1735 -432.852
51267.7 89.1949 445.21 -51267.7 -89.1949 -435.389
59564 41.3894 508.475 -59564 -41.3894 -503.917
59583.6 44.65 509.803 -59583.6 -44.65 -504.887
59620.6 44.7014 510.094 -59620.6 -44.7014 -505.172
59583 45.1304 509.888 -59583 -45.1304 -504.919
59582.5 45.1226 509.895 -59582.5 -45.1226 -504.927
59583.6 45.121 509.888 -59583.6 -45.121 -504.92
67181.9 19.2286 67.2791 -67181.9 -19.2286 -65.1619
76049.5 20.6785 -386.143 -76049.5 -20.6785 388.42
87645.8 -123.133 -882.181 -87645.8 123.133 868.623
106810 -1081.42 -1047.99 -106810 1081.42 928.921
125559 -721.163 -1501.88 -125559 721.163 1422.47
120757 -870.184 -1956.49 -120757 870.184 1860.67
133460 -1889.21 -3380.65 -133460 1889.21 3172.63
146585 458.694 -3930.88 -146585 -458.694 3981.39
156059 176.719 -5039.77 -156059 -176.719 5059.23
169341 -1203.72 -6015.92 -169341 1203.72 5883.38
188830 -2604.4 -6198.62 -188830 2604.4 5911.85
212044 -1719.95 -5400.58 -212044 1719.95 5211.2
232782 -2310.9 -5674.22 -232782 2310.9 5419.77
251445 7333.85 -6954.09 -251445 -7333.85 7761.61
269289 4795.56 -9371.54 -269289 -4795.56 9899.58
286353 750.922 -10974.6 -286353 -750.922 11057.2
297819 -3802.98 -12352.2 -297819 3802.98 11933.5
301583 -8305.4 -13244.6 -301583 8305.4 12330.1
301891 -3429.84 -11663.5 -301891 3429.84 11285.9
302787 1225.9 -12608.8 -302787 -1225.9 12743.8
