-23419.5 -111.288
-22911.3 -110.927
-23020.3 -111.465
-50718.6 -299.473
-51197.4 -304.119
-51229 -306.145
-59523.9 -396.901
-59543.3 -397.322
-59580.3 -398.284
-59542.6 -398.039
-59542.2 -398.058
-59543.2 -398.043
-67099.2 87.2509
-75916.3 601.057
-87691.4 898.623
-106810 913.775
-125591 1376.08
-120713 2390.55
-133738 3002.98
-146428 4112.96
-156030 4694.91
-169347 5804.98
-188287 6375.16
-209308 8075.65
-229201 9737.71
-249509 10956.3
-268177 12304.8
-284718 15182.8
-294352 18570.7
-296584 20886.7
-292286 23490.4
-289882 26686.1
