23423.8 196.594 198.129 -23423.8 -196.594 -175.792
22915.6 189.592 195.805 -22915.6 -189.592 -174.263
23024.4 192.357 195.498 -23024.4 -192.357 -173.642
50758.9 572.127 496.661 -50758.9 -572.127 -431.655
51239 591.9 508.038 -51239 -591.9 -440.785
51270.1 588.314 507.486 -51270.1 -588.314 -440.641
59572.5 695.064 611.558 -59572.5 -695.064 -532.583
59592 696.699 612.891 -59592 -696.699 -533.731
59629.3 695.601 613.82 -59629.3 -695.601 -534.785
59591.7 695.163 613.605 -59591.7 -695.163 -534.619
59591.2 695.221 613.648 -59591.2 -695.221 -534.656
59592.2 695.213 613.612 -59592.2 -695.213 -534.621
68201.1 948.881 1157.28 -68201.1 -948.881 -1049.47
78086 1167.54 1693.6 -78086 -1167.54 -1560.95
90672.2 1290.44 2181.68 -90672.2 -1290.44 -2035.06
110194 1437.74 2318.31 -110194 -1437.74 -2154.95
129672 1430.65 2477.04 -129672 -1430.65 -2314.48
126659 1485.71 3525.5 -126659 -1485.71 -3356.69
140910 1967.68 4077.11 -140910 -1967.68 -3853.54
155190 2132.03 4500.73 -155190 -2132.03 -4258.49
166092 2514.96 5025.85 -166092 -2514.96 -4740.09
180855 2698.84 5577.35 -180855 -2698.84 -5270.71
201395 3000.08 6112.55 -201395 -3000.08 -5771.68
224077 3049.44 6549.29 -224077 -3049.44 -6202.81
245534 4045.48 7187.01 -245534 -4045.48 -6727.36
267622 4572.44 7769.69 -267622 -4572.44 -7250.16
287959 4547.61 8184.84 -287959 -4547.61 -7668.14
307000 5569.79 8721.07 -307000 -5569.79 -8088.22
320019 6078.28 9124.89 -320019 -6078.28 -8434.27
325047 6326.21 9698.67 -325047 -6326.21 -8979.88
324456 6403.65 10163.9 -324456 -6403.65 -9436.26
327144 6590.97 10735.3 -327144 -6590.97 -9986.41
