23432.5 755.747 273.561 -23432.5 -755.747 -187.911
22924.3 764.113 271.982 -22924.3 -764.113 -185.384
23033.3 763.233 272.741 -23033.3 -763.233 -186.243
50743 448.485 401.257 -50743 -448.485 -350.429
51222.2 500.725 410.295 -51222.2 -500.725 -353.546
51253.4 487.425 409.785 -51253.4 -487.425 -354.544
59552.2 559.749 491.96 -59552.2 -559.749 -428.522
59571.4 545.529 490.368 -59571.4 -545.529 -428.542
59608.7 561.699 493.084 -59608.7 -561.699 -429.425
59570.9 562.153 492.735 -59570.9 -562.153 -429.025
59570.5 562.146 492.767 -59570.5 -562.146 -429.058
59571.5 562.147 492.747 -59571.5 -562.147 -429.037
67122.4 484.023 -1.54554 -67122.4 -484.023 56.401
75991.4 239.412 -468.166 -75991.4 -239.412 495.299
87744.7 383.038 -766.805 -87744.7 -383.038 810.215
106924 309.09 -752.629 -106924 -309.09 787.659
125991 -390.185 -1144.55 -125991 390.185 1100.33
121106 2447.76 -1972.31 -121106 -2447.76 2249.72
134308 -619.966 -2402.27 -134308 619.966 2332.01
147088 -1242.99 -3528.99 -147088 1242.99 3388.12
156476 -243.43 -4369.39 -156476 243.43 4341.8
169915 -2619.18 -5320.47 -169915 2619.18 5023.63
188528 -2024.01 -6350.64 -188528 2024.01 6121.25
209390 -2341.63 -8508.4 -209390 2341.63 8243.02
228880 -3541.04 -10304.3 -228880 3541.04 9902.97
248833 -3993.1 -12160 -248833 3993.1 11707.5
267666 -2489.59 -13120.5 -267666 2489.59 12838.3
285002 -4971.68 -14831.4 -285002 4971.68 14267.9
296227 -6448.43 -16653.4 -296227 6448.43 15922.6
298764 -10427.9 -19043.2 -298764 10427.9 17861.4
295264 -11473.7 -21511.9 -295264 11473.7 20211.6
295294 -13549.3 -23416.4 -295294 13549.3 21880.9
