-2720.76 449.368
-4134.94 -115.373
-4168.5 -116.414
-9737.44 -253.832
-10089.6 -277.861
-10115.3 -277.149
-11922.6 -387.623
-11904.5 -437.157
-11923.2 -437.107
-11890.4 -433.983
-11899.2 -432.636
-11888.4 -435.13
-23590.7 -3614.54
-34745.8 -7148.9
-44132.9 -10583.9
-47905.4 -13147.1
-47310.2 -18253.6
-22496.9 -19472.5
-8571.98 -23313.5
2113.21 -26021.7
-2123.03 -28022.8
-8936.83 -29940.4
-18495.6 -31904.6
-30769.8 -33384.9
-47181.8 -35349.3
-65113.6 -37734.9
-82968.8 -40308.4
-90327.1 -42108.8
-102943 -44734.5
-116606 -47505.9
-141866 -50829.5
-160962 -54318.6
