-16.6648 -0.511196 0.465961 16.6648 0.511196 -0.54673
-18.4133 0.0528151 0.383749 18.4133 -0.0528151 -0.375404
-119.43 -22.6709 -6.58554 119.43 22.6709 3.00354
6635.8 -70.2408 -323.101 -6635.8 70.2408 312.003
14570 -110.837 -609.905 -14570 110.837 592.393
24522.3 -203.955 -1171.57 -24522.3 203.955 1139.34
34241.3 -121.401 -756.913 -34241.3 121.401 737.732
53190.9 -181.677 -1569.7 -53190.9 181.677 1541
49803.1 -549.07 -2670.58 -49803.1 549.07 2583.83
72467.2 -449.399 -2739.03 -72467.2 449.399 2668.02
89746.3 -558.286 -3563.83 -89746.3 558.286 3475.62
106343 -561.121 -3776.01 -106343 561.121 3687.36
121279 -1853.97 -3909.66 -121279 1853.97 3616.73
146843 -614.749 -4248.35 -146843 614.749 4151.22
173579 -603.489 -4149.79 -173579 603.489 4054.44
202736 -535.646 -3877.82 -202736 535.646 3793.18
232123 -450.354 -3505.36 -232123 450.354 3434.2
262412 -410.358 -3430.56 -262412 410.358 3365.72
286543 -396.62 -3475.88 -286543 396.62 3413.22
310691 -370.835 -3390.74 -310691 370.835 3332.15
328482 -370.181 -3457.13 -328482 370.181 3398.64
337706 -365.405 -3437.37 -337706 365.405 3379.63
351875 -311.294 -3159.05 -351875 311.294 3109.86
