-5.66796e-06 -1.54509e-05
-5.53907e-06 -1.62832e-05
-5.56902e-06 -1.56448e-05
-1.22979e-05 -2.98049e-05
-1.24143e-05 -2.94657e-05
-1.24223e-05 -2.93925e-05
-1.44357e-05 -3.32219e-05
-1.444e-05 -3.3336e-05
-1.4449e-05 -3.33597e-05
-1.44398e-05 -3.33509e-05
-1.44397e-05 -3.33509e-05
-1.444e-05 -3.33502e-05
-1.64097e-05 -4.08548e-05
-1.86842e-05 -5.27419e-05
-2.16436e-05 -6.59681e-05
-2.65597e-05 -4.91655e-05
-3.14203e-05 -6.36128e-05
-3.01269e-05 -0.000149265
-3.35679e-05 -0.000115049
-3.67837e-05 -0.000186338
-3.9288e-05 -0.000204694
-4.27605e-05 -0.000215383
-4.77224e-05 -0.000184771
-5.31308e-05 -0.000208272
-5.8249e-05 -0.000221461
-6.37064e-05 -0.000155027
-6.86893e-05 -0.000124789
-7.34388e-05 -4.74525e-05
-7.66487e-05 -7.74666e-06
-7.79316e-05 7.09443e-05
-7.78967e-05 0.000164975
-7.85031e-05 0.000198021
