-34.9822 -0.103391 -0.0828893 34.9822 0.103391 0.0710737
-35.41 -0.108586 -0.0847304 35.41 0.108586 0.0723213
-34.458 -0.0919211 -0.0786499 34.458 0.0919211 0.0681451
7761.47 122.163 -226.928 -7761.47 -122.163 240.889
16746.7 272.142 -443.55 -16746.7 -272.142 474.65
28335.9 462.802 -646.472 -28335.9 -462.802 699.361
46997.5 632.934 -856.871 -46997.5 -632.934 929.202
66006 1002.6 -1269.14 -66006 -1002.6 1383.71
62285.8 1646.11 -1551.12 -62285.8 -1646.11 1739.24
75559.7 1716.74 -1965.7 -75559.7 -1716.74 2161.88
88957.1 1558.12 -2486.83 -88957.1 -1558.12 2664.89
98691.4 1531.64 -2586.67 -98691.4 -1531.64 2761.71
113096 1902.03 -3805.36 -113096 -1902.03 4022.73
132337 1842.5 -4376.54 -132337 -1842.5 4587.1
153825 1653.67 -5208.89 -153825 -1653.67 5397.88
174312 -275.085 -6544.76 -174312 275.085 6513.32
194974 -6846.18 -7428.38 -194974 6846.18 6646
213733 -11367.2 -7522.94 -213733 11367.2 6223.89
230854 -15432.8 -7203.24 -230854 15432.8 5439.58
242327 -14517.1 -6703.84 -242327 14517.1 5044.84
246742 -11438.5 -6762.21 -246742 11438.5 5455.02
247185 -7759.56 -7714.73 -247185 7759.56 6827.97
251303 -4605.76 -8783.08 -251303 4605.76 8256.73
