-28.2798 -0.0137218 0.202364 28.2798 0.0137218 -0.204532
-18.0948 0.0644191 0.146009 18.0948 -0.0644191 -0.135831
-31.8638 -0.0104365 0.353391 31.8638 0.0104365 -0.35504
6044.4 -69.1266 148.504 -6044.4 69.1266 -159.426
13604 -109.449 142.813 -13604 109.449 -160.106
22796.2 -198.25 203.879 -22796.2 198.25 -235.203
33316.8 1823.64 85.953 -33316.8 -1823.64 202.182
51269.8 -195.603 -232.476 -51269.8 195.603 201.57
47143.8 -409.087 228.042 -47143.8 409.087 -292.678
68294.7 -431.506 228.129 -68294.7 431.506 -296.307
84217.9 -559.076 280.81 -84217.9 559.076 -369.144
100509 -587.646 264.722 -100509 587.646 -357.57
118321 -551.66 109.877 -118321 551.66 -197.039
140349 -647.629 209.782 -140349 647.629 -312.108
168070 -604.394 51.4824 -168070 604.394 -146.977
197847 -536.511 -149.583 -197847 536.511 64.8146
228009 -451.315 -370.903 -228009 451.315 299.595
258662 -411.31 -574.805 -258662 411.31 509.818
282918 -397.559 -715.891 -282918 397.559 653.077
307301 -371.777 -810.4 -307301 371.777 751.659
325098 -371.12 -881.341 -325098 371.12 822.704
334366 -366.348 -894.842 -334366 366.348 836.958
349026 -312.266 -993.435 -349026 312.266 944.097
