-5.76389e-06 3.63152e-06
-5.64278e-06 4.48244e-06
-5.66973e-06 4.53386e-06
-1.25064e-05 1.11113e-05
-1.26251e-05 1.13384e-05
-1.26331e-05 1.1388e-05
-1.46807e-05 1.32664e-05
-1.4689e-05 1.40011e-05
-1.46983e-05 1.40336e-05
-1.46894e-05 1.41526e-05
-1.46894e-05 1.42003e-05
-1.46895e-05 1.41362e-05
-1.68429e-05 7.6591e-05
-1.92578e-05 0.000119364
-2.23693e-05 0.000162638
-2.73215e-05 0.000209545
-3.24558e-05 0.000328029
-3.12221e-05 0.0002927
-3.48441e-05 0.000378879
-3.8363e-05 0.000456375
-4.08719e-05 0.000428916
-4.43567e-05 0.000403196
-4.92361e-05 0.000410278
-5.49212e-05 0.000411077
-6.02298e-05 0.000527124
-6.57085e-05 0.000653856
-7.07843e-05 0.000732787
-7.55026e-05 0.000802945
-7.8936e-05 0.00095983
-8.00019e-05 0.00099357
-7.97345e-05 0.00101843
-8.0364e-05 0.00107622
