-23353.7 -90.6026
-22840.8 -73.0884
-22949.4 -72.7002
-50601.7 -135.445
-51076 -138.323
-51107.2 -140.706
-59383.5 -171.461
-59404.6 -175.054
-59441.6 -175.459
-59404.1 -175.364
-59403.6 -175.329
-59404.6 -175.342
-67600 -324.076
-77003.7 -419.881
-89219.8 -538.369
-109138 -706.476
-129107 -838.402
-125118 -1344.26
-138437 -1059.6
-152270 -1124.25
-161802 -400.173
-175940 -339.422
-196035 -404.001
-216608 909.042
-236328 2061.09
-256430 3444.44
-275041 4652.91
-292902 5347.4
-303818 7023.55
-306495 8757.38
-303432 10910.1
-304409 12537.3
