-1.10925e-06 -6.29862e-06
-1.49381e-06 2.84778e-05
-1.50332e-06 2.85736e-05
-3.11402e-06 6.36461e-05
-3.20167e-06 6.44221e-05
-3.20854e-06 6.44273e-05
-3.67418e-06 7.65397e-05
-3.65012e-06 7.71407e-05
-3.65514e-06 7.7162e-05
-3.64773e-06 7.71415e-05
-3.65037e-06 7.7135e-05
-3.64678e-06 7.71198e-05
-5.27536e-06 6.76369e-05
-7.28258e-06 7.55777e-05
-9.7391e-06 8.23211e-05
-1.24217e-05 8.66699e-05
-1.72434e-05 0.000144899
-1.62399e-05 0.000115551
-2.18117e-05 0.000120241
-2.60565e-05 0.000135008
-3.03539e-05 0.000142814
-3.50265e-05 0.000159438
-4.0859e-05 0.000162444
-4.81328e-05 0.00017876
-5.59371e-05 0.000197058
-6.38351e-05 0.000215317
-7.18825e-05 0.000238757
-7.82578e-05 0.000257458
-8.46584e-05 0.000267537
-8.9339e-05 0.000278236
-9.1773e-05 0.00027974
-9.56048e-05 0.000285201
