-23390 -17.69
-22881.6 -15.8017
-22990.7 -16.1815
-50668.3 -23.1244
-51153.2 -43.463
-51183.9 -41.5605
-59455.2 -15.8942
-59475.8 -17.0106
-59512.8 -17.1814
-59475.2 -16.9989
-59474.8 -17.0161
-59475.7 -16.9525
-68128.7 -591.157
-78174.4 -1249.8
-90996.1 -1909.19
-111184 -2486.45
-131058 -3207.62
-127440 -3691.05
-142422 -4611.48
-156633 -5168.87
-167930 -5930.91
-182958 -6656.72
-203474 -7402.9
-226469 -8132.09
-248339 -9011.52
-270804 -9858.82
-292610 -10635.6
-311102 -11586.5
-324769 -12469.6
-330331 -13414.7
-330434 -14294.2
-333886 -15301.1
