-27.9735 -0.0528244 -0.0138293 27.9735 0.0528244 0.00918079
-18.3056 0.0340504 0.280022 18.3056 -0.0340504 -0.277025
-31.5582 -0.0518188 0.141015 31.5582 0.0518188 -0.145576
6413.32 -67.7839 -123.329 -6413.32 67.7839 117.364
14192.1 -108.376 -291.576 -14192.1 108.376 282.039
23856.3 -198.03 -588.795 -23856.3 198.03 571.369
33783.9 -120.154 -401.14 -33783.9 120.154 390.566
52324.7 -192.981 -1013.48 -52324.7 192.981 996.496
49380.2 -395.739 -1410.76 -49380.2 395.739 1375.94
70596.5 -431.181 -1505.36 -70596.5 431.181 1467.42
87202.3 -558.635 -1967.06 -87202.3 558.635 1917.9
103646 -585.316 -2098.29 -103646 585.316 2046.78
121266 -549.309 -2107.96 -121266 549.309 2059.62
143805 -645.354 -2395.27 -143805 645.354 2338.48
171296 -602.314 -2379.23 -171296 602.314 2326.22
200712 -534.261 -2306.49 -200712 534.261 2259.47
230421 -449.047 -2184.13 -230421 449.047 2144.62
260862 -409.052 -2226.69 -260862 409.052 2190.69
285045 -395.311 -2312.33 -285045 395.311 2277.54
309291 -369.53 -2302.84 -309291 369.53 2270.33
327085 -368.878 -2371.14 -327085 368.878 2338.68
336326 -364.104 -2365.39 -336326 364.104 2333.35
350700 -310.012 -2245.82 -350700 310.012 2218.54
