9.21061e-09 8.25396e-10
9.33005e-09 -2.15888e-09
9.0686e-09 2.13356e-09
-2.07545e-06 4.49929e-05
-4.44839e-06 7.76051e-05
-7.51547e-06 0.000112792
-1.22717e-05 0.000111153
-1.68445e-05 5.81913e-05
-1.63172e-05 0.000197756
-2.00033e-05 0.000331829
-2.34499e-05 0.000355897
-2.6093e-05 0.000406168
-2.97269e-05 0.000459359
-3.47188e-05 0.00050559
-4.01429e-05 0.000484611
-4.52876e-05 0.000490676
-5.0544e-05 0.000476358
-5.53513e-05 0.000438609
-5.97944e-05 0.000386611
-6.27388e-05 0.000317501
-6.36114e-05 0.000224469
-6.31044e-05 0.000125424
-6.34028e-05 3.81033e-05
