-34.9308 0.27527 -0.11005 34.9308 -0.27527 0.141608
-35.3864 0.276117 -0.0852948 35.3864 -0.276117 0.11695
-34.4086 0.277265 -0.10446 34.4086 -0.277265 0.136247
7884.59 13.9915 -357.635 -7884.59 -13.9915 359.24
16922.5 -114.406 -644.076 -16922.5 114.406 630.96
28559.5 -30.8175 -876.049 -28559.5 30.8175 872.516
46479.8 -132.606 -891.707 -46479.8 132.606 876.504
65366.1 1576.84 -1109.52 -65366.1 -1576.84 1290.29
62812.6 1548.67 -1849.58 -62812.6 -1548.67 2027.12
75029.7 186.921 -1876.34 -75029.7 -186.921 1897.77
88796.3 -1679.08 -2430.19 -88796.3 1679.08 2237.7
99374.7 -1099.43 -3166.44 -99374.7 1099.43 3040.4
112590 -3669.11 -3391.72 -112590 3669.11 2971.08
132247 -3191.6 -4267.02 -132247 3191.6 3901.13
154088 -5243.88 -5541.59 -154088 5243.88 4940.42
174471 -6350.26 -6744.9 -174471 6350.26 6016.88
195238 -7901.52 -7835.94 -195238 7901.52 6930.09
214620 -9125.51 -8742.26 -214620 9125.51 7696.08
232678 -10806.3 -9596.58 -232678 10806.3 8357.71
245175 -12575.8 -10589.5 -245175 12575.8 9147.74
249983 -14655.5 -11696.4 -249983 14655.5 10016.3
249713 -16449 -13135.3 -249713 16449 11249.5
252354 -17846.4 -14098.2 -252354 17846.4 12052.2
