-35.0242 0.35423 -0.018679 35.0242 -0.35423 0.0590828
-35.4761 0.377104 0.00358894 35.4761 -0.377104 0.0394238
-34.4728 0.362552 -0.0403649 34.4728 -0.362552 0.0817179
7513.76 -140.214 -7.47944 -7513.76 140.214 -8.51342
16320.4 -406.644 -78.3951 -16320.4 406.644 32.0129
27732.1 -725.832 -145.431 -27732.1 725.832 62.6423
46262.8 -1131.66 -164.407 -46262.8 1131.66 35.3292
64815.4 -1488.31 -122.961 -64815.4 1488.31 -46.797
60228.1 -1494.42 221.816 -60228.1 1494.42 -392.271
72640.4 -1676.94 562.202 -72640.4 1676.94 -753.475
85177.7 -1848.4 862.801 -85177.7 1848.4 -1073.63
94305.2 -1987.33 1342.13 -94305.2 1987.33 -1568.81
106957 -2073.02 1927.47 -106957 2073.02 -2163.92
124964 -1935.48 2499.81 -124964 1935.48 -2720.57
145308 -1688.54 2926.1 -145308 1688.54 -3118.7
164343 -1556.66 3423.63 -164343 1556.66 -3601.18
183906 -1364.32 3999.37 -183906 1364.32 -4154.99
201942 -1241.24 4593.51 -201942 1241.24 -4735.09
218759 -1098.67 5136.9 -218759 1098.67 -5262.22
229896 -956.699 5813.76 -229896 956.699 -5922.88
233307 -905.609 6566.65 -233307 905.609 -6669.94
231371 -913.282 7345.17 -231371 913.282 -7449.34
231769 -955.056 8343.88 -231769 955.056 -8452.82
