4653.64 -281.977 -543.183 -4653.64 281.977 498.631
5551.33 0.783521 -266.506 -5551.33 -0.783521 266.63
5588.11 0.723495 -267.692 -5588.11 -0.723495 267.806
11445.6 -6.75421 -653.955 -11445.6 6.75421 652.888
11787.5 -3.21342 -639.202 -11787.5 3.21342 638.694
11815.4 -2.87647 -637.122 -11815.4 2.87647 636.668
13466 -4.51749 -766.888 -13466 4.51749 766.174
13354 -3.51894 -767.969 -13354 3.51894 767.413
13374 -3.50148 -767.988 -13374 3.50148 767.435
13372.9 -3.50984 -766.311 -13372.9 3.50984 765.756
13346.4 -3.44113 -768.088 -13346.4 3.44113 767.544
13340.7 -3.57679 -768.159 -13340.7 3.57679 767.594
19684.7 -103.024 -1236.73 -19684.7 103.024 1220.45
27396.8 -163.674 -1642.23 -27396.8 163.674 1616.37
36634.1 -303.278 -2458.14 -36634.1 303.278 2410.22
47502.2 -6583.15 -2791.81 -47502.2 6583.15 1751.68
65842.1 -161.953 -2948.15 -65842.1 161.953 2922.56
59959.7 702.061 -4533.32 -59959.7 -702.061 4644.25
82760.4 -204.475 -4707.91 -82760.4 204.475 4675.61
98906.5 -360.286 -5909.83 -98906.5 360.286 5852.91
116227 -428.21 -6154.01 -116227 428.21 6086.35
135411 -350.642 -5900.52 -135411 350.642 5845.12
158288 -760.456 -6702.97 -158288 760.456 6582.82
188160 -918.352 -6347.32 -188160 918.352 6202.22
220146 -814.034 -5776.85 -220146 814.034 5648.24
252649 -684.995 -5049.2 -252649 684.995 4940.97
285314 -624.402 -4778.47 -285314 624.402 4679.81
311055 -603.609 -4725.91 -311055 603.609 4630.54
337167 -564.588 -4472.94 -337167 564.588 4383.73
356056 -563.663 -4486.36 -356056 563.663 4397.3
365995 -556.449 -4410.25 -365995 556.449 4322.33
381933 -474.545 -3906.88 -381933 474.545 3831.9
