-2.47011e-06 6.11907e-05 2.88184e-06
-2.95609e-06 0.000194693 -7.17132e-05
-2.99833e-06 0.000195608 -7.19382e-05
-6.45065e-06 0.000424848 -0.000165251
-6.86955e-06 0.000423378 -0.000165787
-6.96165e-06 0.000422212 -0.000165678
-7.60085e-06 0.000499988 -0.000197375
-8.00971e-06 0.00050302 -0.000198513
-8.03895e-06 0.000502954 -0.000198563
-8.10138e-06 0.000503145 -0.000198561
-8.11851e-06 0.000502695 -0.000198465
-8.09424e-06 0.00050319 -0.000198487
0.000980784 0.000431708 -0.000200347
0.00192513 0.000172639 -0.000228883
0.00277505 -5.17626e-05 -0.000234832
0.00363008 -0.00039809 -0.000265343
0.00443926 -0.000653306 -0.000275191
0.00527817 -0.00108737 -0.000310007
0.00610382 -0.00132156 -0.000315752
0.00700577 -0.00175254 -0.000354923
0.00792943 -0.00201566 -0.000392238
0.00885294 -0.00245266 -0.000426986
0.00987224 -0.00290645 -0.000436638
0.0109411 -0.00347679 -0.000471467
0.0121182 -0.00418842 -0.000494328
0.0132685 -0.0045632 -0.000511776
0.0145046 -0.00521556 -0.000526778
0.0158427 -0.00575665 -0.000583317
0.017264 -0.00641931 -0.000615259
0.0188011 -0.00715335 -0.000635276
0.0204149 -0.00780883 -0.000633689
0.0220883 -0.00843996 -0.000650956
