1.24043e-06 -0.000115667 2.40424e-05
1.48782e-06 -0.000117393 2.42111e-05
8.93863e-07 -0.000117761 2.42067e-05
1.30228e-05 -0.000296911 5.9575e-05
1.37337e-05 -0.000297471 5.99595e-05
1.39548e-05 -0.000297935 6.00318e-05
2.0831e-05 -0.00035717 7.36627e-05
2.10687e-05 -0.000356974 7.36384e-05
2.10997e-05 -0.000357317 7.37134e-05
2.11771e-05 -0.000357056 7.37073e-05
2.11661e-05 -0.00035716 7.37015e-05
2.11799e-05 -0.000357019 7.37129e-05
0.0014378 -0.000447275 6.57352e-05
0.00278058 -0.000756476 5.08918e-05
0.00401433 -0.00094752 3.97451e-05
0.00526588 -0.00135572 2.09467e-05
0.00644675 -0.0016017 4.38307e-06
0.0076781 -0.00209382 -2.34826e-05
0.0088971 -0.00231446 -3.97963e-05
0.0102396 -0.00284684 -6.40688e-05
0.0116276 -0.00319598 -9.12635e-05
0.0129834 -0.00367481 -0.000134304
0.0144016 -0.00406948 -0.000165864
0.015853 -0.00464485 -0.000214804
0.0175059 -0.00525395 -0.000267174
0.0191392 -0.00558781 -0.000306495
0.0208087 -0.00615163 -0.000356847
0.022693 -0.00675942 -0.000420711
0.0246284 -0.00737955 -0.000482148
0.0266828 -0.00797973 -0.000549962
0.028758 -0.00851568 -0.000595417
0.0308481 -0.00907726 -0.000662106
