-0.00058111 1.87599e-05 -1.95389e-06
-0.000577652 -0.00345799 -2.52338e-06
-0.000180439 -0.0034575 -1.82405e-09
-0.0822137 -0.0116253 -0.000380229
-0.00047084 -0.00734506 -7.16e-10
-0.000470605 -0.0073313 -5.3069e-09
0.0578519 -0.0175969 0.000515583
-0.000577699 -0.00869977 1.73777e-08
-0.000575101 -0.00870367 1.4639e-07
-0.000579187 -0.00870328 -1.56616e-05
-0.00057694 -0.00870607 6.39822e-06
-0.000579939 -0.00880764 1.16584e-05
1.23552 0.0484471 0.00486665
0.0090602 -0.00743136 -3.80128e-06
0.00201708 -0.0108711 -0.000138823
-0.00508286 -0.00780604 1.13116e-05
-0.00600713 -0.00806148 -2.42738e-05
-0.00718374 -0.00828132 2.13083e-05
-0.00828034 -0.00864969 -6.27627e-06
-0.00956877 -0.0094097 4.80094e-05
-0.0104888 -0.0104088 -1.71711e-05
-0.0113742 -0.0112083 5.43445e-05
-0.0146783 -0.0110375 -2.60063e-05
-0.014876 -0.0117845 -4.40514e-05
-0.0151527 -0.0117387 4.14925e-05
-0.0169378 -0.0129583 3.80249e-05
-0.019953 -0.0121684 -3.02617e-05
-0.0184464 -0.0135174 -3.786e-05
-0.0212881 -0.0137358 -4.76821e-05
-0.0242449 -0.0136109 1.98008e-05
-0.0256662 -0.0134777 7.37459e-05
-0.0288641 -0.0132743 -6.46843e-05
