319.862 -954.354 -6.37471e-10
313.138 -934.291 1.12391e-09
314.603 -938.661 7.0392e-10
765.813 -2284.91 -9.01331e-08
785.733 -2344.34 6.86132e-10
783.045 -2336.32 -5.87317e-10
978.857 -2920.56 -3.80555e-09
978.734 -2920.19 -1.44907e-06
979.14 -2921.4 2.16158e-09
978.136 -2918.41 -1.55398e-06
978.143 -2918.43 4.69347e-06
978.156 -2918.47 2.50109e-07
1094.93 -3266.88 4.45423e-07
1157.91 -3454.78 -0.000113982
1207.52 -3602.79 7.69881e-06
1270.75 -3791.46 -5.98762e-06
1328.7 -3964.34 -6.17764e-06
1402.54 -4184.65 -4.00571e-05
1451.4 -4330.44 6.47936e-06
1516.52 -4524.71 -8.52946e-06
1562.32 -4661.38 -2.8923e-05
1619.94 -4833.27 -6.11412e-05
1720.82 -5134.28 4.74137e-05
1822.91 -5438.85 1.29602e-05
1890.39 -5640.22 0.000421041
1927.62 -5751.29 -0.000128672
2001.11 -5970.54 5.42826e-05
2055.94 -6134.12 3.19213e-05
2142.88 -6393.5 1.8213e-05
2208.93 -6590.56 -2.57656e-05
2245.52 -6699.75 0.000118102
2305.66 -6879.15 -4.11815e-05
