-4.37116e-06 -1.09152e-05 9.18886e-07
-2.12573e-06 2.58653e-05 -1.34792e-07
6.62831e-06 3.02557e-05 -1.63706e-06
-0.0075326 -0.0464067 6.19478e-05
-0.0162253 0.00204797 0.00192705
1.3308 0.959236 -0.0498964
0.00069876 7.67288e-05 8.16047e-06
-0.4255 -0.203052 -0.0235061
-0.152017 -0.0028174 0.000445094
-7.1339 -0.924295 0.423262
-30.674 -16.0342 -0.666075
-16.7091 -3.36752 0.365923
-0.754556 -0.841071 0.0188646
0.000379196 -0.000352955 -3.72189e-06
-0.00107076 6.94921e-05 2.21738e-05
-0.00163511 0.00081825 7.75587e-05
0.00173679 0.000143758 3.28681e-05
0.000386358 4.65012e-05 0.000139773
0.000422987 -0.000871085 -2.15632e-05
7.62389e-05 -0.000359887 4.08886e-05
-0.00137635 -0.000938896 -7.32537e-05
0.000789335 0.000754649 -7.54057e-05
-0.000306134 0.00167351 0.000100052
