7.94106e-08 2.40831e-07 -5.46145e-09
5.36797e-08 1.242e-07 -1.87657e-08
8.80794e-08 2.83842e-07 -4.97604e-10
0.0013679 -0.000126911 -5.59779e-05
0.00265773 -0.000476644 -0.000111342
0.00383684 -0.000709255 -0.000172362
0.00503159 -0.00116114 -0.000229303
0.00615542 -0.00145092 -0.000289115
0.00731834 -0.00199629 -0.000355031
0.00847767 -0.00226293 -0.000418745
0.0097531 -0.00284717 -0.000485607
0.0110704 -0.00325247 -0.00055695
0.0123368 -0.00380298 -0.000637122
0.0136795 -0.00425597 -0.000708146
0.015033 -0.00490943 -0.000792919
0.0165828 -0.00560172 -0.000885395
0.0181247 -0.00600842 -0.00097018
0.0196996 -0.00664703 -0.00105144
0.021457 -0.00735835 -0.00116263
0.0232791 -0.00806974 -0.00125868
0.0252071 -0.00877256 -0.00136456
0.0271811 -0.00939031 -0.00146001
0.0291518 -0.0100493 -0.00156065
