-2.81612e-06 -0.000169167 -1.20865e-06
-3.11762e-06 -0.000171253 -1.16868e-06
-3.62717e-06 -0.000171653 -1.15436e-06
-9.95441e-07 -0.000425745 9.91124e-07
-7.59141e-07 -0.000427299 -1.75668e-06
-6.38552e-07 -0.000427931 -1.78936e-06
4.0463e-07 -0.00051556 -6.31574e-07
6.64096e-07 -0.000515394 -7.52463e-07
6.88255e-07 -0.000515787 -7.98912e-07
7.42486e-07 -0.000515497 -8.1087e-07
7.32082e-07 -0.000515603 -8.06111e-07
7.41056e-07 -0.000515467 -8.14328e-07
0.00139583 -0.000709823 4.99143e-05
0.00272714 -0.00109337 8.52634e-05
0.00393641 -0.00140909 0.000146863
0.00517804 -0.00189905 0.000192905
0.00634205 -0.00225611 0.000259499
0.00757402 -0.00280885 0.000307904
0.00877453 -0.00314879 0.000384614
0.0101118 -0.00376006 0.000441256
0.0114964 -0.00417978 0.000500643
0.0128664 -0.00469043 0.000556746
0.0142899 -0.00514448 0.000621387
0.0157656 -0.0057271 0.000672915
0.0174425 -0.00634397 0.000727815
0.0190793 -0.00675083 0.000807507
0.0207747 -0.00732454 0.000866795
0.0226917 -0.00792017 0.000921826
0.0246608 -0.00853157 0.000978879
0.0267551 -0.00910204 0.00102921
0.0288424 -0.00969016 0.00111486
0.0309673 -0.0102403 0.00117964
