-3.03141e-06 6.01181e-05 -8.6244e-06
-3.61761e-06 0.000160359 -8.39917e-05
-3.66409e-06 0.000161163 -8.42712e-05
-7.83359e-06 0.000345515 -0.000194573
-8.28785e-06 0.000343893 -0.000194711
-8.38266e-06 0.000342789 -0.000194535
-9.22891e-06 0.00040534 -0.000231897
-9.62603e-06 0.000407857 -0.000233097
-9.65747e-06 0.000407767 -0.000233154
-9.71667e-06 0.000407957 -0.000233159
-9.73489e-06 0.000407555 -0.000233034
-9.70912e-06 0.000408037 -0.000233075
0.000978836 0.000333026 -0.00024749
0.00192278 5.93894e-05 -0.000285135
0.00277215 -0.000168899 -0.000296885
0.00362663 -0.000531001 -0.000338051
0.00443512 -0.000792327 -0.000356022
0.00527334 -0.00124413 -0.000401801
0.00609821 -0.00148293 -0.000417049
0.00699951 -0.00193459 -0.000471915
0.00792241 -0.00221757 -0.000524915
0.00884484 -0.00267256 -0.00057189
0.00986338 -0.00313139 -0.00058506
0.0109314 -0.00371877 -0.000627608
0.0121077 -0.0044402 -0.000649102
0.0132571 -0.00482452 -0.000674988
0.0144921 -0.00548386 -0.000691507
0.0158292 -0.00605388 -0.00076652
0.0172497 -0.00673177 -0.000803683
0.0187857 -0.00747442 -0.000822607
0.0203987 -0.00813041 -0.000826576
0.0220711 -0.00877129 -0.000853681
