-200.431 -74.9851 -1.1937e-07
-174.65 -65.34 -5.57012e-09
-195.146 -73.0081 1.46812e-09
-446.062 -166.88 -1.5534e-07
-489.072 -182.971 -2.435e-07
-489.509 -183.135 1.68166e-09
-586.146 -219.288 1.2214e-07
-557.493 -208.569 9.17384e-06
-558.624 -208.992 1.04274e-07
-557.855 -208.704 -1.04458e-06
-557.84 -208.699 -3.57501e-06
-557.869 -208.709 1.76075e-06
-646.494 -241.865 1.75871e-05
-749.336 -280.34 -2.48621e-05
-823.689 -308.155 -1.56017e-05
-1005.41 -376.14 3.41979e-06
-1021.11 -382.011 4.47314e-06
-1177.47 -440.511 1.36481e-05
-1259.02 -471.018 4.67633e-05
-1399.78 -523.678 -6.02913e-05
-1487.58 -556.524 4.50003e-05
-1637.14 -612.478 -1.98862e-05
-1816.57 -679.603 -4.161e-05
-1999.89 -748.185 2.52127e-05
-2167.48 -810.886 -3.90219e-05
-2335.34 -873.682 0.000134872
-2517.9 -941.979 -6.80732e-05
-2661.88 -995.843 0.000193039
-2883.87 -1078.89 1.49616e-05
-3113 -1164.61 -0.000167139
-3236.24 -1210.72 -1.08357e-05
-3360.16 -1257.08 -0.000204451
