296.471 0.000231406 -1.75043e-08
307.88 0.000251262 1.66561e-09
307.688 0.000253324 -2.34088e-11
604.639 0.000613211 6.72408e-08
614.161 0.000626482 -2.42844e-09
618.706 0.000629206 -9.96195e-10
766.339 0.000759249 1.55378e-07
762.489 0.000844289 -9.77705e-07
762.225 0.00077577 2.89094e-09
762.164 0.000754453 -6.4357e-07
761.427 0.000784019 2.3461e-07
762.669 0.000763326 -8.39656e-07
731.543 -0.000204482 1.0845e-05
936.742 -0.000713601 -4.13821e-05
963.491 -0.000908606 0.000141255
1069.78 -0.00260494 2.8973e-05
1129.85 -0.00222508 8.66852e-05
1231.38 -0.00382638 9.98682e-05
1283.38 -0.00636623 4.7307e-05
1411.66 -0.00630219 0.000101124
1458.74 -0.00710254 5.43698e-05
1478.59 -0.00654599 5.5277e-05
1558.71 -0.00927057 -4.62837e-05
1619.63 -0.0100278 0.000268218
1374.09 -0.0097294 -0.000121632
1491.73 -0.004163 0.000395014
984.524 -0.0119115 -0.000244349
1243.93 -0.00716207 0.000505652
349.695 -0.227381 0.00531828
354.196 -0.0124753 0.000454279
0.00444104 -0.00661163 0.00032335
-0.000457882 -0.0246337 -0.000216482
