-216.682 -2340.26 -5.79427e-08
-217.703 -2351.29 6.39005e-10
-218.106 -2355.64 -3.09967e-10
-423.671 -4575.85 -9.15293e-06
-377.253 -4074.5 -1.07436e-06
-377.204 -4073.97 -4.37808e-10
-385.449 -4163.02 1.54712e-08
-385.217 -4160.51 3.93246e-07
-385.407 -4162.57 -1.0523e-08
-385.113 -4159.39 9.77383e-07
-385.116 -4159.43 5.59095e-07
-385.123 -4159.5 -9.2562e-07
-412.619 -4456.48 8.47109e-06
-435.154 -4699.88 8.40946e-06
-455.449 -4919.1 -4.40285e-06
-481.432 -5199.73 3.32588e-06
-498.637 -5385.56 3.82915e-05
-511.897 -5528.79 -7.39012e-06
-521.398 -5631.48 -3.9286e-05
-536.495 -5794.47 2.82507e-05
-547.616 -5914.69 3.17883e-05
-559.763 -6045.77 0.000456542
-583.058 -6297.42 -2.55315e-05
-599.303 -6472.88 -7.06752e-05
-616.29 -6656.32 -5.11692e-05
-630.595 -6810.86 -8.14945e-06
-653.315 -7056.24 7.10699e-06
-668.817 -7223.68 -0.000218077
-689.118 -7442.92 -2.64709e-05
-708.288 -7650.02 3.60565e-05
-719.843 -7774.82 -9.01863e-05
-736.208 -7951.6 -4.93606e-05
