637.343 -591.099 1.62964e-07
627.985 -582.42 2.36923e-10
628.771 -583.149 -1.04512e-09
709.31 -657.844 3.80928e-08
711.108 -659.511 -1.14471e-09
704.357 -653.251 9.29731e-09
720.592 -668.308 1.39056e-09
722.555 -670.128 8.36457e-07
723.144 -670.675 -7.3411e-09
722.655 -670.221 6.52549e-06
722.647 -670.213 3.54569e-06
722.666 -670.231 5.18875e-06
789.762 -732.458 -1.29618e-05
864.031 -801.339 7.02444e-07
943.95 -875.458 5.12943e-06
1100.56 -1020.71 -1.32548e-05
1379.9 -1279.77 -1.53967e-05
1486.46 -1378.6 1.10612e-05
1586.18 -1471.09 2.18195e-07
1664.13 -1543.39 5.87794e-06
1739.75 -1613.51 -6.56353e-06
1814.24 -1682.59 -3.04537e-05
1729.75 -1604.25 3.08879e-06
1554.7 -1441.89 -2.39772e-05
1660.68 -1540.14 -0.00367344
1097.26 -1017.65 5.89456e-05
1226.82 -1137.8 0.000142584
1168.74 -1083.94 -2.13966e-05
1202.61 -1115.35 -2.99636e-05
1485.92 -1378.09 1.92158e-05
683.115 -635.917 0.171601
457.818 -419.717 5.85652
