-2.77416e-07 -1.38139e-05 5.67171e-08
-5.12805e-06 4.29594e-05 1.35407e-07
2.03938e-07 2.94252e-05 1.14369e-07
-5.59299e-05 8.85243e-05 -1.53338e-06
-0.000351279 0.000130402 3.29946e-06
0.000134601 -0.00012135 8.21741e-06
0.000676393 3.08546e-06 -1.18521e-05
-0.000247849 -0.000138529 1.1208e-05
0.000327743 -2.30968e-06 7.74514e-06
1.20539e-05 0.000302561 1.16448e-05
-0.000560029 -7.57824e-05 2.09997e-05
0.000991867 -0.000495252 2.57272e-05
0.00149382 0.000965711 1.46677e-05
0.000510171 0.000331457 8.39822e-05
-2.14172e-05 5.17532e-05 -3.18529e-05
0.00176397 -0.000559935 -3.72193e-05
-0.000241296 1.74638e-05 6.84082e-05
0.000779245 -0.000130784 -1.24016e-05
-0.00322488 -0.000813122 -4.41609e-05
0.00101444 0.00161495 -5.62539e-05
0.000594949 -0.00123653 0.000163124
0.00154428 0.000342589 7.40837e-05
0.00173245 -0.000626484 9.90568e-05
