-5.25091e-05 -0.000106696 9.72186e-08
-4.11106e-05 -6.16038e-05 -1.62811e-09
-3.95226e-05 -5.88203e-05 1.24828e-10
229.049 -113.936 3.41716e-07
301.933 -150.191 1.55738e-06
334.409 -166.346 -2.31921e-11
451.204 -224.443 -1.88022e-08
469.443 -233.516 8.75935e-06
469.136 -233.363 1.42651e-08
467.467 -232.533 -3.04526e-07
467.446 -232.522 -2.9754e-06
467.496 -232.547 -4.515e-06
579.472 -288.248 -2.09609e-05
712.228 -354.286 8.96762e-06
798.584 -397.243 -2.44607e-05
953.009 -474.058 -4.99626e-06
1094.48 -544.429 -2.36881e-05
1281.33 -637.378 -1.29875e-05
1423.74 -708.214 2.01576e-05
1632.36 -811.989 3.42715e-05
1686.28 -838.813 -1.53428e-05
2008.69 -999.19 -4.50424e-05
2188.9 -1088.83 4.96368e-05
3015.05 -1499.83 0.000129684
2940.31 -1462.62 -2.45231e-05
2941.07 -1462.99 -4.88955e-06
4761.36 -2368.45 6.03925e-05
4234.13 -2106.2 0.000378516
4373.14 -2175.34 -0.000116264
4333.04 -2140.27 -0.990456
6293.52 -3157.75 0.82093
3177.16 -1580.54 0.000766232
