-1.48228e-05 6.80077e-05 -2.43332e-07
-7.91303e-06 1.23943e-05 -5.40667e-07
-0.118163 -0.0507323 -0.00480933
-0.0560779 0.144053 -0.000535511
0.108472 0.980765 0.00239194
-0.497561 1.54965 0.0285163
-1.16314 0.908597 -0.0281716
15.4105 -15.7279 0.218579
-0.314624 0.256404 -0.00436923
-0.198711 4.57492 0.187964
-1.70368 1.4818 -0.0481049
-2.62644 7.18482 0.0844244
3.64285 1.57428 0.256561
-3.15203 3.21164 -0.0107962
-0.675937 0.799389 -0.0513319
-3.87529 3.22645 -0.106068
-7.17751 17.078 0.0116272
0.00175176 -0.000121056 0.000126059
-6.33957 6.57934 2.94378
7.00441 5.65027 0.159889
1.75048 0.775566 0.178645
-0.000180831 -0.0005772 -0.000429473
-10.4701 -2.26357 2.33939
