4.59792e-05 1.97647e-05 -2.53892e-05
4.34218e-05 -1.26211e-05 -7.70033e-06
5.84994e-07 -7.68615e-06 3.39641e-05
0.050756 0.00360537 0.000136177
-0.0623607 0.0135922 -0.00419649
0.000268463 4.30787e-05 2.44113e-05
0.000157566 4.59469e-05 -1.81545e-05
0.00029347 9.15814e-05 -1.83596e-05
0.000339681 7.80437e-05 5.32733e-05
0.000162895 -9.81997e-05 3.78182e-05
-0.000247959 0.000265234 6.03893e-05
-0.000225888 0.000121369 -3.49009e-05
-0.000953665 -0.000401087 -1.45231e-05
0.00149143 -2.44098e-06 2.08841e-05
-0.000709726 -7.98136e-05 -2.09136e-05
-0.000201806 -2.72582e-05 -1.60089e-06
-5.74873e-05 -0.000113357 1.24037e-05
0.000643899 -0.000116214 -3.33027e-05
0.000408661 0.000591691 -8.07975e-05
0.000968408 0.000503915 7.36809e-05
-0.00159813 0.000582186 -2.3667e-06
0.00161011 -0.00118287 -4.9942e-05
-0.0389825 -0.0155255 -0.00147903
