-6.69587e-08 1.86139e-07 1.02127e-08
-8.25522e-08 -3.10937e-07 6.83645e-08
-6.04005e-08 1.90323e-07 6.99625e-08
0.000989274 -7.49061e-05 1.30975e-05
0.00193418 -0.000319991 -3.84765e-06
0.00278487 -0.000543039 -2.43198e-06
0.00364067 -0.000874787 -1.93673e-05
0.00445079 -0.00112715 -1.89767e-05
0.00529068 -0.00154411 -3.97654e-05
0.00611742 -0.0017785 -3.36702e-05
0.00702028 -0.00219153 -5.29962e-05
0.00794499 -0.00243783 -7.05124e-05
0.00887001 -0.00285828 -8.97081e-05
0.00989039 -0.00330758 -9.46377e-05
0.0109605 -0.0038596 -0.00011917
0.0121386 -0.00455674 -0.000142986
0.0132901 -0.00492417 -0.000149498
0.0145278 -0.00556806 -0.000161798
0.0158672 -0.00608154 -0.000195146
0.0172898 -0.00672675 -0.000219718
0.0188283 -0.00744811 -0.000240549
0.0204433 -0.00810679 -0.000231904
0.0221181 -0.00873116 -0.000236792
