9.51266e-07 -2.98035e-05 1.23042e-06
9.13326e-08 -3.03339e-05 -8.17086e-07
2.61141e-05 -1.91317e-06 -3.73252e-06
-0.0324907 -0.049291 9.02756e-05
0.0280508 -0.0106672 0.00120337
-0.0781872 -0.106929 0.00177335
-5.23358e-05 -0.000150154 -2.39395e-05
-0.00967502 -0.00702542 0.000359356
1.76004e-06 -0.000131797 2.022e-05
-0.00150827 2.6257e-05 -3.79897e-05
-0.00112559 0.000158647 8.15969e-05
-0.000324978 0.000242032 -1.15216e-05
-0.00061011 0.000307786 -8.87454e-06
-0.000792894 0.000337572 3.12575e-05
-0.000384297 -0.000236161 -1.88728e-05
-0.00132069 -0.000523887 1.89813e-05
0.000346841 -0.000517475 1.30852e-05
0.000281657 0.000615206 0.000103346
0.00242804 -0.000805464 6.71559e-05
0.000558781 3.35432e-05 -9.21693e-05
-0.00159014 0.000598346 4.44347e-05
-0.000721565 0.00120104 -0.000151284
2.75425e-05 0.000636643 -3.15846e-06
