87.1935 -941.728 -1.87782e-09
85.9812 -928.635 -9.33653e-11
86.447 -933.666 1.01475e-09
197.544 -2133.56 -4.9667e-08
200.233 -2162.61 -1.02013e-06
200.443 -2164.87 8.83908e-10
251.136 -2712.38 -6.9235e-09
251.343 -2714.62 -1.60805e-07
251.502 -2716.34 7.10941e-10
251.192 -2712.99 -1.98339e-06
251.188 -2712.94 3.75957e-07
251.192 -2712.99 -7.2153e-08
280.043 -3024.57 -2.67962e-06
319.384 -3449.46 -3.75607e-06
343.922 -3714.48 1.3916e-05
361.834 -3907.91 -4.61258e-06
379.157 -4095 1.34271e-05
401.741 -4338.9 -1.6821e-05
421.319 -4550.33 4.5899e-05
449.594 -4855.71 3.49382e-05
452.651 -4888.71 -2.00569e-05
465.573 -5028.29 -4.25074e-05
490.839 -5301.14 -9.5046e-05
508.862 -5495.81 4.00425e-05
522.52 -5643.26 6.5509e-05
542.61 -5860.25 2.77028e-05
561.492 -6064.17 -3.58935e-05
580.384 -6268.05 -4.32897e-05
601.747 -6498.88 0.000534986
621.43 -6711.47 -0.000184012
639.022 -6901.48 2.86925e-05
653.822 -7061.23 -3.75481e-05
