-7.01962e-08 1.80738e-07 1.40384e-08
-8.46866e-08 -3.36641e-07 4.8362e-08
-6.40518e-08 1.60768e-07 6.38383e-08
0.000989591 -8.26553e-05 2.17746e-05
0.00193489 -0.000321933 1.22655e-05
0.00278613 -0.000546658 1.83837e-05
0.00364247 -0.000872891 1.01681e-05
0.00445328 -0.00112688 1.70232e-05
0.00529385 -0.00153669 5.25397e-06
0.00612137 -0.00177543 1.87104e-05
0.00702488 -0.00218276 1.20199e-05
0.00795033 -0.00242416 7.07875e-06
0.00887642 -0.00283835 -2.25365e-06
0.00989757 -0.00328621 -3.84893e-06
0.0109685 -0.00382897 -2.14146e-05
0.0121474 -0.00451559 -4.51904e-05
0.0132998 -0.00488175 -4.45215e-05
0.0145386 -0.00552071 -5.45405e-05
0.0158789 -0.00602278 -7.3189e-05
0.0173024 -0.00665829 -9.26173e-05
0.018842 -0.00737046 -0.000113363
0.0204578 -0.00803397 -0.000100204
0.0221336 -0.00865794 -9.72614e-05
