4.08782 -0.801572 0.0199119
0.0115417 -0.00934195 7.80397e-05
-0.000558789 -0.0058558 -2.11592e-05
0.378587 -0.0106356 0.00168879
-0.00121693 -0.00936841 -2.44745e-05
-0.000199387 -0.00965376 -3.32187e-07
0.00175774 -0.011446 9.58301e-06
-0.000190235 -0.0115122 3.83502e-08
-0.000196608 -0.0115178 -1.06828e-08
-0.000198811 -0.0115235 -4.6172e-06
-0.000210866 -0.0115238 7.77308e-06
-0.000196016 -0.0115798 -5.67556e-06
-0.743078 0.0656552 -0.00270166
0.433119 0.053903 -0.0311239
0.506647 -0.184273 -0.0022191
-0.392021 -1.48963 -0.0370252
-0.00710045 -0.0132544 -3.41236e-06
-0.00788345 -0.014075 -1.18836e-05
-0.00854199 -0.0148159 1.61056e-05
-0.0110619 -0.0140405 3.77019e-05
-0.011464 -0.0181495 -1.70604e-05
-0.0129928 -0.0192751 2.60953e-06
-0.0150768 -0.0200251 3.02482e-05
-0.0158649 -0.0204212 1.32537e-05
-0.017949 -0.0196756 4.13309e-05
-0.0204337 -0.021099 3.85639e-05
-0.0235337 -0.0201694 -3.12327e-05
-0.0246424 -0.0226792 1.68031e-05
-0.0243738 -0.0228132 -4.27792e-05
-0.0273866 -0.0214094 2.23224e-05
-0.0319455 -0.0209258 2.50743e-05
-0.0348496 -0.0205558 -5.29148e-05
