3.69744e-08 3.00486e-07 -1.5686e-09
2.92657e-08 1.8029e-07 1.02766e-08
3.42307e-08 3.39105e-07 -8.12635e-09
0.00140998 -0.000272906 3.81405e-05
0.00275124 -0.000704807 6.0775e-05
0.00397657 -0.00110774 0.000100465
0.00522929 -0.0016549 0.000120852
0.00641083 -0.00210699 0.00016323
0.0076556 -0.0027238 0.000188738
0.00887764 -0.0031817 0.000244866
0.01023 -0.00387115 0.000278392
0.0116316 -0.00438288 0.000319132
0.0130206 -0.00498999 0.000366978
0.0144687 -0.00556406 0.000435405
0.015966 -0.00624856 0.000492605
0.0176657 -0.00697688 0.000556844
0.0193324 -0.00753642 0.000645266
0.0210567 -0.00824373 0.000733993
0.022999 -0.00896233 0.00081285
0.024997 -0.00970716 0.000904321
0.0271187 -0.0104041 0.000993825
0.0292434 -0.0111803 0.00111685
0.0314033 -0.011898 0.00123989
