1.77853e-06 5.71746e-05 5.77864e-06
2.58476e-06 0.000267351 3.26463e-05
2.57803e-06 0.000268308 3.28355e-05
5.13076e-06 0.000585993 7.67867e-05
5.02083e-06 0.000589333 7.55265e-05
4.95258e-06 0.000588481 7.53202e-05
6.0486e-06 0.000697055 9.00487e-05
5.54522e-06 0.000702406 9.01504e-05
5.53451e-06 0.000702422 9.01608e-05
5.44482e-06 0.000702565 9.01664e-05
5.43709e-06 0.000702098 9.01085e-05
5.44846e-06 0.000702491 9.01577e-05
0.000996926 0.000525605 0.000129714
0.00194456 0.000266472 0.000149975
0.00279907 -2.95058e-06 0.000175003
0.00365863 -0.000360553 0.000202081
0.00447347 -0.000670383 0.000233334
0.00531815 -0.00110486 0.000258857
0.00615024 -0.00142052 0.000298229
0.00705756 -0.0018839 0.0003395
0.00798742 -0.00218466 0.000381186
0.00891989 -0.00263442 0.000411608
0.00994565 -0.00310376 0.000429176
0.0110216 -0.0036489 0.000446706
0.0122053 -0.00428536 0.000436349
0.0133629 -0.00469993 0.000469104
0.0146086 -0.00533553 0.000478111
0.0159542 -0.0058752 0.000516154
0.0173831 -0.00649823 0.000525577
0.0189289 -0.00716717 0.00051699
0.0205498 -0.00789275 0.000548125
0.0222314 -0.00857011 0.000580499
