1.68676e-05 -8.96505e-05 1.73777e-05
1.74068e-05 -9.13327e-05 1.75142e-05
1.68298e-05 -9.16384e-05 1.76363e-05
5.15683e-05 -0.000235843 3.91677e-05
5.22943e-05 -0.000236132 3.89317e-05
5.25344e-05 -0.000236563 3.89154e-05
6.82576e-05 -0.000283302 4.6799e-05
6.84291e-05 -0.000283154 4.66215e-05
6.85221e-05 -0.000283419 4.66504e-05
6.86016e-05 -0.000283173 4.66439e-05
6.85807e-05 -0.000283287 4.66313e-05
6.86085e-05 -0.000283131 4.66482e-05
0.00145589 -0.000398092 2.89023e-07
0.00276525 -0.00073568 -4.68314e-05
0.00396565 -0.000954951 -9.75911e-05
0.00518068 -0.00139428 -0.000146854
0.00632557 -0.00167094 -0.000197527
0.00751209 -0.00220172 -0.000255123
0.00869379 -0.00245434 -0.000308909
0.00999301 -0.00302382 -0.000366742
0.0113354 -0.00341327 -0.000427626
0.012631 -0.00394551 -0.000500747
0.0139993 -0.00438281 -0.000563526
0.0153841 -0.00501682 -0.000642735
0.0169673 -0.00568815 -0.000725728
0.0185398 -0.00607567 -0.00080184
0.0201446 -0.00669599 -0.000876383
0.0219427 -0.00738149 -0.000979793
0.0238001 -0.00807094 -0.00106881
0.0257675 -0.00874908 -0.00116959
0.0277754 -0.00934542 -0.0012531
0.0297831 -0.00998107 -0.0013476
