-1.79424e-06 -7.7801e-05 -1.0222e-06
1.47187e-07 8.72483e-06 6.51744e-07
7.53707e-07 6.14452e-05 1.21727e-06
0.000109214 2.42628e-05 -4.35435e-06
-0.000150896 6.04124e-05 -2.47836e-06
-1.22564e-05 -3.08581e-05 3.4327e-06
-0.000280965 7.42388e-06 -1.14868e-05
-0.000148063 0.000159035 2.63664e-06
-7.96248e-05 5.4174e-05 -1.06849e-05
-0.0001366 -0.00129321 1.53411e-05
0.000978739 -0.000193567 -2.55753e-05
-0.000982249 0.000696806 -2.5962e-05
-0.000505322 -8.1962e-05 5.24109e-05
-0.000188823 -0.000607143 -4.44402e-05
-0.0122227 -0.0264414 -0.000947957
-7.57851 -7.49783 0.979683
2.00759 4.15798 0.266107
-2.68558 15.4381 -0.535986
-20.1558 -6.4215 0.39666
1.47367 -2.39494 -0.26977
-3.70328 -11.8506 2.36187
-2.55166 -4.36784 0.987981
-0.914486 -0.655437 0.0851901
