3.69854e-06 4.30346e-05 6.52927e-06
5.09351e-06 0.000172724 8.02894e-05
5.10272e-06 0.000173226 8.06407e-05
1.03596e-05 0.000367518 0.000183535
1.03949e-05 0.00037206 0.000183518
1.03382e-05 0.000371566 0.000183313
1.22156e-05 0.000438329 0.000218383
1.16718e-05 0.00044272 0.00021947
1.16695e-05 0.00044269 0.000219516
1.15674e-05 0.000442848 0.000219489
1.1564e-05 0.000442494 0.000219417
1.15694e-05 0.000442819 0.000219444
0.00100412 0.000212458 0.000239695
0.0019532 -8.6826e-05 0.000265603
0.00280976 -0.000402276 0.000294401
0.00367132 -0.000812984 0.000328693
0.00448867 -0.00117895 0.000362746
0.0053359 -0.00166494 0.000396697
0.00617085 -0.00204838 0.000436038
0.00708052 -0.00258879 0.000483497
0.0080131 -0.0029659 0.000529621
0.00894956 -0.0034747 0.000567295
0.00997824 -0.00398313 0.000596262
0.0110574 -0.00457215 0.000630323
0.0122442 -0.00520692 0.000640166
0.013405 -0.00568632 0.000683472
0.014655 -0.00635059 0.000709267
0.0160039 -0.00696375 0.000755252
0.0174362 -0.0076166 0.00078116
0.0189861 -0.00828514 0.000790605
0.0206101 -0.00906658 0.00082503
0.0222954 -0.00980248 0.000860463
