0.000302363 -0.000437678 7.67107e-07
0.00420395 -0.0100169 -3.58717e-05
0.00026528 -0.00416042 2.6676e-06
-0.367198 0.0115745 0.000147035
-0.0789798 -0.0541418 -0.000564622
0.000571155 -0.00791944 3.33726e-06
0.00161942 -0.0094951 6.11611e-06
0.000476159 -0.009536 7.16454e-09
0.00047553 -0.00953919 3.43334e-10
0.00247767 -0.00899183 6.73686e-07
0.00331215 -0.00877813 3.00762e-06
0.000478703 -0.00959057 5.42154e-06
0.474878 -0.0104271 0.00220747
-1.02737 -0.0419196 -0.00446928
-1.61473 0.16053 0.182989
0.428424 -0.145777 0.00989338
1.17583 0.00451635 0.00300811
-2.86204 0.0789111 0.256473
-4.43277 7.23911 0.0404538
1.04996 0.694088 -0.00844211
-3.70068 -2.90236 0.00929678
-4.17283 -6.44536 0.0348289
-0.357884 1.66928 -0.0376337
0.301408 -1.23863 0.0304703
-1.08123 5.36367 -0.123939
-0.0186142 -0.0212566 1.66884e-05
-0.0230825 -0.021617 3.14128e-05
-0.0252783 -0.0222475 -2.21773e-05
-0.0263379 -0.0219605 -2.66876e-05
-0.0292312 -0.0200359 1.68571e-05
-0.0235072 -0.0103348 -5.59851e-05
-0.0366481 -0.0185222 -2.02134e-05
