-1.72774e-06 5.66344e-05 1.01389e-05
-2.0304e-06 0.000233681 -5.44442e-05
-2.06669e-06 0.000234712 -5.45946e-05
-4.51409e-06 0.000514329 -0.000124354
-4.88265e-06 0.000513337 -0.000125342
-4.97093e-06 0.000512129 -0.000125316
-5.31993e-06 0.000607054 -0.000149128
-5.74502e-06 0.000610756 -0.000150149
-5.77119e-06 0.000610719 -0.000150191
-5.83814e-06 0.000610905 -0.000150181
-5.85374e-06 0.000610408 -0.000150123
-5.83159e-06 0.000610909 -0.000150121
0.000983503 0.000535813 -0.000137094
0.00192841 0.000290727 -0.000154039
0.0027791 6.76801e-05 -0.000152623
0.0036349 -0.000264068 -0.000169559
0.00444502 -0.000516431 -0.000169168
0.00528491 -0.000933396 -0.000189957
0.00611165 -0.00116779 -0.000183861
0.00701451 -0.00158081 -0.000203187
0.00793922 -0.00182711 -0.000220704
0.00886423 -0.00224756 -0.000239899
0.00988462 -0.00269686 -0.000244829
0.0109547 -0.00324888 -0.000269361
0.0121328 -0.00394602 -0.000293177
0.0132843 -0.00431345 -0.000299689
0.0145221 -0.00495734 -0.000311989
0.0158614 -0.00547083 -0.000345337
0.017284 -0.00611603 -0.000369909
0.0188225 -0.00683739 -0.00039074
0.0204376 -0.00749607 -0.000382095
0.0221123 -0.00812045 -0.000386983
