-2.77887e-05 -8.54534e-05 -1.22873e-05
-2.84952e-05 -8.79067e-05 -1.21258e-05
-2.87591e-05 -8.84163e-05 -1.20579e-05
-6.79489e-05 -0.00022205 -3.31024e-05
-6.75886e-05 -0.000220805 -3.23218e-05
-6.76614e-05 -0.000221016 -3.23875e-05
-8.55639e-05 -0.000264487 -3.86747e-05
-8.5313e-05 -0.000263954 -3.85519e-05
-8.5351e-05 -0.000264175 -3.85579e-05
-8.53595e-05 -0.000263879 -3.85771e-05
-8.53278e-05 -0.000264043 -3.85566e-05
-8.53788e-05 -0.00026382 -3.85845e-05
0.0012939 -0.000527161 -9.43635e-05
0.00258256 -0.0009181 -0.000152824
0.00379069 -0.00132571 -0.00020361
0.00500382 -0.00184347 -0.00025986
0.00617677 -0.00230768 -0.000308373
0.00738903 -0.00290255 -0.000361829
0.00861142 -0.00338833 -0.000408553
0.00992887 -0.00405944 -0.000469144
0.011293 -0.00455589 -0.000531918
0.0126678 -0.00517118 -0.000580024
0.0141313 -0.00579184 -0.000627288
0.015633 -0.00650315 -0.000668191
0.0173205 -0.00723908 -0.000695928
0.0190027 -0.00785574 -0.000741938
0.0207816 -0.0086568 -0.000791783
0.0227197 -0.00941249 -0.000855798
0.0247119 -0.0102065 -0.000958628
0.0268615 -0.010976 -0.00099315
0.0290318 -0.0118645 -0.00104728
0.031239 -0.0126997 -0.00110497
