5.41189e-06 4.04081e-05 2.92409e-06
-1.45028e-06 0.000173321 5.97478e-06
-4.33235e-07 5.75591e-05 1.01203e-06
0.000118136 6.82403e-05 8.33085e-07
-1.581e-05 -4.0184e-05 -9.10973e-06
-0.000106338 6.77382e-06 2.00034e-05
-5.92187e-05 0.000128686 1.80889e-06
0.000362085 6.20011e-05 -1.84195e-05
-0.000223215 6.90877e-05 -9.61816e-06
-0.000129727 0.000177631 -9.98234e-06
0.00103499 -0.00260192 4.4209e-06
-0.00054235 -0.000161382 2.28422e-05
-0.000449315 -0.000194649 2.89496e-06
-8.72474e-05 1.47147e-05 2.94177e-05
0.00064959 -0.000253754 -8.0199e-06
-0.000705697 -5.23406e-05 -3.71715e-05
-0.000326346 -0.000421503 1.98783e-05
0.000925736 -0.000400625 3.46206e-05
0.00141508 -0.000126247 4.06393e-05
-0.00092398 -0.000224144 -7.41076e-06
-0.00343258 0.000124115 3.35104e-05
0.00174597 -0.000481031 -2.16817e-05
-0.00149891 -0.000297505 3.89632e-06
