3.80358e-08 3.00643e-07 -2.03379e-09
2.98987e-08 1.81717e-07 9.56836e-09
3.5517e-08 3.38567e-07 -8.26402e-09
0.00140841 -0.000268717 4.01563e-05
0.00274866 -0.000698154 6.398e-05
0.00397234 -0.00109674 0.000105566
0.0052241 -0.00164164 0.000127984
0.00640388 -0.00208909 0.00017257
0.00764747 -0.00270311 0.000199983
0.00886723 -0.00315485 0.000258624
0.0102181 -0.00384063 0.000294235
0.011618 -0.00434786 0.000337626
0.0130051 -0.00494975 0.000387654
0.0144503 -0.00551639 0.000458045
0.0159452 -0.00619469 0.000517321
0.0176423 -0.00691601 0.000583813
0.0193054 -0.00746594 0.000674653
0.021026 -0.00816372 0.000764093
0.0229652 -0.00887379 0.00084416
0.0249595 -0.00960882 0.000935823
0.0270777 -0.0102962 0.0010254
0.0291975 -0.011059 0.00114952
0.0313527 -0.0117636 0.00127178
