2.33838e-05 -5.5888e-05 -6.08391e-06
2.49228e-05 -5.81374e-05 -5.27824e-06
2.49677e-05 -5.81333e-05 -5.3527e-06
6.13586e-05 -0.00016513 -1.38949e-05
6.13357e-05 -0.000165068 -1.47437e-05
6.12945e-05 -0.000165533 -1.49159e-05
7.45037e-05 -0.000200883 -1.87508e-05
7.44885e-05 -0.000200836 -1.88714e-05
7.44821e-05 -0.000201068 -1.88929e-05
7.45197e-05 -0.000200863 -1.90202e-05
7.44507e-05 -0.000200989 -1.89951e-05
7.45534e-05 -0.000200815 -1.90244e-05
0.00113142 -0.000373711 -0.00012334
0.00213052 -0.00076664 -0.000207742
0.00301407 -0.00104747 -0.000271206
0.00392175 -0.00154194 -0.000351905
0.00476097 -0.00187808 -0.000405527
0.00563796 -0.00247095 -0.000459155
0.00649761 -0.00278652 -0.000522305
0.00746064 -0.0034206 -0.000604601
0.00844613 -0.00388182 -0.000693745
0.00941535 -0.00448607 -0.000763032
0.0104502 -0.00498751 -0.000803677
0.0115322 -0.00569284 -0.000829331
0.0127323 -0.00644662 -0.000882729
0.0138883 -0.00691849 -0.000912794
0.0151507 -0.00760997 -0.00096172
0.016531 -0.00839581 -0.00102133
0.0179811 -0.0091709 -0.00107636
0.0195317 -0.00994315 -0.0011203
0.0211519 -0.0106279 -0.00115232
0.0228149 -0.0113511 -0.00115346
