7.77526e-08 2.59999e-07 -6.28715e-09
6.62885e-08 1.55388e-07 -1.29643e-08
8.09549e-08 2.98041e-07 -1.0271e-09
0.00141593 -9.0757e-05 -1.1526e-05
0.00275744 -0.000401326 -2.95172e-05
0.00399017 -0.000593447 -4.44467e-05
0.00524017 -0.00100334 -6.62641e-05
0.00641963 -0.00125085 -8.61145e-05
0.00764876 -0.00174544 -0.000116803
0.00886639 -0.0019676 -0.000136605
0.0102069 -0.00250214 -0.000163954
0.0115928 -0.00285375 -0.000194252
0.0129453 -0.0033364 -0.000240204
0.0143609 -0.00373384 -0.000274684
0.0158086 -0.00431352 -0.000326467
0.0174575 -0.00492725 -0.000381823
0.0190878 -0.00526463 -0.000424932
0.0207534 -0.00583284 -0.000477722
0.0226328 -0.00644631 -0.000545185
0.0245636 -0.00707183 -0.000609547
0.0266129 -0.00767799 -0.00068058
0.0286847 -0.00821795 -0.000728544
0.0307697 -0.00878548 -0.000799238
