0.0658859 -404.955 0.0101432
-0.044446 0.0104517 0.0033212
-0.000264785 -0.00187934 1.25891e-09
0.407535 0.0389824 -5.56532e-05
-0.000686833 -0.00394261 6.1948e-10
0.00175313 -0.00912594 0.000233725
0.26178 -0.381803 0.0169472
-0.000154834 -0.00566259 4.56875e-05
0.00444871 -0.00307289 0.000432193
-0.00084385 -0.00467312 2.55609e-05
0.00327835 -0.0106924 0.000280122
0.00500529 -0.013226 0.000352409
0.961783 0.260643 0.0088962
-0.00264106 -0.00301647 1.55943e-06
-0.00397295 -0.00282864 -2.44739e-05
-0.00483757 -0.00283183 1.80665e-05
-0.00584265 -0.00277354 1.84822e-05
-0.00680532 -0.00278773 -5.34199e-05
-0.00750156 -0.00249573 -3.78395e-05
-0.0082166 -0.00295739 -6.03066e-05
-0.00905339 -0.00307448 3.4897e-05
-0.00910079 -0.00272606 1.41231e-05
-0.0125918 -0.00326169 -2.07761e-05
-0.0113629 -0.00339417 1.95691e-05
-0.0131668 -0.00345567 3.57792e-07
-0.0142839 -0.00357495 -1.20662e-05
-0.0171718 -0.00369526 3.02562e-05
-0.0174151 -0.00464484 8.42137e-05
-0.0196322 -0.00482484 -7.62863e-05
-0.0175368 -0.00486677 3.0574e-06
-0.0233854 -0.00317138 4.56259e-05
-0.0860195 -0.0248268 -0.00301741
