-1.02774e-07 1.60366e-07 -2.93179e-08
-1.05858e-07 -1.86883e-07 -1.00791e-07
-1.00807e-07 1.35442e-07 -7.62589e-08
0.000992506 -0.000231935 1.85096e-05
0.00194165 -0.0005335 4.44322e-05
0.00279833 -0.000851485 7.32523e-05
0.00365999 -0.00126521 0.000107596
0.00447747 -0.00163417 0.000141525
0.00532484 -0.00212316 0.000175593
0.00615994 -0.00251004 0.00021458
0.00706973 -0.00305462 0.000261845
0.00800245 -0.00343578 0.000307665
0.00893912 -0.00394789 0.000345335
0.00996795 -0.0044589 0.000374884
0.0110473 -0.00505095 0.000409691
0.0122342 -0.00568664 0.000420844
0.0133952 -0.00616987 0.000464495
0.0146454 -0.00683645 0.000491272
0.0159945 -0.00745364 0.000537075
0.017427 -0.00810881 0.00056381
0.0189771 -0.00877824 0.000574422
0.0206013 -0.0095627 0.000608846
0.0222867 -0.0103017 0.000644106
