3.1372e-08 2.97562e-07 1.41216e-09
2.71279e-08 1.69354e-07 1.51144e-08
2.66673e-08 3.40839e-07 -6.51975e-09
0.00141902 -0.000292006 2.26325e-05
0.00276557 -0.000734089 3.15015e-05
0.00400087 -0.00115794 5.91976e-05
0.00525826 -0.00171359 6.70485e-05
0.0064503 -0.00218756 9.50983e-05
0.00770134 -0.00281608 0.000107899
0.00893723 -0.00330366 0.000146733
0.0102978 -0.00400933 0.00016558
0.0117088 -0.00454091 0.000188401
0.0131099 -0.00517284 0.000220169
0.0145759 -0.00578442 0.000271272
0.016088 -0.00649927 0.000311616
0.0178035 -0.00726099 0.000352547
0.0194925 -0.00786859 0.000416034
0.0212407 -0.00862661 0.000487634
0.0232037 -0.00938944 0.00054768
0.025227 -0.0101881 0.000625888
0.0273735 -0.0109379 0.000702858
0.0295306 -0.0117854 0.000804622
0.0317247 -0.0125779 0.000916094
