487.474 -114.682 2.04807e-08
518.56 -121.995 3.58469e-09
519.83 -122.294 -2.21377e-10
1098.31 -258.386 2.55375e-09
1111.6 -261.512 -2.56193e-09
1112.1 -261.63 1.19951e-09
1210.09 -284.682 -4.6017e-09
1211.29 -284.965 -1.58796e-07
1214.59 -285.741 -1.29489e-10
1213.47 -285.479 -6.469e-08
1213.37 -285.453 -8.25635e-08
1213.42 -285.467 -7.85189e-08
1346.34 -316.738 -2.69129e-06
1498.09 -352.437 -5.71577e-05
1637.22 -385.171 7.72145e-06
1803 -424.171 3.22425e-05
1968.96 -463.216 1.16168e-05
2179.48 -512.744 -9.6876e-06
2316.67 -545.016 3.71057e-05
2524.01 -593.798 3.51458e-05
2638.9 -620.825 -6.8661e-05
2785.77 -655.381 9.11641e-05
3129.06 -736.154 -0.000398372
3600.16 -846.976 -0.000371468
3419.42 -804.491 -0.000102515
3999.5 -940.932 -0.000252319
4229.43 -995.035 -0.00126858
4109.08 -966.668 -0.000315968
4943.08 -1162.9 5.61596e-05
4348.56 -1023.05 -0.000223442
4899.07 -1152.55 -6.59745e-05
4634.73 -1090.29 -0.000890856
