-0.000119758 0.000187052 1.16551e-05
4.29118e-05 3.06174e-06 2.44678e-05
-4.00386e-07 -6.32591e-06 -5.47735e-05
0.0522051 0.00233252 0.000161814
-0.0389229 -0.0506144 -0.00110899
0.000270549 -5.69307e-05 -1.77086e-05
-0.000150692 -0.000256431 -5.04292e-06
-0.000370046 -8.38757e-06 -4.53119e-06
0.000651596 0.000198441 1.41777e-05
0.000594221 0.000222811 1.18102e-07
-0.00628166 0.000456472 -3.12117e-05
-0.00127262 5.09276e-05 -1.42754e-05
-0.000126172 -4.03763e-05 8.66037e-06
0.000624907 -8.17179e-05 -9.95554e-06
0.000249492 -0.000145081 5.70901e-05
0.000759669 -0.000122753 2.25499e-05
-0.000700861 -0.000214071 3.88629e-05
-3.31416e-05 0.000650357 -6.99951e-06
-0.00176179 0.000484313 -5.43597e-05
-0.0011787 0.00042587 -4.18419e-06
-0.000163106 0.000428503 -8.13959e-05
-0.0183007 -0.0148297 -8.89018e-05
-0.0303617 0.0166892 0.00114649
