5.8164e-08 2.88013e-05 -7.94692e-06
-1.0083e-06 -7.82016e-06 -5.23457e-06
4.31074e-07 -6.32516e-05 -6.48872e-06
0.0945406 -0.00846047 -8.9418e-05
0.0109747 0.0500642 -5.33435e-05
0.146209 0.175557 0.000205725
-0.178361 0.0121798 -0.00764189
1.7369 0.304196 -0.00249691
-0.258744 0.37899 0.000406286
16.7365 -7.09535 -0.46756
-1.9316 0.898674 0.0706434
146.021 10.9953 -1.30718
22.8465 -18.8423 -1.19445
12.2973 -4.82007 -0.382488
-5.1655 1.16209 0.135442
0.123649 1.98639 0.000631705
1.9863 2.4311 -0.00179263
2.49875 -0.9073 -0.0681212
0.0786905 0.213909 0.000334101
0.274934 0.529205 -0.0024286
2.07568 8.31782 -0.0237771
-0.00888678 0.0531753 -0.00116088
-3.28076 0.863834 -0.0840143
