4.49265e-06 3.62997e-05 1.68728e-05
6.06907e-06 0.000114531 9.87575e-05
6.08444e-06 0.000114786 9.91674e-05
1.23873e-05 0.000234926 0.000224383
1.24804e-05 0.000239248 0.000225101
1.24282e-05 0.00023888 0.00022492
1.4608e-05 0.000280318 0.000267764
1.40488e-05 0.000283857 0.000269304
1.40498e-05 0.000283793 0.000269365
1.39429e-05 0.000283974 0.000269319
1.39413e-05 0.000283666 0.000269252
1.39443e-05 0.000283979 0.00026926
0.00100689 4.47492e-05 0.00027572
0.00195652 -0.000271274 0.000301055
0.00281387 -0.000605412 0.000329597
0.00367619 -0.00103838 0.000363513
0.00449452 -0.00142605 0.000396012
0.00534273 -0.00193424 0.000430058
0.00617878 -0.00234224 0.000465953
0.00708935 -0.00291279 0.000510758
0.00802297 -0.0033189 0.000553372
0.00896097 -0.003852 0.000590117
0.00999078 -0.00438065 0.000623351
0.0110712 -0.00499354 0.000662631
0.0122591 -0.00563797 0.000682742
0.0134212 -0.00614625 0.0007281
0.0146729 -0.00682969 0.000761388
0.0160231 -0.00747202 0.000804617
0.0174567 -0.00814367 0.000836542
0.0190081 -0.00882126 0.00085513
0.0206334 -0.00962499 0.000889141
0.0223201 -0.0103833 0.000922507
