3.22425e-08 2.9818e-07 1.2905e-09
2.73012e-08 1.71358e-07 1.46347e-08
2.79365e-08 3.40647e-07 -6.51304e-09
0.00141765 -0.0002896 2.55287e-05
0.00276353 -0.000730688 3.74336e-05
0.00399722 -0.00115167 6.71989e-05
0.005254 -0.00170649 7.70747e-05
0.00644437 -0.00217753 0.000107623
0.00769451 -0.00280472 0.000122666
0.00892817 -0.00328825 0.000164584
0.0102875 -0.00399194 0.000186109
0.0116971 -0.00452108 0.000212102
0.0130963 -0.00514971 0.00024681
0.0145593 -0.005756 0.000301516
0.016069 -0.00646667 0.000344946
0.0177821 -0.00722405 0.000390847
0.0194674 -0.00782501 0.000459425
0.0212116 -0.00857565 0.000534974
0.0231711 -0.00933221 0.0005995
0.0251899 -0.0101228 0.000681572
0.0273321 -0.0108646 0.000762152
0.0294836 -0.0117017 0.000869016
0.0316715 -0.0124826 0.000984499
