7.12955e-08 2.71261e-07 -4.19291e-09
6.1671e-08 1.69513e-07 -4.35516e-09
7.05e-08 3.02669e-07 1.22585e-09
0.00141215 -0.000100614 2.71455e-05
0.00275551 -0.000412682 4.54851e-05
0.00398546 -0.000613726 7.5409e-05
0.00524005 -0.00102122 9.12219e-05
0.00642181 -0.0012698 0.000112132
0.0076625 -0.00175147 0.000117079
0.00888189 -0.00197537 0.000138583
0.0102309 -0.00250175 0.000148808
0.0116268 -0.00284162 0.000155687
0.0130007 -0.00329577 0.000146469
0.014431 -0.0036763 0.00014658
0.0159053 -0.0042204 0.000128692
0.0175819 -0.00479595 0.000110257
0.019229 -0.00511244 0.000111544
0.0209227 -0.00564335 9.22665e-05
0.0228365 -0.0062082 6.53777e-05
0.0248015 -0.00678669 3.92688e-05
0.0268888 -0.00733923 6.51033e-06
0.0289828 -0.00784898 -2.04529e-06
0.0311042 -0.0083652 -3.17195e-05
