1.06929e-06 3.86202e-05 1.98253e-06
-3.68782e-05 -8.8214e-05 -1.89452e-06
9.04493e-06 4.98868e-05 2.81285e-08
-0.000268846 -0.00011 2.39848e-06
3.73353e-05 -4.70452e-05 3.5097e-06
0.000576868 -8.09421e-05 -1.29994e-05
-0.000775149 -0.000190023 4.82085e-06
0.000349314 9.4073e-05 -1.12645e-05
0.000161382 -4.87224e-05 1.60017e-05
-4.488e-05 -0.000110361 -4.80996e-05
0.000494613 0.000136329 -3.75202e-05
-0.000451332 5.99672e-05 2.12193e-05
0.00152361 -2.03327e-05 4.22371e-05
0.000385168 -0.000428519 9.38912e-05
0.00233103 0.000203496 -4.14111e-05
0.00255175 0.0025032 3.92042e-06
0.000896926 0.000100565 -2.77121e-05
0.000727891 0.000344874 3.58298e-05
0.00396042 -0.000270635 -1.98773e-05
-0.00119205 -0.00476916 -9.30761e-06
-0.000698891 0.000568224 -9.06887e-06
0.00282264 -0.000587384 -2.22368e-05
-0.000852107 0.000373177 2.96916e-05
