3.34064e-06 -3.58429e-06 3.76191e-07
2.78155e-05 1.1075e-06 1.7221e-06
-6.64721e-06 1.50752e-05 9.82398e-08
5.14499e-05 -5.05165e-06 -8.06014e-06
1.60221e-05 4.20961e-05 -8.26005e-06
-0.000121628 1.80034e-05 -2.0281e-05
-9.31089e-05 4.68468e-05 9.89284e-06
1.9892e-05 0.000102875 -2.68936e-05
-0.000165092 -0.000363857 7.91324e-06
0.000681406 -0.000188977 2.32815e-06
-0.000117181 4.27916e-05 3.69313e-05
-0.000225361 -0.000576148 -6.54366e-05
-0.000428414 0.000398835 1.79321e-05
-0.000426579 0.000126595 9.50401e-06
-0.000619241 0.000284726 -8.98433e-06
0.000674654 -0.000948891 9.55609e-05
-0.000998382 0.000135981 5.98057e-06
-0.00222299 0.000818391 -5.7742e-05
-0.000543038 -0.000973777 5.83059e-05
0.0191055 0.0238478 4.88856e-05
-0.00136507 0.000935322 0.000132895
0.000486455 0.00357161 0.000365553
-0.00229592 -0.00081966 2.77684e-05
