0.000198268 -0.0003445 3.21979e-07
-0.000860379 -0.00434524 -6.04739e-06
0.000180551 -0.0042416 -4.54193e-07
-0.43824 0.00588908 -0.00172782
0.00580152 -0.00676782 9.20924e-05
0.000352025 -0.00860986 4.68911e-07
0.00163384 -0.0101897 6.53889e-06
0.000388618 -0.0102282 6.57133e-09
0.000387831 -0.0102318 1.6247e-09
-0.000327949 -0.00898938 7.39409e-06
-0.00108119 -0.00823079 1.42082e-05
0.000390882 -0.0102956 4.26781e-06
-4.62885 1.66269 0.0146521
-0.0548542 -0.0154019 -0.00126704
-0.168212 3.57363 -0.0865581
1.31697 -0.0827732 0.00925253
1.39091 0.212872 0.00650196
0.123006 -0.33883 0.00895948
0.393772 0.279109 -0.00665966
25.3861 72.8859 1.84096
-2.53905 -5.31167 0.0289495
-2.30859 -7.48522 -0.181762
0.121813 0.230086 -0.000960833
-0.0149899 -0.0239282 -2.82214e-06
-0.0184655 -0.0225333 4.45678e-06
-0.0205228 -0.0225346 2.56436e-06
-0.0222291 -0.0220232 2.99165e-05
-0.0237887 -0.0236226 7.15096e-06
-0.0270294 -0.0233781 -4.05948e-06
-0.0276377 -0.0213642 -1.77273e-05
-0.027566 -0.0280967 -6.29399e-05
-0.0376477 -0.0190547 1.97334e-05
