4.96926e-06 4.76218e-05 -5.52289e-07
1.41654e-05 1.25283e-05 -8.70473e-07
-1.3136e-06 1.52359e-06 -2.18618e-06
-0.000161981 -9.46682e-05 1.64435e-05
0.000214025 3.119e-05 -3.82619e-06
0.000358232 2.49124e-05 3.07211e-06
-0.000173867 5.16781e-06 8.99553e-06
-0.000557737 4.77016e-05 1.19168e-05
-1.9371e-05 4.14796e-05 -1.99421e-05
0.000194792 -7.25325e-05 -2.8814e-05
0.00109177 0.00218868 -3.07294e-05
6.26123e-05 0.000216216 5.53921e-06
0.000413966 0.000169539 3.54045e-05
-3.85106e-05 -4.69233e-05 9.29393e-06
-0.000684818 -0.000313479 -9.92012e-06
0.000432121 0.000331198 3.44949e-05
-0.000635488 -4.02257e-05 1.16993e-05
-0.000179182 1.37549e-05 1.18222e-05
-0.000550157 0.000293284 -1.41994e-05
-0.000602191 0.000187284 5.22692e-05
0.00107349 -0.000304779 1.15525e-05
0.00260722 -4.73688e-05 3.16571e-05
-0.00167616 0.000141588 4.55085e-05
