23.5135 -147.74 1.10865e-07
24.4966 -148.667 4.23582e-08
24.1867 -149.279 2.39805e-09
41.6849 -198.271 -3.66091e-06
51.0144 -884.843 -7.90357e-07
44.951 -895.929 1.32177e-08
100.333 -1113.15 -1.94211e-06
37.9114 -913.93 -8.19439e-05
122.229 -1124.56 -1.56331e-07
122.166 -1121.35 -3.75567e-08
122.264 -1121.66 -9.89303e-08
122.101 -1121.16 -4.26769e-08
1253.26 -1615.44 4.31342e-06
2138.62 -2089.38 -3.4682e-07
3065.82 -2746.49 -2.29513e-06
3759.49 -3203.75 -5.42125e-06
4389.33 -3516.26 1.64897e-06
4942.46 -3821.94 0.000261316
5722.42 -4249.02 -2.54034e-05
6146.43 -4612.56 -4.77374e-06
6915.63 -4954 2.94853e-05
7412.22 -5372.03 3.29425e-05
8050.16 -5742.41 2.30308e-05
8697.89 -6251.71 -2.22496e-05
9513.44 -6711.54 -9.19512e-05
10165.9 -7228.7 4.32427e-05
10768.5 -7730.12 1.41596e-05
11569.2 -8280.78 3.72566e-05
12397.9 -8937.03 -2.05617e-05
13272 -9614.31 -4.55357e-05
14079.4 -10412.4 -1.26557e-05
14733.1 -11323.5 4.8057e-05
