0.000190444 0.000141412 2.23794e-06
0.000546999 0.000111404 1.06177e-05
0.0014245 0.000384596 8.3512e-06
-0.83933 -7.28539 -0.0702285
0.482352 -0.451895 -0.0240929
-1.9223 -0.856123 0.0782232
0.00549932 -0.00840161 0.000607936
0.0287141 -0.0052295 0.000795562
-0.000571075 -0.00173445 0.000196993
-43.6122 -19.1713 -1.78064
-7.40648 -3.29549 -0.301742
-8.75522 -4.00203 -0.352461
-1.2628 -0.57552 -0.0508294
0.000383942 0.00725269 -0.000133357
5.51423e-05 0.000939974 -0.00022517
-0.000480973 -0.00240514 0.000312091
-0.00172277 -0.0126977 0.000210565
-0.00033049 -0.00139789 2.54126e-05
-0.0198669 0.316956 -0.00784173
-0.000941402 -0.00877301 0.000252736
0.0342674 0.155464 0.00173446
0.00600083 -0.134204 0.0095076
-0.00507144 -0.00227669 0.00156337
