212.384 -87.9608 1.50931e-08
208.7 -86.4348 1.67205e-07
207.893 -86.1006 -9.58293e-09
701.464 30.3627 5.07745e-06
635.391 -263.145 0.000170082
649.966 -269.189 2.98471e-10
794.163 -328.91 -2.41639e-08
799.927 -331.297 -1.51202e-05
796.668 -329.947 -6.5255e-08
796.914 -330.049 3.54475e-06
796.812 -330.007 -3.40173e-06
796.992 -330.081 -5.25216e-06
1819.05 -1646.38 1.86796e-05
2697.99 -2507.74 1.43734e-06
3557.77 -3750.75 1.58699e-05
4124.55 -4923.02 1.31868e-05
4607.56 -6234.95 7.43137e-06
5085.44 -7398.12 5.72424e-06
5691.82 -8962.94 4.11986e-05
5672.63 -9892.26 -1.37002e-06
6419.69 -11278 5.72507e-05
6075.22 -12429.6 -1.2728e-05
6352.16 -14067 1.24512e-05
6386.44 -15401.5 6.54437e-06
6378.77 -17155.4 1.23976e-05
6235.37 -19251.7 -1.10736e-06
6087.16 -20953.5 -5.15543e-06
6051.8 -22813.3 -5.05312e-06
5956.53 -24681.8 -7.29663e-06
5686.31 -26884.2 -3.34839e-06
5105.33 -29024.8 1.18403e-05
4266.04 -31010.7 3.72954e-06
