6.96868e-06 2.17575e-05 -7.62048e-07
9.38598e-07 4.05942e-05 -8.52174e-07
-3.18083e-06 0.000185884 -9.4476e-07
-6.05069e-05 0.000509708 1.21157e-05
-0.000104786 -0.000197137 5.28038e-06
0.000469574 -0.000521486 -1.00263e-05
7.83216e-05 8.31347e-05 4.57116e-05
0.000620056 -0.000723666 -1.07296e-05
0.000731084 0.000246075 4.35995e-05
0.00439988 -0.00777067 -8.91684e-05
0.000355576 -0.00104756 -3.9477e-05
-0.00121674 -0.00163127 -7.67063e-05
0.00026815 -0.002894 -1.0749e-05
0.000660291 -0.000641878 -6.58191e-05
0.000444048 -0.000514132 -7.68816e-05
0.000145391 -0.00151856 2.26976e-05
0.00258001 -0.00111444 -0.000170231
-0.00122038 0.000179019 0.0001275
-0.00920176 -0.00425742 -0.000178125
0.000177511 0.00102571 -9.03728e-07
0.00131078 -0.000112777 1.51934e-05
-0.0020705 0.00625288 -2.09464e-05
-0.000804441 -0.00028367 -3.1039e-05
