-847.508 -2.13451 0.536358
-392.42 -0.00918035 -0.00046999
-388.775 -0.00510365 -0.00102426
-905.419 -0.00350553 0.000297198
-884.168 -0.00447437 0.00081554
-879.766 -0.00367972 7.1689e-05
-874.46 -0.00448831 4.89759e-05
-869.321 -0.00406647 0.00287039
-880.782 -0.00782058 -0.0208491
-881.623 -0.00217275 -0.00276219
-880.313 -0.00441236 -0.000260027
-882.209 -0.0118113 -0.00154998
-1846.15 1.39811 2.06862
-2501.09 1.261 -0.0542233
-3358.69 0.0164197 0.0211941
-4029.35 -0.122225 -0.0954894
-4652.15 -0.75568 -0.0825015
-4845.67 -0.826767 -0.80744
-5451.73 -26.3744 -0.6607
-6031.39 -0.0142797 -0.000191605
-6980.93 -0.0192616 1.4812e-05
-7277.37 -0.023765 -1.9925e-05
-8021.14 -0.0279908 -4.57473e-05
-8779.7 -0.0305715 -2.97826e-05
-9190.42 -0.0346716 -1.35762e-05
-9497.78 -0.0381192 2.28051e-05
-10394.6 -0.0403405 3.45243e-05
-10405.3 -0.0409479 -4.13721e-05
-10824.7 -0.0439872 4.77552e-05
-11115.3 -0.045058 2.36215e-05
-11525.4 -0.0478718 2.62701e-05
-11690.9 -0.0487273 -1.46352e-05
