-404.852 -167.673 1.42015e-07
-401.982 -166.484 -1.40045e-08
-401.914 -166.456 9.88251e-10
-322.899 -133.732 -3.40089e-07
-315.513 -130.672 1.31324e-09
-314.962 -130.444 4.00746e-12
-591.075 -244.799 5.55303e-09
-599.857 -248.436 4.6376e-06
-597.293 -247.374 -1.01479e-07
-597.995 -247.665 -2.37421e-07
-597.54 -247.476 7.89131e-08
-598.271 -247.779 1.58872e-06
848.653 351.477 -3.08832e-06
1779.41 736.959 -1.42356e-06
3081.31 1276.15 -1.14086e-06
3461.14 1433.46 6.301e-06
4222.33 1732.48 0.490101
4921.24 2035.88 0.264856
5870.43 2447.66 0.869301
6939.55 3075.76 -4.22051
8110.42 3348.51 0.179206
9805.14 4065.22 -0.215884
11150.4 4617.85 -0.0470442
12915.8 5346.42 0.00895213
14606 6049.24 -0.0187502
16789.1 6953.03 -0.0671045
18767.8 7772.56 -0.0130264
20548.9 8510.62 -0.0395212
22455.5 8747.94 0.000733589
25128.5 8216.31 -4.59659e-06
27395.1 7807.07 -9.36339e-05
29612.1 7323.29 -4.92483e-05
