1.48499e-07 2.88265e-07 -1.02744e-08
1.144e-07 1.02642e-07 -1.67791e-08
1.54308e-07 3.72828e-07 -9.53342e-09
0.00114251 -0.000184066 -8.37012e-05
0.00222189 -0.000571484 -0.000171038
0.00318172 -0.000861363 -0.000269188
0.00415757 -0.0013286 -0.000371774
0.00507209 -0.00169025 -0.000476666
0.00605266 -0.00226643 -0.000571472
0.00694434 -0.00243315 -0.00069575
0.00795299 -0.00327626 -0.000773383
0.00896526 -0.00350027 -0.000901791
0.00998379 -0.00420386 -0.000961806
0.0111538 -0.00476101 -0.00106796
0.0122711 -0.00538626 -0.00116496
0.0135345 -0.00592902 -0.00126933
0.0147937 -0.00659385 -0.00136918
0.0161392 -0.00729032 -0.00148388
0.0175349 -0.00794137 -0.00162272
0.0190113 -0.00861024 -0.00174406
0.0205341 -0.00930885 -0.00186042
0.0221674 -0.0101064 -0.001983
0.0237807 -0.0108912 -0.0020664
