2.56375e-05 -6.85451e-05 4.92013e-06
2.57808e-05 -6.91276e-05 4.9546e-06
2.56058e-05 -6.96372e-05 4.91254e-06
5.90164e-05 -0.000174227 8.41808e-06
5.9277e-05 -0.000173691 8.32985e-06
5.94341e-05 -0.000174334 8.25976e-06
7.24385e-05 -0.000210147 8.91286e-06
7.24979e-05 -0.000209816 8.99852e-06
7.25542e-05 -0.000210027 8.95487e-06
7.26782e-05 -0.000209726 8.96134e-06
7.2657e-05 -0.000209906 8.94955e-06
7.26819e-05 -0.000209644 8.96355e-06
0.00134779 -0.000383975 -5.76242e-05
0.00255517 -0.00076307 -0.000118947
0.00364469 -0.00104204 -0.00018419
0.00475218 -0.00150117 -0.000242556
0.00580186 -0.00185306 -0.000305358
0.00691254 -0.00242011 -0.000368129
0.00795411 -0.00257684 -0.000433159
0.00907364 -0.00341092 -0.00048889
0.010243 -0.0036258 -0.000555691
0.0113676 -0.00431865 -0.000616443
0.0126672 -0.00486951 -0.000673899
0.0139254 -0.00548453 -0.000745975
0.0153262 -0.00601951 -0.000813074
0.0167429 -0.00667163 -0.000890941
0.0182567 -0.0073538 -0.000976342
0.019855 -0.00798634 -0.00107051
0.0215369 -0.00863717 -0.00117491
0.0232584 -0.00931847 -0.00128273
0.0250843 -0.0101008 -0.00137959
0.0268768 -0.0108667 -0.00148732
