-2.51316e-05 -7.33368e-05 -5.0734e-06
-2.52457e-05 -7.34121e-05 -5.18528e-06
-2.52393e-05 -7.36017e-05 -5.18841e-06
-5.81485e-05 -0.000182887 -1.54506e-05
-5.84115e-05 -0.000182552 -1.55201e-05
-5.86043e-05 -0.000182863 -1.54553e-05
-7.21664e-05 -0.000220806 -1.82433e-05
-7.22794e-05 -0.0002204 -1.82674e-05
-7.23221e-05 -0.000220578 -1.82374e-05
-7.23623e-05 -0.000220366 -1.82492e-05
-7.23213e-05 -0.000220591 -1.82365e-05
-7.23926e-05 -0.000220251 -1.82544e-05
0.00124813 -0.000451761 -7.82992e-05
0.0024814 -0.000812701 -0.000145652
0.00363178 -0.00119302 -0.000209265
0.00477277 -0.00168798 -0.000278116
0.00588197 -0.00217086 -0.00034935
0.00705242 -0.00278018 -0.000434838
0.00817548 -0.00318511 -0.000529679
0.00942045 -0.00395528 -0.000610461
0.0106564 -0.00438848 -0.000682837
0.0119853 -0.00508647 -0.000765629
0.013407 -0.00573038 -0.000882459
0.0148532 -0.00637918 -0.000954136
0.0164313 -0.00701995 -0.00105531
0.0180542 -0.00770425 -0.00111343
0.0197991 -0.00839761 -0.00120804
0.0216502 -0.00909733 -0.00128409
0.023634 -0.00983838 -0.00137467
0.0256966 -0.0106157 -0.00144248
0.027886 -0.0114808 -0.00154926
0.0300991 -0.0122808 -0.00162425
