4.82646e-06 -1.64151e-05 -1.14098e-06
0.000129796 -2.49228e-05 -5.18836e-06
5.91927e-06 8.03168e-06 2.7981e-06
-0.000522677 -0.00100111 -8.74661e-08
0.000410236 -0.000370534 3.50109e-06
-0.00147684 1.92071e-06 -6.56105e-06
-0.000266649 -0.000184098 -5.62883e-06
-0.00104184 0.000203627 3.08914e-06
-0.000345895 2.4761e-06 -1.24604e-05
-0.00386332 -0.00153783 -8.29971e-06
-0.00122599 0.000257011 2.96536e-06
-0.00193547 -0.00378747 1.7818e-05
-0.00278986 0.000920999 -5.60363e-06
-0.000124351 -0.00114289 -1.04259e-05
-0.00259568 -0.000836728 4.45013e-06
-0.00387889 0.000572943 5.99693e-06
-0.00379395 -0.000986184 1.48516e-05
-0.00123839 8.38466e-06 -4.35745e-06
-0.00152275 0.000421737 -5.75128e-05
-0.00189666 -0.000489569 -5.21643e-05
0.00100226 -0.00443293 -9.48981e-05
-0.00228841 -0.00330351 8.33892e-05
-0.00353797 0.000505739 -1.64594e-05
