-1.37343e-06 6.08886e-05 1.02297e-06
-2.52952e-05 1.68979e-05 1.99107e-06
-1.60251e-05 -3.71177e-06 2.61647e-06
1.04823 0.357408 0.0168844
0.177628 0.119192 0.00310168
0.321727 0.107823 0.00570225
-0.0825503 -0.00235141 -0.00313446
36.0258 8.26513 1.58245
24.4731 20.2428 -6.7847
90.2931 -6.50731 -6.15222
-36.2478 30.6924 1.62049
-48.8803 26.7069 0.501884
-0.0483105 0.0836437 -0.00295278
2.72445e-05 -8.99053e-05 2.78267e-06
0.000303831 4.95435e-05 7.41701e-06
-0.000945777 -0.000133644 8.2772e-06
0.000173468 0.000632407 9.33373e-05
-0.000262417 -0.000609478 6.10653e-05
0.000427241 -0.000744964 -5.83014e-05
0.000756349 -0.00112126 -2.34752e-05
-0.00162795 -0.00029768 5.58044e-05
-1.33019e-05 0.00164222 0.000102229
0.00186578 0.000610004 0.00014453
