-1.40985e-05 -4.85983e-05 -6.1408e-07
-1.4397e-05 -4.86606e-05 -8.15504e-07
-1.43941e-05 -4.88374e-05 -8.30528e-07
-3.55874e-05 -0.000128162 -4.49088e-06
-3.55099e-05 -0.000127614 -4.58889e-06
-3.55479e-05 -0.00012785 -4.60186e-06
-4.40432e-05 -0.000156002 -7.03026e-06
-4.41605e-05 -0.00015552 -6.89648e-06
-4.41013e-05 -0.000155708 -6.83415e-06
-4.41744e-05 -0.0001555 -6.83995e-06
-4.41125e-05 -0.000155742 -6.826e-06
-4.42134e-05 -0.000155377 -6.84444e-06
0.00101063 -0.000363015 -0.000136576
0.00198936 -0.000694336 -0.000260288
0.00288397 -0.00104788 -0.000389927
0.00377207 -0.00150952 -0.000518887
0.00462576 -0.00195993 -0.00065315
0.00552315 -0.00253102 -0.000794867
0.00636416 -0.0028978 -0.000940578
0.00732613 -0.00362854 -0.00109107
0.00826096 -0.00402822 -0.00125995
0.00926862 -0.00467814 -0.0014294
0.010344 -0.0052786 -0.00160597
0.0114386 -0.0058884 -0.00179341
0.0126208 -0.00648381 -0.00199161
0.0138476 -0.00712756 -0.0021757
0.0151495 -0.00777357 -0.00238598
0.0165422 -0.00843089 -0.00259655
0.0180259 -0.00911811 -0.00282078
0.019568 -0.00984433 -0.00304958
0.0211728 -0.0106449 -0.00325625
0.0228592 -0.0113954 -0.00349841
