1.35113e-05 2.01708e-05 9.12919e-07
1.20446e-05 9.37748e-06 4.18175e-08
4.36707e-05 8.81501e-05 -3.46799e-06
-1.51908 -0.381576 -0.00129513
-0.159126 -0.219819 -0.0105429
-0.583901 0.625451 0.0388017
23.9377 56.0268 -1.00174
-1.56442 0.596617 -0.0278601
-16.9926 -1.09298 0.388665
17.7886 -104.09 -4.15423
52.6151 -98.6909 -0.0143007
123.996 152.259 6.77443
-125.993 614.992 -12.8338
277.916 516.077 6.1583
4.09551 -5.88127 -0.134365
-49.6506 -91.3952 -1.56469
10.0273 7.49975 0.493387
347.242 284.702 12.4167
89.7678 163.13 9.27248
236.131 343.367 0.57919
-168.32 -399.444 -1.96159
9.6136 63.1346 -0.36263
0.443546 1.04639 0.266988
