1.60487e-05 -5.18585e-05 -4.29079e-06
1.60345e-05 -5.25226e-05 -4.36447e-06
1.60947e-05 -5.28095e-05 -4.44149e-06
3.54675e-05 -0.000139048 -9.58561e-06
3.58846e-05 -0.000138616 -9.06675e-06
3.59181e-05 -0.000139018 -9.12278e-06
4.33296e-05 -0.000169199 -1.08859e-05
4.3367e-05 -0.000168814 -1.0974e-05
4.336e-05 -0.000169016 -1.09823e-05
4.35016e-05 -0.00016873 -1.10212e-05
4.34651e-05 -0.000168917 -1.10324e-05
4.35078e-05 -0.000168645 -1.10192e-05
0.00116148 -0.000352562 -9.90121e-05
0.00221477 -0.000739138 -0.000195514
0.00314508 -0.00102874 -0.000303308
0.00409071 -0.00149522 -0.000412317
0.00497438 -0.00185633 -0.000523055
0.00592684 -0.00243177 -0.000625341
0.00678224 -0.00259801 -0.000754158
0.00776792 -0.00344067 -0.000837962
0.00874239 -0.00366377 -0.000973669
0.0097432 -0.00436723 -0.00103875
0.010881 -0.00492331 -0.00115839
0.0119699 -0.00554793 -0.0012604
0.0132017 -0.00608946 -0.00137869
0.0144318 -0.00675372 -0.0014826
0.0157435 -0.00744961 -0.00160469
0.0171 -0.0081007 -0.00174075
0.0185422 -0.008769 -0.00185956
0.0200319 -0.00946699 -0.00197479
0.0216301 -0.0102638 -0.00209909
0.0232207 -0.0110481 -0.00217558
