1.52424e-05 -4.80249e-05 3.52636e-07
1.53178e-05 -4.86957e-05 7.06039e-07
1.53386e-05 -4.89376e-05 6.67303e-07
3.54955e-05 -0.000129993 7.23727e-06
3.59648e-05 -0.000129604 7.14359e-06
3.60074e-05 -0.000129967 7.21341e-06
4.39059e-05 -0.000158509 1.00075e-05
4.39072e-05 -0.000158102 9.98426e-06
4.38955e-05 -0.000158302 9.9726e-06
4.39962e-05 -0.000158022 9.86862e-06
4.39496e-05 -0.00015821 9.84463e-06
4.40045e-05 -0.000157936 9.8739e-06
0.00110623 -0.000341122 -0.000100459
0.00209782 -0.000726161 -0.000217996
0.00296546 -0.00101535 -0.000324973
0.00384697 -0.00148057 -0.000438221
0.00466735 -0.00184098 -0.000545427
0.00555752 -0.00241501 -0.000660348
0.00634275 -0.0025807 -0.000770815
0.00727613 -0.00342265 -0.000870631
0.00817307 -0.00364416 -0.00100181
0.00913085 -0.00434764 -0.00109005
0.0101929 -0.00490161 -0.00123504
0.0112213 -0.0055252 -0.00134366
0.0123768 -0.00606429 -0.00149277
0.0135443 -0.00672782 -0.00160873
0.0147825 -0.00742279 -0.00174299
0.0160659 -0.00807443 -0.00185918
0.0174416 -0.00874193 -0.00197297
0.0188661 -0.00943886 -0.00208579
0.0203918 -0.0102345 -0.00221567
0.0219402 -0.0110181 -0.00228887
