-592.557 473.661 -1.19362e-07
-598.85 468.205 5.42166e-07
-598.564 463.316 2.98028e-07
-1558.08 823.913 -4.63899e-09
-1583.98 806.782 -1.03001e-08
-1579.49 815.636 1.329e-10
-1885.19 1041.44 -4.97021e-08
-1877.87 1033.15 -1.06942e-05
-1885.62 1036.66 1.44155e-10
-1883.79 1038.07 -3.13107e-07
-1884.18 1038.82 6.57152e-07
-1883.56 1037.88 5.54358e-06
-3319.87 830.391 -3.31431e-06
-4409.97 406.957 -3.11132e-06
-5851.4 395.172 -1.46129e-05
-6806.19 -77.5905 2.6183e-06
-8036.64 -287.172 -2.36649e-05
-9067.59 -628.747 1.95708e-05
-10582.1 -866.529 1.77403e-05
-11654.9 -809.346 2.26006e-05
-13095.9 -1379.18 3.75539e-05
-14402.4 -951.707 9.7299e-07
-15820.8 -1241.68 -4.78062e-05
-17363.1 -1458.79 -3.1281e-05
-19130.2 -1458.27 -1.69331e-05
-20764.5 -1533.98 1.6396e-06
-22404.4 -1547.12 -6.91212e-06
-24493.7 -1090.95 -4.28956e-05
-26484.7 -1086.54 1.1686e-05
-28846.8 -866.874 -2.323e-05
-31214.6 -524.918 8.21762e-05
-33541.6 240.775 -0.000133772
