2.60151e-06 -0.000150991 -1.25859e-05
2.64609e-06 -0.00015134 -1.26223e-05
2.67087e-06 -0.000151588 -1.26446e-05
7.97969e-06 -0.000368398 -2.82504e-05
7.72902e-06 -0.000368769 -2.95047e-05
7.35745e-06 -0.000369306 -2.97085e-05
9.81787e-06 -0.000447126 -3.45722e-05
9.84943e-06 -0.000446935 -3.46786e-05
9.72932e-06 -0.000447174 -3.48884e-05
9.729e-06 -0.000446946 -3.48811e-05
9.73433e-06 -0.000447128 -3.48717e-05
9.71865e-06 -0.000446859 -3.48892e-05
0.00140211 -0.00068592 -4.17386e-06
0.00272876 -0.00109353 1.43852e-05
0.003942 -0.00146827 5.80119e-05
0.00517568 -0.00197037 0.000101981
0.00635728 -0.0024109 0.000180547
0.00761021 -0.00300659 0.000242827
0.00877679 -0.00330195 0.000342842
0.0100576 -0.00406475 0.000358972
0.0113464 -0.00440521 0.000449798
0.0126466 -0.00503825 0.000465369
0.0140918 -0.00561183 0.000516947
0.0155334 -0.00620266 0.000552798
0.0171138 -0.00675824 0.00061151
0.0187261 -0.0073831 0.000658349
0.020454 -0.00800167 0.000706314
0.0222839 -0.00860083 0.000772588
0.0242073 -0.0092121 0.000839723
0.0261966 -0.0098359 0.000910128
0.0283019 -0.0105321 0.000984211
0.0303961 -0.0111497 0.00104528
