1.73601e-06 -0.00013529 -1.6057e-05
1.70463e-06 -0.000135433 -1.61938e-05
1.72648e-06 -0.00013566 -1.62104e-05
3.48069e-06 -0.000323588 -4.50344e-05
3.1459e-06 -0.000323384 -4.50133e-05
2.77459e-06 -0.000323765 -4.50818e-05
4.03629e-06 -0.000392587 -5.63248e-05
4.00274e-06 -0.000392225 -5.6379e-05
3.88434e-06 -0.000392402 -5.63782e-05
3.87675e-06 -0.000392183 -5.6377e-05
3.88652e-06 -0.000392375 -5.63659e-05
3.8627e-06 -0.000392086 -5.63864e-05
0.00140328 -0.000657522 -4.13749e-05
0.00273257 -0.00107707 -3.89914e-05
0.00395743 -0.00148908 -1.54817e-05
0.00521198 -0.00204884 3.90177e-05
0.00642508 -0.00257612 0.000110026
0.00770246 -0.00323934 0.000163776
0.00891214 -0.00365251 0.000269122
0.0102022 -0.00443732 0.000294636
0.0115324 -0.00489118 0.000396837
0.0128415 -0.0055419 0.000427317
0.0143104 -0.00617696 0.000490201
0.0157651 -0.00679753 0.000522996
0.0173695 -0.00741424 0.000582688
0.0189958 -0.00807089 0.000607034
0.0207401 -0.00872784 0.000636555
0.022596 -0.00939193 0.000689549
0.0245461 -0.0100685 0.00074109
0.0265658 -0.0107655 0.000803992
0.0287053 -0.0115422 0.000873035
0.0308326 -0.0122333 0.000944384
