-1.53001e-06 5.96323e-05 -7.30315e-07
-1.41033e-06 0.000157108 1.76209e-05
-1.39762e-06 0.000157624 1.77224e-05
-4.64551e-06 0.000314351 3.55711e-05
-4.57194e-06 0.000322494 3.54783e-05
-4.52679e-06 0.000323292 3.55547e-05
-5.75124e-06 0.000394722 4.17455e-05
-5.68679e-06 0.00039134 4.15439e-05
-5.69044e-06 0.000391868 4.15184e-05
-5.74083e-06 0.000392022 4.1469e-05
-5.74017e-06 0.00039119 4.13972e-05
-5.74983e-06 0.000392846 4.16069e-05
0.000952001 0.000318265 6.70753e-05
0.00184617 0.000127568 8.46224e-05
0.00264583 -9.38856e-05 0.000106737
0.00344241 -0.000389215 0.000132807
0.00419752 -0.000676467 0.000160869
0.00499443 -0.00102707 0.000196902
0.00572754 -0.00120315 0.000215367
0.00657914 -0.00174892 0.000242089
0.00739064 -0.00190511 0.000273878
0.00826897 -0.00227557 0.00032439
0.00921122 -0.00256857 0.000377111
0.0101634 -0.00294576 0.000401843
0.0111896 -0.00321154 0.000471062
0.0122676 -0.00363793 0.00051095
0.0134053 -0.00404927 0.000543766
0.0146327 -0.00457687 0.000552589
0.0159367 -0.00506235 0.000583436
0.017295 -0.00558455 0.000616851
0.0187289 -0.00616735 0.000660044
0.0202343 -0.00676762 0.000680874
