-2.28016e-08 2.13893e-07 -6.15879e-09
1.25167e-09 2.05238e-09 7.44394e-09
-4.59669e-08 3.23089e-07 -1.25696e-08
0.00138549 -0.000262666 -2.76175e-05
0.00269259 -0.000664273 -6.23645e-05
0.00391077 -0.00108097 -9.06075e-05
0.00514847 -0.00163538 -0.000161635
0.00636766 -0.00218523 -0.000220489
0.00764372 -0.00285858 -0.000272871
0.00889062 -0.00333664 -0.000320338
0.010192 -0.00414034 -0.000333348
0.0115482 -0.00464603 -0.00039269
0.0129035 -0.00535655 -0.000366671
0.0144115 -0.00604982 -0.000378719
0.0159092 -0.00672641 -0.00036282
0.0175561 -0.00740478 -0.000367167
0.0192259 -0.00811502 -0.000345698
0.021021 -0.00883419 -0.000317692
0.0229244 -0.00956223 -0.000307826
0.0249344 -0.0103147 -0.000277499
0.0270299 -0.0111077 -0.000242721
0.0292573 -0.0119905 -0.000182602
0.0314751 -0.0127893 -0.000121916
