1.12819e-06 -3.06745e-05 -7.57979e-08
1.17521e-05 8.46098e-07 9.32556e-06
3.26722e-05 3.7823e-05 -8.11642e-06
-0.0294185 4.98178 0.0115955
-0.219041 0.473756 -0.000693811
-1.58091 5.14986 0.00431348
0.0171556 6.11644 0.22861
2.14988 2.84708 -0.22368
0.0160818 -0.00192307 -0.00091397
2.12451 -1.56461 0.0291995
0.309888 0.217794 -0.0111464
-1.54178 -5.64356 -0.031282
-0.0739761 -0.0537567 -0.00180228
-0.904258 -1.25379 -0.0100937
-16.2195 -1.82631 0.0641016
23.4709 -12.1882 -0.0714062
0.329354 0.495037 -0.000125027
-0.0898512 -0.234778 -0.00475491
0.00062313 -0.000734599 7.97602e-06
0.0289788 0.00239811 0.000497999
0.0230222 -0.0211721 0.000114556
-0.00542052 -0.00296469 0.000114893
-0.000581581 0.00053267 1.50543e-05
