6.49204e-07 -0.000156697 -1.82876e-06
6.89724e-07 -0.000157012 -1.97511e-06
7.14664e-07 -0.000157287 -2.01018e-06
2.48744e-06 -0.00038055 -1.52624e-06
2.45018e-06 -0.000383122 -4.18364e-06
2.08116e-06 -0.000383973 -4.73069e-06
3.53657e-06 -0.000463937 -4.36316e-06
3.53155e-06 -0.000463366 -3.71405e-06
3.46435e-06 -0.000464144 -4.37514e-06
3.47077e-06 -0.000463907 -4.36498e-06
3.47439e-06 -0.000464081 -4.35795e-06
3.46175e-06 -0.000463826 -4.37135e-06
0.0013917 -0.000672234 3.18014e-05
0.00271528 -0.00105804 6.06004e-05
0.00392209 -0.00138798 0.0001148
0.00514967 -0.00185198 0.000157263
0.00632123 -0.0022316 0.000216075
0.0075661 -0.00277921 0.000260461
0.00872043 -0.00300037 0.000328983
0.00999674 -0.00374426 0.000352625
0.0112746 -0.00401924 0.000414244
0.0125686 -0.00462765 0.000447009
0.0140056 -0.00515853 0.000489715
0.0154391 -0.00571249 0.000530021
0.0170093 -0.0062164 0.000582622
0.0186119 -0.00679815 0.000625522
0.0203305 -0.00737616 0.000663055
0.0221491 -0.00792165 0.000712645
0.0240608 -0.0084803 0.000759067
0.0260378 -0.0090509 0.000804287
0.0281296 -0.00969375 0.000846853
0.0302117 -0.0102725 0.000871619
