129.809 298.996 -1.24885e-06
108.369 185.24 -1.50742e-09
108.904 185.736 1.67503e-09
250.826 452.084 -1.3006e-06
131.92 386.618 1.64627e-08
134.917 383.85 1.99527e-09
241.858 368.027 -1.6088e-07
248.232 382.41 4.04878e-09
248.059 383.766 -1.61815e-06
247.852 382.795 1.72268e-06
247.319 383.51 2.5767e-07
248.171 382.406 -2.77245e-08
73.6944 -859.425 0.000303641
-0.000876605 -2745.43 -3.97213e-05
0.00159395 -3810.79 0.000281119
-78.3011 -4431.5 0.000174399
0.000473618 -5832.9 -3.06438e-05
200.16 -6313.7 -4.87534e-05
127.325 -7480.21 0.000158726
236.686 -9939.02 8.85982e-05
31.3827 -9688.42 -0.00057921
1116.67 -11276.8 -3.16069e-05
-0.00385301 -9942.27 -0.000148128
-0.00746947 -9822.79 -0.000223783
-0.00515614 -9319.77 -0.00139348
-0.00270463 -10998.4 -4.82253e-05
-2678.31 -12594.4 0.00105159
0.0132093 -14299.7 -0.00436268
26.4662 -18186.8 1.07488
18.6298 -12174 0.757938
-3298.05 -16825.8 -1.05712
-0.0186317 -16702.2 -0.00110141
