8.36092e-09 2.39201e-07 1.08975e-08
1.17627e-08 6.67838e-08 1.71887e-08
-5.22497e-10 3.18294e-07 4.98785e-09
0.00138785 -0.000199732 3.69266e-05
0.00271106 -0.000578782 6.71908e-05
0.00391731 -0.000896169 0.000122686
0.00514435 -0.00135046 0.000165067
0.00631514 -0.00171701 0.000220709
0.00755938 -0.00225494 0.00026099
0.00871283 -0.00246094 0.000325417
0.00998841 -0.00319965 0.000347
0.0112655 -0.00346089 0.000405638
0.0125584 -0.00406207 0.000435922
0.0139946 -0.0045836 0.00047499
0.0154269 -0.00512874 0.00051175
0.0169961 -0.00562115 0.000559835
0.0185974 -0.00619374 0.000597012
0.0203148 -0.00676392 0.000628089
0.0221322 -0.00729889 0.000670598
0.0240424 -0.00784783 0.000709261
0.0260178 -0.00840908 0.000746109
0.0281079 -0.00904337 0.000778631
0.0301882 -0.00961766 0.000793551
