78.4713 -453.776 -5.59462e-08
74.9967 -458.5 -1.8318e-07
75.4741 -458.714 -9.58275e-07
-82.2372 -1339.82 2.29205e-08
-79.4364 -1353.76 1.30887e-05
-98.4986 -1304.18 1.62743e-10
-129.935 -1897.67 -2.24548e-08
-127.662 -1914.56 5.3242e-05
-129.148 -1924.07 -1.21997e-07
-127.645 -1922.01 1.20176e-06
-128.278 -1921.6 7.01136e-07
-127.548 -1921.95 -2.80379e-06
-930.752 -3042.02 4.1368e-06
-1518.63 -4091.41 -1.75295e-07
-2392.34 -5046.93 -5.89491e-06
-3011.07 -6012.98 3.14291e-06
-3896.29 -6918.65 -1.51832e-05
-4557.27 -7838.15 9.37218e-06
-5522.57 -8999.59 -1.84137e-06
-6411.95 -9476.3 6.68356e-07
-7198.85 -10878.1 -3.3707e-06
-8393.11 -11313.7 -3.85549e-06
-9165.71 -12437.8 9.92613e-06
-10258.2 -13344.6 -1.01212e-05
-11568.9 -14275.5 -4.17013e-05
-12839.5 -15213.7 -3.65281e-05
-14024.7 -16157.2 4.23415e-07
-15516.7 -16994.6 3.82182e-05
-17082.2 -18068.4 5.02334e-05
-18758.9 -19296.3 0.000116664
-20733.5 -20237 -8.89694e-05
-22722.6 -20869.3 1.13127e-08
