1.72442e-06 4.94197e-05 -1.39204e-06
1.71758e-06 0.000162574 -1.20037e-05
1.73148e-06 0.000163175 -1.20127e-05
3.98189e-06 0.000321486 -2.81906e-05
4.01561e-06 0.000328425 -2.93632e-05
4.08394e-06 0.000329202 -2.9464e-05
5.12151e-06 0.000398685 -3.76307e-05
5.18429e-06 0.000395566 -3.71609e-05
5.16469e-06 0.000395906 -3.73261e-05
5.14129e-06 0.000395989 -3.73502e-05
5.10501e-06 0.000395109 -3.73263e-05
5.14937e-06 0.000396804 -3.75293e-05
0.000961539 0.00034968 -3.31639e-05
0.00185496 0.000168006 -4.16717e-05
0.00265153 -2.93056e-05 -3.71107e-05
0.00344542 -0.000302213 -3.91145e-05
0.00419598 -0.000558121 -3.24693e-05
0.00498916 -0.000876698 -3.43453e-05
0.00571798 -0.00103532 -3.1357e-05
0.00656405 -0.00156551 -4.32631e-05
0.00737212 -0.00168909 -3.81341e-05
0.00824334 -0.00201218 -3.95643e-05
0.00917956 -0.0022517 -3.50979e-05
0.0101244 -0.00261782 -4.85333e-05
0.0111441 -0.00280365 -3.23176e-05
0.0122137 -0.00319132 -3.14046e-05
0.0133439 -0.00357954 -4.01593e-05
0.0145632 -0.00410899 -5.07909e-05
0.0158585 -0.00456605 -5.08935e-05
0.0172064 -0.00505516 -4.84244e-05
0.0186312 -0.00559112 -4.17775e-05
0.0201266 -0.00617684 -4.72766e-05
