-3.32863e-06 1.09042e-05 4.58224e-06
-4.74023e-05 3.29528e-05 9.33788e-07
-2.8365e-05 2.05654e-06 2.29684e-06
3.89125 1.11436 0.0342866
0.449664 0.15619 0.00630883
2.14506 0.733106 0.0159351
1.06517 -2.38161 -0.0771795
-0.382342 -0.581413 -0.0054599
-2.2268 -0.601457 0.101434
-34.1913 30.4502 0.34309
-19.3966 -25.5353 -1.65449
-0.291203 51.0229 -1.53548
8.36856 -6.007 0.399919
-0.923708 -0.18958 0.0639294
10.2991 7.19057 -1.0321
-0.0138501 -0.0133821 -0.000179624
0.000794647 0.00163789 0.000294171
0.00167862 -0.000769494 -4.22388e-05
0.00188869 -0.000247064 -3.1765e-05
0.00214741 0.00126153 3.31897e-06
-0.000504919 -0.000321953 -2.86271e-05
0.00216174 0.00120018 -0.000168191
0.00352767 0.000435322 1.90358e-05
