-92.9605 -56.5368 -1.42337e-06
-166.212 203.393 6.4574e-05
-167.573 129.463 2.96463e-10
-124.765 2107.05 -5.32626e-07
-33.1602 4538.52 -5.06569e-07
-38.4173 4562.7 -1.76126e-09
-274.479 3641.59 -2.90058e-08
-272.482 3685.4 -1.39043e-09
-272.456 3685.97 -1.73169e-09
-271.559 3686.07 -8.5391e-07
-271.349 3686.78 1.39172e-06
-271.658 3685.62 -6.52869e-07
-588.598 4542.41 2.47031e-06
180.733 6403.56 0.000635757
0.0181997 7566.51 -0.0008658
0.00108066 9226.51 -2.19687e-05
0.00266758 10410.4 -0.000101772
0.00102137 11287.2 -2.76339e-05
-0.00141504 13664.3 6.61133e-05
0.000279202 14513.1 -0.000388392
0.0263892 16953.8 -0.000702702
0.00501872 19006.6 -0.000211581
0.00141864 18018.6 -0.000608269
0.000818018 20012.4 -0.000254293
0.00238322 21512.7 -0.000427416
0.00696034 22409.9 9.39084e-05
0.00240219 23504.4 9.75911e-05
0.0207006 22542.5 -0.00445316
-0.0110636 22991.4 0.000122238
0.0440152 22648.3 -0.00665051
0.0017451 23436.7 -2.62368e-05
-0.00720502 22451.2 0.000500992
