8.66672e-08 2.98935e-07 2.14985e-08
8.25826e-08 1.28805e-07 1.36412e-08
8.66128e-08 3.79694e-07 2.60403e-08
0.00136395 -0.000139831 -4.08095e-05
0.00265316 -0.000487099 -8.11933e-05
0.00383142 -0.000730592 -0.000124041
0.0050181 -0.00115893 -0.000162677
0.00615112 -0.00147837 -0.000201847
0.00734637 -0.00201182 -0.000242618
0.00847271 -0.0021375 -0.000278743
0.00967417 -0.00293651 -0.000323626
0.0109269 -0.00312249 -0.000356769
0.0121404 -0.00377684 -0.000405345
0.0135244 -0.00429606 -0.000446039
0.0148812 -0.00487245 -0.00049469
0.016381 -0.00536862 -0.000545947
0.0179021 -0.00597963 -0.000597222
0.0195287 -0.00661586 -0.000653276
0.0212555 -0.0071947 -0.000716387
0.023072 -0.00779161 -0.000778596
0.024941 -0.00841299 -0.000849477
0.0269092 -0.00913653 -0.000924275
0.0288559 -0.00983617 -0.00100373
