1.23072e-07 3.01661e-07 6.75569e-09
1.02975e-07 1.22278e-07 -5.31883e-09
1.26476e-07 3.84345e-07 8.89442e-09
0.00128216 -0.000172236 -6.52129e-05
0.00249592 -0.000549789 -0.000125025
0.00359223 -0.000827005 -0.000189328
0.0047058 -0.00128468 -0.000246552
0.00576201 -0.00163493 -0.000308139
0.00687922 -0.00220035 -0.000369782
0.00792758 -0.00235546 -0.000433566
0.00905292 -0.00318799 -0.000488957
0.0102293 -0.00340128 -0.000553809
0.0113601 -0.0040924 -0.000614224
0.0126658 -0.00464189 -0.00067114
0.0139315 -0.00525505 -0.000742294
0.0153394 -0.00578834 -0.000808822
0.0167641 -0.00643844 -0.000884902
0.0182868 -0.00711831 -0.000968284
0.0198949 -0.0077482 -0.00106109
0.0215875 -0.0083962 -0.00116317
0.0233203 -0.00907458 -0.00126977
0.0251563 -0.00985429 -0.00136605
0.02696 -0.0106171 -0.0014734
