2.54201e-06 -0.000143355 -1.25926e-05
2.54742e-06 -0.000143581 -1.28075e-05
2.57113e-06 -0.000143818 -1.28256e-05
7.52169e-06 -0.000348312 -3.8903e-05
7.18674e-06 -0.000348224 -3.93526e-05
6.81324e-06 -0.000348665 -3.94772e-05
9.21337e-06 -0.00042294 -4.70483e-05
9.21026e-06 -0.000422644 -4.72448e-05
9.08474e-06 -0.000422829 -4.72701e-05
9.08079e-06 -0.000422606 -4.72652e-05
9.088e-06 -0.000422793 -4.72548e-05
9.0689e-06 -0.000422514 -4.72742e-05
0.00140521 -0.000676999 -2.30153e-05
0.0027338 -0.00109278 -1.23674e-05
0.00395294 -0.00148911 2.20643e-05
0.0051947 -0.00201835 7.84071e-05
0.00639006 -0.00250414 0.000162303
0.00765377 -0.00313533 0.00022776
0.00883835 -0.00348991 0.000341418
0.0101227 -0.00426222 0.000361957
0.0114286 -0.00465899 0.000472963
0.012732 -0.00529837 0.000487468
0.0141868 -0.00590148 0.000545331
0.0156345 -0.00650777 0.000570129
0.0172251 -0.00709424 0.00062644
0.0188451 -0.00773917 0.000653255
0.0205815 -0.00838068 0.000688863
0.0224236 -0.00901515 0.000751161
0.0243595 -0.00966227 0.000814531
0.0263626 -0.0103248 0.0008856
0.0284833 -0.0110629 0.000964695
0.0305916 -0.0117167 0.00103752
