-0.00748518 8584.32 0.0383208
-0.00538313 8279.05 0.000152286
3.18955e-06 8298.26 -2.0042e-07
-0.167834 14166 -0.0813374
0.527694 11935.1 0.0552464
4.62941e-05 11950.9 -8.14944e-08
0.000527554 13386 -0.00015681
5.28972e-05 13397.6 -1.1205e-09
-0.000103352 13400 -2.26621e-06
4.95628e-05 13392.3 -1.92706e-06
5.43888e-05 13381.6 -0.260095
5.57456e-05 13382.2 -0.238386
1.38778 13653.1 -0.0753479
0.000870805 13302.8 0.0639576
50.2877 12991.1 -2.85675
6.99589 13314.4 0.647317
-97.5509 13313.3 -0.333764
0.00654448 15098.3 4.22361e-06
-0.00847352 13396.4 -0.00464591
0.0113601 20275.2 0.00114534
0.00641981 24215.6 0.0120106
0.00531272 27060.4 -0.000132749
0.00755483 30771.4 0.000101661
0.00816418 33187.4 -0.000147644
-0.00554451 34658.6 2.28511e-05
65.8573 36794.9 -25.0743
114.679 40001.7 3.03681
0.0127956 41046 -0.000206748
0.0157564 46357.6 4.75991e-05
0.00885888 46232.4 -0.00118645
-0.279148 47603.2 0.00482737
-0.0438815 46526.1 0.00102834
