8.70907e-06 -0.000107116 2.09984e-05
8.66199e-06 -0.000107726 2.08537e-05
8.62363e-06 -0.000108166 2.08079e-05
1.94416e-05 -0.000261697 5.05698e-05
1.97184e-05 -0.000261432 5.12263e-05
1.9854e-05 -0.000262511 5.14291e-05
2.60018e-05 -0.000313784 6.07885e-05
2.59731e-05 -0.000313472 6.07419e-05
2.59905e-05 -0.000313819 6.08215e-05
2.60534e-05 -0.00031353 6.08479e-05
2.60535e-05 -0.000313697 6.08446e-05
2.60486e-05 -0.000313453 6.08544e-05
0.00141643 -0.000437267 4.36078e-05
0.00273376 -0.000765176 1.91643e-05
0.00394126 -0.000988991 -4.74277e-06
0.00515585 -0.00139784 -3.14605e-05
0.0063169 -0.00169845 -5.70387e-05
0.00754141 -0.00221115 -8.60647e-05
0.00869245 -0.0023226 -0.00010495
0.00992705 -0.00309608 -0.000142179
0.0112014 -0.00327118 -0.000155345
0.0124507 -0.00389841 -0.000194532
0.0138627 -0.00440004 -0.00021786
0.015255 -0.00495188 -0.000253211
0.0167913 -0.00542361 -0.000286419
0.0183495 -0.00600924 -0.000322197
0.0200165 -0.00661644 -0.000362952
0.0217874 -0.00716393 -0.00040508
0.0236482 -0.00773061 -0.000446968
0.0255672 -0.00831729 -0.000494755
0.0275896 -0.00900211 -0.00054928
0.0295932 -0.00965957 -0.000608198
