-6.04771e-06 3.76357e-05 -4.1011e-07
-2.81513e-05 5.86945e-05 1.51693e-06
-5.79179e-05 0.000196114 4.23915e-07
-0.93152 -1.81017 -0.00929232
1.65514 8.87866 0.467375
-7.86928 -31.4045 -1.48698
-0.145759 0.278765 0.0443866
-0.000905929 7.73056e-06 2.92239e-05
0.000743051 -8.573e-05 1.19807e-05
-8.31317e-05 -0.00151011 8.43393e-05
-0.000522386 0.000426978 8.14265e-06
0.00904508 0.0227672 0.000186593
0.0159022 -0.0385596 0.00172145
-0.0141047 0.0298682 -0.00013405
0.0369066 0.0354501 -0.00142896
0.0049331 -0.00941993 7.28127e-05
0.00706116 -0.0021514 -0.000145103
-0.12281 0.10791 0.00507002
-0.000500483 0.00712919 0.000430339
0.0357454 -0.0202541 0.000621533
0.00240687 0.00292652 -2.90873e-05
-0.180384 -0.163666 0.00338077
0.0582661 0.0372211 -0.00411879
